<?xml version="1.0" encoding="UTF-8"?>
<testsuites name="New Test Suite (1)" time="1721.785" tests="22" failures="0" errors="0">
   <testsuite name="New Test Suite (1)" tests="22" failures="0" errors="0" time="1721.785" skipped="0" timestamp="05-11-2024T12:08:16" hostname="AnusmitaKundu - PSDLAP361" id="Test Suites/Threads/New Test Suite (1)">
      <properties>
         <property name="deviceName" value=""/>
         <property name="devicePlatform"/>
         <property name="logFolder" value="C:\\Users\\AnusmitaKundu\\git\\threadShopify\\ThreadShopify\\Reports\\20241105_120811\\Threads\\New Test Suite (1)\\20241105_120811"/>
         <property name="logFiles" value="C:\\Users\\AnusmitaKundu\\git\\threadShopify\\ThreadShopify\\Reports\\20241105_120811\\Threads\\New Test Suite (1)\\20241105_120811\\execution0.log"/>
         <property name="attachments" value="C:\\Users\\AnusmitaKundu\\git\\threadShopify\\ThreadShopify\\Reports\\20241105_120811\\Threads\\New Test Suite (1)\\20241105_120811\\screenshots/regestration_20241105120817/enter_password.png, C:\\Users\\AnusmitaKundu\\git\\threadShopify\\ThreadShopify\\Reports\\20241105_120811\\Threads\\New Test Suite (1)\\20241105_120811\\screenshots/regestration_20241105120817/home_page.png, C:\\Users\\AnusmitaKundu\\git\\threadShopify\\ThreadShopify\\Reports\\20241105_120811\\Threads\\New Test Suite (1)\\20241105_120811\\screenshots/regestration_20241105120817/create_account_page.png, C:\\Users\\AnusmitaKundu\\git\\threadShopify\\ThreadShopify\\Reports\\20241105_120811\\Threads\\New Test Suite (1)\\20241105_120811\\screenshots/regestration_20241105120817/account_page.png, C:\\Users\\AnusmitaKundu\\git\\threadShopify\\ThreadShopify\\Reports\\20241105_120811\\Threads\\New Test Suite (1)\\20241105_120811\\screenshots/regestration_20241105120817/blank_fields.png, C:\\Users\\AnusmitaKundu\\git\\threadShopify\\ThreadShopify\\Reports\\20241105_120811\\Threads\\New Test Suite (1)\\20241105_120811\\screenshots/regestration_20241105120817/without_passwordBefore.png, C:\\Users\\AnusmitaKundu\\git\\threadShopify\\ThreadShopify\\Reports\\20241105_120811\\Threads\\New Test Suite (1)\\20241105_120811\\screenshots/regestration_20241105120817/without_passwordAfter.png, C:\\Users\\AnusmitaKundu\\git\\threadShopify\\ThreadShopify\\Reports\\20241105_120811\\Threads\\New Test Suite (1)\\20241105_120811\\screenshots/regestration_20241105120817/wrong_emailBefore.png, C:\\Users\\AnusmitaKundu\\git\\threadShopify\\ThreadShopify\\Reports\\20241105_120811\\Threads\\New Test Suite (1)\\20241105_120811\\screenshots/regestration_20241105120817/wrong_emailAfter.png, C:\\Users\\AnusmitaKundu\\git\\threadShopify\\ThreadShopify\\Reports\\20241105_120811\\Threads\\New Test Suite (1)\\20241105_120811\\screenshots/regestration_20241105120817/correctBefore.png, C:\\Users\\AnusmitaKundu\\git\\threadShopify\\ThreadShopify\\Reports\\20241105_120811\\Threads\\New Test Suite (1)\\20241105_120811\\screenshots/regestration_20241105120817/correctAfter.png, C:\\Users\\AnusmitaKundu\\git\\threadShopify\\ThreadShopify\\Reports\\20241105_120811\\Threads\\New Test Suite (1)\\20241105_120811\\screenshots/regestration_20241105120817/home_page_post_login.png, C:\\Users\\AnusmitaKundu\\git\\threadShopify\\ThreadShopify\\Reports\\20241105_120811\\Threads\\New Test Suite (1)\\20241105_120811\\screenshots/regestration_20241105120817/logout.png, C:\\Users\\AnusmitaKundu\\git\\threadShopify\\ThreadShopify\\Reports\\20241105_120811\\Threads\\New Test Suite (1)\\20241105_120811\\screenshots/login_20241105120918/login_page.png, C:\\Users\\AnusmitaKundu\\git\\threadShopify\\ThreadShopify\\Reports\\20241105_120811\\Threads\\New Test Suite (1)\\20241105_120811\\screenshots/login_20241105120918/login_page_after.png, C:\\Users\\AnusmitaKundu\\git\\threadShopify\\ThreadShopify\\Reports\\20241105_120811\\Threads\\New Test Suite (1)\\20241105_120811\\screenshots/login_20241105120918/invalid_email_before.png, C:\\Users\\AnusmitaKundu\\git\\threadShopify\\ThreadShopify\\Reports\\20241105_120811\\Threads\\New Test Suite (1)\\20241105_120811\\screenshots/login_20241105120918/invalid_email_after.png, C:\\Users\\AnusmitaKundu\\git\\threadShopify\\ThreadShopify\\Reports\\20241105_120811\\Threads\\New Test Suite (1)\\20241105_120811\\screenshots/login_20241105120918/invalid_password_before.png, C:\\Users\\AnusmitaKundu\\git\\threadShopify\\ThreadShopify\\Reports\\20241105_120811\\Threads\\New Test Suite (1)\\20241105_120811\\screenshots/login_20241105120918/invalid_password_after.png, C:\\Users\\AnusmitaKundu\\git\\threadShopify\\ThreadShopify\\Reports\\20241105_120811\\Threads\\New Test Suite (1)\\20241105_120811\\screenshots/login_20241105120918/valid_before.png, C:\\Users\\AnusmitaKundu\\git\\threadShopify\\ThreadShopify\\Reports\\20241105_120811\\Threads\\New Test Suite (1)\\20241105_120811\\screenshots/login_20241105120918/valid_after.png, C:\\Users\\AnusmitaKundu\\git\\threadShopify\\ThreadShopify\\Reports\\20241105_120811\\Threads\\New Test Suite (1)\\20241105_120811\\screenshots/login_20241105120918/account_page.png, C:\\Users\\AnusmitaKundu\\git\\threadShopify\\ThreadShopify\\Reports\\20241105_120811\\Threads\\New Test Suite (1)\\20241105_120811\\screenshots/login_20241105120918/logout_page.png, C:\\Users\\AnusmitaKundu\\git\\threadShopify\\ThreadShopify\\Reports\\20241105_120811\\Threads\\New Test Suite (1)\\20241105_120811\\screenshots/login_20241105120918/login_page_after_logout.png, C:\\Users\\AnusmitaKundu\\git\\threadShopify\\ThreadShopify\\Reports\\20241105_120811\\Threads\\New Test Suite (1)\\20241105_120811\\screenshots/home_page_20241105_121005/home.png, C:\\Users\\AnusmitaKundu\\git\\threadShopify\\ThreadShopify\\Reports\\20241105_120811\\Threads\\New Test Suite (1)\\20241105_120811\\screenshots/home_page_20241105_121005/open_search_bar.png, C:\\Users\\AnusmitaKundu\\git\\threadShopify\\ThreadShopify\\Reports\\20241105_120811\\Threads\\New Test Suite (1)\\20241105_120811\\screenshots/home_page_20241105_121005/blank_bar.png, C:\\Users\\AnusmitaKundu\\git\\threadShopify\\ThreadShopify\\Reports\\20241105_120811\\Threads\\New Test Suite (1)\\20241105_120811\\screenshots/home_page_20241105_121005/invalid_before.png, C:\\Users\\AnusmitaKundu\\git\\threadShopify\\ThreadShopify\\Reports\\20241105_120811\\Threads\\New Test Suite (1)\\20241105_120811\\screenshots/home_page_20241105_121005/invalid_after.png, C:\\Users\\AnusmitaKundu\\git\\threadShopify\\ThreadShopify\\Reports\\20241105_120811\\Threads\\New Test Suite (1)\\20241105_120811\\screenshots/home_page_20241105_121005/search_item_before.png, C:\\Users\\AnusmitaKundu\\git\\threadShopify\\ThreadShopify\\Reports\\20241105_120811\\Threads\\New Test Suite (1)\\20241105_120811\\screenshots/home_page_20241105_121005/search_item_after.png, C:\\Users\\AnusmitaKundu\\git\\threadShopify\\ThreadShopify\\Reports\\20241105_120811\\Threads\\New Test Suite (1)\\20241105_120811\\screenshots/home_page_20241105_121005/search_result.png, C:\\Users\\AnusmitaKundu\\git\\threadShopify\\ThreadShopify\\Reports\\20241105_120811\\Threads\\New Test Suite (1)\\20241105_120811\\screenshots/home_page_20241105_121005/home_final.png, C:\\Users\\AnusmitaKundu\\git\\threadShopify\\ThreadShopify\\Reports\\20241105_120811\\Threads\\New Test Suite (1)\\20241105_120811\\screenshots/home_page_20241105_121038/social_media_icon.png, C:\\Users\\AnusmitaKundu\\git\\threadShopify\\ThreadShopify\\Reports\\20241105_120811\\Threads\\New Test Suite (1)\\20241105_120811\\screenshots/home_page_20241105_121050/home.png, C:\\Users\\AnusmitaKundu\\git\\threadShopify\\ThreadShopify\\Reports\\20241105_120811\\Threads\\New Test Suite (1)\\20241105_120811\\screenshots/home_page_20241105_121050/banner.png, C:\\Users\\AnusmitaKundu\\git\\threadShopify\\ThreadShopify\\Reports\\20241105_120811\\Threads\\New Test Suite (1)\\20241105_120811\\screenshots/home_page_20241105_121050/featured.png, C:\\Users\\AnusmitaKundu\\git\\threadShopify\\ThreadShopify\\Reports\\20241105_120811\\Threads\\New Test Suite (1)\\20241105_120811\\screenshots/search_20241105_121112/home.png, C:\\Users\\AnusmitaKundu\\git\\threadShopify\\ThreadShopify\\Reports\\20241105_120811\\Threads\\New Test Suite (1)\\20241105_120811\\screenshots/search_20241105_121112/catalog.png, C:\\Users\\AnusmitaKundu\\git\\threadShopify\\ThreadShopify\\Reports\\20241105_120811\\Threads\\New Test Suite (1)\\20241105_120811\\screenshots/search_20241105_121112/product.png, C:\\Users\\AnusmitaKundu\\git\\threadShopify\\ThreadShopify\\Reports\\20241105_120811\\Threads\\New Test Suite (1)\\20241105_120811\\screenshots/search_20241105_121112/items.png, C:\\Users\\AnusmitaKundu\\git\\threadShopify\\ThreadShopify\\Reports\\20241105_120811\\Threads\\New Test Suite (1)\\20241105_120811\\screenshots/shopping_cart_20241105_121213/home.png, C:\\Users\\AnusmitaKundu\\git\\threadShopify\\ThreadShopify\\Reports\\20241105_120811\\Threads\\New Test Suite (1)\\20241105_120811\\screenshots/shopping_cart_20241105_121213/catalog.png, C:\\Users\\AnusmitaKundu\\git\\threadShopify\\ThreadShopify\\Reports\\20241105_120811\\Threads\\New Test Suite (1)\\20241105_120811\\screenshots/shopping_cart_20241105_121213/addToCart1.png, C:\\Users\\AnusmitaKundu\\git\\threadShopify\\ThreadShopify\\Reports\\20241105_120811\\Threads\\New Test Suite (1)\\20241105_120811\\screenshots/shopping_cart_20241105_121213/addToCart2.png, C:\\Users\\AnusmitaKundu\\git\\threadShopify\\ThreadShopify\\Reports\\20241105_120811\\Threads\\New Test Suite (1)\\20241105_120811\\screenshots/shopping_cart_20241105_121213/addToCart3.png, C:\\Users\\AnusmitaKundu\\git\\threadShopify\\ThreadShopify\\Reports\\20241105_120811\\Threads\\New Test Suite (1)\\20241105_120811\\screenshots/shopping_cart_20241105_121213/verify_cart.png, C:\\Users\\AnusmitaKundu\\git\\threadShopify\\ThreadShopify\\Reports\\20241105_120811\\Threads\\New Test Suite (1)\\20241105_120811\\screenshots/shopping_cart_20241105_121255/home.png, C:\\Users\\AnusmitaKundu\\git\\threadShopify\\ThreadShopify\\Reports\\20241105_120811\\Threads\\New Test Suite (1)\\20241105_120811\\screenshots/shopping_cart_20241105_121255/item.png, C:\\Users\\AnusmitaKundu\\git\\threadShopify\\ThreadShopify\\Reports\\20241105_120811\\Threads\\New Test Suite (1)\\20241105_120811\\screenshots/shopping_cart_20241105_121255/verify_cart.png, C:\\Users\\AnusmitaKundu\\git\\threadShopify\\ThreadShopify\\Reports\\20241105_120811\\Threads\\New Test Suite (1)\\20241105_120811\\screenshots/shopping_cart_20241105_121255/checkout.png, C:\\Users\\AnusmitaKundu\\git\\threadShopify\\ThreadShopify\\Reports\\20241105_120811\\Threads\\New Test Suite (1)\\20241105_120811\\screenshots/shopping_cart_20241105_121255/promo.png, C:\\Users\\AnusmitaKundu\\git\\threadShopify\\ThreadShopify\\Reports\\20241105_120811\\Threads\\New Test Suite (1)\\20241105_120811\\screenshots/shopping_cart_20241105_121255/verify_price.png, C:\\Users\\AnusmitaKundu\\git\\threadShopify\\ThreadShopify\\Reports\\20241105_120811\\Threads\\New Test Suite (1)\\20241105_120811\\screenshots/checkout_20241105_121404/home.png, C:\\Users\\AnusmitaKundu\\git\\threadShopify\\ThreadShopify\\Reports\\20241105_120811\\Threads\\New Test Suite (1)\\20241105_120811\\screenshots/checkout_20241105_121404/item.png, C:\\Users\\AnusmitaKundu\\git\\threadShopify\\ThreadShopify\\Reports\\20241105_120811\\Threads\\New Test Suite (1)\\20241105_120811\\screenshots/checkout_20241105_121404/checkout_screen.png, C:\\Users\\AnusmitaKundu\\git\\threadShopify\\ThreadShopify\\Reports\\20241105_120811\\Threads\\New Test Suite (1)\\20241105_120811\\screenshots/checkout_20241105_121404/information_before.png, C:\\Users\\AnusmitaKundu\\git\\threadShopify\\ThreadShopify\\Reports\\20241105_120811\\Threads\\New Test Suite (1)\\20241105_120811\\screenshots/checkout_20241105_121404/changed.png, C:\\Users\\AnusmitaKundu\\git\\threadShopify\\ThreadShopify\\Reports\\20241105_120811\\Threads\\New Test Suite (1)\\20241105_120811\\screenshots/checkout_20241105_121404/information_after.png, C:\\Users\\AnusmitaKundu\\git\\threadShopify\\ThreadShopify\\Reports\\20241105_120811\\Threads\\New Test Suite (1)\\20241105_120811\\screenshots/checkout_20241105_121446/home.png, C:\\Users\\AnusmitaKundu\\git\\threadShopify\\ThreadShopify\\Reports\\20241105_120811\\Threads\\New Test Suite (1)\\20241105_120811\\screenshots/checkout_20241105_121446/item.png, C:\\Users\\AnusmitaKundu\\git\\threadShopify\\ThreadShopify\\Reports\\20241105_120811\\Threads\\New Test Suite (1)\\20241105_120811\\screenshots/checkout_20241105_121446/checkout.png, C:\\Users\\AnusmitaKundu\\git\\threadShopify\\ThreadShopify\\Reports\\20241105_120811\\Threads\\New Test Suite (1)\\20241105_120811\\screenshots/checkout_20241105_121446/shipping_method1.png, C:\\Users\\AnusmitaKundu\\git\\threadShopify\\ThreadShopify\\Reports\\20241105_120811\\Threads\\New Test Suite (1)\\20241105_120811\\screenshots/checkout_20241105_121446/shipping_method2.png, C:\\Users\\AnusmitaKundu\\git\\threadShopify\\ThreadShopify\\Reports\\20241105_120811\\Threads\\New Test Suite (1)\\20241105_120811\\screenshots/account_20241105_121656/home.png, C:\\Users\\AnusmitaKundu\\git\\threadShopify\\ThreadShopify\\Reports\\20241105_120811\\Threads\\New Test Suite (1)\\20241105_120811\\screenshots/account_20241105_121656/login_page.png, C:\\Users\\AnusmitaKundu\\git\\threadShopify\\ThreadShopify\\Reports\\20241105_120811\\Threads\\New Test Suite (1)\\20241105_120811\\screenshots/account_20241105_121656/login.png, C:\\Users\\AnusmitaKundu\\git\\threadShopify\\ThreadShopify\\Reports\\20241105_120811\\Threads\\New Test Suite (1)\\20241105_120811\\screenshots/account_20241105_121656/account.png, C:\\Users\\AnusmitaKundu\\git\\threadShopify\\ThreadShopify\\Reports\\20241105_120811\\Threads\\New Test Suite (1)\\20241105_120811\\screenshots/account_20241105_121656/address.png, C:\\Users\\AnusmitaKundu\\git\\threadShopify\\ThreadShopify\\Reports\\20241105_120811\\Threads\\New Test Suite (1)\\20241105_120811\\screenshots/account_20241105_121656/edit.png, C:\\Users\\AnusmitaKundu\\git\\threadShopify\\ThreadShopify\\Reports\\20241105_120811\\Threads\\New Test Suite (1)\\20241105_120811\\screenshots/account_20241105_121656/address_after.png, C:\\Users\\AnusmitaKundu\\git\\threadShopify\\ThreadShopify\\Reports\\20241105_120811\\Threads\\New Test Suite (1)\\20241105_120811\\screenshots/credit_card20241105121725/enter_password.png, C:\\Users\\AnusmitaKundu\\git\\threadShopify\\ThreadShopify\\Reports\\20241105_120811\\Threads\\New Test Suite (1)\\20241105_120811\\screenshots/credit_card20241105121725/catalog_page.png, C:\\Users\\AnusmitaKundu\\git\\threadShopify\\ThreadShopify\\Reports\\20241105_120811\\Threads\\New Test Suite (1)\\20241105_120811\\screenshots/credit_card20241105121725/select_product.png, C:\\Users\\AnusmitaKundu\\git\\threadShopify\\ThreadShopify\\Reports\\20241105_120811\\Threads\\New Test Suite (1)\\20241105_120811\\screenshots/credit_card20241105121725/buy_now.png, C:\\Users\\AnusmitaKundu\\git\\threadShopify\\ThreadShopify\\Reports\\20241105_120811\\Threads\\New Test Suite (1)\\20241105_120811\\screenshots/credit_card20241105121725/enter_email.png, C:\\Users\\AnusmitaKundu\\git\\threadShopify\\ThreadShopify\\Reports\\20241105_120811\\Threads\\New Test Suite (1)\\20241105_120811\\screenshots/credit_card20241105121725/delivery_method.png, C:\\Users\\AnusmitaKundu\\git\\threadShopify\\ThreadShopify\\Reports\\20241105_120811\\Threads\\New Test Suite (1)\\20241105_120811\\screenshots/credit_card20241105121725/customer_details.png, C:\\Users\\AnusmitaKundu\\git\\threadShopify\\ThreadShopify\\Reports\\20241105_120811\\Threads\\New Test Suite (1)\\20241105_120811\\screenshots/credit_card20241105121725/attempt_payment_invalid_case_2.png, C:\\Users\\AnusmitaKundu\\git\\threadShopify\\ThreadShopify\\Reports\\20241105_120811\\Threads\\New Test Suite (1)\\20241105_120811\\screenshots/credit_card20241105121725/attempt_payment_valid_case.png, C:\\Users\\AnusmitaKundu\\git\\threadShopify\\ThreadShopify\\Reports\\20241105_120811\\Threads\\New Test Suite (1)\\20241105_120811\\screenshots/credit_card20241105121725/order_confirmation.png, C:\\Users\\AnusmitaKundu\\git\\threadShopify\\ThreadShopify\\Reports\\20241105_120811\\Threads\\New Test Suite (1)\\20241105_120811\\screenshots/subscription_20241105_122232/home.png, C:\\Users\\AnusmitaKundu\\git\\threadShopify\\ThreadShopify\\Reports\\20241105_120811\\Threads\\New Test Suite (1)\\20241105_120811\\screenshots/subscription_20241105_122232/select_product.png, C:\\Users\\AnusmitaKundu\\git\\threadShopify\\ThreadShopify\\Reports\\20241105_120811\\Threads\\New Test Suite (1)\\20241105_120811\\screenshots/subscription_20241105_122232/subscription.png, C:\\Users\\AnusmitaKundu\\git\\threadShopify\\ThreadShopify\\Reports\\20241105_120811\\Threads\\New Test Suite (1)\\20241105_120811\\screenshots/summary_20241105_122300/after_login.png, C:\\Users\\AnusmitaKundu\\git\\threadShopify\\ThreadShopify\\Reports\\20241105_120811\\Threads\\New Test Suite (1)\\20241105_120811\\screenshots/catalog_page.png, C:\\Users\\AnusmitaKundu\\git\\threadShopify\\ThreadShopify\\Reports\\20241105_120811\\Threads\\New Test Suite (1)\\20241105_120811\\screenshots/selected_product.png, C:\\Users\\AnusmitaKundu\\git\\threadShopify\\ThreadShopify\\Reports\\20241105_120811\\Threads\\New Test Suite (1)\\20241105_120811\\screenshots/buy_it_now.png, C:\\Users\\AnusmitaKundu\\git\\threadShopify\\ThreadShopify\\Reports\\20241105_120811\\Threads\\New Test Suite (1)\\20241105_120811\\screenshots/enter_contact.png, C:\\Users\\AnusmitaKundu\\git\\threadShopify\\ThreadShopify\\Reports\\20241105_120811\\Threads\\New Test Suite (1)\\20241105_120811\\screenshots/enter_first_name.png, C:\\Users\\AnusmitaKundu\\git\\threadShopify\\ThreadShopify\\Reports\\20241105_120811\\Threads\\New Test Suite (1)\\20241105_120811\\screenshots/enter_last_name.png, C:\\Users\\AnusmitaKundu\\git\\threadShopify\\ThreadShopify\\Reports\\20241105_120811\\Threads\\New Test Suite (1)\\20241105_120811\\screenshots/enter_address.png, C:\\Users\\AnusmitaKundu\\git\\threadShopify\\ThreadShopify\\Reports\\20241105_120811\\Threads\\New Test Suite (1)\\20241105_120811\\screenshots/enter_apartment.png, C:\\Users\\AnusmitaKundu\\git\\threadShopify\\ThreadShopify\\Reports\\20241105_120811\\Threads\\New Test Suite (1)\\20241105_120811\\screenshots/enter_city.png, C:\\Users\\AnusmitaKundu\\git\\threadShopify\\ThreadShopify\\Reports\\20241105_120811\\Threads\\New Test Suite (1)\\20241105_120811\\screenshots/select_state.png, C:\\Users\\AnusmitaKundu\\git\\threadShopify\\ThreadShopify\\Reports\\20241105_120811\\Threads\\New Test Suite (1)\\20241105_120811\\screenshots/enter_pin.png, C:\\Users\\AnusmitaKundu\\git\\threadShopify\\ThreadShopify\\Reports\\20241105_120811\\Threads\\New Test Suite (1)\\20241105_120811\\screenshots/apply_discount.png, C:\\Users\\AnusmitaKundu\\git\\threadShopify\\ThreadShopify\\Reports\\20241105_120811\\Threads\\New Test Suite (1)\\20241105_120811\\screenshots/validate_prices.png, C:\\Users\\AnusmitaKundu\\git\\threadShopify\\ThreadShopify\\Reports\\20241105_120811\\Threads\\New Test Suite (1)\\20241105_120811\\screenshots/cancle_order_20241105_122354/account.png, C:\\Users\\AnusmitaKundu\\git\\threadShopify\\ThreadShopify\\Reports\\20241105_120811\\Threads\\New Test Suite (1)\\20241105_120811\\screenshots/cancle_order_20241105_122354/cancle_before.png, C:\\Users\\AnusmitaKundu\\git\\threadShopify\\ThreadShopify\\Reports\\20241105_120811\\Threads\\New Test Suite (1)\\20241105_120811\\screenshots/cancle_order_20241105_122354/cancle_after.png, C:\\Users\\AnusmitaKundu\\git\\threadShopify\\ThreadShopify\\Reports\\20241105_120811\\Threads\\New Test Suite (1)\\20241105_120811\\screenshots/reorder_20241105_122459/catalog_page.png, C:\\Users\\AnusmitaKundu\\git\\threadShopify\\ThreadShopify\\Reports\\20241105_120811\\Threads\\New Test Suite (1)\\20241105_120811\\screenshots/reorder_20241105_122459/login.png, C:\\Users\\AnusmitaKundu\\git\\threadShopify\\ThreadShopify\\Reports\\20241105_120811\\Threads\\New Test Suite (1)\\20241105_120811\\screenshots/reorder_20241105_122459/reorder.png, C:\\Users\\AnusmitaKundu\\git\\threadShopify\\ThreadShopify\\Reports\\20241105_120811\\Threads\\New Test Suite (1)\\20241105_120811\\screenshots/wishlist_20241105_122525/home.png, C:\\Users\\AnusmitaKundu\\git\\threadShopify\\ThreadShopify\\Reports\\20241105_120811\\Threads\\New Test Suite (1)\\20241105_120811\\screenshots/wishlist_20241105_122525/catalog.png, C:\\Users\\AnusmitaKundu\\git\\threadShopify\\ThreadShopify\\Reports\\20241105_120811\\Threads\\New Test Suite (1)\\20241105_120811\\screenshots/wishlist_20241105_122525/item1.png, C:\\Users\\AnusmitaKundu\\git\\threadShopify\\ThreadShopify\\Reports\\20241105_120811\\Threads\\New Test Suite (1)\\20241105_120811\\screenshots/wishlist_20241105_122525/wishlist.png, C:\\Users\\AnusmitaKundu\\git\\threadShopify\\ThreadShopify\\Reports\\20241105_120811\\Threads\\New Test Suite (1)\\20241105_120811\\screenshots/wishlist_20241105_122525/checkout.png, C:\\Users\\AnusmitaKundu\\git\\threadShopify\\ThreadShopify\\Reports\\20241105_120811\\Threads\\New Test Suite (1)\\20241105_120811\\screenshots/wishlist_20241105_122547/home.png, C:\\Users\\AnusmitaKundu\\git\\threadShopify\\ThreadShopify\\Reports\\20241105_120811\\Threads\\New Test Suite (1)\\20241105_120811\\screenshots/wishlist_20241105_122547/catalog.png, C:\\Users\\AnusmitaKundu\\git\\threadShopify\\ThreadShopify\\Reports\\20241105_120811\\Threads\\New Test Suite (1)\\20241105_120811\\screenshots/wishlist_20241105_122547/wishlist.png, C:\\Users\\AnusmitaKundu\\git\\threadShopify\\ThreadShopify\\Reports\\20241105_120811\\Threads\\New Test Suite (1)\\20241105_120811\\screenshots/wishlist_20241105_122547/addCart.png, C:\\Users\\AnusmitaKundu\\git\\threadShopify\\ThreadShopify\\Reports\\20241105_120811\\Threads\\New Test Suite (1)\\20241105_120811\\screenshots/wishlist_20241105_122547/cart.png, C:\\Users\\AnusmitaKundu\\git\\threadShopify\\ThreadShopify\\Reports\\20241105_120811\\Threads\\New Test Suite (1)\\20241105_120811\\screenshots/wishlist_20241105_122547/checkout.png, C:\\Users\\AnusmitaKundu\\git\\threadShopify\\ThreadShopify\\Reports\\20241105_120811\\Threads\\New Test Suite (1)\\20241105_120811\\screenshots/product_detail_20241105_122644/home.png, C:\\Users\\AnusmitaKundu\\git\\threadShopify\\ThreadShopify\\Reports\\20241105_120811\\Threads\\New Test Suite (1)\\20241105_120811\\screenshots/product_detail_20241105_122644/product1.png, C:\\Users\\AnusmitaKundu\\git\\threadShopify\\ThreadShopify\\Reports\\20241105_120811\\Threads\\New Test Suite (1)\\20241105_120811\\screenshots/product_detail_20241105_122644/color.png, C:\\Users\\AnusmitaKundu\\git\\threadShopify\\ThreadShopify\\Reports\\20241105_120811\\Threads\\New Test Suite (1)\\20241105_120811\\screenshots/product_detail_20241105_122644/product2.png, C:\\Users\\AnusmitaKundu\\git\\threadShopify\\ThreadShopify\\Reports\\20241105_120811\\Threads\\New Test Suite (1)\\20241105_120811\\screenshots/product_detail_20241105_122644/color2.png, C:\\Users\\AnusmitaKundu\\git\\threadShopify\\ThreadShopify\\Reports\\20241105_120811\\Threads\\New Test Suite (1)\\20241105_120811\\screenshots/product_detail_20241105_122644/product3.png, C:\\Users\\AnusmitaKundu\\git\\threadShopify\\ThreadShopify\\Reports\\20241105_120811\\Threads\\New Test Suite (1)\\20241105_120811\\screenshots/product_detail_20241105_122644/size1.png, C:\\Users\\AnusmitaKundu\\git\\threadShopify\\ThreadShopify\\Reports\\20241105_120811\\Threads\\New Test Suite (1)\\20241105_120811\\screenshots/product_detail_20241105_122644/size2.png, C:\\Users\\AnusmitaKundu\\git\\threadShopify\\ThreadShopify\\Reports\\20241105_120811\\Threads\\New Test Suite (1)\\20241105_120811\\screenshots/product_detail_20241105_122644/size3.png, C:\\Users\\AnusmitaKundu\\git\\threadShopify\\ThreadShopify\\Reports\\20241105_120811\\Threads\\New Test Suite (1)\\20241105_120811\\screenshots/product_detail_20241105_122644/size4.png, C:\\Users\\AnusmitaKundu\\git\\threadShopify\\ThreadShopify\\Reports\\20241105_120811\\Threads\\New Test Suite (1)\\20241105_120811\\screenshots/product_detail_20241105_122644/size5.png, C:\\Users\\AnusmitaKundu\\git\\threadShopify\\ThreadShopify\\Reports\\20241105_120811\\Threads\\New Test Suite (1)\\20241105_120811\\screenshots/product_detail_20241105_122644/color3.png, C:\\Users\\AnusmitaKundu\\git\\threadShopify\\ThreadShopify\\Reports\\20241105_120811\\Threads\\New Test Suite (1)\\20241105_120811\\screenshots/product_details20241105122733/enter_password.png, C:\\Users\\AnusmitaKundu\\git\\threadShopify\\ThreadShopify\\Reports\\20241105_120811\\Threads\\New Test Suite (1)\\20241105_120811\\screenshots/product_details20241105122733/click_enter_button.png, C:\\Users\\AnusmitaKundu\\git\\threadShopify\\ThreadShopify\\Reports\\20241105_120811\\Threads\\New Test Suite (1)\\20241105_120811\\screenshots/product_details20241105122733/catalog_page.png, C:\\Users\\AnusmitaKundu\\git\\threadShopify\\ThreadShopify\\Reports\\20241105_120811\\Threads\\New Test Suite (1)\\20241105_120811\\screenshots/product_details20241105122733/product_page.png, C:\\Users\\AnusmitaKundu\\git\\threadShopify\\ThreadShopify\\Reports\\20241105_120811\\Threads\\New Test Suite (1)\\20241105_120811\\screenshots/product_details20241105122733/add_to_cart.png, C:\\Users\\AnusmitaKundu\\git\\threadShopify\\ThreadShopify\\Reports\\20241105_120811\\Threads\\New Test Suite (1)\\20241105_120811\\screenshots/product_details20241105122733/checkout.png, C:\\Users\\AnusmitaKundu\\git\\threadShopify\\ThreadShopify\\Reports\\20241105_120811\\Threads\\New Test Suite (1)\\20241105_120811\\screenshots/product_details20241105122733/verify_contact_text.png, C:\\Users\\AnusmitaKundu\\git\\threadShopify\\ThreadShopify\\Reports\\20241105_120811\\Threads\\New Test Suite (1)\\20241105_120811\\screenshots/product_details20241105122733/verify_login_clickable.png, C:\\Users\\AnusmitaKundu\\git\\threadShopify\\ThreadShopify\\Reports\\20241105_120811\\Threads\\New Test Suite (1)\\20241105_120811\\screenshots/product_details20241105122733/verify_delivery_text.png, C:\\Users\\AnusmitaKundu\\git\\threadShopify\\ThreadShopify\\Reports\\20241105_120811\\Threads\\New Test Suite (1)\\20241105_120811\\screenshots/product_details20241105122733/verify_payment_text.png, C:\\Users\\AnusmitaKundu\\git\\threadShopify\\ThreadShopify\\Reports\\20241105_120811\\Threads\\New Test Suite (1)\\20241105_120811\\screenshots/product_details20241105122733/verify_total_text.png, C:\\Users\\AnusmitaKundu\\git\\threadShopify\\ThreadShopify\\Reports\\20241105_120811\\Threads\\New Test Suite (1)\\20241105_120811\\screenshots/Banner_20241105_122806/shopify_website.png, C:\\Users\\AnusmitaKundu\\git\\threadShopify\\ThreadShopify\\Reports\\20241105_120811\\Threads\\New Test Suite (1)\\20241105_120811\\screenshots/Banner_20241105_122806/customize_page.png, C:\\Users\\AnusmitaKundu\\git\\threadShopify\\ThreadShopify\\Reports\\20241105_120811\\Threads\\New Test Suite (1)\\20241105_120811\\screenshots/Banner_20241105_122806/select_banner.png, C:\\Users\\AnusmitaKundu\\git\\threadShopify\\ThreadShopify\\Reports\\20241105_120811\\Threads\\New Test Suite (1)\\20241105_120811\\screenshots/Banner_20241105_122806/check_banner.png, C:\\Users\\AnusmitaKundu\\git\\threadShopify\\ThreadShopify\\Reports\\20241105_120811\\Threads\\New Test Suite (1)\\20241105_120811\\screenshots/Banner_20241105_123212/shopify_website.png, C:\\Users\\AnusmitaKundu\\git\\threadShopify\\ThreadShopify\\Reports\\20241105_120811\\Threads\\New Test Suite (1)\\20241105_120811\\screenshots/Banner_20241105_123212/customize_page.png, C:\\Users\\AnusmitaKundu\\git\\threadShopify\\ThreadShopify\\Reports\\20241105_120811\\Threads\\New Test Suite (1)\\20241105_120811\\screenshots/Banner_20241105_123212/selection_banner.png, C:\\Users\\AnusmitaKundu\\git\\threadShopify\\ThreadShopify\\Reports\\20241105_120811\\Threads\\New Test Suite (1)\\20241105_120811\\screenshots/Banner_20241105_123212/check_banner.png"/>
         <property name="hostName" value="AnusmitaKundu - PSDLAP361"/>
         <property name="os" value="Windows 11 64bit"/>
         <property name="katalonVersion" value="9.7.2.223"/>
         <property name="browser" value="Chrome 130.0.0.0"/>
         <property name="hostAddress" value="192.168.68.54"/>
         <property name="sessionId" value="28b39a8a91ae48e3b28df9857b6f45f8"/>
         <property name="seleniumVersion" value="3.141.59"/>
         <property name="proxyInformation" value="ProxyInformation { proxyOption=NO_PROXY, proxyServerType=HTTP, username=, password=********, proxyServerAddress=, proxyServerPort=0, executionList=&quot;&quot;, isApplyToDesiredCapabilities=true }"/>
         <property name="platform" value="Windows 11"/>
      </properties>
      <testcase name="Test Cases/Threads_Webshop/1 Registration/TC-73,31-Verify the registration" time="60.993" classname="Test Cases/Threads_Webshop/1 Registration/TC-73,31-Verify the registration" status="PASSED">
         <system-out><![CDATA[05-11-2024T12:08:16 - [TEST_CASE][PASSED] - Test Cases/Threads_Webshop/1 Registration/TC-73,31-Verify the registration: Test Cases/Threads_Webshop/1 Registration/TC-73,31-Verify the registration

05-11-2024T12:08:17 - [TEST_STEP][PASSED] - currentDateTime = LocalDateTime.now(): null

05-11-2024T12:08:17 - [TEST_STEP][PASSED] - formatter = DateTimeFormatter.ofPattern("yyyyMMddHHmmss"): null

05-11-2024T12:08:17 - [TEST_STEP][PASSED] - dateTimeString = currentDateTime.format(formatter): null

05-11-2024T12:08:17 - [TEST_STEP][PASSED] - uniqueEmail = "tester_" + dateTimeString + "@mailinator.com": null

05-11-2024T12:08:17 - [TEST_STEP][PASSED] - println("Generated unique email: " + uniqueEmail): null

05-11-2024T12:08:17 - [TEST_STEP][PASSED] - screenshotFolderPath = "screenshots/regestration_" + dateTimeString + "/": null

05-11-2024T12:08:17 - [TEST_STEP][PASSED] - File(screenshotFolderPath).mkdirs(): null

05-11-2024T12:08:17 - [TEST_STEP][PASSED] - callTestCase(findTestCase("Threads_Webshop/ReUsable Testcases/Enter Password"), [:], STOP_ON_FAILURE): Call Test Case 'Test Cases/Threads_Webshop/ReUsable Testcases/Enter Password' successfully

05-11-2024T12:08:17 - [TEST_CASE][PASSED] - Test Cases/Threads_Webshop/ReUsable Testcases/Enter Password: Test Cases/Threads_Webshop/ReUsable Testcases/Enter Password

05-11-2024T12:08:17 - [TEST_STEP][PASSED] - openBrowser(""): Browser is opened with url: ''

05-11-2024T12:08:18 - [MESSAGE][INFO] - Starting 'Chrome' driver

05-11-2024T12:08:18 - [MESSAGE][INFO] - Action delay is set to 0 milliseconds

05-11-2024T12:08:21 - [MESSAGE][PASSED] - Browser is opened with url: ''

05-11-2024T12:08:21 - [TEST_STEP][PASSED] - maximizeWindow(): Current window maximized

05-11-2024T12:08:21 - [MESSAGE][PASSED] - Current window maximized

05-11-2024T12:08:21 - [TEST_STEP][PASSED] - navigateToUrl("https://threads0.myshopify.com/password"): Navigate to 'https://threads0.myshopify.com/password' successfully

05-11-2024T12:08:24 - [MESSAGE][PASSED] - Navigate to 'https://threads0.myshopify.com/password' successfully

05-11-2024T12:08:24 - [TEST_STEP][PASSED] - click(findTestObject("Object Repository/Thread_Webshop/Reusable Testcase/Page_Threads/div_Enter using password")): Object: 'Object Repository/Thread_Webshop/Reusable Testcase/Page_Threads/div_Enter using password' is clicked on

05-11-2024T12:08:28 - [MESSAGE][PASSED] - Object: 'Object Repository/Thread_Webshop/Reusable Testcase/Page_Threads/div_Enter using password' is clicked on

05-11-2024T12:08:28 - [TEST_STEP][PASSED] - setEncryptedText(findTestObject("Object Repository/Thread_Webshop/Reusable Testcase/Page_Threads/input_Enter store using password_password"), "gnzTAVlujIw+lTr0To6+Cg=="): Text ****** has been set on object 'Object Repository/Thread_Webshop/Reusable Testcase/Page_Threads/input_Enter store using password_password'

05-11-2024T12:08:29 - [MESSAGE][PASSED] - Text ****** has been set on object 'Object Repository/Thread_Webshop/Reusable Testcase/Page_Threads/input_Enter store using password_password'

05-11-2024T12:08:29 - [TEST_STEP][PASSED] - click(findTestObject("Object Repository/Thread_Webshop/Reusable Testcase/Page_Threads/button_Enter")): Object: 'Object Repository/Thread_Webshop/Reusable Testcase/Page_Threads/button_Enter' is clicked on

05-11-2024T12:08:31 - [MESSAGE][PASSED] - Object: 'Object Repository/Thread_Webshop/Reusable Testcase/Page_Threads/button_Enter' is clicked on

05-11-2024T12:08:31 - [MESSAGE][PASSED] - Call Test Case 'Test Cases/Threads_Webshop/ReUsable Testcases/Enter Password' successfully

05-11-2024T12:08:31 - [TEST_STEP][PASSED] - takeScreenshot(screenshotFolderPath + "enter_password.png"): Taking screenshot successfully

05-11-2024T12:08:32 - [MESSAGE][PASSED] - Taking screenshot successfully
[[ATTACHMENT|C:\\Users\\AnusmitaKundu\\git\\threadShopify\\ThreadShopify\\Reports\\20241105_120811\\Threads\\New Test Suite (1)\\20241105_120811\\screenshots/regestration_20241105120817/enter_password.png]]

05-11-2024T12:08:32 - [TEST_STEP][PASSED] - click(findTestObject("Object Repository/Page_Threads/button_Enter")): Object: 'Object Repository/Page_Threads/button_Enter' is clicked on

05-11-2024T12:08:33 - [MESSAGE][PASSED] - Object: 'Object Repository/Page_Threads/button_Enter' is clicked on

05-11-2024T12:08:33 - [TEST_STEP][PASSED] - verifyElementClickable(findTestObject("Object Repository/Page_Threads/svg_Search_icon icon-account")): Object 'Object Repository/Page_Threads/svg_Search_icon icon-account' is clickable

05-11-2024T12:08:33 - [MESSAGE][PASSED] - Object 'Object Repository/Page_Threads/svg_Search_icon icon-account' is clickable

05-11-2024T12:08:33 - [TEST_STEP][PASSED] - takeScreenshot(screenshotFolderPath + "home_page.png"): Taking screenshot successfully

05-11-2024T12:08:34 - [MESSAGE][PASSED] - Taking screenshot successfully
[[ATTACHMENT|C:\\Users\\AnusmitaKundu\\git\\threadShopify\\ThreadShopify\\Reports\\20241105_120811\\Threads\\New Test Suite (1)\\20241105_120811\\screenshots/regestration_20241105120817/home_page.png]]

05-11-2024T12:08:34 - [TEST_STEP][PASSED] - click(findTestObject("Object Repository/Page_Threads/svg_Search_icon icon-account")): Object: 'Object Repository/Page_Threads/svg_Search_icon icon-account' is clicked on

05-11-2024T12:08:37 - [MESSAGE][PASSED] - Object: 'Object Repository/Page_Threads/svg_Search_icon icon-account' is clicked on

05-11-2024T12:08:37 - [TEST_STEP][PASSED] - verifyElementClickable(findTestObject("Object Repository/Thread_Webshop/Register_/Page_Account  Threads/a_Create account")): Object 'Object Repository/Thread_Webshop/Register_/Page_Account  Threads/a_Create account' is clickable

05-11-2024T12:08:38 - [MESSAGE][PASSED] - Object 'Object Repository/Thread_Webshop/Register_/Page_Account  Threads/a_Create account' is clickable

05-11-2024T12:08:38 - [TEST_STEP][PASSED] - takeScreenshot(screenshotFolderPath + "create_account_page.png"): Taking screenshot successfully

05-11-2024T12:08:39 - [MESSAGE][PASSED] - Taking screenshot successfully
[[ATTACHMENT|C:\\Users\\AnusmitaKundu\\git\\threadShopify\\ThreadShopify\\Reports\\20241105_120811\\Threads\\New Test Suite (1)\\20241105_120811\\screenshots/regestration_20241105120817/create_account_page.png]]

05-11-2024T12:08:39 - [TEST_STEP][PASSED] - click(findTestObject("Object Repository/Thread_Webshop/Register_/Page_Account  Threads/a_Create account")): Object: 'Object Repository/Thread_Webshop/Register_/Page_Account  Threads/a_Create account' is clicked on

05-11-2024T12:08:40 - [MESSAGE][PASSED] - Object: 'Object Repository/Thread_Webshop/Register_/Page_Account  Threads/a_Create account' is clicked on

05-11-2024T12:08:40 - [TEST_STEP][PASSED] - takeScreenshot(screenshotFolderPath + "account_page.png"): Taking screenshot successfully

05-11-2024T12:08:41 - [MESSAGE][PASSED] - Taking screenshot successfully
[[ATTACHMENT|C:\\Users\\AnusmitaKundu\\git\\threadShopify\\ThreadShopify\\Reports\\20241105_120811\\Threads\\New Test Suite (1)\\20241105_120811\\screenshots/regestration_20241105120817/account_page.png]]

05-11-2024T12:08:41 - [TEST_STEP][PASSED] - verifyElementClickable(findTestObject("Object Repository/Thread_Webshop/Register_/Page_Create Account  Threads/button_Create")): Object 'Object Repository/Thread_Webshop/Register_/Page_Create Account  Threads/button_Create' is clickable

05-11-2024T12:08:41 - [MESSAGE][PASSED] - Object 'Object Repository/Thread_Webshop/Register_/Page_Create Account  Threads/button_Create' is clickable

05-11-2024T12:08:41 - [TEST_STEP][PASSED] - click(findTestObject("Object Repository/Thread_Webshop/Register_/Page_Create Account  Threads/button_Create")): Object: 'Object Repository/Thread_Webshop/Register_/Page_Create Account  Threads/button_Create' is clicked on

05-11-2024T12:08:43 - [MESSAGE][PASSED] - Object: 'Object Repository/Thread_Webshop/Register_/Page_Create Account  Threads/button_Create' is clicked on

05-11-2024T12:08:43 - [TEST_STEP][PASSED] - verifyTextPresent(error_msg1, false): Text 'Please adjust the following:' is present on page 

05-11-2024T12:08:44 - [MESSAGE][PASSED] - Text 'Please adjust the following:' is present on page 

05-11-2024T12:08:44 - [TEST_STEP][PASSED] - verifyTextPresent(error_msg2, false): Text 'Password can't be blank' is present on page 

05-11-2024T12:08:45 - [MESSAGE][PASSED] - Text 'Password can't be blank' is present on page 

05-11-2024T12:08:45 - [TEST_STEP][PASSED] - verifyTextPresent(error_msg3, false): Text 'Email can't be blank' is present on page 

05-11-2024T12:08:45 - [MESSAGE][PASSED] - Text 'Email can't be blank' is present on page 

05-11-2024T12:08:45 - [TEST_STEP][PASSED] - takeScreenshot(screenshotFolderPath + "blank_fields.png"): Taking screenshot successfully

05-11-2024T12:08:46 - [MESSAGE][PASSED] - Taking screenshot successfully
[[ATTACHMENT|C:\\Users\\AnusmitaKundu\\git\\threadShopify\\ThreadShopify\\Reports\\20241105_120811\\Threads\\New Test Suite (1)\\20241105_120811\\screenshots/regestration_20241105120817/blank_fields.png]]

05-11-2024T12:08:46 - [TEST_STEP][PASSED] - setText(findTestObject("Object Repository/Thread_Webshop/Register_/Page_Create Account  Threads/input_Create account_customerfirst_name"), f_name): Text 'Tester' is set on object 'Object Repository/Thread_Webshop/Register_/Page_Create Account  Threads/input_Create account_customerfirst_name'

05-11-2024T12:08:47 - [MESSAGE][PASSED] - Text 'Tester' is set on object 'Object Repository/Thread_Webshop/Register_/Page_Create Account  Threads/input_Create account_customerfirst_name'

05-11-2024T12:08:47 - [TEST_STEP][PASSED] - setText(findTestObject("Object Repository/Thread_Webshop/Register_/Page_Create Account  Threads/input_First name_customerlast_name"), l_name): Text 'terter' is set on object 'Object Repository/Thread_Webshop/Register_/Page_Create Account  Threads/input_First name_customerlast_name'

05-11-2024T12:08:48 - [MESSAGE][PASSED] - Text 'terter' is set on object 'Object Repository/Thread_Webshop/Register_/Page_Create Account  Threads/input_First name_customerlast_name'

05-11-2024T12:08:48 - [TEST_STEP][PASSED] - setText(findTestObject("Object Repository/Thread_Webshop/Register_/Page_Create Account  Threads/input_Last name_customeremail"), uniqueEmail): Text 'tester_20241105120817@mailinator.com' is set on object 'Object Repository/Thread_Webshop/Register_/Page_Create Account  Threads/input_Last name_customeremail'

05-11-2024T12:08:48 - [MESSAGE][PASSED] - Text 'tester_20241105120817@mailinator.com' is set on object 'Object Repository/Thread_Webshop/Register_/Page_Create Account  Threads/input_Last name_customeremail'

05-11-2024T12:08:48 - [TEST_STEP][PASSED] - takeScreenshot(screenshotFolderPath + "without_passwordBefore.png"): Taking screenshot successfully

05-11-2024T12:08:49 - [MESSAGE][PASSED] - Taking screenshot successfully
[[ATTACHMENT|C:\\Users\\AnusmitaKundu\\git\\threadShopify\\ThreadShopify\\Reports\\20241105_120811\\Threads\\New Test Suite (1)\\20241105_120811\\screenshots/regestration_20241105120817/without_passwordBefore.png]]

05-11-2024T12:08:49 - [TEST_STEP][PASSED] - click(findTestObject("Object Repository/Thread_Webshop/Register_/Page_Create Account  Threads/button_Create")): Object: 'Object Repository/Thread_Webshop/Register_/Page_Create Account  Threads/button_Create' is clicked on

05-11-2024T12:08:51 - [MESSAGE][PASSED] - Object: 'Object Repository/Thread_Webshop/Register_/Page_Create Account  Threads/button_Create' is clicked on

05-11-2024T12:08:51 - [TEST_STEP][PASSED] - verifyTextPresent(error_msg1, false): Text 'Please adjust the following:' is present on page 

05-11-2024T12:08:52 - [MESSAGE][PASSED] - Text 'Please adjust the following:' is present on page 

05-11-2024T12:08:52 - [TEST_STEP][PASSED] - verifyTextPresent(error_msg2, false): Text 'Password can't be blank' is present on page 

05-11-2024T12:08:52 - [MESSAGE][PASSED] - Text 'Password can't be blank' is present on page 

05-11-2024T12:08:52 - [TEST_STEP][PASSED] - takeScreenshot(screenshotFolderPath + "without_passwordAfter.png"): Taking screenshot successfully

05-11-2024T12:08:53 - [MESSAGE][PASSED] - Taking screenshot successfully
[[ATTACHMENT|C:\\Users\\AnusmitaKundu\\git\\threadShopify\\ThreadShopify\\Reports\\20241105_120811\\Threads\\New Test Suite (1)\\20241105_120811\\screenshots/regestration_20241105120817/without_passwordAfter.png]]

05-11-2024T12:08:53 - [TEST_STEP][PASSED] - setText(findTestObject("Object Repository/Thread_Webshop/Register_/Page_Create Account  Threads/input_Create account_customerfirst_name"), f_name): Text 'Tester' is set on object 'Object Repository/Thread_Webshop/Register_/Page_Create Account  Threads/input_Create account_customerfirst_name'

05-11-2024T12:08:54 - [MESSAGE][PASSED] - Text 'Tester' is set on object 'Object Repository/Thread_Webshop/Register_/Page_Create Account  Threads/input_Create account_customerfirst_name'

05-11-2024T12:08:54 - [TEST_STEP][PASSED] - setText(findTestObject("Object Repository/Thread_Webshop/Register_/Page_Create Account  Threads/input_First name_customerlast_name"), l_name): Text 'terter' is set on object 'Object Repository/Thread_Webshop/Register_/Page_Create Account  Threads/input_First name_customerlast_name'

05-11-2024T12:08:55 - [MESSAGE][PASSED] - Text 'terter' is set on object 'Object Repository/Thread_Webshop/Register_/Page_Create Account  Threads/input_First name_customerlast_name'

05-11-2024T12:08:55 - [TEST_STEP][PASSED] - setText(findTestObject("Object Repository/Thread_Webshop/Register_/Page_Create Account  Threads/input_Last name_customeremail"), "tester1234mailinator.com"): Text 'tester1234mailinator.com' is set on object 'Object Repository/Thread_Webshop/Register_/Page_Create Account  Threads/input_Last name_customeremail'

05-11-2024T12:08:56 - [MESSAGE][PASSED] - Text 'tester1234mailinator.com' is set on object 'Object Repository/Thread_Webshop/Register_/Page_Create Account  Threads/input_Last name_customeremail'

05-11-2024T12:08:56 - [TEST_STEP][PASSED] - setEncryptedText(findTestObject("Object Repository/Thread_Webshop/Register_/Page_Create Account  Threads/input_Email_customerpassword"), "UDMlkmqWREzH+mr49N5wRw=="): Text ****** has been set on object 'Object Repository/Thread_Webshop/Register_/Page_Create Account  Threads/input_Email_customerpassword'

05-11-2024T12:08:56 - [MESSAGE][PASSED] - Text ****** has been set on object 'Object Repository/Thread_Webshop/Register_/Page_Create Account  Threads/input_Email_customerpassword'

05-11-2024T12:08:56 - [TEST_STEP][PASSED] - takeScreenshot(screenshotFolderPath + "wrong_emailBefore.png"): Taking screenshot successfully

05-11-2024T12:08:57 - [MESSAGE][PASSED] - Taking screenshot successfully
[[ATTACHMENT|C:\\Users\\AnusmitaKundu\\git\\threadShopify\\ThreadShopify\\Reports\\20241105_120811\\Threads\\New Test Suite (1)\\20241105_120811\\screenshots/regestration_20241105120817/wrong_emailBefore.png]]

05-11-2024T12:08:57 - [TEST_STEP][PASSED] - click(findTestObject("Object Repository/Thread_Webshop/Register_/Page_Create Account  Threads/button_Create")): Object: 'Object Repository/Thread_Webshop/Register_/Page_Create Account  Threads/button_Create' is clicked on

05-11-2024T12:08:59 - [MESSAGE][PASSED] - Object: 'Object Repository/Thread_Webshop/Register_/Page_Create Account  Threads/button_Create' is clicked on

05-11-2024T12:08:59 - [TEST_STEP][PASSED] - verifyTextPresent(error_msg1, false): Text 'Please adjust the following:' is present on page 

05-11-2024T12:09:00 - [MESSAGE][PASSED] - Text 'Please adjust the following:' is present on page 

05-11-2024T12:09:00 - [TEST_STEP][PASSED] - verifyTextPresent(error_msg4, false): Text 'Email is invalid' is present on page 

05-11-2024T12:09:00 - [MESSAGE][PASSED] - Text 'Email is invalid' is present on page 

05-11-2024T12:09:00 - [TEST_STEP][PASSED] - takeScreenshot(screenshotFolderPath + "wrong_emailAfter.png"): Taking screenshot successfully

05-11-2024T12:09:01 - [MESSAGE][PASSED] - Taking screenshot successfully
[[ATTACHMENT|C:\\Users\\AnusmitaKundu\\git\\threadShopify\\ThreadShopify\\Reports\\20241105_120811\\Threads\\New Test Suite (1)\\20241105_120811\\screenshots/regestration_20241105120817/wrong_emailAfter.png]]

05-11-2024T12:09:01 - [TEST_STEP][PASSED] - setText(findTestObject("Object Repository/Thread_Webshop/Register_/Page_Create Account  Threads/input_Create account_customerfirst_name"), l_name): Text 'terter' is set on object 'Object Repository/Thread_Webshop/Register_/Page_Create Account  Threads/input_Create account_customerfirst_name'

05-11-2024T12:09:02 - [MESSAGE][PASSED] - Text 'terter' is set on object 'Object Repository/Thread_Webshop/Register_/Page_Create Account  Threads/input_Create account_customerfirst_name'

05-11-2024T12:09:02 - [TEST_STEP][PASSED] - setText(findTestObject("Object Repository/Thread_Webshop/Register_/Page_Create Account  Threads/input_First name_customerlast_name"), "Sing"): Text 'Sing' is set on object 'Object Repository/Thread_Webshop/Register_/Page_Create Account  Threads/input_First name_customerlast_name'

05-11-2024T12:09:03 - [MESSAGE][PASSED] - Text 'Sing' is set on object 'Object Repository/Thread_Webshop/Register_/Page_Create Account  Threads/input_First name_customerlast_name'

05-11-2024T12:09:03 - [TEST_STEP][PASSED] - setText(findTestObject("Object Repository/Thread_Webshop/Register_/Page_Create Account  Threads/input_Last name_customeremail"), uniqueEmail): Text 'tester_20241105120817@mailinator.com' is set on object 'Object Repository/Thread_Webshop/Register_/Page_Create Account  Threads/input_Last name_customeremail'

05-11-2024T12:09:04 - [MESSAGE][PASSED] - Text 'tester_20241105120817@mailinator.com' is set on object 'Object Repository/Thread_Webshop/Register_/Page_Create Account  Threads/input_Last name_customeremail'

05-11-2024T12:09:04 - [TEST_STEP][PASSED] - setEncryptedText(findTestObject("Object Repository/Thread_Webshop/Register_/Page_Create Account  Threads/input_Email_customerpassword"), "UDMlkmqWREzH+mr49N5wRw=="): Text ****** has been set on object 'Object Repository/Thread_Webshop/Register_/Page_Create Account  Threads/input_Email_customerpassword'

05-11-2024T12:09:04 - [MESSAGE][PASSED] - Text ****** has been set on object 'Object Repository/Thread_Webshop/Register_/Page_Create Account  Threads/input_Email_customerpassword'

05-11-2024T12:09:04 - [TEST_STEP][PASSED] - takeScreenshot(screenshotFolderPath + "correctBefore.png"): Taking screenshot successfully

05-11-2024T12:09:05 - [MESSAGE][PASSED] - Taking screenshot successfully
[[ATTACHMENT|C:\\Users\\AnusmitaKundu\\git\\threadShopify\\ThreadShopify\\Reports\\20241105_120811\\Threads\\New Test Suite (1)\\20241105_120811\\screenshots/regestration_20241105120817/correctBefore.png]]

05-11-2024T12:09:05 - [TEST_STEP][PASSED] - click(findTestObject("Object Repository/Thread_Webshop/Register_/Page_Create Account  Threads/button_Create")): Object: 'Object Repository/Thread_Webshop/Register_/Page_Create Account  Threads/button_Create' is clicked on

05-11-2024T12:09:08 - [MESSAGE][PASSED] - Object: 'Object Repository/Thread_Webshop/Register_/Page_Create Account  Threads/button_Create' is clicked on

05-11-2024T12:09:08 - [TEST_STEP][PASSED] - takeScreenshot(screenshotFolderPath + "correctAfter.png"): Taking screenshot successfully

05-11-2024T12:09:09 - [MESSAGE][PASSED] - Taking screenshot successfully
[[ATTACHMENT|C:\\Users\\AnusmitaKundu\\git\\threadShopify\\ThreadShopify\\Reports\\20241105_120811\\Threads\\New Test Suite (1)\\20241105_120811\\screenshots/regestration_20241105120817/correctAfter.png]]

05-11-2024T12:09:09 - [TEST_STEP][PASSED] - verifyTextPresent(verify_home_page, false): Text 'Home' is present on page 

05-11-2024T12:09:10 - [MESSAGE][PASSED] - Text 'Home' is present on page 

05-11-2024T12:09:10 - [TEST_STEP][PASSED] - takeScreenshot(screenshotFolderPath + "home_page_post_login.png"): Taking screenshot successfully

05-11-2024T12:09:11 - [MESSAGE][PASSED] - Taking screenshot successfully
[[ATTACHMENT|C:\\Users\\AnusmitaKundu\\git\\threadShopify\\ThreadShopify\\Reports\\20241105_120811\\Threads\\New Test Suite (1)\\20241105_120811\\screenshots/regestration_20241105120817/home_page_post_login.png]]

05-11-2024T12:09:11 - [TEST_STEP][PASSED] - click(findTestObject("Object Repository/Page_Threads/svg_Search_icon icon-account")): Object: 'Object Repository/Page_Threads/svg_Search_icon icon-account' is clicked on

05-11-2024T12:09:12 - [MESSAGE][PASSED] - Object: 'Object Repository/Page_Threads/svg_Search_icon icon-account' is clicked on

05-11-2024T12:09:12 - [TEST_STEP][PASSED] - takeScreenshot(screenshotFolderPath + "logout.png"): Taking screenshot successfully

05-11-2024T12:09:13 - [MESSAGE][PASSED] - Taking screenshot successfully
[[ATTACHMENT|C:\\Users\\AnusmitaKundu\\git\\threadShopify\\ThreadShopify\\Reports\\20241105_120811\\Threads\\New Test Suite (1)\\20241105_120811\\screenshots/regestration_20241105120817/logout.png]]

05-11-2024T12:09:13 - [TEST_STEP][PASSED] - click(findTestObject("Object Repository/Thread_Webshop/Register_/Page_Account  Threads/a_Log out")): Object: 'Object Repository/Thread_Webshop/Register_/Page_Account  Threads/a_Log out' is clicked on

05-11-2024T12:09:15 - [MESSAGE][PASSED] - Object: 'Object Repository/Thread_Webshop/Register_/Page_Account  Threads/a_Log out' is clicked on

05-11-2024T12:09:15 - [TEST_STEP][PASSED] - verifyTextPresent(verify_home_page, false): Text 'Home' is present on page 

05-11-2024T12:09:16 - [MESSAGE][PASSED] - Text 'Home' is present on page 

05-11-2024T12:09:16 - [TEST_STEP][PASSED] - closeBrowser(): Browser is closed

05-11-2024T12:09:17 - [MESSAGE][PASSED] - Browser is closed]]></system-out>
         <system-err><![CDATA[]]></system-err>
      </testcase>
      <testcase name="Test Cases/Threads_Webshop/2 Login/Verify Login" time="47.405" classname="Test Cases/Threads_Webshop/2 Login/Verify Login" status="PASSED">
         <system-out><![CDATA[05-11-2024T12:09:17 - [TEST_CASE][PASSED] - Test Cases/Threads_Webshop/2 Login/Verify Login: Test Cases/Threads_Webshop/2 Login/Verify Login

05-11-2024T12:09:18 - [TEST_STEP][PASSED] - currentDateTime = LocalDateTime.now(): null

05-11-2024T12:09:18 - [TEST_STEP][PASSED] - formatter = DateTimeFormatter.ofPattern("yyyyMMddHHmmss"): null

05-11-2024T12:09:18 - [TEST_STEP][PASSED] - dateTimeString = currentDateTime.format(formatter): null

05-11-2024T12:09:18 - [TEST_STEP][PASSED] - screenshotFolderPath = "screenshots/login_" + dateTimeString + "/": null

05-11-2024T12:09:18 - [TEST_STEP][PASSED] - File(screenshotFolderPath).mkdirs(): null

05-11-2024T12:09:18 - [TEST_STEP][PASSED] - callTestCase(findTestCase("Threads_Webshop/ReUsable Testcases/Enter Password"), [:], STOP_ON_FAILURE): Call Test Case 'Test Cases/Threads_Webshop/ReUsable Testcases/Enter Password' successfully

05-11-2024T12:09:18 - [TEST_CASE][PASSED] - Test Cases/Threads_Webshop/ReUsable Testcases/Enter Password: Test Cases/Threads_Webshop/ReUsable Testcases/Enter Password

05-11-2024T12:09:18 - [TEST_STEP][PASSED] - openBrowser(""): Browser is opened with url: ''

05-11-2024T12:09:18 - [MESSAGE][INFO] - Starting 'Chrome' driver

05-11-2024T12:09:18 - [MESSAGE][INFO] - Action delay is set to 0 milliseconds

05-11-2024T12:09:19 - [MESSAGE][PASSED] - Browser is opened with url: ''

05-11-2024T12:09:19 - [TEST_STEP][PASSED] - maximizeWindow(): Current window maximized

05-11-2024T12:09:19 - [MESSAGE][PASSED] - Current window maximized

05-11-2024T12:09:19 - [TEST_STEP][PASSED] - navigateToUrl("https://threads0.myshopify.com/password"): Navigate to 'https://threads0.myshopify.com/password' successfully

05-11-2024T12:09:21 - [MESSAGE][PASSED] - Navigate to 'https://threads0.myshopify.com/password' successfully

05-11-2024T12:09:21 - [TEST_STEP][PASSED] - click(findTestObject("Object Repository/Thread_Webshop/Reusable Testcase/Page_Threads/div_Enter using password")): Object: 'Object Repository/Thread_Webshop/Reusable Testcase/Page_Threads/div_Enter using password' is clicked on

05-11-2024T12:09:24 - [MESSAGE][PASSED] - Object: 'Object Repository/Thread_Webshop/Reusable Testcase/Page_Threads/div_Enter using password' is clicked on

05-11-2024T12:09:24 - [TEST_STEP][PASSED] - setEncryptedText(findTestObject("Object Repository/Thread_Webshop/Reusable Testcase/Page_Threads/input_Enter store using password_password"), "gnzTAVlujIw+lTr0To6+Cg=="): Text ****** has been set on object 'Object Repository/Thread_Webshop/Reusable Testcase/Page_Threads/input_Enter store using password_password'

05-11-2024T12:09:25 - [MESSAGE][PASSED] - Text ****** has been set on object 'Object Repository/Thread_Webshop/Reusable Testcase/Page_Threads/input_Enter store using password_password'

05-11-2024T12:09:25 - [TEST_STEP][PASSED] - click(findTestObject("Object Repository/Thread_Webshop/Reusable Testcase/Page_Threads/button_Enter")): Object: 'Object Repository/Thread_Webshop/Reusable Testcase/Page_Threads/button_Enter' is clicked on

05-11-2024T12:09:26 - [MESSAGE][PASSED] - Object: 'Object Repository/Thread_Webshop/Reusable Testcase/Page_Threads/button_Enter' is clicked on

05-11-2024T12:09:26 - [MESSAGE][PASSED] - Call Test Case 'Test Cases/Threads_Webshop/ReUsable Testcases/Enter Password' successfully

05-11-2024T12:09:26 - [TEST_STEP][PASSED] - click(findTestObject("Object Repository/Login_An/Login with Invalid Credentials/Page_Threads/svg_Search_icon icon-account")): Object: 'Object Repository/Login_An/Login with Invalid Credentials/Page_Threads/svg_Search_icon icon-account' is clicked on

05-11-2024T12:09:28 - [MESSAGE][PASSED] - Object: 'Object Repository/Login_An/Login with Invalid Credentials/Page_Threads/svg_Search_icon icon-account' is clicked on

05-11-2024T12:09:28 - [TEST_STEP][PASSED] - verifyTextPresent(login_page, false): Text 'Login' is present on page 

05-11-2024T12:09:29 - [MESSAGE][PASSED] - Text 'Login' is present on page 

05-11-2024T12:09:29 - [TEST_STEP][PASSED] - takeScreenshot(screenshotFolderPath + "login_page.png"): Taking screenshot successfully

05-11-2024T12:09:30 - [MESSAGE][PASSED] - Taking screenshot successfully
[[ATTACHMENT|C:\\Users\\AnusmitaKundu\\git\\threadShopify\\ThreadShopify\\Reports\\20241105_120811\\Threads\\New Test Suite (1)\\20241105_120811\\screenshots/login_20241105120918/login_page.png]]

05-11-2024T12:09:30 - [TEST_STEP][PASSED] - click(findTestObject("Object Repository/Login_An/Login with Invalid Credentials/Page_Account  Threads/button_Sign in")): Object: 'Object Repository/Login_An/Login with Invalid Credentials/Page_Account  Threads/button_Sign in' is clicked on

05-11-2024T12:09:32 - [MESSAGE][PASSED] - Object: 'Object Repository/Login_An/Login with Invalid Credentials/Page_Account  Threads/button_Sign in' is clicked on

05-11-2024T12:09:32 - [TEST_STEP][PASSED] - takeScreenshot(screenshotFolderPath + "login_page_after.png"): Taking screenshot successfully

05-11-2024T12:09:33 - [MESSAGE][PASSED] - Taking screenshot successfully
[[ATTACHMENT|C:\\Users\\AnusmitaKundu\\git\\threadShopify\\ThreadShopify\\Reports\\20241105_120811\\Threads\\New Test Suite (1)\\20241105_120811\\screenshots/login_20241105120918/login_page_after.png]]

05-11-2024T12:09:33 - [TEST_STEP][PASSED] - verifyTextPresent(error_msg1, false): Text 'Please adjust the following:' is present on page 

05-11-2024T12:09:33 - [MESSAGE][PASSED] - Text 'Please adjust the following:' is present on page 

05-11-2024T12:09:33 - [TEST_STEP][PASSED] - verifyTextPresent(error_msg2, false): Text 'Incorrect email or password.' is present on page 

05-11-2024T12:09:33 - [MESSAGE][PASSED] - Text 'Incorrect email or password.' is present on page 

05-11-2024T12:09:33 - [TEST_STEP][PASSED] - setText(findTestObject("Object Repository/Login_An/Login with Invalid Credentials/Page_Account  Threads/input_Login_customeremail"), invalidemail): Text 'cenaalice@mailcom' is set on object 'Object Repository/Login_An/Login with Invalid Credentials/Page_Account  Threads/input_Login_customeremail'

05-11-2024T12:09:34 - [MESSAGE][PASSED] - Text 'cenaalice@mailcom' is set on object 'Object Repository/Login_An/Login with Invalid Credentials/Page_Account  Threads/input_Login_customeremail'

05-11-2024T12:09:34 - [TEST_STEP][PASSED] - setEncryptedText(findTestObject("Object Repository/Login_An/Login with Invalid Credentials/Page_Account  Threads/input_Email_customerpassword"), validpassword): Text ****** has been set on object 'Object Repository/Login_An/Login with Invalid Credentials/Page_Account  Threads/input_Email_customerpassword'

05-11-2024T12:09:35 - [MESSAGE][PASSED] - Text ****** has been set on object 'Object Repository/Login_An/Login with Invalid Credentials/Page_Account  Threads/input_Email_customerpassword'

05-11-2024T12:09:35 - [TEST_STEP][PASSED] - takeScreenshot(screenshotFolderPath + "invalid_email_before.png"): Taking screenshot successfully

05-11-2024T12:09:35 - [MESSAGE][PASSED] - Taking screenshot successfully
[[ATTACHMENT|C:\\Users\\AnusmitaKundu\\git\\threadShopify\\ThreadShopify\\Reports\\20241105_120811\\Threads\\New Test Suite (1)\\20241105_120811\\screenshots/login_20241105120918/invalid_email_before.png]]

05-11-2024T12:09:35 - [TEST_STEP][PASSED] - click(findTestObject("Object Repository/Login_An/Login with Invalid Credentials/Page_Account  Threads/button_Sign in")): Object: 'Object Repository/Login_An/Login with Invalid Credentials/Page_Account  Threads/button_Sign in' is clicked on

05-11-2024T12:09:37 - [MESSAGE][PASSED] - Object: 'Object Repository/Login_An/Login with Invalid Credentials/Page_Account  Threads/button_Sign in' is clicked on

05-11-2024T12:09:37 - [TEST_STEP][PASSED] - verifyTextPresent(error_msg1, false): Text 'Please adjust the following:' is present on page 

05-11-2024T12:09:38 - [MESSAGE][PASSED] - Text 'Please adjust the following:' is present on page 

05-11-2024T12:09:38 - [TEST_STEP][PASSED] - verifyTextPresent(error_msg2, false): Text 'Incorrect email or password.' is present on page 

05-11-2024T12:09:39 - [MESSAGE][PASSED] - Text 'Incorrect email or password.' is present on page 

05-11-2024T12:09:39 - [TEST_STEP][PASSED] - takeScreenshot(screenshotFolderPath + "invalid_email_after.png"): Taking screenshot successfully

05-11-2024T12:09:39 - [MESSAGE][PASSED] - Taking screenshot successfully
[[ATTACHMENT|C:\\Users\\AnusmitaKundu\\git\\threadShopify\\ThreadShopify\\Reports\\20241105_120811\\Threads\\New Test Suite (1)\\20241105_120811\\screenshots/login_20241105120918/invalid_email_after.png]]

05-11-2024T12:09:39 - [TEST_STEP][PASSED] - setText(findTestObject("Object Repository/Login_An/Login with Invalid Credentials/Page_Account  Threads/input_Login_customeremail"), validemail): Text 'cenaalice1234@mailinator.com' is set on object 'Object Repository/Login_An/Login with Invalid Credentials/Page_Account  Threads/input_Login_customeremail'

05-11-2024T12:09:41 - [MESSAGE][PASSED] - Text 'cenaalice1234@mailinator.com' is set on object 'Object Repository/Login_An/Login with Invalid Credentials/Page_Account  Threads/input_Login_customeremail'

05-11-2024T12:09:41 - [TEST_STEP][PASSED] - setEncryptedText(findTestObject("Object Repository/Login_An/Login with Invalid Credentials/Page_Account  Threads/input_Email_customerpassword"), invalidpass): Text ****** has been set on object 'Object Repository/Login_An/Login with Invalid Credentials/Page_Account  Threads/input_Email_customerpassword'

05-11-2024T12:09:41 - [MESSAGE][PASSED] - Text ****** has been set on object 'Object Repository/Login_An/Login with Invalid Credentials/Page_Account  Threads/input_Email_customerpassword'

05-11-2024T12:09:41 - [TEST_STEP][PASSED] - takeScreenshot(screenshotFolderPath + "invalid_password_before.png"): Taking screenshot successfully

05-11-2024T12:09:42 - [MESSAGE][PASSED] - Taking screenshot successfully
[[ATTACHMENT|C:\\Users\\AnusmitaKundu\\git\\threadShopify\\ThreadShopify\\Reports\\20241105_120811\\Threads\\New Test Suite (1)\\20241105_120811\\screenshots/login_20241105120918/invalid_password_before.png]]

05-11-2024T12:09:42 - [TEST_STEP][PASSED] - click(findTestObject("Object Repository/Login_An/Login with Invalid Credentials/Page_Account  Threads/button_Sign in")): Object: 'Object Repository/Login_An/Login with Invalid Credentials/Page_Account  Threads/button_Sign in' is clicked on

05-11-2024T12:09:44 - [MESSAGE][PASSED] - Object: 'Object Repository/Login_An/Login with Invalid Credentials/Page_Account  Threads/button_Sign in' is clicked on

05-11-2024T12:09:44 - [TEST_STEP][PASSED] - verifyTextPresent(error_msg1, false): Text 'Please adjust the following:' is present on page 

05-11-2024T12:09:45 - [MESSAGE][PASSED] - Text 'Please adjust the following:' is present on page 

05-11-2024T12:09:45 - [TEST_STEP][PASSED] - verifyTextPresent(error_msg2, false): Text 'Incorrect email or password.' is present on page 

05-11-2024T12:09:45 - [MESSAGE][PASSED] - Text 'Incorrect email or password.' is present on page 

05-11-2024T12:09:45 - [TEST_STEP][PASSED] - takeScreenshot(screenshotFolderPath + "invalid_password_after.png"): Taking screenshot successfully

05-11-2024T12:09:45 - [MESSAGE][PASSED] - Taking screenshot successfully
[[ATTACHMENT|C:\\Users\\AnusmitaKundu\\git\\threadShopify\\ThreadShopify\\Reports\\20241105_120811\\Threads\\New Test Suite (1)\\20241105_120811\\screenshots/login_20241105120918/invalid_password_after.png]]

05-11-2024T12:09:45 - [TEST_STEP][PASSED] - setText(findTestObject("Object Repository/Login_An/Login with Invalid Credentials/Page_Account  Threads/input_Login_customeremail"), validemail): Text 'cenaalice1234@mailinator.com' is set on object 'Object Repository/Login_An/Login with Invalid Credentials/Page_Account  Threads/input_Login_customeremail'

05-11-2024T12:09:47 - [MESSAGE][PASSED] - Text 'cenaalice1234@mailinator.com' is set on object 'Object Repository/Login_An/Login with Invalid Credentials/Page_Account  Threads/input_Login_customeremail'

05-11-2024T12:09:47 - [TEST_STEP][PASSED] - setEncryptedText(findTestObject("Object Repository/Login_An/Login with Invalid Credentials/Page_Account  Threads/input_Email_customerpassword"), validpassword): Text ****** has been set on object 'Object Repository/Login_An/Login with Invalid Credentials/Page_Account  Threads/input_Email_customerpassword'

05-11-2024T12:09:47 - [MESSAGE][PASSED] - Text ****** has been set on object 'Object Repository/Login_An/Login with Invalid Credentials/Page_Account  Threads/input_Email_customerpassword'

05-11-2024T12:09:47 - [TEST_STEP][PASSED] - takeScreenshot(screenshotFolderPath + "valid_before.png"): Taking screenshot successfully

05-11-2024T12:09:48 - [MESSAGE][PASSED] - Taking screenshot successfully
[[ATTACHMENT|C:\\Users\\AnusmitaKundu\\git\\threadShopify\\ThreadShopify\\Reports\\20241105_120811\\Threads\\New Test Suite (1)\\20241105_120811\\screenshots/login_20241105120918/valid_before.png]]

05-11-2024T12:09:48 - [TEST_STEP][PASSED] - click(findTestObject("Object Repository/Login_An/Login with Invalid Credentials/Page_Account  Threads/button_Sign in")): Object: 'Object Repository/Login_An/Login with Invalid Credentials/Page_Account  Threads/button_Sign in' is clicked on

05-11-2024T12:09:50 - [MESSAGE][PASSED] - Object: 'Object Repository/Login_An/Login with Invalid Credentials/Page_Account  Threads/button_Sign in' is clicked on

05-11-2024T12:09:50 - [TEST_STEP][PASSED] - takeScreenshot(screenshotFolderPath + "valid_after.png"): Taking screenshot successfully

05-11-2024T12:09:52 - [MESSAGE][PASSED] - Taking screenshot successfully
[[ATTACHMENT|C:\\Users\\AnusmitaKundu\\git\\threadShopify\\ThreadShopify\\Reports\\20241105_120811\\Threads\\New Test Suite (1)\\20241105_120811\\screenshots/login_20241105120918/valid_after.png]]

05-11-2024T12:09:52 - [TEST_STEP][PASSED] - verifyTextPresent(account_page, false): Text 'Account' is present on page 

05-11-2024T12:09:52 - [MESSAGE][PASSED] - Text 'Account' is present on page 

05-11-2024T12:09:52 - [TEST_STEP][PASSED] - verifyTextPresent(name, false): Text 'Alice Cena' is present on page 

05-11-2024T12:09:53 - [MESSAGE][PASSED] - Text 'Alice Cena' is present on page 

05-11-2024T12:09:53 - [TEST_STEP][PASSED] - takeScreenshot(screenshotFolderPath + "account_page.png"): Taking screenshot successfully

05-11-2024T12:09:53 - [MESSAGE][PASSED] - Taking screenshot successfully
[[ATTACHMENT|C:\\Users\\AnusmitaKundu\\git\\threadShopify\\ThreadShopify\\Reports\\20241105_120811\\Threads\\New Test Suite (1)\\20241105_120811\\screenshots/login_20241105120918/account_page.png]]

05-11-2024T12:09:53 - [TEST_STEP][PASSED] - click(findTestObject("Object Repository/Login_An/Login with Invalid Credentials/Page_Account  Threads/span_Home")): Object: 'Object Repository/Login_An/Login with Invalid Credentials/Page_Account  Threads/span_Home' is clicked on

05-11-2024T12:09:54 - [MESSAGE][PASSED] - Object: 'Object Repository/Login_An/Login with Invalid Credentials/Page_Account  Threads/span_Home' is clicked on

05-11-2024T12:09:54 - [TEST_STEP][PASSED] - click(findTestObject("Object Repository/Login_An/Login with Invalid Credentials/Page_Threads/svg_Search_icon icon-account")): Object: 'Object Repository/Login_An/Login with Invalid Credentials/Page_Threads/svg_Search_icon icon-account' is clicked on

05-11-2024T12:09:56 - [MESSAGE][PASSED] - Object: 'Object Repository/Login_An/Login with Invalid Credentials/Page_Threads/svg_Search_icon icon-account' is clicked on

05-11-2024T12:09:56 - [TEST_STEP][PASSED] - takeScreenshot(screenshotFolderPath + "logout_page.png"): Taking screenshot successfully

05-11-2024T12:09:57 - [MESSAGE][PASSED] - Taking screenshot successfully
[[ATTACHMENT|C:\\Users\\AnusmitaKundu\\git\\threadShopify\\ThreadShopify\\Reports\\20241105_120811\\Threads\\New Test Suite (1)\\20241105_120811\\screenshots/login_20241105120918/logout_page.png]]

05-11-2024T12:09:57 - [TEST_STEP][PASSED] - click(findTestObject("Object Repository/Login_An/Login with Invalid Credentials/Page_Account  Threads/a_Log out")): Object: 'Object Repository/Login_An/Login with Invalid Credentials/Page_Account  Threads/a_Log out' is clicked on

05-11-2024T12:10:00 - [MESSAGE][PASSED] - Object: 'Object Repository/Login_An/Login with Invalid Credentials/Page_Account  Threads/a_Log out' is clicked on

05-11-2024T12:10:00 - [TEST_STEP][PASSED] - click(findTestObject("Object Repository/Login_An/Login with Invalid Credentials/Page_Threads/span_Search_svg-wrapper")): Object: 'Object Repository/Login_An/Login with Invalid Credentials/Page_Threads/span_Search_svg-wrapper' is clicked on

05-11-2024T12:10:02 - [MESSAGE][PASSED] - Object: 'Object Repository/Login_An/Login with Invalid Credentials/Page_Threads/span_Search_svg-wrapper' is clicked on

05-11-2024T12:10:02 - [TEST_STEP][PASSED] - takeScreenshot(screenshotFolderPath + "login_page_after_logout.png"): Taking screenshot successfully

05-11-2024T12:10:03 - [MESSAGE][PASSED] - Taking screenshot successfully
[[ATTACHMENT|C:\\Users\\AnusmitaKundu\\git\\threadShopify\\ThreadShopify\\Reports\\20241105_120811\\Threads\\New Test Suite (1)\\20241105_120811\\screenshots/login_20241105120918/login_page_after_logout.png]]

05-11-2024T12:10:03 - [TEST_STEP][PASSED] - verifyTextPresent(login_page, false): Text 'Login' is present on page 

05-11-2024T12:10:04 - [MESSAGE][PASSED] - Text 'Login' is present on page 

05-11-2024T12:10:04 - [TEST_STEP][PASSED] - closeBrowser(): Browser is closed

05-11-2024T12:10:05 - [MESSAGE][PASSED] - Browser is closed]]></system-out>
         <system-err><![CDATA[]]></system-err>
      </testcase>
      <testcase name="Test Cases/Threads_Webshop/3 Homepage/TC-3,66-Verify Seach Bar" time="33.385" classname="Test Cases/Threads_Webshop/3 Homepage/TC-3,66-Verify Seach Bar" status="PASSED">
         <system-out><![CDATA[05-11-2024T12:10:05 - [TEST_CASE][PASSED] - Test Cases/Threads_Webshop/3 Homepage/TC-3,66-Verify Seach Bar: Test Cases/Threads_Webshop/3 Homepage/TC-3,66-Verify Seach Bar

05-11-2024T12:10:05 - [TEST_STEP][PASSED] - currentDateTime = LocalDateTime.now(): null

05-11-2024T12:10:05 - [TEST_STEP][PASSED] - formatter = DateTimeFormatter.ofPattern("yyyyMMdd_HHmmss"): null

05-11-2024T12:10:05 - [TEST_STEP][PASSED] - dateTimeString = currentDateTime.format(formatter): null

05-11-2024T12:10:05 - [TEST_STEP][PASSED] - screenshotFolderPath = "screenshots/home_page_" + dateTimeString + "/": null

05-11-2024T12:10:05 - [TEST_STEP][PASSED] - File(screenshotFolderPath).mkdirs(): null

05-11-2024T12:10:05 - [TEST_STEP][PASSED] - callTestCase(findTestCase("Threads_Webshop/ReUsable Testcases/Enter Password"), [:], STOP_ON_FAILURE): Call Test Case 'Test Cases/Threads_Webshop/ReUsable Testcases/Enter Password' successfully

05-11-2024T12:10:05 - [TEST_CASE][PASSED] - Test Cases/Threads_Webshop/ReUsable Testcases/Enter Password: Test Cases/Threads_Webshop/ReUsable Testcases/Enter Password

05-11-2024T12:10:05 - [TEST_STEP][PASSED] - openBrowser(""): Browser is opened with url: ''

05-11-2024T12:10:05 - [MESSAGE][INFO] - Starting 'Chrome' driver

05-11-2024T12:10:05 - [MESSAGE][INFO] - Action delay is set to 0 milliseconds

05-11-2024T12:10:06 - [MESSAGE][PASSED] - Browser is opened with url: ''

05-11-2024T12:10:06 - [TEST_STEP][PASSED] - maximizeWindow(): Current window maximized

05-11-2024T12:10:06 - [MESSAGE][PASSED] - Current window maximized

05-11-2024T12:10:06 - [TEST_STEP][PASSED] - navigateToUrl("https://threads0.myshopify.com/password"): Navigate to 'https://threads0.myshopify.com/password' successfully

05-11-2024T12:10:08 - [MESSAGE][PASSED] - Navigate to 'https://threads0.myshopify.com/password' successfully

05-11-2024T12:10:08 - [TEST_STEP][PASSED] - click(findTestObject("Object Repository/Thread_Webshop/Reusable Testcase/Page_Threads/div_Enter using password")): Object: 'Object Repository/Thread_Webshop/Reusable Testcase/Page_Threads/div_Enter using password' is clicked on

05-11-2024T12:10:13 - [MESSAGE][PASSED] - Object: 'Object Repository/Thread_Webshop/Reusable Testcase/Page_Threads/div_Enter using password' is clicked on

05-11-2024T12:10:13 - [TEST_STEP][PASSED] - setEncryptedText(findTestObject("Object Repository/Thread_Webshop/Reusable Testcase/Page_Threads/input_Enter store using password_password"), "gnzTAVlujIw+lTr0To6+Cg=="): Text ****** has been set on object 'Object Repository/Thread_Webshop/Reusable Testcase/Page_Threads/input_Enter store using password_password'

05-11-2024T12:10:13 - [MESSAGE][PASSED] - Text ****** has been set on object 'Object Repository/Thread_Webshop/Reusable Testcase/Page_Threads/input_Enter store using password_password'

05-11-2024T12:10:13 - [TEST_STEP][PASSED] - click(findTestObject("Object Repository/Thread_Webshop/Reusable Testcase/Page_Threads/button_Enter")): Object: 'Object Repository/Thread_Webshop/Reusable Testcase/Page_Threads/button_Enter' is clicked on

05-11-2024T12:10:15 - [MESSAGE][PASSED] - Object: 'Object Repository/Thread_Webshop/Reusable Testcase/Page_Threads/button_Enter' is clicked on

05-11-2024T12:10:15 - [MESSAGE][PASSED] - Call Test Case 'Test Cases/Threads_Webshop/ReUsable Testcases/Enter Password' successfully

05-11-2024T12:10:15 - [TEST_STEP][PASSED] - verifyTextPresent(home_page, false): Text 'Home' is present on page 

05-11-2024T12:10:16 - [MESSAGE][PASSED] - Text 'Home' is present on page 

05-11-2024T12:10:16 - [TEST_STEP][PASSED] - takeScreenshot(screenshotFolderPath + "home.png"): Taking screenshot successfully

05-11-2024T12:10:16 - [MESSAGE][PASSED] - Taking screenshot successfully
[[ATTACHMENT|C:\\Users\\AnusmitaKundu\\git\\threadShopify\\ThreadShopify\\Reports\\20241105_120811\\Threads\\New Test Suite (1)\\20241105_120811\\screenshots/home_page_20241105_121005/home.png]]

05-11-2024T12:10:16 - [TEST_STEP][PASSED] - verifyElementClickable(findTestObject("Object Repository/Page_Threads/svg_Contact_icon icon-search")): Object 'Object Repository/Page_Threads/svg_Contact_icon icon-search' is clickable

05-11-2024T12:10:17 - [MESSAGE][PASSED] - Object 'Object Repository/Page_Threads/svg_Contact_icon icon-search' is clickable

05-11-2024T12:10:17 - [TEST_STEP][PASSED] - click(findTestObject("Object Repository/Page_Threads/svg_Contact_icon icon-search")): Object: 'Object Repository/Page_Threads/svg_Contact_icon icon-search' is clicked on

05-11-2024T12:10:17 - [MESSAGE][PASSED] - Object: 'Object Repository/Page_Threads/svg_Contact_icon icon-search' is clicked on

05-11-2024T12:10:17 - [TEST_STEP][PASSED] - takeScreenshot(screenshotFolderPath + "open_search_bar.png"): Taking screenshot successfully

05-11-2024T12:10:18 - [MESSAGE][PASSED] - Taking screenshot successfully
[[ATTACHMENT|C:\\Users\\AnusmitaKundu\\git\\threadShopify\\ThreadShopify\\Reports\\20241105_120811\\Threads\\New Test Suite (1)\\20241105_120811\\screenshots/home_page_20241105_121005/open_search_bar.png]]

05-11-2024T12:10:18 - [TEST_STEP][PASSED] - verifyTextPresent("", false): Text '' is present on page 

05-11-2024T12:10:18 - [MESSAGE][PASSED] - Text '' is present on page 

05-11-2024T12:10:18 - [TEST_STEP][PASSED] - verifyElementClickable(findTestObject("Object Repository/Page_Threads/svg_Search_icon icon-search")): Object 'Object Repository/Page_Threads/svg_Search_icon icon-search' is clickable

05-11-2024T12:10:19 - [MESSAGE][PASSED] - Object 'Object Repository/Page_Threads/svg_Search_icon icon-search' is clickable

05-11-2024T12:10:19 - [TEST_STEP][PASSED] - click(findTestObject("Object Repository/Page_Threads/svg_Search_icon icon-search")): Object: 'Object Repository/Page_Threads/svg_Search_icon icon-search' is clicked on

05-11-2024T12:10:19 - [MESSAGE][PASSED] - Object: 'Object Repository/Page_Threads/svg_Search_icon icon-search' is clicked on

05-11-2024T12:10:19 - [TEST_STEP][PASSED] - takeScreenshot(screenshotFolderPath + "blank_bar.png"): Taking screenshot successfully

05-11-2024T12:10:20 - [MESSAGE][PASSED] - Taking screenshot successfully
[[ATTACHMENT|C:\\Users\\AnusmitaKundu\\git\\threadShopify\\ThreadShopify\\Reports\\20241105_120811\\Threads\\New Test Suite (1)\\20241105_120811\\screenshots/home_page_20241105_121005/blank_bar.png]]

05-11-2024T12:10:20 - [TEST_STEP][PASSED] - setText(findTestObject("Object Repository/Page_Threads/input_Contact_q"), invalid_search): Text 'Verify invalid search' is set on object 'Object Repository/Page_Threads/input_Contact_q'

05-11-2024T12:10:20 - [MESSAGE][PASSED] - Text 'Verify invalid search' is set on object 'Object Repository/Page_Threads/input_Contact_q'

05-11-2024T12:10:20 - [TEST_STEP][PASSED] - takeScreenshot(screenshotFolderPath + "invalid_before.png"): Taking screenshot successfully

05-11-2024T12:10:22 - [MESSAGE][PASSED] - Taking screenshot successfully
[[ATTACHMENT|C:\\Users\\AnusmitaKundu\\git\\threadShopify\\ThreadShopify\\Reports\\20241105_120811\\Threads\\New Test Suite (1)\\20241105_120811\\screenshots/home_page_20241105_121005/invalid_before.png]]

05-11-2024T12:10:22 - [TEST_STEP][PASSED] - click(findTestObject("Object Repository/Page_Threads/svg_Search_icon icon-search")): Object: 'Object Repository/Page_Threads/svg_Search_icon icon-search' is clicked on

05-11-2024T12:10:23 - [MESSAGE][PASSED] - Object: 'Object Repository/Page_Threads/svg_Search_icon icon-search' is clicked on

05-11-2024T12:10:23 - [TEST_STEP][PASSED] - verifyTextPresent(search_result, false): Text 'Search results' is present on page 

05-11-2024T12:10:24 - [MESSAGE][PASSED] - Text 'Search results' is present on page 

05-11-2024T12:10:24 - [TEST_STEP][PASSED] - verifyTextPresent(no_result, false): Text 'No results found for' is present on page 

05-11-2024T12:10:24 - [MESSAGE][PASSED] - Text 'No results found for' is present on page 

05-11-2024T12:10:24 - [TEST_STEP][PASSED] - takeScreenshot(screenshotFolderPath + "invalid_after.png"): Taking screenshot successfully

05-11-2024T12:10:24 - [MESSAGE][PASSED] - Taking screenshot successfully
[[ATTACHMENT|C:\\Users\\AnusmitaKundu\\git\\threadShopify\\ThreadShopify\\Reports\\20241105_120811\\Threads\\New Test Suite (1)\\20241105_120811\\screenshots/home_page_20241105_121005/invalid_after.png]]

05-11-2024T12:10:24 - [TEST_STEP][PASSED] - click(findTestObject("Object Repository/Thread_Webshop/Home_Page/Page_Threads/Page_Search 0 results found for Verify inva_0640af/svg_Contact_icon icon-search")): Object: 'Object Repository/Thread_Webshop/Home_Page/Page_Threads/Page_Search 0 results found for Verify inva_0640af/svg_Contact_icon icon-search' is clicked on

05-11-2024T12:10:25 - [MESSAGE][PASSED] - Object: 'Object Repository/Thread_Webshop/Home_Page/Page_Threads/Page_Search 0 results found for Verify inva_0640af/svg_Contact_icon icon-search' is clicked on

05-11-2024T12:10:25 - [TEST_STEP][PASSED] - setText(findTestObject("Object Repository/Thread_Webshop/Home_Page/Page_Threads/Page_Search 0 results found for Verify inva_0640af/input_Contact_q"), search_item): Text 'Shoe' is set on object 'Object Repository/Thread_Webshop/Home_Page/Page_Threads/Page_Search 0 results found for Verify inva_0640af/input_Contact_q'

05-11-2024T12:10:26 - [MESSAGE][PASSED] - Text 'Shoe' is set on object 'Object Repository/Thread_Webshop/Home_Page/Page_Threads/Page_Search 0 results found for Verify inva_0640af/input_Contact_q'

05-11-2024T12:10:26 - [TEST_STEP][PASSED] - takeScreenshot(screenshotFolderPath + "search_item_before.png"): Taking screenshot successfully

05-11-2024T12:10:26 - [MESSAGE][PASSED] - Taking screenshot successfully
[[ATTACHMENT|C:\\Users\\AnusmitaKundu\\git\\threadShopify\\ThreadShopify\\Reports\\20241105_120811\\Threads\\New Test Suite (1)\\20241105_120811\\screenshots/home_page_20241105_121005/search_item_before.png]]

05-11-2024T12:10:26 - [TEST_STEP][PASSED] - delay(3): Delayed 3 second(s)

05-11-2024T12:10:29 - [MESSAGE][PASSED] - Delayed 3 second(s)

05-11-2024T12:10:29 - [TEST_STEP][PASSED] - verifyElementPresent(findTestObject("Object Repository/Thread_Webshop/Home_Page/Page_Threads/Page_Search 0 results found for Verify inva_0640af/p_DR MARTENS  CAVENDISH 3-EYE SHOE BLACK"), 0): Object 'Object Repository/Thread_Webshop/Home_Page/Page_Threads/Page_Search 0 results found for Verify inva_0640af/p_DR MARTENS  CAVENDISH 3-EYE SHOE BLACK' is present

05-11-2024T12:10:29 - [MESSAGE][WARNING] - Timeout '0' is invalid. Using default page load timeout: '30'

05-11-2024T12:10:30 - [MESSAGE][PASSED] - Object 'Object Repository/Thread_Webshop/Home_Page/Page_Threads/Page_Search 0 results found for Verify inva_0640af/p_DR MARTENS  CAVENDISH 3-EYE SHOE BLACK' is present

05-11-2024T12:10:30 - [TEST_STEP][PASSED] - verifyElementPresent(findTestObject("Object Repository/Thread_Webshop/Home_Page/Page_Threads/Page_Search 0 results found for Verify inva_0640af/p_DR MARTENS  1461 DMC 3-EYE SHOE  BLACK SMOOTH"), 0): Object 'Object Repository/Thread_Webshop/Home_Page/Page_Threads/Page_Search 0 results found for Verify inva_0640af/p_DR MARTENS  1461 DMC 3-EYE SHOE  BLACK SMOOTH' is present

05-11-2024T12:10:30 - [MESSAGE][WARNING] - Timeout '0' is invalid. Using default page load timeout: '30'

05-11-2024T12:10:30 - [MESSAGE][PASSED] - Object 'Object Repository/Thread_Webshop/Home_Page/Page_Threads/Page_Search 0 results found for Verify inva_0640af/p_DR MARTENS  1461 DMC 3-EYE SHOE  BLACK SMOOTH' is present

05-11-2024T12:10:30 - [TEST_STEP][PASSED] - verifyElementPresent(findTestObject("Object Repository/Thread_Webshop/Home_Page/Page_Threads/Page_Search 0 results found for Verify inva_0640af/p_DR MARTENS  1460Z DMC 8-EYE BOOT  CHERRY SMOOTH"), 0): Object 'Object Repository/Thread_Webshop/Home_Page/Page_Threads/Page_Search 0 results found for Verify inva_0640af/p_DR MARTENS  1460Z DMC 8-EYE BOOT  CHERRY SMOOTH' is present

05-11-2024T12:10:30 - [MESSAGE][WARNING] - Timeout '0' is invalid. Using default page load timeout: '30'

05-11-2024T12:10:30 - [MESSAGE][PASSED] - Object 'Object Repository/Thread_Webshop/Home_Page/Page_Threads/Page_Search 0 results found for Verify inva_0640af/p_DR MARTENS  1460Z DMC 8-EYE BOOT  CHERRY SMOOTH' is present

05-11-2024T12:10:30 - [TEST_STEP][PASSED] - verifyElementPresent(findTestObject("Object Repository/Thread_Webshop/Home_Page/Page_Threads/Page_Search 0 results found for Verify inva_0640af/p_TIMBERLAND  MENS 6 INCH PREMIUM BOOT"), 0): Object 'Object Repository/Thread_Webshop/Home_Page/Page_Threads/Page_Search 0 results found for Verify inva_0640af/p_TIMBERLAND  MENS 6 INCH PREMIUM BOOT' is present

05-11-2024T12:10:30 - [MESSAGE][WARNING] - Timeout '0' is invalid. Using default page load timeout: '30'

05-11-2024T12:10:31 - [MESSAGE][PASSED] - Object 'Object Repository/Thread_Webshop/Home_Page/Page_Threads/Page_Search 0 results found for Verify inva_0640af/p_TIMBERLAND  MENS 6 INCH PREMIUM BOOT' is present

05-11-2024T12:10:31 - [TEST_STEP][PASSED] - click(findTestObject("Object Repository/Thread_Webshop/Home_Page/Page_Threads/Page_Search 0 results found for Verify inva_0640af/svg_Search_icon icon-search")): Object: 'Object Repository/Thread_Webshop/Home_Page/Page_Threads/Page_Search 0 results found for Verify inva_0640af/svg_Search_icon icon-search' is clicked on

05-11-2024T12:10:32 - [MESSAGE][PASSED] - Object: 'Object Repository/Thread_Webshop/Home_Page/Page_Threads/Page_Search 0 results found for Verify inva_0640af/svg_Search_icon icon-search' is clicked on

05-11-2024T12:10:32 - [TEST_STEP][PASSED] - takeScreenshot(screenshotFolderPath + "search_item_after.png"): Taking screenshot successfully

05-11-2024T12:10:33 - [MESSAGE][PASSED] - Taking screenshot successfully
[[ATTACHMENT|C:\\Users\\AnusmitaKundu\\git\\threadShopify\\ThreadShopify\\Reports\\20241105_120811\\Threads\\New Test Suite (1)\\20241105_120811\\screenshots/home_page_20241105_121005/search_item_after.png]]

05-11-2024T12:10:33 - [TEST_STEP][PASSED] - verifyTextPresent(search_result, false): Text 'Search results' is present on page 

05-11-2024T12:10:33 - [MESSAGE][PASSED] - Text 'Search results' is present on page 

05-11-2024T12:10:33 - [TEST_STEP][PASSED] - scrollToPosition(500, 0): Browser is scrolled to position x = 500, y = 0

05-11-2024T12:10:33 - [MESSAGE][PASSED] - Browser is scrolled to position x = 500, y = 0

05-11-2024T12:10:33 - [TEST_STEP][PASSED] - verifyElementPresent(findTestObject("Object Repository/Thread_Webshop/Home_Page/Page_Threads/Page_Search 24 results found for Shoe  Threads/a_DR MARTENS  CAVENDISH 3-EYE SHOE BLACK"), 0): Object 'Object Repository/Thread_Webshop/Home_Page/Page_Threads/Page_Search 24 results found for Shoe  Threads/a_DR MARTENS  CAVENDISH 3-EYE SHOE BLACK' is present

05-11-2024T12:10:33 - [MESSAGE][WARNING] - Timeout '0' is invalid. Using default page load timeout: '30'

05-11-2024T12:10:34 - [MESSAGE][PASSED] - Object 'Object Repository/Thread_Webshop/Home_Page/Page_Threads/Page_Search 24 results found for Shoe  Threads/a_DR MARTENS  CAVENDISH 3-EYE SHOE BLACK' is present

05-11-2024T12:10:34 - [TEST_STEP][PASSED] - verifyElementPresent(findTestObject("Object Repository/Thread_Webshop/Home_Page/Page_Threads/Page_Search 24 results found for Shoe  Threads/a_DR MARTENS  1461 DMC 3-EYE SHOE  BLACK SMOOTH"), 0): Object 'Object Repository/Thread_Webshop/Home_Page/Page_Threads/Page_Search 24 results found for Shoe  Threads/a_DR MARTENS  1461 DMC 3-EYE SHOE  BLACK SMOOTH' is present

05-11-2024T12:10:34 - [MESSAGE][WARNING] - Timeout '0' is invalid. Using default page load timeout: '30'

05-11-2024T12:10:34 - [MESSAGE][PASSED] - Object 'Object Repository/Thread_Webshop/Home_Page/Page_Threads/Page_Search 24 results found for Shoe  Threads/a_DR MARTENS  1461 DMC 3-EYE SHOE  BLACK SMOOTH' is present

05-11-2024T12:10:34 - [TEST_STEP][PASSED] - verifyElementPresent(findTestObject("Object Repository/Thread_Webshop/Home_Page/Page_Threads/Page_Search 24 results found for Shoe  Threads/a_ADIDAS  SUPERSTAR 80S"), 0): Object 'Object Repository/Thread_Webshop/Home_Page/Page_Threads/Page_Search 24 results found for Shoe  Threads/a_ADIDAS  SUPERSTAR 80S' is present

05-11-2024T12:10:34 - [MESSAGE][WARNING] - Timeout '0' is invalid. Using default page load timeout: '30'

05-11-2024T12:10:35 - [MESSAGE][PASSED] - Object 'Object Repository/Thread_Webshop/Home_Page/Page_Threads/Page_Search 24 results found for Shoe  Threads/a_ADIDAS  SUPERSTAR 80S' is present

05-11-2024T12:10:35 - [TEST_STEP][PASSED] - verifyElementPresent(findTestObject("Object Repository/Thread_Webshop/Home_Page/Page_Threads/Page_Search 24 results found for Shoe  Threads/a_NIKE  TODDLER ROSHE ONE"), 0): Object 'Object Repository/Thread_Webshop/Home_Page/Page_Threads/Page_Search 24 results found for Shoe  Threads/a_NIKE  TODDLER ROSHE ONE' is present

05-11-2024T12:10:35 - [MESSAGE][WARNING] - Timeout '0' is invalid. Using default page load timeout: '30'

05-11-2024T12:10:35 - [MESSAGE][PASSED] - Object 'Object Repository/Thread_Webshop/Home_Page/Page_Threads/Page_Search 24 results found for Shoe  Threads/a_NIKE  TODDLER ROSHE ONE' is present

05-11-2024T12:10:35 - [TEST_STEP][PASSED] - takeScreenshot(screenshotFolderPath + "search_result.png"): Taking screenshot successfully

05-11-2024T12:10:35 - [MESSAGE][PASSED] - Taking screenshot successfully
[[ATTACHMENT|C:\\Users\\AnusmitaKundu\\git\\threadShopify\\ThreadShopify\\Reports\\20241105_120811\\Threads\\New Test Suite (1)\\20241105_120811\\screenshots/home_page_20241105_121005/search_result.png]]

05-11-2024T12:10:35 - [TEST_STEP][PASSED] - click(findTestObject("Object Repository/Thread_Webshop/Home_Page/Page_Threads/Page_Search 24 results found for Shoe  Threads/span_Home")): Object: 'Object Repository/Thread_Webshop/Home_Page/Page_Threads/Page_Search 24 results found for Shoe  Threads/span_Home' is clicked on

05-11-2024T12:10:36 - [MESSAGE][PASSED] - Object: 'Object Repository/Thread_Webshop/Home_Page/Page_Threads/Page_Search 24 results found for Shoe  Threads/span_Home' is clicked on

05-11-2024T12:10:36 - [TEST_STEP][PASSED] - takeScreenshot(screenshotFolderPath + "home_final.png"): Taking screenshot successfully

05-11-2024T12:10:37 - [MESSAGE][PASSED] - Taking screenshot successfully
[[ATTACHMENT|C:\\Users\\AnusmitaKundu\\git\\threadShopify\\ThreadShopify\\Reports\\20241105_120811\\Threads\\New Test Suite (1)\\20241105_120811\\screenshots/home_page_20241105_121005/home_final.png]]

05-11-2024T12:10:37 - [TEST_STEP][PASSED] - closeBrowser(): Browser is closed

05-11-2024T12:10:38 - [MESSAGE][PASSED] - Browser is closed]]></system-out>
         <system-err><![CDATA[]]></system-err>
      </testcase>
      <testcase name="Test Cases/Threads_Webshop/3 Homepage/TC-672-Verify the Social media button" time="12.108" classname="Test Cases/Threads_Webshop/3 Homepage/TC-672-Verify the Social media button" status="PASSED">
         <system-out><![CDATA[05-11-2024T12:10:38 - [TEST_CASE][PASSED] - Test Cases/Threads_Webshop/3 Homepage/TC-672-Verify the Social media button: Test Cases/Threads_Webshop/3 Homepage/TC-672-Verify the Social media button

05-11-2024T12:10:38 - [TEST_STEP][PASSED] - currentDateTime = LocalDateTime.now(): null

05-11-2024T12:10:38 - [TEST_STEP][PASSED] - formatter = DateTimeFormatter.ofPattern("yyyyMMdd_HHmmss"): null

05-11-2024T12:10:38 - [TEST_STEP][PASSED] - dateTimeString = currentDateTime.format(formatter): null

05-11-2024T12:10:38 - [TEST_STEP][PASSED] - screenshotFolderPath = "screenshots/home_page_" + dateTimeString + "/": null

05-11-2024T12:10:38 - [TEST_STEP][PASSED] - File(screenshotFolderPath).mkdirs(): null

05-11-2024T12:10:38 - [TEST_STEP][PASSED] - callTestCase(findTestCase("Threads_Webshop/ReUsable Testcases/Enter Password"), [:], STOP_ON_FAILURE): Call Test Case 'Test Cases/Threads_Webshop/ReUsable Testcases/Enter Password' successfully

05-11-2024T12:10:38 - [TEST_CASE][PASSED] - Test Cases/Threads_Webshop/ReUsable Testcases/Enter Password: Test Cases/Threads_Webshop/ReUsable Testcases/Enter Password

05-11-2024T12:10:38 - [TEST_STEP][PASSED] - openBrowser(""): Browser is opened with url: ''

05-11-2024T12:10:38 - [MESSAGE][INFO] - Starting 'Chrome' driver

05-11-2024T12:10:38 - [MESSAGE][INFO] - Action delay is set to 0 milliseconds

05-11-2024T12:10:39 - [MESSAGE][PASSED] - Browser is opened with url: ''

05-11-2024T12:10:39 - [TEST_STEP][PASSED] - maximizeWindow(): Current window maximized

05-11-2024T12:10:40 - [MESSAGE][PASSED] - Current window maximized

05-11-2024T12:10:40 - [TEST_STEP][PASSED] - navigateToUrl("https://threads0.myshopify.com/password"): Navigate to 'https://threads0.myshopify.com/password' successfully

05-11-2024T12:10:41 - [MESSAGE][PASSED] - Navigate to 'https://threads0.myshopify.com/password' successfully

05-11-2024T12:10:41 - [TEST_STEP][PASSED] - click(findTestObject("Object Repository/Thread_Webshop/Reusable Testcase/Page_Threads/div_Enter using password")): Object: 'Object Repository/Thread_Webshop/Reusable Testcase/Page_Threads/div_Enter using password' is clicked on

05-11-2024T12:10:45 - [MESSAGE][PASSED] - Object: 'Object Repository/Thread_Webshop/Reusable Testcase/Page_Threads/div_Enter using password' is clicked on

05-11-2024T12:10:45 - [TEST_STEP][PASSED] - setEncryptedText(findTestObject("Object Repository/Thread_Webshop/Reusable Testcase/Page_Threads/input_Enter store using password_password"), "gnzTAVlujIw+lTr0To6+Cg=="): Text ****** has been set on object 'Object Repository/Thread_Webshop/Reusable Testcase/Page_Threads/input_Enter store using password_password'

05-11-2024T12:10:45 - [MESSAGE][PASSED] - Text ****** has been set on object 'Object Repository/Thread_Webshop/Reusable Testcase/Page_Threads/input_Enter store using password_password'

05-11-2024T12:10:45 - [TEST_STEP][PASSED] - click(findTestObject("Object Repository/Thread_Webshop/Reusable Testcase/Page_Threads/button_Enter")): Object: 'Object Repository/Thread_Webshop/Reusable Testcase/Page_Threads/button_Enter' is clicked on

05-11-2024T12:10:47 - [MESSAGE][PASSED] - Object: 'Object Repository/Thread_Webshop/Reusable Testcase/Page_Threads/button_Enter' is clicked on

05-11-2024T12:10:47 - [MESSAGE][PASSED] - Call Test Case 'Test Cases/Threads_Webshop/ReUsable Testcases/Enter Password' successfully

05-11-2024T12:10:47 - [TEST_STEP][PASSED] - maximizeWindow(): Current window maximized

05-11-2024T12:10:47 - [MESSAGE][PASSED] - Current window maximized

05-11-2024T12:10:47 - [TEST_STEP][PASSED] - scrollToPosition(0, 10000): Browser is scrolled to position x = 0, y = 10000

05-11-2024T12:10:47 - [MESSAGE][PASSED] - Browser is scrolled to position x = 0, y = 10000

05-11-2024T12:10:47 - [TEST_STEP][PASSED] - takeScreenshot(screenshotFolderPath + "social_media_icon.png"): Taking screenshot successfully

05-11-2024T12:10:48 - [MESSAGE][PASSED] - Taking screenshot successfully
[[ATTACHMENT|C:\\Users\\AnusmitaKundu\\git\\threadShopify\\ThreadShopify\\Reports\\20241105_120811\\Threads\\New Test Suite (1)\\20241105_120811\\screenshots/home_page_20241105_121038/social_media_icon.png]]

05-11-2024T12:10:48 - [TEST_STEP][PASSED] - verifyElementClickable(findTestObject("Object Repository/Page_Threads/a_Facebook")): Object 'Object Repository/Page_Threads/a_Facebook' is clickable

05-11-2024T12:10:48 - [MESSAGE][PASSED] - Object 'Object Repository/Page_Threads/a_Facebook' is clickable

05-11-2024T12:10:48 - [TEST_STEP][PASSED] - verifyElementClickable(findTestObject("Object Repository/Page_Threads/a_Instagram")): Object 'Object Repository/Page_Threads/a_Instagram' is clickable

05-11-2024T12:10:49 - [MESSAGE][PASSED] - Object 'Object Repository/Page_Threads/a_Instagram' is clickable

05-11-2024T12:10:49 - [TEST_STEP][PASSED] - verifyElementClickable(findTestObject("Object Repository/Page_Threads/a_YouTube")): Object 'Object Repository/Page_Threads/a_YouTube' is clickable

05-11-2024T12:10:49 - [MESSAGE][PASSED] - Object 'Object Repository/Page_Threads/a_YouTube' is clickable

05-11-2024T12:10:49 - [TEST_STEP][PASSED] - verifyElementClickable(findTestObject("Object Repository/Page_Threads/a_X (Twitter)")): Object 'Object Repository/Page_Threads/a_X (Twitter)' is clickable

05-11-2024T12:10:50 - [MESSAGE][PASSED] - Object 'Object Repository/Page_Threads/a_X (Twitter)' is clickable

05-11-2024T12:10:50 - [TEST_STEP][PASSED] - closeBrowser(): Browser is closed

05-11-2024T12:10:50 - [MESSAGE][PASSED] - Browser is closed]]></system-out>
         <system-err><![CDATA[]]></system-err>
      </testcase>
      <testcase name="Test Cases/Threads_Webshop/3 Homepage/TC-89,11-Verify Home page elements" time="21.647" classname="Test Cases/Threads_Webshop/3 Homepage/TC-89,11-Verify Home page elements" status="PASSED">
         <system-out><![CDATA[05-11-2024T12:10:50 - [TEST_CASE][PASSED] - Test Cases/Threads_Webshop/3 Homepage/TC-89,11-Verify Home page elements: Test Cases/Threads_Webshop/3 Homepage/TC-89,11-Verify Home page elements

05-11-2024T12:10:50 - [TEST_STEP][PASSED] - currentDateTime = LocalDateTime.now(): null

05-11-2024T12:10:50 - [TEST_STEP][PASSED] - formatter = DateTimeFormatter.ofPattern("yyyyMMdd_HHmmss"): null

05-11-2024T12:10:50 - [TEST_STEP][PASSED] - dateTimeString = currentDateTime.format(formatter): null

05-11-2024T12:10:50 - [TEST_STEP][PASSED] - screenshotFolderPath = "screenshots/home_page_" + dateTimeString + "/": null

05-11-2024T12:10:50 - [TEST_STEP][PASSED] - File(screenshotFolderPath).mkdirs(): null

05-11-2024T12:10:50 - [TEST_STEP][PASSED] - callTestCase(findTestCase("Threads_Webshop/ReUsable Testcases/Enter Password"), [:], STOP_ON_FAILURE): Call Test Case 'Test Cases/Threads_Webshop/ReUsable Testcases/Enter Password' successfully

05-11-2024T12:10:51 - [TEST_CASE][PASSED] - Test Cases/Threads_Webshop/ReUsable Testcases/Enter Password: Test Cases/Threads_Webshop/ReUsable Testcases/Enter Password

05-11-2024T12:10:51 - [TEST_STEP][PASSED] - openBrowser(""): Browser is opened with url: ''

05-11-2024T12:10:51 - [MESSAGE][INFO] - Starting 'Chrome' driver

05-11-2024T12:10:51 - [MESSAGE][INFO] - Action delay is set to 0 milliseconds

05-11-2024T12:10:52 - [MESSAGE][PASSED] - Browser is opened with url: ''

05-11-2024T12:10:52 - [TEST_STEP][PASSED] - maximizeWindow(): Current window maximized

05-11-2024T12:10:52 - [MESSAGE][PASSED] - Current window maximized

05-11-2024T12:10:52 - [TEST_STEP][PASSED] - navigateToUrl("https://threads0.myshopify.com/password"): Navigate to 'https://threads0.myshopify.com/password' successfully

05-11-2024T12:10:54 - [MESSAGE][PASSED] - Navigate to 'https://threads0.myshopify.com/password' successfully

05-11-2024T12:10:54 - [TEST_STEP][PASSED] - click(findTestObject("Object Repository/Thread_Webshop/Reusable Testcase/Page_Threads/div_Enter using password")): Object: 'Object Repository/Thread_Webshop/Reusable Testcase/Page_Threads/div_Enter using password' is clicked on

05-11-2024T12:11:02 - [MESSAGE][PASSED] - Object: 'Object Repository/Thread_Webshop/Reusable Testcase/Page_Threads/div_Enter using password' is clicked on

05-11-2024T12:11:02 - [TEST_STEP][PASSED] - setEncryptedText(findTestObject("Object Repository/Thread_Webshop/Reusable Testcase/Page_Threads/input_Enter store using password_password"), "gnzTAVlujIw+lTr0To6+Cg=="): Text ****** has been set on object 'Object Repository/Thread_Webshop/Reusable Testcase/Page_Threads/input_Enter store using password_password'

05-11-2024T12:11:02 - [MESSAGE][PASSED] - Text ****** has been set on object 'Object Repository/Thread_Webshop/Reusable Testcase/Page_Threads/input_Enter store using password_password'

05-11-2024T12:11:02 - [TEST_STEP][PASSED] - click(findTestObject("Object Repository/Thread_Webshop/Reusable Testcase/Page_Threads/button_Enter")): Object: 'Object Repository/Thread_Webshop/Reusable Testcase/Page_Threads/button_Enter' is clicked on

05-11-2024T12:11:04 - [MESSAGE][PASSED] - Object: 'Object Repository/Thread_Webshop/Reusable Testcase/Page_Threads/button_Enter' is clicked on

05-11-2024T12:11:04 - [MESSAGE][PASSED] - Call Test Case 'Test Cases/Threads_Webshop/ReUsable Testcases/Enter Password' successfully

05-11-2024T12:11:04 - [TEST_STEP][PASSED] - verifyTextPresent("Home", false): Text 'Home' is present on page 

05-11-2024T12:11:05 - [MESSAGE][PASSED] - Text 'Home' is present on page 

05-11-2024T12:11:05 - [TEST_STEP][PASSED] - takeScreenshot(screenshotFolderPath + "home.png"): Taking screenshot successfully

05-11-2024T12:11:05 - [MESSAGE][PASSED] - Taking screenshot successfully
[[ATTACHMENT|C:\\Users\\AnusmitaKundu\\git\\threadShopify\\ThreadShopify\\Reports\\20241105_120811\\Threads\\New Test Suite (1)\\20241105_120811\\screenshots/home_page_20241105_121050/home.png]]

05-11-2024T12:11:05 - [TEST_STEP][PASSED] - verifyElementPresent(findTestObject("Object Repository/Thread_Webshop/Home_Page/Page_Threads/div_Uncover your wardrobe essentials       _66e2bc"), 0): Object 'Object Repository/Thread_Webshop/Home_Page/Page_Threads/div_Uncover your wardrobe essentials       _66e2bc' is present

05-11-2024T12:11:05 - [MESSAGE][WARNING] - Timeout '0' is invalid. Using default page load timeout: '30'

05-11-2024T12:11:06 - [MESSAGE][PASSED] - Object 'Object Repository/Thread_Webshop/Home_Page/Page_Threads/div_Uncover your wardrobe essentials       _66e2bc' is present

05-11-2024T12:11:06 - [TEST_STEP][PASSED] - takeScreenshot(screenshotFolderPath + "banner.png"): Taking screenshot successfully

05-11-2024T12:11:07 - [MESSAGE][PASSED] - Taking screenshot successfully
[[ATTACHMENT|C:\\Users\\AnusmitaKundu\\git\\threadShopify\\ThreadShopify\\Reports\\20241105_120811\\Threads\\New Test Suite (1)\\20241105_120811\\screenshots/home_page_20241105_121050/banner.png]]

05-11-2024T12:11:07 - [TEST_STEP][PASSED] - verifyTextPresent("Uncover your wardrobe essentials", false): Text 'Uncover your wardrobe essentials' is present on page 

05-11-2024T12:11:07 - [MESSAGE][PASSED] - Text 'Uncover your wardrobe essentials' is present on page 

05-11-2024T12:11:07 - [TEST_STEP][PASSED] - isFeaturedPresent = verifyTextPresent("Featured", false, OPTIONAL): Text 'Featured' is present on page 

05-11-2024T12:11:07 - [MESSAGE][PASSED] - Text 'Featured' is present on page 

05-11-2024T12:11:07 - [TEST_STEP][PASSED] - if (isFeaturedPresent): Object 'Object Repository/Thread_Webshop/Home_Page/Page_Threads/a_ADIDAS  SUPERSTAR 80S' is clickable

05-11-2024T12:11:07 - [TEST_STEP][PASSED] - verifyElementClickable(findTestObject("Object Repository/Thread_Webshop/Home_Page/Page_Threads/a_ADIDAS  CLASSIC BACKPACK")): Object 'Object Repository/Thread_Webshop/Home_Page/Page_Threads/a_ADIDAS  CLASSIC BACKPACK' is clickable

05-11-2024T12:11:08 - [MESSAGE][PASSED] - Object 'Object Repository/Thread_Webshop/Home_Page/Page_Threads/a_ADIDAS  CLASSIC BACKPACK' is clickable

05-11-2024T12:11:08 - [TEST_STEP][PASSED] - verifyElementClickable(findTestObject("Object Repository/Thread_Webshop/Home_Page/Page_Threads/a_ADIDAS  CLASSIC BACKPACK  LEGEND INK MULTICOLOUR")): Object 'Object Repository/Thread_Webshop/Home_Page/Page_Threads/a_ADIDAS  CLASSIC BACKPACK  LEGEND INK MULTICOLOUR' is clickable

05-11-2024T12:11:08 - [MESSAGE][PASSED] - Object 'Object Repository/Thread_Webshop/Home_Page/Page_Threads/a_ADIDAS  CLASSIC BACKPACK  LEGEND INK MULTICOLOUR' is clickable

05-11-2024T12:11:08 - [TEST_STEP][PASSED] - verifyElementClickable(findTestObject("Object Repository/Thread_Webshop/Home_Page/Page_Threads/a_ADIDAS  KIDS STAN SMITH")): Object 'Object Repository/Thread_Webshop/Home_Page/Page_Threads/a_ADIDAS  KIDS STAN SMITH' is clickable

05-11-2024T12:11:08 - [MESSAGE][PASSED] - Object 'Object Repository/Thread_Webshop/Home_Page/Page_Threads/a_ADIDAS  KIDS STAN SMITH' is clickable

05-11-2024T12:11:08 - [TEST_STEP][PASSED] - verifyElementClickable(findTestObject("Object Repository/Thread_Webshop/Home_Page/Page_Threads/a_ADIDAS  SUPERSTAR 80S")): Object 'Object Repository/Thread_Webshop/Home_Page/Page_Threads/a_ADIDAS  SUPERSTAR 80S' is clickable

05-11-2024T12:11:09 - [MESSAGE][PASSED] - Object 'Object Repository/Thread_Webshop/Home_Page/Page_Threads/a_ADIDAS  SUPERSTAR 80S' is clickable

05-11-2024T12:11:09 - [TEST_STEP][PASSED] - scrollToPosition(0, 1000): Browser is scrolled to position x = 0, y = 1000

05-11-2024T12:11:09 - [MESSAGE][PASSED] - Browser is scrolled to position x = 0, y = 1000

05-11-2024T12:11:09 - [TEST_STEP][PASSED] - delay(2): Delayed 2 second(s)

05-11-2024T12:11:11 - [MESSAGE][PASSED] - Delayed 2 second(s)

05-11-2024T12:11:11 - [TEST_STEP][PASSED] - takeScreenshot(screenshotFolderPath + "featured.png"): Taking screenshot successfully

05-11-2024T12:11:11 - [MESSAGE][PASSED] - Taking screenshot successfully
[[ATTACHMENT|C:\\Users\\AnusmitaKundu\\git\\threadShopify\\ThreadShopify\\Reports\\20241105_120811\\Threads\\New Test Suite (1)\\20241105_120811\\screenshots/home_page_20241105_121050/featured.png]]

05-11-2024T12:11:11 - [TEST_STEP][PASSED] - closeBrowser(): Browser is closed

05-11-2024T12:11:12 - [MESSAGE][PASSED] - Browser is closed]]></system-out>
         <system-err><![CDATA[]]></system-err>
      </testcase>
      <testcase name="Test Cases/Threads_Webshop/4 Search/TC-112, 169, 143-Verify Search Scenario" time="60.376" classname="Test Cases/Threads_Webshop/4 Search/TC-112, 169, 143-Verify Search Scenario" status="PASSED">
         <system-out><![CDATA[05-11-2024T12:11:12 - [TEST_CASE][PASSED] - Test Cases/Threads_Webshop/4 Search/TC-112, 169, 143-Verify Search Scenario: Test Cases/Threads_Webshop/4 Search/TC-112, 169, 143-Verify Search Scenario

05-11-2024T12:11:12 - [TEST_STEP][PASSED] - timestamp = SimpleDateFormat(yyyyMMdd_HHmmss).format(new java.util.Date()): null

05-11-2024T12:11:12 - [TEST_STEP][PASSED] - screenshotFolder = "screenshots/search_" + timestamp + "/": null

05-11-2024T12:11:12 - [TEST_STEP][PASSED] - openBrowser(""): Browser is opened with url: ''

05-11-2024T12:11:12 - [MESSAGE][INFO] - Starting 'Chrome' driver

05-11-2024T12:11:12 - [MESSAGE][INFO] - Action delay is set to 0 milliseconds

05-11-2024T12:11:13 - [MESSAGE][PASSED] - Browser is opened with url: ''

05-11-2024T12:11:13 - [TEST_STEP][PASSED] - maximizeWindow(): Current window maximized

05-11-2024T12:11:13 - [MESSAGE][PASSED] - Current window maximized

05-11-2024T12:11:13 - [TEST_STEP][PASSED] - navigateToUrl("https://threads0.myshopify.com/password"): Navigate to 'https://threads0.myshopify.com/password' successfully

05-11-2024T12:11:15 - [MESSAGE][PASSED] - Navigate to 'https://threads0.myshopify.com/password' successfully

05-11-2024T12:11:15 - [TEST_STEP][PASSED] - click(findTestObject("Object Repository/Search with Category_An/Page_Threads/div_Enter using password")): Object: 'Object Repository/Search with Category_An/Page_Threads/div_Enter using password' is clicked on

05-11-2024T12:11:18 - [MESSAGE][PASSED] - Object: 'Object Repository/Search with Category_An/Page_Threads/div_Enter using password' is clicked on

05-11-2024T12:11:18 - [TEST_STEP][PASSED] - setEncryptedText(findTestObject("Object Repository/Search with Category_An/Page_Threads/input_Enter store using password_password"), "gnzTAVlujIw+lTr0To6+Cg=="): Text ****** has been set on object 'Object Repository/Search with Category_An/Page_Threads/input_Enter store using password_password'

05-11-2024T12:11:19 - [MESSAGE][PASSED] - Text ****** has been set on object 'Object Repository/Search with Category_An/Page_Threads/input_Enter store using password_password'

05-11-2024T12:11:19 - [TEST_STEP][PASSED] - click(findTestObject("Object Repository/Search with Category_An/Page_Threads/button_Enter")): Object: 'Object Repository/Search with Category_An/Page_Threads/button_Enter' is clicked on

05-11-2024T12:11:21 - [MESSAGE][PASSED] - Object: 'Object Repository/Search with Category_An/Page_Threads/button_Enter' is clicked on

05-11-2024T12:11:21 - [TEST_STEP][PASSED] - verifyTextPresent("Home", false): Text 'Home' is present on page 

05-11-2024T12:11:22 - [MESSAGE][PASSED] - Text 'Home' is present on page 

05-11-2024T12:11:22 - [TEST_STEP][PASSED] - takeScreenshot(screenshotFolder + "home.png"): Taking screenshot successfully

05-11-2024T12:11:23 - [MESSAGE][PASSED] - Taking screenshot successfully
[[ATTACHMENT|C:\\Users\\AnusmitaKundu\\git\\threadShopify\\ThreadShopify\\Reports\\20241105_120811\\Threads\\New Test Suite (1)\\20241105_120811\\screenshots/search_20241105_121112/home.png]]

05-11-2024T12:11:23 - [TEST_STEP][PASSED] - verifyTextPresent("Catalog", false): Text 'Catalog' is present on page 

05-11-2024T12:11:23 - [MESSAGE][PASSED] - Text 'Catalog' is present on page 

05-11-2024T12:11:23 - [TEST_STEP][PASSED] - takeScreenshot(screenshotFolder + "catalog.png"): Taking screenshot successfully

05-11-2024T12:11:24 - [MESSAGE][PASSED] - Taking screenshot successfully
[[ATTACHMENT|C:\\Users\\AnusmitaKundu\\git\\threadShopify\\ThreadShopify\\Reports\\20241105_120811\\Threads\\New Test Suite (1)\\20241105_120811\\screenshots/search_20241105_121112/catalog.png]]

05-11-2024T12:11:24 - [TEST_STEP][PASSED] - click(findTestObject("Object Repository/Search with Category_An/Page_Threads/span_Catalog")): Object: 'Object Repository/Search with Category_An/Page_Threads/span_Catalog' is clicked on

05-11-2024T12:11:25 - [MESSAGE][PASSED] - Object: 'Object Repository/Search with Category_An/Page_Threads/span_Catalog' is clicked on

05-11-2024T12:11:25 - [TEST_STEP][PASSED] - verifyTextPresent("Products", false): Text 'Products' is present on page 

05-11-2024T12:11:26 - [MESSAGE][PASSED] - Text 'Products' is present on page 

05-11-2024T12:11:26 - [TEST_STEP][PASSED] - takeScreenshot(screenshotFolder + "product.png"): Taking screenshot successfully

05-11-2024T12:11:26 - [MESSAGE][PASSED] - Taking screenshot successfully
[[ATTACHMENT|C:\\Users\\AnusmitaKundu\\git\\threadShopify\\ThreadShopify\\Reports\\20241105_120811\\Threads\\New Test Suite (1)\\20241105_120811\\screenshots/search_20241105_121112/product.png]]

05-11-2024T12:11:26 - [TEST_STEP][PASSED] - verifyTextPresent("Price", false): Text 'Price' is present on page 

05-11-2024T12:11:27 - [MESSAGE][PASSED] - Text 'Price' is present on page 

05-11-2024T12:11:27 - [TEST_STEP][PASSED] - click(findTestObject("Object Repository/Search with Category_An/Page_Products  Threads/span_Price")): Object: 'Object Repository/Search with Category_An/Page_Products  Threads/span_Price' is clicked on

05-11-2024T12:11:27 - [MESSAGE][PASSED] - Object: 'Object Repository/Search with Category_An/Page_Products  Threads/span_Price' is clicked on

05-11-2024T12:11:27 - [TEST_STEP][PASSED] - delay(2): Delayed 2 second(s)

05-11-2024T12:11:29 - [MESSAGE][PASSED] - Delayed 2 second(s)

05-11-2024T12:11:29 - [TEST_STEP][PASSED] - setText(findTestObject("Object Repository/Search with Category_An/Page_Products  Threads/input__filter.v.price.gte"), "199"): Text '199' is set on object 'Object Repository/Search with Category_An/Page_Products  Threads/input__filter.v.price.gte'

05-11-2024T12:11:30 - [MESSAGE][PASSED] - Text '199' is set on object 'Object Repository/Search with Category_An/Page_Products  Threads/input__filter.v.price.gte'

05-11-2024T12:11:30 - [TEST_STEP][PASSED] - setText(findTestObject("Object Repository/Search with Category_An/Page_Products  Threads/input__filter.v.price.lte"), "299"): Text '299' is set on object 'Object Repository/Search with Category_An/Page_Products  Threads/input__filter.v.price.lte'

05-11-2024T12:11:31 - [MESSAGE][PASSED] - Text '299' is set on object 'Object Repository/Search with Category_An/Page_Products  Threads/input__filter.v.price.lte'

05-11-2024T12:11:31 - [TEST_STEP][PASSED] - click(findTestObject("Object Repository/Search with Category_An/Page_Products  Threads/summary_Price")): Object: 'Object Repository/Search with Category_An/Page_Products  Threads/summary_Price' is clicked on

05-11-2024T12:11:31 - [MESSAGE][PASSED] - Object: 'Object Repository/Search with Category_An/Page_Products  Threads/summary_Price' is clicked on

05-11-2024T12:11:31 - [TEST_STEP][PASSED] - verifyTextPresent("Sort by:", false): Text 'Sort by:' is present on page 

05-11-2024T12:11:32 - [MESSAGE][PASSED] - Text 'Sort by:' is present on page 

05-11-2024T12:11:32 - [TEST_STEP][PASSED] - takeScreenshot(screenshotFolder + "items.png"): Taking screenshot successfully

05-11-2024T12:11:33 - [MESSAGE][PASSED] - Taking screenshot successfully
[[ATTACHMENT|C:\\Users\\AnusmitaKundu\\git\\threadShopify\\ThreadShopify\\Reports\\20241105_120811\\Threads\\New Test Suite (1)\\20241105_120811\\screenshots/search_20241105_121112/items.png]]

05-11-2024T12:11:33 - [TEST_STEP][PASSED] - product1 = getText(findTestObject("Object Repository/Search with Category_An/Page_Products  Threads/a_ASICS TIGER  GEL-LYTE V 30 YEARS OF GEL PACK")): Text of object 'Object Repository/Search with Category_An/Page_Products  Threads/a_ASICS TIGER  GEL-LYTE V 30 YEARS OF GEL PACK' is: 'ASICS TIGER | GEL-LYTE V '30 YEARS OF GEL' PACK'

05-11-2024T12:12:04 - [MESSAGE][INFO] - Unable to find the element located by 'By.xpath: /html/body/main/div[2]/div/div/div/div/ul/li[1]/div/div/div[2]/div[1]/h3/a/text()'. Please recheck the objects properties to make sure the desired element is located. 

05-11-2024T12:12:04 - [MESSAGE][WARNING] - [SELF-HEALING] Failed to find element with id 'Object Repository/Search with Category_An/Page_Products  Threads/a_ASICS TIGER  GEL-LYTE V 30 YEARS OF GEL PACK'. Try using Self-healing.

05-11-2024T12:12:04 - [MESSAGE][ERROR] - [SELF-HEALING] com.google.gson.stream.MalformedJsonException: Expected ':' at line 5 column 10 path $.brokenTestObjects[0].<<<<<<<

05-11-2024T12:12:04 - [MESSAGE][INFO] - [SELF-HEALING] Working Locator: '//a[@id='CardLink-template--18610480578783__product-grid-8834481160415']'.

05-11-2024T12:12:04 - [MESSAGE][INFO] - [SELF-HEALING] Screenshot: C:/Users/AnusmitaKundu/git/threadShopify/ThreadShopify/Reports/Self-healing/Object Repository/Search with Category_An/Page_Products  Threads/a_ASICS TIGER  GEL-LYTE V 30 YEARS OF GEL PACK_attributes.png

05-11-2024T12:12:04 - [MESSAGE][ERROR] - [SELF-HEALING] com.google.gson.stream.MalformedJsonException: Expected ':' at line 5 column 10 path $.brokenTestObjects[0].<<<<<<<

05-11-2024T12:12:04 - [MESSAGE][ERROR] - [SELF-HEALING] C:\Users\AnusmitaKundu\git\threadShopify\ThreadShopify\Reports\Self-healing\broken-test-objects-v2.json does not exist or is provided by Self-healing Plugin!

05-11-2024T12:12:04 - [MESSAGE][WARNING] - [SELF-HEALING] The current locator of test object 'Object Repository/Search with Category_An/Page_Products  Threads/a_ASICS TIGER  GEL-LYTE V 30 YEARS OF GEL PACK' was broken. Propose an alternative one: '//a[@id='CardLink-template--18610480578783__product-grid-8834481160415']'.

05-11-2024T12:12:04 - [MESSAGE][PASSED] - Text of object 'Object Repository/Search with Category_An/Page_Products  Threads/a_ASICS TIGER  GEL-LYTE V 30 YEARS OF GEL PACK' is: 'ASICS TIGER | GEL-LYTE V '30 YEARS OF GEL' PACK'

05-11-2024T12:12:04 - [TEST_STEP][PASSED] - println(product1): null

05-11-2024T12:12:04 - [TEST_STEP][PASSED] - price1 = getText(findTestObject("Object Repository/Search with Category_An/Page_Products  Threads/a_ASICS TIGER  GEL-LYTE V 30 YEARS OF GEL PACK_1")): Text of object 'Object Repository/Search with Category_An/Page_Products  Threads/a_ASICS TIGER  GEL-LYTE V 30 YEARS OF GEL PACK_1' is: 'Rs. 220.00'

05-11-2024T12:12:05 - [MESSAGE][PASSED] - Text of object 'Object Repository/Search with Category_An/Page_Products  Threads/a_ASICS TIGER  GEL-LYTE V 30 YEARS OF GEL PACK_1' is: 'Rs. 220.00'

05-11-2024T12:12:05 - [TEST_STEP][PASSED] - println(price1): null

05-11-2024T12:12:05 - [TEST_STEP][PASSED] - click(findTestObject("Object Repository/Search with Category_An/Page_Products  Threads/a_ASICS TIGER  GEL-LYTE V 30 YEARS OF GEL PACK_1_2")): Object: 'Object Repository/Search with Category_An/Page_Products  Threads/a_ASICS TIGER  GEL-LYTE V 30 YEARS OF GEL PACK_1_2' is clicked on

05-11-2024T12:12:09 - [MESSAGE][PASSED] - Object: 'Object Repository/Search with Category_An/Page_Products  Threads/a_ASICS TIGER  GEL-LYTE V 30 YEARS OF GEL PACK_1_2' is clicked on

05-11-2024T12:12:09 - [TEST_STEP][PASSED] - delay(2): Delayed 2 second(s)

05-11-2024T12:12:11 - [MESSAGE][PASSED] - Delayed 2 second(s)

05-11-2024T12:12:11 - [TEST_STEP][PASSED] - verifyTextPresent(product1, false): Text 'ASICS TIGER | GEL-LYTE V '30 YEARS OF GEL' PACK' is present on page 

05-11-2024T12:12:11 - [MESSAGE][PASSED] - Text 'ASICS TIGER | GEL-LYTE V '30 YEARS OF GEL' PACK' is present on page 

05-11-2024T12:12:11 - [TEST_STEP][PASSED] - verifyTextPresent(price1, false): Text 'Rs. 220.00' is present on page 

05-11-2024T12:12:12 - [MESSAGE][PASSED] - Text 'Rs. 220.00' is present on page 

05-11-2024T12:12:12 - [TEST_STEP][PASSED] - closeBrowser(): Browser is closed

05-11-2024T12:12:12 - [MESSAGE][PASSED] - Browser is closed]]></system-out>
         <system-err><![CDATA[]]></system-err>
      </testcase>
      <testcase name="Test Cases/Threads_Webshop/5 Shopping Cart/TC-157 Verify the cart" time="42.182" classname="Test Cases/Threads_Webshop/5 Shopping Cart/TC-157 Verify the cart" status="PASSED">
         <system-out><![CDATA[05-11-2024T12:12:12 - [TEST_CASE][PASSED] - Test Cases/Threads_Webshop/5 Shopping Cart/TC-157 Verify the cart: Test Cases/Threads_Webshop/5 Shopping Cart/TC-157 Verify the cart

05-11-2024T12:12:13 - [TEST_STEP][PASSED] - currentDateTime = LocalDateTime.now(): null

05-11-2024T12:12:13 - [TEST_STEP][PASSED] - formatter = DateTimeFormatter.ofPattern("yyyyMMdd_HHmmss"): null

05-11-2024T12:12:13 - [TEST_STEP][PASSED] - dateTimeString = currentDateTime.format(formatter): null

05-11-2024T12:12:13 - [TEST_STEP][PASSED] - screenshotFolderPath = "screenshots/shopping_cart_" + dateTimeString + "/": null

05-11-2024T12:12:13 - [TEST_STEP][PASSED] - File(screenshotFolderPath).mkdirs(): null

05-11-2024T12:12:13 - [TEST_STEP][PASSED] - callTestCase(findTestCase("Threads_Webshop/ReUsable Testcases/Enter Password"), [:], STOP_ON_FAILURE): Call Test Case 'Test Cases/Threads_Webshop/ReUsable Testcases/Enter Password' successfully

05-11-2024T12:12:13 - [TEST_CASE][PASSED] - Test Cases/Threads_Webshop/ReUsable Testcases/Enter Password: Test Cases/Threads_Webshop/ReUsable Testcases/Enter Password

05-11-2024T12:12:13 - [TEST_STEP][PASSED] - openBrowser(""): Browser is opened with url: ''

05-11-2024T12:12:13 - [MESSAGE][INFO] - Starting 'Chrome' driver

05-11-2024T12:12:13 - [MESSAGE][INFO] - Action delay is set to 0 milliseconds

05-11-2024T12:12:14 - [MESSAGE][PASSED] - Browser is opened with url: ''

05-11-2024T12:12:14 - [TEST_STEP][PASSED] - maximizeWindow(): Current window maximized

05-11-2024T12:12:14 - [MESSAGE][PASSED] - Current window maximized

05-11-2024T12:12:14 - [TEST_STEP][PASSED] - navigateToUrl("https://threads0.myshopify.com/password"): Navigate to 'https://threads0.myshopify.com/password' successfully

05-11-2024T12:12:15 - [MESSAGE][PASSED] - Navigate to 'https://threads0.myshopify.com/password' successfully

05-11-2024T12:12:15 - [TEST_STEP][PASSED] - click(findTestObject("Object Repository/Thread_Webshop/Reusable Testcase/Page_Threads/div_Enter using password")): Object: 'Object Repository/Thread_Webshop/Reusable Testcase/Page_Threads/div_Enter using password' is clicked on

05-11-2024T12:12:19 - [MESSAGE][PASSED] - Object: 'Object Repository/Thread_Webshop/Reusable Testcase/Page_Threads/div_Enter using password' is clicked on

05-11-2024T12:12:19 - [TEST_STEP][PASSED] - setEncryptedText(findTestObject("Object Repository/Thread_Webshop/Reusable Testcase/Page_Threads/input_Enter store using password_password"), "gnzTAVlujIw+lTr0To6+Cg=="): Text ****** has been set on object 'Object Repository/Thread_Webshop/Reusable Testcase/Page_Threads/input_Enter store using password_password'

05-11-2024T12:12:19 - [MESSAGE][PASSED] - Text ****** has been set on object 'Object Repository/Thread_Webshop/Reusable Testcase/Page_Threads/input_Enter store using password_password'

05-11-2024T12:12:19 - [TEST_STEP][PASSED] - click(findTestObject("Object Repository/Thread_Webshop/Reusable Testcase/Page_Threads/button_Enter")): Object: 'Object Repository/Thread_Webshop/Reusable Testcase/Page_Threads/button_Enter' is clicked on

05-11-2024T12:12:21 - [MESSAGE][PASSED] - Object: 'Object Repository/Thread_Webshop/Reusable Testcase/Page_Threads/button_Enter' is clicked on

05-11-2024T12:12:21 - [MESSAGE][PASSED] - Call Test Case 'Test Cases/Threads_Webshop/ReUsable Testcases/Enter Password' successfully

05-11-2024T12:12:21 - [TEST_STEP][PASSED] - takeScreenshot(screenshotFolderPath + "home.png"): Taking screenshot successfully

05-11-2024T12:12:22 - [MESSAGE][PASSED] - Taking screenshot successfully
[[ATTACHMENT|C:\\Users\\AnusmitaKundu\\git\\threadShopify\\ThreadShopify\\Reports\\20241105_120811\\Threads\\New Test Suite (1)\\20241105_120811\\screenshots/shopping_cart_20241105_121213/home.png]]

05-11-2024T12:12:22 - [TEST_STEP][PASSED] - click(findTestObject("Object Repository/Thread_Webshop/Shopping Cart/Page_Threads/span_Catalog")): Object: 'Object Repository/Thread_Webshop/Shopping Cart/Page_Threads/span_Catalog' is clicked on

05-11-2024T12:12:23 - [MESSAGE][PASSED] - Object: 'Object Repository/Thread_Webshop/Shopping Cart/Page_Threads/span_Catalog' is clicked on

05-11-2024T12:12:23 - [TEST_STEP][PASSED] - takeScreenshot(screenshotFolderPath + "catalog.png"): Taking screenshot successfully

05-11-2024T12:12:24 - [MESSAGE][PASSED] - Taking screenshot successfully
[[ATTACHMENT|C:\\Users\\AnusmitaKundu\\git\\threadShopify\\ThreadShopify\\Reports\\20241105_120811\\Threads\\New Test Suite (1)\\20241105_120811\\screenshots/shopping_cart_20241105_121213/catalog.png]]

05-11-2024T12:12:24 - [TEST_STEP][PASSED] - click(findTestObject("Object Repository/Thread_Webshop/Shopping Cart/Page_Products  Threads/a_ADIDAS  CLASSIC BACKPACK")): Object: 'Object Repository/Thread_Webshop/Shopping Cart/Page_Products  Threads/a_ADIDAS  CLASSIC BACKPACK' is clicked on

05-11-2024T12:12:25 - [MESSAGE][PASSED] - Object: 'Object Repository/Thread_Webshop/Shopping Cart/Page_Products  Threads/a_ADIDAS  CLASSIC BACKPACK' is clicked on

05-11-2024T12:12:25 - [TEST_STEP][PASSED] - click(findTestObject("Object Repository/Thread_Webshop/Shopping Cart/Page_ADIDAS  CLASSIC BACKPACK  Threads/button_Add to cart")): Object: 'Object Repository/Thread_Webshop/Shopping Cart/Page_ADIDAS  CLASSIC BACKPACK  Threads/button_Add to cart' is clicked on

05-11-2024T12:12:26 - [MESSAGE][PASSED] - Object: 'Object Repository/Thread_Webshop/Shopping Cart/Page_ADIDAS  CLASSIC BACKPACK  Threads/button_Add to cart' is clicked on

05-11-2024T12:12:26 - [TEST_STEP][PASSED] - delay(2): Delayed 2 second(s)

05-11-2024T12:12:28 - [MESSAGE][PASSED] - Delayed 2 second(s)

05-11-2024T12:12:28 - [TEST_STEP][PASSED] - takeScreenshot(screenshotFolderPath + "addToCart1.png"): Taking screenshot successfully

05-11-2024T12:12:29 - [MESSAGE][PASSED] - Taking screenshot successfully
[[ATTACHMENT|C:\\Users\\AnusmitaKundu\\git\\threadShopify\\ThreadShopify\\Reports\\20241105_120811\\Threads\\New Test Suite (1)\\20241105_120811\\screenshots/shopping_cart_20241105_121213/addToCart1.png]]

05-11-2024T12:12:29 - [TEST_STEP][PASSED] - click(findTestObject("Object Repository/Thread_Webshop/Shopping Cart/Page_ADIDAS  CLASSIC BACKPACK  Threads/button_Continue shopping")): Object: 'Object Repository/Thread_Webshop/Shopping Cart/Page_ADIDAS  CLASSIC BACKPACK  Threads/button_Continue shopping' is clicked on

05-11-2024T12:12:29 - [MESSAGE][PASSED] - Object: 'Object Repository/Thread_Webshop/Shopping Cart/Page_ADIDAS  CLASSIC BACKPACK  Threads/button_Continue shopping' is clicked on

05-11-2024T12:12:29 - [TEST_STEP][PASSED] - click(findTestObject("Object Repository/Thread_Webshop/Shopping Cart/Page_ADIDAS  CLASSIC BACKPACK  Threads/span_Catalog")): Object: 'Object Repository/Thread_Webshop/Shopping Cart/Page_ADIDAS  CLASSIC BACKPACK  Threads/span_Catalog' is clicked on

05-11-2024T12:12:32 - [MESSAGE][PASSED] - Object: 'Object Repository/Thread_Webshop/Shopping Cart/Page_ADIDAS  CLASSIC BACKPACK  Threads/span_Catalog' is clicked on

05-11-2024T12:12:32 - [TEST_STEP][PASSED] - click(findTestObject("Object Repository/Thread_Webshop/Shopping Cart/Page_Products  Threads/a_ADIDAS  CLASSIC BACKPACK  LEGEND INK MULTICOLOUR")): Object: 'Object Repository/Thread_Webshop/Shopping Cart/Page_Products  Threads/a_ADIDAS  CLASSIC BACKPACK  LEGEND INK MULTICOLOUR' is clicked on

05-11-2024T12:12:34 - [MESSAGE][PASSED] - Object: 'Object Repository/Thread_Webshop/Shopping Cart/Page_Products  Threads/a_ADIDAS  CLASSIC BACKPACK  LEGEND INK MULTICOLOUR' is clicked on

05-11-2024T12:12:34 - [TEST_STEP][PASSED] - click(findTestObject("Object Repository/Thread_Webshop/Shopping Cart/Page_ADIDAS  CLASSIC BACKPACK  LEGEND INK M_ff53f1/button_Add to cart")): Object: 'Object Repository/Thread_Webshop/Shopping Cart/Page_ADIDAS  CLASSIC BACKPACK  LEGEND INK M_ff53f1/button_Add to cart' is clicked on

05-11-2024T12:12:35 - [MESSAGE][PASSED] - Object: 'Object Repository/Thread_Webshop/Shopping Cart/Page_ADIDAS  CLASSIC BACKPACK  LEGEND INK M_ff53f1/button_Add to cart' is clicked on

05-11-2024T12:12:35 - [TEST_STEP][PASSED] - delay(2): Delayed 2 second(s)

05-11-2024T12:12:37 - [MESSAGE][PASSED] - Delayed 2 second(s)

05-11-2024T12:12:37 - [TEST_STEP][PASSED] - takeScreenshot(screenshotFolderPath + "addToCart2.png"): Taking screenshot successfully

05-11-2024T12:12:37 - [MESSAGE][PASSED] - Taking screenshot successfully
[[ATTACHMENT|C:\\Users\\AnusmitaKundu\\git\\threadShopify\\ThreadShopify\\Reports\\20241105_120811\\Threads\\New Test Suite (1)\\20241105_120811\\screenshots/shopping_cart_20241105_121213/addToCart2.png]]

05-11-2024T12:12:37 - [TEST_STEP][PASSED] - click(findTestObject("Object Repository/Thread_Webshop/Shopping Cart/Page_ADIDAS  CLASSIC BACKPACK  LEGEND INK M_ff53f1/button_Continue shopping")): Object: 'Object Repository/Thread_Webshop/Shopping Cart/Page_ADIDAS  CLASSIC BACKPACK  LEGEND INK M_ff53f1/button_Continue shopping' is clicked on

05-11-2024T12:12:38 - [MESSAGE][PASSED] - Object: 'Object Repository/Thread_Webshop/Shopping Cart/Page_ADIDAS  CLASSIC BACKPACK  LEGEND INK M_ff53f1/button_Continue shopping' is clicked on

05-11-2024T12:12:38 - [TEST_STEP][PASSED] - click(findTestObject("Object Repository/Thread_Webshop/Shopping Cart/Page_ADIDAS  CLASSIC BACKPACK  LEGEND INK M_ff53f1/span_Catalog")): Object: 'Object Repository/Thread_Webshop/Shopping Cart/Page_ADIDAS  CLASSIC BACKPACK  LEGEND INK M_ff53f1/span_Catalog' is clicked on

05-11-2024T12:12:41 - [MESSAGE][PASSED] - Object: 'Object Repository/Thread_Webshop/Shopping Cart/Page_ADIDAS  CLASSIC BACKPACK  LEGEND INK M_ff53f1/span_Catalog' is clicked on

05-11-2024T12:12:41 - [TEST_STEP][PASSED] - click(findTestObject("Object Repository/Thread_Webshop/Shopping Cart/Page_Products  Threads/a_CONVERSE  CHUCK TAYLOR ALL STAR II HI")): Object: 'Object Repository/Thread_Webshop/Shopping Cart/Page_Products  Threads/a_CONVERSE  CHUCK TAYLOR ALL STAR II HI' is clicked on

05-11-2024T12:12:42 - [MESSAGE][PASSED] - Object: 'Object Repository/Thread_Webshop/Shopping Cart/Page_Products  Threads/a_CONVERSE  CHUCK TAYLOR ALL STAR II HI' is clicked on

05-11-2024T12:12:42 - [TEST_STEP][PASSED] - click(findTestObject("Object Repository/Thread_Webshop/Shopping Cart/Page_CONVERSE  CHUCK TAYLOR ALL STAR II HI _4a158e/button_Add to cart")): Object: 'Object Repository/Thread_Webshop/Shopping Cart/Page_CONVERSE  CHUCK TAYLOR ALL STAR II HI _4a158e/button_Add to cart' is clicked on

05-11-2024T12:12:43 - [MESSAGE][PASSED] - Object: 'Object Repository/Thread_Webshop/Shopping Cart/Page_CONVERSE  CHUCK TAYLOR ALL STAR II HI _4a158e/button_Add to cart' is clicked on

05-11-2024T12:12:43 - [TEST_STEP][PASSED] - delay(2): Delayed 2 second(s)

05-11-2024T12:12:45 - [MESSAGE][PASSED] - Delayed 2 second(s)

05-11-2024T12:12:45 - [TEST_STEP][PASSED] - takeScreenshot(screenshotFolderPath + "addToCart3.png"): Taking screenshot successfully

05-11-2024T12:12:46 - [MESSAGE][PASSED] - Taking screenshot successfully
[[ATTACHMENT|C:\\Users\\AnusmitaKundu\\git\\threadShopify\\ThreadShopify\\Reports\\20241105_120811\\Threads\\New Test Suite (1)\\20241105_120811\\screenshots/shopping_cart_20241105_121213/addToCart3.png]]

05-11-2024T12:12:46 - [TEST_STEP][PASSED] - click(findTestObject("Object Repository/Thread_Webshop/Shopping Cart/Page_CONVERSE  CHUCK TAYLOR ALL STAR II HI _4a158e/button_Continue shopping")): Object: 'Object Repository/Thread_Webshop/Shopping Cart/Page_CONVERSE  CHUCK TAYLOR ALL STAR II HI _4a158e/button_Continue shopping' is clicked on

05-11-2024T12:12:46 - [MESSAGE][PASSED] - Object: 'Object Repository/Thread_Webshop/Shopping Cart/Page_CONVERSE  CHUCK TAYLOR ALL STAR II HI _4a158e/button_Continue shopping' is clicked on

05-11-2024T12:12:46 - [TEST_STEP][PASSED] - click(findTestObject("Object Repository/Thread_Webshop/Shopping Cart/Page_CONVERSE  CHUCK TAYLOR ALL STAR II HI _4a158e/span_Home")): Object: 'Object Repository/Thread_Webshop/Shopping Cart/Page_CONVERSE  CHUCK TAYLOR ALL STAR II HI _4a158e/span_Home' is clicked on

05-11-2024T12:12:49 - [MESSAGE][PASSED] - Object: 'Object Repository/Thread_Webshop/Shopping Cart/Page_CONVERSE  CHUCK TAYLOR ALL STAR II HI _4a158e/span_Home' is clicked on

05-11-2024T12:12:49 - [TEST_STEP][PASSED] - click(findTestObject("Object Repository/Thread_Webshop/Shopping Cart/Page_Threads/svg_Log in_icon icon-cart")): Object: 'Object Repository/Thread_Webshop/Shopping Cart/Page_Threads/svg_Log in_icon icon-cart' is clicked on

05-11-2024T12:12:51 - [MESSAGE][PASSED] - Object: 'Object Repository/Thread_Webshop/Shopping Cart/Page_Threads/svg_Log in_icon icon-cart' is clicked on

05-11-2024T12:12:51 - [TEST_STEP][PASSED] - scrollToPosition(0, 150): Browser is scrolled to position x = 0, y = 150

05-11-2024T12:12:51 - [MESSAGE][PASSED] - Browser is scrolled to position x = 0, y = 150

05-11-2024T12:12:51 - [TEST_STEP][PASSED] - takeScreenshot(screenshotFolderPath + "verify_cart.png"): Taking screenshot successfully

05-11-2024T12:12:52 - [MESSAGE][PASSED] - Taking screenshot successfully
[[ATTACHMENT|C:\\Users\\AnusmitaKundu\\git\\threadShopify\\ThreadShopify\\Reports\\20241105_120811\\Threads\\New Test Suite (1)\\20241105_120811\\screenshots/shopping_cart_20241105_121213/verify_cart.png]]

05-11-2024T12:12:52 - [TEST_STEP][PASSED] - abbText = getText(findTestObject("Object Repository/Thread_Webshop/Shopping Cart/Page_Your Shopping Cart  Threads/span_Rs. 140.00")): Text of object 'Object Repository/Thread_Webshop/Shopping Cart/Page_Your Shopping Cart  Threads/span_Rs. 140.00' is: 'Rs. 140.00'

05-11-2024T12:12:52 - [MESSAGE][PASSED] - Text of object 'Object Repository/Thread_Webshop/Shopping Cart/Page_Your Shopping Cart  Threads/span_Rs. 140.00' is: 'Rs. 140.00'

05-11-2024T12:12:52 - [TEST_STEP][PASSED] - abbPrice = parsePrice(abbText): null

05-11-2024T12:12:52 - [TEST_STEP][PASSED] - cleanText = replace(",", "").trim(): null

05-11-2024T12:12:52 - [TEST_STEP][PASSED] - return java.lang.Float.parseFloat(cleanText): null

05-11-2024T12:12:52 - [TEST_STEP][PASSED] - println($abbPrice): null

05-11-2024T12:12:52 - [TEST_STEP][PASSED] - ambText = getText(findTestObject("Object Repository/Thread_Webshop/Shopping Cart/Page_Your Shopping Cart  Threads/span_Rs. 40.00")): Text of object 'Object Repository/Thread_Webshop/Shopping Cart/Page_Your Shopping Cart  Threads/span_Rs. 40.00' is: 'Rs. 40.00'

05-11-2024T12:12:52 - [MESSAGE][PASSED] - Text of object 'Object Repository/Thread_Webshop/Shopping Cart/Page_Your Shopping Cart  Threads/span_Rs. 40.00' is: 'Rs. 40.00'

05-11-2024T12:12:52 - [TEST_STEP][PASSED] - ambPrice = parsePrice(ambText): null

05-11-2024T12:12:52 - [TEST_STEP][PASSED] - cleanText = replace(",", "").trim(): null

05-11-2024T12:12:52 - [TEST_STEP][PASSED] - return java.lang.Float.parseFloat(cleanText): null

05-11-2024T12:12:52 - [TEST_STEP][PASSED] - println($ambPrice): null

05-11-2024T12:12:52 - [TEST_STEP][PASSED] - shoeText = getText(findTestObject("Object Repository/Thread_Webshop/Shopping Cart/Page_Your Shopping Cart  Threads/span_Rs. 56.00")): Text of object 'Object Repository/Thread_Webshop/Shopping Cart/Page_Your Shopping Cart  Threads/span_Rs. 56.00' is: 'Rs. 56.00'

05-11-2024T12:12:53 - [MESSAGE][PASSED] - Text of object 'Object Repository/Thread_Webshop/Shopping Cart/Page_Your Shopping Cart  Threads/span_Rs. 56.00' is: 'Rs. 56.00'

05-11-2024T12:12:53 - [TEST_STEP][PASSED] - shoePrice = parsePrice(shoeText): null

05-11-2024T12:12:53 - [TEST_STEP][PASSED] - cleanText = replace(",", "").trim(): null

05-11-2024T12:12:53 - [TEST_STEP][PASSED] - return java.lang.Float.parseFloat(cleanText): null

05-11-2024T12:12:53 - [TEST_STEP][PASSED] - println($shoePrice): null

05-11-2024T12:12:53 - [TEST_STEP][PASSED] - totalText = getText(findTestObject("Object Repository/Thread_Webshop/Shopping Cart/Page_Your Shopping Cart  Threads/p_Rs. 236.00")): Text of object 'Object Repository/Thread_Webshop/Shopping Cart/Page_Your Shopping Cart  Threads/p_Rs. 236.00' is: 'Rs. 236.00'

05-11-2024T12:12:53 - [MESSAGE][PASSED] - Text of object 'Object Repository/Thread_Webshop/Shopping Cart/Page_Your Shopping Cart  Threads/p_Rs. 236.00' is: 'Rs. 236.00'

05-11-2024T12:12:53 - [TEST_STEP][PASSED] - totalPrice = parsePrice(totalText): null

05-11-2024T12:12:53 - [TEST_STEP][PASSED] - cleanText = replace(",", "").trim(): null

05-11-2024T12:12:53 - [TEST_STEP][PASSED] - return java.lang.Float.parseFloat(cleanText): null

05-11-2024T12:12:53 - [TEST_STEP][PASSED] - println(Total Price: $totalPrice): null

05-11-2024T12:12:53 - [TEST_STEP][PASSED] - total = abbPrice + ambPrice + shoePrice: null

05-11-2024T12:12:53 - [TEST_STEP][PASSED] - println(Calculated Total: $total): null

05-11-2024T12:12:53 - [TEST_STEP][PASSED] - if (total == totalPrice): null

05-11-2024T12:12:53 - [TEST_STEP][PASSED] - println("The price has matched"): null

05-11-2024T12:12:53 - [TEST_STEP][PASSED] - closeBrowser(): Browser is closed

05-11-2024T12:12:55 - [MESSAGE][PASSED] - Browser is closed]]></system-out>
         <system-err><![CDATA[]]></system-err>
      </testcase>
      <testcase name="Test Cases/Threads_Webshop/5 Shopping Cart/TC-309-Verify Promo code" time="69.401" classname="Test Cases/Threads_Webshop/5 Shopping Cart/TC-309-Verify Promo code" status="PASSED">
         <system-out><![CDATA[05-11-2024T12:12:55 - [TEST_CASE][PASSED] - Test Cases/Threads_Webshop/5 Shopping Cart/TC-309-Verify Promo code: Test Cases/Threads_Webshop/5 Shopping Cart/TC-309-Verify Promo code

05-11-2024T12:12:55 - [TEST_STEP][PASSED] - currentDateTime = LocalDateTime.now(): null

05-11-2024T12:12:55 - [TEST_STEP][PASSED] - formatter = DateTimeFormatter.ofPattern("yyyyMMdd_HHmmss"): null

05-11-2024T12:12:55 - [TEST_STEP][PASSED] - dateTimeString = currentDateTime.format(formatter): null

05-11-2024T12:12:55 - [TEST_STEP][PASSED] - screenshotFolderPath = "screenshots/shopping_cart_" + dateTimeString + "/": null

05-11-2024T12:12:55 - [TEST_STEP][PASSED] - File(screenshotFolderPath).mkdirs(): null

05-11-2024T12:12:55 - [TEST_STEP][PASSED] - callTestCase(findTestCase("Threads_Webshop/ReUsable Testcases/Enter Password"), [:], STOP_ON_FAILURE): Call Test Case 'Test Cases/Threads_Webshop/ReUsable Testcases/Enter Password' successfully

05-11-2024T12:12:55 - [TEST_CASE][PASSED] - Test Cases/Threads_Webshop/ReUsable Testcases/Enter Password: Test Cases/Threads_Webshop/ReUsable Testcases/Enter Password

05-11-2024T12:12:55 - [TEST_STEP][PASSED] - openBrowser(""): Browser is opened with url: ''

05-11-2024T12:12:55 - [MESSAGE][INFO] - Starting 'Chrome' driver

05-11-2024T12:12:55 - [MESSAGE][INFO] - Action delay is set to 0 milliseconds

05-11-2024T12:12:56 - [MESSAGE][PASSED] - Browser is opened with url: ''

05-11-2024T12:12:56 - [TEST_STEP][PASSED] - maximizeWindow(): Current window maximized

05-11-2024T12:12:56 - [MESSAGE][PASSED] - Current window maximized

05-11-2024T12:12:56 - [TEST_STEP][PASSED] - navigateToUrl("https://threads0.myshopify.com/password"): Navigate to 'https://threads0.myshopify.com/password' successfully

05-11-2024T12:12:58 - [MESSAGE][PASSED] - Navigate to 'https://threads0.myshopify.com/password' successfully

05-11-2024T12:12:58 - [TEST_STEP][PASSED] - click(findTestObject("Object Repository/Thread_Webshop/Reusable Testcase/Page_Threads/div_Enter using password")): Object: 'Object Repository/Thread_Webshop/Reusable Testcase/Page_Threads/div_Enter using password' is clicked on

05-11-2024T12:13:01 - [MESSAGE][PASSED] - Object: 'Object Repository/Thread_Webshop/Reusable Testcase/Page_Threads/div_Enter using password' is clicked on

05-11-2024T12:13:01 - [TEST_STEP][PASSED] - setEncryptedText(findTestObject("Object Repository/Thread_Webshop/Reusable Testcase/Page_Threads/input_Enter store using password_password"), "gnzTAVlujIw+lTr0To6+Cg=="): Text ****** has been set on object 'Object Repository/Thread_Webshop/Reusable Testcase/Page_Threads/input_Enter store using password_password'

05-11-2024T12:13:02 - [MESSAGE][PASSED] - Text ****** has been set on object 'Object Repository/Thread_Webshop/Reusable Testcase/Page_Threads/input_Enter store using password_password'

05-11-2024T12:13:02 - [TEST_STEP][PASSED] - click(findTestObject("Object Repository/Thread_Webshop/Reusable Testcase/Page_Threads/button_Enter")): Object: 'Object Repository/Thread_Webshop/Reusable Testcase/Page_Threads/button_Enter' is clicked on

05-11-2024T12:13:03 - [MESSAGE][PASSED] - Object: 'Object Repository/Thread_Webshop/Reusable Testcase/Page_Threads/button_Enter' is clicked on

05-11-2024T12:13:03 - [MESSAGE][PASSED] - Call Test Case 'Test Cases/Threads_Webshop/ReUsable Testcases/Enter Password' successfully

05-11-2024T12:13:03 - [TEST_STEP][PASSED] - takeScreenshot(screenshotFolderPath + "home.png"): Taking screenshot successfully

05-11-2024T12:13:05 - [MESSAGE][PASSED] - Taking screenshot successfully
[[ATTACHMENT|C:\\Users\\AnusmitaKundu\\git\\threadShopify\\ThreadShopify\\Reports\\20241105_120811\\Threads\\New Test Suite (1)\\20241105_120811\\screenshots/shopping_cart_20241105_121255/home.png]]

05-11-2024T12:13:05 - [TEST_STEP][PASSED] - click(findTestObject("Object Repository/Shopping cart_An/PROMO CODE/Page_Threads/span_Catalog")): Object: 'Object Repository/Shopping cart_An/PROMO CODE/Page_Threads/span_Catalog' is clicked on

05-11-2024T12:13:06 - [MESSAGE][PASSED] - Object: 'Object Repository/Shopping cart_An/PROMO CODE/Page_Threads/span_Catalog' is clicked on

05-11-2024T12:13:06 - [TEST_STEP][PASSED] - click(findTestObject("Object Repository/Shopping cart_An/PROMO CODE/Page_Products  Threads/a_CONVERSE  CHUCK TAYLOR ALL STAR LO")): Object: 'Object Repository/Shopping cart_An/PROMO CODE/Page_Products  Threads/a_CONVERSE  CHUCK TAYLOR ALL STAR LO' is clicked on

05-11-2024T12:13:07 - [MESSAGE][PASSED] - Object: 'Object Repository/Shopping cart_An/PROMO CODE/Page_Products  Threads/a_CONVERSE  CHUCK TAYLOR ALL STAR LO' is clicked on

05-11-2024T12:13:07 - [TEST_STEP][PASSED] - takeScreenshot(screenshotFolderPath + "item.png"): Taking screenshot successfully

05-11-2024T12:13:08 - [MESSAGE][PASSED] - Taking screenshot successfully
[[ATTACHMENT|C:\\Users\\AnusmitaKundu\\git\\threadShopify\\ThreadShopify\\Reports\\20241105_120811\\Threads\\New Test Suite (1)\\20241105_120811\\screenshots/shopping_cart_20241105_121255/item.png]]

05-11-2024T12:13:08 - [TEST_STEP][PASSED] - delay(2): Delayed 2 second(s)

05-11-2024T12:13:10 - [MESSAGE][PASSED] - Delayed 2 second(s)

05-11-2024T12:13:10 - [TEST_STEP][PASSED] - click(findTestObject("Object Repository/Shopping cart_An/PROMO CODE/Page_CONVERSE  CHUCK TAYLOR ALL STAR LO  Threads/label_4Variant sold out or unavailable")): Object: 'Object Repository/Shopping cart_An/PROMO CODE/Page_CONVERSE  CHUCK TAYLOR ALL STAR LO  Threads/label_4Variant sold out or unavailable' is clicked on

05-11-2024T12:13:11 - [MESSAGE][PASSED] - Object: 'Object Repository/Shopping cart_An/PROMO CODE/Page_CONVERSE  CHUCK TAYLOR ALL STAR LO  Threads/label_4Variant sold out or unavailable' is clicked on

05-11-2024T12:13:11 - [TEST_STEP][PASSED] - click(findTestObject("Object Repository/Shopping cart_An/PROMO CODE/Page_CONVERSE  CHUCK TAYLOR ALL STAR LO  Threads/button_Add to cart")): Object: 'Object Repository/Shopping cart_An/PROMO CODE/Page_CONVERSE  CHUCK TAYLOR ALL STAR LO  Threads/button_Add to cart' is clicked on

05-11-2024T12:13:12 - [MESSAGE][PASSED] - Object: 'Object Repository/Shopping cart_An/PROMO CODE/Page_CONVERSE  CHUCK TAYLOR ALL STAR LO  Threads/button_Add to cart' is clicked on

05-11-2024T12:13:12 - [TEST_STEP][PASSED] - takeScreenshot(screenshotFolderPath + "verify_cart.png"): Taking screenshot successfully

05-11-2024T12:13:13 - [MESSAGE][PASSED] - Taking screenshot successfully
[[ATTACHMENT|C:\\Users\\AnusmitaKundu\\git\\threadShopify\\ThreadShopify\\Reports\\20241105_120811\\Threads\\New Test Suite (1)\\20241105_120811\\screenshots/shopping_cart_20241105_121255/verify_cart.png]]

05-11-2024T12:13:13 - [TEST_STEP][PASSED] - click(findTestObject("Object Repository/Shopping cart_An/PROMO CODE/Page_CONVERSE  CHUCK TAYLOR ALL STAR LO  Threads/a_View cart (1)")): Object: 'Object Repository/Shopping cart_An/PROMO CODE/Page_CONVERSE  CHUCK TAYLOR ALL STAR LO  Threads/a_View cart (1)' is clicked on

05-11-2024T12:13:14 - [MESSAGE][PASSED] - Object: 'Object Repository/Shopping cart_An/PROMO CODE/Page_CONVERSE  CHUCK TAYLOR ALL STAR LO  Threads/a_View cart (1)' is clicked on

05-11-2024T12:13:14 - [TEST_STEP][PASSED] - click(findTestObject("Object Repository/Shopping cart_An/PROMO CODE/Page_Your Shopping Cart  Threads/button_Check out")): Object: 'Object Repository/Shopping cart_An/PROMO CODE/Page_Your Shopping Cart  Threads/button_Check out' is clicked on

05-11-2024T12:13:20 - [MESSAGE][PASSED] - Object: 'Object Repository/Shopping cart_An/PROMO CODE/Page_Your Shopping Cart  Threads/button_Check out' is clicked on

05-11-2024T12:13:20 - [TEST_STEP][PASSED] - takeScreenshot(screenshotFolderPath + "checkout.png"): Taking screenshot successfully

05-11-2024T12:13:22 - [MESSAGE][PASSED] - Taking screenshot successfully
[[ATTACHMENT|C:\\Users\\AnusmitaKundu\\git\\threadShopify\\ThreadShopify\\Reports\\20241105_120811\\Threads\\New Test Suite (1)\\20241105_120811\\screenshots/shopping_cart_20241105_121255/checkout.png]]

05-11-2024T12:13:22 - [TEST_STEP][PASSED] - setText(findTestObject("Object Repository/Shopping cart_An/PROMO CODE/Page_Checkout - Threads/input_Discount code_reductions"), "WINTER10"): Text 'WINTER10' is set on object 'Object Repository/Shopping cart_An/PROMO CODE/Page_Checkout - Threads/input_Discount code_reductions'

05-11-2024T12:13:23 - [MESSAGE][PASSED] - Text 'WINTER10' is set on object 'Object Repository/Shopping cart_An/PROMO CODE/Page_Checkout - Threads/input_Discount code_reductions'

05-11-2024T12:13:23 - [TEST_STEP][PASSED] - delay(3): Delayed 3 second(s)

05-11-2024T12:13:26 - [MESSAGE][PASSED] - Delayed 3 second(s)

05-11-2024T12:13:26 - [TEST_STEP][PASSED] - takeScreenshot(screenshotFolderPath + "promo.png"): Taking screenshot successfully

05-11-2024T12:13:26 - [MESSAGE][PASSED] - Taking screenshot successfully
[[ATTACHMENT|C:\\Users\\AnusmitaKundu\\git\\threadShopify\\ThreadShopify\\Reports\\20241105_120811\\Threads\\New Test Suite (1)\\20241105_120811\\screenshots/shopping_cart_20241105_121255/promo.png]]

05-11-2024T12:13:26 - [TEST_STEP][PASSED] - click(findTestObject("Object Repository/Shopping cart_An/PROMO CODE/Page_Checkout - Threads/button_Apply")): Object: 'Object Repository/Shopping cart_An/PROMO CODE/Page_Checkout - Threads/button_Apply' is clicked on

05-11-2024T12:13:27 - [MESSAGE][PASSED] - Object: 'Object Repository/Shopping cart_An/PROMO CODE/Page_Checkout - Threads/button_Apply' is clicked on

05-11-2024T12:13:27 - [TEST_STEP][PASSED] - prodPrice = getText(findTestObject("Object Repository/Shopping cart_An/PROMO CODE/Page_Checkout - Threads/span_100.00")): Text of object 'Object Repository/Shopping cart_An/PROMO CODE/Page_Checkout - Threads/span_100.00' is: '₹100.00'

05-11-2024T12:13:29 - [MESSAGE][PASSED] - Text of object 'Object Repository/Shopping cart_An/PROMO CODE/Page_Checkout - Threads/span_100.00' is: '₹100.00'

05-11-2024T12:13:29 - [TEST_STEP][PASSED] - originalPrice = parsePrice(prodPrice): null

05-11-2024T12:13:29 - [TEST_STEP][PASSED] - cleanText = ]", "").trim(): null

05-11-2024T12:13:29 - [TEST_STEP][PASSED] - return java.lang.Float.parseFloat(cleanText): null

05-11-2024T12:13:29 - [TEST_STEP][PASSED] - println(Original Price: $originalPrice): null

05-11-2024T12:13:29 - [TEST_STEP][PASSED] - discountedPrice = originalPrice / 100 * 10: null

05-11-2024T12:13:29 - [TEST_STEP][PASSED] - discount = parseDisc(getText(findTestObject("Object Repository/Shopping cart_An/PROMO CODE/Page_Checkout - Threads/span_10.00"))): Text of object 'Object Repository/Shopping cart_An/PROMO CODE/Page_Checkout - Threads/span_10.00' is: '− ₹10.00'

05-11-2024T12:13:29 - [MESSAGE][PASSED] - Text of object 'Object Repository/Shopping cart_An/PROMO CODE/Page_Checkout - Threads/span_10.00' is: '− ₹10.00'

05-11-2024T12:13:29 - [TEST_STEP][PASSED] - cleanText = -]", "").trim(): null

05-11-2024T12:13:29 - [TEST_STEP][PASSED] - return java.lang.Float.parseFloat(cleanText): null

05-11-2024T12:13:29 - [TEST_STEP][PASSED] - if (discount == discountedPrice): null

05-11-2024T12:13:29 - [TEST_STEP][PASSED] - println("Discounted price matches"): null

05-11-2024T12:13:29 - [TEST_STEP][PASSED] - taxAmt = parsePrice(getText(findTestObject("Object Repository/Shopping cart_An/PROMO CODE/Page_Checkout - Threads/span_8.10"))): Text of object 'Object Repository/Shopping cart_An/PROMO CODE/Page_Checkout - Threads/span_8.10' is: '₹8.10'

05-11-2024T12:13:30 - [MESSAGE][PASSED] - Text of object 'Object Repository/Shopping cart_An/PROMO CODE/Page_Checkout - Threads/span_8.10' is: '₹8.10'

05-11-2024T12:13:30 - [TEST_STEP][PASSED] - cleanText = ]", "").trim(): null

05-11-2024T12:13:30 - [TEST_STEP][PASSED] - return java.lang.Float.parseFloat(cleanText): null

05-11-2024T12:13:30 - [TEST_STEP][PASSED] - totalPrice = originalPrice - discount + taxAmt: null

05-11-2024T12:13:30 - [TEST_STEP][PASSED] - finalPriceStr = getText(findTestObject("Object Repository/Shopping cart_An/PROMO CODE/Page_Checkout - Threads/strong_98.10")): Text of object 'Object Repository/Shopping cart_An/PROMO CODE/Page_Checkout - Threads/strong_98.10' is: '₹98.10'

05-11-2024T12:13:30 - [MESSAGE][PASSED] - Text of object 'Object Repository/Shopping cart_An/PROMO CODE/Page_Checkout - Threads/strong_98.10' is: '₹98.10'

05-11-2024T12:13:30 - [TEST_STEP][PASSED] - finalPrice = parsePrice(finalPriceStr): null

05-11-2024T12:13:30 - [TEST_STEP][PASSED] - cleanText = ]", "").trim(): null

05-11-2024T12:13:30 - [TEST_STEP][PASSED] - return java.lang.Float.parseFloat(cleanText): null

05-11-2024T12:13:30 - [TEST_STEP][PASSED] - if (totalPrice == finalPrice): null

05-11-2024T12:13:30 - [TEST_STEP][PASSED] - println("Final price matches"): null

05-11-2024T12:13:30 - [TEST_STEP][PASSED] - verifyTextPresent("TOTAL SAVINGS", false): Text 'TOTAL SAVINGS' is present on page 

05-11-2024T12:13:30 - [MESSAGE][PASSED] - Text 'TOTAL SAVINGS' is present on page 

05-11-2024T12:13:30 - [TEST_STEP][PASSED] - savings = parsePrice(getText(findTestObject("Object Repository/Shopping cart_An/PROMO CODE/Page_Checkout - Threads/strong_10.00"))): Text of object 'Object Repository/Shopping cart_An/PROMO CODE/Page_Checkout - Threads/strong_10.00' is: '₹10.00'

05-11-2024T12:14:02 - [MESSAGE][INFO] - Unable to find the element located by 'By.xpath: //div[@id='app']/div/div/div/div[2]/div[2]/div/aside/div/section/div/section/div[3]/div/div/div/strong[2]'. Please recheck the objects properties to make sure the desired element is located. 

05-11-2024T12:14:02 - [MESSAGE][WARNING] - [SELF-HEALING] Failed to find element with id 'Object Repository/Shopping cart_An/PROMO CODE/Page_Checkout - Threads/strong_10.00'. Try using Self-healing.

05-11-2024T12:14:02 - [MESSAGE][ERROR] - [SELF-HEALING] com.google.gson.stream.MalformedJsonException: Expected ':' at line 5 column 10 path $.brokenTestObjects[0].<<<<<<<

05-11-2024T12:14:02 - [MESSAGE][INFO] - [SELF-HEALING] Failed Locator: '//div[@id='app']/div/div/div/div[2]/div[2]/div/aside/div/section/div/section/div[3]/div/div/div/strong[2]'.

05-11-2024T12:14:02 - [MESSAGE][INFO] - [SELF-HEALING] Working Locator: '(.//*[normalize-space(text()) and normalize-space(.)='TOTAL SAVINGS'])[1]/following::strong[1]'.

05-11-2024T12:14:02 - [MESSAGE][INFO] - [SELF-HEALING] Screenshot: C:/Users/AnusmitaKundu/git/threadShopify/ThreadShopify/Reports/Self-healing/Object Repository/Shopping cart_An/PROMO CODE/Page_Checkout - Threads/strong_10.00_neighbor.png

05-11-2024T12:14:02 - [MESSAGE][ERROR] - [SELF-HEALING] com.google.gson.stream.MalformedJsonException: Expected ':' at line 5 column 10 path $.brokenTestObjects[0].<<<<<<<

05-11-2024T12:14:02 - [MESSAGE][ERROR] - [SELF-HEALING] C:\Users\AnusmitaKundu\git\threadShopify\ThreadShopify\Reports\Self-healing\broken-test-objects-v2.json does not exist or is provided by Self-healing Plugin!

05-11-2024T12:14:02 - [MESSAGE][WARNING] - [SELF-HEALING] The current locator of test object 'Object Repository/Shopping cart_An/PROMO CODE/Page_Checkout - Threads/strong_10.00' was broken. Propose an alternative one: '(.//*[normalize-space(text()) and normalize-space(.)='TOTAL SAVINGS'])[1]/following::strong[1]'.

05-11-2024T12:14:02 - [MESSAGE][PASSED] - Text of object 'Object Repository/Shopping cart_An/PROMO CODE/Page_Checkout - Threads/strong_10.00' is: '₹10.00'

05-11-2024T12:14:02 - [TEST_STEP][PASSED] - cleanText = ]", "").trim(): null

05-11-2024T12:14:02 - [TEST_STEP][PASSED] - return java.lang.Float.parseFloat(cleanText): null

05-11-2024T12:14:02 - [TEST_STEP][PASSED] - if (savings == discountedPrice): null

05-11-2024T12:14:02 - [TEST_STEP][PASSED] - println("Savings match"): null

05-11-2024T12:14:02 - [TEST_STEP][PASSED] - takeScreenshot(screenshotFolderPath + "verify_price.png"): Taking screenshot successfully

05-11-2024T12:14:03 - [MESSAGE][PASSED] - Taking screenshot successfully
[[ATTACHMENT|C:\\Users\\AnusmitaKundu\\git\\threadShopify\\ThreadShopify\\Reports\\20241105_120811\\Threads\\New Test Suite (1)\\20241105_120811\\screenshots/shopping_cart_20241105_121255/verify_price.png]]

05-11-2024T12:14:03 - [TEST_STEP][PASSED] - closeBrowser(): Browser is closed

05-11-2024T12:14:04 - [MESSAGE][PASSED] - Browser is closed]]></system-out>
         <system-err><![CDATA[]]></system-err>
      </testcase>
      <testcase name="Test Cases/Threads_Webshop/6 Checkout/TC-178,404,305-Verify checkout scenario" time="41.251" classname="Test Cases/Threads_Webshop/6 Checkout/TC-178,404,305-Verify checkout scenario" status="PASSED">
         <system-out><![CDATA[05-11-2024T12:14:04 - [TEST_CASE][PASSED] - Test Cases/Threads_Webshop/6 Checkout/TC-178,404,305-Verify checkout scenario: Test Cases/Threads_Webshop/6 Checkout/TC-178,404,305-Verify checkout scenario

05-11-2024T12:14:04 - [TEST_STEP][PASSED] - currentDateTime = LocalDateTime.now(): null

05-11-2024T12:14:04 - [TEST_STEP][PASSED] - formatter = DateTimeFormatter.ofPattern("yyyyMMdd_HHmmss"): null

05-11-2024T12:14:04 - [TEST_STEP][PASSED] - dateTimeString = currentDateTime.format(formatter): null

05-11-2024T12:14:04 - [TEST_STEP][PASSED] - screenshotFolderPath = "screenshots/checkout_" + dateTimeString + "/": null

05-11-2024T12:14:04 - [TEST_STEP][PASSED] - File(screenshotFolderPath).mkdirs(): null

05-11-2024T12:14:04 - [TEST_STEP][PASSED] - callTestCase(findTestCase("Threads_Webshop/ReUsable Testcases/Login to an Account"), ["validemail":"cenaalice1234@mailinator.com", "password":"UDMlkmqWREzH+mr49N5wRw=="], STOP_ON_FAILURE): Call Test Case 'Test Cases/Threads_Webshop/ReUsable Testcases/Login to an Account' successfully

05-11-2024T12:14:04 - [TEST_CASE][PASSED] - Test Cases/Threads_Webshop/ReUsable Testcases/Login to an Account: Test Cases/Threads_Webshop/ReUsable Testcases/Login to an Account

05-11-2024T12:14:05 - [TEST_STEP][PASSED] - callTestCase(findTestCase("Threads_Webshop/ReUsable Testcases/Enter Password"), [:], STOP_ON_FAILURE): Call Test Case 'Test Cases/Threads_Webshop/ReUsable Testcases/Enter Password' successfully

05-11-2024T12:14:05 - [TEST_CASE][PASSED] - Test Cases/Threads_Webshop/ReUsable Testcases/Enter Password: Test Cases/Threads_Webshop/ReUsable Testcases/Enter Password

05-11-2024T12:14:05 - [TEST_STEP][PASSED] - openBrowser(""): Browser is opened with url: ''

05-11-2024T12:14:05 - [MESSAGE][INFO] - Starting 'Chrome' driver

05-11-2024T12:14:05 - [MESSAGE][INFO] - Action delay is set to 0 milliseconds

05-11-2024T12:14:06 - [MESSAGE][PASSED] - Browser is opened with url: ''

05-11-2024T12:14:06 - [TEST_STEP][PASSED] - maximizeWindow(): Current window maximized

05-11-2024T12:14:06 - [MESSAGE][PASSED] - Current window maximized

05-11-2024T12:14:06 - [TEST_STEP][PASSED] - navigateToUrl("https://threads0.myshopify.com/password"): Navigate to 'https://threads0.myshopify.com/password' successfully

05-11-2024T12:14:07 - [MESSAGE][PASSED] - Navigate to 'https://threads0.myshopify.com/password' successfully

05-11-2024T12:14:07 - [TEST_STEP][PASSED] - click(findTestObject("Object Repository/Thread_Webshop/Reusable Testcase/Page_Threads/div_Enter using password")): Object: 'Object Repository/Thread_Webshop/Reusable Testcase/Page_Threads/div_Enter using password' is clicked on

05-11-2024T12:14:11 - [MESSAGE][PASSED] - Object: 'Object Repository/Thread_Webshop/Reusable Testcase/Page_Threads/div_Enter using password' is clicked on

05-11-2024T12:14:11 - [TEST_STEP][PASSED] - setEncryptedText(findTestObject("Object Repository/Thread_Webshop/Reusable Testcase/Page_Threads/input_Enter store using password_password"), "gnzTAVlujIw+lTr0To6+Cg=="): Text ****** has been set on object 'Object Repository/Thread_Webshop/Reusable Testcase/Page_Threads/input_Enter store using password_password'

05-11-2024T12:14:12 - [MESSAGE][PASSED] - Text ****** has been set on object 'Object Repository/Thread_Webshop/Reusable Testcase/Page_Threads/input_Enter store using password_password'

05-11-2024T12:14:12 - [TEST_STEP][PASSED] - click(findTestObject("Object Repository/Thread_Webshop/Reusable Testcase/Page_Threads/button_Enter")): Object: 'Object Repository/Thread_Webshop/Reusable Testcase/Page_Threads/button_Enter' is clicked on

05-11-2024T12:14:14 - [MESSAGE][PASSED] - Object: 'Object Repository/Thread_Webshop/Reusable Testcase/Page_Threads/button_Enter' is clicked on

05-11-2024T12:14:14 - [MESSAGE][PASSED] - Call Test Case 'Test Cases/Threads_Webshop/ReUsable Testcases/Enter Password' successfully

05-11-2024T12:14:14 - [TEST_STEP][PASSED] - click(findTestObject("Object Repository/Thread_Webshop/Reusable Testcase/Page_Threads/svg_Search_icon icon-account")): Object: 'Object Repository/Thread_Webshop/Reusable Testcase/Page_Threads/svg_Search_icon icon-account' is clicked on

05-11-2024T12:14:16 - [MESSAGE][PASSED] - Object: 'Object Repository/Thread_Webshop/Reusable Testcase/Page_Threads/svg_Search_icon icon-account' is clicked on

05-11-2024T12:14:16 - [TEST_STEP][PASSED] - setText(findTestObject("Object Repository/Thread_Webshop/Reusable Testcase/Page_Account  Threads/input_Login_customeremail"), validemail): Text 'cenaalice1234@mailinator.com' is set on object 'Object Repository/Thread_Webshop/Reusable Testcase/Page_Account  Threads/input_Login_customeremail'

05-11-2024T12:14:17 - [MESSAGE][PASSED] - Text 'cenaalice1234@mailinator.com' is set on object 'Object Repository/Thread_Webshop/Reusable Testcase/Page_Account  Threads/input_Login_customeremail'

05-11-2024T12:14:17 - [TEST_STEP][PASSED] - setEncryptedText(findTestObject("Object Repository/Thread_Webshop/Reusable Testcase/Page_Account  Threads/input_Email_customerpassword"), password): Text ****** has been set on object 'Object Repository/Thread_Webshop/Reusable Testcase/Page_Account  Threads/input_Email_customerpassword'

05-11-2024T12:14:18 - [MESSAGE][PASSED] - Text ****** has been set on object 'Object Repository/Thread_Webshop/Reusable Testcase/Page_Account  Threads/input_Email_customerpassword'

05-11-2024T12:14:18 - [TEST_STEP][PASSED] - click(findTestObject("Object Repository/Thread_Webshop/Reusable Testcase/Page_Account  Threads/button_Sign in")): Object: 'Object Repository/Thread_Webshop/Reusable Testcase/Page_Account  Threads/button_Sign in' is clicked on

05-11-2024T12:14:20 - [MESSAGE][PASSED] - Object: 'Object Repository/Thread_Webshop/Reusable Testcase/Page_Account  Threads/button_Sign in' is clicked on

05-11-2024T12:14:20 - [TEST_STEP][PASSED] - click(findTestObject("Object Repository/Thread_Webshop/Reusable Testcase/Page_Account  Threads/span_Home")): Object: 'Object Repository/Thread_Webshop/Reusable Testcase/Page_Account  Threads/span_Home' is clicked on

05-11-2024T12:14:22 - [MESSAGE][PASSED] - Object: 'Object Repository/Thread_Webshop/Reusable Testcase/Page_Account  Threads/span_Home' is clicked on

05-11-2024T12:14:22 - [MESSAGE][PASSED] - Call Test Case 'Test Cases/Threads_Webshop/ReUsable Testcases/Login to an Account' successfully

05-11-2024T12:14:22 - [TEST_STEP][PASSED] - verifyTextPresent("Home", false): Text 'Home' is present on page 

05-11-2024T12:14:23 - [MESSAGE][PASSED] - Text 'Home' is present on page 

05-11-2024T12:14:23 - [TEST_STEP][PASSED] - takeScreenshot(screenshotFolderPath + "home.png"): Taking screenshot successfully

05-11-2024T12:14:24 - [MESSAGE][PASSED] - Taking screenshot successfully
[[ATTACHMENT|C:\\Users\\AnusmitaKundu\\git\\threadShopify\\ThreadShopify\\Reports\\20241105_120811\\Threads\\New Test Suite (1)\\20241105_120811\\screenshots/checkout_20241105_121404/home.png]]

05-11-2024T12:14:24 - [TEST_STEP][PASSED] - verifyElementClickable(findTestObject("Object Repository/Thread_Webshop/Checkout/Page_Threads/a_ADIDAS  CLASSIC BACKPACK")): Object 'Object Repository/Thread_Webshop/Checkout/Page_Threads/a_ADIDAS  CLASSIC BACKPACK' is clickable

05-11-2024T12:14:25 - [MESSAGE][PASSED] - Object 'Object Repository/Thread_Webshop/Checkout/Page_Threads/a_ADIDAS  CLASSIC BACKPACK' is clickable

05-11-2024T12:14:25 - [TEST_STEP][PASSED] - click(findTestObject("Object Repository/Thread_Webshop/Checkout/Page_Threads/a_ADIDAS  CLASSIC BACKPACK")): Object: 'Object Repository/Thread_Webshop/Checkout/Page_Threads/a_ADIDAS  CLASSIC BACKPACK' is clicked on

05-11-2024T12:14:26 - [MESSAGE][PASSED] - Object: 'Object Repository/Thread_Webshop/Checkout/Page_Threads/a_ADIDAS  CLASSIC BACKPACK' is clicked on

05-11-2024T12:14:26 - [TEST_STEP][PASSED] - takeScreenshot(screenshotFolderPath + "item.png"): Taking screenshot successfully

05-11-2024T12:14:27 - [MESSAGE][PASSED] - Taking screenshot successfully
[[ATTACHMENT|C:\\Users\\AnusmitaKundu\\git\\threadShopify\\ThreadShopify\\Reports\\20241105_120811\\Threads\\New Test Suite (1)\\20241105_120811\\screenshots/checkout_20241105_121404/item.png]]

05-11-2024T12:14:27 - [TEST_STEP][PASSED] - click(findTestObject("Object Repository/Thread_Webshop/Checkout/Page_ADIDAS  CLASSIC BACKPACK  Threads/button_Buy it now")): Object: 'Object Repository/Thread_Webshop/Checkout/Page_ADIDAS  CLASSIC BACKPACK  Threads/button_Buy it now' is clicked on

05-11-2024T12:14:28 - [MESSAGE][PASSED] - Object: 'Object Repository/Thread_Webshop/Checkout/Page_ADIDAS  CLASSIC BACKPACK  Threads/button_Buy it now' is clicked on

05-11-2024T12:14:28 - [TEST_STEP][PASSED] - verifyTextPresent("Threads", false): Text 'Threads' is present on page 

05-11-2024T12:14:33 - [MESSAGE][PASSED] - Text 'Threads' is present on page 

05-11-2024T12:14:33 - [TEST_STEP][PASSED] - takeScreenshot(screenshotFolderPath + "checkout_screen.png"): Taking screenshot successfully

05-11-2024T12:14:34 - [MESSAGE][PASSED] - Taking screenshot successfully
[[ATTACHMENT|C:\\Users\\AnusmitaKundu\\git\\threadShopify\\ThreadShopify\\Reports\\20241105_120811\\Threads\\New Test Suite (1)\\20241105_120811\\screenshots/checkout_20241105_121404/checkout_screen.png]]

05-11-2024T12:14:34 - [TEST_STEP][PASSED] - productText = getText(findTestObject("Object Repository/Thread_Webshop/Checkout/Page_Checkout - Threads/span_56.00")): Text of object 'Object Repository/Thread_Webshop/Checkout/Page_Checkout - Threads/span_56.00' is: '₹56.00'

05-11-2024T12:14:35 - [MESSAGE][PASSED] - Text of object 'Object Repository/Thread_Webshop/Checkout/Page_Checkout - Threads/span_56.00' is: '₹56.00'

05-11-2024T12:14:35 - [TEST_STEP][PASSED] - clothWithoutDollar = replace(",", "").trim(): null

05-11-2024T12:14:35 - [TEST_STEP][PASSED] - productPrice = Float.parseFloat(clothWithoutDollar): null

05-11-2024T12:14:35 - [TEST_STEP][PASSED] - println($productPrice): null

05-11-2024T12:14:35 - [TEST_STEP][PASSED] - shippinfText = getText(findTestObject("Object Repository/Thread_Webshop/Checkout/Page_Checkout - Threads/span_10.00")): Text of object 'Object Repository/Thread_Webshop/Checkout/Page_Checkout - Threads/span_10.00' is: '₹10.00'

05-11-2024T12:14:35 - [MESSAGE][PASSED] - Text of object 'Object Repository/Thread_Webshop/Checkout/Page_Checkout - Threads/span_10.00' is: '₹10.00'

05-11-2024T12:14:35 - [TEST_STEP][PASSED] - ShippinfTextW$ = replace(",", "").trim(): null

05-11-2024T12:14:35 - [TEST_STEP][PASSED] - shippingPrice = Float.parseFloat(ShippinfTextW$): null

05-11-2024T12:14:35 - [TEST_STEP][PASSED] - println($shippingPrice): null

05-11-2024T12:14:35 - [TEST_STEP][PASSED] - taxText = getText(findTestObject("Object Repository/Thread_Webshop/Checkout/Page_Checkout - Threads/span_10.08")): Text of object 'Object Repository/Thread_Webshop/Checkout/Page_Checkout - Threads/span_10.08' is: '₹10.08'

05-11-2024T12:14:35 - [MESSAGE][PASSED] - Text of object 'Object Repository/Thread_Webshop/Checkout/Page_Checkout - Threads/span_10.08' is: '₹10.08'

05-11-2024T12:14:35 - [TEST_STEP][PASSED] - taxText$ = replace(",", "").trim(): null

05-11-2024T12:14:35 - [TEST_STEP][PASSED] - taxPrice = Float.parseFloat(taxText$): null

05-11-2024T12:14:35 - [TEST_STEP][PASSED] - println($taxPrice): null

05-11-2024T12:14:35 - [TEST_STEP][PASSED] - totalText = getText(findTestObject("Object Repository/Thread_Webshop/Checkout/Page_Checkout - Threads/strong_76.08")): Text of object 'Object Repository/Thread_Webshop/Checkout/Page_Checkout - Threads/strong_76.08' is: '₹76.08'

05-11-2024T12:14:35 - [MESSAGE][PASSED] - Text of object 'Object Repository/Thread_Webshop/Checkout/Page_Checkout - Threads/strong_76.08' is: '₹76.08'

05-11-2024T12:14:35 - [TEST_STEP][PASSED] - totalText$ = replace(",", "").trim(): null

05-11-2024T12:14:35 - [TEST_STEP][PASSED] - totalPrice = Float.parseFloat(totalText$): null

05-11-2024T12:14:35 - [TEST_STEP][PASSED] - println(totalPrice): null

05-11-2024T12:14:35 - [TEST_STEP][PASSED] - total = taxPrice + shippingPrice + productPrice: null

05-11-2024T12:14:35 - [TEST_STEP][PASSED] - println($total): null

05-11-2024T12:14:35 - [TEST_STEP][PASSED] - if (total == totalPrice): null

05-11-2024T12:14:35 - [TEST_STEP][PASSED] - println("The price has matched"): null

05-11-2024T12:14:35 - [TEST_STEP][PASSED] - click(findTestObject("Object Repository/Thread_Webshop/Checkout/Page_Checkout - Threads/div_Ship to__1fragemfz _1fragemeo _1fragemh_6626dd")): Object: 'Object Repository/Thread_Webshop/Checkout/Page_Checkout - Threads/div_Ship to__1fragemfz _1fragemeo _1fragemh_6626dd' is clicked on

05-11-2024T12:14:36 - [MESSAGE][PASSED] - Object: 'Object Repository/Thread_Webshop/Checkout/Page_Checkout - Threads/div_Ship to__1fragemfz _1fragemeo _1fragemh_6626dd' is clicked on

05-11-2024T12:14:36 - [TEST_STEP][PASSED] - click(findTestObject("Object Repository/Thread_Webshop/Checkout/Page_Checkout - Threads/button_Bob Chen, Pursuit Software, abc apar_ab85f8")): Object: 'Object Repository/Thread_Webshop/Checkout/Page_Checkout - Threads/button_Bob Chen, Pursuit Software, abc apar_ab85f8' is clicked on

05-11-2024T12:14:36 - [MESSAGE][PASSED] - Object: 'Object Repository/Thread_Webshop/Checkout/Page_Checkout - Threads/button_Bob Chen, Pursuit Software, abc apar_ab85f8' is clicked on

05-11-2024T12:14:36 - [TEST_STEP][PASSED] - takeScreenshot(screenshotFolderPath + "information_before.png"): Taking screenshot successfully

05-11-2024T12:14:37 - [MESSAGE][PASSED] - Taking screenshot successfully
[[ATTACHMENT|C:\\Users\\AnusmitaKundu\\git\\threadShopify\\ThreadShopify\\Reports\\20241105_120811\\Threads\\New Test Suite (1)\\20241105_120811\\screenshots/checkout_20241105_121404/information_before.png]]

05-11-2024T12:14:37 - [TEST_STEP][PASSED] - click(findTestObject("Object Repository/Thread_Webshop/Checkout/Page_Checkout - Threads/button_Edit")): Object: 'Object Repository/Thread_Webshop/Checkout/Page_Checkout - Threads/button_Edit' is clicked on

05-11-2024T12:14:38 - [MESSAGE][PASSED] - Object: 'Object Repository/Thread_Webshop/Checkout/Page_Checkout - Threads/button_Edit' is clicked on

05-11-2024T12:14:38 - [TEST_STEP][PASSED] - click(findTestObject("Object Repository/Thread_Webshop/Checkout/Page_Checkout - Threads/input_Address_address1")): Object: 'Object Repository/Thread_Webshop/Checkout/Page_Checkout - Threads/input_Address_address1' is clicked on

05-11-2024T12:14:38 - [MESSAGE][PASSED] - Object: 'Object Repository/Thread_Webshop/Checkout/Page_Checkout - Threads/input_Address_address1' is clicked on

05-11-2024T12:14:38 - [TEST_STEP][PASSED] - setText(findTestObject("Object Repository/Thread_Webshop/Checkout/Page_Checkout - Threads/input_Apartment, suite, etc. (optional)_address2"), "abc"): Text 'abc' is set on object 'Object Repository/Thread_Webshop/Checkout/Page_Checkout - Threads/input_Apartment, suite, etc. (optional)_address2'

05-11-2024T12:14:40 - [MESSAGE][PASSED] - Text 'abc' is set on object 'Object Repository/Thread_Webshop/Checkout/Page_Checkout - Threads/input_Apartment, suite, etc. (optional)_address2'

05-11-2024T12:14:40 - [TEST_STEP][PASSED] - takeScreenshot(screenshotFolderPath + "changed.png"): Taking screenshot successfully

05-11-2024T12:14:40 - [MESSAGE][PASSED] - Taking screenshot successfully
[[ATTACHMENT|C:\\Users\\AnusmitaKundu\\git\\threadShopify\\ThreadShopify\\Reports\\20241105_120811\\Threads\\New Test Suite (1)\\20241105_120811\\screenshots/checkout_20241105_121404/changed.png]]

05-11-2024T12:14:40 - [TEST_STEP][PASSED] - click(findTestObject("Object Repository/Thread_Webshop/Checkout/Page_Checkout - Threads/button_Save")): Object: 'Object Repository/Thread_Webshop/Checkout/Page_Checkout - Threads/button_Save' is clicked on

05-11-2024T12:14:40 - [MESSAGE][PASSED] - Object: 'Object Repository/Thread_Webshop/Checkout/Page_Checkout - Threads/button_Save' is clicked on

05-11-2024T12:14:40 - [TEST_STEP][PASSED] - takeScreenshot(screenshotFolderPath + "information_after.png"): Taking screenshot successfully

05-11-2024T12:14:42 - [MESSAGE][PASSED] - Taking screenshot successfully
[[ATTACHMENT|C:\\Users\\AnusmitaKundu\\git\\threadShopify\\ThreadShopify\\Reports\\20241105_120811\\Threads\\New Test Suite (1)\\20241105_120811\\screenshots/checkout_20241105_121404/information_after.png]]

05-11-2024T12:14:42 - [TEST_STEP][PASSED] - click(findTestObject("Object Repository/Thread_Webshop/Checkout/Page_Checkout - Threads/a_Threads")): Object: 'Object Repository/Thread_Webshop/Checkout/Page_Checkout - Threads/a_Threads' is clicked on

05-11-2024T12:14:44 - [MESSAGE][PASSED] - Object: 'Object Repository/Thread_Webshop/Checkout/Page_Checkout - Threads/a_Threads' is clicked on

05-11-2024T12:14:44 - [TEST_STEP][PASSED] - closeBrowser(): Browser is closed

05-11-2024T12:14:45 - [MESSAGE][PASSED] - Browser is closed]]></system-out>
         <system-err><![CDATA[]]></system-err>
      </testcase>
      <testcase name="Test Cases/Threads_Webshop/6 Checkout/TC-Verify Shipping method" time="130.116" classname="Test Cases/Threads_Webshop/6 Checkout/TC-Verify Shipping method" status="PASSED">
         <system-out><![CDATA[05-11-2024T12:14:45 - [TEST_CASE][PASSED] - Test Cases/Threads_Webshop/6 Checkout/TC-Verify Shipping method: Test Cases/Threads_Webshop/6 Checkout/TC-Verify Shipping method

05-11-2024T12:14:46 - [TEST_STEP][PASSED] - currentDateTime = LocalDateTime.now(): null

05-11-2024T12:14:46 - [TEST_STEP][PASSED] - formatter = DateTimeFormatter.ofPattern("yyyyMMdd_HHmmss"): null

05-11-2024T12:14:46 - [TEST_STEP][PASSED] - dateTimeString = currentDateTime.format(formatter): null

05-11-2024T12:14:46 - [TEST_STEP][PASSED] - screenshotFolderPath = "screenshots/checkout_" + dateTimeString + "/": null

05-11-2024T12:14:46 - [TEST_STEP][PASSED] - File(screenshotFolderPath).mkdirs(): null

05-11-2024T12:14:46 - [TEST_STEP][PASSED] - callTestCase(findTestCase("Threads_Webshop/ReUsable Testcases/Login to an Account"), ["validemail":"cenaalice1234@mailinator.com", "password":"UDMlkmqWREzH+mr49N5wRw=="], STOP_ON_FAILURE): Call Test Case 'Test Cases/Threads_Webshop/ReUsable Testcases/Login to an Account' successfully

05-11-2024T12:14:46 - [TEST_CASE][PASSED] - Test Cases/Threads_Webshop/ReUsable Testcases/Login to an Account: Test Cases/Threads_Webshop/ReUsable Testcases/Login to an Account

05-11-2024T12:14:46 - [TEST_STEP][PASSED] - callTestCase(findTestCase("Threads_Webshop/ReUsable Testcases/Enter Password"), [:], STOP_ON_FAILURE): Call Test Case 'Test Cases/Threads_Webshop/ReUsable Testcases/Enter Password' successfully

05-11-2024T12:14:46 - [TEST_CASE][PASSED] - Test Cases/Threads_Webshop/ReUsable Testcases/Enter Password: Test Cases/Threads_Webshop/ReUsable Testcases/Enter Password

05-11-2024T12:14:46 - [TEST_STEP][PASSED] - openBrowser(""): Browser is opened with url: ''

05-11-2024T12:14:46 - [MESSAGE][INFO] - Starting 'Chrome' driver

05-11-2024T12:14:46 - [MESSAGE][INFO] - Action delay is set to 0 milliseconds

05-11-2024T12:14:47 - [MESSAGE][PASSED] - Browser is opened with url: ''

05-11-2024T12:14:47 - [TEST_STEP][PASSED] - maximizeWindow(): Current window maximized

05-11-2024T12:14:47 - [MESSAGE][PASSED] - Current window maximized

05-11-2024T12:14:47 - [TEST_STEP][PASSED] - navigateToUrl("https://threads0.myshopify.com/password"): Navigate to 'https://threads0.myshopify.com/password' successfully

05-11-2024T12:14:48 - [MESSAGE][PASSED] - Navigate to 'https://threads0.myshopify.com/password' successfully

05-11-2024T12:14:48 - [TEST_STEP][PASSED] - click(findTestObject("Object Repository/Thread_Webshop/Reusable Testcase/Page_Threads/div_Enter using password")): Object: 'Object Repository/Thread_Webshop/Reusable Testcase/Page_Threads/div_Enter using password' is clicked on

05-11-2024T12:14:52 - [MESSAGE][PASSED] - Object: 'Object Repository/Thread_Webshop/Reusable Testcase/Page_Threads/div_Enter using password' is clicked on

05-11-2024T12:14:52 - [TEST_STEP][PASSED] - setEncryptedText(findTestObject("Object Repository/Thread_Webshop/Reusable Testcase/Page_Threads/input_Enter store using password_password"), "gnzTAVlujIw+lTr0To6+Cg=="): Text ****** has been set on object 'Object Repository/Thread_Webshop/Reusable Testcase/Page_Threads/input_Enter store using password_password'

05-11-2024T12:14:52 - [MESSAGE][PASSED] - Text ****** has been set on object 'Object Repository/Thread_Webshop/Reusable Testcase/Page_Threads/input_Enter store using password_password'

05-11-2024T12:14:52 - [TEST_STEP][PASSED] - click(findTestObject("Object Repository/Thread_Webshop/Reusable Testcase/Page_Threads/button_Enter")): Object: 'Object Repository/Thread_Webshop/Reusable Testcase/Page_Threads/button_Enter' is clicked on

05-11-2024T12:14:54 - [MESSAGE][PASSED] - Object: 'Object Repository/Thread_Webshop/Reusable Testcase/Page_Threads/button_Enter' is clicked on

05-11-2024T12:14:54 - [MESSAGE][PASSED] - Call Test Case 'Test Cases/Threads_Webshop/ReUsable Testcases/Enter Password' successfully

05-11-2024T12:14:54 - [TEST_STEP][PASSED] - click(findTestObject("Object Repository/Thread_Webshop/Reusable Testcase/Page_Threads/svg_Search_icon icon-account")): Object: 'Object Repository/Thread_Webshop/Reusable Testcase/Page_Threads/svg_Search_icon icon-account' is clicked on

05-11-2024T12:14:56 - [MESSAGE][PASSED] - Object: 'Object Repository/Thread_Webshop/Reusable Testcase/Page_Threads/svg_Search_icon icon-account' is clicked on

05-11-2024T12:14:56 - [TEST_STEP][PASSED] - setText(findTestObject("Object Repository/Thread_Webshop/Reusable Testcase/Page_Account  Threads/input_Login_customeremail"), validemail): Text 'cenaalice1234@mailinator.com' is set on object 'Object Repository/Thread_Webshop/Reusable Testcase/Page_Account  Threads/input_Login_customeremail'

05-11-2024T12:14:57 - [MESSAGE][PASSED] - Text 'cenaalice1234@mailinator.com' is set on object 'Object Repository/Thread_Webshop/Reusable Testcase/Page_Account  Threads/input_Login_customeremail'

05-11-2024T12:14:57 - [TEST_STEP][PASSED] - setEncryptedText(findTestObject("Object Repository/Thread_Webshop/Reusable Testcase/Page_Account  Threads/input_Email_customerpassword"), password): Text ****** has been set on object 'Object Repository/Thread_Webshop/Reusable Testcase/Page_Account  Threads/input_Email_customerpassword'

05-11-2024T12:14:58 - [MESSAGE][PASSED] - Text ****** has been set on object 'Object Repository/Thread_Webshop/Reusable Testcase/Page_Account  Threads/input_Email_customerpassword'

05-11-2024T12:14:58 - [TEST_STEP][PASSED] - click(findTestObject("Object Repository/Thread_Webshop/Reusable Testcase/Page_Account  Threads/button_Sign in")): Object: 'Object Repository/Thread_Webshop/Reusable Testcase/Page_Account  Threads/button_Sign in' is clicked on

05-11-2024T12:15:01 - [MESSAGE][PASSED] - Object: 'Object Repository/Thread_Webshop/Reusable Testcase/Page_Account  Threads/button_Sign in' is clicked on

05-11-2024T12:15:01 - [TEST_STEP][PASSED] - click(findTestObject("Object Repository/Thread_Webshop/Reusable Testcase/Page_Account  Threads/span_Home")): Object: 'Object Repository/Thread_Webshop/Reusable Testcase/Page_Account  Threads/span_Home' is clicked on

05-11-2024T12:15:02 - [MESSAGE][PASSED] - Object: 'Object Repository/Thread_Webshop/Reusable Testcase/Page_Account  Threads/span_Home' is clicked on

05-11-2024T12:15:02 - [MESSAGE][PASSED] - Call Test Case 'Test Cases/Threads_Webshop/ReUsable Testcases/Login to an Account' successfully

05-11-2024T12:15:02 - [TEST_STEP][PASSED] - takeScreenshot(screenshotFolderPath + "home.png"): Taking screenshot successfully

05-11-2024T12:15:04 - [MESSAGE][PASSED] - Taking screenshot successfully
[[ATTACHMENT|C:\\Users\\AnusmitaKundu\\git\\threadShopify\\ThreadShopify\\Reports\\20241105_120811\\Threads\\New Test Suite (1)\\20241105_120811\\screenshots/checkout_20241105_121446/home.png]]

05-11-2024T12:15:04 - [TEST_STEP][PASSED] - verifyElementClickable(findTestObject("Object Repository/Thread_Webshop/Checkout/Page_Threads/a_ADIDAS  CLASSIC BACKPACK")): Object 'Object Repository/Thread_Webshop/Checkout/Page_Threads/a_ADIDAS  CLASSIC BACKPACK' is clickable

05-11-2024T12:15:04 - [MESSAGE][PASSED] - Object 'Object Repository/Thread_Webshop/Checkout/Page_Threads/a_ADIDAS  CLASSIC BACKPACK' is clickable

05-11-2024T12:15:04 - [TEST_STEP][PASSED] - click(findTestObject("Object Repository/Thread_Webshop/Checkout/Page_Threads/a_ADIDAS  CLASSIC BACKPACK")): Object: 'Object Repository/Thread_Webshop/Checkout/Page_Threads/a_ADIDAS  CLASSIC BACKPACK' is clicked on

05-11-2024T12:15:05 - [MESSAGE][PASSED] - Object: 'Object Repository/Thread_Webshop/Checkout/Page_Threads/a_ADIDAS  CLASSIC BACKPACK' is clicked on

05-11-2024T12:15:05 - [TEST_STEP][PASSED] - takeScreenshot(screenshotFolderPath + "item.png"): Taking screenshot successfully

05-11-2024T12:15:07 - [MESSAGE][PASSED] - Taking screenshot successfully
[[ATTACHMENT|C:\\Users\\AnusmitaKundu\\git\\threadShopify\\ThreadShopify\\Reports\\20241105_120811\\Threads\\New Test Suite (1)\\20241105_120811\\screenshots/checkout_20241105_121446/item.png]]

05-11-2024T12:15:07 - [TEST_STEP][PASSED] - verifyElementClickable(findTestObject("Object Repository/Thread_Webshop/Checkout/Page_ADIDAS  CLASSIC BACKPACK  Threads/button_Buy it now")): Object 'Object Repository/Thread_Webshop/Checkout/Page_ADIDAS  CLASSIC BACKPACK  Threads/button_Buy it now' is clickable

05-11-2024T12:15:07 - [MESSAGE][PASSED] - Object 'Object Repository/Thread_Webshop/Checkout/Page_ADIDAS  CLASSIC BACKPACK  Threads/button_Buy it now' is clickable

05-11-2024T12:15:07 - [TEST_STEP][PASSED] - click(findTestObject("Object Repository/Thread_Webshop/Checkout/Page_ADIDAS  CLASSIC BACKPACK  Threads/button_Buy it now")): Object: 'Object Repository/Thread_Webshop/Checkout/Page_ADIDAS  CLASSIC BACKPACK  Threads/button_Buy it now' is clicked on

05-11-2024T12:15:08 - [MESSAGE][PASSED] - Object: 'Object Repository/Thread_Webshop/Checkout/Page_ADIDAS  CLASSIC BACKPACK  Threads/button_Buy it now' is clicked on

05-11-2024T12:15:08 - [TEST_STEP][PASSED] - takeScreenshot(screenshotFolderPath + "checkout.png"): Taking screenshot successfully

05-11-2024T12:15:12 - [MESSAGE][PASSED] - Taking screenshot successfully
[[ATTACHMENT|C:\\Users\\AnusmitaKundu\\git\\threadShopify\\ThreadShopify\\Reports\\20241105_120811\\Threads\\New Test Suite (1)\\20241105_120811\\screenshots/checkout_20241105_121446/checkout.png]]

05-11-2024T12:15:12 - [TEST_STEP][PASSED] - click(findTestObject("Object Repository/Thread_Webshop/Checkout/Page_Checkout - Threads/path")): Object: 'Object Repository/Thread_Webshop/Checkout/Page_Checkout - Threads/path' is clicked on

05-11-2024T12:15:43 - [MESSAGE][INFO] - Unable to find the element located by 'By.xpath: '. Please recheck the objects properties to make sure the desired element is located. 

05-11-2024T12:15:43 - [MESSAGE][WARNING] - [SELF-HEALING] Failed to find element with id 'Object Repository/Thread_Webshop/Checkout/Page_Checkout - Threads/path'. Try using Self-healing.

05-11-2024T12:15:43 - [MESSAGE][ERROR] - [SELF-HEALING] com.google.gson.stream.MalformedJsonException: Expected ':' at line 5 column 10 path $.brokenTestObjects[0].<<<<<<<

05-11-2024T12:15:44 - [MESSAGE][INFO] - [SELF-HEALING] No working XPath is found.

05-11-2024T12:15:45 - [MESSAGE][INFO] - [SELF-HEALING] Screenshot: C:/Users/AnusmitaKundu/git/threadShopify/ThreadShopify/Reports/Self-healing/Object Repository/Thread_Webshop/Checkout/Page_Checkout - Threads/path_SMART_LOCATOR.png

05-11-2024T12:15:45 - [MESSAGE][ERROR] - [SELF-HEALING] com.google.gson.stream.MalformedJsonException: Expected ':' at line 5 column 10 path $.brokenTestObjects[0].<<<<<<<

05-11-2024T12:15:45 - [MESSAGE][ERROR] - [SELF-HEALING] C:\Users\AnusmitaKundu\git\threadShopify\ThreadShopify\Reports\Self-healing\broken-test-objects-v2.json does not exist or is provided by Self-healing Plugin!

05-11-2024T12:15:45 - [MESSAGE][WARNING] - [SELF-HEALING] The current locator of test object 'Object Repository/Thread_Webshop/Checkout/Page_Checkout - Threads/path' was broken. Propose an alternative one: 'internal:role=button[name="Shipping method Standard · ₹10.00"i]'.

05-11-2024T12:15:45 - [MESSAGE][PASSED] - Object: 'Object Repository/Thread_Webshop/Checkout/Page_Checkout - Threads/path' is clicked on

05-11-2024T12:15:45 - [TEST_STEP][PASSED] - click(findTestObject("Object Repository/Thread_Webshop/Checkout/Page_Checkout - Threads/input_Choose a shipping method_shipping_methods")): Object: 'Object Repository/Thread_Webshop/Checkout/Page_Checkout - Threads/input_Choose a shipping method_shipping_methods' is clicked on

05-11-2024T12:16:16 - [MESSAGE][INFO] - Unable to find the element located by 'By.xpath: //input[@id='shipping_methods-87a3659e7fe354379e05ee630f6a14f5-8065b300762b4a82452fb156c5f860bb']'. Please recheck the objects properties to make sure the desired element is located. 

05-11-2024T12:16:16 - [MESSAGE][WARNING] - [SELF-HEALING] Failed to find element with id 'Object Repository/Thread_Webshop/Checkout/Page_Checkout - Threads/input_Choose a shipping method_shipping_methods'. Try using Self-healing.

05-11-2024T12:16:16 - [MESSAGE][ERROR] - [SELF-HEALING] com.google.gson.stream.MalformedJsonException: Expected ':' at line 5 column 10 path $.brokenTestObjects[0].<<<<<<<

05-11-2024T12:16:16 - [MESSAGE][INFO] - [SELF-HEALING] Failed Locator: '//input[@id='shipping_methods-87a3659e7fe354379e05ee630f6a14f5-8065b300762b4a82452fb156c5f860bb']'.

05-11-2024T12:16:16 - [MESSAGE][INFO] - [SELF-HEALING] Working Locator: '//fieldset[@id='shipping_methods']/div/div/div/div/input'.

05-11-2024T12:16:17 - [MESSAGE][INFO] - [SELF-HEALING] Screenshot: C:/Users/AnusmitaKundu/git/threadShopify/ThreadShopify/Reports/Self-healing/Object Repository/Thread_Webshop/Checkout/Page_Checkout - Threads/input_Choose a shipping method_shipping_methods_idRelative.png

05-11-2024T12:16:17 - [MESSAGE][ERROR] - [SELF-HEALING] com.google.gson.stream.MalformedJsonException: Expected ':' at line 5 column 10 path $.brokenTestObjects[0].<<<<<<<

05-11-2024T12:16:17 - [MESSAGE][ERROR] - [SELF-HEALING] C:\Users\AnusmitaKundu\git\threadShopify\ThreadShopify\Reports\Self-healing\broken-test-objects-v2.json does not exist or is provided by Self-healing Plugin!

05-11-2024T12:16:17 - [MESSAGE][WARNING] - [SELF-HEALING] The current locator of test object 'Object Repository/Thread_Webshop/Checkout/Page_Checkout - Threads/input_Choose a shipping method_shipping_methods' was broken. Propose an alternative one: '//fieldset[@id='shipping_methods']/div/div/div/div/input'.

05-11-2024T12:16:17 - [MESSAGE][PASSED] - Object: 'Object Repository/Thread_Webshop/Checkout/Page_Checkout - Threads/input_Choose a shipping method_shipping_methods' is clicked on

05-11-2024T12:16:17 - [TEST_STEP][PASSED] - takeScreenshot(screenshotFolderPath + "shipping_method1.png"): Taking screenshot successfully

05-11-2024T12:16:17 - [MESSAGE][PASSED] - Taking screenshot successfully
[[ATTACHMENT|C:\\Users\\AnusmitaKundu\\git\\threadShopify\\ThreadShopify\\Reports\\20241105_120811\\Threads\\New Test Suite (1)\\20241105_120811\\screenshots/checkout_20241105_121446/shipping_method1.png]]

05-11-2024T12:16:17 - [TEST_STEP][PASSED] - product1 = getText(findTestObject("Object Repository/Thread_Webshop/Checkout/Page_Checkout - Threads/span_56.00")): Text of object 'Object Repository/Thread_Webshop/Checkout/Page_Checkout - Threads/span_56.00' is: '₹56.00'

05-11-2024T12:16:18 - [MESSAGE][PASSED] - Text of object 'Object Repository/Thread_Webshop/Checkout/Page_Checkout - Threads/span_56.00' is: '₹56.00'

05-11-2024T12:16:18 - [TEST_STEP][PASSED] - println($product1): null

05-11-2024T12:16:18 - [TEST_STEP][PASSED] - product1 = product1.replace("₹", ""): null

05-11-2024T12:16:18 - [TEST_STEP][PASSED] - productPrice1 = Float.parseFloat(product1): null

05-11-2024T12:16:18 - [TEST_STEP][PASSED] - println($productPrice1): null

05-11-2024T12:16:18 - [TEST_STEP][PASSED] - shipping1 = getText(findTestObject("Object Repository/Thread_Webshop/Checkout/Page_Checkout - Threads/span_10.00")): Text of object 'Object Repository/Thread_Webshop/Checkout/Page_Checkout - Threads/span_10.00' is: '₹10.00'

05-11-2024T12:16:18 - [MESSAGE][PASSED] - Text of object 'Object Repository/Thread_Webshop/Checkout/Page_Checkout - Threads/span_10.00' is: '₹10.00'

05-11-2024T12:16:18 - [TEST_STEP][PASSED] - println($shipping1): null

05-11-2024T12:16:18 - [TEST_STEP][PASSED] - shipping1 = shipping1.replace("₹", ""): null

05-11-2024T12:16:18 - [TEST_STEP][PASSED] - shippingPrice1 = Float.parseFloat(shipping1): null

05-11-2024T12:16:18 - [TEST_STEP][PASSED] - println($shippingPrice1): null

05-11-2024T12:16:18 - [TEST_STEP][PASSED] - tax1 = getText(findTestObject("Object Repository/Thread_Webshop/Checkout/Page_Checkout - Threads/span_10.08")): Text of object 'Object Repository/Thread_Webshop/Checkout/Page_Checkout - Threads/span_10.08' is: '₹10.08'

05-11-2024T12:16:18 - [MESSAGE][PASSED] - Text of object 'Object Repository/Thread_Webshop/Checkout/Page_Checkout - Threads/span_10.08' is: '₹10.08'

05-11-2024T12:16:18 - [TEST_STEP][PASSED] - println($tax1): null

05-11-2024T12:16:18 - [TEST_STEP][PASSED] - tax1 = tax1.replace("₹", ""): null

05-11-2024T12:16:18 - [TEST_STEP][PASSED] - taxPrice1 = Float.parseFloat(tax1): null

05-11-2024T12:16:18 - [TEST_STEP][PASSED] - println($taxPrice1): null

05-11-2024T12:16:18 - [TEST_STEP][PASSED] - priceTotal1 = productPrice1 + shippingPrice1 + taxPrice1: null

05-11-2024T12:16:18 - [TEST_STEP][PASSED] - total1 = getText(findTestObject("Object Repository/Thread_Webshop/Checkout/Page_Checkout - Threads/strong_76.08")): Text of object 'Object Repository/Thread_Webshop/Checkout/Page_Checkout - Threads/strong_76.08' is: '₹76.08'

05-11-2024T12:16:18 - [MESSAGE][PASSED] - Text of object 'Object Repository/Thread_Webshop/Checkout/Page_Checkout - Threads/strong_76.08' is: '₹76.08'

05-11-2024T12:16:18 - [TEST_STEP][PASSED] - println($total1): null

05-11-2024T12:16:18 - [TEST_STEP][PASSED] - total1 = total1.replace("₹", ""): null

05-11-2024T12:16:18 - [TEST_STEP][PASSED] - totalPrice1 = Float.parseFloat(total1): null

05-11-2024T12:16:18 - [TEST_STEP][PASSED] - println($totalPrice1): null

05-11-2024T12:16:18 - [TEST_STEP][PASSED] - if (priceTotal1 == totalPrice1): null

05-11-2024T12:16:18 - [TEST_STEP][PASSED] - println("The price has matched"): null

05-11-2024T12:16:18 - [TEST_STEP][PASSED] - click(findTestObject("Object Repository/Thread_Webshop/Checkout/Page_Checkout - Threads/input_10.00_shipping_methods")): Object: 'Object Repository/Thread_Webshop/Checkout/Page_Checkout - Threads/input_10.00_shipping_methods' is clicked on

05-11-2024T12:16:50 - [MESSAGE][INFO] - Unable to find the element located by 'By.xpath: //input[@id='shipping_methods-87a3659e7fe354379e05ee630f6a14f5-e1ddef4ea339ac02339348a2a08e6f6c']'. Please recheck the objects properties to make sure the desired element is located. 

05-11-2024T12:16:50 - [MESSAGE][WARNING] - [SELF-HEALING] Failed to find element with id 'Object Repository/Thread_Webshop/Checkout/Page_Checkout - Threads/input_10.00_shipping_methods'. Try using Self-healing.

05-11-2024T12:16:50 - [MESSAGE][ERROR] - [SELF-HEALING] com.google.gson.stream.MalformedJsonException: Expected ':' at line 5 column 10 path $.brokenTestObjects[0].<<<<<<<

05-11-2024T12:16:50 - [MESSAGE][INFO] - [SELF-HEALING] Failed Locator: '//input[@id='shipping_methods-87a3659e7fe354379e05ee630f6a14f5-e1ddef4ea339ac02339348a2a08e6f6c']'.

05-11-2024T12:16:50 - [MESSAGE][INFO] - [SELF-HEALING] Working Locator: '//fieldset[@id='shipping_methods']/div/div[2]/div/div/input'.

05-11-2024T12:16:50 - [MESSAGE][INFO] - [SELF-HEALING] Screenshot: C:/Users/AnusmitaKundu/git/threadShopify/ThreadShopify/Reports/Self-healing/Object Repository/Thread_Webshop/Checkout/Page_Checkout - Threads/input_10.00_shipping_methods_idRelative.png

05-11-2024T12:16:50 - [MESSAGE][ERROR] - [SELF-HEALING] com.google.gson.stream.MalformedJsonException: Expected ':' at line 5 column 10 path $.brokenTestObjects[0].<<<<<<<

05-11-2024T12:16:50 - [MESSAGE][ERROR] - [SELF-HEALING] C:\Users\AnusmitaKundu\git\threadShopify\ThreadShopify\Reports\Self-healing\broken-test-objects-v2.json does not exist or is provided by Self-healing Plugin!

05-11-2024T12:16:50 - [MESSAGE][WARNING] - [SELF-HEALING] The current locator of test object 'Object Repository/Thread_Webshop/Checkout/Page_Checkout - Threads/input_10.00_shipping_methods' was broken. Propose an alternative one: '//fieldset[@id='shipping_methods']/div/div[2]/div/div/input'.

05-11-2024T12:16:50 - [MESSAGE][PASSED] - Object: 'Object Repository/Thread_Webshop/Checkout/Page_Checkout - Threads/input_10.00_shipping_methods' is clicked on

05-11-2024T12:16:50 - [TEST_STEP][PASSED] - takeScreenshot(screenshotFolderPath + "shipping_method2.png"): Taking screenshot successfully

05-11-2024T12:16:52 - [MESSAGE][PASSED] - Taking screenshot successfully
[[ATTACHMENT|C:\\Users\\AnusmitaKundu\\git\\threadShopify\\ThreadShopify\\Reports\\20241105_120811\\Threads\\New Test Suite (1)\\20241105_120811\\screenshots/checkout_20241105_121446/shipping_method2.png]]

05-11-2024T12:16:52 - [TEST_STEP][PASSED] - product2 = getText(findTestObject("Object Repository/Thread_Webshop/Checkout/Page_Checkout - Threads/span_56.00")): Text of object 'Object Repository/Thread_Webshop/Checkout/Page_Checkout - Threads/span_56.00' is: '₹56.00'

05-11-2024T12:16:53 - [MESSAGE][PASSED] - Text of object 'Object Repository/Thread_Webshop/Checkout/Page_Checkout - Threads/span_56.00' is: '₹56.00'

05-11-2024T12:16:53 - [TEST_STEP][PASSED] - println($product2): null

05-11-2024T12:16:53 - [TEST_STEP][PASSED] - product2 = product2.replace("₹", ""): null

05-11-2024T12:16:53 - [TEST_STEP][PASSED] - productPrice2 = Float.parseFloat(product2): null

05-11-2024T12:16:53 - [TEST_STEP][PASSED] - println($productPrice2): null

05-11-2024T12:16:53 - [TEST_STEP][PASSED] - shipping2 = getText(findTestObject("Object Repository/Thread_Webshop/Checkout/Page_Checkout - Threads/span_25.00")): Text of object 'Object Repository/Thread_Webshop/Checkout/Page_Checkout - Threads/span_25.00' is: '₹25.00'

05-11-2024T12:16:53 - [MESSAGE][PASSED] - Text of object 'Object Repository/Thread_Webshop/Checkout/Page_Checkout - Threads/span_25.00' is: '₹25.00'

05-11-2024T12:16:53 - [TEST_STEP][PASSED] - println($shipping2): null

05-11-2024T12:16:53 - [TEST_STEP][PASSED] - shipping2 = shipping2.replace("₹", ""): null

05-11-2024T12:16:53 - [TEST_STEP][PASSED] - shippingPrice2 = Float.parseFloat(shipping2): null

05-11-2024T12:16:53 - [TEST_STEP][PASSED] - println($shippingPrice2): null

05-11-2024T12:16:53 - [TEST_STEP][PASSED] - tax2 = getText(findTestObject("Object Repository/Thread_Webshop/Checkout/Page_Checkout - Threads/span_10.08")): Text of object 'Object Repository/Thread_Webshop/Checkout/Page_Checkout - Threads/span_10.08' is: '₹10.08'

05-11-2024T12:16:54 - [MESSAGE][PASSED] - Text of object 'Object Repository/Thread_Webshop/Checkout/Page_Checkout - Threads/span_10.08' is: '₹10.08'

05-11-2024T12:16:54 - [TEST_STEP][PASSED] - println($tax2): null

05-11-2024T12:16:54 - [TEST_STEP][PASSED] - tax2 = tax2.replace("₹", ""): null

05-11-2024T12:16:54 - [TEST_STEP][PASSED] - taxPrice2 = Float.parseFloat(tax2): null

05-11-2024T12:16:54 - [TEST_STEP][PASSED] - println($taxPrice2): null

05-11-2024T12:16:54 - [TEST_STEP][PASSED] - priceTotal2 = productPrice2 + shippingPrice2 + taxPrice2: null

05-11-2024T12:16:54 - [TEST_STEP][PASSED] - total2 = getText(findTestObject("Object Repository/Thread_Webshop/Checkout/Page_Checkout - Threads/strong_91.08")): Text of object 'Object Repository/Thread_Webshop/Checkout/Page_Checkout - Threads/strong_91.08' is: '₹91.08'

05-11-2024T12:16:54 - [MESSAGE][PASSED] - Text of object 'Object Repository/Thread_Webshop/Checkout/Page_Checkout - Threads/strong_91.08' is: '₹91.08'

05-11-2024T12:16:54 - [TEST_STEP][PASSED] - println($total2): null

05-11-2024T12:16:54 - [TEST_STEP][PASSED] - total2 = total2.replace("₹", ""): null

05-11-2024T12:16:54 - [TEST_STEP][PASSED] - totalPrice2 = Float.parseFloat(total2): null

05-11-2024T12:16:54 - [TEST_STEP][PASSED] - println($totalPrice2): null

05-11-2024T12:16:54 - [TEST_STEP][PASSED] - if (priceTotal2 == totalPrice2): null

05-11-2024T12:16:54 - [TEST_STEP][PASSED] - println("The price has matched"): null

05-11-2024T12:16:54 - [TEST_STEP][PASSED] - closeBrowser(): Browser is closed

05-11-2024T12:16:55 - [MESSAGE][PASSED] - Browser is closed]]></system-out>
         <system-err><![CDATA[]]></system-err>
      </testcase>
      <testcase name="Test Cases/Threads_Webshop/7 My Account/TC-165-Verify Edit Address" time="29.721" classname="Test Cases/Threads_Webshop/7 My Account/TC-165-Verify Edit Address" status="PASSED">
         <system-out><![CDATA[05-11-2024T12:16:55 - [TEST_CASE][PASSED] - Test Cases/Threads_Webshop/7 My Account/TC-165-Verify Edit Address: Test Cases/Threads_Webshop/7 My Account/TC-165-Verify Edit Address

05-11-2024T12:16:56 - [TEST_STEP][PASSED] - timestamp = SimpleDateFormat(yyyyMMdd_HHmmss).format(new java.util.Date()): null

05-11-2024T12:16:56 - [TEST_STEP][PASSED] - screenshotFolder = "screenshots/account_" + timestamp + "/": null

05-11-2024T12:16:56 - [TEST_STEP][PASSED] - openBrowser(""): Browser is opened with url: ''

05-11-2024T12:16:56 - [MESSAGE][INFO] - Starting 'Chrome' driver

05-11-2024T12:16:56 - [MESSAGE][INFO] - Action delay is set to 0 milliseconds

05-11-2024T12:16:57 - [MESSAGE][PASSED] - Browser is opened with url: ''

05-11-2024T12:16:57 - [TEST_STEP][PASSED] - navigateToUrl("https://threads0.myshopify.com/password"): Navigate to 'https://threads0.myshopify.com/password' successfully

05-11-2024T12:16:58 - [MESSAGE][PASSED] - Navigate to 'https://threads0.myshopify.com/password' successfully

05-11-2024T12:16:58 - [TEST_STEP][PASSED] - click(findTestObject("Object Repository/Thread_Webshop/My Contact/Page_Threads/div_Enter using password")): Object: 'Object Repository/Thread_Webshop/My Contact/Page_Threads/div_Enter using password' is clicked on

05-11-2024T12:17:01 - [MESSAGE][PASSED] - Object: 'Object Repository/Thread_Webshop/My Contact/Page_Threads/div_Enter using password' is clicked on

05-11-2024T12:17:01 - [TEST_STEP][PASSED] - setEncryptedText(findTestObject("Object Repository/Thread_Webshop/My Contact/Page_Threads/input_Enter store using password_password"), "gnzTAVlujIw+lTr0To6+Cg=="): Text ****** has been set on object 'Object Repository/Thread_Webshop/My Contact/Page_Threads/input_Enter store using password_password'

05-11-2024T12:17:02 - [MESSAGE][PASSED] - Text ****** has been set on object 'Object Repository/Thread_Webshop/My Contact/Page_Threads/input_Enter store using password_password'

05-11-2024T12:17:02 - [TEST_STEP][PASSED] - click(findTestObject("Object Repository/Thread_Webshop/My Contact/Page_Threads/button_Enter")): Object: 'Object Repository/Thread_Webshop/My Contact/Page_Threads/button_Enter' is clicked on

05-11-2024T12:17:04 - [MESSAGE][PASSED] - Object: 'Object Repository/Thread_Webshop/My Contact/Page_Threads/button_Enter' is clicked on

05-11-2024T12:17:04 - [TEST_STEP][PASSED] - maximizeWindow(): Current window maximized

05-11-2024T12:17:04 - [MESSAGE][PASSED] - Current window maximized

05-11-2024T12:17:04 - [TEST_STEP][PASSED] - takeScreenshot(screenshotFolder + "home.png"): Taking screenshot successfully

05-11-2024T12:17:05 - [MESSAGE][PASSED] - Taking screenshot successfully
[[ATTACHMENT|C:\\Users\\AnusmitaKundu\\git\\threadShopify\\ThreadShopify\\Reports\\20241105_120811\\Threads\\New Test Suite (1)\\20241105_120811\\screenshots/account_20241105_121656/home.png]]

05-11-2024T12:17:05 - [TEST_STEP][PASSED] - click(findTestObject("Object Repository/Thread_Webshop/My Contact/Page_Threads/svg_Search_icon icon-account")): Object: 'Object Repository/Thread_Webshop/My Contact/Page_Threads/svg_Search_icon icon-account' is clicked on

05-11-2024T12:17:06 - [MESSAGE][PASSED] - Object: 'Object Repository/Thread_Webshop/My Contact/Page_Threads/svg_Search_icon icon-account' is clicked on

05-11-2024T12:17:06 - [TEST_STEP][PASSED] - verifyTextPresent("Login", false): Text 'Login' is present on page 

05-11-2024T12:17:07 - [MESSAGE][PASSED] - Text 'Login' is present on page 

05-11-2024T12:17:07 - [TEST_STEP][PASSED] - takeScreenshot(screenshotFolder + "login_page.png"): Taking screenshot successfully

05-11-2024T12:17:08 - [MESSAGE][PASSED] - Taking screenshot successfully
[[ATTACHMENT|C:\\Users\\AnusmitaKundu\\git\\threadShopify\\ThreadShopify\\Reports\\20241105_120811\\Threads\\New Test Suite (1)\\20241105_120811\\screenshots/account_20241105_121656/login_page.png]]

05-11-2024T12:17:08 - [TEST_STEP][PASSED] - setText(findTestObject("Object Repository/Thread_Webshop/My Contact/Page_Account  Threads/input_Login_customeremail"), "cenaalice1234@mailinator.com"): Text 'cenaalice1234@mailinator.com' is set on object 'Object Repository/Thread_Webshop/My Contact/Page_Account  Threads/input_Login_customeremail'

05-11-2024T12:17:09 - [MESSAGE][PASSED] - Text 'cenaalice1234@mailinator.com' is set on object 'Object Repository/Thread_Webshop/My Contact/Page_Account  Threads/input_Login_customeremail'

05-11-2024T12:17:09 - [TEST_STEP][PASSED] - setEncryptedText(findTestObject("Object Repository/Thread_Webshop/My Contact/Page_Account  Threads/input_Email_customerpassword"), "UDMlkmqWREzH+mr49N5wRw=="): Text ****** has been set on object 'Object Repository/Thread_Webshop/My Contact/Page_Account  Threads/input_Email_customerpassword'

05-11-2024T12:17:09 - [MESSAGE][PASSED] - Text ****** has been set on object 'Object Repository/Thread_Webshop/My Contact/Page_Account  Threads/input_Email_customerpassword'

05-11-2024T12:17:09 - [TEST_STEP][PASSED] - click(findTestObject("Object Repository/Thread_Webshop/My Contact/Page_Account  Threads/button_Sign in")): Object: 'Object Repository/Thread_Webshop/My Contact/Page_Account  Threads/button_Sign in' is clicked on

05-11-2024T12:17:12 - [MESSAGE][PASSED] - Object: 'Object Repository/Thread_Webshop/My Contact/Page_Account  Threads/button_Sign in' is clicked on

05-11-2024T12:17:12 - [TEST_STEP][PASSED] - takeScreenshot(screenshotFolder + "login.png"): Taking screenshot successfully

05-11-2024T12:17:13 - [MESSAGE][PASSED] - Taking screenshot successfully
[[ATTACHMENT|C:\\Users\\AnusmitaKundu\\git\\threadShopify\\ThreadShopify\\Reports\\20241105_120811\\Threads\\New Test Suite (1)\\20241105_120811\\screenshots/account_20241105_121656/login.png]]

05-11-2024T12:17:13 - [TEST_STEP][PASSED] - verifyTextPresent("Account", false): Text 'Account' is present on page 

05-11-2024T12:17:13 - [MESSAGE][PASSED] - Text 'Account' is present on page 

05-11-2024T12:17:13 - [TEST_STEP][PASSED] - takeScreenshot(screenshotFolder + "account.png"): Taking screenshot successfully

05-11-2024T12:17:14 - [MESSAGE][PASSED] - Taking screenshot successfully
[[ATTACHMENT|C:\\Users\\AnusmitaKundu\\git\\threadShopify\\ThreadShopify\\Reports\\20241105_120811\\Threads\\New Test Suite (1)\\20241105_120811\\screenshots/account_20241105_121656/account.png]]

05-11-2024T12:17:14 - [TEST_STEP][PASSED] - click(findTestObject("Object Repository/Thread_Webshop/My Contact/Page_Account  Threads/a_View addresses (1)")): Object: 'Object Repository/Thread_Webshop/My Contact/Page_Account  Threads/a_View addresses (1)' is clicked on

05-11-2024T12:17:16 - [MESSAGE][PASSED] - Object: 'Object Repository/Thread_Webshop/My Contact/Page_Account  Threads/a_View addresses (1)' is clicked on

05-11-2024T12:17:16 - [TEST_STEP][PASSED] - verifyTextPresent("Addresses", false): Text 'Addresses' is present on page 

05-11-2024T12:17:17 - [MESSAGE][PASSED] - Text 'Addresses' is present on page 

05-11-2024T12:17:17 - [TEST_STEP][PASSED] - verifyTextPresent("Default", false): Text 'Default' is present on page 

05-11-2024T12:17:17 - [MESSAGE][PASSED] - Text 'Default' is present on page 

05-11-2024T12:17:17 - [TEST_STEP][PASSED] - takeScreenshot(screenshotFolder + "address.png"): Taking screenshot successfully

05-11-2024T12:17:17 - [MESSAGE][PASSED] - Taking screenshot successfully
[[ATTACHMENT|C:\\Users\\AnusmitaKundu\\git\\threadShopify\\ThreadShopify\\Reports\\20241105_120811\\Threads\\New Test Suite (1)\\20241105_120811\\screenshots/account_20241105_121656/address.png]]

05-11-2024T12:17:17 - [TEST_STEP][PASSED] - click(findTestObject("Object Repository/Thread_Webshop/My Contact/Page_Addresses  Threads/button_Edit")): Object: 'Object Repository/Thread_Webshop/My Contact/Page_Addresses  Threads/button_Edit' is clicked on

05-11-2024T12:17:18 - [MESSAGE][PASSED] - Object: 'Object Repository/Thread_Webshop/My Contact/Page_Addresses  Threads/button_Edit' is clicked on

05-11-2024T12:17:18 - [TEST_STEP][PASSED] - takeScreenshot(screenshotFolder + "edit.png"): Taking screenshot successfully

05-11-2024T12:17:18 - [MESSAGE][PASSED] - Taking screenshot successfully
[[ATTACHMENT|C:\\Users\\AnusmitaKundu\\git\\threadShopify\\ThreadShopify\\Reports\\20241105_120811\\Threads\\New Test Suite (1)\\20241105_120811\\screenshots/account_20241105_121656/edit.png]]

05-11-2024T12:17:18 - [TEST_STEP][PASSED] - setText(findTestObject("Object Repository/Thread_Webshop/My Contact/Page_Addresses  Threads/input_Company_addressaddress1"), "abc apartment, xyz road"): Text 'abc apartment, xyz road' is set on object 'Object Repository/Thread_Webshop/My Contact/Page_Addresses  Threads/input_Company_addressaddress1'

05-11-2024T12:17:19 - [MESSAGE][PASSED] - Text 'abc apartment, xyz road' is set on object 'Object Repository/Thread_Webshop/My Contact/Page_Addresses  Threads/input_Company_addressaddress1'

05-11-2024T12:17:19 - [TEST_STEP][PASSED] - click(findTestObject("Object Repository/Thread_Webshop/My Contact/Page_Addresses  Threads/button_Update address")): Object: 'Object Repository/Thread_Webshop/My Contact/Page_Addresses  Threads/button_Update address' is clicked on

05-11-2024T12:17:21 - [MESSAGE][PASSED] - Object: 'Object Repository/Thread_Webshop/My Contact/Page_Addresses  Threads/button_Update address' is clicked on

05-11-2024T12:17:21 - [TEST_STEP][PASSED] - verifyTextPresent("abc apartment, xyz road", false): Text 'abc apartment, xyz road' is present on page 

05-11-2024T12:17:23 - [MESSAGE][PASSED] - Text 'abc apartment, xyz road' is present on page 

05-11-2024T12:17:23 - [TEST_STEP][PASSED] - takeScreenshot(screenshotFolder + "address_after.png"): Taking screenshot successfully

05-11-2024T12:17:23 - [MESSAGE][PASSED] - Taking screenshot successfully
[[ATTACHMENT|C:\\Users\\AnusmitaKundu\\git\\threadShopify\\ThreadShopify\\Reports\\20241105_120811\\Threads\\New Test Suite (1)\\20241105_120811\\screenshots/account_20241105_121656/address_after.png]]

05-11-2024T12:17:23 - [TEST_STEP][PASSED] - click(findTestObject("Object Repository/Thread_Webshop/My Contact/Page_Addresses  Threads/span_Home")): Object: 'Object Repository/Thread_Webshop/My Contact/Page_Addresses  Threads/span_Home' is clicked on

05-11-2024T12:17:24 - [MESSAGE][PASSED] - Object: 'Object Repository/Thread_Webshop/My Contact/Page_Addresses  Threads/span_Home' is clicked on

05-11-2024T12:17:24 - [TEST_STEP][PASSED] - closeBrowser(): Browser is closed

05-11-2024T12:17:25 - [MESSAGE][PASSED] - Browser is closed]]></system-out>
         <system-err><![CDATA[]]></system-err>
      </testcase>
      <testcase name="Test Cases/Threads_Webshop/7 My Account/TC-308,307-Verify the Credit Card details" time="307.176" classname="Test Cases/Threads_Webshop/7 My Account/TC-308,307-Verify the Credit Card details" status="PASSED">
         <system-out><![CDATA[05-11-2024T12:17:25 - [TEST_CASE][PASSED] - Test Cases/Threads_Webshop/7 My Account/TC-308,307-Verify the Credit Card details: Test Cases/Threads_Webshop/7 My Account/TC-308,307-Verify the Credit Card details

05-11-2024T12:17:25 - [TEST_STEP][PASSED] - currentDateTime = LocalDateTime.now(): null

05-11-2024T12:17:25 - [TEST_STEP][PASSED] - formatter = DateTimeFormatter.ofPattern("yyyyMMddHHmmss"): null

05-11-2024T12:17:25 - [TEST_STEP][PASSED] - dateTimeString = currentDateTime.format(formatter): null

05-11-2024T12:17:25 - [TEST_STEP][PASSED] - screenshotFolderPath = "screenshots/credit_card" + dateTimeString + "/": null

05-11-2024T12:17:25 - [TEST_STEP][PASSED] - File(screenshotFolderPath).mkdirs(): null

05-11-2024T12:17:25 - [TEST_STEP][PASSED] - callTestCase(findTestCase("Threads_Webshop/ReUsable Testcases/Enter Password"), [:], STOP_ON_FAILURE): Call Test Case 'Test Cases/Threads_Webshop/ReUsable Testcases/Enter Password' successfully

05-11-2024T12:17:25 - [TEST_CASE][PASSED] - Test Cases/Threads_Webshop/ReUsable Testcases/Enter Password: Test Cases/Threads_Webshop/ReUsable Testcases/Enter Password

05-11-2024T12:17:25 - [TEST_STEP][PASSED] - openBrowser(""): Browser is opened with url: ''

05-11-2024T12:17:25 - [MESSAGE][INFO] - Starting 'Chrome' driver

05-11-2024T12:17:25 - [MESSAGE][INFO] - Action delay is set to 0 milliseconds

05-11-2024T12:17:26 - [MESSAGE][PASSED] - Browser is opened with url: ''

05-11-2024T12:17:26 - [TEST_STEP][PASSED] - maximizeWindow(): Current window maximized

05-11-2024T12:17:26 - [MESSAGE][PASSED] - Current window maximized

05-11-2024T12:17:26 - [TEST_STEP][PASSED] - navigateToUrl("https://threads0.myshopify.com/password"): Navigate to 'https://threads0.myshopify.com/password' successfully

05-11-2024T12:17:28 - [MESSAGE][PASSED] - Navigate to 'https://threads0.myshopify.com/password' successfully

05-11-2024T12:17:28 - [TEST_STEP][PASSED] - click(findTestObject("Object Repository/Thread_Webshop/Reusable Testcase/Page_Threads/div_Enter using password")): Object: 'Object Repository/Thread_Webshop/Reusable Testcase/Page_Threads/div_Enter using password' is clicked on

05-11-2024T12:17:32 - [MESSAGE][PASSED] - Object: 'Object Repository/Thread_Webshop/Reusable Testcase/Page_Threads/div_Enter using password' is clicked on

05-11-2024T12:17:32 - [TEST_STEP][PASSED] - setEncryptedText(findTestObject("Object Repository/Thread_Webshop/Reusable Testcase/Page_Threads/input_Enter store using password_password"), "gnzTAVlujIw+lTr0To6+Cg=="): Text ****** has been set on object 'Object Repository/Thread_Webshop/Reusable Testcase/Page_Threads/input_Enter store using password_password'

05-11-2024T12:17:33 - [MESSAGE][PASSED] - Text ****** has been set on object 'Object Repository/Thread_Webshop/Reusable Testcase/Page_Threads/input_Enter store using password_password'

05-11-2024T12:17:33 - [TEST_STEP][PASSED] - click(findTestObject("Object Repository/Thread_Webshop/Reusable Testcase/Page_Threads/button_Enter")): Object: 'Object Repository/Thread_Webshop/Reusable Testcase/Page_Threads/button_Enter' is clicked on

05-11-2024T12:17:34 - [MESSAGE][PASSED] - Object: 'Object Repository/Thread_Webshop/Reusable Testcase/Page_Threads/button_Enter' is clicked on

05-11-2024T12:17:34 - [MESSAGE][PASSED] - Call Test Case 'Test Cases/Threads_Webshop/ReUsable Testcases/Enter Password' successfully

05-11-2024T12:17:34 - [TEST_STEP][PASSED] - takeScreenshot(screenshotFolderPath + "enter_password.png"): Taking screenshot successfully

05-11-2024T12:17:36 - [MESSAGE][PASSED] - Taking screenshot successfully
[[ATTACHMENT|C:\\Users\\AnusmitaKundu\\git\\threadShopify\\ThreadShopify\\Reports\\20241105_120811\\Threads\\New Test Suite (1)\\20241105_120811\\screenshots/credit_card20241105121725/enter_password.png]]

05-11-2024T12:17:36 - [TEST_STEP][PASSED] - click(findTestObject("Object Repository/Page_Threads/a_Catalog")): Object: 'Object Repository/Page_Threads/a_Catalog' is clicked on

05-11-2024T12:17:37 - [MESSAGE][PASSED] - Object: 'Object Repository/Page_Threads/a_Catalog' is clicked on

05-11-2024T12:17:37 - [TEST_STEP][PASSED] - takeScreenshot(screenshotFolderPath + "catalog_page.png"): Taking screenshot successfully

05-11-2024T12:17:38 - [MESSAGE][PASSED] - Taking screenshot successfully
[[ATTACHMENT|C:\\Users\\AnusmitaKundu\\git\\threadShopify\\ThreadShopify\\Reports\\20241105_120811\\Threads\\New Test Suite (1)\\20241105_120811\\screenshots/credit_card20241105121725/catalog_page.png]]

05-11-2024T12:17:38 - [TEST_STEP][PASSED] - click(findTestObject("Object Repository/Page_Products  Threads/a_ADIDAS  KIDS STAN SMITH")): Object: 'Object Repository/Page_Products  Threads/a_ADIDAS  KIDS STAN SMITH' is clicked on

05-11-2024T12:17:39 - [MESSAGE][PASSED] - Object: 'Object Repository/Page_Products  Threads/a_ADIDAS  KIDS STAN SMITH' is clicked on

05-11-2024T12:17:39 - [TEST_STEP][PASSED] - takeScreenshot(screenshotFolderPath + "select_product.png"): Taking screenshot successfully

05-11-2024T12:17:41 - [MESSAGE][PASSED] - Taking screenshot successfully
[[ATTACHMENT|C:\\Users\\AnusmitaKundu\\git\\threadShopify\\ThreadShopify\\Reports\\20241105_120811\\Threads\\New Test Suite (1)\\20241105_120811\\screenshots/credit_card20241105121725/select_product.png]]

05-11-2024T12:17:41 - [TEST_STEP][PASSED] - click(findTestObject("Object Repository/Page_ADIDAS  KIDS STAN SMITH  Threads/button_Buy it now")): Object: 'Object Repository/Page_ADIDAS  KIDS STAN SMITH  Threads/button_Buy it now' is clicked on

05-11-2024T12:17:42 - [MESSAGE][PASSED] - Object: 'Object Repository/Page_ADIDAS  KIDS STAN SMITH  Threads/button_Buy it now' is clicked on

05-11-2024T12:17:42 - [TEST_STEP][PASSED] - takeScreenshot(screenshotFolderPath + "buy_now.png"): Taking screenshot successfully

05-11-2024T12:17:47 - [MESSAGE][PASSED] - Taking screenshot successfully
[[ATTACHMENT|C:\\Users\\AnusmitaKundu\\git\\threadShopify\\ThreadShopify\\Reports\\20241105_120811\\Threads\\New Test Suite (1)\\20241105_120811\\screenshots/credit_card20241105121725/buy_now.png]]

05-11-2024T12:17:47 - [TEST_STEP][PASSED] - setText(findTestObject("Object Repository/Page_Checkout - Threads/input_Email or mobile phone number_email"), "1234567890"): Text '1234567890' is set on object 'Object Repository/Page_Checkout - Threads/input_Email or mobile phone number_email'

05-11-2024T12:17:49 - [MESSAGE][PASSED] - Text '1234567890' is set on object 'Object Repository/Page_Checkout - Threads/input_Email or mobile phone number_email'

05-11-2024T12:17:49 - [TEST_STEP][PASSED] - takeScreenshot(screenshotFolderPath + "enter_email.png"): Taking screenshot successfully

05-11-2024T12:17:49 - [MESSAGE][PASSED] - Taking screenshot successfully
[[ATTACHMENT|C:\\Users\\AnusmitaKundu\\git\\threadShopify\\ThreadShopify\\Reports\\20241105_120811\\Threads\\New Test Suite (1)\\20241105_120811\\screenshots/credit_card20241105121725/enter_email.png]]

05-11-2024T12:17:49 - [TEST_STEP][PASSED] - click(findTestObject("Object Repository/Page_Checkout - Threads/input_Choose a delivery method_delivery_strategies")): Object: 'Object Repository/Page_Checkout - Threads/input_Choose a delivery method_delivery_strategies' is clicked on

05-11-2024T12:17:50 - [MESSAGE][PASSED] - Object: 'Object Repository/Page_Checkout - Threads/input_Choose a delivery method_delivery_strategies' is clicked on

05-11-2024T12:17:50 - [TEST_STEP][PASSED] - takeScreenshot(screenshotFolderPath + "delivery_method.png"): Taking screenshot successfully

05-11-2024T12:17:51 - [MESSAGE][PASSED] - Taking screenshot successfully
[[ATTACHMENT|C:\\Users\\AnusmitaKundu\\git\\threadShopify\\ThreadShopify\\Reports\\20241105_120811\\Threads\\New Test Suite (1)\\20241105_120811\\screenshots/credit_card20241105121725/delivery_method.png]]

05-11-2024T12:17:51 - [TEST_STEP][PASSED] - setText(findTestObject("Object Repository/Page_Checkout - Threads/input_First name (optional)_firstName"), "John"): Text 'John' is set on object 'Object Repository/Page_Checkout - Threads/input_First name (optional)_firstName'

05-11-2024T12:17:52 - [MESSAGE][PASSED] - Text 'John' is set on object 'Object Repository/Page_Checkout - Threads/input_First name (optional)_firstName'

05-11-2024T12:17:52 - [TEST_STEP][PASSED] - setText(findTestObject("Object Repository/Page_Checkout - Threads/input_Last name_lastName"), "Cena"): Text 'Cena' is set on object 'Object Repository/Page_Checkout - Threads/input_Last name_lastName'

05-11-2024T12:17:53 - [MESSAGE][PASSED] - Text 'Cena' is set on object 'Object Repository/Page_Checkout - Threads/input_Last name_lastName'

05-11-2024T12:17:53 - [TEST_STEP][PASSED] - setText(findTestObject("Object Repository/Page_Checkout - Threads/input_Address_address1"), "ABC Street"): Text 'ABC Street' is set on object 'Object Repository/Page_Checkout - Threads/input_Address_address1'

05-11-2024T12:17:55 - [MESSAGE][PASSED] - Text 'ABC Street' is set on object 'Object Repository/Page_Checkout - Threads/input_Address_address1'

05-11-2024T12:17:55 - [TEST_STEP][PASSED] - setText(findTestObject("Object Repository/Page_Checkout - Threads/input_City_city"), "Kolkata"): Text 'Kolkata' is set on object 'Object Repository/Page_Checkout - Threads/input_City_city'

05-11-2024T12:17:56 - [MESSAGE][PASSED] - Text 'Kolkata' is set on object 'Object Repository/Page_Checkout - Threads/input_City_city'

05-11-2024T12:17:56 - [TEST_STEP][PASSED] - selectOptionByValue(findTestObject("Object Repository/Page_Checkout - Threads/select_Andaman and Nicobar IslandsAndhra Pr_2effd7"), "UP", true): All options with value 'UP' are selected in object 'Object Repository/Page_Checkout - Threads/select_Andaman and Nicobar IslandsAndhra Pr_2effd7'  using regular expression

05-11-2024T12:17:59 - [MESSAGE][PASSED] - All options with value 'UP' are selected in object 'Object Repository/Page_Checkout - Threads/select_Andaman and Nicobar IslandsAndhra Pr_2effd7'  using regular expression

05-11-2024T12:17:59 - [TEST_STEP][PASSED] - setText(findTestObject("Object Repository/Page_Checkout - Threads/input_PIN code_postalCode"), "234567"): Text '234567' is set on object 'Object Repository/Page_Checkout - Threads/input_PIN code_postalCode'

05-11-2024T12:18:01 - [MESSAGE][PASSED] - Text '234567' is set on object 'Object Repository/Page_Checkout - Threads/input_PIN code_postalCode'

05-11-2024T12:18:01 - [TEST_STEP][PASSED] - takeScreenshot(screenshotFolderPath + "customer_details.png"): Taking screenshot successfully

05-11-2024T12:18:02 - [MESSAGE][PASSED] - Taking screenshot successfully
[[ATTACHMENT|C:\\Users\\AnusmitaKundu\\git\\threadShopify\\ThreadShopify\\Reports\\20241105_120811\\Threads\\New Test Suite (1)\\20241105_120811\\screenshots/credit_card20241105121725/customer_details.png]]

05-11-2024T12:18:02 - [TEST_STEP][PASSED] - setText(findTestObject("Object Repository/Page_Checkout - Threads/input_Card number_number (2)"), "2"): Text '2' is set on object 'Object Repository/Page_Checkout - Threads/input_Card number_number (2)'

05-11-2024T12:18:33 - [MESSAGE][INFO] - Unable to find the element located by 'By.xpath: //iframe[@id='card-fields-number-xdjuuwcz27000000']'. Please recheck the objects properties to make sure the desired element is located. 

05-11-2024T12:18:33 - [MESSAGE][WARNING] - [SELF-HEALING] Failed to find element with id 'Object Repository/Page_Checkout - Threads/iframe_Card number_card-fields-number-xdjuu_727354'. Try using Self-healing.

05-11-2024T12:18:33 - [MESSAGE][ERROR] - [SELF-HEALING] com.google.gson.stream.MalformedJsonException: Expected ':' at line 5 column 10 path $.brokenTestObjects[0].<<<<<<<

05-11-2024T12:18:33 - [MESSAGE][INFO] - [SELF-HEALING] Failed Locator: '//iframe[@id='card-fields-number-xdjuuwcz27000000']'.

05-11-2024T12:18:33 - [MESSAGE][INFO] - [SELF-HEALING] Working Locator: '//div[@id='number']/iframe'.

05-11-2024T12:18:34 - [MESSAGE][INFO] - [SELF-HEALING] Screenshot: C:/Users/AnusmitaKundu/git/threadShopify/ThreadShopify/Reports/Self-healing/Object Repository/Page_Checkout - Threads/iframe_Card number_card-fields-number-xdjuu_727354_idRelative.png

05-11-2024T12:18:34 - [MESSAGE][ERROR] - [SELF-HEALING] com.google.gson.stream.MalformedJsonException: Expected ':' at line 5 column 10 path $.brokenTestObjects[0].<<<<<<<

05-11-2024T12:18:34 - [MESSAGE][ERROR] - [SELF-HEALING] C:\Users\AnusmitaKundu\git\threadShopify\ThreadShopify\Reports\Self-healing\broken-test-objects-v2.json does not exist or is provided by Self-healing Plugin!

05-11-2024T12:18:34 - [MESSAGE][WARNING] - [SELF-HEALING] The current locator of test object 'Object Repository/Page_Checkout - Threads/iframe_Card number_card-fields-number-xdjuu_727354' was broken. Propose an alternative one: '//div[@id='number']/iframe'.

05-11-2024T12:18:34 - [MESSAGE][PASSED] - Text '2' is set on object 'Object Repository/Page_Checkout - Threads/input_Card number_number (2)'

05-11-2024T12:18:34 - [TEST_STEP][PASSED] - setText(findTestObject("Object Repository/Page_Checkout - Threads/input_Expiration date (MM  YY)_expiry (2)"), "02            27"): Text '02            27' is set on object 'Object Repository/Page_Checkout - Threads/input_Expiration date (MM  YY)_expiry (2)'

05-11-2024T12:19:06 - [MESSAGE][INFO] - Unable to find the element located by 'By.xpath: //iframe[@id='card-fields-expiry-4l0tmwrnncu00000']'. Please recheck the objects properties to make sure the desired element is located. 

05-11-2024T12:19:06 - [MESSAGE][WARNING] - [SELF-HEALING] Failed to find element with id 'Object Repository/Page_Checkout - Threads/iframe_Expiration date (MM  YY)_card-fields_b2acd2'. Try using Self-healing.

05-11-2024T12:19:06 - [MESSAGE][ERROR] - [SELF-HEALING] com.google.gson.stream.MalformedJsonException: Expected ':' at line 5 column 10 path $.brokenTestObjects[0].<<<<<<<

05-11-2024T12:19:06 - [MESSAGE][INFO] - [SELF-HEALING] Failed Locator: '//iframe[@id='card-fields-expiry-4l0tmwrnncu00000']'.

05-11-2024T12:19:06 - [MESSAGE][INFO] - [SELF-HEALING] Working Locator: '//div[@id='expiry']/iframe'.

05-11-2024T12:19:06 - [MESSAGE][INFO] - [SELF-HEALING] Screenshot: C:/Users/AnusmitaKundu/git/threadShopify/ThreadShopify/Reports/Self-healing/Object Repository/Page_Checkout - Threads/iframe_Expiration date (MM  YY)_card-fields_b2acd2_idRelative.png

05-11-2024T12:19:06 - [MESSAGE][ERROR] - [SELF-HEALING] com.google.gson.stream.MalformedJsonException: Expected ':' at line 5 column 10 path $.brokenTestObjects[0].<<<<<<<

05-11-2024T12:19:06 - [MESSAGE][ERROR] - [SELF-HEALING] C:\Users\AnusmitaKundu\git\threadShopify\ThreadShopify\Reports\Self-healing\broken-test-objects-v2.json does not exist or is provided by Self-healing Plugin!

05-11-2024T12:19:06 - [MESSAGE][WARNING] - [SELF-HEALING] The current locator of test object 'Object Repository/Page_Checkout - Threads/iframe_Expiration date (MM  YY)_card-fields_b2acd2' was broken. Propose an alternative one: '//div[@id='expiry']/iframe'.

05-11-2024T12:19:07 - [MESSAGE][PASSED] - Text '02            27' is set on object 'Object Repository/Page_Checkout - Threads/input_Expiration date (MM  YY)_expiry (2)'

05-11-2024T12:19:07 - [TEST_STEP][PASSED] - setText(findTestObject("Object Repository/Page_Checkout - Threads/input_Security code_verification_value (2)"), "456"): Text '456' is set on object 'Object Repository/Page_Checkout - Threads/input_Security code_verification_value (2)'

05-11-2024T12:19:38 - [MESSAGE][INFO] - Unable to find the element located by 'By.xpath: //iframe[@id='card-fields-verification_value-hbs0c4rt1rd00000']'. Please recheck the objects properties to make sure the desired element is located. 

05-11-2024T12:19:38 - [MESSAGE][WARNING] - [SELF-HEALING] Failed to find element with id 'Object Repository/Page_Checkout - Threads/iframe_Security code_card-fields-verificati_1a0e43'. Try using Self-healing.

05-11-2024T12:19:38 - [MESSAGE][ERROR] - [SELF-HEALING] com.google.gson.stream.MalformedJsonException: Expected ':' at line 5 column 10 path $.brokenTestObjects[0].<<<<<<<

05-11-2024T12:19:39 - [MESSAGE][INFO] - [SELF-HEALING] Failed Locator: '//iframe[@id='card-fields-verification_value-hbs0c4rt1rd00000']'.

05-11-2024T12:19:39 - [MESSAGE][INFO] - [SELF-HEALING] Working Locator: '//div[@id='verification_value']/iframe'.

05-11-2024T12:19:39 - [MESSAGE][INFO] - [SELF-HEALING] Screenshot: C:/Users/AnusmitaKundu/git/threadShopify/ThreadShopify/Reports/Self-healing/Object Repository/Page_Checkout - Threads/iframe_Security code_card-fields-verificati_1a0e43_idRelative.png

05-11-2024T12:19:39 - [MESSAGE][ERROR] - [SELF-HEALING] com.google.gson.stream.MalformedJsonException: Expected ':' at line 5 column 10 path $.brokenTestObjects[0].<<<<<<<

05-11-2024T12:19:39 - [MESSAGE][ERROR] - [SELF-HEALING] C:\Users\AnusmitaKundu\git\threadShopify\ThreadShopify\Reports\Self-healing\broken-test-objects-v2.json does not exist or is provided by Self-healing Plugin!

05-11-2024T12:19:39 - [MESSAGE][WARNING] - [SELF-HEALING] The current locator of test object 'Object Repository/Page_Checkout - Threads/iframe_Security code_card-fields-verificati_1a0e43' was broken. Propose an alternative one: '//div[@id='verification_value']/iframe'.

05-11-2024T12:19:40 - [MESSAGE][PASSED] - Text '456' is set on object 'Object Repository/Page_Checkout - Threads/input_Security code_verification_value (2)'

05-11-2024T12:19:40 - [TEST_STEP][PASSED] - setText(findTestObject("Object Repository/Page_Checkout - Threads/input_Name on card_name (1)"), "John Cena"): Text 'John Cena' is set on object 'Object Repository/Page_Checkout - Threads/input_Name on card_name (1)'

05-11-2024T12:20:11 - [MESSAGE][INFO] - Unable to find the element located by 'By.xpath: //iframe[@id='card-fields-name-h8mxeqginvn00000']'. Please recheck the objects properties to make sure the desired element is located. 

05-11-2024T12:20:11 - [MESSAGE][WARNING] - [SELF-HEALING] Failed to find element with id 'Object Repository/Page_Checkout - Threads/iframe_Name on card_card-fields-name-h8mxeq_b22138'. Try using Self-healing.

05-11-2024T12:20:11 - [MESSAGE][ERROR] - [SELF-HEALING] com.google.gson.stream.MalformedJsonException: Expected ':' at line 5 column 10 path $.brokenTestObjects[0].<<<<<<<

05-11-2024T12:20:11 - [MESSAGE][INFO] - [SELF-HEALING] Failed Locator: '//iframe[@id='card-fields-name-h8mxeqginvn00000']'.

05-11-2024T12:20:11 - [MESSAGE][INFO] - [SELF-HEALING] Working Locator: '//div[@id='name']/iframe'.

05-11-2024T12:20:12 - [MESSAGE][INFO] - [SELF-HEALING] Screenshot: C:/Users/AnusmitaKundu/git/threadShopify/ThreadShopify/Reports/Self-healing/Object Repository/Page_Checkout - Threads/iframe_Name on card_card-fields-name-h8mxeq_b22138_idRelative.png

05-11-2024T12:20:12 - [MESSAGE][ERROR] - [SELF-HEALING] com.google.gson.stream.MalformedJsonException: Expected ':' at line 5 column 10 path $.brokenTestObjects[0].<<<<<<<

05-11-2024T12:20:12 - [MESSAGE][ERROR] - [SELF-HEALING] C:\Users\AnusmitaKundu\git\threadShopify\ThreadShopify\Reports\Self-healing\broken-test-objects-v2.json does not exist or is provided by Self-healing Plugin!

05-11-2024T12:20:12 - [MESSAGE][WARNING] - [SELF-HEALING] The current locator of test object 'Object Repository/Page_Checkout - Threads/iframe_Name on card_card-fields-name-h8mxeq_b22138' was broken. Propose an alternative one: '//div[@id='name']/iframe'.

05-11-2024T12:20:12 - [MESSAGE][PASSED] - Text 'John Cena' is set on object 'Object Repository/Page_Checkout - Threads/input_Name on card_name (1)'

05-11-2024T12:20:12 - [TEST_STEP][PASSED] - click(findTestObject("Object Repository/Page_Checkout - Threads/button_Pay now")): Object: 'Object Repository/Page_Checkout - Threads/button_Pay now' is clicked on

05-11-2024T12:20:13 - [MESSAGE][PASSED] - Object: 'Object Repository/Page_Checkout - Threads/button_Pay now' is clicked on

05-11-2024T12:20:13 - [TEST_STEP][PASSED] - takeScreenshot(screenshotFolderPath + "attempt_payment_invalid_case_2.png"): Taking screenshot successfully

05-11-2024T12:20:13 - [MESSAGE][PASSED] - Taking screenshot successfully
[[ATTACHMENT|C:\\Users\\AnusmitaKundu\\git\\threadShopify\\ThreadShopify\\Reports\\20241105_120811\\Threads\\New Test Suite (1)\\20241105_120811\\screenshots/credit_card20241105121725/attempt_payment_invalid_case_2.png]]

05-11-2024T12:20:13 - [TEST_STEP][PASSED] - setText(findTestObject("Object Repository/Page_Checkout - Threads/input_Card number_number (3)"), "1"): Text '1' is set on object 'Object Repository/Page_Checkout - Threads/input_Card number_number (3)'

05-11-2024T12:20:45 - [MESSAGE][INFO] - Unable to find the element located by 'By.xpath: //iframe[@id='card-fields-number-wgmke362szi00000']'. Please recheck the objects properties to make sure the desired element is located. 

05-11-2024T12:20:45 - [MESSAGE][WARNING] - [SELF-HEALING] Failed to find element with id 'Object Repository/Page_Checkout - Threads/iframe_Card number_card-fields-number-wgmke_5ea4ae'. Try using Self-healing.

05-11-2024T12:20:45 - [MESSAGE][ERROR] - [SELF-HEALING] com.google.gson.stream.MalformedJsonException: Expected ':' at line 5 column 10 path $.brokenTestObjects[0].<<<<<<<

05-11-2024T12:20:45 - [MESSAGE][INFO] - [SELF-HEALING] Failed Locator: '//iframe[@id='card-fields-number-wgmke362szi00000']'.

05-11-2024T12:20:45 - [MESSAGE][INFO] - [SELF-HEALING] Working Locator: '//div[@id='number']/iframe'.

05-11-2024T12:20:45 - [MESSAGE][INFO] - [SELF-HEALING] Screenshot: C:/Users/AnusmitaKundu/git/threadShopify/ThreadShopify/Reports/Self-healing/Object Repository/Page_Checkout - Threads/iframe_Card number_card-fields-number-wgmke_5ea4ae_idRelative.png

05-11-2024T12:20:45 - [MESSAGE][ERROR] - [SELF-HEALING] com.google.gson.stream.MalformedJsonException: Expected ':' at line 5 column 10 path $.brokenTestObjects[0].<<<<<<<

05-11-2024T12:20:45 - [MESSAGE][ERROR] - [SELF-HEALING] C:\Users\AnusmitaKundu\git\threadShopify\ThreadShopify\Reports\Self-healing\broken-test-objects-v2.json does not exist or is provided by Self-healing Plugin!

05-11-2024T12:20:45 - [MESSAGE][WARNING] - [SELF-HEALING] The current locator of test object 'Object Repository/Page_Checkout - Threads/iframe_Card number_card-fields-number-wgmke_5ea4ae' was broken. Propose an alternative one: '//div[@id='number']/iframe'.

05-11-2024T12:20:46 - [MESSAGE][PASSED] - Text '1' is set on object 'Object Repository/Page_Checkout - Threads/input_Card number_number (3)'

05-11-2024T12:20:46 - [TEST_STEP][PASSED] - setText(findTestObject("Object Repository/Page_Checkout - Threads/input_Expiration date (MM  YY)_expiry (3)"), "02                 27"): Text '02                 27' is set on object 'Object Repository/Page_Checkout - Threads/input_Expiration date (MM  YY)_expiry (3)'

05-11-2024T12:21:17 - [MESSAGE][INFO] - Unable to find the element located by 'By.xpath: //iframe[@id='card-fields-expiry-zsrnz5pk1h000000']'. Please recheck the objects properties to make sure the desired element is located. 

05-11-2024T12:21:17 - [MESSAGE][WARNING] - [SELF-HEALING] Failed to find element with id 'Object Repository/Page_Checkout - Threads/iframe_Expiration date (MM  YY)_card-fields_d66788'. Try using Self-healing.

05-11-2024T12:21:17 - [MESSAGE][ERROR] - [SELF-HEALING] com.google.gson.stream.MalformedJsonException: Expected ':' at line 5 column 10 path $.brokenTestObjects[0].<<<<<<<

05-11-2024T12:21:17 - [MESSAGE][INFO] - [SELF-HEALING] Failed Locator: '//iframe[@id='card-fields-expiry-zsrnz5pk1h000000']'.

05-11-2024T12:21:18 - [MESSAGE][INFO] - [SELF-HEALING] Working Locator: '//div[@id='expiry']/iframe'.

05-11-2024T12:21:18 - [MESSAGE][INFO] - [SELF-HEALING] Screenshot: C:/Users/AnusmitaKundu/git/threadShopify/ThreadShopify/Reports/Self-healing/Object Repository/Page_Checkout - Threads/iframe_Expiration date (MM  YY)_card-fields_d66788_idRelative.png

05-11-2024T12:21:18 - [MESSAGE][ERROR] - [SELF-HEALING] com.google.gson.stream.MalformedJsonException: Expected ':' at line 5 column 10 path $.brokenTestObjects[0].<<<<<<<

05-11-2024T12:21:18 - [MESSAGE][ERROR] - [SELF-HEALING] C:\Users\AnusmitaKundu\git\threadShopify\ThreadShopify\Reports\Self-healing\broken-test-objects-v2.json does not exist or is provided by Self-healing Plugin!

05-11-2024T12:21:18 - [MESSAGE][WARNING] - [SELF-HEALING] The current locator of test object 'Object Repository/Page_Checkout - Threads/iframe_Expiration date (MM  YY)_card-fields_d66788' was broken. Propose an alternative one: '//div[@id='expiry']/iframe'.

05-11-2024T12:21:19 - [MESSAGE][PASSED] - Text '02                 27' is set on object 'Object Repository/Page_Checkout - Threads/input_Expiration date (MM  YY)_expiry (3)'

05-11-2024T12:21:19 - [TEST_STEP][PASSED] - setText(findTestObject("Object Repository/Page_Checkout - Threads/input_Security code_verification_value (3)"), "456"): Text '456' is set on object 'Object Repository/Page_Checkout - Threads/input_Security code_verification_value (3)'

05-11-2024T12:21:50 - [MESSAGE][INFO] - Unable to find the element located by 'By.xpath: //iframe[@id='card-fields-verification_value-f8vz7sdo31c00000']'. Please recheck the objects properties to make sure the desired element is located. 

05-11-2024T12:21:50 - [MESSAGE][WARNING] - [SELF-HEALING] Failed to find element with id 'Object Repository/Page_Checkout - Threads/iframe_Security code_card-fields-verificati_98be33'. Try using Self-healing.

05-11-2024T12:21:50 - [MESSAGE][ERROR] - [SELF-HEALING] com.google.gson.stream.MalformedJsonException: Expected ':' at line 5 column 10 path $.brokenTestObjects[0].<<<<<<<

05-11-2024T12:21:50 - [MESSAGE][INFO] - [SELF-HEALING] Failed Locator: '//iframe[@id='card-fields-verification_value-f8vz7sdo31c00000']'.

05-11-2024T12:21:50 - [MESSAGE][INFO] - [SELF-HEALING] Working Locator: '//div[@id='verification_value']/iframe'.

05-11-2024T12:21:51 - [MESSAGE][INFO] - [SELF-HEALING] Screenshot: C:/Users/AnusmitaKundu/git/threadShopify/ThreadShopify/Reports/Self-healing/Object Repository/Page_Checkout - Threads/iframe_Security code_card-fields-verificati_98be33_idRelative.png

05-11-2024T12:21:51 - [MESSAGE][ERROR] - [SELF-HEALING] com.google.gson.stream.MalformedJsonException: Expected ':' at line 5 column 10 path $.brokenTestObjects[0].<<<<<<<

05-11-2024T12:21:51 - [MESSAGE][ERROR] - [SELF-HEALING] C:\Users\AnusmitaKundu\git\threadShopify\ThreadShopify\Reports\Self-healing\broken-test-objects-v2.json does not exist or is provided by Self-healing Plugin!

05-11-2024T12:21:51 - [MESSAGE][WARNING] - [SELF-HEALING] The current locator of test object 'Object Repository/Page_Checkout - Threads/iframe_Security code_card-fields-verificati_98be33' was broken. Propose an alternative one: '//div[@id='verification_value']/iframe'.

05-11-2024T12:21:51 - [MESSAGE][PASSED] - Text '456' is set on object 'Object Repository/Page_Checkout - Threads/input_Security code_verification_value (3)'

05-11-2024T12:21:51 - [TEST_STEP][PASSED] - setText(findTestObject("Object Repository/Page_Checkout - Threads/input_Name on card_name (2)"), "John Cena"): Text 'John Cena' is set on object 'Object Repository/Page_Checkout - Threads/input_Name on card_name (2)'

05-11-2024T12:22:22 - [MESSAGE][INFO] - Unable to find the element located by 'By.xpath: //iframe[@id='card-fields-name-p7oyqfjv79n00000']'. Please recheck the objects properties to make sure the desired element is located. 

05-11-2024T12:22:22 - [MESSAGE][WARNING] - [SELF-HEALING] Failed to find element with id 'Object Repository/Page_Checkout - Threads/iframe_Name on card_card-fields-name-p7oyqf_89c151'. Try using Self-healing.

05-11-2024T12:22:23 - [MESSAGE][ERROR] - [SELF-HEALING] com.google.gson.stream.MalformedJsonException: Expected ':' at line 5 column 10 path $.brokenTestObjects[0].<<<<<<<

05-11-2024T12:22:23 - [MESSAGE][INFO] - [SELF-HEALING] Failed Locator: '//iframe[@id='card-fields-name-p7oyqfjv79n00000']'.

05-11-2024T12:22:23 - [MESSAGE][INFO] - [SELF-HEALING] Working Locator: '//div[@id='name']/iframe'.

05-11-2024T12:22:23 - [MESSAGE][INFO] - [SELF-HEALING] Screenshot: C:/Users/AnusmitaKundu/git/threadShopify/ThreadShopify/Reports/Self-healing/Object Repository/Page_Checkout - Threads/iframe_Name on card_card-fields-name-p7oyqf_89c151_idRelative.png

05-11-2024T12:22:23 - [MESSAGE][ERROR] - [SELF-HEALING] com.google.gson.stream.MalformedJsonException: Expected ':' at line 5 column 10 path $.brokenTestObjects[0].<<<<<<<

05-11-2024T12:22:23 - [MESSAGE][ERROR] - [SELF-HEALING] C:\Users\AnusmitaKundu\git\threadShopify\ThreadShopify\Reports\Self-healing\broken-test-objects-v2.json does not exist or is provided by Self-healing Plugin!

05-11-2024T12:22:23 - [MESSAGE][WARNING] - [SELF-HEALING] The current locator of test object 'Object Repository/Page_Checkout - Threads/iframe_Name on card_card-fields-name-p7oyqf_89c151' was broken. Propose an alternative one: '//div[@id='name']/iframe'.

05-11-2024T12:22:24 - [MESSAGE][PASSED] - Text 'John Cena' is set on object 'Object Repository/Page_Checkout - Threads/input_Name on card_name (2)'

05-11-2024T12:22:24 - [TEST_STEP][PASSED] - click(findTestObject("Object Repository/Page_Checkout - Threads/button_Pay now")): Object: 'Object Repository/Page_Checkout - Threads/button_Pay now' is clicked on

05-11-2024T12:22:25 - [MESSAGE][PASSED] - Object: 'Object Repository/Page_Checkout - Threads/button_Pay now' is clicked on

05-11-2024T12:22:25 - [TEST_STEP][PASSED] - takeScreenshot(screenshotFolderPath + "attempt_payment_valid_case.png"): Taking screenshot successfully

05-11-2024T12:22:29 - [MESSAGE][PASSED] - Taking screenshot successfully
[[ATTACHMENT|C:\\Users\\AnusmitaKundu\\git\\threadShopify\\ThreadShopify\\Reports\\20241105_120811\\Threads\\New Test Suite (1)\\20241105_120811\\screenshots/credit_card20241105121725/attempt_payment_valid_case.png]]

05-11-2024T12:22:29 - [TEST_STEP][PASSED] - verifyTextPresent("Your order is confirmed", false): Text 'Your order is confirmed' is present on page 

05-11-2024T12:22:30 - [MESSAGE][PASSED] - Text 'Your order is confirmed' is present on page 

05-11-2024T12:22:30 - [TEST_STEP][PASSED] - takeScreenshot(screenshotFolderPath + "order_confirmation.png"): Taking screenshot successfully

05-11-2024T12:22:31 - [MESSAGE][PASSED] - Taking screenshot successfully
[[ATTACHMENT|C:\\Users\\AnusmitaKundu\\git\\threadShopify\\ThreadShopify\\Reports\\20241105_120811\\Threads\\New Test Suite (1)\\20241105_120811\\screenshots/credit_card20241105121725/order_confirmation.png]]

05-11-2024T12:22:31 - [TEST_STEP][PASSED] - closeBrowser(): Browser is closed

05-11-2024T12:22:32 - [MESSAGE][PASSED] - Browser is closed]]></system-out>
         <system-err><![CDATA[]]></system-err>
      </testcase>
      <testcase name="Test Cases/Threads_Webshop/8 Order Details/Product Subscription" time="27.974" classname="Test Cases/Threads_Webshop/8 Order Details/Product Subscription" status="PASSED">
         <system-out><![CDATA[05-11-2024T12:22:32 - [TEST_CASE][PASSED] - Test Cases/Threads_Webshop/8 Order Details/Product Subscription: Test Cases/Threads_Webshop/8 Order Details/Product Subscription

05-11-2024T12:22:32 - [TEST_STEP][PASSED] - timestamp = SimpleDateFormat(yyyyMMdd_HHmmss).format(new java.util.Date()): null

05-11-2024T12:22:32 - [TEST_STEP][PASSED] - screenshotFolder = "screenshots/subscription_" + timestamp + "/": null

05-11-2024T12:22:32 - [TEST_STEP][PASSED] - callTestCase(findTestCase("Threads_Webshop/ReUsable Testcases/Enter Password"), [:], STOP_ON_FAILURE): Call Test Case 'Test Cases/Threads_Webshop/ReUsable Testcases/Enter Password' successfully

05-11-2024T12:22:33 - [TEST_CASE][PASSED] - Test Cases/Threads_Webshop/ReUsable Testcases/Enter Password: Test Cases/Threads_Webshop/ReUsable Testcases/Enter Password

05-11-2024T12:22:33 - [TEST_STEP][PASSED] - openBrowser(""): Browser is opened with url: ''

05-11-2024T12:22:33 - [MESSAGE][INFO] - Starting 'Chrome' driver

05-11-2024T12:22:33 - [MESSAGE][INFO] - Action delay is set to 0 milliseconds

05-11-2024T12:22:34 - [MESSAGE][PASSED] - Browser is opened with url: ''

05-11-2024T12:22:34 - [TEST_STEP][PASSED] - maximizeWindow(): Current window maximized

05-11-2024T12:22:34 - [MESSAGE][PASSED] - Current window maximized

05-11-2024T12:22:34 - [TEST_STEP][PASSED] - navigateToUrl("https://threads0.myshopify.com/password"): Navigate to 'https://threads0.myshopify.com/password' successfully

05-11-2024T12:22:37 - [MESSAGE][PASSED] - Navigate to 'https://threads0.myshopify.com/password' successfully

05-11-2024T12:22:37 - [TEST_STEP][PASSED] - click(findTestObject("Object Repository/Thread_Webshop/Reusable Testcase/Page_Threads/div_Enter using password")): Object: 'Object Repository/Thread_Webshop/Reusable Testcase/Page_Threads/div_Enter using password' is clicked on

05-11-2024T12:22:42 - [MESSAGE][PASSED] - Object: 'Object Repository/Thread_Webshop/Reusable Testcase/Page_Threads/div_Enter using password' is clicked on

05-11-2024T12:22:42 - [TEST_STEP][PASSED] - setEncryptedText(findTestObject("Object Repository/Thread_Webshop/Reusable Testcase/Page_Threads/input_Enter store using password_password"), "gnzTAVlujIw+lTr0To6+Cg=="): Text ****** has been set on object 'Object Repository/Thread_Webshop/Reusable Testcase/Page_Threads/input_Enter store using password_password'

05-11-2024T12:22:43 - [MESSAGE][PASSED] - Text ****** has been set on object 'Object Repository/Thread_Webshop/Reusable Testcase/Page_Threads/input_Enter store using password_password'

05-11-2024T12:22:43 - [TEST_STEP][PASSED] - click(findTestObject("Object Repository/Thread_Webshop/Reusable Testcase/Page_Threads/button_Enter")): Object: 'Object Repository/Thread_Webshop/Reusable Testcase/Page_Threads/button_Enter' is clicked on

05-11-2024T12:22:45 - [MESSAGE][PASSED] - Object: 'Object Repository/Thread_Webshop/Reusable Testcase/Page_Threads/button_Enter' is clicked on

05-11-2024T12:22:45 - [MESSAGE][PASSED] - Call Test Case 'Test Cases/Threads_Webshop/ReUsable Testcases/Enter Password' successfully

05-11-2024T12:22:45 - [TEST_STEP][PASSED] - takeScreenshot(screenshotFolder + "home.png"): Taking screenshot successfully

05-11-2024T12:22:47 - [MESSAGE][PASSED] - Taking screenshot successfully
[[ATTACHMENT|C:\\Users\\AnusmitaKundu\\git\\threadShopify\\ThreadShopify\\Reports\\20241105_120811\\Threads\\New Test Suite (1)\\20241105_120811\\screenshots/subscription_20241105_122232/home.png]]

05-11-2024T12:22:47 - [TEST_STEP][PASSED] - click(findTestObject("Object Repository/Page_Threads/span_Catalog")): Object: 'Object Repository/Page_Threads/span_Catalog' is clicked on

05-11-2024T12:22:48 - [MESSAGE][PASSED] - Object: 'Object Repository/Page_Threads/span_Catalog' is clicked on

05-11-2024T12:22:48 - [TEST_STEP][PASSED] - click(findTestObject("Object Repository/Page_Products  Threads/a_ADIDAS  SUPERSTAR 80S")): Object: 'Object Repository/Page_Products  Threads/a_ADIDAS  SUPERSTAR 80S' is clicked on

05-11-2024T12:22:50 - [MESSAGE][PASSED] - Object: 'Object Repository/Page_Products  Threads/a_ADIDAS  SUPERSTAR 80S' is clicked on

05-11-2024T12:22:50 - [TEST_STEP][PASSED] - takeScreenshot(screenshotFolder + "select_product.png"): Taking screenshot successfully

05-11-2024T12:22:52 - [MESSAGE][PASSED] - Taking screenshot successfully
[[ATTACHMENT|C:\\Users\\AnusmitaKundu\\git\\threadShopify\\ThreadShopify\\Reports\\20241105_120811\\Threads\\New Test Suite (1)\\20241105_120811\\screenshots/subscription_20241105_122232/select_product.png]]

05-11-2024T12:22:52 - [TEST_STEP][PASSED] - verifyTextPresent("One-time purchase", false): Text 'One-time purchase' is present on page 

05-11-2024T12:22:52 - [MESSAGE][PASSED] - Text 'One-time purchase' is present on page 

05-11-2024T12:22:52 - [TEST_STEP][PASSED] - verifyTextPresent("Subscribe and deliver every", false): Text 'Subscribe and deliver every' is present on page 

05-11-2024T12:22:53 - [MESSAGE][PASSED] - Text 'Subscribe and deliver every' is present on page 

05-11-2024T12:22:53 - [TEST_STEP][PASSED] - selectOptionByValue(findTestObject("Object Repository/Page_ADIDAS  SUPERSTAR 80S  Threads/select_month3 months"), "3 month", true): All options with value '3 month' are selected in object 'Object Repository/Page_ADIDAS  SUPERSTAR 80S  Threads/select_month3 months'  using regular expression

05-11-2024T12:22:54 - [MESSAGE][PASSED] - All options with value '3 month' are selected in object 'Object Repository/Page_ADIDAS  SUPERSTAR 80S  Threads/select_month3 months'  using regular expression

05-11-2024T12:22:54 - [TEST_STEP][PASSED] - click(findTestObject("Object Repository/Page_ADIDAS  SUPERSTAR 80S  Threads/span_One-time purchase_sls-custom-radio")): Object: 'Object Repository/Page_ADIDAS  SUPERSTAR 80S  Threads/span_One-time purchase_sls-custom-radio' is clicked on

05-11-2024T12:22:55 - [MESSAGE][PASSED] - Object: 'Object Repository/Page_ADIDAS  SUPERSTAR 80S  Threads/span_One-time purchase_sls-custom-radio' is clicked on

05-11-2024T12:22:55 - [TEST_STEP][PASSED] - click(findTestObject("Object Repository/Page_ADIDAS  SUPERSTAR 80S  Threads/button_Add to cart")): Object: 'Object Repository/Page_ADIDAS  SUPERSTAR 80S  Threads/button_Add to cart' is clicked on

05-11-2024T12:22:55 - [MESSAGE][PASSED] - Object: 'Object Repository/Page_ADIDAS  SUPERSTAR 80S  Threads/button_Add to cart' is clicked on

05-11-2024T12:22:55 - [TEST_STEP][PASSED] - click(findTestObject("Object Repository/Page_ADIDAS  SUPERSTAR 80S  Threads/a_View cart (1)")): Object: 'Object Repository/Page_ADIDAS  SUPERSTAR 80S  Threads/a_View cart (1)' is clicked on

05-11-2024T12:22:58 - [MESSAGE][PASSED] - Object: 'Object Repository/Page_ADIDAS  SUPERSTAR 80S  Threads/a_View cart (1)' is clicked on

05-11-2024T12:22:58 - [TEST_STEP][PASSED] - takeScreenshot(screenshotFolder + "subscription.png"): Taking screenshot successfully

05-11-2024T12:22:59 - [MESSAGE][PASSED] - Taking screenshot successfully
[[ATTACHMENT|C:\\Users\\AnusmitaKundu\\git\\threadShopify\\ThreadShopify\\Reports\\20241105_120811\\Threads\\New Test Suite (1)\\20241105_120811\\screenshots/subscription_20241105_122232/subscription.png]]

05-11-2024T12:22:59 - [TEST_STEP][PASSED] - verifyTextPresent("Discount on next order", false): Text 'Discount on next order' is present on page 

05-11-2024T12:22:59 - [MESSAGE][PASSED] - Text 'Discount on next order' is present on page 

05-11-2024T12:22:59 - [TEST_STEP][PASSED] - closeBrowser(): Browser is closed

05-11-2024T12:23:00 - [MESSAGE][PASSED] - Browser is closed]]></system-out>
         <system-err><![CDATA[]]></system-err>
      </testcase>
      <testcase name="Test Cases/Threads_Webshop/8 Order Details/TC-444 Verify order summary" time="53.603" classname="Test Cases/Threads_Webshop/8 Order Details/TC-444 Verify order summary" status="PASSED">
         <system-out><![CDATA[05-11-2024T12:23:00 - [TEST_CASE][PASSED] - Test Cases/Threads_Webshop/8 Order Details/TC-444 Verify order summary: Test Cases/Threads_Webshop/8 Order Details/TC-444 Verify order summary

05-11-2024T12:23:00 - [TEST_STEP][PASSED] - timestamp = SimpleDateFormat(yyyyMMdd_HHmmss).format(new java.util.Date()): null

05-11-2024T12:23:00 - [TEST_STEP][PASSED] - screenshotFolder = "screenshots/summary_" + timestamp + "/": null

05-11-2024T12:23:00 - [TEST_STEP][PASSED] - callTestCase(findTestCase("Threads_Webshop/ReUsable Testcases/Enter Password"), [:], STOP_ON_FAILURE): Call Test Case 'Test Cases/Threads_Webshop/ReUsable Testcases/Enter Password' successfully

05-11-2024T12:23:01 - [TEST_CASE][PASSED] - Test Cases/Threads_Webshop/ReUsable Testcases/Enter Password: Test Cases/Threads_Webshop/ReUsable Testcases/Enter Password

05-11-2024T12:23:01 - [TEST_STEP][PASSED] - openBrowser(""): Browser is opened with url: ''

05-11-2024T12:23:01 - [MESSAGE][INFO] - Starting 'Chrome' driver

05-11-2024T12:23:01 - [MESSAGE][INFO] - Action delay is set to 0 milliseconds

05-11-2024T12:23:02 - [MESSAGE][PASSED] - Browser is opened with url: ''

05-11-2024T12:23:02 - [TEST_STEP][PASSED] - maximizeWindow(): Current window maximized

05-11-2024T12:23:02 - [MESSAGE][PASSED] - Current window maximized

05-11-2024T12:23:02 - [TEST_STEP][PASSED] - navigateToUrl("https://threads0.myshopify.com/password"): Navigate to 'https://threads0.myshopify.com/password' successfully

05-11-2024T12:23:03 - [MESSAGE][PASSED] - Navigate to 'https://threads0.myshopify.com/password' successfully

05-11-2024T12:23:03 - [TEST_STEP][PASSED] - click(findTestObject("Object Repository/Thread_Webshop/Reusable Testcase/Page_Threads/div_Enter using password")): Object: 'Object Repository/Thread_Webshop/Reusable Testcase/Page_Threads/div_Enter using password' is clicked on

05-11-2024T12:23:07 - [MESSAGE][PASSED] - Object: 'Object Repository/Thread_Webshop/Reusable Testcase/Page_Threads/div_Enter using password' is clicked on

05-11-2024T12:23:07 - [TEST_STEP][PASSED] - setEncryptedText(findTestObject("Object Repository/Thread_Webshop/Reusable Testcase/Page_Threads/input_Enter store using password_password"), "gnzTAVlujIw+lTr0To6+Cg=="): Text ****** has been set on object 'Object Repository/Thread_Webshop/Reusable Testcase/Page_Threads/input_Enter store using password_password'

05-11-2024T12:23:07 - [MESSAGE][PASSED] - Text ****** has been set on object 'Object Repository/Thread_Webshop/Reusable Testcase/Page_Threads/input_Enter store using password_password'

05-11-2024T12:23:07 - [TEST_STEP][PASSED] - click(findTestObject("Object Repository/Thread_Webshop/Reusable Testcase/Page_Threads/button_Enter")): Object: 'Object Repository/Thread_Webshop/Reusable Testcase/Page_Threads/button_Enter' is clicked on

05-11-2024T12:23:09 - [MESSAGE][PASSED] - Object: 'Object Repository/Thread_Webshop/Reusable Testcase/Page_Threads/button_Enter' is clicked on

05-11-2024T12:23:09 - [MESSAGE][PASSED] - Call Test Case 'Test Cases/Threads_Webshop/ReUsable Testcases/Enter Password' successfully

05-11-2024T12:23:09 - [TEST_STEP][PASSED] - takeScreenshot(screenshotFolder + "after_login.png"): Taking screenshot successfully

05-11-2024T12:23:11 - [MESSAGE][PASSED] - Taking screenshot successfully
[[ATTACHMENT|C:\\Users\\AnusmitaKundu\\git\\threadShopify\\ThreadShopify\\Reports\\20241105_120811\\Threads\\New Test Suite (1)\\20241105_120811\\screenshots/summary_20241105_122300/after_login.png]]

05-11-2024T12:23:11 - [TEST_STEP][PASSED] - click(findTestObject("Object Repository/Thread_Webshop/Shopping Cart/Order Summary/Page_Threads/a_Catalog")): Object: 'Object Repository/Thread_Webshop/Shopping Cart/Order Summary/Page_Threads/a_Catalog' is clicked on

05-11-2024T12:23:12 - [MESSAGE][PASSED] - Object: 'Object Repository/Thread_Webshop/Shopping Cart/Order Summary/Page_Threads/a_Catalog' is clicked on

05-11-2024T12:23:12 - [TEST_STEP][PASSED] - takeScreenshot("screenshots/catalog_page.png"): Taking screenshot successfully

05-11-2024T12:23:13 - [MESSAGE][PASSED] - Taking screenshot successfully
[[ATTACHMENT|C:\\Users\\AnusmitaKundu\\git\\threadShopify\\ThreadShopify\\Reports\\20241105_120811\\Threads\\New Test Suite (1)\\20241105_120811\\screenshots/catalog_page.png]]

05-11-2024T12:23:13 - [TEST_STEP][PASSED] - click(findTestObject("Object Repository/Thread_Webshop/Shopping Cart/Order Summary/Page_Products  Threads/a_ASICS TIGER  GEL-LYTE V 30 YEARS OF GEL PACK")): Object: 'Object Repository/Thread_Webshop/Shopping Cart/Order Summary/Page_Products  Threads/a_ASICS TIGER  GEL-LYTE V 30 YEARS OF GEL PACK' is clicked on

05-11-2024T12:23:14 - [MESSAGE][PASSED] - Object: 'Object Repository/Thread_Webshop/Shopping Cart/Order Summary/Page_Products  Threads/a_ASICS TIGER  GEL-LYTE V 30 YEARS OF GEL PACK' is clicked on

05-11-2024T12:23:14 - [TEST_STEP][PASSED] - takeScreenshot("screenshots/selected_product.png"): Taking screenshot successfully

05-11-2024T12:23:15 - [MESSAGE][PASSED] - Taking screenshot successfully
[[ATTACHMENT|C:\\Users\\AnusmitaKundu\\git\\threadShopify\\ThreadShopify\\Reports\\20241105_120811\\Threads\\New Test Suite (1)\\20241105_120811\\screenshots/selected_product.png]]

05-11-2024T12:23:15 - [TEST_STEP][PASSED] - click(findTestObject("Object Repository/Thread_Webshop/Shopping Cart/Order Summary/Page_ASICS TIGER  GEL-LYTE V 30 YEARS OF GE_209da4/button_Buy it now")): Object: 'Object Repository/Thread_Webshop/Shopping Cart/Order Summary/Page_ASICS TIGER  GEL-LYTE V 30 YEARS OF GE_209da4/button_Buy it now' is clicked on

05-11-2024T12:23:16 - [MESSAGE][PASSED] - Object: 'Object Repository/Thread_Webshop/Shopping Cart/Order Summary/Page_ASICS TIGER  GEL-LYTE V 30 YEARS OF GE_209da4/button_Buy it now' is clicked on

05-11-2024T12:23:16 - [TEST_STEP][PASSED] - takeScreenshot("screenshots/buy_it_now.png"): Taking screenshot successfully

05-11-2024T12:23:25 - [MESSAGE][PASSED] - Taking screenshot successfully
[[ATTACHMENT|C:\\Users\\AnusmitaKundu\\git\\threadShopify\\ThreadShopify\\Reports\\20241105_120811\\Threads\\New Test Suite (1)\\20241105_120811\\screenshots/buy_it_now.png]]

05-11-2024T12:23:25 - [TEST_STEP][PASSED] - setText(findTestObject("Object Repository/Thread_Webshop/Shopping Cart/Order Summary/Page_Checkout - Threads/input_Email or mobile phone number_email"), "1234567890"): Text '1234567890' is set on object 'Object Repository/Thread_Webshop/Shopping Cart/Order Summary/Page_Checkout - Threads/input_Email or mobile phone number_email'

05-11-2024T12:23:26 - [MESSAGE][PASSED] - Text '1234567890' is set on object 'Object Repository/Thread_Webshop/Shopping Cart/Order Summary/Page_Checkout - Threads/input_Email or mobile phone number_email'

05-11-2024T12:23:26 - [TEST_STEP][PASSED] - takeScreenshot("screenshots/enter_contact.png"): Taking screenshot successfully

05-11-2024T12:23:27 - [MESSAGE][PASSED] - Taking screenshot successfully
[[ATTACHMENT|C:\\Users\\AnusmitaKundu\\git\\threadShopify\\ThreadShopify\\Reports\\20241105_120811\\Threads\\New Test Suite (1)\\20241105_120811\\screenshots/enter_contact.png]]

05-11-2024T12:23:27 - [TEST_STEP][PASSED] - click(findTestObject("Object Repository/Thread_Webshop/Shopping Cart/Order Summary/Page_Checkout - Threads/input_Choose a delivery method_delivery_strategies")): Object: 'Object Repository/Thread_Webshop/Shopping Cart/Order Summary/Page_Checkout - Threads/input_Choose a delivery method_delivery_strategies' is clicked on

05-11-2024T12:23:28 - [MESSAGE][PASSED] - Object: 'Object Repository/Thread_Webshop/Shopping Cart/Order Summary/Page_Checkout - Threads/input_Choose a delivery method_delivery_strategies' is clicked on

05-11-2024T12:23:28 - [TEST_STEP][PASSED] - setText(findTestObject("Object Repository/Thread_Webshop/Shopping Cart/Order Summary/Page_Checkout - Threads/input_First name (optional)_firstName"), "Celine"): Text 'Celine' is set on object 'Object Repository/Thread_Webshop/Shopping Cart/Order Summary/Page_Checkout - Threads/input_First name (optional)_firstName'

05-11-2024T12:23:29 - [MESSAGE][PASSED] - Text 'Celine' is set on object 'Object Repository/Thread_Webshop/Shopping Cart/Order Summary/Page_Checkout - Threads/input_First name (optional)_firstName'

05-11-2024T12:23:29 - [TEST_STEP][PASSED] - takeScreenshot("screenshots/enter_first_name.png"): Taking screenshot successfully

05-11-2024T12:23:30 - [MESSAGE][PASSED] - Taking screenshot successfully
[[ATTACHMENT|C:\\Users\\AnusmitaKundu\\git\\threadShopify\\ThreadShopify\\Reports\\20241105_120811\\Threads\\New Test Suite (1)\\20241105_120811\\screenshots/enter_first_name.png]]

05-11-2024T12:23:30 - [TEST_STEP][PASSED] - setText(findTestObject("Object Repository/Thread_Webshop/Shopping Cart/Order Summary/Page_Checkout - Threads/input_Last name_lastName"), "Cena"): Text 'Cena' is set on object 'Object Repository/Thread_Webshop/Shopping Cart/Order Summary/Page_Checkout - Threads/input_Last name_lastName'

05-11-2024T12:23:31 - [MESSAGE][PASSED] - Text 'Cena' is set on object 'Object Repository/Thread_Webshop/Shopping Cart/Order Summary/Page_Checkout - Threads/input_Last name_lastName'

05-11-2024T12:23:31 - [TEST_STEP][PASSED] - takeScreenshot("screenshots/enter_last_name.png"): Taking screenshot successfully

05-11-2024T12:23:32 - [MESSAGE][PASSED] - Taking screenshot successfully
[[ATTACHMENT|C:\\Users\\AnusmitaKundu\\git\\threadShopify\\ThreadShopify\\Reports\\20241105_120811\\Threads\\New Test Suite (1)\\20241105_120811\\screenshots/enter_last_name.png]]

05-11-2024T12:23:32 - [TEST_STEP][PASSED] - setText(findTestObject("Object Repository/Thread_Webshop/Shopping Cart/Order Summary/Page_Checkout - Threads/input_Address_address1"), "XYZ "): Text 'XYZ ' is set on object 'Object Repository/Thread_Webshop/Shopping Cart/Order Summary/Page_Checkout - Threads/input_Address_address1'

05-11-2024T12:23:33 - [MESSAGE][PASSED] - Text 'XYZ ' is set on object 'Object Repository/Thread_Webshop/Shopping Cart/Order Summary/Page_Checkout - Threads/input_Address_address1'

05-11-2024T12:23:33 - [TEST_STEP][PASSED] - takeScreenshot("screenshots/enter_address.png"): Taking screenshot successfully

05-11-2024T12:23:34 - [MESSAGE][PASSED] - Taking screenshot successfully
[[ATTACHMENT|C:\\Users\\AnusmitaKundu\\git\\threadShopify\\ThreadShopify\\Reports\\20241105_120811\\Threads\\New Test Suite (1)\\20241105_120811\\screenshots/enter_address.png]]

05-11-2024T12:23:34 - [TEST_STEP][PASSED] - setText(findTestObject("Object Repository/Thread_Webshop/Shopping Cart/Order Summary/Page_Checkout - Threads/input_Apartment, suite, etc. (optional)_address2"), "ABC Apartment"): Text 'ABC Apartment' is set on object 'Object Repository/Thread_Webshop/Shopping Cart/Order Summary/Page_Checkout - Threads/input_Apartment, suite, etc. (optional)_address2'

05-11-2024T12:23:37 - [MESSAGE][PASSED] - Text 'ABC Apartment' is set on object 'Object Repository/Thread_Webshop/Shopping Cart/Order Summary/Page_Checkout - Threads/input_Apartment, suite, etc. (optional)_address2'

05-11-2024T12:23:37 - [TEST_STEP][PASSED] - takeScreenshot("screenshots/enter_apartment.png"): Taking screenshot successfully

05-11-2024T12:23:37 - [MESSAGE][PASSED] - Taking screenshot successfully
[[ATTACHMENT|C:\\Users\\AnusmitaKundu\\git\\threadShopify\\ThreadShopify\\Reports\\20241105_120811\\Threads\\New Test Suite (1)\\20241105_120811\\screenshots/enter_apartment.png]]

05-11-2024T12:23:37 - [TEST_STEP][PASSED] - setText(findTestObject("Object Repository/Thread_Webshop/Shopping Cart/Order Summary/Page_Checkout - Threads/input_City_city"), "Kolkata"): Text 'Kolkata' is set on object 'Object Repository/Thread_Webshop/Shopping Cart/Order Summary/Page_Checkout - Threads/input_City_city'

05-11-2024T12:23:38 - [MESSAGE][PASSED] - Text 'Kolkata' is set on object 'Object Repository/Thread_Webshop/Shopping Cart/Order Summary/Page_Checkout - Threads/input_City_city'

05-11-2024T12:23:38 - [TEST_STEP][PASSED] - takeScreenshot("screenshots/enter_city.png"): Taking screenshot successfully

05-11-2024T12:23:39 - [MESSAGE][PASSED] - Taking screenshot successfully
[[ATTACHMENT|C:\\Users\\AnusmitaKundu\\git\\threadShopify\\ThreadShopify\\Reports\\20241105_120811\\Threads\\New Test Suite (1)\\20241105_120811\\screenshots/enter_city.png]]

05-11-2024T12:23:39 - [TEST_STEP][PASSED] - selectOptionByValue(findTestObject("Object Repository/Thread_Webshop/Shopping Cart/Order Summary/Page_Checkout - Threads/select_Andaman and Nicobar IslandsAndhra Pr_2effd7"), "WB", true): All options with value 'WB' are selected in object 'Object Repository/Thread_Webshop/Shopping Cart/Order Summary/Page_Checkout - Threads/select_Andaman and Nicobar IslandsAndhra Pr_2effd7'  using regular expression

05-11-2024T12:23:42 - [MESSAGE][PASSED] - All options with value 'WB' are selected in object 'Object Repository/Thread_Webshop/Shopping Cart/Order Summary/Page_Checkout - Threads/select_Andaman and Nicobar IslandsAndhra Pr_2effd7'  using regular expression

05-11-2024T12:23:42 - [TEST_STEP][PASSED] - takeScreenshot("screenshots/select_state.png"): Taking screenshot successfully

05-11-2024T12:23:42 - [MESSAGE][PASSED] - Taking screenshot successfully
[[ATTACHMENT|C:\\Users\\AnusmitaKundu\\git\\threadShopify\\ThreadShopify\\Reports\\20241105_120811\\Threads\\New Test Suite (1)\\20241105_120811\\screenshots/select_state.png]]

05-11-2024T12:23:42 - [TEST_STEP][PASSED] - setText(findTestObject("Object Repository/Thread_Webshop/Shopping Cart/Order Summary/Page_Checkout - Threads/input_PIN code_postalCode"), "700053"): Text '700053' is set on object 'Object Repository/Thread_Webshop/Shopping Cart/Order Summary/Page_Checkout - Threads/input_PIN code_postalCode'

05-11-2024T12:23:43 - [MESSAGE][PASSED] - Text '700053' is set on object 'Object Repository/Thread_Webshop/Shopping Cart/Order Summary/Page_Checkout - Threads/input_PIN code_postalCode'

05-11-2024T12:23:43 - [TEST_STEP][PASSED] - takeScreenshot("screenshots/enter_pin.png"): Taking screenshot successfully

05-11-2024T12:23:43 - [MESSAGE][PASSED] - Taking screenshot successfully
[[ATTACHMENT|C:\\Users\\AnusmitaKundu\\git\\threadShopify\\ThreadShopify\\Reports\\20241105_120811\\Threads\\New Test Suite (1)\\20241105_120811\\screenshots/enter_pin.png]]

05-11-2024T12:23:43 - [TEST_STEP][PASSED] - setText(findTestObject("Object Repository/Thread_Webshop/Shopping Cart/Order Summary/Page_Checkout - Threads/input_Discount code_reductions"), "WINTER10"): Text 'WINTER10' is set on object 'Object Repository/Thread_Webshop/Shopping Cart/Order Summary/Page_Checkout - Threads/input_Discount code_reductions'

05-11-2024T12:23:45 - [MESSAGE][PASSED] - Text 'WINTER10' is set on object 'Object Repository/Thread_Webshop/Shopping Cart/Order Summary/Page_Checkout - Threads/input_Discount code_reductions'

05-11-2024T12:23:45 - [TEST_STEP][PASSED] - click(findTestObject("Object Repository/Thread_Webshop/Shopping Cart/Order Summary/Page_Checkout - Threads/button_Apply")): Object: 'Object Repository/Thread_Webshop/Shopping Cart/Order Summary/Page_Checkout - Threads/button_Apply' is clicked on

05-11-2024T12:23:48 - [MESSAGE][PASSED] - Object: 'Object Repository/Thread_Webshop/Shopping Cart/Order Summary/Page_Checkout - Threads/button_Apply' is clicked on

05-11-2024T12:23:48 - [TEST_STEP][PASSED] - takeScreenshot("screenshots/apply_discount.png"): Taking screenshot successfully

05-11-2024T12:23:50 - [MESSAGE][PASSED] - Taking screenshot successfully
[[ATTACHMENT|C:\\Users\\AnusmitaKundu\\git\\threadShopify\\ThreadShopify\\Reports\\20241105_120811\\Threads\\New Test Suite (1)\\20241105_120811\\screenshots/apply_discount.png]]

05-11-2024T12:23:50 - [TEST_STEP][PASSED] - ordertotal = parsePrice(getText(findTestObject("Object Repository/Thread_Webshop/Shopping Cart/Order Summary/Page_Checkout - Threads/span_220.00"))): Text of object 'Object Repository/Thread_Webshop/Shopping Cart/Order Summary/Page_Checkout - Threads/span_220.00' is: '₹220.00'

05-11-2024T12:23:51 - [MESSAGE][PASSED] - Text of object 'Object Repository/Thread_Webshop/Shopping Cart/Order Summary/Page_Checkout - Threads/span_220.00' is: '₹220.00'

05-11-2024T12:23:51 - [TEST_STEP][PASSED] - cleanText = ]", "").trim(): null

05-11-2024T12:23:51 - [TEST_STEP][PASSED] - return java.lang.Float.parseFloat(cleanText): null

05-11-2024T12:23:51 - [TEST_STEP][PASSED] - discount = parseDisc(getText(findTestObject("Object Repository/Thread_Webshop/Shopping Cart/Order Summary/Page_Checkout - Threads/span_22.00"))): Text of object 'Object Repository/Thread_Webshop/Shopping Cart/Order Summary/Page_Checkout - Threads/span_22.00' is: '− ₹22.00'

05-11-2024T12:23:51 - [MESSAGE][PASSED] - Text of object 'Object Repository/Thread_Webshop/Shopping Cart/Order Summary/Page_Checkout - Threads/span_22.00' is: '− ₹22.00'

05-11-2024T12:23:51 - [TEST_STEP][PASSED] - cleanText = -]", "").trim(): null

05-11-2024T12:23:51 - [TEST_STEP][PASSED] - return java.lang.Float.parseFloat(cleanText): null

05-11-2024T12:23:51 - [TEST_STEP][PASSED] - shipping = parsePrice(getText(findTestObject("Object Repository/Thread_Webshop/Shopping Cart/Order Summary/Page_Checkout - Threads/span_10.00"))): Text of object 'Object Repository/Thread_Webshop/Shopping Cart/Order Summary/Page_Checkout - Threads/span_10.00' is: '₹10.00'

05-11-2024T12:23:51 - [MESSAGE][PASSED] - Text of object 'Object Repository/Thread_Webshop/Shopping Cart/Order Summary/Page_Checkout - Threads/span_10.00' is: '₹10.00'

05-11-2024T12:23:51 - [TEST_STEP][PASSED] - cleanText = ]", "").trim(): null

05-11-2024T12:23:51 - [TEST_STEP][PASSED] - return java.lang.Float.parseFloat(cleanText): null

05-11-2024T12:23:51 - [TEST_STEP][PASSED] - tax = parsePrice(getText(findTestObject("Object Repository/Thread_Webshop/Shopping Cart/Order Summary/Page_Checkout - Threads/span_35.64"))): Text of object 'Object Repository/Thread_Webshop/Shopping Cart/Order Summary/Page_Checkout - Threads/span_35.64' is: '₹35.64'

05-11-2024T12:23:52 - [MESSAGE][PASSED] - Text of object 'Object Repository/Thread_Webshop/Shopping Cart/Order Summary/Page_Checkout - Threads/span_35.64' is: '₹35.64'

05-11-2024T12:23:52 - [TEST_STEP][PASSED] - cleanText = ]", "").trim(): null

05-11-2024T12:23:52 - [TEST_STEP][PASSED] - return java.lang.Float.parseFloat(cleanText): null

05-11-2024T12:23:52 - [TEST_STEP][PASSED] - finalPrice = parsePrice(getText(findTestObject("Object Repository/Thread_Webshop/Shopping Cart/Order Summary/Page_Checkout - Threads/strong_243.64"))): Text of object 'Object Repository/Thread_Webshop/Shopping Cart/Order Summary/Page_Checkout - Threads/strong_243.64' is: '₹243.64'

05-11-2024T12:23:52 - [MESSAGE][PASSED] - Text of object 'Object Repository/Thread_Webshop/Shopping Cart/Order Summary/Page_Checkout - Threads/strong_243.64' is: '₹243.64'

05-11-2024T12:23:52 - [TEST_STEP][PASSED] - cleanText = ]", "").trim(): null

05-11-2024T12:23:52 - [TEST_STEP][PASSED] - return java.lang.Float.parseFloat(cleanText): null

05-11-2024T12:23:52 - [TEST_STEP][PASSED] - if (ordertotal - discount + shipping + tax == finalPrice): null

05-11-2024T12:23:52 - [TEST_STEP][PASSED] - println("Match"): null

05-11-2024T12:23:52 - [TEST_STEP][PASSED] - takeScreenshot("screenshots/validate_prices.png"): Taking screenshot successfully

05-11-2024T12:23:53 - [MESSAGE][PASSED] - Taking screenshot successfully
[[ATTACHMENT|C:\\Users\\AnusmitaKundu\\git\\threadShopify\\ThreadShopify\\Reports\\20241105_120811\\Threads\\New Test Suite (1)\\20241105_120811\\screenshots/validate_prices.png]]

05-11-2024T12:23:53 - [TEST_STEP][PASSED] - closeBrowser(): Browser is closed

05-11-2024T12:23:54 - [MESSAGE][PASSED] - Browser is closed]]></system-out>
         <system-err><![CDATA[]]></system-err>
      </testcase>
      <testcase name="Test Cases/Threads_Webshop/8 Order Details/TC-570, Verify Cancle Order" time="64.531" classname="Test Cases/Threads_Webshop/8 Order Details/TC-570, Verify Cancle Order" status="PASSED">
         <system-out><![CDATA[05-11-2024T12:23:54 - [TEST_CASE][PASSED] - Test Cases/Threads_Webshop/8 Order Details/TC-570, Verify Cancle Order: Test Cases/Threads_Webshop/8 Order Details/TC-570, Verify Cancle Order

05-11-2024T12:23:54 - [TEST_STEP][PASSED] - timestamp = SimpleDateFormat(yyyyMMdd_HHmmss).format(new java.util.Date()): null

05-11-2024T12:23:54 - [TEST_STEP][PASSED] - screenshotFolder = "screenshots/cancle_order_" + timestamp + "/": null

05-11-2024T12:23:54 - [TEST_STEP][PASSED] - callTestCase(findTestCase("Threads_Webshop/ReUsable Testcases/Login to an Account"), ["validemail":"cenaalice1234@mailinator.com", "password":"UDMlkmqWREzH+mr49N5wRw=="], STOP_ON_FAILURE): Call Test Case 'Test Cases/Threads_Webshop/ReUsable Testcases/Login to an Account' successfully

05-11-2024T12:23:54 - [TEST_CASE][PASSED] - Test Cases/Threads_Webshop/ReUsable Testcases/Login to an Account: Test Cases/Threads_Webshop/ReUsable Testcases/Login to an Account

05-11-2024T12:23:54 - [TEST_STEP][PASSED] - callTestCase(findTestCase("Threads_Webshop/ReUsable Testcases/Enter Password"), [:], STOP_ON_FAILURE): Call Test Case 'Test Cases/Threads_Webshop/ReUsable Testcases/Enter Password' successfully

05-11-2024T12:23:54 - [TEST_CASE][PASSED] - Test Cases/Threads_Webshop/ReUsable Testcases/Enter Password: Test Cases/Threads_Webshop/ReUsable Testcases/Enter Password

05-11-2024T12:23:54 - [TEST_STEP][PASSED] - openBrowser(""): Browser is opened with url: ''

05-11-2024T12:23:54 - [MESSAGE][INFO] - Starting 'Chrome' driver

05-11-2024T12:23:54 - [MESSAGE][INFO] - Action delay is set to 0 milliseconds

05-11-2024T12:23:55 - [MESSAGE][PASSED] - Browser is opened with url: ''

05-11-2024T12:23:55 - [TEST_STEP][PASSED] - maximizeWindow(): Current window maximized

05-11-2024T12:23:55 - [MESSAGE][PASSED] - Current window maximized

05-11-2024T12:23:55 - [TEST_STEP][PASSED] - navigateToUrl("https://threads0.myshopify.com/password"): Navigate to 'https://threads0.myshopify.com/password' successfully

05-11-2024T12:23:59 - [MESSAGE][PASSED] - Navigate to 'https://threads0.myshopify.com/password' successfully

05-11-2024T12:23:59 - [TEST_STEP][PASSED] - click(findTestObject("Object Repository/Thread_Webshop/Reusable Testcase/Page_Threads/div_Enter using password")): Object: 'Object Repository/Thread_Webshop/Reusable Testcase/Page_Threads/div_Enter using password' is clicked on

05-11-2024T12:24:03 - [MESSAGE][PASSED] - Object: 'Object Repository/Thread_Webshop/Reusable Testcase/Page_Threads/div_Enter using password' is clicked on

05-11-2024T12:24:03 - [TEST_STEP][PASSED] - setEncryptedText(findTestObject("Object Repository/Thread_Webshop/Reusable Testcase/Page_Threads/input_Enter store using password_password"), "gnzTAVlujIw+lTr0To6+Cg=="): Text ****** has been set on object 'Object Repository/Thread_Webshop/Reusable Testcase/Page_Threads/input_Enter store using password_password'

05-11-2024T12:24:04 - [MESSAGE][PASSED] - Text ****** has been set on object 'Object Repository/Thread_Webshop/Reusable Testcase/Page_Threads/input_Enter store using password_password'

05-11-2024T12:24:04 - [TEST_STEP][PASSED] - click(findTestObject("Object Repository/Thread_Webshop/Reusable Testcase/Page_Threads/button_Enter")): Object: 'Object Repository/Thread_Webshop/Reusable Testcase/Page_Threads/button_Enter' is clicked on

05-11-2024T12:24:06 - [MESSAGE][PASSED] - Object: 'Object Repository/Thread_Webshop/Reusable Testcase/Page_Threads/button_Enter' is clicked on

05-11-2024T12:24:06 - [MESSAGE][PASSED] - Call Test Case 'Test Cases/Threads_Webshop/ReUsable Testcases/Enter Password' successfully

05-11-2024T12:24:06 - [TEST_STEP][PASSED] - click(findTestObject("Object Repository/Thread_Webshop/Reusable Testcase/Page_Threads/svg_Search_icon icon-account")): Object: 'Object Repository/Thread_Webshop/Reusable Testcase/Page_Threads/svg_Search_icon icon-account' is clicked on

05-11-2024T12:24:08 - [MESSAGE][PASSED] - Object: 'Object Repository/Thread_Webshop/Reusable Testcase/Page_Threads/svg_Search_icon icon-account' is clicked on

05-11-2024T12:24:08 - [TEST_STEP][PASSED] - setText(findTestObject("Object Repository/Thread_Webshop/Reusable Testcase/Page_Account  Threads/input_Login_customeremail"), validemail): Text 'cenaalice1234@mailinator.com' is set on object 'Object Repository/Thread_Webshop/Reusable Testcase/Page_Account  Threads/input_Login_customeremail'

05-11-2024T12:24:09 - [MESSAGE][PASSED] - Text 'cenaalice1234@mailinator.com' is set on object 'Object Repository/Thread_Webshop/Reusable Testcase/Page_Account  Threads/input_Login_customeremail'

05-11-2024T12:24:09 - [TEST_STEP][PASSED] - setEncryptedText(findTestObject("Object Repository/Thread_Webshop/Reusable Testcase/Page_Account  Threads/input_Email_customerpassword"), password): Text ****** has been set on object 'Object Repository/Thread_Webshop/Reusable Testcase/Page_Account  Threads/input_Email_customerpassword'

05-11-2024T12:24:10 - [MESSAGE][PASSED] - Text ****** has been set on object 'Object Repository/Thread_Webshop/Reusable Testcase/Page_Account  Threads/input_Email_customerpassword'

05-11-2024T12:24:10 - [TEST_STEP][PASSED] - click(findTestObject("Object Repository/Thread_Webshop/Reusable Testcase/Page_Account  Threads/button_Sign in")): Object: 'Object Repository/Thread_Webshop/Reusable Testcase/Page_Account  Threads/button_Sign in' is clicked on

05-11-2024T12:24:12 - [MESSAGE][PASSED] - Object: 'Object Repository/Thread_Webshop/Reusable Testcase/Page_Account  Threads/button_Sign in' is clicked on

05-11-2024T12:24:12 - [TEST_STEP][PASSED] - click(findTestObject("Object Repository/Thread_Webshop/Reusable Testcase/Page_Account  Threads/span_Home")): Object: 'Object Repository/Thread_Webshop/Reusable Testcase/Page_Account  Threads/span_Home' is clicked on

05-11-2024T12:24:14 - [MESSAGE][PASSED] - Object: 'Object Repository/Thread_Webshop/Reusable Testcase/Page_Account  Threads/span_Home' is clicked on

05-11-2024T12:24:14 - [MESSAGE][PASSED] - Call Test Case 'Test Cases/Threads_Webshop/ReUsable Testcases/Login to an Account' successfully

05-11-2024T12:24:14 - [TEST_STEP][PASSED] - click(findTestObject("Object Repository/Thread_Webshop/Account/Page_Threads/svg_Search_icon icon-account")): Object: 'Object Repository/Thread_Webshop/Account/Page_Threads/svg_Search_icon icon-account' is clicked on

05-11-2024T12:24:16 - [MESSAGE][PASSED] - Object: 'Object Repository/Thread_Webshop/Account/Page_Threads/svg_Search_icon icon-account' is clicked on

05-11-2024T12:24:16 - [TEST_STEP][PASSED] - verifyTextPresent(account, false): Text 'Account' is present on page 

05-11-2024T12:24:17 - [MESSAGE][PASSED] - Text 'Account' is present on page 

05-11-2024T12:24:17 - [TEST_STEP][PASSED] - takeScreenshot(screenshotFolder + "account.png"): Taking screenshot successfully

05-11-2024T12:24:17 - [MESSAGE][PASSED] - Taking screenshot successfully
[[ATTACHMENT|C:\\Users\\AnusmitaKundu\\git\\threadShopify\\ThreadShopify\\Reports\\20241105_120811\\Threads\\New Test Suite (1)\\20241105_120811\\screenshots/cancle_order_20241105_122354/account.png]]

05-11-2024T12:24:17 - [TEST_STEP][PASSED] - verifyTextPresent(summary, false): Text 'Order history' is present on page 

05-11-2024T12:24:18 - [MESSAGE][PASSED] - Text 'Order history' is present on page 

05-11-2024T12:24:18 - [TEST_STEP][PASSED] - click(findTestObject("Object Repository/Thread_Webshop/Account/Page_Account  Threads/button_Cancel")): Object: 'Object Repository/Thread_Webshop/Account/Page_Account  Threads/button_Cancel' is clicked on

05-11-2024T12:24:18 - [MESSAGE][PASSED] - Object: 'Object Repository/Thread_Webshop/Account/Page_Account  Threads/button_Cancel' is clicked on

05-11-2024T12:24:18 - [TEST_STEP][PASSED] - takeScreenshot(screenshotFolder + "cancle_before.png"): Taking screenshot successfully

05-11-2024T12:24:19 - [MESSAGE][PASSED] - Taking screenshot successfully
[[ATTACHMENT|C:\\Users\\AnusmitaKundu\\git\\threadShopify\\ThreadShopify\\Reports\\20241105_120811\\Threads\\New Test Suite (1)\\20241105_120811\\screenshots/cancle_order_20241105_122354/cancle_before.png]]

05-11-2024T12:24:19 - [TEST_STEP][PASSED] - delay(2): Delayed 2 second(s)

05-11-2024T12:24:21 - [MESSAGE][PASSED] - Delayed 2 second(s)

05-11-2024T12:24:21 - [TEST_STEP][PASSED] - takeScreenshot(screenshotFolder + "cancle_after.png"): Taking screenshot successfully

05-11-2024T12:24:21 - [MESSAGE][PASSED] - Taking screenshot successfully
[[ATTACHMENT|C:\\Users\\AnusmitaKundu\\git\\threadShopify\\ThreadShopify\\Reports\\20241105_120811\\Threads\\New Test Suite (1)\\20241105_120811\\screenshots/cancle_order_20241105_122354/cancle_after.png]]

05-11-2024T12:24:21 - [TEST_STEP][PASSED] - click(findTestObject("Object Repository/Thread_Webshop/Account/Page_Account  Threads/button_Proceed")): Object: 'Object Repository/Thread_Webshop/Account/Page_Account  Threads/button_Proceed' is clicked on

05-11-2024T12:24:52 - [MESSAGE][INFO] - Unable to find the element located by 'By.xpath: //button[@onclick='coc_handleCancelOrder(this,5840969597151)']'. Please recheck the objects properties to make sure the desired element is located. 

05-11-2024T12:24:52 - [MESSAGE][WARNING] - [SELF-HEALING] Failed to find element with id 'Object Repository/Thread_Webshop/Account/Page_Account  Threads/button_Proceed'. Try using Self-healing.

05-11-2024T12:24:52 - [MESSAGE][ERROR] - [SELF-HEALING] com.google.gson.stream.MalformedJsonException: Expected ':' at line 5 column 10 path $.brokenTestObjects[0].<<<<<<<

05-11-2024T12:24:53 - [MESSAGE][INFO] - [SELF-HEALING] Failed Locator: '//button[@onclick='coc_handleCancelOrder(this,5840969597151)']'.

05-11-2024T12:24:53 - [MESSAGE][INFO] - [SELF-HEALING] Failed Locator: '//div[@id='coc-cancel-modal']/div/div[3]/button[2]'.

05-11-2024T12:24:53 - [MESSAGE][INFO] - [SELF-HEALING] Working Locator: '(.//*[normalize-space(text()) and normalize-space(.)='Cancel'])[1]/following::button[1]'.

05-11-2024T12:24:53 - [MESSAGE][INFO] - [SELF-HEALING] Screenshot: C:/Users/AnusmitaKundu/git/threadShopify/ThreadShopify/Reports/Self-healing/Object Repository/Thread_Webshop/Account/Page_Account  Threads/button_Proceed_neighbor.png

05-11-2024T12:24:53 - [MESSAGE][ERROR] - [SELF-HEALING] com.google.gson.stream.MalformedJsonException: Expected ':' at line 5 column 10 path $.brokenTestObjects[0].<<<<<<<

05-11-2024T12:24:53 - [MESSAGE][ERROR] - [SELF-HEALING] C:\Users\AnusmitaKundu\git\threadShopify\ThreadShopify\Reports\Self-healing\broken-test-objects-v2.json does not exist or is provided by Self-healing Plugin!

05-11-2024T12:24:53 - [MESSAGE][WARNING] - [SELF-HEALING] The current locator of test object 'Object Repository/Thread_Webshop/Account/Page_Account  Threads/button_Proceed' was broken. Propose an alternative one: '(.//*[normalize-space(text()) and normalize-space(.)='Cancel'])[1]/following::button[1]'.

05-11-2024T12:24:57 - [MESSAGE][PASSED] - Object: 'Object Repository/Thread_Webshop/Account/Page_Account  Threads/button_Proceed' is clicked on

05-11-2024T12:24:57 - [TEST_STEP][PASSED] - closeBrowser(): Browser is closed

05-11-2024T12:24:58 - [MESSAGE][PASSED] - Browser is closed]]></system-out>
         <system-err><![CDATA[]]></system-err>
      </testcase>
      <testcase name="Test Cases/Threads_Webshop/8 Order Details/TC-575, Verify Reorder" time="25.905" classname="Test Cases/Threads_Webshop/8 Order Details/TC-575, Verify Reorder" status="PASSED">
         <system-out><![CDATA[05-11-2024T12:24:58 - [TEST_CASE][PASSED] - Test Cases/Threads_Webshop/8 Order Details/TC-575, Verify Reorder: Test Cases/Threads_Webshop/8 Order Details/TC-575, Verify Reorder

05-11-2024T12:24:59 - [TEST_STEP][PASSED] - timestamp = SimpleDateFormat(yyyyMMdd_HHmmss).format(new java.util.Date()): null

05-11-2024T12:24:59 - [TEST_STEP][PASSED] - screenshotFolder = "screenshots/reorder_" + timestamp + "/": null

05-11-2024T12:24:59 - [TEST_STEP][PASSED] - openBrowser(""): Browser is opened with url: ''

05-11-2024T12:24:59 - [MESSAGE][INFO] - Starting 'Chrome' driver

05-11-2024T12:24:59 - [MESSAGE][INFO] - Action delay is set to 0 milliseconds

05-11-2024T12:25:00 - [MESSAGE][PASSED] - Browser is opened with url: ''

05-11-2024T12:25:00 - [TEST_STEP][PASSED] - navigateToUrl("https://threads0.myshopify.com/password"): Navigate to 'https://threads0.myshopify.com/password' successfully

05-11-2024T12:25:02 - [MESSAGE][PASSED] - Navigate to 'https://threads0.myshopify.com/password' successfully

05-11-2024T12:25:02 - [TEST_STEP][PASSED] - click(findTestObject("Object Repository/Thread_Webshop/Account/Reorder/Page_Threads/div_Enter using password")): Object: 'Object Repository/Thread_Webshop/Account/Reorder/Page_Threads/div_Enter using password' is clicked on

05-11-2024T12:25:05 - [MESSAGE][PASSED] - Object: 'Object Repository/Thread_Webshop/Account/Reorder/Page_Threads/div_Enter using password' is clicked on

05-11-2024T12:25:05 - [TEST_STEP][PASSED] - setEncryptedText(findTestObject("Object Repository/Thread_Webshop/Account/Reorder/Page_Threads/input_Enter store using password_password"), "gnzTAVlujIw+lTr0To6+Cg=="): Text ****** has been set on object 'Object Repository/Thread_Webshop/Account/Reorder/Page_Threads/input_Enter store using password_password'

05-11-2024T12:25:06 - [MESSAGE][PASSED] - Text ****** has been set on object 'Object Repository/Thread_Webshop/Account/Reorder/Page_Threads/input_Enter store using password_password'

05-11-2024T12:25:06 - [TEST_STEP][PASSED] - takeScreenshot(screenshotFolder + "catalog_page.png"): Taking screenshot successfully

05-11-2024T12:25:07 - [MESSAGE][PASSED] - Taking screenshot successfully
[[ATTACHMENT|C:\\Users\\AnusmitaKundu\\git\\threadShopify\\ThreadShopify\\Reports\\20241105_120811\\Threads\\New Test Suite (1)\\20241105_120811\\screenshots/reorder_20241105_122459/catalog_page.png]]

05-11-2024T12:25:07 - [TEST_STEP][PASSED] - click(findTestObject("Object Repository/Thread_Webshop/Account/Reorder/Page_Threads/button_Enter")): Object: 'Object Repository/Thread_Webshop/Account/Reorder/Page_Threads/button_Enter' is clicked on

05-11-2024T12:25:09 - [MESSAGE][PASSED] - Object: 'Object Repository/Thread_Webshop/Account/Reorder/Page_Threads/button_Enter' is clicked on

05-11-2024T12:25:09 - [TEST_STEP][PASSED] - click(findTestObject("Object Repository/Thread_Webshop/Account/Reorder/Page_Threads/svg_Search_icon icon-account")): Object: 'Object Repository/Thread_Webshop/Account/Reorder/Page_Threads/svg_Search_icon icon-account' is clicked on

05-11-2024T12:25:11 - [MESSAGE][PASSED] - Object: 'Object Repository/Thread_Webshop/Account/Reorder/Page_Threads/svg_Search_icon icon-account' is clicked on

05-11-2024T12:25:11 - [TEST_STEP][PASSED] - setText(findTestObject("Object Repository/Thread_Webshop/Account/Reorder/Page_Account  Threads/input_Login_customeremail"), "cenaalice1234@mailinator.com"): Text 'cenaalice1234@mailinator.com' is set on object 'Object Repository/Thread_Webshop/Account/Reorder/Page_Account  Threads/input_Login_customeremail'

05-11-2024T12:25:12 - [MESSAGE][PASSED] - Text 'cenaalice1234@mailinator.com' is set on object 'Object Repository/Thread_Webshop/Account/Reorder/Page_Account  Threads/input_Login_customeremail'

05-11-2024T12:25:12 - [TEST_STEP][PASSED] - setEncryptedText(findTestObject("Object Repository/Thread_Webshop/Account/Reorder/Page_Account  Threads/input_Email_customerpassword"), "UDMlkmqWREzH+mr49N5wRw=="): Text ****** has been set on object 'Object Repository/Thread_Webshop/Account/Reorder/Page_Account  Threads/input_Email_customerpassword'

05-11-2024T12:25:13 - [MESSAGE][PASSED] - Text ****** has been set on object 'Object Repository/Thread_Webshop/Account/Reorder/Page_Account  Threads/input_Email_customerpassword'

05-11-2024T12:25:13 - [TEST_STEP][PASSED] - takeScreenshot(screenshotFolder + "login.png"): Taking screenshot successfully

05-11-2024T12:25:13 - [MESSAGE][PASSED] - Taking screenshot successfully
[[ATTACHMENT|C:\\Users\\AnusmitaKundu\\git\\threadShopify\\ThreadShopify\\Reports\\20241105_120811\\Threads\\New Test Suite (1)\\20241105_120811\\screenshots/reorder_20241105_122459/login.png]]

05-11-2024T12:25:13 - [TEST_STEP][PASSED] - click(findTestObject("Object Repository/Thread_Webshop/Account/Reorder/Page_Account  Threads/button_Sign in")): Object: 'Object Repository/Thread_Webshop/Account/Reorder/Page_Account  Threads/button_Sign in' is clicked on

05-11-2024T12:25:16 - [MESSAGE][PASSED] - Object: 'Object Repository/Thread_Webshop/Account/Reorder/Page_Account  Threads/button_Sign in' is clicked on

05-11-2024T12:25:16 - [TEST_STEP][PASSED] - click(findTestObject("Object Repository/Thread_Webshop/Account/Reorder/Page_Account  Threads/button_Reorder")): Object: 'Object Repository/Thread_Webshop/Account/Reorder/Page_Account  Threads/button_Reorder' is clicked on

05-11-2024T12:25:20 - [MESSAGE][PASSED] - Object: 'Object Repository/Thread_Webshop/Account/Reorder/Page_Account  Threads/button_Reorder' is clicked on

05-11-2024T12:25:20 - [TEST_STEP][PASSED] - takeScreenshot(screenshotFolder + "reorder.png"): Taking screenshot successfully

05-11-2024T12:25:22 - [MESSAGE][PASSED] - Taking screenshot successfully
[[ATTACHMENT|C:\\Users\\AnusmitaKundu\\git\\threadShopify\\ThreadShopify\\Reports\\20241105_120811\\Threads\\New Test Suite (1)\\20241105_120811\\screenshots/reorder_20241105_122459/reorder.png]]

05-11-2024T12:25:22 - [TEST_STEP][PASSED] - verifyTextPresent("Payment", false): Text 'Payment' is present on page 

05-11-2024T12:25:23 - [MESSAGE][PASSED] - Text 'Payment' is present on page 

05-11-2024T12:25:23 - [TEST_STEP][PASSED] - closeBrowser(): Browser is closed

05-11-2024T12:25:24 - [MESSAGE][PASSED] - Browser is closed]]></system-out>
         <system-err><![CDATA[]]></system-err>
      </testcase>
      <testcase name="Test Cases/Threads_Webshop/9 Wishlist/TC-588 TC-65 TC-605 Add item to Wishlist" time="22.651" classname="Test Cases/Threads_Webshop/9 Wishlist/TC-588 TC-65 TC-605 Add item to Wishlist" status="PASSED">
         <system-out><![CDATA[05-11-2024T12:25:24 - [TEST_CASE][PASSED] - Test Cases/Threads_Webshop/9 Wishlist/TC-588 TC-65 TC-605 Add item to Wishlist: Test Cases/Threads_Webshop/9 Wishlist/TC-588 TC-65 TC-605 Add item to Wishlist

05-11-2024T12:25:24 - [TEST_STEP][PASSED] - timestamp = now().format(DateTimeFormatter.ofPattern("yyyyMMdd_HHmmss")): null

05-11-2024T12:25:25 - [TEST_STEP][PASSED] - screenshotFolder = "screenshots/wishlist_" + timestamp + "/": null

05-11-2024T12:25:25 - [TEST_STEP][PASSED] - callTestCase(findTestCase("Threads_Webshop/ReUsable Testcases/Enter Password"), [:], STOP_ON_FAILURE): Call Test Case 'Test Cases/Threads_Webshop/ReUsable Testcases/Enter Password' successfully

05-11-2024T12:25:25 - [TEST_CASE][PASSED] - Test Cases/Threads_Webshop/ReUsable Testcases/Enter Password: Test Cases/Threads_Webshop/ReUsable Testcases/Enter Password

05-11-2024T12:25:25 - [TEST_STEP][PASSED] - openBrowser(""): Browser is opened with url: ''

05-11-2024T12:25:25 - [MESSAGE][INFO] - Starting 'Chrome' driver

05-11-2024T12:25:25 - [MESSAGE][INFO] - Action delay is set to 0 milliseconds

05-11-2024T12:25:26 - [MESSAGE][PASSED] - Browser is opened with url: ''

05-11-2024T12:25:26 - [TEST_STEP][PASSED] - maximizeWindow(): Current window maximized

05-11-2024T12:25:26 - [MESSAGE][PASSED] - Current window maximized

05-11-2024T12:25:26 - [TEST_STEP][PASSED] - navigateToUrl("https://threads0.myshopify.com/password"): Navigate to 'https://threads0.myshopify.com/password' successfully

05-11-2024T12:25:27 - [MESSAGE][PASSED] - Navigate to 'https://threads0.myshopify.com/password' successfully

05-11-2024T12:25:27 - [TEST_STEP][PASSED] - click(findTestObject("Object Repository/Thread_Webshop/Reusable Testcase/Page_Threads/div_Enter using password")): Object: 'Object Repository/Thread_Webshop/Reusable Testcase/Page_Threads/div_Enter using password' is clicked on

05-11-2024T12:25:30 - [MESSAGE][PASSED] - Object: 'Object Repository/Thread_Webshop/Reusable Testcase/Page_Threads/div_Enter using password' is clicked on

05-11-2024T12:25:30 - [TEST_STEP][PASSED] - setEncryptedText(findTestObject("Object Repository/Thread_Webshop/Reusable Testcase/Page_Threads/input_Enter store using password_password"), "gnzTAVlujIw+lTr0To6+Cg=="): Text ****** has been set on object 'Object Repository/Thread_Webshop/Reusable Testcase/Page_Threads/input_Enter store using password_password'

05-11-2024T12:25:31 - [MESSAGE][PASSED] - Text ****** has been set on object 'Object Repository/Thread_Webshop/Reusable Testcase/Page_Threads/input_Enter store using password_password'

05-11-2024T12:25:31 - [TEST_STEP][PASSED] - click(findTestObject("Object Repository/Thread_Webshop/Reusable Testcase/Page_Threads/button_Enter")): Object: 'Object Repository/Thread_Webshop/Reusable Testcase/Page_Threads/button_Enter' is clicked on

05-11-2024T12:25:33 - [MESSAGE][PASSED] - Object: 'Object Repository/Thread_Webshop/Reusable Testcase/Page_Threads/button_Enter' is clicked on

05-11-2024T12:25:33 - [MESSAGE][PASSED] - Call Test Case 'Test Cases/Threads_Webshop/ReUsable Testcases/Enter Password' successfully

05-11-2024T12:25:33 - [TEST_STEP][PASSED] - takeScreenshot(screenshotFolder + "home.png"): Taking screenshot successfully

05-11-2024T12:25:34 - [MESSAGE][PASSED] - Taking screenshot successfully
[[ATTACHMENT|C:\\Users\\AnusmitaKundu\\git\\threadShopify\\ThreadShopify\\Reports\\20241105_120811\\Threads\\New Test Suite (1)\\20241105_120811\\screenshots/wishlist_20241105_122525/home.png]]

05-11-2024T12:25:34 - [TEST_STEP][PASSED] - click(findTestObject("Object Repository/Wishlist_An/Page_Threads/span_Catalog")): Object: 'Object Repository/Wishlist_An/Page_Threads/span_Catalog' is clicked on

05-11-2024T12:25:35 - [MESSAGE][PASSED] - Object: 'Object Repository/Wishlist_An/Page_Threads/span_Catalog' is clicked on

05-11-2024T12:25:35 - [TEST_STEP][PASSED] - takeScreenshot(screenshotFolder + "catalog.png"): Taking screenshot successfully

05-11-2024T12:25:36 - [MESSAGE][PASSED] - Taking screenshot successfully
[[ATTACHMENT|C:\\Users\\AnusmitaKundu\\git\\threadShopify\\ThreadShopify\\Reports\\20241105_120811\\Threads\\New Test Suite (1)\\20241105_120811\\screenshots/wishlist_20241105_122525/catalog.png]]

05-11-2024T12:25:36 - [TEST_STEP][PASSED] - click(findTestObject("Object Repository/Wishlist_An/Page_Products  Threads/a_ADIDAS  CLASSIC BACKPACK")): Object: 'Object Repository/Wishlist_An/Page_Products  Threads/a_ADIDAS  CLASSIC BACKPACK' is clicked on

05-11-2024T12:25:37 - [MESSAGE][PASSED] - Object: 'Object Repository/Wishlist_An/Page_Products  Threads/a_ADIDAS  CLASSIC BACKPACK' is clicked on

05-11-2024T12:25:37 - [TEST_STEP][PASSED] - takeScreenshot(screenshotFolder + "item1.png"): Taking screenshot successfully

05-11-2024T12:25:39 - [MESSAGE][PASSED] - Taking screenshot successfully
[[ATTACHMENT|C:\\Users\\AnusmitaKundu\\git\\threadShopify\\ThreadShopify\\Reports\\20241105_120811\\Threads\\New Test Suite (1)\\20241105_120811\\screenshots/wishlist_20241105_122525/item1.png]]

05-11-2024T12:25:39 - [TEST_STEP][PASSED] - prodname = getText(findTestObject("Object Repository/Wishlist_An/Page_ADIDAS  CLASSIC BACKPACK  Threads/h1_ADIDAS  CLASSIC BACKPACK")): Text of object 'Object Repository/Wishlist_An/Page_ADIDAS  CLASSIC BACKPACK  Threads/h1_ADIDAS  CLASSIC BACKPACK' is: 'ADIDAS | CLASSIC BACKPACK'

05-11-2024T12:25:39 - [MESSAGE][PASSED] - Text of object 'Object Repository/Wishlist_An/Page_ADIDAS  CLASSIC BACKPACK  Threads/h1_ADIDAS  CLASSIC BACKPACK' is: 'ADIDAS | CLASSIC BACKPACK'

05-11-2024T12:25:39 - [TEST_STEP][PASSED] - price = getText(findTestObject("Object Repository/Wishlist_An/Page_ADIDAS  CLASSIC BACKPACK  Threads/span_Rs. 56.00")): Text of object 'Object Repository/Wishlist_An/Page_ADIDAS  CLASSIC BACKPACK  Threads/span_Rs. 56.00' is: 'Rs. 56.00'

05-11-2024T12:25:40 - [MESSAGE][PASSED] - Text of object 'Object Repository/Wishlist_An/Page_ADIDAS  CLASSIC BACKPACK  Threads/span_Rs. 56.00' is: 'Rs. 56.00'

05-11-2024T12:25:40 - [TEST_STEP][PASSED] - click(findTestObject("Object Repository/Wishlist_An/Page_ADIDAS  CLASSIC BACKPACK  Threads/button_Add To Wishlist")): Object: 'Object Repository/Wishlist_An/Page_ADIDAS  CLASSIC BACKPACK  Threads/button_Add To Wishlist' is clicked on

05-11-2024T12:25:40 - [MESSAGE][PASSED] - Object: 'Object Repository/Wishlist_An/Page_ADIDAS  CLASSIC BACKPACK  Threads/button_Add To Wishlist' is clicked on

05-11-2024T12:25:40 - [TEST_STEP][PASSED] - takeScreenshot(screenshotFolder + "wishlist.png"): Taking screenshot successfully

05-11-2024T12:25:41 - [MESSAGE][PASSED] - Taking screenshot successfully
[[ATTACHMENT|C:\\Users\\AnusmitaKundu\\git\\threadShopify\\ThreadShopify\\Reports\\20241105_120811\\Threads\\New Test Suite (1)\\20241105_120811\\screenshots/wishlist_20241105_122525/wishlist.png]]

05-11-2024T12:25:41 - [TEST_STEP][PASSED] - click(findTestObject("Object Repository/Wishlist_An/Page_ADIDAS  CLASSIC BACKPACK  Threads/div_ADIDAS  CLASSIC BACKPACK - OS  black ha_7c7ea2")): Object: 'Object Repository/Wishlist_An/Page_ADIDAS  CLASSIC BACKPACK  Threads/div_ADIDAS  CLASSIC BACKPACK - OS  black ha_7c7ea2' is clicked on

05-11-2024T12:25:43 - [MESSAGE][PASSED] - Object: 'Object Repository/Wishlist_An/Page_ADIDAS  CLASSIC BACKPACK  Threads/div_ADIDAS  CLASSIC BACKPACK - OS  black ha_7c7ea2' is clicked on

05-11-2024T12:25:43 - [TEST_STEP][PASSED] - verifyTextPresent("My Wishlist", false): Text 'My Wishlist' is present on page 

05-11-2024T12:25:44 - [MESSAGE][PASSED] - Text 'My Wishlist' is present on page 

05-11-2024T12:25:44 - [TEST_STEP][PASSED] - click(findTestObject("Object Repository/Wishlist_An/Page_Wishlist  Threads/h2_ADIDAS  CLASSIC BACKPACK")): Object: 'Object Repository/Wishlist_An/Page_Wishlist  Threads/h2_ADIDAS  CLASSIC BACKPACK' is clicked on

05-11-2024T12:25:44 - [MESSAGE][PASSED] - Object: 'Object Repository/Wishlist_An/Page_Wishlist  Threads/h2_ADIDAS  CLASSIC BACKPACK' is clicked on

05-11-2024T12:25:44 - [TEST_STEP][PASSED] - takeScreenshot(screenshotFolder + "checkout.png"): Taking screenshot successfully

05-11-2024T12:25:45 - [MESSAGE][PASSED] - Taking screenshot successfully
[[ATTACHMENT|C:\\Users\\AnusmitaKundu\\git\\threadShopify\\ThreadShopify\\Reports\\20241105_120811\\Threads\\New Test Suite (1)\\20241105_120811\\screenshots/wishlist_20241105_122525/checkout.png]]

05-11-2024T12:25:45 - [TEST_STEP][PASSED] - verifyTextPresent(prodname, false): Text 'ADIDAS | CLASSIC BACKPACK' is present on page 

05-11-2024T12:25:45 - [MESSAGE][PASSED] - Text 'ADIDAS | CLASSIC BACKPACK' is present on page 

05-11-2024T12:25:45 - [TEST_STEP][PASSED] - verifyTextPresent(price, false): Text 'Rs. 56.00' is present on page 

05-11-2024T12:25:46 - [MESSAGE][PASSED] - Text 'Rs. 56.00' is present on page 

05-11-2024T12:25:46 - [TEST_STEP][PASSED] - closeBrowser(): Browser is closed

05-11-2024T12:25:47 - [MESSAGE][PASSED] - Browser is closed]]></system-out>
         <system-err><![CDATA[]]></system-err>
      </testcase>
      <testcase name="Test Cases/Threads_Webshop/9 Wishlist/TC-593-Verify Wishlist to Cart" time="57.147" classname="Test Cases/Threads_Webshop/9 Wishlist/TC-593-Verify Wishlist to Cart" status="PASSED">
         <system-out><![CDATA[05-11-2024T12:25:47 - [TEST_CASE][PASSED] - Test Cases/Threads_Webshop/9 Wishlist/TC-593-Verify Wishlist to Cart: Test Cases/Threads_Webshop/9 Wishlist/TC-593-Verify Wishlist to Cart

05-11-2024T12:25:47 - [TEST_STEP][PASSED] - timestamp = now().format(DateTimeFormatter.ofPattern("yyyyMMdd_HHmmss")): null

05-11-2024T12:25:47 - [TEST_STEP][PASSED] - screenshotFolder = "screenshots/wishlist_" + timestamp + "/": null

05-11-2024T12:25:47 - [TEST_STEP][PASSED] - callTestCase(findTestCase("Threads_Webshop/ReUsable Testcases/Enter Password"), [:], STOP_ON_FAILURE): Call Test Case 'Test Cases/Threads_Webshop/ReUsable Testcases/Enter Password' successfully

05-11-2024T12:25:47 - [TEST_CASE][PASSED] - Test Cases/Threads_Webshop/ReUsable Testcases/Enter Password: Test Cases/Threads_Webshop/ReUsable Testcases/Enter Password

05-11-2024T12:25:47 - [TEST_STEP][PASSED] - openBrowser(""): Browser is opened with url: ''

05-11-2024T12:25:47 - [MESSAGE][INFO] - Starting 'Chrome' driver

05-11-2024T12:25:47 - [MESSAGE][INFO] - Action delay is set to 0 milliseconds

05-11-2024T12:25:48 - [MESSAGE][PASSED] - Browser is opened with url: ''

05-11-2024T12:25:48 - [TEST_STEP][PASSED] - maximizeWindow(): Current window maximized

05-11-2024T12:25:48 - [MESSAGE][PASSED] - Current window maximized

05-11-2024T12:25:48 - [TEST_STEP][PASSED] - navigateToUrl("https://threads0.myshopify.com/password"): Navigate to 'https://threads0.myshopify.com/password' successfully

05-11-2024T12:25:50 - [MESSAGE][PASSED] - Navigate to 'https://threads0.myshopify.com/password' successfully

05-11-2024T12:25:50 - [TEST_STEP][PASSED] - click(findTestObject("Object Repository/Thread_Webshop/Reusable Testcase/Page_Threads/div_Enter using password")): Object: 'Object Repository/Thread_Webshop/Reusable Testcase/Page_Threads/div_Enter using password' is clicked on

05-11-2024T12:25:54 - [MESSAGE][PASSED] - Object: 'Object Repository/Thread_Webshop/Reusable Testcase/Page_Threads/div_Enter using password' is clicked on

05-11-2024T12:25:54 - [TEST_STEP][PASSED] - setEncryptedText(findTestObject("Object Repository/Thread_Webshop/Reusable Testcase/Page_Threads/input_Enter store using password_password"), "gnzTAVlujIw+lTr0To6+Cg=="): Text ****** has been set on object 'Object Repository/Thread_Webshop/Reusable Testcase/Page_Threads/input_Enter store using password_password'

05-11-2024T12:25:55 - [MESSAGE][PASSED] - Text ****** has been set on object 'Object Repository/Thread_Webshop/Reusable Testcase/Page_Threads/input_Enter store using password_password'

05-11-2024T12:25:55 - [TEST_STEP][PASSED] - click(findTestObject("Object Repository/Thread_Webshop/Reusable Testcase/Page_Threads/button_Enter")): Object: 'Object Repository/Thread_Webshop/Reusable Testcase/Page_Threads/button_Enter' is clicked on

05-11-2024T12:25:56 - [MESSAGE][PASSED] - Object: 'Object Repository/Thread_Webshop/Reusable Testcase/Page_Threads/button_Enter' is clicked on

05-11-2024T12:25:56 - [MESSAGE][PASSED] - Call Test Case 'Test Cases/Threads_Webshop/ReUsable Testcases/Enter Password' successfully

05-11-2024T12:25:56 - [TEST_STEP][PASSED] - takeScreenshot(screenshotFolder + "home.png"): Taking screenshot successfully

05-11-2024T12:25:58 - [MESSAGE][PASSED] - Taking screenshot successfully
[[ATTACHMENT|C:\\Users\\AnusmitaKundu\\git\\threadShopify\\ThreadShopify\\Reports\\20241105_120811\\Threads\\New Test Suite (1)\\20241105_120811\\screenshots/wishlist_20241105_122547/home.png]]

05-11-2024T12:25:58 - [TEST_STEP][PASSED] - click(findTestObject("Object Repository/Wishlist to cart_An/Page_Threads/span_Catalog")): Object: 'Object Repository/Wishlist to cart_An/Page_Threads/span_Catalog' is clicked on

05-11-2024T12:25:59 - [MESSAGE][PASSED] - Object: 'Object Repository/Wishlist to cart_An/Page_Threads/span_Catalog' is clicked on

05-11-2024T12:25:59 - [TEST_STEP][PASSED] - takeScreenshot(screenshotFolder + "catalog.png"): Taking screenshot successfully

05-11-2024T12:26:00 - [MESSAGE][PASSED] - Taking screenshot successfully
[[ATTACHMENT|C:\\Users\\AnusmitaKundu\\git\\threadShopify\\ThreadShopify\\Reports\\20241105_120811\\Threads\\New Test Suite (1)\\20241105_120811\\screenshots/wishlist_20241105_122547/catalog.png]]

05-11-2024T12:26:00 - [TEST_STEP][PASSED] - click(findTestObject("Object Repository/Wishlist to cart_An/Page_Products  Threads/a_ADIDAS  CLASSIC BACKPACK")): Object: 'Object Repository/Wishlist to cart_An/Page_Products  Threads/a_ADIDAS  CLASSIC BACKPACK' is clicked on

05-11-2024T12:26:01 - [MESSAGE][PASSED] - Object: 'Object Repository/Wishlist to cart_An/Page_Products  Threads/a_ADIDAS  CLASSIC BACKPACK' is clicked on

05-11-2024T12:26:01 - [TEST_STEP][PASSED] - click(findTestObject("Object Repository/Wishlist to cart_An/Page_ADIDAS  CLASSIC BACKPACK  Threads/span_Add To Wishlist")): Object: 'Object Repository/Wishlist to cart_An/Page_ADIDAS  CLASSIC BACKPACK  Threads/span_Add To Wishlist' is clicked on

05-11-2024T12:26:02 - [MESSAGE][PASSED] - Object: 'Object Repository/Wishlist to cart_An/Page_ADIDAS  CLASSIC BACKPACK  Threads/span_Add To Wishlist' is clicked on

05-11-2024T12:26:02 - [TEST_STEP][PASSED] - takeScreenshot(screenshotFolder + "wishlist.png"): Taking screenshot successfully

05-11-2024T12:26:03 - [MESSAGE][PASSED] - Taking screenshot successfully
[[ATTACHMENT|C:\\Users\\AnusmitaKundu\\git\\threadShopify\\ThreadShopify\\Reports\\20241105_120811\\Threads\\New Test Suite (1)\\20241105_120811\\screenshots/wishlist_20241105_122547/wishlist.png]]

05-11-2024T12:26:03 - [TEST_STEP][PASSED] - verifyTextPresent("ADDED TO WISHLIST", false): Text 'ADDED TO WISHLIST' is present on page 

05-11-2024T12:26:03 - [MESSAGE][PASSED] - Text 'ADDED TO WISHLIST' is present on page 

05-11-2024T12:26:03 - [TEST_STEP][PASSED] - click(findTestObject("Object Repository/Wishlist to cart_An/Page_ADIDAS  CLASSIC BACKPACK  Threads/svg")): Object: 'Object Repository/Wishlist to cart_An/Page_ADIDAS  CLASSIC BACKPACK  Threads/svg' is clicked on

05-11-2024T12:26:35 - [MESSAGE][INFO] - Unable to find the element located by 'By.xpath: /html/body/div[2]/sticky-header/header/div/a[2]/span[1]/svg'. Please recheck the objects properties to make sure the desired element is located. 

05-11-2024T12:26:35 - [MESSAGE][WARNING] - [SELF-HEALING] Failed to find element with id 'Object Repository/Wishlist to cart_An/Page_ADIDAS  CLASSIC BACKPACK  Threads/svg'. Try using Self-healing.

05-11-2024T12:26:35 - [MESSAGE][ERROR] - [SELF-HEALING] com.google.gson.stream.MalformedJsonException: Expected ':' at line 5 column 10 path $.brokenTestObjects[0].<<<<<<<

05-11-2024T12:26:35 - [MESSAGE][INFO] - [SELF-HEALING] Working Locator: '(.//*[normalize-space(text()) and normalize-space(.)='Log in'])[2]/following::*[name()='svg'][1]'.

05-11-2024T12:26:35 - [MESSAGE][INFO] - [SELF-HEALING] Screenshot: C:/Users/AnusmitaKundu/git/threadShopify/ThreadShopify/Reports/Self-healing/Object Repository/Wishlist to cart_An/Page_ADIDAS  CLASSIC BACKPACK  Threads/svg_neighbor.png

05-11-2024T12:26:35 - [MESSAGE][ERROR] - [SELF-HEALING] com.google.gson.stream.MalformedJsonException: Expected ':' at line 5 column 10 path $.brokenTestObjects[0].<<<<<<<

05-11-2024T12:26:35 - [MESSAGE][ERROR] - [SELF-HEALING] C:\Users\AnusmitaKundu\git\threadShopify\ThreadShopify\Reports\Self-healing\broken-test-objects-v2.json does not exist or is provided by Self-healing Plugin!

05-11-2024T12:26:35 - [MESSAGE][WARNING] - [SELF-HEALING] The current locator of test object 'Object Repository/Wishlist to cart_An/Page_ADIDAS  CLASSIC BACKPACK  Threads/svg' was broken. Propose an alternative one: '(.//*[normalize-space(text()) and normalize-space(.)='Log in'])[2]/following::*[name()='svg'][1]'.

05-11-2024T12:26:36 - [MESSAGE][PASSED] - Object: 'Object Repository/Wishlist to cart_An/Page_ADIDAS  CLASSIC BACKPACK  Threads/svg' is clicked on

05-11-2024T12:26:36 - [TEST_STEP][PASSED] - click(findTestObject("Object Repository/Wishlist to cart_An/Page_Wishlist  Threads/button_Add To Cart")): Object: 'Object Repository/Wishlist to cart_An/Page_Wishlist  Threads/button_Add To Cart' is clicked on

05-11-2024T12:26:37 - [MESSAGE][PASSED] - Object: 'Object Repository/Wishlist to cart_An/Page_Wishlist  Threads/button_Add To Cart' is clicked on

05-11-2024T12:26:37 - [TEST_STEP][PASSED] - verifyTextPresent("ADDED TO CART", false): Text 'ADDED TO CART' is present on page 

05-11-2024T12:26:39 - [MESSAGE][PASSED] - Text 'ADDED TO CART' is present on page 

05-11-2024T12:26:39 - [TEST_STEP][PASSED] - takeScreenshot(screenshotFolder + "addCart.png"): Taking screenshot successfully

05-11-2024T12:26:39 - [MESSAGE][PASSED] - Taking screenshot successfully
[[ATTACHMENT|C:\\Users\\AnusmitaKundu\\git\\threadShopify\\ThreadShopify\\Reports\\20241105_120811\\Threads\\New Test Suite (1)\\20241105_120811\\screenshots/wishlist_20241105_122547/addCart.png]]

05-11-2024T12:26:39 - [TEST_STEP][PASSED] - click(findTestObject("Object Repository/Wishlist to cart_An/Page_Wishlist  Threads/div_22 items")): Object: 'Object Repository/Wishlist to cart_An/Page_Wishlist  Threads/div_22 items' is clicked on

05-11-2024T12:26:40 - [MESSAGE][PASSED] - Object: 'Object Repository/Wishlist to cart_An/Page_Wishlist  Threads/div_22 items' is clicked on

05-11-2024T12:26:40 - [TEST_STEP][PASSED] - verifyTextPresent("Your cart", false): Text 'Your cart' is present on page 

05-11-2024T12:26:41 - [MESSAGE][PASSED] - Text 'Your cart' is present on page 

05-11-2024T12:26:41 - [TEST_STEP][PASSED] - takeScreenshot(screenshotFolder + "cart.png"): Taking screenshot successfully

05-11-2024T12:26:42 - [MESSAGE][PASSED] - Taking screenshot successfully
[[ATTACHMENT|C:\\Users\\AnusmitaKundu\\git\\threadShopify\\ThreadShopify\\Reports\\20241105_120811\\Threads\\New Test Suite (1)\\20241105_120811\\screenshots/wishlist_20241105_122547/cart.png]]

05-11-2024T12:26:42 - [TEST_STEP][PASSED] - click(findTestObject("Object Repository/Wishlist to cart_An/Page_Your Shopping Cart  Threads/div_Rs. 56.00")): Object: 'Object Repository/Wishlist to cart_An/Page_Your Shopping Cart  Threads/div_Rs. 56.00' is clicked on

05-11-2024T12:26:42 - [MESSAGE][PASSED] - Object: 'Object Repository/Wishlist to cart_An/Page_Your Shopping Cart  Threads/div_Rs. 56.00' is clicked on

05-11-2024T12:26:42 - [TEST_STEP][PASSED] - takeScreenshot(screenshotFolder + "checkout.png"): Taking screenshot successfully

05-11-2024T12:26:43 - [MESSAGE][PASSED] - Taking screenshot successfully
[[ATTACHMENT|C:\\Users\\AnusmitaKundu\\git\\threadShopify\\ThreadShopify\\Reports\\20241105_120811\\Threads\\New Test Suite (1)\\20241105_120811\\screenshots/wishlist_20241105_122547/checkout.png]]

05-11-2024T12:26:43 - [TEST_STEP][PASSED] - closeBrowser(): Browser is closed

05-11-2024T12:26:44 - [MESSAGE][PASSED] - Browser is closed]]></system-out>
         <system-err><![CDATA[]]></system-err>
      </testcase>
      <testcase name="Test Cases/Threads_Webshop/Product Details Page/TC-176, Verify item by Colour and Size" time="48.547" classname="Test Cases/Threads_Webshop/Product Details Page/TC-176, Verify item by Colour and Size" status="PASSED">
         <system-out><![CDATA[05-11-2024T12:26:44 - [TEST_CASE][PASSED] - Test Cases/Threads_Webshop/Product Details Page/TC-176, Verify item by Colour and Size: Test Cases/Threads_Webshop/Product Details Page/TC-176, Verify item by Colour and Size

05-11-2024T12:26:44 - [TEST_STEP][PASSED] - timestamp = SimpleDateFormat(yyyyMMdd_HHmmss).format(new java.util.Date()): null

05-11-2024T12:26:44 - [TEST_STEP][PASSED] - screenshotFolder = "screenshots/product_detail_" + timestamp + "/": null

05-11-2024T12:26:44 - [TEST_STEP][PASSED] - callTestCase(findTestCase("Threads_Webshop/ReUsable Testcases/Login to an Account"), ["validemail":"cenaalice1234@mailinator.com", "password":"UDMlkmqWREzH+mr49N5wRw=="], STOP_ON_FAILURE): Call Test Case 'Test Cases/Threads_Webshop/ReUsable Testcases/Login to an Account' successfully

05-11-2024T12:26:44 - [TEST_CASE][PASSED] - Test Cases/Threads_Webshop/ReUsable Testcases/Login to an Account: Test Cases/Threads_Webshop/ReUsable Testcases/Login to an Account

05-11-2024T12:26:44 - [TEST_STEP][PASSED] - callTestCase(findTestCase("Threads_Webshop/ReUsable Testcases/Enter Password"), [:], STOP_ON_FAILURE): Call Test Case 'Test Cases/Threads_Webshop/ReUsable Testcases/Enter Password' successfully

05-11-2024T12:26:45 - [TEST_CASE][PASSED] - Test Cases/Threads_Webshop/ReUsable Testcases/Enter Password: Test Cases/Threads_Webshop/ReUsable Testcases/Enter Password

05-11-2024T12:26:45 - [TEST_STEP][PASSED] - openBrowser(""): Browser is opened with url: ''

05-11-2024T12:26:45 - [MESSAGE][INFO] - Starting 'Chrome' driver

05-11-2024T12:26:45 - [MESSAGE][INFO] - Action delay is set to 0 milliseconds

05-11-2024T12:26:46 - [MESSAGE][PASSED] - Browser is opened with url: ''

05-11-2024T12:26:46 - [TEST_STEP][PASSED] - maximizeWindow(): Current window maximized

05-11-2024T12:26:46 - [MESSAGE][PASSED] - Current window maximized

05-11-2024T12:26:46 - [TEST_STEP][PASSED] - navigateToUrl("https://threads0.myshopify.com/password"): Navigate to 'https://threads0.myshopify.com/password' successfully

05-11-2024T12:26:47 - [MESSAGE][PASSED] - Navigate to 'https://threads0.myshopify.com/password' successfully

05-11-2024T12:26:47 - [TEST_STEP][PASSED] - click(findTestObject("Object Repository/Thread_Webshop/Reusable Testcase/Page_Threads/div_Enter using password")): Object: 'Object Repository/Thread_Webshop/Reusable Testcase/Page_Threads/div_Enter using password' is clicked on

05-11-2024T12:26:51 - [MESSAGE][PASSED] - Object: 'Object Repository/Thread_Webshop/Reusable Testcase/Page_Threads/div_Enter using password' is clicked on

05-11-2024T12:26:51 - [TEST_STEP][PASSED] - setEncryptedText(findTestObject("Object Repository/Thread_Webshop/Reusable Testcase/Page_Threads/input_Enter store using password_password"), "gnzTAVlujIw+lTr0To6+Cg=="): Text ****** has been set on object 'Object Repository/Thread_Webshop/Reusable Testcase/Page_Threads/input_Enter store using password_password'

05-11-2024T12:26:52 - [MESSAGE][PASSED] - Text ****** has been set on object 'Object Repository/Thread_Webshop/Reusable Testcase/Page_Threads/input_Enter store using password_password'

05-11-2024T12:26:52 - [TEST_STEP][PASSED] - click(findTestObject("Object Repository/Thread_Webshop/Reusable Testcase/Page_Threads/button_Enter")): Object: 'Object Repository/Thread_Webshop/Reusable Testcase/Page_Threads/button_Enter' is clicked on

05-11-2024T12:26:53 - [MESSAGE][PASSED] - Object: 'Object Repository/Thread_Webshop/Reusable Testcase/Page_Threads/button_Enter' is clicked on

05-11-2024T12:26:53 - [MESSAGE][PASSED] - Call Test Case 'Test Cases/Threads_Webshop/ReUsable Testcases/Enter Password' successfully

05-11-2024T12:26:53 - [TEST_STEP][PASSED] - click(findTestObject("Object Repository/Thread_Webshop/Reusable Testcase/Page_Threads/svg_Search_icon icon-account")): Object: 'Object Repository/Thread_Webshop/Reusable Testcase/Page_Threads/svg_Search_icon icon-account' is clicked on

05-11-2024T12:26:55 - [MESSAGE][PASSED] - Object: 'Object Repository/Thread_Webshop/Reusable Testcase/Page_Threads/svg_Search_icon icon-account' is clicked on

05-11-2024T12:26:55 - [TEST_STEP][PASSED] - setText(findTestObject("Object Repository/Thread_Webshop/Reusable Testcase/Page_Account  Threads/input_Login_customeremail"), validemail): Text 'cenaalice1234@mailinator.com' is set on object 'Object Repository/Thread_Webshop/Reusable Testcase/Page_Account  Threads/input_Login_customeremail'

05-11-2024T12:26:57 - [MESSAGE][PASSED] - Text 'cenaalice1234@mailinator.com' is set on object 'Object Repository/Thread_Webshop/Reusable Testcase/Page_Account  Threads/input_Login_customeremail'

05-11-2024T12:26:57 - [TEST_STEP][PASSED] - setEncryptedText(findTestObject("Object Repository/Thread_Webshop/Reusable Testcase/Page_Account  Threads/input_Email_customerpassword"), password): Text ****** has been set on object 'Object Repository/Thread_Webshop/Reusable Testcase/Page_Account  Threads/input_Email_customerpassword'

05-11-2024T12:26:57 - [MESSAGE][PASSED] - Text ****** has been set on object 'Object Repository/Thread_Webshop/Reusable Testcase/Page_Account  Threads/input_Email_customerpassword'

05-11-2024T12:26:57 - [TEST_STEP][PASSED] - click(findTestObject("Object Repository/Thread_Webshop/Reusable Testcase/Page_Account  Threads/button_Sign in")): Object: 'Object Repository/Thread_Webshop/Reusable Testcase/Page_Account  Threads/button_Sign in' is clicked on

05-11-2024T12:27:01 - [MESSAGE][PASSED] - Object: 'Object Repository/Thread_Webshop/Reusable Testcase/Page_Account  Threads/button_Sign in' is clicked on

05-11-2024T12:27:01 - [TEST_STEP][PASSED] - click(findTestObject("Object Repository/Thread_Webshop/Reusable Testcase/Page_Account  Threads/span_Home")): Object: 'Object Repository/Thread_Webshop/Reusable Testcase/Page_Account  Threads/span_Home' is clicked on

05-11-2024T12:27:03 - [MESSAGE][PASSED] - Object: 'Object Repository/Thread_Webshop/Reusable Testcase/Page_Account  Threads/span_Home' is clicked on

05-11-2024T12:27:03 - [MESSAGE][PASSED] - Call Test Case 'Test Cases/Threads_Webshop/ReUsable Testcases/Login to an Account' successfully

05-11-2024T12:27:03 - [TEST_STEP][PASSED] - takeScreenshot(screenshotFolder + "home.png"): Taking screenshot successfully

05-11-2024T12:27:04 - [MESSAGE][PASSED] - Taking screenshot successfully
[[ATTACHMENT|C:\\Users\\AnusmitaKundu\\git\\threadShopify\\ThreadShopify\\Reports\\20241105_120811\\Threads\\New Test Suite (1)\\20241105_120811\\screenshots/product_detail_20241105_122644/home.png]]

05-11-2024T12:27:04 - [TEST_STEP][PASSED] - click(findTestObject("Object Repository/Thread_Webshop/Product Details Page/Page_Threads/a_ADIDAS  CLASSIC BACKPACK  LEGEND INK MULTICOLOUR")): Object: 'Object Repository/Thread_Webshop/Product Details Page/Page_Threads/a_ADIDAS  CLASSIC BACKPACK  LEGEND INK MULTICOLOUR' is clicked on

05-11-2024T12:27:06 - [MESSAGE][PASSED] - Object: 'Object Repository/Thread_Webshop/Product Details Page/Page_Threads/a_ADIDAS  CLASSIC BACKPACK  LEGEND INK MULTICOLOUR' is clicked on

05-11-2024T12:27:06 - [TEST_STEP][PASSED] - takeScreenshot(screenshotFolder + "product1.png"): Taking screenshot successfully

05-11-2024T12:27:07 - [MESSAGE][PASSED] - Taking screenshot successfully
[[ATTACHMENT|C:\\Users\\AnusmitaKundu\\git\\threadShopify\\ThreadShopify\\Reports\\20241105_120811\\Threads\\New Test Suite (1)\\20241105_120811\\screenshots/product_detail_20241105_122644/product1.png]]

05-11-2024T12:27:07 - [TEST_STEP][PASSED] - click(findTestObject("Object Repository/Thread_Webshop/Product Details Page/Page_ADIDAS  CLASSIC BACKPACK  LEGEND INK M_ff53f1/label_OSVariant sold out or unavailable")): Object: 'Object Repository/Thread_Webshop/Product Details Page/Page_ADIDAS  CLASSIC BACKPACK  LEGEND INK M_ff53f1/label_OSVariant sold out or unavailable' is clicked on

05-11-2024T12:27:08 - [MESSAGE][PASSED] - Object: 'Object Repository/Thread_Webshop/Product Details Page/Page_ADIDAS  CLASSIC BACKPACK  LEGEND INK M_ff53f1/label_OSVariant sold out or unavailable' is clicked on

05-11-2024T12:27:08 - [TEST_STEP][PASSED] - verifyTextPresent(color1, false): Text 'blue' is present on page 

05-11-2024T12:27:08 - [MESSAGE][PASSED] - Text 'blue' is present on page 

05-11-2024T12:27:08 - [TEST_STEP][PASSED] - takeScreenshot(screenshotFolder + "color.png"): Taking screenshot successfully

05-11-2024T12:27:09 - [MESSAGE][PASSED] - Taking screenshot successfully
[[ATTACHMENT|C:\\Users\\AnusmitaKundu\\git\\threadShopify\\ThreadShopify\\Reports\\20241105_120811\\Threads\\New Test Suite (1)\\20241105_120811\\screenshots/product_detail_20241105_122644/color.png]]

05-11-2024T12:27:09 - [TEST_STEP][PASSED] - click(findTestObject("Object Repository/Thread_Webshop/Product Details Page/Page_ADIDAS  CLASSIC BACKPACK  LEGEND INK M_ff53f1/label_blueVariant sold out or unavailable")): Object: 'Object Repository/Thread_Webshop/Product Details Page/Page_ADIDAS  CLASSIC BACKPACK  LEGEND INK M_ff53f1/label_blueVariant sold out or unavailable' is clicked on

05-11-2024T12:27:09 - [MESSAGE][PASSED] - Object: 'Object Repository/Thread_Webshop/Product Details Page/Page_ADIDAS  CLASSIC BACKPACK  LEGEND INK M_ff53f1/label_blueVariant sold out or unavailable' is clicked on

05-11-2024T12:27:09 - [TEST_STEP][PASSED] - click(findTestObject("Object Repository/Thread_Webshop/Product Details Page/Page_ADIDAS  CLASSIC BACKPACK  LEGEND INK M_ff53f1/span_Catalog")): Object: 'Object Repository/Thread_Webshop/Product Details Page/Page_ADIDAS  CLASSIC BACKPACK  LEGEND INK M_ff53f1/span_Catalog' is clicked on

05-11-2024T12:27:11 - [MESSAGE][PASSED] - Object: 'Object Repository/Thread_Webshop/Product Details Page/Page_ADIDAS  CLASSIC BACKPACK  LEGEND INK M_ff53f1/span_Catalog' is clicked on

05-11-2024T12:27:11 - [TEST_STEP][PASSED] - click(findTestObject("Object Repository/Thread_Webshop/Product Details Page/Page_Products  Threads/a_ADIDAS  KIDS STAN SMITH")): Object: 'Object Repository/Thread_Webshop/Product Details Page/Page_Products  Threads/a_ADIDAS  KIDS STAN SMITH' is clicked on

05-11-2024T12:27:13 - [MESSAGE][PASSED] - Object: 'Object Repository/Thread_Webshop/Product Details Page/Page_Products  Threads/a_ADIDAS  KIDS STAN SMITH' is clicked on

05-11-2024T12:27:13 - [TEST_STEP][PASSED] - takeScreenshot(screenshotFolder + "product2.png"): Taking screenshot successfully

05-11-2024T12:27:14 - [MESSAGE][PASSED] - Taking screenshot successfully
[[ATTACHMENT|C:\\Users\\AnusmitaKundu\\git\\threadShopify\\ThreadShopify\\Reports\\20241105_120811\\Threads\\New Test Suite (1)\\20241105_120811\\screenshots/product_detail_20241105_122644/product2.png]]

05-11-2024T12:27:14 - [TEST_STEP][PASSED] - click(findTestObject("Object Repository/Thread_Webshop/Product Details Page/Page_ADIDAS  KIDS STAN SMITH  Threads/label_1Variant sold out or unavailable")): Object: 'Object Repository/Thread_Webshop/Product Details Page/Page_ADIDAS  KIDS STAN SMITH  Threads/label_1Variant sold out or unavailable' is clicked on

05-11-2024T12:27:15 - [MESSAGE][PASSED] - Object: 'Object Repository/Thread_Webshop/Product Details Page/Page_ADIDAS  KIDS STAN SMITH  Threads/label_1Variant sold out or unavailable' is clicked on

05-11-2024T12:27:15 - [TEST_STEP][PASSED] - click(findTestObject("Object Repository/Thread_Webshop/Product Details Page/Page_ADIDAS  KIDS STAN SMITH  Threads/label_2Variant sold out or unavailable")): Object: 'Object Repository/Thread_Webshop/Product Details Page/Page_ADIDAS  KIDS STAN SMITH  Threads/label_2Variant sold out or unavailable' is clicked on

05-11-2024T12:27:15 - [MESSAGE][PASSED] - Object: 'Object Repository/Thread_Webshop/Product Details Page/Page_ADIDAS  KIDS STAN SMITH  Threads/label_2Variant sold out or unavailable' is clicked on

05-11-2024T12:27:15 - [TEST_STEP][PASSED] - verifyTextPresent(color2, false): Text 'white' is present on page 

05-11-2024T12:27:17 - [MESSAGE][PASSED] - Text 'white' is present on page 

05-11-2024T12:27:17 - [TEST_STEP][PASSED] - takeScreenshot(screenshotFolder + "color2.png"): Taking screenshot successfully

05-11-2024T12:27:17 - [MESSAGE][PASSED] - Taking screenshot successfully
[[ATTACHMENT|C:\\Users\\AnusmitaKundu\\git\\threadShopify\\ThreadShopify\\Reports\\20241105_120811\\Threads\\New Test Suite (1)\\20241105_120811\\screenshots/product_detail_20241105_122644/color2.png]]

05-11-2024T12:27:17 - [TEST_STEP][PASSED] - click(findTestObject("Object Repository/Thread_Webshop/Product Details Page/Page_ADIDAS  KIDS STAN SMITH  Threads/label_whiteVariant sold out or unavailable")): Object: 'Object Repository/Thread_Webshop/Product Details Page/Page_ADIDAS  KIDS STAN SMITH  Threads/label_whiteVariant sold out or unavailable' is clicked on

05-11-2024T12:27:17 - [MESSAGE][PASSED] - Object: 'Object Repository/Thread_Webshop/Product Details Page/Page_ADIDAS  KIDS STAN SMITH  Threads/label_whiteVariant sold out or unavailable' is clicked on

05-11-2024T12:27:17 - [TEST_STEP][PASSED] - click(findTestObject("Object Repository/Thread_Webshop/Product Details Page/Page_ADIDAS  KIDS STAN SMITH  Threads/span_Catalog")): Object: 'Object Repository/Thread_Webshop/Product Details Page/Page_ADIDAS  KIDS STAN SMITH  Threads/span_Catalog' is clicked on

05-11-2024T12:27:19 - [MESSAGE][PASSED] - Object: 'Object Repository/Thread_Webshop/Product Details Page/Page_ADIDAS  KIDS STAN SMITH  Threads/span_Catalog' is clicked on

05-11-2024T12:27:19 - [TEST_STEP][PASSED] - click(findTestObject("Object Repository/Thread_Webshop/Product Details Page/Page_Products  Threads/a_CONVERSE  CHUCK TAYLOR ALL STAR II HI")): Object: 'Object Repository/Thread_Webshop/Product Details Page/Page_Products  Threads/a_CONVERSE  CHUCK TAYLOR ALL STAR II HI' is clicked on

05-11-2024T12:27:21 - [MESSAGE][PASSED] - Object: 'Object Repository/Thread_Webshop/Product Details Page/Page_Products  Threads/a_CONVERSE  CHUCK TAYLOR ALL STAR II HI' is clicked on

05-11-2024T12:27:21 - [TEST_STEP][PASSED] - takeScreenshot(screenshotFolder + "product3.png"): Taking screenshot successfully

05-11-2024T12:27:22 - [MESSAGE][PASSED] - Taking screenshot successfully
[[ATTACHMENT|C:\\Users\\AnusmitaKundu\\git\\threadShopify\\ThreadShopify\\Reports\\20241105_120811\\Threads\\New Test Suite (1)\\20241105_120811\\screenshots/product_detail_20241105_122644/product3.png]]

05-11-2024T12:27:22 - [TEST_STEP][PASSED] - click(findTestObject("Object Repository/Thread_Webshop/Product Details Page/Page_CONVERSE  CHUCK TAYLOR ALL STAR II HI _4a158e/label_4Variant sold out or unavailable")): Object: 'Object Repository/Thread_Webshop/Product Details Page/Page_CONVERSE  CHUCK TAYLOR ALL STAR II HI _4a158e/label_4Variant sold out or unavailable' is clicked on

05-11-2024T12:27:23 - [MESSAGE][PASSED] - Object: 'Object Repository/Thread_Webshop/Product Details Page/Page_CONVERSE  CHUCK TAYLOR ALL STAR II HI _4a158e/label_4Variant sold out or unavailable' is clicked on

05-11-2024T12:27:23 - [TEST_STEP][PASSED] - takeScreenshot(screenshotFolder + "size1.png"): Taking screenshot successfully

05-11-2024T12:27:23 - [MESSAGE][PASSED] - Taking screenshot successfully
[[ATTACHMENT|C:\\Users\\AnusmitaKundu\\git\\threadShopify\\ThreadShopify\\Reports\\20241105_120811\\Threads\\New Test Suite (1)\\20241105_120811\\screenshots/product_detail_20241105_122644/size1.png]]

05-11-2024T12:27:23 - [TEST_STEP][PASSED] - click(findTestObject("Object Repository/Thread_Webshop/Product Details Page/Page_CONVERSE  CHUCK TAYLOR ALL STAR II HI _4a158e/label_5Variant sold out or unavailable")): Object: 'Object Repository/Thread_Webshop/Product Details Page/Page_CONVERSE  CHUCK TAYLOR ALL STAR II HI _4a158e/label_5Variant sold out or unavailable' is clicked on

05-11-2024T12:27:24 - [MESSAGE][PASSED] - Object: 'Object Repository/Thread_Webshop/Product Details Page/Page_CONVERSE  CHUCK TAYLOR ALL STAR II HI _4a158e/label_5Variant sold out or unavailable' is clicked on

05-11-2024T12:27:24 - [TEST_STEP][PASSED] - takeScreenshot(screenshotFolder + "size2.png"): Taking screenshot successfully

05-11-2024T12:27:25 - [MESSAGE][PASSED] - Taking screenshot successfully
[[ATTACHMENT|C:\\Users\\AnusmitaKundu\\git\\threadShopify\\ThreadShopify\\Reports\\20241105_120811\\Threads\\New Test Suite (1)\\20241105_120811\\screenshots/product_detail_20241105_122644/size2.png]]

05-11-2024T12:27:25 - [TEST_STEP][PASSED] - click(findTestObject("Object Repository/Thread_Webshop/Product Details Page/Page_CONVERSE  CHUCK TAYLOR ALL STAR II HI _4a158e/label_6Variant sold out or unavailable")): Object: 'Object Repository/Thread_Webshop/Product Details Page/Page_CONVERSE  CHUCK TAYLOR ALL STAR II HI _4a158e/label_6Variant sold out or unavailable' is clicked on

05-11-2024T12:27:26 - [MESSAGE][PASSED] - Object: 'Object Repository/Thread_Webshop/Product Details Page/Page_CONVERSE  CHUCK TAYLOR ALL STAR II HI _4a158e/label_6Variant sold out or unavailable' is clicked on

05-11-2024T12:27:26 - [TEST_STEP][PASSED] - takeScreenshot(screenshotFolder + "size3.png"): Taking screenshot successfully

05-11-2024T12:27:27 - [MESSAGE][PASSED] - Taking screenshot successfully
[[ATTACHMENT|C:\\Users\\AnusmitaKundu\\git\\threadShopify\\ThreadShopify\\Reports\\20241105_120811\\Threads\\New Test Suite (1)\\20241105_120811\\screenshots/product_detail_20241105_122644/size3.png]]

05-11-2024T12:27:27 - [TEST_STEP][PASSED] - click(findTestObject("Object Repository/Thread_Webshop/Product Details Page/Page_CONVERSE  CHUCK TAYLOR ALL STAR II HI _4a158e/label_9Variant sold out or unavailable")): Object: 'Object Repository/Thread_Webshop/Product Details Page/Page_CONVERSE  CHUCK TAYLOR ALL STAR II HI _4a158e/label_9Variant sold out or unavailable' is clicked on

05-11-2024T12:27:27 - [MESSAGE][PASSED] - Object: 'Object Repository/Thread_Webshop/Product Details Page/Page_CONVERSE  CHUCK TAYLOR ALL STAR II HI _4a158e/label_9Variant sold out or unavailable' is clicked on

05-11-2024T12:27:27 - [TEST_STEP][PASSED] - takeScreenshot(screenshotFolder + "size4.png"): Taking screenshot successfully

05-11-2024T12:27:29 - [MESSAGE][PASSED] - Taking screenshot successfully
[[ATTACHMENT|C:\\Users\\AnusmitaKundu\\git\\threadShopify\\ThreadShopify\\Reports\\20241105_120811\\Threads\\New Test Suite (1)\\20241105_120811\\screenshots/product_detail_20241105_122644/size4.png]]

05-11-2024T12:27:29 - [TEST_STEP][PASSED] - click(findTestObject("Object Repository/Thread_Webshop/Product Details Page/Page_CONVERSE  CHUCK TAYLOR ALL STAR II HI _4a158e/label_11Variant sold out or unavailable")): Object: 'Object Repository/Thread_Webshop/Product Details Page/Page_CONVERSE  CHUCK TAYLOR ALL STAR II HI _4a158e/label_11Variant sold out or unavailable' is clicked on

05-11-2024T12:27:29 - [MESSAGE][PASSED] - Object: 'Object Repository/Thread_Webshop/Product Details Page/Page_CONVERSE  CHUCK TAYLOR ALL STAR II HI _4a158e/label_11Variant sold out or unavailable' is clicked on

05-11-2024T12:27:29 - [TEST_STEP][PASSED] - takeScreenshot(screenshotFolder + "size5.png"): Taking screenshot successfully

05-11-2024T12:27:30 - [MESSAGE][PASSED] - Taking screenshot successfully
[[ATTACHMENT|C:\\Users\\AnusmitaKundu\\git\\threadShopify\\ThreadShopify\\Reports\\20241105_120811\\Threads\\New Test Suite (1)\\20241105_120811\\screenshots/product_detail_20241105_122644/size5.png]]

05-11-2024T12:27:30 - [TEST_STEP][PASSED] - verifyTextPresent(color3, false): Text 'black' is present on page 

05-11-2024T12:27:31 - [MESSAGE][PASSED] - Text 'black' is present on page 

05-11-2024T12:27:31 - [TEST_STEP][PASSED] - takeScreenshot(screenshotFolder + "color3.png"): Taking screenshot successfully

05-11-2024T12:27:31 - [MESSAGE][PASSED] - Taking screenshot successfully
[[ATTACHMENT|C:\\Users\\AnusmitaKundu\\git\\threadShopify\\ThreadShopify\\Reports\\20241105_120811\\Threads\\New Test Suite (1)\\20241105_120811\\screenshots/product_detail_20241105_122644/color3.png]]

05-11-2024T12:27:31 - [TEST_STEP][PASSED] - click(findTestObject("Object Repository/Thread_Webshop/Product Details Page/Page_CONVERSE  CHUCK TAYLOR ALL STAR II HI _4a158e/label_blackVariant sold out or unavailable")): Object: 'Object Repository/Thread_Webshop/Product Details Page/Page_CONVERSE  CHUCK TAYLOR ALL STAR II HI _4a158e/label_blackVariant sold out or unavailable' is clicked on

05-11-2024T12:27:31 - [MESSAGE][PASSED] - Object: 'Object Repository/Thread_Webshop/Product Details Page/Page_CONVERSE  CHUCK TAYLOR ALL STAR II HI _4a158e/label_blackVariant sold out or unavailable' is clicked on

05-11-2024T12:27:31 - [TEST_STEP][PASSED] - closeBrowser(): Browser is closed

05-11-2024T12:27:33 - [MESSAGE][PASSED] - Browser is closed]]></system-out>
         <system-err><![CDATA[]]></system-err>
      </testcase>
      <testcase name="Test Cases/Threads_Webshop/Product Details Page/TC-601, Verify item to cart when not login" time="32.767" classname="Test Cases/Threads_Webshop/Product Details Page/TC-601, Verify item to cart when not login" status="PASSED">
         <system-out><![CDATA[05-11-2024T12:27:33 - [TEST_CASE][PASSED] - Test Cases/Threads_Webshop/Product Details Page/TC-601, Verify item to cart when not login: Test Cases/Threads_Webshop/Product Details Page/TC-601, Verify item to cart when not login

05-11-2024T12:27:33 - [TEST_STEP][PASSED] - currentDateTime = LocalDateTime.now(): null

05-11-2024T12:27:33 - [TEST_STEP][PASSED] - formatter = DateTimeFormatter.ofPattern("yyyyMMddHHmmss"): null

05-11-2024T12:27:33 - [TEST_STEP][PASSED] - dateTimeString = currentDateTime.format(formatter): null

05-11-2024T12:27:33 - [TEST_STEP][PASSED] - uniqueEmail = "tester_" + dateTimeString + "@mailinator.com": null

05-11-2024T12:27:33 - [TEST_STEP][PASSED] - println("Generated unique email: " + uniqueEmail): null

05-11-2024T12:27:33 - [TEST_STEP][PASSED] - screenshotFolderPath = "screenshots/product_details" + dateTimeString + "/": null

05-11-2024T12:27:33 - [TEST_STEP][PASSED] - File(screenshotFolderPath).mkdirs(): null

05-11-2024T12:27:33 - [TEST_STEP][PASSED] - callTestCase(findTestCase("Threads_Webshop/ReUsable Testcases/Enter Password"), [:], STOP_ON_FAILURE): Call Test Case 'Test Cases/Threads_Webshop/ReUsable Testcases/Enter Password' successfully

05-11-2024T12:27:33 - [TEST_CASE][PASSED] - Test Cases/Threads_Webshop/ReUsable Testcases/Enter Password: Test Cases/Threads_Webshop/ReUsable Testcases/Enter Password

05-11-2024T12:27:33 - [TEST_STEP][PASSED] - openBrowser(""): Browser is opened with url: ''

05-11-2024T12:27:33 - [MESSAGE][INFO] - Starting 'Chrome' driver

05-11-2024T12:27:33 - [MESSAGE][INFO] - Action delay is set to 0 milliseconds

05-11-2024T12:27:34 - [MESSAGE][PASSED] - Browser is opened with url: ''

05-11-2024T12:27:34 - [TEST_STEP][PASSED] - maximizeWindow(): Current window maximized

05-11-2024T12:27:34 - [MESSAGE][PASSED] - Current window maximized

05-11-2024T12:27:34 - [TEST_STEP][PASSED] - navigateToUrl("https://threads0.myshopify.com/password"): Navigate to 'https://threads0.myshopify.com/password' successfully

05-11-2024T12:27:36 - [MESSAGE][PASSED] - Navigate to 'https://threads0.myshopify.com/password' successfully

05-11-2024T12:27:36 - [TEST_STEP][PASSED] - click(findTestObject("Object Repository/Thread_Webshop/Reusable Testcase/Page_Threads/div_Enter using password")): Object: 'Object Repository/Thread_Webshop/Reusable Testcase/Page_Threads/div_Enter using password' is clicked on

05-11-2024T12:27:39 - [MESSAGE][PASSED] - Object: 'Object Repository/Thread_Webshop/Reusable Testcase/Page_Threads/div_Enter using password' is clicked on

05-11-2024T12:27:39 - [TEST_STEP][PASSED] - setEncryptedText(findTestObject("Object Repository/Thread_Webshop/Reusable Testcase/Page_Threads/input_Enter store using password_password"), "gnzTAVlujIw+lTr0To6+Cg=="): Text ****** has been set on object 'Object Repository/Thread_Webshop/Reusable Testcase/Page_Threads/input_Enter store using password_password'

05-11-2024T12:27:40 - [MESSAGE][PASSED] - Text ****** has been set on object 'Object Repository/Thread_Webshop/Reusable Testcase/Page_Threads/input_Enter store using password_password'

05-11-2024T12:27:40 - [TEST_STEP][PASSED] - click(findTestObject("Object Repository/Thread_Webshop/Reusable Testcase/Page_Threads/button_Enter")): Object: 'Object Repository/Thread_Webshop/Reusable Testcase/Page_Threads/button_Enter' is clicked on

05-11-2024T12:27:42 - [MESSAGE][PASSED] - Object: 'Object Repository/Thread_Webshop/Reusable Testcase/Page_Threads/button_Enter' is clicked on

05-11-2024T12:27:42 - [MESSAGE][PASSED] - Call Test Case 'Test Cases/Threads_Webshop/ReUsable Testcases/Enter Password' successfully

05-11-2024T12:27:42 - [TEST_STEP][PASSED] - takeScreenshot(screenshotFolderPath + "enter_password.png"): Taking screenshot successfully

05-11-2024T12:27:43 - [MESSAGE][PASSED] - Taking screenshot successfully
[[ATTACHMENT|C:\\Users\\AnusmitaKundu\\git\\threadShopify\\ThreadShopify\\Reports\\20241105_120811\\Threads\\New Test Suite (1)\\20241105_120811\\screenshots/product_details20241105122733/enter_password.png]]

05-11-2024T12:27:43 - [TEST_STEP][PASSED] - click(findTestObject("Object Repository/Page_Threads/button_Enter")): Object: 'Object Repository/Page_Threads/button_Enter' is clicked on

05-11-2024T12:27:44 - [MESSAGE][PASSED] - Object: 'Object Repository/Page_Threads/button_Enter' is clicked on

05-11-2024T12:27:44 - [TEST_STEP][PASSED] - takeScreenshot(screenshotFolderPath + "click_enter_button.png"): Taking screenshot successfully

05-11-2024T12:27:45 - [MESSAGE][PASSED] - Taking screenshot successfully
[[ATTACHMENT|C:\\Users\\AnusmitaKundu\\git\\threadShopify\\ThreadShopify\\Reports\\20241105_120811\\Threads\\New Test Suite (1)\\20241105_120811\\screenshots/product_details20241105122733/click_enter_button.png]]

05-11-2024T12:27:45 - [TEST_STEP][PASSED] - click(findTestObject("Object Repository/Page_Threads/a_Catalog")): Object: 'Object Repository/Page_Threads/a_Catalog' is clicked on

05-11-2024T12:27:48 - [MESSAGE][PASSED] - Object: 'Object Repository/Page_Threads/a_Catalog' is clicked on

05-11-2024T12:27:48 - [TEST_STEP][PASSED] - takeScreenshot(screenshotFolderPath + "catalog_page.png"): Taking screenshot successfully

05-11-2024T12:27:49 - [MESSAGE][PASSED] - Taking screenshot successfully
[[ATTACHMENT|C:\\Users\\AnusmitaKundu\\git\\threadShopify\\ThreadShopify\\Reports\\20241105_120811\\Threads\\New Test Suite (1)\\20241105_120811\\screenshots/product_details20241105122733/catalog_page.png]]

05-11-2024T12:27:49 - [TEST_STEP][PASSED] - click(findTestObject("Object Repository/Page_Products  Threads/a_ADIDAS  CLASSIC BACKPACK  LEGEND INK MULTICOLOUR")): Object: 'Object Repository/Page_Products  Threads/a_ADIDAS  CLASSIC BACKPACK  LEGEND INK MULTICOLOUR' is clicked on

05-11-2024T12:27:50 - [MESSAGE][PASSED] - Object: 'Object Repository/Page_Products  Threads/a_ADIDAS  CLASSIC BACKPACK  LEGEND INK MULTICOLOUR' is clicked on

05-11-2024T12:27:50 - [TEST_STEP][PASSED] - takeScreenshot(screenshotFolderPath + "product_page.png"): Taking screenshot successfully

05-11-2024T12:27:51 - [MESSAGE][PASSED] - Taking screenshot successfully
[[ATTACHMENT|C:\\Users\\AnusmitaKundu\\git\\threadShopify\\ThreadShopify\\Reports\\20241105_120811\\Threads\\New Test Suite (1)\\20241105_120811\\screenshots/product_details20241105122733/product_page.png]]

05-11-2024T12:27:51 - [TEST_STEP][PASSED] - click(findTestObject("Object Repository/Page_ADIDAS  CLASSIC BACKPACK  LEGEND INK M_ff53f1/button_Add to cart")): Object: 'Object Repository/Page_ADIDAS  CLASSIC BACKPACK  LEGEND INK M_ff53f1/button_Add to cart' is clicked on

05-11-2024T12:27:52 - [MESSAGE][PASSED] - Object: 'Object Repository/Page_ADIDAS  CLASSIC BACKPACK  LEGEND INK M_ff53f1/button_Add to cart' is clicked on

05-11-2024T12:27:52 - [TEST_STEP][PASSED] - takeScreenshot(screenshotFolderPath + "add_to_cart.png"): Taking screenshot successfully

05-11-2024T12:27:54 - [MESSAGE][PASSED] - Taking screenshot successfully
[[ATTACHMENT|C:\\Users\\AnusmitaKundu\\git\\threadShopify\\ThreadShopify\\Reports\\20241105_120811\\Threads\\New Test Suite (1)\\20241105_120811\\screenshots/product_details20241105122733/add_to_cart.png]]

05-11-2024T12:27:54 - [TEST_STEP][PASSED] - click(findTestObject("Object Repository/Page_ADIDAS  CLASSIC BACKPACK  LEGEND INK M_ff53f1/button_Check out")): Object: 'Object Repository/Page_ADIDAS  CLASSIC BACKPACK  LEGEND INK M_ff53f1/button_Check out' is clicked on

05-11-2024T12:27:58 - [MESSAGE][PASSED] - Object: 'Object Repository/Page_ADIDAS  CLASSIC BACKPACK  LEGEND INK M_ff53f1/button_Check out' is clicked on

05-11-2024T12:27:58 - [TEST_STEP][PASSED] - takeScreenshot(screenshotFolderPath + "checkout.png"): Taking screenshot successfully

05-11-2024T12:28:01 - [MESSAGE][PASSED] - Taking screenshot successfully
[[ATTACHMENT|C:\\Users\\AnusmitaKundu\\git\\threadShopify\\ThreadShopify\\Reports\\20241105_120811\\Threads\\New Test Suite (1)\\20241105_120811\\screenshots/product_details20241105122733/checkout.png]]

05-11-2024T12:28:01 - [TEST_STEP][PASSED] - verifyTextPresent("Contact", false): Text 'Contact' is present on page 

05-11-2024T12:28:01 - [MESSAGE][PASSED] - Text 'Contact' is present on page 

05-11-2024T12:28:01 - [TEST_STEP][PASSED] - takeScreenshot(screenshotFolderPath + "verify_contact_text.png"): Taking screenshot successfully

05-11-2024T12:28:01 - [MESSAGE][PASSED] - Taking screenshot successfully
[[ATTACHMENT|C:\\Users\\AnusmitaKundu\\git\\threadShopify\\ThreadShopify\\Reports\\20241105_120811\\Threads\\New Test Suite (1)\\20241105_120811\\screenshots/product_details20241105122733/verify_contact_text.png]]

05-11-2024T12:28:01 - [TEST_STEP][PASSED] - verifyElementClickable(findTestObject("Object Repository/Page_Checkout - Threads/a_Log in")): Object 'Object Repository/Page_Checkout - Threads/a_Log in' is clickable

05-11-2024T12:28:02 - [MESSAGE][PASSED] - Object 'Object Repository/Page_Checkout - Threads/a_Log in' is clickable

05-11-2024T12:28:02 - [TEST_STEP][PASSED] - takeScreenshot(screenshotFolderPath + "verify_login_clickable.png"): Taking screenshot successfully

05-11-2024T12:28:02 - [MESSAGE][PASSED] - Taking screenshot successfully
[[ATTACHMENT|C:\\Users\\AnusmitaKundu\\git\\threadShopify\\ThreadShopify\\Reports\\20241105_120811\\Threads\\New Test Suite (1)\\20241105_120811\\screenshots/product_details20241105122733/verify_login_clickable.png]]

05-11-2024T12:28:02 - [TEST_STEP][PASSED] - verifyTextPresent("Delivery", false): Text 'Delivery' is present on page 

05-11-2024T12:28:02 - [MESSAGE][PASSED] - Text 'Delivery' is present on page 

05-11-2024T12:28:02 - [TEST_STEP][PASSED] - takeScreenshot(screenshotFolderPath + "verify_delivery_text.png"): Taking screenshot successfully

05-11-2024T12:28:03 - [MESSAGE][PASSED] - Taking screenshot successfully
[[ATTACHMENT|C:\\Users\\AnusmitaKundu\\git\\threadShopify\\ThreadShopify\\Reports\\20241105_120811\\Threads\\New Test Suite (1)\\20241105_120811\\screenshots/product_details20241105122733/verify_delivery_text.png]]

05-11-2024T12:28:03 - [TEST_STEP][PASSED] - verifyTextPresent("Payment", false): Text 'Payment' is present on page 

05-11-2024T12:28:03 - [MESSAGE][PASSED] - Text 'Payment' is present on page 

05-11-2024T12:28:03 - [TEST_STEP][PASSED] - takeScreenshot(screenshotFolderPath + "verify_payment_text.png"): Taking screenshot successfully

05-11-2024T12:28:03 - [MESSAGE][PASSED] - Taking screenshot successfully
[[ATTACHMENT|C:\\Users\\AnusmitaKundu\\git\\threadShopify\\ThreadShopify\\Reports\\20241105_120811\\Threads\\New Test Suite (1)\\20241105_120811\\screenshots/product_details20241105122733/verify_payment_text.png]]

05-11-2024T12:28:03 - [TEST_STEP][PASSED] - verifyTextPresent("Total", false): Text 'Total' is present on page 

05-11-2024T12:28:04 - [MESSAGE][PASSED] - Text 'Total' is present on page 

05-11-2024T12:28:04 - [TEST_STEP][PASSED] - takeScreenshot(screenshotFolderPath + "verify_total_text.png"): Taking screenshot successfully

05-11-2024T12:28:04 - [MESSAGE][PASSED] - Taking screenshot successfully
[[ATTACHMENT|C:\\Users\\AnusmitaKundu\\git\\threadShopify\\ThreadShopify\\Reports\\20241105_120811\\Threads\\New Test Suite (1)\\20241105_120811\\screenshots/product_details20241105122733/verify_total_text.png]]

05-11-2024T12:28:04 - [TEST_STEP][PASSED] - closeBrowser(): Browser is closed

05-11-2024T12:28:05 - [MESSAGE][PASSED] - Browser is closed]]></system-out>
         <system-err><![CDATA[]]></system-err>
      </testcase>
      <testcase name="Test Cases/Threads_Webshop/3 Homepage/Homepage-Banner/Verify Banner title" time="246.106" classname="Test Cases/Threads_Webshop/3 Homepage/Homepage-Banner/Verify Banner title" status="PASSED">
         <system-out><![CDATA[05-11-2024T12:28:05 - [TEST_CASE][PASSED] - Test Cases/Threads_Webshop/3 Homepage/Homepage-Banner/Verify Banner title: Test Cases/Threads_Webshop/3 Homepage/Homepage-Banner/Verify Banner title

05-11-2024T12:28:06 - [TEST_STEP][PASSED] - timestamp = SimpleDateFormat(yyyyMMdd_HHmmss).format(new java.util.Date()): null

05-11-2024T12:28:06 - [TEST_STEP][PASSED] - screenshotFolder = "screenshots/Banner_" + timestamp + "/": null

05-11-2024T12:28:06 - [TEST_STEP][PASSED] - openBrowser(""): Browser is opened with url: ''

05-11-2024T12:28:06 - [MESSAGE][INFO] - Starting 'Chrome' driver

05-11-2024T12:28:06 - [MESSAGE][INFO] - Action delay is set to 0 milliseconds

05-11-2024T12:28:07 - [MESSAGE][PASSED] - Browser is opened with url: ''

05-11-2024T12:28:07 - [TEST_STEP][PASSED] - navigateToUrl("https://accounts.shopify.com/lookup?rid=0afa009d-54e4-4293-85aa-e6413ed2f1d5&verify=1730713676-ynuqOa0Hs%2FJY+t6ojqHu++2TLa7otw1DETPdL%2FQmTWw%3D"): Navigate to 'https://accounts.shopify.com/lookup?rid=0afa009d-54e4-4293-85aa-e6413ed2f1d5&verify=1730713676-ynuqOa0Hs%2FJY+t6ojqHu++2TLa7otw1DETPdL%2FQmTWw%3D' successfully

05-11-2024T12:28:10 - [MESSAGE][PASSED] - Navigate to 'https://accounts.shopify.com/lookup?rid=0afa009d-54e4-4293-85aa-e6413ed2f1d5&verify=1730713676-ynuqOa0Hs%2FJY+t6ojqHu++2TLa7otw1DETPdL%2FQmTWw%3D' successfully

05-11-2024T12:28:10 - [TEST_STEP][PASSED] - setText(findTestObject("Object Repository/Thread_Webshop/Banner/Page_Log in  Shopify account/input_Email_accountemail"), "samajit_k@pursuitsoftware.com"): Text 'samajit_k@pursuitsoftware.com' is set on object 'Object Repository/Thread_Webshop/Banner/Page_Log in  Shopify account/input_Email_accountemail'

05-11-2024T12:28:11 - [MESSAGE][PASSED] - Text 'samajit_k@pursuitsoftware.com' is set on object 'Object Repository/Thread_Webshop/Banner/Page_Log in  Shopify account/input_Email_accountemail'

05-11-2024T12:28:11 - [TEST_STEP][PASSED] - click(findTestObject("Object Repository/Thread_Webshop/Banner/Page_Log in  Shopify account/span_Continue with email")): Object: 'Object Repository/Thread_Webshop/Banner/Page_Log in  Shopify account/span_Continue with email' is clicked on

05-11-2024T12:28:16 - [MESSAGE][PASSED] - Object: 'Object Repository/Thread_Webshop/Banner/Page_Log in  Shopify account/span_Continue with email' is clicked on

05-11-2024T12:28:16 - [TEST_STEP][PASSED] - setEncryptedText(findTestObject("Object Repository/Thread_Webshop/Banner/Page_Shopify/input_Password_accountpassword"), "DRbH8EpD41YzIH0RHeeTVRgk/CyhY5Tq4LbYao5MnUo="): Text ****** has been set on object 'Object Repository/Thread_Webshop/Banner/Page_Shopify/input_Password_accountpassword'

05-11-2024T12:28:18 - [MESSAGE][PASSED] - Text ****** has been set on object 'Object Repository/Thread_Webshop/Banner/Page_Shopify/input_Password_accountpassword'

05-11-2024T12:28:18 - [TEST_STEP][PASSED] - click(findTestObject("Object Repository/Thread_Webshop/Banner/Page_Shopify/button_Log in")): Object: 'Object Repository/Thread_Webshop/Banner/Page_Shopify/button_Log in' is clicked on

05-11-2024T12:28:24 - [MESSAGE][PASSED] - Object: 'Object Repository/Thread_Webshop/Banner/Page_Shopify/button_Log in' is clicked on

05-11-2024T12:28:24 - [TEST_STEP][PASSED] - click(findTestObject("Object Repository/Thread_Webshop/Banner/Page_Shopify account profile/img")): Object: 'Object Repository/Thread_Webshop/Banner/Page_Shopify account profile/img' is clicked on

05-11-2024T12:28:27 - [MESSAGE][PASSED] - Object: 'Object Repository/Thread_Webshop/Banner/Page_Shopify account profile/img' is clicked on

05-11-2024T12:28:27 - [TEST_STEP][PASSED] - click(findTestObject("Object Repository/Thread_Webshop/Banner/Page_Log in  Shopify/div_samajit_kpursuitsoftware.com")): Object: 'Object Repository/Thread_Webshop/Banner/Page_Log in  Shopify/div_samajit_kpursuitsoftware.com' is clicked on

05-11-2024T12:28:31 - [MESSAGE][PASSED] - Object: 'Object Repository/Thread_Webshop/Banner/Page_Log in  Shopify/div_samajit_kpursuitsoftware.com' is clicked on

05-11-2024T12:28:31 - [TEST_STEP][PASSED] - takeScreenshot(screenshotFolder + "shopify_website.png"): Taking screenshot successfully

05-11-2024T12:28:33 - [MESSAGE][PASSED] - Taking screenshot successfully
[[ATTACHMENT|C:\\Users\\AnusmitaKundu\\git\\threadShopify\\ThreadShopify\\Reports\\20241105_120811\\Threads\\New Test Suite (1)\\20241105_120811\\screenshots/Banner_20241105_122806/shopify_website.png]]

05-11-2024T12:28:33 - [TEST_STEP][PASSED] - click(findTestObject("Object Repository/Thread_Webshop/Banner/Page_Threads  Home  Shopify/span_Online Store")): Object: 'Object Repository/Thread_Webshop/Banner/Page_Threads  Home  Shopify/span_Online Store' is clicked on

05-11-2024T12:28:37 - [MESSAGE][PASSED] - Object: 'Object Repository/Thread_Webshop/Banner/Page_Threads  Home  Shopify/span_Online Store' is clicked on

05-11-2024T12:28:37 - [TEST_STEP][PASSED] - click(findTestObject("Object Repository/Thread_Webshop/Banner/Page_Threads  Themes  Shopify/a_Customize")): Object: 'Object Repository/Thread_Webshop/Banner/Page_Threads  Themes  Shopify/a_Customize' is clicked on

05-11-2024T12:29:08 - [MESSAGE][INFO] - Unable to find the element located by 'By.xpath: //iframe[@name='fe56d741-3ec3-491d-b2e4-4f073b20fe50']'. Please recheck the objects properties to make sure the desired element is located. 

05-11-2024T12:29:08 - [MESSAGE][WARNING] - [SELF-HEALING] Failed to find element with id 'Object Repository/Thread_Webshop/Banner/Page_Threads  Themes  Shopify/iframe_Online Store_fe56d741-3ec3-491d-b2e4_176b02'. Try using Self-healing.

05-11-2024T12:29:08 - [MESSAGE][ERROR] - [SELF-HEALING] com.google.gson.stream.MalformedJsonException: Expected ':' at line 5 column 10 path $.brokenTestObjects[0].<<<<<<<

05-11-2024T12:29:08 - [MESSAGE][INFO] - [SELF-HEALING] Failed Locator: '//iframe[@name='fe56d741-3ec3-491d-b2e4-4f073b20fe50']'.

05-11-2024T12:29:08 - [MESSAGE][INFO] - [SELF-HEALING] Working Locator: '//div[@id='AppFrameScrollable']/div/div/div/div/div/div/iframe'.

05-11-2024T12:29:09 - [MESSAGE][INFO] - [SELF-HEALING] Screenshot: C:/Users/AnusmitaKundu/git/threadShopify/ThreadShopify/Reports/Self-healing/Object Repository/Thread_Webshop/Banner/Page_Threads  Themes  Shopify/iframe_Online Store_fe56d741-3ec3-491d-b2e4_176b02_idRelative.png

05-11-2024T12:29:09 - [MESSAGE][ERROR] - [SELF-HEALING] com.google.gson.stream.MalformedJsonException: Expected ':' at line 5 column 10 path $.brokenTestObjects[0].<<<<<<<

05-11-2024T12:29:09 - [MESSAGE][ERROR] - [SELF-HEALING] C:\Users\AnusmitaKundu\git\threadShopify\ThreadShopify\Reports\Self-healing\broken-test-objects-v2.json does not exist or is provided by Self-healing Plugin!

05-11-2024T12:29:09 - [MESSAGE][WARNING] - [SELF-HEALING] The current locator of test object 'Object Repository/Thread_Webshop/Banner/Page_Threads  Themes  Shopify/iframe_Online Store_fe56d741-3ec3-491d-b2e4_176b02' was broken. Propose an alternative one: '//div[@id='AppFrameScrollable']/div/div/div/div/div/div/iframe'.

05-11-2024T12:29:09 - [MESSAGE][PASSED] - Object: 'Object Repository/Thread_Webshop/Banner/Page_Threads  Themes  Shopify/a_Customize' is clicked on

05-11-2024T12:29:09 - [TEST_STEP][PASSED] - takeScreenshot(screenshotFolder + "customize_page.png"): Taking screenshot successfully

05-11-2024T12:29:10 - [MESSAGE][PASSED] - Taking screenshot successfully
[[ATTACHMENT|C:\\Users\\AnusmitaKundu\\git\\threadShopify\\ThreadShopify\\Reports\\20241105_120811\\Threads\\New Test Suite (1)\\20241105_120811\\screenshots/Banner_20241105_122806/customize_page.png]]

05-11-2024T12:29:10 - [TEST_STEP][PASSED] - click(findTestObject("Object Repository/Thread_Webshop/Banner/Page_Threads  Customize Dawn  Shopify/button_Uncover your wardrobe essentials_Onl_54202d (2)")): Object: 'Object Repository/Thread_Webshop/Banner/Page_Threads  Customize Dawn  Shopify/button_Uncover your wardrobe essentials_Onl_54202d (2)' is clicked on

05-11-2024T12:29:42 - [MESSAGE][INFO] - Unable to find the element located by 'By.xpath: //iframe[@name='fe56d741-3ec3-491d-b2e4-4f073b20fe50']'. Please recheck the objects properties to make sure the desired element is located. 

05-11-2024T12:29:42 - [MESSAGE][WARNING] - [SELF-HEALING] Failed to find element with id 'Object Repository/Thread_Webshop/Banner/Page_Threads  Customize Dawn  Shopify/iframe_Skip to content_fe56d741-3ec3-491d-b_5f461d'. Try using Self-healing.

05-11-2024T12:29:42 - [MESSAGE][ERROR] - [SELF-HEALING] com.google.gson.stream.MalformedJsonException: Expected ':' at line 5 column 10 path $.brokenTestObjects[0].<<<<<<<

05-11-2024T12:29:42 - [MESSAGE][INFO] - [SELF-HEALING] Failed Locator: '//iframe[@name='fe56d741-3ec3-491d-b2e4-4f073b20fe50']'.

05-11-2024T12:29:42 - [MESSAGE][INFO] - [SELF-HEALING] Working Locator: '//div[@id='AppFrameScrollable']/div/div/div/div/div/div/iframe'.

05-11-2024T12:29:43 - [MESSAGE][INFO] - [SELF-HEALING] Screenshot: C:/Users/AnusmitaKundu/git/threadShopify/ThreadShopify/Reports/Self-healing/Object Repository/Thread_Webshop/Banner/Page_Threads  Customize Dawn  Shopify/iframe_Skip to content_fe56d741-3ec3-491d-b_5f461d_idRelative.png

05-11-2024T12:29:43 - [MESSAGE][ERROR] - [SELF-HEALING] com.google.gson.stream.MalformedJsonException: Expected ':' at line 5 column 10 path $.brokenTestObjects[0].<<<<<<<

05-11-2024T12:29:43 - [MESSAGE][ERROR] - [SELF-HEALING] C:\Users\AnusmitaKundu\git\threadShopify\ThreadShopify\Reports\Self-healing\broken-test-objects-v2.json does not exist or is provided by Self-healing Plugin!

05-11-2024T12:29:43 - [MESSAGE][WARNING] - [SELF-HEALING] The current locator of test object 'Object Repository/Thread_Webshop/Banner/Page_Threads  Customize Dawn  Shopify/iframe_Skip to content_fe56d741-3ec3-491d-b_5f461d' was broken. Propose an alternative one: '//div[@id='AppFrameScrollable']/div/div/div/div/div/div/iframe'.

05-11-2024T12:29:44 - [MESSAGE][PASSED] - Object: 'Object Repository/Thread_Webshop/Banner/Page_Threads  Customize Dawn  Shopify/button_Uncover your wardrobe essentials_Onl_54202d (2)' is clicked on

05-11-2024T12:29:44 - [TEST_STEP][PASSED] - click(findTestObject("Object Repository/Thread_Webshop/Banner/Page_Threads  Customize Dawn  Shopify/input_First button link_UrlSetting1 (4)")): Object: 'Object Repository/Thread_Webshop/Banner/Page_Threads  Customize Dawn  Shopify/input_First button link_UrlSetting1 (4)' is clicked on

05-11-2024T12:30:15 - [MESSAGE][INFO] - Unable to find the element located by 'By.xpath: //iframe[@name='fe56d741-3ec3-491d-b2e4-4f073b20fe50']'. Please recheck the objects properties to make sure the desired element is located. 

05-11-2024T12:30:15 - [MESSAGE][WARNING] - [SELF-HEALING] Failed to find element with id 'Object Repository/Thread_Webshop/Banner/Page_Threads  Customize Dawn  Shopify/iframe_Skip to content_fe56d741-3ec3-491d-b_5f461d'. Try using Self-healing.

05-11-2024T12:30:15 - [MESSAGE][ERROR] - [SELF-HEALING] com.google.gson.stream.MalformedJsonException: Expected ':' at line 5 column 10 path $.brokenTestObjects[0].<<<<<<<

05-11-2024T12:30:15 - [MESSAGE][INFO] - [SELF-HEALING] Failed Locator: '//iframe[@name='fe56d741-3ec3-491d-b2e4-4f073b20fe50']'.

05-11-2024T12:30:15 - [MESSAGE][INFO] - [SELF-HEALING] Working Locator: '//div[@id='AppFrameScrollable']/div/div/div/div/div/div/iframe'.

05-11-2024T12:30:16 - [MESSAGE][INFO] - [SELF-HEALING] Screenshot: C:/Users/AnusmitaKundu/git/threadShopify/ThreadShopify/Reports/Self-healing/Object Repository/Thread_Webshop/Banner/Page_Threads  Customize Dawn  Shopify/iframe_Skip to content_fe56d741-3ec3-491d-b_5f461d_idRelative.png

05-11-2024T12:30:16 - [MESSAGE][ERROR] - [SELF-HEALING] com.google.gson.stream.MalformedJsonException: Expected ':' at line 5 column 10 path $.brokenTestObjects[0].<<<<<<<

05-11-2024T12:30:16 - [MESSAGE][ERROR] - [SELF-HEALING] C:\Users\AnusmitaKundu\git\threadShopify\ThreadShopify\Reports\Self-healing\broken-test-objects-v2.json does not exist or is provided by Self-healing Plugin!

05-11-2024T12:30:16 - [MESSAGE][WARNING] - [SELF-HEALING] The current locator of test object 'Object Repository/Thread_Webshop/Banner/Page_Threads  Customize Dawn  Shopify/iframe_Skip to content_fe56d741-3ec3-491d-b_5f461d' was broken. Propose an alternative one: '//div[@id='AppFrameScrollable']/div/div/div/div/div/div/iframe'.

05-11-2024T12:30:16 - [MESSAGE][PASSED] - Object: 'Object Repository/Thread_Webshop/Banner/Page_Threads  Customize Dawn  Shopify/input_First button link_UrlSetting1 (4)' is clicked on

05-11-2024T12:30:16 - [TEST_STEP][PASSED] - click(findTestObject("Object Repository/Thread_Webshop/Banner/Page_Threads  Customize Dawn  Shopify/div_Collections (2)")): Object: 'Object Repository/Thread_Webshop/Banner/Page_Threads  Customize Dawn  Shopify/div_Collections (2)' is clicked on

05-11-2024T12:30:48 - [MESSAGE][INFO] - Unable to find the element located by 'By.xpath: //iframe[@name='fe56d741-3ec3-491d-b2e4-4f073b20fe50']'. Please recheck the objects properties to make sure the desired element is located. 

05-11-2024T12:30:48 - [MESSAGE][WARNING] - [SELF-HEALING] Failed to find element with id 'Object Repository/Thread_Webshop/Banner/Page_Threads  Customize Dawn  Shopify/iframe_Skip to content_fe56d741-3ec3-491d-b_5f461d'. Try using Self-healing.

05-11-2024T12:30:48 - [MESSAGE][ERROR] - [SELF-HEALING] com.google.gson.stream.MalformedJsonException: Expected ':' at line 5 column 10 path $.brokenTestObjects[0].<<<<<<<

05-11-2024T12:30:48 - [MESSAGE][INFO] - [SELF-HEALING] Failed Locator: '//iframe[@name='fe56d741-3ec3-491d-b2e4-4f073b20fe50']'.

05-11-2024T12:30:48 - [MESSAGE][INFO] - [SELF-HEALING] Working Locator: '//div[@id='AppFrameScrollable']/div/div/div/div/div/div/iframe'.

05-11-2024T12:30:49 - [MESSAGE][INFO] - [SELF-HEALING] Screenshot: C:/Users/AnusmitaKundu/git/threadShopify/ThreadShopify/Reports/Self-healing/Object Repository/Thread_Webshop/Banner/Page_Threads  Customize Dawn  Shopify/iframe_Skip to content_fe56d741-3ec3-491d-b_5f461d_idRelative.png

05-11-2024T12:30:49 - [MESSAGE][ERROR] - [SELF-HEALING] com.google.gson.stream.MalformedJsonException: Expected ':' at line 5 column 10 path $.brokenTestObjects[0].<<<<<<<

05-11-2024T12:30:49 - [MESSAGE][ERROR] - [SELF-HEALING] C:\Users\AnusmitaKundu\git\threadShopify\ThreadShopify\Reports\Self-healing\broken-test-objects-v2.json does not exist or is provided by Self-healing Plugin!

05-11-2024T12:30:49 - [MESSAGE][WARNING] - [SELF-HEALING] The current locator of test object 'Object Repository/Thread_Webshop/Banner/Page_Threads  Customize Dawn  Shopify/iframe_Skip to content_fe56d741-3ec3-491d-b_5f461d' was broken. Propose an alternative one: '//div[@id='AppFrameScrollable']/div/div/div/div/div/div/iframe'.

05-11-2024T12:30:49 - [MESSAGE][PASSED] - Object: 'Object Repository/Thread_Webshop/Banner/Page_Threads  Customize Dawn  Shopify/div_Collections (2)' is clicked on

05-11-2024T12:30:49 - [TEST_STEP][PASSED] - click(findTestObject("Object Repository/Thread_Webshop/Banner/Page_Threads  Customize Dawn  Shopify/div_ASICS TIGER (2)")): Object: 'Object Repository/Thread_Webshop/Banner/Page_Threads  Customize Dawn  Shopify/div_ASICS TIGER (2)' is clicked on

05-11-2024T12:31:20 - [MESSAGE][INFO] - Unable to find the element located by 'By.xpath: //iframe[@name='fe56d741-3ec3-491d-b2e4-4f073b20fe50']'. Please recheck the objects properties to make sure the desired element is located. 

05-11-2024T12:31:20 - [MESSAGE][WARNING] - [SELF-HEALING] Failed to find element with id 'Object Repository/Thread_Webshop/Banner/Page_Threads  Customize Dawn  Shopify/iframe_Skip to content_fe56d741-3ec3-491d-b_5f461d'. Try using Self-healing.

05-11-2024T12:31:20 - [MESSAGE][ERROR] - [SELF-HEALING] com.google.gson.stream.MalformedJsonException: Expected ':' at line 5 column 10 path $.brokenTestObjects[0].<<<<<<<

05-11-2024T12:31:21 - [MESSAGE][INFO] - [SELF-HEALING] Failed Locator: '//iframe[@name='fe56d741-3ec3-491d-b2e4-4f073b20fe50']'.

05-11-2024T12:31:21 - [MESSAGE][INFO] - [SELF-HEALING] Working Locator: '//div[@id='AppFrameScrollable']/div/div/div/div/div/div/iframe'.

05-11-2024T12:31:22 - [MESSAGE][INFO] - [SELF-HEALING] Screenshot: C:/Users/AnusmitaKundu/git/threadShopify/ThreadShopify/Reports/Self-healing/Object Repository/Thread_Webshop/Banner/Page_Threads  Customize Dawn  Shopify/iframe_Skip to content_fe56d741-3ec3-491d-b_5f461d_idRelative.png

05-11-2024T12:31:22 - [MESSAGE][ERROR] - [SELF-HEALING] com.google.gson.stream.MalformedJsonException: Expected ':' at line 5 column 10 path $.brokenTestObjects[0].<<<<<<<

05-11-2024T12:31:22 - [MESSAGE][ERROR] - [SELF-HEALING] C:\Users\AnusmitaKundu\git\threadShopify\ThreadShopify\Reports\Self-healing\broken-test-objects-v2.json does not exist or is provided by Self-healing Plugin!

05-11-2024T12:31:22 - [MESSAGE][WARNING] - [SELF-HEALING] The current locator of test object 'Object Repository/Thread_Webshop/Banner/Page_Threads  Customize Dawn  Shopify/iframe_Skip to content_fe56d741-3ec3-491d-b_5f461d' was broken. Propose an alternative one: '//div[@id='AppFrameScrollable']/div/div/div/div/div/div/iframe'.

05-11-2024T12:31:22 - [MESSAGE][PASSED] - Object: 'Object Repository/Thread_Webshop/Banner/Page_Threads  Customize Dawn  Shopify/div_ASICS TIGER (2)' is clicked on

05-11-2024T12:31:22 - [TEST_STEP][PASSED] - takeScreenshot(screenshotFolder + "select_banner.png"): Taking screenshot successfully

05-11-2024T12:31:23 - [MESSAGE][PASSED] - Taking screenshot successfully
[[ATTACHMENT|C:\\Users\\AnusmitaKundu\\git\\threadShopify\\ThreadShopify\\Reports\\20241105_120811\\Threads\\New Test Suite (1)\\20241105_120811\\screenshots/Banner_20241105_122806/select_banner.png]]

05-11-2024T12:31:23 - [TEST_STEP][PASSED] - click(findTestObject("Object Repository/Thread_Webshop/Banner/Page_Threads  Customize Dawn  Shopify/span_Save (4)")): Object: 'Object Repository/Thread_Webshop/Banner/Page_Threads  Customize Dawn  Shopify/span_Save (4)' is clicked on

05-11-2024T12:31:54 - [MESSAGE][INFO] - Unable to find the element located by 'By.xpath: //iframe[@name='fe56d741-3ec3-491d-b2e4-4f073b20fe50']'. Please recheck the objects properties to make sure the desired element is located. 

05-11-2024T12:31:54 - [MESSAGE][WARNING] - [SELF-HEALING] Failed to find element with id 'Object Repository/Thread_Webshop/Banner/Page_Threads  Customize Dawn  Shopify/iframe_Skip to content_fe56d741-3ec3-491d-b_5f461d'. Try using Self-healing.

05-11-2024T12:31:54 - [MESSAGE][ERROR] - [SELF-HEALING] com.google.gson.stream.MalformedJsonException: Expected ':' at line 5 column 10 path $.brokenTestObjects[0].<<<<<<<

05-11-2024T12:31:54 - [MESSAGE][INFO] - [SELF-HEALING] Failed Locator: '//iframe[@name='fe56d741-3ec3-491d-b2e4-4f073b20fe50']'.

05-11-2024T12:31:54 - [MESSAGE][INFO] - [SELF-HEALING] Working Locator: '//div[@id='AppFrameScrollable']/div/div/div/div/div/div/iframe'.

05-11-2024T12:31:55 - [MESSAGE][INFO] - [SELF-HEALING] Screenshot: C:/Users/AnusmitaKundu/git/threadShopify/ThreadShopify/Reports/Self-healing/Object Repository/Thread_Webshop/Banner/Page_Threads  Customize Dawn  Shopify/iframe_Skip to content_fe56d741-3ec3-491d-b_5f461d_idRelative.png

05-11-2024T12:31:55 - [MESSAGE][ERROR] - [SELF-HEALING] com.google.gson.stream.MalformedJsonException: Expected ':' at line 5 column 10 path $.brokenTestObjects[0].<<<<<<<

05-11-2024T12:31:55 - [MESSAGE][ERROR] - [SELF-HEALING] C:\Users\AnusmitaKundu\git\threadShopify\ThreadShopify\Reports\Self-healing\broken-test-objects-v2.json does not exist or is provided by Self-healing Plugin!

05-11-2024T12:31:55 - [MESSAGE][WARNING] - [SELF-HEALING] The current locator of test object 'Object Repository/Thread_Webshop/Banner/Page_Threads  Customize Dawn  Shopify/iframe_Skip to content_fe56d741-3ec3-491d-b_5f461d' was broken. Propose an alternative one: '//div[@id='AppFrameScrollable']/div/div/div/div/div/div/iframe'.

05-11-2024T12:31:55 - [MESSAGE][PASSED] - Object: 'Object Repository/Thread_Webshop/Banner/Page_Threads  Customize Dawn  Shopify/span_Save (4)' is clicked on

05-11-2024T12:31:55 - [TEST_STEP][PASSED] - delay(2): Delayed 2 second(s)

05-11-2024T12:31:57 - [MESSAGE][PASSED] - Delayed 2 second(s)

05-11-2024T12:31:57 - [TEST_STEP][PASSED] - callTestCase(findTestCase("Threads_Webshop/ReUsable Testcases/Enter Password"), [:], STOP_ON_FAILURE): Call Test Case 'Test Cases/Threads_Webshop/ReUsable Testcases/Enter Password' successfully

05-11-2024T12:31:58 - [TEST_CASE][PASSED] - Test Cases/Threads_Webshop/ReUsable Testcases/Enter Password: Test Cases/Threads_Webshop/ReUsable Testcases/Enter Password

05-11-2024T12:31:58 - [TEST_STEP][PASSED] - openBrowser(""): Browser is opened with url: ''

05-11-2024T12:31:58 - [MESSAGE][WARNING] - A browser is already opened. Closing browser and opening a new one

05-11-2024T12:31:59 - [MESSAGE][INFO] - Starting 'Chrome' driver

05-11-2024T12:31:59 - [MESSAGE][INFO] - Action delay is set to 0 milliseconds

05-11-2024T12:32:00 - [MESSAGE][PASSED] - Browser is opened with url: ''

05-11-2024T12:32:00 - [TEST_STEP][PASSED] - maximizeWindow(): Current window maximized

05-11-2024T12:32:00 - [MESSAGE][PASSED] - Current window maximized

05-11-2024T12:32:00 - [TEST_STEP][PASSED] - navigateToUrl("https://threads0.myshopify.com/password"): Navigate to 'https://threads0.myshopify.com/password' successfully

05-11-2024T12:32:02 - [MESSAGE][PASSED] - Navigate to 'https://threads0.myshopify.com/password' successfully

05-11-2024T12:32:02 - [TEST_STEP][PASSED] - click(findTestObject("Object Repository/Thread_Webshop/Reusable Testcase/Page_Threads/div_Enter using password")): Object: 'Object Repository/Thread_Webshop/Reusable Testcase/Page_Threads/div_Enter using password' is clicked on

05-11-2024T12:32:06 - [MESSAGE][PASSED] - Object: 'Object Repository/Thread_Webshop/Reusable Testcase/Page_Threads/div_Enter using password' is clicked on

05-11-2024T12:32:06 - [TEST_STEP][PASSED] - setEncryptedText(findTestObject("Object Repository/Thread_Webshop/Reusable Testcase/Page_Threads/input_Enter store using password_password"), "gnzTAVlujIw+lTr0To6+Cg=="): Text ****** has been set on object 'Object Repository/Thread_Webshop/Reusable Testcase/Page_Threads/input_Enter store using password_password'

05-11-2024T12:32:06 - [MESSAGE][PASSED] - Text ****** has been set on object 'Object Repository/Thread_Webshop/Reusable Testcase/Page_Threads/input_Enter store using password_password'

05-11-2024T12:32:06 - [TEST_STEP][PASSED] - click(findTestObject("Object Repository/Thread_Webshop/Reusable Testcase/Page_Threads/button_Enter")): Object: 'Object Repository/Thread_Webshop/Reusable Testcase/Page_Threads/button_Enter' is clicked on

05-11-2024T12:32:08 - [MESSAGE][PASSED] - Object: 'Object Repository/Thread_Webshop/Reusable Testcase/Page_Threads/button_Enter' is clicked on

05-11-2024T12:32:08 - [MESSAGE][INFO] - 

05-11-2024T12:32:08 - [MESSAGE][INFO] - ===================== Self-healing Report ====================

05-11-2024T12:32:08 - [MESSAGE][INFO] - One of the failed test object locators has been recovered by Self-healing. Please refer to the Self-healing Insights tab for more details.

05-11-2024T12:32:08 - [MESSAGE][INFO] - To learn more about Self-healing, please read https://docs.katalon.com/katalon-studio/docs/self-healing.html

05-11-2024T12:32:08 - [MESSAGE][INFO] - ==============================================================

05-11-2024T12:32:08 - [MESSAGE][PASSED] - Call Test Case 'Test Cases/Threads_Webshop/ReUsable Testcases/Enter Password' successfully

05-11-2024T12:32:08 - [TEST_STEP][PASSED] - click(findTestObject("Object Repository/Thread_Webshop/Banner/Page_Threads/a_Explore Threads")): Object: 'Object Repository/Thread_Webshop/Banner/Page_Threads/a_Explore Threads' is clicked on

05-11-2024T12:32:09 - [MESSAGE][PASSED] - Object: 'Object Repository/Thread_Webshop/Banner/Page_Threads/a_Explore Threads' is clicked on

05-11-2024T12:32:09 - [TEST_STEP][PASSED] - text_after_change = getText(findTestObject("Object Repository/Thread_Webshop/Banner/Page_ASICS TIGER  Threads/h1_Collection ASICS TIGER")): Text of object 'Object Repository/Thread_Webshop/Banner/Page_ASICS TIGER  Threads/h1_Collection ASICS TIGER' is: 'Collection:
ASICS TIGER'

05-11-2024T12:32:10 - [MESSAGE][PASSED] - Text of object 'Object Repository/Thread_Webshop/Banner/Page_ASICS TIGER  Threads/h1_Collection ASICS TIGER' is: 'Collection:
ASICS TIGER'

05-11-2024T12:32:10 - [TEST_STEP][PASSED] - takeScreenshot(screenshotFolder + "check_banner.png"): Taking screenshot successfully

05-11-2024T12:32:11 - [MESSAGE][PASSED] - Taking screenshot successfully
[[ATTACHMENT|C:\\Users\\AnusmitaKundu\\git\\threadShopify\\ThreadShopify\\Reports\\20241105_120811\\Threads\\New Test Suite (1)\\20241105_120811\\screenshots/Banner_20241105_122806/check_banner.png]]

05-11-2024T12:32:11 - [TEST_STEP][PASSED] - closeBrowser(): Browser is closed

05-11-2024T12:32:12 - [MESSAGE][PASSED] - Browser is closed]]></system-out>
         <system-err><![CDATA[]]></system-err>
      </testcase>
      <testcase name="Test Cases/Threads_Webshop/3 Homepage/Homepage-Banner/Reset the Banner" time="286.463" classname="Test Cases/Threads_Webshop/3 Homepage/Homepage-Banner/Reset the Banner" status="PASSED">
         <system-out><![CDATA[05-11-2024T12:32:12 - [TEST_CASE][PASSED] - Test Cases/Threads_Webshop/3 Homepage/Homepage-Banner/Reset the Banner: Test Cases/Threads_Webshop/3 Homepage/Homepage-Banner/Reset the Banner

05-11-2024T12:32:12 - [TEST_STEP][PASSED] - timestamp = SimpleDateFormat(yyyyMMdd_HHmmss).format(new java.util.Date()): null

05-11-2024T12:32:12 - [TEST_STEP][PASSED] - screenshotFolder = "screenshots/Banner_" + timestamp + "/": null

05-11-2024T12:32:12 - [TEST_STEP][PASSED] - openBrowser(""): Browser is opened with url: ''

05-11-2024T12:32:12 - [MESSAGE][INFO] - Starting 'Chrome' driver

05-11-2024T12:32:12 - [MESSAGE][INFO] - Action delay is set to 0 milliseconds

05-11-2024T12:32:13 - [MESSAGE][PASSED] - Browser is opened with url: ''

05-11-2024T12:32:13 - [TEST_STEP][PASSED] - navigateToUrl("https://accounts.shopify.com/lookup?rid=dae83e14-2e3c-4fcf-a6be-3804591d53e3&verify=1730703470-n9Qi9cu+W2Oet%2FisWWWPznB2IGXxJqGTPM3%2FTJl8RoU%3D"): Navigate to 'https://accounts.shopify.com/lookup?rid=dae83e14-2e3c-4fcf-a6be-3804591d53e3&verify=1730703470-n9Qi9cu+W2Oet%2FisWWWPznB2IGXxJqGTPM3%2FTJl8RoU%3D' successfully

05-11-2024T12:32:17 - [MESSAGE][PASSED] - Navigate to 'https://accounts.shopify.com/lookup?rid=dae83e14-2e3c-4fcf-a6be-3804591d53e3&verify=1730703470-n9Qi9cu+W2Oet%2FisWWWPznB2IGXxJqGTPM3%2FTJl8RoU%3D' successfully

05-11-2024T12:32:17 - [TEST_STEP][PASSED] - setText(findTestObject("Object Repository/Thread_Webshop/Banner/Page_Log in  Shopify/input_Email_accountemail"), "samajit_k@pursuitsoftware.com"): Text 'samajit_k@pursuitsoftware.com' is set on object 'Object Repository/Thread_Webshop/Banner/Page_Log in  Shopify/input_Email_accountemail'

05-11-2024T12:32:18 - [MESSAGE][PASSED] - Text 'samajit_k@pursuitsoftware.com' is set on object 'Object Repository/Thread_Webshop/Banner/Page_Log in  Shopify/input_Email_accountemail'

05-11-2024T12:32:18 - [TEST_STEP][PASSED] - click(findTestObject("Object Repository/Thread_Webshop/Banner/Page_Log in  Shopify/span_Continue with email")): Object: 'Object Repository/Thread_Webshop/Banner/Page_Log in  Shopify/span_Continue with email' is clicked on

05-11-2024T12:32:25 - [MESSAGE][PASSED] - Object: 'Object Repository/Thread_Webshop/Banner/Page_Log in  Shopify/span_Continue with email' is clicked on

05-11-2024T12:32:25 - [TEST_STEP][PASSED] - setEncryptedText(findTestObject("Object Repository/Thread_Webshop/Banner/Page_Shopify/input_Password_accountpassword"), "DRbH8EpD41YzIH0RHeeTVRgk/CyhY5Tq4LbYao5MnUo="): Text ****** has been set on object 'Object Repository/Thread_Webshop/Banner/Page_Shopify/input_Password_accountpassword'

05-11-2024T12:32:26 - [MESSAGE][PASSED] - Text ****** has been set on object 'Object Repository/Thread_Webshop/Banner/Page_Shopify/input_Password_accountpassword'

05-11-2024T12:32:26 - [TEST_STEP][PASSED] - click(findTestObject("Object Repository/Thread_Webshop/Banner/Page_Shopify/button_Log in")): Object: 'Object Repository/Thread_Webshop/Banner/Page_Shopify/button_Log in' is clicked on

05-11-2024T12:32:31 - [MESSAGE][PASSED] - Object: 'Object Repository/Thread_Webshop/Banner/Page_Shopify/button_Log in' is clicked on

05-11-2024T12:32:31 - [TEST_STEP][PASSED] - click(findTestObject("Object Repository/Thread_Webshop/Banner/Page_Shopify account profile/img")): Object: 'Object Repository/Thread_Webshop/Banner/Page_Shopify account profile/img' is clicked on

05-11-2024T12:32:35 - [MESSAGE][PASSED] - Object: 'Object Repository/Thread_Webshop/Banner/Page_Shopify account profile/img' is clicked on

05-11-2024T12:32:35 - [TEST_STEP][PASSED] - click(findTestObject("Object Repository/Thread_Webshop/Banner/Page_Log in  Shopify/div_Samajit Kundu")): Object: 'Object Repository/Thread_Webshop/Banner/Page_Log in  Shopify/div_Samajit Kundu' is clicked on

05-11-2024T12:32:38 - [MESSAGE][PASSED] - Object: 'Object Repository/Thread_Webshop/Banner/Page_Log in  Shopify/div_Samajit Kundu' is clicked on

05-11-2024T12:32:38 - [TEST_STEP][PASSED] - takeScreenshot(screenshotFolder + "shopify_website.png"): Taking screenshot successfully

05-11-2024T12:32:40 - [MESSAGE][PASSED] - Taking screenshot successfully
[[ATTACHMENT|C:\\Users\\AnusmitaKundu\\git\\threadShopify\\ThreadShopify\\Reports\\20241105_120811\\Threads\\New Test Suite (1)\\20241105_120811\\screenshots/Banner_20241105_123212/shopify_website.png]]

05-11-2024T12:32:40 - [TEST_STEP][PASSED] - click(findTestObject("Object Repository/Thread_Webshop/Banner/Page_Threads  Home  Shopify/span_Online Store")): Object: 'Object Repository/Thread_Webshop/Banner/Page_Threads  Home  Shopify/span_Online Store' is clicked on

05-11-2024T12:32:43 - [MESSAGE][PASSED] - Object: 'Object Repository/Thread_Webshop/Banner/Page_Threads  Home  Shopify/span_Online Store' is clicked on

05-11-2024T12:32:43 - [TEST_STEP][PASSED] - click(findTestObject("Object Repository/Thread_Webshop/Banner/Page_Threads  Themes  Shopify/span_Customize")): Object: 'Object Repository/Thread_Webshop/Banner/Page_Threads  Themes  Shopify/span_Customize' is clicked on

05-11-2024T12:33:14 - [MESSAGE][INFO] - Unable to find the element located by 'By.xpath: //iframe[@name='a99f666a-be2e-4590-8342-6c601bc7b6fe']'. Please recheck the objects properties to make sure the desired element is located. 

05-11-2024T12:33:14 - [MESSAGE][WARNING] - [SELF-HEALING] Failed to find element with id 'Object Repository/Thread_Webshop/Banner/Page_Threads  Themes  Shopify/iframe_Online Store_a99f666a-be2e-4590-8342_49adf1'. Try using Self-healing.

05-11-2024T12:33:14 - [MESSAGE][ERROR] - [SELF-HEALING] com.google.gson.stream.MalformedJsonException: Expected ':' at line 5 column 10 path $.brokenTestObjects[0].<<<<<<<

05-11-2024T12:33:14 - [MESSAGE][INFO] - [SELF-HEALING] Failed Locator: '//iframe[@name='a99f666a-be2e-4590-8342-6c601bc7b6fe']'.

05-11-2024T12:33:15 - [MESSAGE][INFO] - [SELF-HEALING] Working Locator: '//div[@id='AppFrameScrollable']/div/div/div/div/div/div/iframe'.

05-11-2024T12:33:15 - [MESSAGE][INFO] - [SELF-HEALING] Screenshot: C:/Users/AnusmitaKundu/git/threadShopify/ThreadShopify/Reports/Self-healing/Object Repository/Thread_Webshop/Banner/Page_Threads  Themes  Shopify/iframe_Online Store_a99f666a-be2e-4590-8342_49adf1_idRelative.png

05-11-2024T12:33:15 - [MESSAGE][ERROR] - [SELF-HEALING] com.google.gson.stream.MalformedJsonException: Expected ':' at line 5 column 10 path $.brokenTestObjects[0].<<<<<<<

05-11-2024T12:33:15 - [MESSAGE][ERROR] - [SELF-HEALING] C:\Users\AnusmitaKundu\git\threadShopify\ThreadShopify\Reports\Self-healing\broken-test-objects-v2.json does not exist or is provided by Self-healing Plugin!

05-11-2024T12:33:15 - [MESSAGE][WARNING] - [SELF-HEALING] The current locator of test object 'Object Repository/Thread_Webshop/Banner/Page_Threads  Themes  Shopify/iframe_Online Store_a99f666a-be2e-4590-8342_49adf1' was broken. Propose an alternative one: '//div[@id='AppFrameScrollable']/div/div/div/div/div/div/iframe'.

05-11-2024T12:33:15 - [MESSAGE][PASSED] - Object: 'Object Repository/Thread_Webshop/Banner/Page_Threads  Themes  Shopify/span_Customize' is clicked on

05-11-2024T12:33:15 - [TEST_STEP][PASSED] - takeScreenshot(screenshotFolder + "customize_page.png"): Taking screenshot successfully

05-11-2024T12:33:16 - [MESSAGE][PASSED] - Taking screenshot successfully
[[ATTACHMENT|C:\\Users\\AnusmitaKundu\\git\\threadShopify\\ThreadShopify\\Reports\\20241105_120811\\Threads\\New Test Suite (1)\\20241105_120811\\screenshots/Banner_20241105_123212/customize_page.png]]

05-11-2024T12:33:16 - [TEST_STEP][PASSED] - click(findTestObject("Object Repository/Thread_Webshop/Banner/Page_Threads  Customize Dawn  Shopify/button_Uncover your wardrobe essentials_Onl_54202d")): Object: 'Object Repository/Thread_Webshop/Banner/Page_Threads  Customize Dawn  Shopify/button_Uncover your wardrobe essentials_Onl_54202d' is clicked on

05-11-2024T12:33:48 - [MESSAGE][INFO] - Unable to find the element located by 'By.xpath: //iframe[@name='21babb25-8e7e-4493-93a1-8ae7bd2c3301']'. Please recheck the objects properties to make sure the desired element is located. 

05-11-2024T12:33:48 - [MESSAGE][WARNING] - [SELF-HEALING] Failed to find element with id 'Object Repository/Thread_Webshop/Banner/Page_Threads  Customize Dawn  Shopify/iframe_Skip to content_21babb25-8e7e-4493-9_120058'. Try using Self-healing.

05-11-2024T12:33:48 - [MESSAGE][ERROR] - [SELF-HEALING] com.google.gson.stream.MalformedJsonException: Expected ':' at line 5 column 10 path $.brokenTestObjects[0].<<<<<<<

05-11-2024T12:33:48 - [MESSAGE][INFO] - [SELF-HEALING] Failed Locator: '//iframe[@name='21babb25-8e7e-4493-93a1-8ae7bd2c3301']'.

05-11-2024T12:33:48 - [MESSAGE][INFO] - [SELF-HEALING] Working Locator: '//div[@id='AppFrameScrollable']/div/div/div/div/div/div/iframe'.

05-11-2024T12:33:49 - [MESSAGE][INFO] - [SELF-HEALING] Screenshot: C:/Users/AnusmitaKundu/git/threadShopify/ThreadShopify/Reports/Self-healing/Object Repository/Thread_Webshop/Banner/Page_Threads  Customize Dawn  Shopify/iframe_Skip to content_21babb25-8e7e-4493-9_120058_idRelative.png

05-11-2024T12:33:49 - [MESSAGE][ERROR] - [SELF-HEALING] com.google.gson.stream.MalformedJsonException: Expected ':' at line 5 column 10 path $.brokenTestObjects[0].<<<<<<<

05-11-2024T12:33:49 - [MESSAGE][ERROR] - [SELF-HEALING] C:\Users\AnusmitaKundu\git\threadShopify\ThreadShopify\Reports\Self-healing\broken-test-objects-v2.json does not exist or is provided by Self-healing Plugin!

05-11-2024T12:33:49 - [MESSAGE][WARNING] - [SELF-HEALING] The current locator of test object 'Object Repository/Thread_Webshop/Banner/Page_Threads  Customize Dawn  Shopify/iframe_Skip to content_21babb25-8e7e-4493-9_120058' was broken. Propose an alternative one: '//div[@id='AppFrameScrollable']/div/div/div/div/div/div/iframe'.

05-11-2024T12:33:50 - [MESSAGE][PASSED] - Object: 'Object Repository/Thread_Webshop/Banner/Page_Threads  Customize Dawn  Shopify/button_Uncover your wardrobe essentials_Onl_54202d' is clicked on

05-11-2024T12:33:50 - [TEST_STEP][PASSED] - click(findTestObject("Object Repository/Thread_Webshop/Banner/Page_Threads  Customize Dawn  Shopify/input_First button link_UrlSetting1 (1)")): Object: 'Object Repository/Thread_Webshop/Banner/Page_Threads  Customize Dawn  Shopify/input_First button link_UrlSetting1 (1)' is clicked on

05-11-2024T12:34:21 - [MESSAGE][INFO] - Unable to find the element located by 'By.xpath: //iframe[@name='21babb25-8e7e-4493-93a1-8ae7bd2c3301']'. Please recheck the objects properties to make sure the desired element is located. 

05-11-2024T12:34:21 - [MESSAGE][WARNING] - [SELF-HEALING] Failed to find element with id 'Object Repository/Thread_Webshop/Banner/Page_Threads  Customize Dawn  Shopify/iframe_Skip to content_21babb25-8e7e-4493-9_120058'. Try using Self-healing.

05-11-2024T12:34:21 - [MESSAGE][ERROR] - [SELF-HEALING] com.google.gson.stream.MalformedJsonException: Expected ':' at line 5 column 10 path $.brokenTestObjects[0].<<<<<<<

05-11-2024T12:34:21 - [MESSAGE][INFO] - [SELF-HEALING] Failed Locator: '//iframe[@name='21babb25-8e7e-4493-93a1-8ae7bd2c3301']'.

05-11-2024T12:34:22 - [MESSAGE][INFO] - [SELF-HEALING] Working Locator: '//div[@id='AppFrameScrollable']/div/div/div/div/div/div/iframe'.

05-11-2024T12:34:22 - [MESSAGE][INFO] - [SELF-HEALING] Screenshot: C:/Users/AnusmitaKundu/git/threadShopify/ThreadShopify/Reports/Self-healing/Object Repository/Thread_Webshop/Banner/Page_Threads  Customize Dawn  Shopify/iframe_Skip to content_21babb25-8e7e-4493-9_120058_idRelative.png

05-11-2024T12:34:22 - [MESSAGE][ERROR] - [SELF-HEALING] com.google.gson.stream.MalformedJsonException: Expected ':' at line 5 column 10 path $.brokenTestObjects[0].<<<<<<<

05-11-2024T12:34:22 - [MESSAGE][ERROR] - [SELF-HEALING] C:\Users\AnusmitaKundu\git\threadShopify\ThreadShopify\Reports\Self-healing\broken-test-objects-v2.json does not exist or is provided by Self-healing Plugin!

05-11-2024T12:34:22 - [MESSAGE][WARNING] - [SELF-HEALING] The current locator of test object 'Object Repository/Thread_Webshop/Banner/Page_Threads  Customize Dawn  Shopify/iframe_Skip to content_21babb25-8e7e-4493-9_120058' was broken. Propose an alternative one: '//div[@id='AppFrameScrollable']/div/div/div/div/div/div/iframe'.

05-11-2024T12:34:23 - [MESSAGE][PASSED] - Object: 'Object Repository/Thread_Webshop/Banner/Page_Threads  Customize Dawn  Shopify/input_First button link_UrlSetting1 (1)' is clicked on

05-11-2024T12:34:23 - [TEST_STEP][PASSED] - click(findTestObject("Object Repository/Thread_Webshop/Banner/Page_Threads  Customize Dawn  Shopify/input_First button link_UrlSetting1 (2)")): Object: 'Object Repository/Thread_Webshop/Banner/Page_Threads  Customize Dawn  Shopify/input_First button link_UrlSetting1 (2)' is clicked on

05-11-2024T12:34:54 - [MESSAGE][INFO] - Unable to find the element located by 'By.xpath: //iframe[@name='9cc54c77-f6ce-460d-a73a-47539e55d8d3']'. Please recheck the objects properties to make sure the desired element is located. 

05-11-2024T12:34:54 - [MESSAGE][WARNING] - [SELF-HEALING] Failed to find element with id 'Object Repository/Thread_Webshop/Banner/Page_Threads  Customize Dawn  Shopify/iframe_Skip to content_9cc54c77-f6ce-460d-a_b95ee9'. Try using Self-healing.

05-11-2024T12:34:54 - [MESSAGE][ERROR] - [SELF-HEALING] com.google.gson.stream.MalformedJsonException: Expected ':' at line 5 column 10 path $.brokenTestObjects[0].<<<<<<<

05-11-2024T12:34:56 - [MESSAGE][INFO] - [SELF-HEALING] Failed Locator: '//iframe[@name='9cc54c77-f6ce-460d-a73a-47539e55d8d3']'.

05-11-2024T12:34:58 - [MESSAGE][INFO] - [SELF-HEALING] Working Locator: '//div[@id='AppFrameScrollable']/div/div/div/div/div/div/iframe'.

05-11-2024T12:34:59 - [MESSAGE][INFO] - [SELF-HEALING] Screenshot: C:/Users/AnusmitaKundu/git/threadShopify/ThreadShopify/Reports/Self-healing/Object Repository/Thread_Webshop/Banner/Page_Threads  Customize Dawn  Shopify/iframe_Skip to content_9cc54c77-f6ce-460d-a_b95ee9_idRelative.png

05-11-2024T12:34:59 - [MESSAGE][ERROR] - [SELF-HEALING] com.google.gson.stream.MalformedJsonException: Expected ':' at line 5 column 10 path $.brokenTestObjects[0].<<<<<<<

05-11-2024T12:34:59 - [MESSAGE][ERROR] - [SELF-HEALING] C:\Users\AnusmitaKundu\git\threadShopify\ThreadShopify\Reports\Self-healing\broken-test-objects-v2.json does not exist or is provided by Self-healing Plugin!

05-11-2024T12:34:59 - [MESSAGE][WARNING] - [SELF-HEALING] The current locator of test object 'Object Repository/Thread_Webshop/Banner/Page_Threads  Customize Dawn  Shopify/iframe_Skip to content_9cc54c77-f6ce-460d-a_b95ee9' was broken. Propose an alternative one: '//div[@id='AppFrameScrollable']/div/div/div/div/div/div/iframe'.

05-11-2024T12:34:59 - [MESSAGE][PASSED] - Object: 'Object Repository/Thread_Webshop/Banner/Page_Threads  Customize Dawn  Shopify/input_First button link_UrlSetting1 (2)' is clicked on

05-11-2024T12:34:59 - [TEST_STEP][PASSED] - click(findTestObject("Object Repository/Thread_Webshop/Banner/Page_Threads  Customize Dawn  Shopify/div_Products (2)")): Object: 'Object Repository/Thread_Webshop/Banner/Page_Threads  Customize Dawn  Shopify/div_Products (2)' is clicked on

05-11-2024T12:35:31 - [MESSAGE][INFO] - Unable to find the element located by 'By.xpath: //iframe[@name='9cc54c77-f6ce-460d-a73a-47539e55d8d3']'. Please recheck the objects properties to make sure the desired element is located. 

05-11-2024T12:35:31 - [MESSAGE][WARNING] - [SELF-HEALING] Failed to find element with id 'Object Repository/Thread_Webshop/Banner/Page_Threads  Customize Dawn  Shopify/iframe_Skip to content_9cc54c77-f6ce-460d-a_b95ee9'. Try using Self-healing.

05-11-2024T12:35:31 - [MESSAGE][ERROR] - [SELF-HEALING] com.google.gson.stream.MalformedJsonException: Expected ':' at line 5 column 10 path $.brokenTestObjects[0].<<<<<<<

05-11-2024T12:35:31 - [MESSAGE][INFO] - [SELF-HEALING] Failed Locator: '//iframe[@name='9cc54c77-f6ce-460d-a73a-47539e55d8d3']'.

05-11-2024T12:35:31 - [MESSAGE][INFO] - [SELF-HEALING] Working Locator: '//div[@id='AppFrameScrollable']/div/div/div/div/div/div/iframe'.

05-11-2024T12:35:32 - [MESSAGE][INFO] - [SELF-HEALING] Screenshot: C:/Users/AnusmitaKundu/git/threadShopify/ThreadShopify/Reports/Self-healing/Object Repository/Thread_Webshop/Banner/Page_Threads  Customize Dawn  Shopify/iframe_Skip to content_9cc54c77-f6ce-460d-a_b95ee9_idRelative.png

05-11-2024T12:35:32 - [MESSAGE][ERROR] - [SELF-HEALING] com.google.gson.stream.MalformedJsonException: Expected ':' at line 5 column 10 path $.brokenTestObjects[0].<<<<<<<

05-11-2024T12:35:32 - [MESSAGE][ERROR] - [SELF-HEALING] C:\Users\AnusmitaKundu\git\threadShopify\ThreadShopify\Reports\Self-healing\broken-test-objects-v2.json does not exist or is provided by Self-healing Plugin!

05-11-2024T12:35:32 - [MESSAGE][WARNING] - [SELF-HEALING] The current locator of test object 'Object Repository/Thread_Webshop/Banner/Page_Threads  Customize Dawn  Shopify/iframe_Skip to content_9cc54c77-f6ce-460d-a_b95ee9' was broken. Propose an alternative one: '//div[@id='AppFrameScrollable']/div/div/div/div/div/div/iframe'.

05-11-2024T12:35:32 - [MESSAGE][PASSED] - Object: 'Object Repository/Thread_Webshop/Banner/Page_Threads  Customize Dawn  Shopify/div_Products (2)' is clicked on

05-11-2024T12:35:32 - [TEST_STEP][PASSED] - click(findTestObject("Object Repository/Thread_Webshop/Banner/Page_Threads  Customize Dawn  Shopify/div_All products")): Object: 'Object Repository/Thread_Webshop/Banner/Page_Threads  Customize Dawn  Shopify/div_All products' is clicked on

05-11-2024T12:36:03 - [MESSAGE][INFO] - Unable to find the element located by 'By.xpath: //iframe[@name='9cc54c77-f6ce-460d-a73a-47539e55d8d3']'. Please recheck the objects properties to make sure the desired element is located. 

05-11-2024T12:36:03 - [MESSAGE][WARNING] - [SELF-HEALING] Failed to find element with id 'Object Repository/Thread_Webshop/Banner/Page_Threads  Customize Dawn  Shopify/iframe_Skip to content_9cc54c77-f6ce-460d-a_b95ee9'. Try using Self-healing.

05-11-2024T12:36:03 - [MESSAGE][ERROR] - [SELF-HEALING] com.google.gson.stream.MalformedJsonException: Expected ':' at line 5 column 10 path $.brokenTestObjects[0].<<<<<<<

05-11-2024T12:36:03 - [MESSAGE][INFO] - [SELF-HEALING] Failed Locator: '//iframe[@name='9cc54c77-f6ce-460d-a73a-47539e55d8d3']'.

05-11-2024T12:36:04 - [MESSAGE][INFO] - [SELF-HEALING] Working Locator: '//div[@id='AppFrameScrollable']/div/div/div/div/div/div/iframe'.

05-11-2024T12:36:04 - [MESSAGE][INFO] - [SELF-HEALING] Screenshot: C:/Users/AnusmitaKundu/git/threadShopify/ThreadShopify/Reports/Self-healing/Object Repository/Thread_Webshop/Banner/Page_Threads  Customize Dawn  Shopify/iframe_Skip to content_9cc54c77-f6ce-460d-a_b95ee9_idRelative.png

05-11-2024T12:36:04 - [MESSAGE][ERROR] - [SELF-HEALING] com.google.gson.stream.MalformedJsonException: Expected ':' at line 5 column 10 path $.brokenTestObjects[0].<<<<<<<

05-11-2024T12:36:04 - [MESSAGE][ERROR] - [SELF-HEALING] C:\Users\AnusmitaKundu\git\threadShopify\ThreadShopify\Reports\Self-healing\broken-test-objects-v2.json does not exist or is provided by Self-healing Plugin!

05-11-2024T12:36:04 - [MESSAGE][WARNING] - [SELF-HEALING] The current locator of test object 'Object Repository/Thread_Webshop/Banner/Page_Threads  Customize Dawn  Shopify/iframe_Skip to content_9cc54c77-f6ce-460d-a_b95ee9' was broken. Propose an alternative one: '//div[@id='AppFrameScrollable']/div/div/div/div/div/div/iframe'.

05-11-2024T12:36:05 - [MESSAGE][PASSED] - Object: 'Object Repository/Thread_Webshop/Banner/Page_Threads  Customize Dawn  Shopify/div_All products' is clicked on

05-11-2024T12:36:05 - [TEST_STEP][PASSED] - takeScreenshot(screenshotFolder + "selection_banner.png"): Taking screenshot successfully

05-11-2024T12:36:06 - [MESSAGE][PASSED] - Taking screenshot successfully
[[ATTACHMENT|C:\\Users\\AnusmitaKundu\\git\\threadShopify\\ThreadShopify\\Reports\\20241105_120811\\Threads\\New Test Suite (1)\\20241105_120811\\screenshots/Banner_20241105_123212/selection_banner.png]]

05-11-2024T12:36:06 - [TEST_STEP][PASSED] - click(findTestObject("Object Repository/Thread_Webshop/Banner/Page_Threads  Customize Dawn  Shopify/span_Save (4)")): Object: 'Object Repository/Thread_Webshop/Banner/Page_Threads  Customize Dawn  Shopify/span_Save (4)' is clicked on

05-11-2024T12:36:37 - [MESSAGE][INFO] - Unable to find the element located by 'By.xpath: //iframe[@name='fe56d741-3ec3-491d-b2e4-4f073b20fe50']'. Please recheck the objects properties to make sure the desired element is located. 

05-11-2024T12:36:37 - [MESSAGE][WARNING] - [SELF-HEALING] Failed to find element with id 'Object Repository/Thread_Webshop/Banner/Page_Threads  Customize Dawn  Shopify/iframe_Skip to content_fe56d741-3ec3-491d-b_5f461d'. Try using Self-healing.

05-11-2024T12:36:37 - [MESSAGE][ERROR] - [SELF-HEALING] com.google.gson.stream.MalformedJsonException: Expected ':' at line 5 column 10 path $.brokenTestObjects[0].<<<<<<<

05-11-2024T12:36:37 - [MESSAGE][INFO] - [SELF-HEALING] Failed Locator: '//iframe[@name='fe56d741-3ec3-491d-b2e4-4f073b20fe50']'.

05-11-2024T12:36:38 - [MESSAGE][INFO] - [SELF-HEALING] Working Locator: '//div[@id='AppFrameScrollable']/div/div/div/div/div/div/iframe'.

05-11-2024T12:36:38 - [MESSAGE][INFO] - [SELF-HEALING] Screenshot: C:/Users/AnusmitaKundu/git/threadShopify/ThreadShopify/Reports/Self-healing/Object Repository/Thread_Webshop/Banner/Page_Threads  Customize Dawn  Shopify/iframe_Skip to content_fe56d741-3ec3-491d-b_5f461d_idRelative.png

05-11-2024T12:36:38 - [MESSAGE][ERROR] - [SELF-HEALING] com.google.gson.stream.MalformedJsonException: Expected ':' at line 5 column 10 path $.brokenTestObjects[0].<<<<<<<

05-11-2024T12:36:38 - [MESSAGE][ERROR] - [SELF-HEALING] C:\Users\AnusmitaKundu\git\threadShopify\ThreadShopify\Reports\Self-healing\broken-test-objects-v2.json does not exist or is provided by Self-healing Plugin!

05-11-2024T12:36:38 - [MESSAGE][WARNING] - [SELF-HEALING] The current locator of test object 'Object Repository/Thread_Webshop/Banner/Page_Threads  Customize Dawn  Shopify/iframe_Skip to content_fe56d741-3ec3-491d-b_5f461d' was broken. Propose an alternative one: '//div[@id='AppFrameScrollable']/div/div/div/div/div/div/iframe'.

05-11-2024T12:36:39 - [MESSAGE][PASSED] - Object: 'Object Repository/Thread_Webshop/Banner/Page_Threads  Customize Dawn  Shopify/span_Save (4)' is clicked on

05-11-2024T12:36:39 - [TEST_STEP][PASSED] - delay(2): Delayed 2 second(s)

05-11-2024T12:36:41 - [MESSAGE][PASSED] - Delayed 2 second(s)

05-11-2024T12:36:41 - [TEST_STEP][PASSED] - callTestCase(findTestCase("Threads_Webshop/ReUsable Testcases/Enter Password"), [:], STOP_ON_FAILURE): Call Test Case 'Test Cases/Threads_Webshop/ReUsable Testcases/Enter Password' successfully

05-11-2024T12:36:41 - [TEST_CASE][PASSED] - Test Cases/Threads_Webshop/ReUsable Testcases/Enter Password: Test Cases/Threads_Webshop/ReUsable Testcases/Enter Password

05-11-2024T12:36:41 - [TEST_STEP][PASSED] - openBrowser(""): Browser is opened with url: ''

05-11-2024T12:36:41 - [MESSAGE][WARNING] - A browser is already opened. Closing browser and opening a new one

05-11-2024T12:36:42 - [MESSAGE][INFO] - Starting 'Chrome' driver

05-11-2024T12:36:42 - [MESSAGE][INFO] - Action delay is set to 0 milliseconds

05-11-2024T12:36:43 - [MESSAGE][PASSED] - Browser is opened with url: ''

05-11-2024T12:36:43 - [TEST_STEP][PASSED] - maximizeWindow(): Current window maximized

05-11-2024T12:36:44 - [MESSAGE][PASSED] - Current window maximized

05-11-2024T12:36:44 - [TEST_STEP][PASSED] - navigateToUrl("https://threads0.myshopify.com/password"): Navigate to 'https://threads0.myshopify.com/password' successfully

05-11-2024T12:36:45 - [MESSAGE][PASSED] - Navigate to 'https://threads0.myshopify.com/password' successfully

05-11-2024T12:36:45 - [TEST_STEP][PASSED] - click(findTestObject("Object Repository/Thread_Webshop/Reusable Testcase/Page_Threads/div_Enter using password")): Object: 'Object Repository/Thread_Webshop/Reusable Testcase/Page_Threads/div_Enter using password' is clicked on

05-11-2024T12:36:48 - [MESSAGE][PASSED] - Object: 'Object Repository/Thread_Webshop/Reusable Testcase/Page_Threads/div_Enter using password' is clicked on

05-11-2024T12:36:48 - [TEST_STEP][PASSED] - setEncryptedText(findTestObject("Object Repository/Thread_Webshop/Reusable Testcase/Page_Threads/input_Enter store using password_password"), "gnzTAVlujIw+lTr0To6+Cg=="): Text ****** has been set on object 'Object Repository/Thread_Webshop/Reusable Testcase/Page_Threads/input_Enter store using password_password'

05-11-2024T12:36:49 - [MESSAGE][PASSED] - Text ****** has been set on object 'Object Repository/Thread_Webshop/Reusable Testcase/Page_Threads/input_Enter store using password_password'

05-11-2024T12:36:49 - [TEST_STEP][PASSED] - click(findTestObject("Object Repository/Thread_Webshop/Reusable Testcase/Page_Threads/button_Enter")): Object: 'Object Repository/Thread_Webshop/Reusable Testcase/Page_Threads/button_Enter' is clicked on

05-11-2024T12:36:53 - [MESSAGE][PASSED] - Object: 'Object Repository/Thread_Webshop/Reusable Testcase/Page_Threads/button_Enter' is clicked on

05-11-2024T12:36:53 - [MESSAGE][INFO] - 

05-11-2024T12:36:53 - [MESSAGE][INFO] - ===================== Self-healing Report ====================

05-11-2024T12:36:53 - [MESSAGE][INFO] - One of the failed test object locators has been recovered by Self-healing. Please refer to the Self-healing Insights tab for more details.

05-11-2024T12:36:53 - [MESSAGE][INFO] - To learn more about Self-healing, please read https://docs.katalon.com/katalon-studio/docs/self-healing.html

05-11-2024T12:36:53 - [MESSAGE][INFO] - ==============================================================

05-11-2024T12:36:53 - [MESSAGE][PASSED] - Call Test Case 'Test Cases/Threads_Webshop/ReUsable Testcases/Enter Password' successfully

05-11-2024T12:36:53 - [TEST_STEP][PASSED] - click(findTestObject("Object Repository/Thread_Webshop/Banner/Page_Threads/a_Explore Threads_1")): Object: 'Object Repository/Thread_Webshop/Banner/Page_Threads/a_Explore Threads_1' is clicked on

05-11-2024T12:36:55 - [MESSAGE][PASSED] - Object: 'Object Repository/Thread_Webshop/Banner/Page_Threads/a_Explore Threads_1' is clicked on

05-11-2024T12:36:55 - [TEST_STEP][PASSED] - takeScreenshot(screenshotFolder + "check_banner.png"): Taking screenshot successfully

05-11-2024T12:36:56 - [MESSAGE][PASSED] - Taking screenshot successfully
[[ATTACHMENT|C:\\Users\\AnusmitaKundu\\git\\threadShopify\\ThreadShopify\\Reports\\20241105_120811\\Threads\\New Test Suite (1)\\20241105_120811\\screenshots/Banner_20241105_123212/check_banner.png]]

05-11-2024T12:36:56 - [TEST_STEP][PASSED] - click(findTestObject("Object Repository/Thread_Webshop/Banner/Page_Products  Threads/a_ADIDAS  CLASSIC BACKPACK")): Object: 'Object Repository/Thread_Webshop/Banner/Page_Products  Threads/a_ADIDAS  CLASSIC BACKPACK' is clicked on

05-11-2024T12:36:57 - [MESSAGE][PASSED] - Object: 'Object Repository/Thread_Webshop/Banner/Page_Products  Threads/a_ADIDAS  CLASSIC BACKPACK' is clicked on

05-11-2024T12:36:57 - [TEST_STEP][PASSED] - closeBrowser(): Browser is closed

05-11-2024T12:36:58 - [MESSAGE][PASSED] - Browser is closed]]></system-out>
         <system-err><![CDATA[]]></system-err>
      </testcase>
      <system-out><![CDATA[05-11-2024T12:08:16 - [TEST_SUITE][PASSED] - New Test Suite (1): Test Cases/Threads_Webshop/3 Homepage/Homepage-Banner/Reset the Banner]]></system-out>
      <system-err><![CDATA[]]></system-err>
   </testsuite>
</testsuites>
