<?xml version="1.0" encoding="UTF-8"?>
<testsuites name="Final TestSuit" time="2622.103" tests="21" failures="0" errors="1">
   <testsuite name="Final TestSuit" tests="21" failures="0" errors="1" time="2622.103" skipped="0" timestamp="04-11-2024T22:38:46" hostname="SamajitKundu - PSDLAP275" id="Test Suites/Threads/Final TestSuit">
      <properties>
         <property name="deviceName" value=""/>
         <property name="devicePlatform"/>
         <property name="logFolder" value="C:\\Users\\SamajitKundu\\git\\threadShopify\\ThreadShopify\\Reports\\20241104_223842\\Threads\\Final TestSuit\\20241104_223843"/>
         <property name="logFiles" value="C:\\Users\\SamajitKundu\\git\\threadShopify\\ThreadShopify\\Reports\\20241104_223842\\Threads\\Final TestSuit\\20241104_223843\\execution0.log"/>
         <property name="attachments" value="C:\\Users\\SamajitKundu\\git\\threadShopify\\ThreadShopify\\Reports\\20241104_223842\\Threads\\Final TestSuit\\20241104_223843\\screenshots/regestration_20241104223847/enter_password.png, C:\\Users\\SamajitKundu\\git\\threadShopify\\ThreadShopify\\Reports\\20241104_223842\\Threads\\Final TestSuit\\20241104_223843\\screenshots/regestration_20241104223847/home_page.png, C:\\Users\\SamajitKundu\\git\\threadShopify\\ThreadShopify\\Reports\\20241104_223842\\Threads\\Final TestSuit\\20241104_223843\\screenshots/regestration_20241104223847/create_account_page.png, C:\\Users\\SamajitKundu\\git\\threadShopify\\ThreadShopify\\Reports\\20241104_223842\\Threads\\Final TestSuit\\20241104_223843\\screenshots/regestration_20241104223847/account_page.png, C:\\Users\\SamajitKundu\\git\\threadShopify\\ThreadShopify\\Reports\\20241104_223842\\Threads\\Final TestSuit\\20241104_223843\\screenshots/regestration_20241104223847/blank_fields.png, C:\\Users\\SamajitKundu\\git\\threadShopify\\ThreadShopify\\Reports\\20241104_223842\\Threads\\Final TestSuit\\20241104_223843\\screenshots/regestration_20241104223847/without_passwordBefore.png, C:\\Users\\SamajitKundu\\git\\threadShopify\\ThreadShopify\\Reports\\20241104_223842\\Threads\\Final TestSuit\\20241104_223843\\screenshots/regestration_20241104223847/without_passwordAfter.png, C:\\Users\\SamajitKundu\\git\\threadShopify\\ThreadShopify\\Reports\\20241104_223842\\Threads\\Final TestSuit\\20241104_223843\\screenshots/regestration_20241104223847/wrong_emailBefore.png, C:\\Users\\SamajitKundu\\git\\threadShopify\\ThreadShopify\\Reports\\20241104_223842\\Threads\\Final TestSuit\\20241104_223843\\screenshots/regestration_20241104223847/wrong_emailAfter.png, C:\\Users\\SamajitKundu\\git\\threadShopify\\ThreadShopify\\Reports\\20241104_223842\\Threads\\Final TestSuit\\20241104_223843\\screenshots/regestration_20241104223847/correctBefore.png, C:\\Users\\SamajitKundu\\git\\threadShopify\\ThreadShopify\\Reports\\20241104_223842\\Threads\\Final TestSuit\\20241104_223843\\screenshots/regestration_20241104223847/correctAfter.png, C:\\Users\\SamajitKundu\\git\\threadShopify\\ThreadShopify\\Reports\\20241104_223842\\Threads\\Final TestSuit\\20241104_223843\\screenshots/regestration_20241104223847/home_page_post_login.png, C:\\Users\\SamajitKundu\\git\\threadShopify\\ThreadShopify\\Reports\\20241104_223842\\Threads\\Final TestSuit\\20241104_223843\\screenshots/regestration_20241104223847/logout.png, C:\\Users\\SamajitKundu\\git\\threadShopify\\ThreadShopify\\Reports\\20241104_223842\\Threads\\Final TestSuit\\20241104_223843\\screenshots/login_20241104223947/login_page.png, C:\\Users\\SamajitKundu\\git\\threadShopify\\ThreadShopify\\Reports\\20241104_223842\\Threads\\Final TestSuit\\20241104_223843\\screenshots/login_20241104223947/login_page_after.png, C:\\Users\\SamajitKundu\\git\\threadShopify\\ThreadShopify\\Reports\\20241104_223842\\Threads\\Final TestSuit\\20241104_223843\\screenshots/login_20241104223947/invalid_email_before.png, C:\\Users\\SamajitKundu\\git\\threadShopify\\ThreadShopify\\Reports\\20241104_223842\\Threads\\Final TestSuit\\20241104_223843\\screenshots/login_20241104223947/invalid_email_after.png, C:\\Users\\SamajitKundu\\git\\threadShopify\\ThreadShopify\\Reports\\20241104_223842\\Threads\\Final TestSuit\\20241104_223843\\screenshots/login_20241104223947/invalid_password_before.png, C:\\Users\\SamajitKundu\\git\\threadShopify\\ThreadShopify\\Reports\\20241104_223842\\Threads\\Final TestSuit\\20241104_223843\\screenshots/login_20241104223947/invalid_password_after.png, C:\\Users\\SamajitKundu\\git\\threadShopify\\ThreadShopify\\Reports\\20241104_223842\\Threads\\Final TestSuit\\20241104_223843\\screenshots/login_20241104223947/valid_before.png, C:\\Users\\SamajitKundu\\git\\threadShopify\\ThreadShopify\\Reports\\20241104_223842\\Threads\\Final TestSuit\\20241104_223843\\screenshots/login_20241104223947/valid_after.png, C:\\Users\\SamajitKundu\\git\\threadShopify\\ThreadShopify\\Reports\\20241104_223842\\Threads\\Final TestSuit\\20241104_223843\\screenshots/login_20241104223947/account_page.png, C:\\Users\\SamajitKundu\\git\\threadShopify\\ThreadShopify\\Reports\\20241104_223842\\Threads\\Final TestSuit\\20241104_223843\\screenshots/login_20241104223947/logout_page.png, C:\\Users\\SamajitKundu\\git\\threadShopify\\ThreadShopify\\Reports\\20241104_223842\\Threads\\Final TestSuit\\20241104_223843\\screenshots/login_20241104223947/login_page_after_logout.png, C:\\Users\\SamajitKundu\\git\\threadShopify\\ThreadShopify\\Reports\\20241104_223842\\Threads\\Final TestSuit\\20241104_223843\\screenshots/home_page_20241104_224030/home.png, C:\\Users\\SamajitKundu\\git\\threadShopify\\ThreadShopify\\Reports\\20241104_223842\\Threads\\Final TestSuit\\20241104_223843\\screenshots/home_page_20241104_224030/open_search_bar.png, C:\\Users\\SamajitKundu\\git\\threadShopify\\ThreadShopify\\Reports\\20241104_223842\\Threads\\Final TestSuit\\20241104_223843\\screenshots/home_page_20241104_224030/blank_bar.png, C:\\Users\\SamajitKundu\\git\\threadShopify\\ThreadShopify\\Reports\\20241104_223842\\Threads\\Final TestSuit\\20241104_223843\\screenshots/home_page_20241104_224030/invalid_before.png, C:\\Users\\SamajitKundu\\git\\threadShopify\\ThreadShopify\\Reports\\20241104_223842\\Threads\\Final TestSuit\\20241104_223843\\screenshots/home_page_20241104_224030/invalid_after.png, C:\\Users\\SamajitKundu\\git\\threadShopify\\ThreadShopify\\Reports\\20241104_223842\\Threads\\Final TestSuit\\20241104_223843\\screenshots/home_page_20241104_224030/search_item_before.png, C:\\Users\\SamajitKundu\\git\\threadShopify\\ThreadShopify\\Reports\\20241104_223842\\Threads\\Final TestSuit\\20241104_223843\\screenshots/home_page_20241104_224030/search_item_after.png, C:\\Users\\SamajitKundu\\git\\threadShopify\\ThreadShopify\\Reports\\20241104_223842\\Threads\\Final TestSuit\\20241104_223843\\screenshots/home_page_20241104_224030/search_result.png, C:\\Users\\SamajitKundu\\git\\threadShopify\\ThreadShopify\\Reports\\20241104_223842\\Threads\\Final TestSuit\\20241104_223843\\screenshots/home_page_20241104_224030/home_final.png, C:\\Users\\SamajitKundu\\git\\threadShopify\\ThreadShopify\\Reports\\20241104_223842\\Threads\\Final TestSuit\\20241104_223843\\screenshots/home_page_20241104_224105/social_media_icon.png, C:\\Users\\SamajitKundu\\git\\threadShopify\\ThreadShopify\\Reports\\20241104_223842\\Threads\\Final TestSuit\\20241104_223843\\screenshots/home_page_20241104_224117/home.png, C:\\Users\\SamajitKundu\\git\\threadShopify\\ThreadShopify\\Reports\\20241104_223842\\Threads\\Final TestSuit\\20241104_223843\\screenshots/home_page_20241104_224117/banner.png, C:\\Users\\SamajitKundu\\git\\threadShopify\\ThreadShopify\\Reports\\20241104_223842\\Threads\\Final TestSuit\\20241104_223843\\screenshots/home_page_20241104_224117/featured.png, C:\\Users\\SamajitKundu\\git\\threadShopify\\ThreadShopify\\Reports\\20241104_223842\\Threads\\Final TestSuit\\20241104_223843\\screenshots/search_20241104_224133/home.png, C:\\Users\\SamajitKundu\\git\\threadShopify\\ThreadShopify\\Reports\\20241104_223842\\Threads\\Final TestSuit\\20241104_223843\\screenshots/search_20241104_224133/catalog.png, C:\\Users\\SamajitKundu\\git\\threadShopify\\ThreadShopify\\Reports\\20241104_223842\\Threads\\Final TestSuit\\20241104_223843\\screenshots/search_20241104_224133/product.png, C:\\Users\\SamajitKundu\\git\\threadShopify\\ThreadShopify\\Reports\\20241104_223842\\Threads\\Final TestSuit\\20241104_223843\\screenshots/search_20241104_224133/items.png, C:\\Users\\SamajitKundu\\git\\threadShopify\\ThreadShopify\\Reports\\20241104_223842\\Threads\\Final TestSuit\\20241104_223843\\screenshots/shopping_cart_20241104_224234/home.png, C:\\Users\\SamajitKundu\\git\\threadShopify\\ThreadShopify\\Reports\\20241104_223842\\Threads\\Final TestSuit\\20241104_223843\\screenshots/shopping_cart_20241104_224234/catalog.png, C:\\Users\\SamajitKundu\\git\\threadShopify\\ThreadShopify\\Reports\\20241104_223842\\Threads\\Final TestSuit\\20241104_223843\\screenshots/shopping_cart_20241104_224234/addToCart1.png, C:\\Users\\SamajitKundu\\git\\threadShopify\\ThreadShopify\\Reports\\20241104_223842\\Threads\\Final TestSuit\\20241104_223843\\screenshots/shopping_cart_20241104_224234/addToCart2.png, C:\\Users\\SamajitKundu\\git\\threadShopify\\ThreadShopify\\Reports\\20241104_223842\\Threads\\Final TestSuit\\20241104_223843\\screenshots/shopping_cart_20241104_224234/addToCart3.png, C:\\Users\\SamajitKundu\\git\\threadShopify\\ThreadShopify\\Reports\\20241104_223842\\Threads\\Final TestSuit\\20241104_223843\\screenshots/shopping_cart_20241104_224234/verify_cart.png, C:\\Users\\SamajitKundu\\git\\threadShopify\\ThreadShopify\\Reports\\20241104_223842\\Threads\\Final TestSuit\\20241104_223843\\screenshots/shopping_cart_20241104_224319/home.png, C:\\Users\\SamajitKundu\\git\\threadShopify\\ThreadShopify\\Reports\\20241104_223842\\Threads\\Final TestSuit\\20241104_223843\\screenshots/shopping_cart_20241104_224319/item.png, C:\\Users\\SamajitKundu\\git\\threadShopify\\ThreadShopify\\Reports\\20241104_223842\\Threads\\Final TestSuit\\20241104_223843\\screenshots/shopping_cart_20241104_224319/verify_cart.png, C:\\Users\\SamajitKundu\\git\\threadShopify\\ThreadShopify\\Reports\\20241104_223842\\Threads\\Final TestSuit\\20241104_223843\\screenshots/shopping_cart_20241104_224319/checkout.png, C:\\Users\\SamajitKundu\\git\\threadShopify\\ThreadShopify\\Reports\\20241104_223842\\Threads\\Final TestSuit\\20241104_223843\\screenshots/shopping_cart_20241104_224319/promo.png, C:\\Users\\SamajitKundu\\git\\threadShopify\\ThreadShopify\\Reports\\20241104_223842\\Threads\\Final TestSuit\\20241104_223843\\screenshots/shopping_cart_20241104_224319/verify_price.png, C:\\Users\\SamajitKundu\\git\\threadShopify\\ThreadShopify\\Reports\\20241104_223842\\Threads\\Final TestSuit\\20241104_223843\\screenshots/checkout_20241104_224429/home.png, C:\\Users\\SamajitKundu\\git\\threadShopify\\ThreadShopify\\Reports\\20241104_223842\\Threads\\Final TestSuit\\20241104_223843\\screenshots/checkout_20241104_224429/item.png, C:\\Users\\SamajitKundu\\git\\threadShopify\\ThreadShopify\\Reports\\20241104_223842\\Threads\\Final TestSuit\\20241104_223843\\screenshots/checkout_20241104_224429/checkout_screen.png, C:\\Users\\SamajitKundu\\git\\threadShopify\\ThreadShopify\\Reports\\20241104_223842\\Threads\\Final TestSuit\\20241104_223843\\screenshots/checkout_20241104_224429/information_before.png, C:\\Users\\SamajitKundu\\git\\threadShopify\\ThreadShopify\\Reports\\20241104_223842\\Threads\\Final TestSuit\\20241104_223843\\screenshots/checkout_20241104_224429/changed.png, C:\\Users\\SamajitKundu\\git\\threadShopify\\ThreadShopify\\Reports\\20241104_223842\\Threads\\Final TestSuit\\20241104_223843\\screenshots/checkout_20241104_224429/information_after.png, C:\\Users\\SamajitKundu\\git\\threadShopify\\ThreadShopify\\Reports\\20241104_223842\\Threads\\Final TestSuit\\20241104_223843\\screenshots/checkout_20241104_224515/home.png, C:\\Users\\SamajitKundu\\git\\threadShopify\\ThreadShopify\\Reports\\20241104_223842\\Threads\\Final TestSuit\\20241104_223843\\screenshots/checkout_20241104_224515/item.png, C:\\Users\\SamajitKundu\\git\\threadShopify\\ThreadShopify\\Reports\\20241104_223842\\Threads\\Final TestSuit\\20241104_223843\\screenshots/checkout_20241104_224515/checkout.png, C:\\Users\\SamajitKundu\\git\\threadShopify\\ThreadShopify\\Reports\\20241104_223842\\Threads\\Final TestSuit\\20241104_223843\\screenshots/checkout_20241104_224515/shipping_method1.png, C:\\Users\\SamajitKundu\\git\\threadShopify\\ThreadShopify\\Reports\\20241104_223842\\Threads\\Final TestSuit\\20241104_223843\\screenshots/checkout_20241104_224515/shipping_method2.png, C:\\Users\\SamajitKundu\\git\\threadShopify\\ThreadShopify\\Reports\\20241104_223842\\Threads\\Final TestSuit\\20241104_223843\\screenshots/account_20241104_224725/home.png, C:\\Users\\SamajitKundu\\git\\threadShopify\\ThreadShopify\\Reports\\20241104_223842\\Threads\\Final TestSuit\\20241104_223843\\screenshots/account_20241104_224725/login_page.png, C:\\Users\\SamajitKundu\\git\\threadShopify\\ThreadShopify\\Reports\\20241104_223842\\Threads\\Final TestSuit\\20241104_223843\\screenshots/account_20241104_224725/login.png, C:\\Users\\SamajitKundu\\git\\threadShopify\\ThreadShopify\\Reports\\20241104_223842\\Threads\\Final TestSuit\\20241104_223843\\screenshots/account_20241104_224725/account.png, C:\\Users\\SamajitKundu\\git\\threadShopify\\ThreadShopify\\Reports\\20241104_223842\\Threads\\Final TestSuit\\20241104_223843\\screenshots/account_20241104_224725/address.png, C:\\Users\\SamajitKundu\\git\\threadShopify\\ThreadShopify\\Reports\\20241104_223842\\Threads\\Final TestSuit\\20241104_223843\\screenshots/account_20241104_224725/edit.png, C:\\Users\\SamajitKundu\\git\\threadShopify\\ThreadShopify\\Reports\\20241104_223842\\Threads\\Final TestSuit\\20241104_223843\\screenshots/account_20241104_224725/address_after.png, C:\\Users\\SamajitKundu\\git\\threadShopify\\ThreadShopify\\Reports\\20241104_223842\\Threads\\Final TestSuit\\20241104_223843\\screenshots/credit_card20241104224752/enter_password.png, C:\\Users\\SamajitKundu\\git\\threadShopify\\ThreadShopify\\Reports\\20241104_223842\\Threads\\Final TestSuit\\20241104_223843\\screenshots/credit_card20241104224752/catalog_page.png, C:\\Users\\SamajitKundu\\git\\threadShopify\\ThreadShopify\\Reports\\20241104_223842\\Threads\\Final TestSuit\\20241104_223843\\screenshots/credit_card20241104224752/select_product.png, C:\\Users\\SamajitKundu\\git\\threadShopify\\ThreadShopify\\Reports\\20241104_223842\\Threads\\Final TestSuit\\20241104_223843\\screenshots/credit_card20241104224752/buy_now.png, C:\\Users\\SamajitKundu\\git\\threadShopify\\ThreadShopify\\Reports\\20241104_223842\\Threads\\Final TestSuit\\20241104_223843\\screenshots/credit_card20241104224752/enter_email.png, C:\\Users\\SamajitKundu\\git\\threadShopify\\ThreadShopify\\Reports\\20241104_223842\\Threads\\Final TestSuit\\20241104_223843\\screenshots/credit_card20241104224752/delivery_method.png, C:\\Users\\SamajitKundu\\git\\threadShopify\\ThreadShopify\\Reports\\20241104_223842\\Threads\\Final TestSuit\\20241104_223843\\screenshots/credit_card20241104224752/customer_details.png, C:\\Users\\SamajitKundu\\git\\threadShopify\\ThreadShopify\\Reports\\20241104_223842\\Threads\\Final TestSuit\\20241104_223843\\screenshots/credit_card20241104224752/attempt_payment_invalid_case_2.png, C:\\Users\\SamajitKundu\\git\\threadShopify\\ThreadShopify\\Reports\\20241104_223842\\Threads\\Final TestSuit\\20241104_223843\\screenshots/credit_card20241104224752/attempt_payment_valid_case.png, C:\\Users\\SamajitKundu\\git\\threadShopify\\ThreadShopify\\Reports\\20241104_223842\\Threads\\Final TestSuit\\20241104_223843\\screenshots/credit_card20241104225249/enter_password.png, C:\\Users\\SamajitKundu\\git\\threadShopify\\ThreadShopify\\Reports\\20241104_223842\\Threads\\Final TestSuit\\20241104_223843\\screenshots/credit_card20241104225249/catalog_page.png, C:\\Users\\SamajitKundu\\git\\threadShopify\\ThreadShopify\\Reports\\20241104_223842\\Threads\\Final TestSuit\\20241104_223843\\screenshots/credit_card20241104225249/select_product.png, C:\\Users\\SamajitKundu\\git\\threadShopify\\ThreadShopify\\Reports\\20241104_223842\\Threads\\Final TestSuit\\20241104_223843\\screenshots/credit_card20241104225249/buy_now.png, C:\\Users\\SamajitKundu\\git\\threadShopify\\ThreadShopify\\Reports\\20241104_223842\\Threads\\Final TestSuit\\20241104_223843\\screenshots/credit_card20241104225249/enter_email.png, C:\\Users\\SamajitKundu\\git\\threadShopify\\ThreadShopify\\Reports\\20241104_223842\\Threads\\Final TestSuit\\20241104_223843\\screenshots/credit_card20241104225249/delivery_method.png, C:\\Users\\SamajitKundu\\git\\threadShopify\\ThreadShopify\\Reports\\20241104_223842\\Threads\\Final TestSuit\\20241104_223843\\screenshots/credit_card20241104225249/customer_details.png, C:\\Users\\SamajitKundu\\git\\threadShopify\\ThreadShopify\\Reports\\20241104_223842\\Threads\\Final TestSuit\\20241104_223843\\screenshots/credit_card20241104225249/attempt_payment_invalid_case_2.png, C:\\Users\\SamajitKundu\\git\\threadShopify\\ThreadShopify\\Reports\\20241104_223842\\Threads\\Final TestSuit\\20241104_223843\\screenshots/credit_card20241104225249/attempt_payment_valid_case.png, C:\\Users\\SamajitKundu\\git\\threadShopify\\ThreadShopify\\Reports\\20241104_223842\\Threads\\Final TestSuit\\20241104_223843\\screenshots/credit_card20241104225805/enter_password.png, C:\\Users\\SamajitKundu\\git\\threadShopify\\ThreadShopify\\Reports\\20241104_223842\\Threads\\Final TestSuit\\20241104_223843\\screenshots/credit_card20241104225805/catalog_page.png, C:\\Users\\SamajitKundu\\git\\threadShopify\\ThreadShopify\\Reports\\20241104_223842\\Threads\\Final TestSuit\\20241104_223843\\screenshots/credit_card20241104225805/select_product.png, C:\\Users\\SamajitKundu\\git\\threadShopify\\ThreadShopify\\Reports\\20241104_223842\\Threads\\Final TestSuit\\20241104_223843\\screenshots/credit_card20241104225805/buy_now.png, C:\\Users\\SamajitKundu\\git\\threadShopify\\ThreadShopify\\Reports\\20241104_223842\\Threads\\Final TestSuit\\20241104_223843\\screenshots/credit_card20241104225805/enter_email.png, C:\\Users\\SamajitKundu\\git\\threadShopify\\ThreadShopify\\Reports\\20241104_223842\\Threads\\Final TestSuit\\20241104_223843\\screenshots/credit_card20241104225805/delivery_method.png, C:\\Users\\SamajitKundu\\git\\threadShopify\\ThreadShopify\\Reports\\20241104_223842\\Threads\\Final TestSuit\\20241104_223843\\screenshots/credit_card20241104225805/customer_details.png, C:\\Users\\SamajitKundu\\git\\threadShopify\\ThreadShopify\\Reports\\20241104_223842\\Threads\\Final TestSuit\\20241104_223843\\screenshots/credit_card20241104225805/attempt_payment_invalid_case_2.png, C:\\Users\\SamajitKundu\\git\\threadShopify\\ThreadShopify\\Reports\\20241104_223842\\Threads\\Final TestSuit\\20241104_223843\\screenshots/credit_card20241104230308/enter_password.png, C:\\Users\\SamajitKundu\\git\\threadShopify\\ThreadShopify\\Reports\\20241104_223842\\Threads\\Final TestSuit\\20241104_223843\\screenshots/credit_card20241104230308/catalog_page.png, C:\\Users\\SamajitKundu\\git\\threadShopify\\ThreadShopify\\Reports\\20241104_223842\\Threads\\Final TestSuit\\20241104_223843\\screenshots/credit_card20241104230308/select_product.png, C:\\Users\\SamajitKundu\\git\\threadShopify\\ThreadShopify\\Reports\\20241104_223842\\Threads\\Final TestSuit\\20241104_223843\\screenshots/credit_card20241104230308/buy_now.png, C:\\Users\\SamajitKundu\\git\\threadShopify\\ThreadShopify\\Reports\\20241104_223842\\Threads\\Final TestSuit\\20241104_223843\\screenshots/credit_card20241104230308/enter_email.png, C:\\Users\\SamajitKundu\\git\\threadShopify\\ThreadShopify\\Reports\\20241104_223842\\Threads\\Final TestSuit\\20241104_223843\\screenshots/credit_card20241104230308/delivery_method.png, C:\\Users\\SamajitKundu\\git\\threadShopify\\ThreadShopify\\Reports\\20241104_223842\\Threads\\Final TestSuit\\20241104_223843\\screenshots/credit_card20241104230308/customer_details.png, C:\\Users\\SamajitKundu\\git\\threadShopify\\ThreadShopify\\Reports\\20241104_223842\\Threads\\Final TestSuit\\20241104_223843\\screenshots/credit_card20241104230308/attempt_payment_invalid_case_2.png, C:\\Users\\SamajitKundu\\git\\threadShopify\\ThreadShopify\\Reports\\20241104_223842\\Threads\\Final TestSuit\\20241104_223843\\screenshots/credit_card20241104230308/attempt_payment_valid_case.png, C:\\Users\\SamajitKundu\\git\\threadShopify\\ThreadShopify\\Reports\\20241104_223842\\Threads\\Final TestSuit\\20241104_223843\\screenshots/credit_card20241104230308/order_confirmation.png, C:\\Users\\SamajitKundu\\git\\threadShopify\\ThreadShopify\\Reports\\20241104_223842\\Threads\\Final TestSuit\\20241104_223843\\screenshots/subscription_20241104_230817/home.png, C:\\Users\\SamajitKundu\\git\\threadShopify\\ThreadShopify\\Reports\\20241104_223842\\Threads\\Final TestSuit\\20241104_223843\\screenshots/subscription_20241104_230817/select_product.png, C:\\Users\\SamajitKundu\\git\\threadShopify\\ThreadShopify\\Reports\\20241104_223842\\Threads\\Final TestSuit\\20241104_223843\\screenshots/subscription_20241104_230817/subscription.png, C:\\Users\\SamajitKundu\\git\\threadShopify\\ThreadShopify\\Reports\\20241104_223842\\Threads\\Final TestSuit\\20241104_223843\\screenshots/cancle_order_20241104_230841/account.png, C:\\Users\\SamajitKundu\\git\\threadShopify\\ThreadShopify\\Reports\\20241104_223842\\Threads\\Final TestSuit\\20241104_223843\\screenshots/cancle_order_20241104_230841/cancle_before.png, C:\\Users\\SamajitKundu\\git\\threadShopify\\ThreadShopify\\Reports\\20241104_223842\\Threads\\Final TestSuit\\20241104_223843\\screenshots/cancle_order_20241104_230841/cancle_after.png, C:\\Users\\SamajitKundu\\git\\threadShopify\\ThreadShopify\\Reports\\20241104_223842\\Threads\\Final TestSuit\\20241104_223843\\screenshots/reorder_20241104_230943/catalog_page.png, C:\\Users\\SamajitKundu\\git\\threadShopify\\ThreadShopify\\Reports\\20241104_223842\\Threads\\Final TestSuit\\20241104_223843\\screenshots/reorder_20241104_230943/login.png, C:\\Users\\SamajitKundu\\git\\threadShopify\\ThreadShopify\\Reports\\20241104_223842\\Threads\\Final TestSuit\\20241104_223843\\screenshots/reorder_20241104_230943/reorder.png, C:\\Users\\SamajitKundu\\git\\threadShopify\\ThreadShopify\\Reports\\20241104_223842\\Threads\\Final TestSuit\\20241104_223843\\screenshots/wishlist_20241104_231006/home.png, C:\\Users\\SamajitKundu\\git\\threadShopify\\ThreadShopify\\Reports\\20241104_223842\\Threads\\Final TestSuit\\20241104_223843\\screenshots/wishlist_20241104_231006/catalog.png, C:\\Users\\SamajitKundu\\git\\threadShopify\\ThreadShopify\\Reports\\20241104_223842\\Threads\\Final TestSuit\\20241104_223843\\screenshots/wishlist_20241104_231006/item1.png, C:\\Users\\SamajitKundu\\git\\threadShopify\\ThreadShopify\\Reports\\20241104_223842\\Threads\\Final TestSuit\\20241104_223843\\screenshots/wishlist_20241104_231006/wishlist.png, C:\\Users\\SamajitKundu\\git\\threadShopify\\ThreadShopify\\Reports\\20241104_223842\\Threads\\Final TestSuit\\20241104_223843\\screenshots/wishlist_20241104_231006/checkout.png, C:\\Users\\SamajitKundu\\git\\threadShopify\\ThreadShopify\\Reports\\20241104_223842\\Threads\\Final TestSuit\\20241104_223843\\screenshots/wishlist_20241104_231030/home.png, C:\\Users\\SamajitKundu\\git\\threadShopify\\ThreadShopify\\Reports\\20241104_223842\\Threads\\Final TestSuit\\20241104_223843\\screenshots/wishlist_20241104_231030/catalog.png, C:\\Users\\SamajitKundu\\git\\threadShopify\\ThreadShopify\\Reports\\20241104_223842\\Threads\\Final TestSuit\\20241104_223843\\screenshots/wishlist_20241104_231030/wishlist.png, C:\\Users\\SamajitKundu\\git\\threadShopify\\ThreadShopify\\Reports\\20241104_223842\\Threads\\Final TestSuit\\20241104_223843\\screenshots/wishlist_20241104_231030/addCart.png, C:\\Users\\SamajitKundu\\git\\threadShopify\\ThreadShopify\\Reports\\20241104_223842\\Threads\\Final TestSuit\\20241104_223843\\screenshots/wishlist_20241104_231030/cart.png, C:\\Users\\SamajitKundu\\git\\threadShopify\\ThreadShopify\\Reports\\20241104_223842\\Threads\\Final TestSuit\\20241104_223843\\screenshots/wishlist_20241104_231030/checkout.png, C:\\Users\\SamajitKundu\\git\\threadShopify\\ThreadShopify\\Reports\\20241104_223842\\Threads\\Final TestSuit\\20241104_223843\\screenshots/product_detail_20241104_231127/home.png, C:\\Users\\SamajitKundu\\git\\threadShopify\\ThreadShopify\\Reports\\20241104_223842\\Threads\\Final TestSuit\\20241104_223843\\screenshots/product_detail_20241104_231127/product1.png, C:\\Users\\SamajitKundu\\git\\threadShopify\\ThreadShopify\\Reports\\20241104_223842\\Threads\\Final TestSuit\\20241104_223843\\screenshots/product_detail_20241104_231127/color.png, C:\\Users\\SamajitKundu\\git\\threadShopify\\ThreadShopify\\Reports\\20241104_223842\\Threads\\Final TestSuit\\20241104_223843\\screenshots/product_detail_20241104_231153/home.png, C:\\Users\\SamajitKundu\\git\\threadShopify\\ThreadShopify\\Reports\\20241104_223842\\Threads\\Final TestSuit\\20241104_223843\\screenshots/product_detail_20241104_231153/product1.png, C:\\Users\\SamajitKundu\\git\\threadShopify\\ThreadShopify\\Reports\\20241104_223842\\Threads\\Final TestSuit\\20241104_223843\\screenshots/product_detail_20241104_231153/color.png, C:\\Users\\SamajitKundu\\git\\threadShopify\\ThreadShopify\\Reports\\20241104_223842\\Threads\\Final TestSuit\\20241104_223843\\screenshots/product_detail_20241104_231218/home.png, C:\\Users\\SamajitKundu\\git\\threadShopify\\ThreadShopify\\Reports\\20241104_223842\\Threads\\Final TestSuit\\20241104_223843\\screenshots/product_detail_20241104_231218/product1.png, C:\\Users\\SamajitKundu\\git\\threadShopify\\ThreadShopify\\Reports\\20241104_223842\\Threads\\Final TestSuit\\20241104_223843\\screenshots/product_detail_20241104_231218/color.png, C:\\Users\\SamajitKundu\\git\\threadShopify\\ThreadShopify\\Reports\\20241104_223842\\Threads\\Final TestSuit\\20241104_223843\\screenshots/product_detail_20241104_231247/home.png, C:\\Users\\SamajitKundu\\git\\threadShopify\\ThreadShopify\\Reports\\20241104_223842\\Threads\\Final TestSuit\\20241104_223843\\screenshots/product_detail_20241104_231247/product1.png, C:\\Users\\SamajitKundu\\git\\threadShopify\\ThreadShopify\\Reports\\20241104_223842\\Threads\\Final TestSuit\\20241104_223843\\screenshots/product_detail_20241104_231247/color.png, C:\\Users\\SamajitKundu\\git\\threadShopify\\ThreadShopify\\Reports\\20241104_223842\\Threads\\Final TestSuit\\20241104_223843\\screenshots/product_details20241104231313/enter_password.png, C:\\Users\\SamajitKundu\\git\\threadShopify\\ThreadShopify\\Reports\\20241104_223842\\Threads\\Final TestSuit\\20241104_223843\\screenshots/product_details20241104231313/click_enter_button.png, C:\\Users\\SamajitKundu\\git\\threadShopify\\ThreadShopify\\Reports\\20241104_223842\\Threads\\Final TestSuit\\20241104_223843\\screenshots/product_details20241104231313/catalog_page.png, C:\\Users\\SamajitKundu\\git\\threadShopify\\ThreadShopify\\Reports\\20241104_223842\\Threads\\Final TestSuit\\20241104_223843\\screenshots/product_details20241104231313/product_page.png, C:\\Users\\SamajitKundu\\git\\threadShopify\\ThreadShopify\\Reports\\20241104_223842\\Threads\\Final TestSuit\\20241104_223843\\screenshots/product_details20241104231313/add_to_cart.png, C:\\Users\\SamajitKundu\\git\\threadShopify\\ThreadShopify\\Reports\\20241104_223842\\Threads\\Final TestSuit\\20241104_223843\\screenshots/product_details20241104231313/checkout.png, C:\\Users\\SamajitKundu\\git\\threadShopify\\ThreadShopify\\Reports\\20241104_223842\\Threads\\Final TestSuit\\20241104_223843\\screenshots/product_details20241104231313/verify_contact_text.png, C:\\Users\\SamajitKundu\\git\\threadShopify\\ThreadShopify\\Reports\\20241104_223842\\Threads\\Final TestSuit\\20241104_223843\\screenshots/product_details20241104231313/verify_login_clickable.png, C:\\Users\\SamajitKundu\\git\\threadShopify\\ThreadShopify\\Reports\\20241104_223842\\Threads\\Final TestSuit\\20241104_223843\\screenshots/product_details20241104231313/verify_delivery_text.png, C:\\Users\\SamajitKundu\\git\\threadShopify\\ThreadShopify\\Reports\\20241104_223842\\Threads\\Final TestSuit\\20241104_223843\\screenshots/product_details20241104231313/verify_payment_text.png, C:\\Users\\SamajitKundu\\git\\threadShopify\\ThreadShopify\\Reports\\20241104_223842\\Threads\\Final TestSuit\\20241104_223843\\screenshots/product_details20241104231313/verify_total_text.png, C:\\Users\\SamajitKundu\\git\\threadShopify\\ThreadShopify\\Reports\\20241104_223842\\Threads\\Final TestSuit\\20241104_223843\\screenshots/Banner_20241104_231344/shopify_website.png, C:\\Users\\SamajitKundu\\git\\threadShopify\\ThreadShopify\\Reports\\20241104_223842\\Threads\\Final TestSuit\\20241104_223843\\screenshots/Banner_20241104_231344/customize_page.png, C:\\Users\\SamajitKundu\\git\\threadShopify\\ThreadShopify\\Reports\\20241104_223842\\Threads\\Final TestSuit\\20241104_223843\\screenshots/Banner_20241104_231344/select_banner.png, C:\\Users\\SamajitKundu\\git\\threadShopify\\ThreadShopify\\Reports\\20241104_223842\\Threads\\Final TestSuit\\20241104_223843\\screenshots/Banner_20241104_231344/check_banner.png, C:\\Users\\SamajitKundu\\git\\threadShopify\\ThreadShopify\\Reports\\20241104_223842\\Threads\\Final TestSuit\\20241104_223843\\screenshots/Banner_20241104_231746/shopify_website.png, C:\\Users\\SamajitKundu\\git\\threadShopify\\ThreadShopify\\Reports\\20241104_223842\\Threads\\Final TestSuit\\20241104_223843\\screenshots/Banner_20241104_231746/customize_page.png, C:\\Users\\SamajitKundu\\git\\threadShopify\\ThreadShopify\\Reports\\20241104_223842\\Threads\\Final TestSuit\\20241104_223843\\screenshots/Banner_20241104_231746/selection_banner.png, C:\\Users\\SamajitKundu\\git\\threadShopify\\ThreadShopify\\Reports\\20241104_223842\\Threads\\Final TestSuit\\20241104_223843\\screenshots/Banner_20241104_231746/check_banner.png"/>
         <property name="hostName" value="SamajitKundu - PSDLAP275"/>
         <property name="os" value="Windows 11 64bit"/>
         <property name="katalonVersion" value="9.7.2.223"/>
         <property name="browser" value="Chrome 130.0.0.0"/>
         <property name="hostAddress" value="192.168.1.101"/>
         <property name="sessionId" value="585ee1e7be0ddd5d25784d5b58ab754a"/>
         <property name="seleniumVersion" value="3.141.59"/>
         <property name="proxyInformation" value="ProxyInformation { proxyOption=NO_PROXY, proxyServerType=HTTP, username=, password=********, proxyServerAddress=, proxyServerPort=0, executionList=&quot;&quot;, isApplyToDesiredCapabilities=true }"/>
         <property name="platform" value="Windows 11"/>
      </properties>
      <testcase name="Test Cases/Threads_Webshop/1 Registration/TC-73,31-Verify the registration" time="60.271" classname="Test Cases/Threads_Webshop/1 Registration/TC-73,31-Verify the registration" status="PASSED">
         <system-out><![CDATA[04-11-2024T22:38:46 - [TEST_CASE][PASSED] - Test Cases/Threads_Webshop/1 Registration/TC-73,31-Verify the registration: Test Cases/Threads_Webshop/1 Registration/TC-73,31-Verify the registration

04-11-2024T22:38:47 - [TEST_STEP][PASSED] - currentDateTime = LocalDateTime.now(): null

04-11-2024T22:38:47 - [TEST_STEP][PASSED] - formatter = DateTimeFormatter.ofPattern("yyyyMMddHHmmss"): null

04-11-2024T22:38:47 - [TEST_STEP][PASSED] - dateTimeString = currentDateTime.format(formatter): null

04-11-2024T22:38:47 - [TEST_STEP][PASSED] - uniqueEmail = "tester_" + dateTimeString + "@mailinator.com": null

04-11-2024T22:38:47 - [TEST_STEP][PASSED] - println("Generated unique email: " + uniqueEmail): null

04-11-2024T22:38:47 - [TEST_STEP][PASSED] - screenshotFolderPath = "screenshots/regestration_" + dateTimeString + "/": null

04-11-2024T22:38:47 - [TEST_STEP][PASSED] - File(screenshotFolderPath).mkdirs(): null

04-11-2024T22:38:47 - [TEST_STEP][PASSED] - callTestCase(findTestCase("Threads_Webshop/ReUsable Testcases/Enter Password"), [:], STOP_ON_FAILURE): Call Test Case 'Test Cases/Threads_Webshop/ReUsable Testcases/Enter Password' successfully

04-11-2024T22:38:47 - [TEST_CASE][PASSED] - Test Cases/Threads_Webshop/ReUsable Testcases/Enter Password: Test Cases/Threads_Webshop/ReUsable Testcases/Enter Password

04-11-2024T22:38:47 - [TEST_STEP][PASSED] - openBrowser(""): Browser is opened with url: ''

04-11-2024T22:38:47 - [MESSAGE][INFO] - Starting 'Chrome' driver

04-11-2024T22:38:47 - [MESSAGE][INFO] - Action delay is set to 0 milliseconds

04-11-2024T22:38:48 - [MESSAGE][PASSED] - Browser is opened with url: ''

04-11-2024T22:38:48 - [TEST_STEP][PASSED] - maximizeWindow(): Current window maximized

04-11-2024T22:38:48 - [MESSAGE][PASSED] - Current window maximized

04-11-2024T22:38:48 - [TEST_STEP][PASSED] - navigateToUrl("https://threads0.myshopify.com/password"): Navigate to 'https://threads0.myshopify.com/password' successfully

04-11-2024T22:38:51 - [MESSAGE][PASSED] - Navigate to 'https://threads0.myshopify.com/password' successfully

04-11-2024T22:38:51 - [TEST_STEP][PASSED] - click(findTestObject("Object Repository/Thread_Webshop/Reusable Testcase/Page_Threads/div_Enter using password")): Object: 'Object Repository/Thread_Webshop/Reusable Testcase/Page_Threads/div_Enter using password' is clicked on

04-11-2024T22:39:00 - [MESSAGE][PASSED] - Object: 'Object Repository/Thread_Webshop/Reusable Testcase/Page_Threads/div_Enter using password' is clicked on

04-11-2024T22:39:00 - [TEST_STEP][PASSED] - setEncryptedText(findTestObject("Object Repository/Thread_Webshop/Reusable Testcase/Page_Threads/input_Enter store using password_password"), "gnzTAVlujIw+lTr0To6+Cg=="): Text ****** has been set on object 'Object Repository/Thread_Webshop/Reusable Testcase/Page_Threads/input_Enter store using password_password'

04-11-2024T22:39:01 - [MESSAGE][PASSED] - Text ****** has been set on object 'Object Repository/Thread_Webshop/Reusable Testcase/Page_Threads/input_Enter store using password_password'

04-11-2024T22:39:01 - [TEST_STEP][PASSED] - click(findTestObject("Object Repository/Thread_Webshop/Reusable Testcase/Page_Threads/button_Enter")): Object: 'Object Repository/Thread_Webshop/Reusable Testcase/Page_Threads/button_Enter' is clicked on

04-11-2024T22:39:02 - [MESSAGE][PASSED] - Object: 'Object Repository/Thread_Webshop/Reusable Testcase/Page_Threads/button_Enter' is clicked on

04-11-2024T22:39:02 - [MESSAGE][PASSED] - Call Test Case 'Test Cases/Threads_Webshop/ReUsable Testcases/Enter Password' successfully

04-11-2024T22:39:02 - [TEST_STEP][PASSED] - takeScreenshot(screenshotFolderPath + "enter_password.png"): Taking screenshot successfully

04-11-2024T22:39:04 - [MESSAGE][PASSED] - Taking screenshot successfully
[[ATTACHMENT|C:\\Users\\SamajitKundu\\git\\threadShopify\\ThreadShopify\\Reports\\20241104_223842\\Threads\\Final TestSuit\\20241104_223843\\screenshots/regestration_20241104223847/enter_password.png]]

04-11-2024T22:39:04 - [TEST_STEP][PASSED] - click(findTestObject("Object Repository/Page_Threads/button_Enter")): Object: 'Object Repository/Page_Threads/button_Enter' is clicked on

04-11-2024T22:39:05 - [MESSAGE][PASSED] - Object: 'Object Repository/Page_Threads/button_Enter' is clicked on

04-11-2024T22:39:05 - [TEST_STEP][PASSED] - verifyElementClickable(findTestObject("Object Repository/Page_Threads/svg_Search_icon icon-account")): Object 'Object Repository/Page_Threads/svg_Search_icon icon-account' is clickable

04-11-2024T22:39:05 - [MESSAGE][PASSED] - Object 'Object Repository/Page_Threads/svg_Search_icon icon-account' is clickable

04-11-2024T22:39:05 - [TEST_STEP][PASSED] - takeScreenshot(screenshotFolderPath + "home_page.png"): Taking screenshot successfully

04-11-2024T22:39:05 - [MESSAGE][PASSED] - Taking screenshot successfully
[[ATTACHMENT|C:\\Users\\SamajitKundu\\git\\threadShopify\\ThreadShopify\\Reports\\20241104_223842\\Threads\\Final TestSuit\\20241104_223843\\screenshots/regestration_20241104223847/home_page.png]]

04-11-2024T22:39:05 - [TEST_STEP][PASSED] - click(findTestObject("Object Repository/Page_Threads/svg_Search_icon icon-account")): Object: 'Object Repository/Page_Threads/svg_Search_icon icon-account' is clicked on

04-11-2024T22:39:09 - [MESSAGE][PASSED] - Object: 'Object Repository/Page_Threads/svg_Search_icon icon-account' is clicked on

04-11-2024T22:39:09 - [TEST_STEP][PASSED] - verifyElementClickable(findTestObject("Object Repository/Thread_Webshop/Register_/Page_Account  Threads/a_Create account")): Object 'Object Repository/Thread_Webshop/Register_/Page_Account  Threads/a_Create account' is clickable

04-11-2024T22:39:10 - [MESSAGE][PASSED] - Object 'Object Repository/Thread_Webshop/Register_/Page_Account  Threads/a_Create account' is clickable

04-11-2024T22:39:10 - [TEST_STEP][PASSED] - takeScreenshot(screenshotFolderPath + "create_account_page.png"): Taking screenshot successfully

04-11-2024T22:39:10 - [MESSAGE][PASSED] - Taking screenshot successfully
[[ATTACHMENT|C:\\Users\\SamajitKundu\\git\\threadShopify\\ThreadShopify\\Reports\\20241104_223842\\Threads\\Final TestSuit\\20241104_223843\\screenshots/regestration_20241104223847/create_account_page.png]]

04-11-2024T22:39:10 - [TEST_STEP][PASSED] - click(findTestObject("Object Repository/Thread_Webshop/Register_/Page_Account  Threads/a_Create account")): Object: 'Object Repository/Thread_Webshop/Register_/Page_Account  Threads/a_Create account' is clicked on

04-11-2024T22:39:13 - [MESSAGE][PASSED] - Object: 'Object Repository/Thread_Webshop/Register_/Page_Account  Threads/a_Create account' is clicked on

04-11-2024T22:39:13 - [TEST_STEP][PASSED] - takeScreenshot(screenshotFolderPath + "account_page.png"): Taking screenshot successfully

04-11-2024T22:39:13 - [MESSAGE][PASSED] - Taking screenshot successfully
[[ATTACHMENT|C:\\Users\\SamajitKundu\\git\\threadShopify\\ThreadShopify\\Reports\\20241104_223842\\Threads\\Final TestSuit\\20241104_223843\\screenshots/regestration_20241104223847/account_page.png]]

04-11-2024T22:39:13 - [TEST_STEP][PASSED] - verifyElementClickable(findTestObject("Object Repository/Thread_Webshop/Register_/Page_Create Account  Threads/button_Create")): Object 'Object Repository/Thread_Webshop/Register_/Page_Create Account  Threads/button_Create' is clickable

04-11-2024T22:39:14 - [MESSAGE][PASSED] - Object 'Object Repository/Thread_Webshop/Register_/Page_Create Account  Threads/button_Create' is clickable

04-11-2024T22:39:14 - [TEST_STEP][PASSED] - click(findTestObject("Object Repository/Thread_Webshop/Register_/Page_Create Account  Threads/button_Create")): Object: 'Object Repository/Thread_Webshop/Register_/Page_Create Account  Threads/button_Create' is clicked on

04-11-2024T22:39:16 - [MESSAGE][PASSED] - Object: 'Object Repository/Thread_Webshop/Register_/Page_Create Account  Threads/button_Create' is clicked on

04-11-2024T22:39:16 - [TEST_STEP][PASSED] - verifyTextPresent(error_msg1, false): Text 'Please adjust the following:' is present on page 

04-11-2024T22:39:17 - [MESSAGE][PASSED] - Text 'Please adjust the following:' is present on page 

04-11-2024T22:39:17 - [TEST_STEP][PASSED] - verifyTextPresent(error_msg2, false): Text 'Password can't be blank' is present on page 

04-11-2024T22:39:17 - [MESSAGE][PASSED] - Text 'Password can't be blank' is present on page 

04-11-2024T22:39:17 - [TEST_STEP][PASSED] - verifyTextPresent(error_msg3, false): Text 'Email can't be blank' is present on page 

04-11-2024T22:39:18 - [MESSAGE][PASSED] - Text 'Email can't be blank' is present on page 

04-11-2024T22:39:18 - [TEST_STEP][PASSED] - takeScreenshot(screenshotFolderPath + "blank_fields.png"): Taking screenshot successfully

04-11-2024T22:39:18 - [MESSAGE][PASSED] - Taking screenshot successfully
[[ATTACHMENT|C:\\Users\\SamajitKundu\\git\\threadShopify\\ThreadShopify\\Reports\\20241104_223842\\Threads\\Final TestSuit\\20241104_223843\\screenshots/regestration_20241104223847/blank_fields.png]]

04-11-2024T22:39:18 - [TEST_STEP][PASSED] - setText(findTestObject("Object Repository/Thread_Webshop/Register_/Page_Create Account  Threads/input_Create account_customerfirst_name"), f_name): Text 'Tester' is set on object 'Object Repository/Thread_Webshop/Register_/Page_Create Account  Threads/input_Create account_customerfirst_name'

04-11-2024T22:39:19 - [MESSAGE][PASSED] - Text 'Tester' is set on object 'Object Repository/Thread_Webshop/Register_/Page_Create Account  Threads/input_Create account_customerfirst_name'

04-11-2024T22:39:19 - [TEST_STEP][PASSED] - setText(findTestObject("Object Repository/Thread_Webshop/Register_/Page_Create Account  Threads/input_First name_customerlast_name"), l_name): Text 'terter' is set on object 'Object Repository/Thread_Webshop/Register_/Page_Create Account  Threads/input_First name_customerlast_name'

04-11-2024T22:39:20 - [MESSAGE][PASSED] - Text 'terter' is set on object 'Object Repository/Thread_Webshop/Register_/Page_Create Account  Threads/input_First name_customerlast_name'

04-11-2024T22:39:20 - [TEST_STEP][PASSED] - setText(findTestObject("Object Repository/Thread_Webshop/Register_/Page_Create Account  Threads/input_Last name_customeremail"), uniqueEmail): Text 'tester_20241104223847@mailinator.com' is set on object 'Object Repository/Thread_Webshop/Register_/Page_Create Account  Threads/input_Last name_customeremail'

04-11-2024T22:39:20 - [MESSAGE][PASSED] - Text 'tester_20241104223847@mailinator.com' is set on object 'Object Repository/Thread_Webshop/Register_/Page_Create Account  Threads/input_Last name_customeremail'

04-11-2024T22:39:20 - [TEST_STEP][PASSED] - takeScreenshot(screenshotFolderPath + "without_passwordBefore.png"): Taking screenshot successfully

04-11-2024T22:39:21 - [MESSAGE][PASSED] - Taking screenshot successfully
[[ATTACHMENT|C:\\Users\\SamajitKundu\\git\\threadShopify\\ThreadShopify\\Reports\\20241104_223842\\Threads\\Final TestSuit\\20241104_223843\\screenshots/regestration_20241104223847/without_passwordBefore.png]]

04-11-2024T22:39:21 - [TEST_STEP][PASSED] - click(findTestObject("Object Repository/Thread_Webshop/Register_/Page_Create Account  Threads/button_Create")): Object: 'Object Repository/Thread_Webshop/Register_/Page_Create Account  Threads/button_Create' is clicked on

04-11-2024T22:39:23 - [MESSAGE][PASSED] - Object: 'Object Repository/Thread_Webshop/Register_/Page_Create Account  Threads/button_Create' is clicked on

04-11-2024T22:39:23 - [TEST_STEP][PASSED] - verifyTextPresent(error_msg1, false): Text 'Please adjust the following:' is present on page 

04-11-2024T22:39:23 - [MESSAGE][PASSED] - Text 'Please adjust the following:' is present on page 

04-11-2024T22:39:23 - [TEST_STEP][PASSED] - verifyTextPresent(error_msg2, false): Text 'Password can't be blank' is present on page 

04-11-2024T22:39:24 - [MESSAGE][PASSED] - Text 'Password can't be blank' is present on page 

04-11-2024T22:39:24 - [TEST_STEP][PASSED] - takeScreenshot(screenshotFolderPath + "without_passwordAfter.png"): Taking screenshot successfully

04-11-2024T22:39:24 - [MESSAGE][PASSED] - Taking screenshot successfully
[[ATTACHMENT|C:\\Users\\SamajitKundu\\git\\threadShopify\\ThreadShopify\\Reports\\20241104_223842\\Threads\\Final TestSuit\\20241104_223843\\screenshots/regestration_20241104223847/without_passwordAfter.png]]

04-11-2024T22:39:24 - [TEST_STEP][PASSED] - setText(findTestObject("Object Repository/Thread_Webshop/Register_/Page_Create Account  Threads/input_Create account_customerfirst_name"), f_name): Text 'Tester' is set on object 'Object Repository/Thread_Webshop/Register_/Page_Create Account  Threads/input_Create account_customerfirst_name'

04-11-2024T22:39:25 - [MESSAGE][PASSED] - Text 'Tester' is set on object 'Object Repository/Thread_Webshop/Register_/Page_Create Account  Threads/input_Create account_customerfirst_name'

04-11-2024T22:39:25 - [TEST_STEP][PASSED] - setText(findTestObject("Object Repository/Thread_Webshop/Register_/Page_Create Account  Threads/input_First name_customerlast_name"), l_name): Text 'terter' is set on object 'Object Repository/Thread_Webshop/Register_/Page_Create Account  Threads/input_First name_customerlast_name'

04-11-2024T22:39:26 - [MESSAGE][PASSED] - Text 'terter' is set on object 'Object Repository/Thread_Webshop/Register_/Page_Create Account  Threads/input_First name_customerlast_name'

04-11-2024T22:39:26 - [TEST_STEP][PASSED] - setText(findTestObject("Object Repository/Thread_Webshop/Register_/Page_Create Account  Threads/input_Last name_customeremail"), "tester1234mailinator.com"): Text 'tester1234mailinator.com' is set on object 'Object Repository/Thread_Webshop/Register_/Page_Create Account  Threads/input_Last name_customeremail'

04-11-2024T22:39:27 - [MESSAGE][PASSED] - Text 'tester1234mailinator.com' is set on object 'Object Repository/Thread_Webshop/Register_/Page_Create Account  Threads/input_Last name_customeremail'

04-11-2024T22:39:27 - [TEST_STEP][PASSED] - setEncryptedText(findTestObject("Object Repository/Thread_Webshop/Register_/Page_Create Account  Threads/input_Email_customerpassword"), "UDMlkmqWREzH+mr49N5wRw=="): Text ****** has been set on object 'Object Repository/Thread_Webshop/Register_/Page_Create Account  Threads/input_Email_customerpassword'

04-11-2024T22:39:27 - [MESSAGE][PASSED] - Text ****** has been set on object 'Object Repository/Thread_Webshop/Register_/Page_Create Account  Threads/input_Email_customerpassword'

04-11-2024T22:39:27 - [TEST_STEP][PASSED] - takeScreenshot(screenshotFolderPath + "wrong_emailBefore.png"): Taking screenshot successfully

04-11-2024T22:39:28 - [MESSAGE][PASSED] - Taking screenshot successfully
[[ATTACHMENT|C:\\Users\\SamajitKundu\\git\\threadShopify\\ThreadShopify\\Reports\\20241104_223842\\Threads\\Final TestSuit\\20241104_223843\\screenshots/regestration_20241104223847/wrong_emailBefore.png]]

04-11-2024T22:39:28 - [TEST_STEP][PASSED] - click(findTestObject("Object Repository/Thread_Webshop/Register_/Page_Create Account  Threads/button_Create")): Object: 'Object Repository/Thread_Webshop/Register_/Page_Create Account  Threads/button_Create' is clicked on

04-11-2024T22:39:30 - [MESSAGE][PASSED] - Object: 'Object Repository/Thread_Webshop/Register_/Page_Create Account  Threads/button_Create' is clicked on

04-11-2024T22:39:30 - [TEST_STEP][PASSED] - verifyTextPresent(error_msg1, false): Text 'Please adjust the following:' is present on page 

04-11-2024T22:39:31 - [MESSAGE][PASSED] - Text 'Please adjust the following:' is present on page 

04-11-2024T22:39:31 - [TEST_STEP][PASSED] - verifyTextPresent(error_msg4, false): Text 'Email is invalid' is present on page 

04-11-2024T22:39:31 - [MESSAGE][PASSED] - Text 'Email is invalid' is present on page 

04-11-2024T22:39:31 - [TEST_STEP][PASSED] - takeScreenshot(screenshotFolderPath + "wrong_emailAfter.png"): Taking screenshot successfully

04-11-2024T22:39:31 - [MESSAGE][PASSED] - Taking screenshot successfully
[[ATTACHMENT|C:\\Users\\SamajitKundu\\git\\threadShopify\\ThreadShopify\\Reports\\20241104_223842\\Threads\\Final TestSuit\\20241104_223843\\screenshots/regestration_20241104223847/wrong_emailAfter.png]]

04-11-2024T22:39:31 - [TEST_STEP][PASSED] - setText(findTestObject("Object Repository/Thread_Webshop/Register_/Page_Create Account  Threads/input_Create account_customerfirst_name"), l_name): Text 'terter' is set on object 'Object Repository/Thread_Webshop/Register_/Page_Create Account  Threads/input_Create account_customerfirst_name'

04-11-2024T22:39:32 - [MESSAGE][PASSED] - Text 'terter' is set on object 'Object Repository/Thread_Webshop/Register_/Page_Create Account  Threads/input_Create account_customerfirst_name'

04-11-2024T22:39:32 - [TEST_STEP][PASSED] - setText(findTestObject("Object Repository/Thread_Webshop/Register_/Page_Create Account  Threads/input_First name_customerlast_name"), "Sing"): Text 'Sing' is set on object 'Object Repository/Thread_Webshop/Register_/Page_Create Account  Threads/input_First name_customerlast_name'

04-11-2024T22:39:33 - [MESSAGE][PASSED] - Text 'Sing' is set on object 'Object Repository/Thread_Webshop/Register_/Page_Create Account  Threads/input_First name_customerlast_name'

04-11-2024T22:39:33 - [TEST_STEP][PASSED] - setText(findTestObject("Object Repository/Thread_Webshop/Register_/Page_Create Account  Threads/input_Last name_customeremail"), uniqueEmail): Text 'tester_20241104223847@mailinator.com' is set on object 'Object Repository/Thread_Webshop/Register_/Page_Create Account  Threads/input_Last name_customeremail'

04-11-2024T22:39:34 - [MESSAGE][PASSED] - Text 'tester_20241104223847@mailinator.com' is set on object 'Object Repository/Thread_Webshop/Register_/Page_Create Account  Threads/input_Last name_customeremail'

04-11-2024T22:39:34 - [TEST_STEP][PASSED] - setEncryptedText(findTestObject("Object Repository/Thread_Webshop/Register_/Page_Create Account  Threads/input_Email_customerpassword"), "UDMlkmqWREzH+mr49N5wRw=="): Text ****** has been set on object 'Object Repository/Thread_Webshop/Register_/Page_Create Account  Threads/input_Email_customerpassword'

04-11-2024T22:39:34 - [MESSAGE][PASSED] - Text ****** has been set on object 'Object Repository/Thread_Webshop/Register_/Page_Create Account  Threads/input_Email_customerpassword'

04-11-2024T22:39:34 - [TEST_STEP][PASSED] - takeScreenshot(screenshotFolderPath + "correctBefore.png"): Taking screenshot successfully

04-11-2024T22:39:35 - [MESSAGE][PASSED] - Taking screenshot successfully
[[ATTACHMENT|C:\\Users\\SamajitKundu\\git\\threadShopify\\ThreadShopify\\Reports\\20241104_223842\\Threads\\Final TestSuit\\20241104_223843\\screenshots/regestration_20241104223847/correctBefore.png]]

04-11-2024T22:39:35 - [TEST_STEP][PASSED] - click(findTestObject("Object Repository/Thread_Webshop/Register_/Page_Create Account  Threads/button_Create")): Object: 'Object Repository/Thread_Webshop/Register_/Page_Create Account  Threads/button_Create' is clicked on

04-11-2024T22:39:37 - [MESSAGE][PASSED] - Object: 'Object Repository/Thread_Webshop/Register_/Page_Create Account  Threads/button_Create' is clicked on

04-11-2024T22:39:37 - [TEST_STEP][PASSED] - takeScreenshot(screenshotFolderPath + "correctAfter.png"): Taking screenshot successfully

04-11-2024T22:39:39 - [MESSAGE][PASSED] - Taking screenshot successfully
[[ATTACHMENT|C:\\Users\\SamajitKundu\\git\\threadShopify\\ThreadShopify\\Reports\\20241104_223842\\Threads\\Final TestSuit\\20241104_223843\\screenshots/regestration_20241104223847/correctAfter.png]]

04-11-2024T22:39:39 - [TEST_STEP][PASSED] - verifyTextPresent(verify_home_page, false): Text 'Home' is present on page 

04-11-2024T22:39:40 - [MESSAGE][PASSED] - Text 'Home' is present on page 

04-11-2024T22:39:40 - [TEST_STEP][PASSED] - takeScreenshot(screenshotFolderPath + "home_page_post_login.png"): Taking screenshot successfully

04-11-2024T22:39:41 - [MESSAGE][PASSED] - Taking screenshot successfully
[[ATTACHMENT|C:\\Users\\SamajitKundu\\git\\threadShopify\\ThreadShopify\\Reports\\20241104_223842\\Threads\\Final TestSuit\\20241104_223843\\screenshots/regestration_20241104223847/home_page_post_login.png]]

04-11-2024T22:39:41 - [TEST_STEP][PASSED] - click(findTestObject("Object Repository/Page_Threads/svg_Search_icon icon-account")): Object: 'Object Repository/Page_Threads/svg_Search_icon icon-account' is clicked on

04-11-2024T22:39:42 - [MESSAGE][PASSED] - Object: 'Object Repository/Page_Threads/svg_Search_icon icon-account' is clicked on

04-11-2024T22:39:42 - [TEST_STEP][PASSED] - takeScreenshot(screenshotFolderPath + "logout.png"): Taking screenshot successfully

04-11-2024T22:39:43 - [MESSAGE][PASSED] - Taking screenshot successfully
[[ATTACHMENT|C:\\Users\\SamajitKundu\\git\\threadShopify\\ThreadShopify\\Reports\\20241104_223842\\Threads\\Final TestSuit\\20241104_223843\\screenshots/regestration_20241104223847/logout.png]]

04-11-2024T22:39:43 - [TEST_STEP][PASSED] - click(findTestObject("Object Repository/Thread_Webshop/Register_/Page_Account  Threads/a_Log out")): Object: 'Object Repository/Thread_Webshop/Register_/Page_Account  Threads/a_Log out' is clicked on

04-11-2024T22:39:45 - [MESSAGE][PASSED] - Object: 'Object Repository/Thread_Webshop/Register_/Page_Account  Threads/a_Log out' is clicked on

04-11-2024T22:39:45 - [TEST_STEP][PASSED] - verifyTextPresent(verify_home_page, false): Text 'Home' is present on page 

04-11-2024T22:39:46 - [MESSAGE][PASSED] - Text 'Home' is present on page 

04-11-2024T22:39:46 - [TEST_STEP][PASSED] - closeBrowser(): Browser is closed

04-11-2024T22:39:46 - [MESSAGE][PASSED] - Browser is closed]]></system-out>
         <system-err><![CDATA[]]></system-err>
      </testcase>
      <testcase name="Test Cases/Threads_Webshop/2 Login/Verify Login" time="43.382" classname="Test Cases/Threads_Webshop/2 Login/Verify Login" status="PASSED">
         <system-out><![CDATA[04-11-2024T22:39:46 - [TEST_CASE][PASSED] - Test Cases/Threads_Webshop/2 Login/Verify Login: Test Cases/Threads_Webshop/2 Login/Verify Login

04-11-2024T22:39:47 - [TEST_STEP][PASSED] - currentDateTime = LocalDateTime.now(): null

04-11-2024T22:39:47 - [TEST_STEP][PASSED] - formatter = DateTimeFormatter.ofPattern("yyyyMMddHHmmss"): null

04-11-2024T22:39:47 - [TEST_STEP][PASSED] - dateTimeString = currentDateTime.format(formatter): null

04-11-2024T22:39:47 - [TEST_STEP][PASSED] - screenshotFolderPath = "screenshots/login_" + dateTimeString + "/": null

04-11-2024T22:39:47 - [TEST_STEP][PASSED] - File(screenshotFolderPath).mkdirs(): null

04-11-2024T22:39:47 - [TEST_STEP][PASSED] - callTestCase(findTestCase("Threads_Webshop/ReUsable Testcases/Enter Password"), [:], STOP_ON_FAILURE): Call Test Case 'Test Cases/Threads_Webshop/ReUsable Testcases/Enter Password' successfully

04-11-2024T22:39:47 - [TEST_CASE][PASSED] - Test Cases/Threads_Webshop/ReUsable Testcases/Enter Password: Test Cases/Threads_Webshop/ReUsable Testcases/Enter Password

04-11-2024T22:39:47 - [TEST_STEP][PASSED] - openBrowser(""): Browser is opened with url: ''

04-11-2024T22:39:47 - [MESSAGE][INFO] - Starting 'Chrome' driver

04-11-2024T22:39:47 - [MESSAGE][INFO] - Action delay is set to 0 milliseconds

04-11-2024T22:39:48 - [MESSAGE][PASSED] - Browser is opened with url: ''

04-11-2024T22:39:48 - [TEST_STEP][PASSED] - maximizeWindow(): Current window maximized

04-11-2024T22:39:48 - [MESSAGE][PASSED] - Current window maximized

04-11-2024T22:39:48 - [TEST_STEP][PASSED] - navigateToUrl("https://threads0.myshopify.com/password"): Navigate to 'https://threads0.myshopify.com/password' successfully

04-11-2024T22:39:50 - [MESSAGE][PASSED] - Navigate to 'https://threads0.myshopify.com/password' successfully

04-11-2024T22:39:50 - [TEST_STEP][PASSED] - click(findTestObject("Object Repository/Thread_Webshop/Reusable Testcase/Page_Threads/div_Enter using password")): Object: 'Object Repository/Thread_Webshop/Reusable Testcase/Page_Threads/div_Enter using password' is clicked on

04-11-2024T22:39:55 - [MESSAGE][PASSED] - Object: 'Object Repository/Thread_Webshop/Reusable Testcase/Page_Threads/div_Enter using password' is clicked on

04-11-2024T22:39:55 - [TEST_STEP][PASSED] - setEncryptedText(findTestObject("Object Repository/Thread_Webshop/Reusable Testcase/Page_Threads/input_Enter store using password_password"), "gnzTAVlujIw+lTr0To6+Cg=="): Text ****** has been set on object 'Object Repository/Thread_Webshop/Reusable Testcase/Page_Threads/input_Enter store using password_password'

04-11-2024T22:39:56 - [MESSAGE][PASSED] - Text ****** has been set on object 'Object Repository/Thread_Webshop/Reusable Testcase/Page_Threads/input_Enter store using password_password'

04-11-2024T22:39:56 - [TEST_STEP][PASSED] - click(findTestObject("Object Repository/Thread_Webshop/Reusable Testcase/Page_Threads/button_Enter")): Object: 'Object Repository/Thread_Webshop/Reusable Testcase/Page_Threads/button_Enter' is clicked on

04-11-2024T22:39:57 - [MESSAGE][PASSED] - Object: 'Object Repository/Thread_Webshop/Reusable Testcase/Page_Threads/button_Enter' is clicked on

04-11-2024T22:39:57 - [MESSAGE][PASSED] - Call Test Case 'Test Cases/Threads_Webshop/ReUsable Testcases/Enter Password' successfully

04-11-2024T22:39:57 - [TEST_STEP][PASSED] - click(findTestObject("Object Repository/Login_An/Login with Invalid Credentials/Page_Threads/svg_Search_icon icon-account")): Object: 'Object Repository/Login_An/Login with Invalid Credentials/Page_Threads/svg_Search_icon icon-account' is clicked on

04-11-2024T22:39:59 - [MESSAGE][PASSED] - Object: 'Object Repository/Login_An/Login with Invalid Credentials/Page_Threads/svg_Search_icon icon-account' is clicked on

04-11-2024T22:39:59 - [TEST_STEP][PASSED] - verifyTextPresent(login_page, false): Text 'Login' is present on page 

04-11-2024T22:40:00 - [MESSAGE][PASSED] - Text 'Login' is present on page 

04-11-2024T22:40:00 - [TEST_STEP][PASSED] - takeScreenshot(screenshotFolderPath + "login_page.png"): Taking screenshot successfully

04-11-2024T22:40:00 - [MESSAGE][PASSED] - Taking screenshot successfully
[[ATTACHMENT|C:\\Users\\SamajitKundu\\git\\threadShopify\\ThreadShopify\\Reports\\20241104_223842\\Threads\\Final TestSuit\\20241104_223843\\screenshots/login_20241104223947/login_page.png]]

04-11-2024T22:40:00 - [TEST_STEP][PASSED] - click(findTestObject("Object Repository/Login_An/Login with Invalid Credentials/Page_Account  Threads/button_Sign in")): Object: 'Object Repository/Login_An/Login with Invalid Credentials/Page_Account  Threads/button_Sign in' is clicked on

04-11-2024T22:40:02 - [MESSAGE][PASSED] - Object: 'Object Repository/Login_An/Login with Invalid Credentials/Page_Account  Threads/button_Sign in' is clicked on

04-11-2024T22:40:02 - [TEST_STEP][PASSED] - takeScreenshot(screenshotFolderPath + "login_page_after.png"): Taking screenshot successfully

04-11-2024T22:40:03 - [MESSAGE][PASSED] - Taking screenshot successfully
[[ATTACHMENT|C:\\Users\\SamajitKundu\\git\\threadShopify\\ThreadShopify\\Reports\\20241104_223842\\Threads\\Final TestSuit\\20241104_223843\\screenshots/login_20241104223947/login_page_after.png]]

04-11-2024T22:40:03 - [TEST_STEP][PASSED] - verifyTextPresent(error_msg1, false): Text 'Please adjust the following:' is present on page 

04-11-2024T22:40:03 - [MESSAGE][PASSED] - Text 'Please adjust the following:' is present on page 

04-11-2024T22:40:03 - [TEST_STEP][PASSED] - verifyTextPresent(error_msg2, false): Text 'Incorrect email or password.' is present on page 

04-11-2024T22:40:03 - [MESSAGE][PASSED] - Text 'Incorrect email or password.' is present on page 

04-11-2024T22:40:03 - [TEST_STEP][PASSED] - setText(findTestObject("Object Repository/Login_An/Login with Invalid Credentials/Page_Account  Threads/input_Login_customeremail"), invalidemail): Text 'cenaalice@mailcom' is set on object 'Object Repository/Login_An/Login with Invalid Credentials/Page_Account  Threads/input_Login_customeremail'

04-11-2024T22:40:04 - [MESSAGE][PASSED] - Text 'cenaalice@mailcom' is set on object 'Object Repository/Login_An/Login with Invalid Credentials/Page_Account  Threads/input_Login_customeremail'

04-11-2024T22:40:04 - [TEST_STEP][PASSED] - setEncryptedText(findTestObject("Object Repository/Login_An/Login with Invalid Credentials/Page_Account  Threads/input_Email_customerpassword"), validpassword): Text ****** has been set on object 'Object Repository/Login_An/Login with Invalid Credentials/Page_Account  Threads/input_Email_customerpassword'

04-11-2024T22:40:05 - [MESSAGE][PASSED] - Text ****** has been set on object 'Object Repository/Login_An/Login with Invalid Credentials/Page_Account  Threads/input_Email_customerpassword'

04-11-2024T22:40:05 - [TEST_STEP][PASSED] - takeScreenshot(screenshotFolderPath + "invalid_email_before.png"): Taking screenshot successfully

04-11-2024T22:40:05 - [MESSAGE][PASSED] - Taking screenshot successfully
[[ATTACHMENT|C:\\Users\\SamajitKundu\\git\\threadShopify\\ThreadShopify\\Reports\\20241104_223842\\Threads\\Final TestSuit\\20241104_223843\\screenshots/login_20241104223947/invalid_email_before.png]]

04-11-2024T22:40:05 - [TEST_STEP][PASSED] - click(findTestObject("Object Repository/Login_An/Login with Invalid Credentials/Page_Account  Threads/button_Sign in")): Object: 'Object Repository/Login_An/Login with Invalid Credentials/Page_Account  Threads/button_Sign in' is clicked on

04-11-2024T22:40:07 - [MESSAGE][PASSED] - Object: 'Object Repository/Login_An/Login with Invalid Credentials/Page_Account  Threads/button_Sign in' is clicked on

04-11-2024T22:40:07 - [TEST_STEP][PASSED] - verifyTextPresent(error_msg1, false): Text 'Please adjust the following:' is present on page 

04-11-2024T22:40:08 - [MESSAGE][PASSED] - Text 'Please adjust the following:' is present on page 

04-11-2024T22:40:08 - [TEST_STEP][PASSED] - verifyTextPresent(error_msg2, false): Text 'Incorrect email or password.' is present on page 

04-11-2024T22:40:08 - [MESSAGE][PASSED] - Text 'Incorrect email or password.' is present on page 

04-11-2024T22:40:08 - [TEST_STEP][PASSED] - takeScreenshot(screenshotFolderPath + "invalid_email_after.png"): Taking screenshot successfully

04-11-2024T22:40:09 - [MESSAGE][PASSED] - Taking screenshot successfully
[[ATTACHMENT|C:\\Users\\SamajitKundu\\git\\threadShopify\\ThreadShopify\\Reports\\20241104_223842\\Threads\\Final TestSuit\\20241104_223843\\screenshots/login_20241104223947/invalid_email_after.png]]

04-11-2024T22:40:09 - [TEST_STEP][PASSED] - setText(findTestObject("Object Repository/Login_An/Login with Invalid Credentials/Page_Account  Threads/input_Login_customeremail"), validemail): Text 'cenaalice1234@mailinator.com' is set on object 'Object Repository/Login_An/Login with Invalid Credentials/Page_Account  Threads/input_Login_customeremail'

04-11-2024T22:40:10 - [MESSAGE][PASSED] - Text 'cenaalice1234@mailinator.com' is set on object 'Object Repository/Login_An/Login with Invalid Credentials/Page_Account  Threads/input_Login_customeremail'

04-11-2024T22:40:10 - [TEST_STEP][PASSED] - setEncryptedText(findTestObject("Object Repository/Login_An/Login with Invalid Credentials/Page_Account  Threads/input_Email_customerpassword"), invalidpass): Text ****** has been set on object 'Object Repository/Login_An/Login with Invalid Credentials/Page_Account  Threads/input_Email_customerpassword'

04-11-2024T22:40:10 - [MESSAGE][PASSED] - Text ****** has been set on object 'Object Repository/Login_An/Login with Invalid Credentials/Page_Account  Threads/input_Email_customerpassword'

04-11-2024T22:40:10 - [TEST_STEP][PASSED] - takeScreenshot(screenshotFolderPath + "invalid_password_before.png"): Taking screenshot successfully

04-11-2024T22:40:10 - [MESSAGE][PASSED] - Taking screenshot successfully
[[ATTACHMENT|C:\\Users\\SamajitKundu\\git\\threadShopify\\ThreadShopify\\Reports\\20241104_223842\\Threads\\Final TestSuit\\20241104_223843\\screenshots/login_20241104223947/invalid_password_before.png]]

04-11-2024T22:40:10 - [TEST_STEP][PASSED] - click(findTestObject("Object Repository/Login_An/Login with Invalid Credentials/Page_Account  Threads/button_Sign in")): Object: 'Object Repository/Login_An/Login with Invalid Credentials/Page_Account  Threads/button_Sign in' is clicked on

04-11-2024T22:40:13 - [MESSAGE][PASSED] - Object: 'Object Repository/Login_An/Login with Invalid Credentials/Page_Account  Threads/button_Sign in' is clicked on

04-11-2024T22:40:13 - [TEST_STEP][PASSED] - verifyTextPresent(error_msg1, false): Text 'Please adjust the following:' is present on page 

04-11-2024T22:40:14 - [MESSAGE][PASSED] - Text 'Please adjust the following:' is present on page 

04-11-2024T22:40:14 - [TEST_STEP][PASSED] - verifyTextPresent(error_msg2, false): Text 'Incorrect email or password.' is present on page 

04-11-2024T22:40:14 - [MESSAGE][PASSED] - Text 'Incorrect email or password.' is present on page 

04-11-2024T22:40:14 - [TEST_STEP][PASSED] - takeScreenshot(screenshotFolderPath + "invalid_password_after.png"): Taking screenshot successfully

04-11-2024T22:40:14 - [MESSAGE][PASSED] - Taking screenshot successfully
[[ATTACHMENT|C:\\Users\\SamajitKundu\\git\\threadShopify\\ThreadShopify\\Reports\\20241104_223842\\Threads\\Final TestSuit\\20241104_223843\\screenshots/login_20241104223947/invalid_password_after.png]]

04-11-2024T22:40:14 - [TEST_STEP][PASSED] - setText(findTestObject("Object Repository/Login_An/Login with Invalid Credentials/Page_Account  Threads/input_Login_customeremail"), validemail): Text 'cenaalice1234@mailinator.com' is set on object 'Object Repository/Login_An/Login with Invalid Credentials/Page_Account  Threads/input_Login_customeremail'

04-11-2024T22:40:15 - [MESSAGE][PASSED] - Text 'cenaalice1234@mailinator.com' is set on object 'Object Repository/Login_An/Login with Invalid Credentials/Page_Account  Threads/input_Login_customeremail'

04-11-2024T22:40:15 - [TEST_STEP][PASSED] - setEncryptedText(findTestObject("Object Repository/Login_An/Login with Invalid Credentials/Page_Account  Threads/input_Email_customerpassword"), validpassword): Text ****** has been set on object 'Object Repository/Login_An/Login with Invalid Credentials/Page_Account  Threads/input_Email_customerpassword'

04-11-2024T22:40:16 - [MESSAGE][PASSED] - Text ****** has been set on object 'Object Repository/Login_An/Login with Invalid Credentials/Page_Account  Threads/input_Email_customerpassword'

04-11-2024T22:40:16 - [TEST_STEP][PASSED] - takeScreenshot(screenshotFolderPath + "valid_before.png"): Taking screenshot successfully

04-11-2024T22:40:16 - [MESSAGE][PASSED] - Taking screenshot successfully
[[ATTACHMENT|C:\\Users\\SamajitKundu\\git\\threadShopify\\ThreadShopify\\Reports\\20241104_223842\\Threads\\Final TestSuit\\20241104_223843\\screenshots/login_20241104223947/valid_before.png]]

04-11-2024T22:40:16 - [TEST_STEP][PASSED] - click(findTestObject("Object Repository/Login_An/Login with Invalid Credentials/Page_Account  Threads/button_Sign in")): Object: 'Object Repository/Login_An/Login with Invalid Credentials/Page_Account  Threads/button_Sign in' is clicked on

04-11-2024T22:40:18 - [MESSAGE][PASSED] - Object: 'Object Repository/Login_An/Login with Invalid Credentials/Page_Account  Threads/button_Sign in' is clicked on

04-11-2024T22:40:18 - [TEST_STEP][PASSED] - takeScreenshot(screenshotFolderPath + "valid_after.png"): Taking screenshot successfully

04-11-2024T22:40:19 - [MESSAGE][PASSED] - Taking screenshot successfully
[[ATTACHMENT|C:\\Users\\SamajitKundu\\git\\threadShopify\\ThreadShopify\\Reports\\20241104_223842\\Threads\\Final TestSuit\\20241104_223843\\screenshots/login_20241104223947/valid_after.png]]

04-11-2024T22:40:19 - [TEST_STEP][PASSED] - verifyTextPresent(account_page, false): Text 'Account' is present on page 

04-11-2024T22:40:20 - [MESSAGE][PASSED] - Text 'Account' is present on page 

04-11-2024T22:40:20 - [TEST_STEP][PASSED] - verifyTextPresent(name, false): Text 'Alice Cena' is present on page 

04-11-2024T22:40:20 - [MESSAGE][PASSED] - Text 'Alice Cena' is present on page 

04-11-2024T22:40:20 - [TEST_STEP][PASSED] - takeScreenshot(screenshotFolderPath + "account_page.png"): Taking screenshot successfully

04-11-2024T22:40:21 - [MESSAGE][PASSED] - Taking screenshot successfully
[[ATTACHMENT|C:\\Users\\SamajitKundu\\git\\threadShopify\\ThreadShopify\\Reports\\20241104_223842\\Threads\\Final TestSuit\\20241104_223843\\screenshots/login_20241104223947/account_page.png]]

04-11-2024T22:40:21 - [TEST_STEP][PASSED] - click(findTestObject("Object Repository/Login_An/Login with Invalid Credentials/Page_Account  Threads/span_Home")): Object: 'Object Repository/Login_An/Login with Invalid Credentials/Page_Account  Threads/span_Home' is clicked on

04-11-2024T22:40:22 - [MESSAGE][PASSED] - Object: 'Object Repository/Login_An/Login with Invalid Credentials/Page_Account  Threads/span_Home' is clicked on

04-11-2024T22:40:22 - [TEST_STEP][PASSED] - click(findTestObject("Object Repository/Login_An/Login with Invalid Credentials/Page_Threads/svg_Search_icon icon-account")): Object: 'Object Repository/Login_An/Login with Invalid Credentials/Page_Threads/svg_Search_icon icon-account' is clicked on

04-11-2024T22:40:23 - [MESSAGE][PASSED] - Object: 'Object Repository/Login_An/Login with Invalid Credentials/Page_Threads/svg_Search_icon icon-account' is clicked on

04-11-2024T22:40:23 - [TEST_STEP][PASSED] - takeScreenshot(screenshotFolderPath + "logout_page.png"): Taking screenshot successfully

04-11-2024T22:40:24 - [MESSAGE][PASSED] - Taking screenshot successfully
[[ATTACHMENT|C:\\Users\\SamajitKundu\\git\\threadShopify\\ThreadShopify\\Reports\\20241104_223842\\Threads\\Final TestSuit\\20241104_223843\\screenshots/login_20241104223947/logout_page.png]]

04-11-2024T22:40:24 - [TEST_STEP][PASSED] - click(findTestObject("Object Repository/Login_An/Login with Invalid Credentials/Page_Account  Threads/a_Log out")): Object: 'Object Repository/Login_An/Login with Invalid Credentials/Page_Account  Threads/a_Log out' is clicked on

04-11-2024T22:40:26 - [MESSAGE][PASSED] - Object: 'Object Repository/Login_An/Login with Invalid Credentials/Page_Account  Threads/a_Log out' is clicked on

04-11-2024T22:40:26 - [TEST_STEP][PASSED] - click(findTestObject("Object Repository/Login_An/Login with Invalid Credentials/Page_Threads/span_Search_svg-wrapper")): Object: 'Object Repository/Login_An/Login with Invalid Credentials/Page_Threads/span_Search_svg-wrapper' is clicked on

04-11-2024T22:40:28 - [MESSAGE][PASSED] - Object: 'Object Repository/Login_An/Login with Invalid Credentials/Page_Threads/span_Search_svg-wrapper' is clicked on

04-11-2024T22:40:28 - [TEST_STEP][PASSED] - takeScreenshot(screenshotFolderPath + "login_page_after_logout.png"): Taking screenshot successfully

04-11-2024T22:40:29 - [MESSAGE][PASSED] - Taking screenshot successfully
[[ATTACHMENT|C:\\Users\\SamajitKundu\\git\\threadShopify\\ThreadShopify\\Reports\\20241104_223842\\Threads\\Final TestSuit\\20241104_223843\\screenshots/login_20241104223947/login_page_after_logout.png]]

04-11-2024T22:40:29 - [TEST_STEP][PASSED] - verifyTextPresent(login_page, false): Text 'Login' is present on page 

04-11-2024T22:40:29 - [MESSAGE][PASSED] - Text 'Login' is present on page 

04-11-2024T22:40:29 - [TEST_STEP][PASSED] - closeBrowser(): Browser is closed

04-11-2024T22:40:30 - [MESSAGE][PASSED] - Browser is closed]]></system-out>
         <system-err><![CDATA[]]></system-err>
      </testcase>
      <testcase name="Test Cases/Threads_Webshop/3 Homepage/TC-3,66-Verify Seach Bar" time="34.963" classname="Test Cases/Threads_Webshop/3 Homepage/TC-3,66-Verify Seach Bar" status="PASSED">
         <system-out><![CDATA[04-11-2024T22:40:30 - [TEST_CASE][PASSED] - Test Cases/Threads_Webshop/3 Homepage/TC-3,66-Verify Seach Bar: Test Cases/Threads_Webshop/3 Homepage/TC-3,66-Verify Seach Bar

04-11-2024T22:40:30 - [TEST_STEP][PASSED] - currentDateTime = LocalDateTime.now(): null

04-11-2024T22:40:30 - [TEST_STEP][PASSED] - formatter = DateTimeFormatter.ofPattern("yyyyMMdd_HHmmss"): null

04-11-2024T22:40:30 - [TEST_STEP][PASSED] - dateTimeString = currentDateTime.format(formatter): null

04-11-2024T22:40:30 - [TEST_STEP][PASSED] - screenshotFolderPath = "screenshots/home_page_" + dateTimeString + "/": null

04-11-2024T22:40:30 - [TEST_STEP][PASSED] - File(screenshotFolderPath).mkdirs(): null

04-11-2024T22:40:30 - [TEST_STEP][PASSED] - callTestCase(findTestCase("Threads_Webshop/ReUsable Testcases/Enter Password"), [:], STOP_ON_FAILURE): Call Test Case 'Test Cases/Threads_Webshop/ReUsable Testcases/Enter Password' successfully

04-11-2024T22:40:30 - [TEST_CASE][PASSED] - Test Cases/Threads_Webshop/ReUsable Testcases/Enter Password: Test Cases/Threads_Webshop/ReUsable Testcases/Enter Password

04-11-2024T22:40:30 - [TEST_STEP][PASSED] - openBrowser(""): Browser is opened with url: ''

04-11-2024T22:40:30 - [MESSAGE][INFO] - Starting 'Chrome' driver

04-11-2024T22:40:30 - [MESSAGE][INFO] - Action delay is set to 0 milliseconds

04-11-2024T22:40:31 - [MESSAGE][PASSED] - Browser is opened with url: ''

04-11-2024T22:40:31 - [TEST_STEP][PASSED] - maximizeWindow(): Current window maximized

04-11-2024T22:40:31 - [MESSAGE][PASSED] - Current window maximized

04-11-2024T22:40:31 - [TEST_STEP][PASSED] - navigateToUrl("https://threads0.myshopify.com/password"): Navigate to 'https://threads0.myshopify.com/password' successfully

04-11-2024T22:40:32 - [MESSAGE][PASSED] - Navigate to 'https://threads0.myshopify.com/password' successfully

04-11-2024T22:40:32 - [TEST_STEP][PASSED] - click(findTestObject("Object Repository/Thread_Webshop/Reusable Testcase/Page_Threads/div_Enter using password")): Object: 'Object Repository/Thread_Webshop/Reusable Testcase/Page_Threads/div_Enter using password' is clicked on

04-11-2024T22:40:41 - [MESSAGE][PASSED] - Object: 'Object Repository/Thread_Webshop/Reusable Testcase/Page_Threads/div_Enter using password' is clicked on

04-11-2024T22:40:41 - [TEST_STEP][PASSED] - setEncryptedText(findTestObject("Object Repository/Thread_Webshop/Reusable Testcase/Page_Threads/input_Enter store using password_password"), "gnzTAVlujIw+lTr0To6+Cg=="): Text ****** has been set on object 'Object Repository/Thread_Webshop/Reusable Testcase/Page_Threads/input_Enter store using password_password'

04-11-2024T22:40:41 - [MESSAGE][PASSED] - Text ****** has been set on object 'Object Repository/Thread_Webshop/Reusable Testcase/Page_Threads/input_Enter store using password_password'

04-11-2024T22:40:41 - [TEST_STEP][PASSED] - click(findTestObject("Object Repository/Thread_Webshop/Reusable Testcase/Page_Threads/button_Enter")): Object: 'Object Repository/Thread_Webshop/Reusable Testcase/Page_Threads/button_Enter' is clicked on

04-11-2024T22:40:43 - [MESSAGE][PASSED] - Object: 'Object Repository/Thread_Webshop/Reusable Testcase/Page_Threads/button_Enter' is clicked on

04-11-2024T22:40:43 - [MESSAGE][PASSED] - Call Test Case 'Test Cases/Threads_Webshop/ReUsable Testcases/Enter Password' successfully

04-11-2024T22:40:43 - [TEST_STEP][PASSED] - verifyTextPresent(home_page, false): Text 'Home' is present on page 

04-11-2024T22:40:44 - [MESSAGE][PASSED] - Text 'Home' is present on page 

04-11-2024T22:40:44 - [TEST_STEP][PASSED] - takeScreenshot(screenshotFolderPath + "home.png"): Taking screenshot successfully

04-11-2024T22:40:44 - [MESSAGE][PASSED] - Taking screenshot successfully
[[ATTACHMENT|C:\\Users\\SamajitKundu\\git\\threadShopify\\ThreadShopify\\Reports\\20241104_223842\\Threads\\Final TestSuit\\20241104_223843\\screenshots/home_page_20241104_224030/home.png]]

04-11-2024T22:40:44 - [TEST_STEP][PASSED] - verifyElementClickable(findTestObject("Object Repository/Page_Threads/svg_Contact_icon icon-search")): Object 'Object Repository/Page_Threads/svg_Contact_icon icon-search' is clickable

04-11-2024T22:40:45 - [MESSAGE][PASSED] - Object 'Object Repository/Page_Threads/svg_Contact_icon icon-search' is clickable

04-11-2024T22:40:45 - [TEST_STEP][PASSED] - click(findTestObject("Object Repository/Page_Threads/svg_Contact_icon icon-search")): Object: 'Object Repository/Page_Threads/svg_Contact_icon icon-search' is clicked on

04-11-2024T22:40:45 - [MESSAGE][PASSED] - Object: 'Object Repository/Page_Threads/svg_Contact_icon icon-search' is clicked on

04-11-2024T22:40:45 - [TEST_STEP][PASSED] - takeScreenshot(screenshotFolderPath + "open_search_bar.png"): Taking screenshot successfully

04-11-2024T22:40:46 - [MESSAGE][PASSED] - Taking screenshot successfully
[[ATTACHMENT|C:\\Users\\SamajitKundu\\git\\threadShopify\\ThreadShopify\\Reports\\20241104_223842\\Threads\\Final TestSuit\\20241104_223843\\screenshots/home_page_20241104_224030/open_search_bar.png]]

04-11-2024T22:40:46 - [TEST_STEP][PASSED] - verifyTextPresent("", false): Text '' is present on page 

04-11-2024T22:40:46 - [MESSAGE][PASSED] - Text '' is present on page 

04-11-2024T22:40:46 - [TEST_STEP][PASSED] - verifyElementClickable(findTestObject("Object Repository/Page_Threads/svg_Search_icon icon-search")): Object 'Object Repository/Page_Threads/svg_Search_icon icon-search' is clickable

04-11-2024T22:40:47 - [MESSAGE][PASSED] - Object 'Object Repository/Page_Threads/svg_Search_icon icon-search' is clickable

04-11-2024T22:40:47 - [TEST_STEP][PASSED] - click(findTestObject("Object Repository/Page_Threads/svg_Search_icon icon-search")): Object: 'Object Repository/Page_Threads/svg_Search_icon icon-search' is clicked on

04-11-2024T22:40:47 - [MESSAGE][PASSED] - Object: 'Object Repository/Page_Threads/svg_Search_icon icon-search' is clicked on

04-11-2024T22:40:47 - [TEST_STEP][PASSED] - takeScreenshot(screenshotFolderPath + "blank_bar.png"): Taking screenshot successfully

04-11-2024T22:40:48 - [MESSAGE][PASSED] - Taking screenshot successfully
[[ATTACHMENT|C:\\Users\\SamajitKundu\\git\\threadShopify\\ThreadShopify\\Reports\\20241104_223842\\Threads\\Final TestSuit\\20241104_223843\\screenshots/home_page_20241104_224030/blank_bar.png]]

04-11-2024T22:40:48 - [TEST_STEP][PASSED] - setText(findTestObject("Object Repository/Page_Threads/input_Contact_q"), invalid_search): Text 'Verify invalid search' is set on object 'Object Repository/Page_Threads/input_Contact_q'

04-11-2024T22:40:48 - [MESSAGE][PASSED] - Text 'Verify invalid search' is set on object 'Object Repository/Page_Threads/input_Contact_q'

04-11-2024T22:40:48 - [TEST_STEP][PASSED] - takeScreenshot(screenshotFolderPath + "invalid_before.png"): Taking screenshot successfully

04-11-2024T22:40:49 - [MESSAGE][PASSED] - Taking screenshot successfully
[[ATTACHMENT|C:\\Users\\SamajitKundu\\git\\threadShopify\\ThreadShopify\\Reports\\20241104_223842\\Threads\\Final TestSuit\\20241104_223843\\screenshots/home_page_20241104_224030/invalid_before.png]]

04-11-2024T22:40:49 - [TEST_STEP][PASSED] - click(findTestObject("Object Repository/Page_Threads/svg_Search_icon icon-search")): Object: 'Object Repository/Page_Threads/svg_Search_icon icon-search' is clicked on

04-11-2024T22:40:51 - [MESSAGE][PASSED] - Object: 'Object Repository/Page_Threads/svg_Search_icon icon-search' is clicked on

04-11-2024T22:40:51 - [TEST_STEP][PASSED] - verifyTextPresent(search_result, false): Text 'Search results' is present on page 

04-11-2024T22:40:52 - [MESSAGE][PASSED] - Text 'Search results' is present on page 

04-11-2024T22:40:52 - [TEST_STEP][PASSED] - verifyTextPresent(no_result, false): Text 'No results found for' is present on page 

04-11-2024T22:40:52 - [MESSAGE][PASSED] - Text 'No results found for' is present on page 

04-11-2024T22:40:52 - [TEST_STEP][PASSED] - takeScreenshot(screenshotFolderPath + "invalid_after.png"): Taking screenshot successfully

04-11-2024T22:40:52 - [MESSAGE][PASSED] - Taking screenshot successfully
[[ATTACHMENT|C:\\Users\\SamajitKundu\\git\\threadShopify\\ThreadShopify\\Reports\\20241104_223842\\Threads\\Final TestSuit\\20241104_223843\\screenshots/home_page_20241104_224030/invalid_after.png]]

04-11-2024T22:40:52 - [TEST_STEP][PASSED] - click(findTestObject("Object Repository/Thread_Webshop/Home_Page/Page_Threads/Page_Search 0 results found for Verify inva_0640af/svg_Contact_icon icon-search")): Object: 'Object Repository/Thread_Webshop/Home_Page/Page_Threads/Page_Search 0 results found for Verify inva_0640af/svg_Contact_icon icon-search' is clicked on

04-11-2024T22:40:52 - [MESSAGE][PASSED] - Object: 'Object Repository/Thread_Webshop/Home_Page/Page_Threads/Page_Search 0 results found for Verify inva_0640af/svg_Contact_icon icon-search' is clicked on

04-11-2024T22:40:52 - [TEST_STEP][PASSED] - setText(findTestObject("Object Repository/Thread_Webshop/Home_Page/Page_Threads/Page_Search 0 results found for Verify inva_0640af/input_Contact_q"), search_item): Text 'Shoe' is set on object 'Object Repository/Thread_Webshop/Home_Page/Page_Threads/Page_Search 0 results found for Verify inva_0640af/input_Contact_q'

04-11-2024T22:40:53 - [MESSAGE][PASSED] - Text 'Shoe' is set on object 'Object Repository/Thread_Webshop/Home_Page/Page_Threads/Page_Search 0 results found for Verify inva_0640af/input_Contact_q'

04-11-2024T22:40:53 - [TEST_STEP][PASSED] - takeScreenshot(screenshotFolderPath + "search_item_before.png"): Taking screenshot successfully

04-11-2024T22:40:54 - [MESSAGE][PASSED] - Taking screenshot successfully
[[ATTACHMENT|C:\\Users\\SamajitKundu\\git\\threadShopify\\ThreadShopify\\Reports\\20241104_223842\\Threads\\Final TestSuit\\20241104_223843\\screenshots/home_page_20241104_224030/search_item_before.png]]

04-11-2024T22:40:54 - [TEST_STEP][PASSED] - delay(3): Delayed 3 second(s)

04-11-2024T22:40:57 - [MESSAGE][PASSED] - Delayed 3 second(s)

04-11-2024T22:40:57 - [TEST_STEP][PASSED] - verifyElementPresent(findTestObject("Object Repository/Thread_Webshop/Home_Page/Page_Threads/Page_Search 0 results found for Verify inva_0640af/p_DR MARTENS  CAVENDISH 3-EYE SHOE BLACK"), 0): Object 'Object Repository/Thread_Webshop/Home_Page/Page_Threads/Page_Search 0 results found for Verify inva_0640af/p_DR MARTENS  CAVENDISH 3-EYE SHOE BLACK' is present

04-11-2024T22:40:57 - [MESSAGE][WARNING] - Timeout '0' is invalid. Using default page load timeout: '30'

04-11-2024T22:40:57 - [MESSAGE][PASSED] - Object 'Object Repository/Thread_Webshop/Home_Page/Page_Threads/Page_Search 0 results found for Verify inva_0640af/p_DR MARTENS  CAVENDISH 3-EYE SHOE BLACK' is present

04-11-2024T22:40:57 - [TEST_STEP][PASSED] - verifyElementPresent(findTestObject("Object Repository/Thread_Webshop/Home_Page/Page_Threads/Page_Search 0 results found for Verify inva_0640af/p_DR MARTENS  1461 DMC 3-EYE SHOE  BLACK SMOOTH"), 0): Object 'Object Repository/Thread_Webshop/Home_Page/Page_Threads/Page_Search 0 results found for Verify inva_0640af/p_DR MARTENS  1461 DMC 3-EYE SHOE  BLACK SMOOTH' is present

04-11-2024T22:40:57 - [MESSAGE][WARNING] - Timeout '0' is invalid. Using default page load timeout: '30'

04-11-2024T22:40:57 - [MESSAGE][PASSED] - Object 'Object Repository/Thread_Webshop/Home_Page/Page_Threads/Page_Search 0 results found for Verify inva_0640af/p_DR MARTENS  1461 DMC 3-EYE SHOE  BLACK SMOOTH' is present

04-11-2024T22:40:57 - [TEST_STEP][PASSED] - verifyElementPresent(findTestObject("Object Repository/Thread_Webshop/Home_Page/Page_Threads/Page_Search 0 results found for Verify inva_0640af/p_DR MARTENS  1460Z DMC 8-EYE BOOT  CHERRY SMOOTH"), 0): Object 'Object Repository/Thread_Webshop/Home_Page/Page_Threads/Page_Search 0 results found for Verify inva_0640af/p_DR MARTENS  1460Z DMC 8-EYE BOOT  CHERRY SMOOTH' is present

04-11-2024T22:40:57 - [MESSAGE][WARNING] - Timeout '0' is invalid. Using default page load timeout: '30'

04-11-2024T22:40:58 - [MESSAGE][PASSED] - Object 'Object Repository/Thread_Webshop/Home_Page/Page_Threads/Page_Search 0 results found for Verify inva_0640af/p_DR MARTENS  1460Z DMC 8-EYE BOOT  CHERRY SMOOTH' is present

04-11-2024T22:40:58 - [TEST_STEP][PASSED] - verifyElementPresent(findTestObject("Object Repository/Thread_Webshop/Home_Page/Page_Threads/Page_Search 0 results found for Verify inva_0640af/p_TIMBERLAND  MENS 6 INCH PREMIUM BOOT"), 0): Object 'Object Repository/Thread_Webshop/Home_Page/Page_Threads/Page_Search 0 results found for Verify inva_0640af/p_TIMBERLAND  MENS 6 INCH PREMIUM BOOT' is present

04-11-2024T22:40:58 - [MESSAGE][WARNING] - Timeout '0' is invalid. Using default page load timeout: '30'

04-11-2024T22:40:58 - [MESSAGE][PASSED] - Object 'Object Repository/Thread_Webshop/Home_Page/Page_Threads/Page_Search 0 results found for Verify inva_0640af/p_TIMBERLAND  MENS 6 INCH PREMIUM BOOT' is present

04-11-2024T22:40:58 - [TEST_STEP][PASSED] - click(findTestObject("Object Repository/Thread_Webshop/Home_Page/Page_Threads/Page_Search 0 results found for Verify inva_0640af/svg_Search_icon icon-search")): Object: 'Object Repository/Thread_Webshop/Home_Page/Page_Threads/Page_Search 0 results found for Verify inva_0640af/svg_Search_icon icon-search' is clicked on

04-11-2024T22:40:59 - [MESSAGE][PASSED] - Object: 'Object Repository/Thread_Webshop/Home_Page/Page_Threads/Page_Search 0 results found for Verify inva_0640af/svg_Search_icon icon-search' is clicked on

04-11-2024T22:40:59 - [TEST_STEP][PASSED] - takeScreenshot(screenshotFolderPath + "search_item_after.png"): Taking screenshot successfully

04-11-2024T22:41:00 - [MESSAGE][PASSED] - Taking screenshot successfully
[[ATTACHMENT|C:\\Users\\SamajitKundu\\git\\threadShopify\\ThreadShopify\\Reports\\20241104_223842\\Threads\\Final TestSuit\\20241104_223843\\screenshots/home_page_20241104_224030/search_item_after.png]]

04-11-2024T22:41:00 - [TEST_STEP][PASSED] - verifyTextPresent(search_result, false): Text 'Search results' is present on page 

04-11-2024T22:41:00 - [MESSAGE][PASSED] - Text 'Search results' is present on page 

04-11-2024T22:41:00 - [TEST_STEP][PASSED] - scrollToPosition(500, 0): Browser is scrolled to position x = 500, y = 0

04-11-2024T22:41:00 - [MESSAGE][PASSED] - Browser is scrolled to position x = 500, y = 0

04-11-2024T22:41:00 - [TEST_STEP][PASSED] - verifyElementPresent(findTestObject("Object Repository/Thread_Webshop/Home_Page/Page_Threads/Page_Search 24 results found for Shoe  Threads/a_DR MARTENS  CAVENDISH 3-EYE SHOE BLACK"), 0): Object 'Object Repository/Thread_Webshop/Home_Page/Page_Threads/Page_Search 24 results found for Shoe  Threads/a_DR MARTENS  CAVENDISH 3-EYE SHOE BLACK' is present

04-11-2024T22:41:00 - [MESSAGE][WARNING] - Timeout '0' is invalid. Using default page load timeout: '30'

04-11-2024T22:41:01 - [MESSAGE][PASSED] - Object 'Object Repository/Thread_Webshop/Home_Page/Page_Threads/Page_Search 24 results found for Shoe  Threads/a_DR MARTENS  CAVENDISH 3-EYE SHOE BLACK' is present

04-11-2024T22:41:01 - [TEST_STEP][PASSED] - verifyElementPresent(findTestObject("Object Repository/Thread_Webshop/Home_Page/Page_Threads/Page_Search 24 results found for Shoe  Threads/a_DR MARTENS  1461 DMC 3-EYE SHOE  BLACK SMOOTH"), 0): Object 'Object Repository/Thread_Webshop/Home_Page/Page_Threads/Page_Search 24 results found for Shoe  Threads/a_DR MARTENS  1461 DMC 3-EYE SHOE  BLACK SMOOTH' is present

04-11-2024T22:41:01 - [MESSAGE][WARNING] - Timeout '0' is invalid. Using default page load timeout: '30'

04-11-2024T22:41:01 - [MESSAGE][PASSED] - Object 'Object Repository/Thread_Webshop/Home_Page/Page_Threads/Page_Search 24 results found for Shoe  Threads/a_DR MARTENS  1461 DMC 3-EYE SHOE  BLACK SMOOTH' is present

04-11-2024T22:41:01 - [TEST_STEP][PASSED] - verifyElementPresent(findTestObject("Object Repository/Thread_Webshop/Home_Page/Page_Threads/Page_Search 24 results found for Shoe  Threads/a_ADIDAS  SUPERSTAR 80S"), 0): Object 'Object Repository/Thread_Webshop/Home_Page/Page_Threads/Page_Search 24 results found for Shoe  Threads/a_ADIDAS  SUPERSTAR 80S' is present

04-11-2024T22:41:01 - [MESSAGE][WARNING] - Timeout '0' is invalid. Using default page load timeout: '30'

04-11-2024T22:41:02 - [MESSAGE][PASSED] - Object 'Object Repository/Thread_Webshop/Home_Page/Page_Threads/Page_Search 24 results found for Shoe  Threads/a_ADIDAS  SUPERSTAR 80S' is present

04-11-2024T22:41:02 - [TEST_STEP][PASSED] - verifyElementPresent(findTestObject("Object Repository/Thread_Webshop/Home_Page/Page_Threads/Page_Search 24 results found for Shoe  Threads/a_NIKE  TODDLER ROSHE ONE"), 0): Object 'Object Repository/Thread_Webshop/Home_Page/Page_Threads/Page_Search 24 results found for Shoe  Threads/a_NIKE  TODDLER ROSHE ONE' is present

04-11-2024T22:41:02 - [MESSAGE][WARNING] - Timeout '0' is invalid. Using default page load timeout: '30'

04-11-2024T22:41:02 - [MESSAGE][PASSED] - Object 'Object Repository/Thread_Webshop/Home_Page/Page_Threads/Page_Search 24 results found for Shoe  Threads/a_NIKE  TODDLER ROSHE ONE' is present

04-11-2024T22:41:02 - [TEST_STEP][PASSED] - takeScreenshot(screenshotFolderPath + "search_result.png"): Taking screenshot successfully

04-11-2024T22:41:02 - [MESSAGE][PASSED] - Taking screenshot successfully
[[ATTACHMENT|C:\\Users\\SamajitKundu\\git\\threadShopify\\ThreadShopify\\Reports\\20241104_223842\\Threads\\Final TestSuit\\20241104_223843\\screenshots/home_page_20241104_224030/search_result.png]]

04-11-2024T22:41:02 - [TEST_STEP][PASSED] - click(findTestObject("Object Repository/Thread_Webshop/Home_Page/Page_Threads/Page_Search 24 results found for Shoe  Threads/span_Home")): Object: 'Object Repository/Thread_Webshop/Home_Page/Page_Threads/Page_Search 24 results found for Shoe  Threads/span_Home' is clicked on

04-11-2024T22:41:03 - [MESSAGE][PASSED] - Object: 'Object Repository/Thread_Webshop/Home_Page/Page_Threads/Page_Search 24 results found for Shoe  Threads/span_Home' is clicked on

04-11-2024T22:41:03 - [TEST_STEP][PASSED] - takeScreenshot(screenshotFolderPath + "home_final.png"): Taking screenshot successfully

04-11-2024T22:41:04 - [MESSAGE][PASSED] - Taking screenshot successfully
[[ATTACHMENT|C:\\Users\\SamajitKundu\\git\\threadShopify\\ThreadShopify\\Reports\\20241104_223842\\Threads\\Final TestSuit\\20241104_223843\\screenshots/home_page_20241104_224030/home_final.png]]

04-11-2024T22:41:04 - [TEST_STEP][PASSED] - closeBrowser(): Browser is closed

04-11-2024T22:41:05 - [MESSAGE][PASSED] - Browser is closed]]></system-out>
         <system-err><![CDATA[]]></system-err>
      </testcase>
      <testcase name="Test Cases/Threads_Webshop/3 Homepage/TC-672-Verify the Social media button" time="12.465" classname="Test Cases/Threads_Webshop/3 Homepage/TC-672-Verify the Social media button" status="PASSED">
         <system-out><![CDATA[04-11-2024T22:41:05 - [TEST_CASE][PASSED] - Test Cases/Threads_Webshop/3 Homepage/TC-672-Verify the Social media button: Test Cases/Threads_Webshop/3 Homepage/TC-672-Verify the Social media button

04-11-2024T22:41:05 - [TEST_STEP][PASSED] - currentDateTime = LocalDateTime.now(): null

04-11-2024T22:41:05 - [TEST_STEP][PASSED] - formatter = DateTimeFormatter.ofPattern("yyyyMMdd_HHmmss"): null

04-11-2024T22:41:05 - [TEST_STEP][PASSED] - dateTimeString = currentDateTime.format(formatter): null

04-11-2024T22:41:05 - [TEST_STEP][PASSED] - screenshotFolderPath = "screenshots/home_page_" + dateTimeString + "/": null

04-11-2024T22:41:05 - [TEST_STEP][PASSED] - File(screenshotFolderPath).mkdirs(): null

04-11-2024T22:41:05 - [TEST_STEP][PASSED] - callTestCase(findTestCase("Threads_Webshop/ReUsable Testcases/Enter Password"), [:], STOP_ON_FAILURE): Call Test Case 'Test Cases/Threads_Webshop/ReUsable Testcases/Enter Password' successfully

04-11-2024T22:41:05 - [TEST_CASE][PASSED] - Test Cases/Threads_Webshop/ReUsable Testcases/Enter Password: Test Cases/Threads_Webshop/ReUsable Testcases/Enter Password

04-11-2024T22:41:05 - [TEST_STEP][PASSED] - openBrowser(""): Browser is opened with url: ''

04-11-2024T22:41:05 - [MESSAGE][INFO] - Starting 'Chrome' driver

04-11-2024T22:41:05 - [MESSAGE][INFO] - Action delay is set to 0 milliseconds

04-11-2024T22:41:06 - [MESSAGE][PASSED] - Browser is opened with url: ''

04-11-2024T22:41:06 - [TEST_STEP][PASSED] - maximizeWindow(): Current window maximized

04-11-2024T22:41:06 - [MESSAGE][PASSED] - Current window maximized

04-11-2024T22:41:06 - [TEST_STEP][PASSED] - navigateToUrl("https://threads0.myshopify.com/password"): Navigate to 'https://threads0.myshopify.com/password' successfully

04-11-2024T22:41:08 - [MESSAGE][PASSED] - Navigate to 'https://threads0.myshopify.com/password' successfully

04-11-2024T22:41:08 - [TEST_STEP][PASSED] - click(findTestObject("Object Repository/Thread_Webshop/Reusable Testcase/Page_Threads/div_Enter using password")): Object: 'Object Repository/Thread_Webshop/Reusable Testcase/Page_Threads/div_Enter using password' is clicked on

04-11-2024T22:41:11 - [MESSAGE][PASSED] - Object: 'Object Repository/Thread_Webshop/Reusable Testcase/Page_Threads/div_Enter using password' is clicked on

04-11-2024T22:41:11 - [TEST_STEP][PASSED] - setEncryptedText(findTestObject("Object Repository/Thread_Webshop/Reusable Testcase/Page_Threads/input_Enter store using password_password"), "gnzTAVlujIw+lTr0To6+Cg=="): Text ****** has been set on object 'Object Repository/Thread_Webshop/Reusable Testcase/Page_Threads/input_Enter store using password_password'

04-11-2024T22:41:12 - [MESSAGE][PASSED] - Text ****** has been set on object 'Object Repository/Thread_Webshop/Reusable Testcase/Page_Threads/input_Enter store using password_password'

04-11-2024T22:41:12 - [TEST_STEP][PASSED] - click(findTestObject("Object Repository/Thread_Webshop/Reusable Testcase/Page_Threads/button_Enter")): Object: 'Object Repository/Thread_Webshop/Reusable Testcase/Page_Threads/button_Enter' is clicked on

04-11-2024T22:41:13 - [MESSAGE][PASSED] - Object: 'Object Repository/Thread_Webshop/Reusable Testcase/Page_Threads/button_Enter' is clicked on

04-11-2024T22:41:13 - [MESSAGE][PASSED] - Call Test Case 'Test Cases/Threads_Webshop/ReUsable Testcases/Enter Password' successfully

04-11-2024T22:41:13 - [TEST_STEP][PASSED] - maximizeWindow(): Current window maximized

04-11-2024T22:41:13 - [MESSAGE][PASSED] - Current window maximized

04-11-2024T22:41:13 - [TEST_STEP][PASSED] - scrollToPosition(0, 10000): Browser is scrolled to position x = 0, y = 10000

04-11-2024T22:41:13 - [MESSAGE][PASSED] - Browser is scrolled to position x = 0, y = 10000

04-11-2024T22:41:13 - [TEST_STEP][PASSED] - takeScreenshot(screenshotFolderPath + "social_media_icon.png"): Taking screenshot successfully

04-11-2024T22:41:15 - [MESSAGE][PASSED] - Taking screenshot successfully
[[ATTACHMENT|C:\\Users\\SamajitKundu\\git\\threadShopify\\ThreadShopify\\Reports\\20241104_223842\\Threads\\Final TestSuit\\20241104_223843\\screenshots/home_page_20241104_224105/social_media_icon.png]]

04-11-2024T22:41:15 - [TEST_STEP][PASSED] - verifyElementClickable(findTestObject("Object Repository/Page_Threads/a_Facebook")): Object 'Object Repository/Page_Threads/a_Facebook' is clickable

04-11-2024T22:41:15 - [MESSAGE][PASSED] - Object 'Object Repository/Page_Threads/a_Facebook' is clickable

04-11-2024T22:41:15 - [TEST_STEP][PASSED] - verifyElementClickable(findTestObject("Object Repository/Page_Threads/a_Instagram")): Object 'Object Repository/Page_Threads/a_Instagram' is clickable

04-11-2024T22:41:15 - [MESSAGE][PASSED] - Object 'Object Repository/Page_Threads/a_Instagram' is clickable

04-11-2024T22:41:15 - [TEST_STEP][PASSED] - verifyElementClickable(findTestObject("Object Repository/Page_Threads/a_YouTube")): Object 'Object Repository/Page_Threads/a_YouTube' is clickable

04-11-2024T22:41:16 - [MESSAGE][PASSED] - Object 'Object Repository/Page_Threads/a_YouTube' is clickable

04-11-2024T22:41:16 - [TEST_STEP][PASSED] - verifyElementClickable(findTestObject("Object Repository/Page_Threads/a_X (Twitter)")): Object 'Object Repository/Page_Threads/a_X (Twitter)' is clickable

04-11-2024T22:41:16 - [MESSAGE][PASSED] - Object 'Object Repository/Page_Threads/a_X (Twitter)' is clickable

04-11-2024T22:41:16 - [TEST_STEP][PASSED] - closeBrowser(): Browser is closed

04-11-2024T22:41:17 - [MESSAGE][PASSED] - Browser is closed]]></system-out>
         <system-err><![CDATA[]]></system-err>
      </testcase>
      <testcase name="Test Cases/Threads_Webshop/3 Homepage/TC-89,11-Verify Home page elements" time="15.597" classname="Test Cases/Threads_Webshop/3 Homepage/TC-89,11-Verify Home page elements" status="PASSED">
         <system-out><![CDATA[04-11-2024T22:41:17 - [TEST_CASE][PASSED] - Test Cases/Threads_Webshop/3 Homepage/TC-89,11-Verify Home page elements: Test Cases/Threads_Webshop/3 Homepage/TC-89,11-Verify Home page elements

04-11-2024T22:41:17 - [TEST_STEP][PASSED] - currentDateTime = LocalDateTime.now(): null

04-11-2024T22:41:17 - [TEST_STEP][PASSED] - formatter = DateTimeFormatter.ofPattern("yyyyMMdd_HHmmss"): null

04-11-2024T22:41:17 - [TEST_STEP][PASSED] - dateTimeString = currentDateTime.format(formatter): null

04-11-2024T22:41:17 - [TEST_STEP][PASSED] - screenshotFolderPath = "screenshots/home_page_" + dateTimeString + "/": null

04-11-2024T22:41:17 - [TEST_STEP][PASSED] - File(screenshotFolderPath).mkdirs(): null

04-11-2024T22:41:17 - [TEST_STEP][PASSED] - callTestCase(findTestCase("Threads_Webshop/ReUsable Testcases/Enter Password"), [:], STOP_ON_FAILURE): Call Test Case 'Test Cases/Threads_Webshop/ReUsable Testcases/Enter Password' successfully

04-11-2024T22:41:18 - [TEST_CASE][PASSED] - Test Cases/Threads_Webshop/ReUsable Testcases/Enter Password: Test Cases/Threads_Webshop/ReUsable Testcases/Enter Password

04-11-2024T22:41:18 - [TEST_STEP][PASSED] - openBrowser(""): Browser is opened with url: ''

04-11-2024T22:41:18 - [MESSAGE][INFO] - Starting 'Chrome' driver

04-11-2024T22:41:18 - [MESSAGE][INFO] - Action delay is set to 0 milliseconds

04-11-2024T22:41:18 - [MESSAGE][PASSED] - Browser is opened with url: ''

04-11-2024T22:41:18 - [TEST_STEP][PASSED] - maximizeWindow(): Current window maximized

04-11-2024T22:41:18 - [MESSAGE][PASSED] - Current window maximized

04-11-2024T22:41:18 - [TEST_STEP][PASSED] - navigateToUrl("https://threads0.myshopify.com/password"): Navigate to 'https://threads0.myshopify.com/password' successfully

04-11-2024T22:41:20 - [MESSAGE][PASSED] - Navigate to 'https://threads0.myshopify.com/password' successfully

04-11-2024T22:41:20 - [TEST_STEP][PASSED] - click(findTestObject("Object Repository/Thread_Webshop/Reusable Testcase/Page_Threads/div_Enter using password")): Object: 'Object Repository/Thread_Webshop/Reusable Testcase/Page_Threads/div_Enter using password' is clicked on

04-11-2024T22:41:23 - [MESSAGE][PASSED] - Object: 'Object Repository/Thread_Webshop/Reusable Testcase/Page_Threads/div_Enter using password' is clicked on

04-11-2024T22:41:23 - [TEST_STEP][PASSED] - setEncryptedText(findTestObject("Object Repository/Thread_Webshop/Reusable Testcase/Page_Threads/input_Enter store using password_password"), "gnzTAVlujIw+lTr0To6+Cg=="): Text ****** has been set on object 'Object Repository/Thread_Webshop/Reusable Testcase/Page_Threads/input_Enter store using password_password'

04-11-2024T22:41:24 - [MESSAGE][PASSED] - Text ****** has been set on object 'Object Repository/Thread_Webshop/Reusable Testcase/Page_Threads/input_Enter store using password_password'

04-11-2024T22:41:24 - [TEST_STEP][PASSED] - click(findTestObject("Object Repository/Thread_Webshop/Reusable Testcase/Page_Threads/button_Enter")): Object: 'Object Repository/Thread_Webshop/Reusable Testcase/Page_Threads/button_Enter' is clicked on

04-11-2024T22:41:25 - [MESSAGE][PASSED] - Object: 'Object Repository/Thread_Webshop/Reusable Testcase/Page_Threads/button_Enter' is clicked on

04-11-2024T22:41:25 - [MESSAGE][PASSED] - Call Test Case 'Test Cases/Threads_Webshop/ReUsable Testcases/Enter Password' successfully

04-11-2024T22:41:25 - [TEST_STEP][PASSED] - verifyTextPresent("Home", false): Text 'Home' is present on page 

04-11-2024T22:41:26 - [MESSAGE][PASSED] - Text 'Home' is present on page 

04-11-2024T22:41:26 - [TEST_STEP][PASSED] - takeScreenshot(screenshotFolderPath + "home.png"): Taking screenshot successfully

04-11-2024T22:41:27 - [MESSAGE][PASSED] - Taking screenshot successfully
[[ATTACHMENT|C:\\Users\\SamajitKundu\\git\\threadShopify\\ThreadShopify\\Reports\\20241104_223842\\Threads\\Final TestSuit\\20241104_223843\\screenshots/home_page_20241104_224117/home.png]]

04-11-2024T22:41:27 - [TEST_STEP][PASSED] - verifyElementPresent(findTestObject("Object Repository/Thread_Webshop/Home_Page/Page_Threads/div_Uncover your wardrobe essentials       _66e2bc"), 0): Object 'Object Repository/Thread_Webshop/Home_Page/Page_Threads/div_Uncover your wardrobe essentials       _66e2bc' is present

04-11-2024T22:41:27 - [MESSAGE][WARNING] - Timeout '0' is invalid. Using default page load timeout: '30'

04-11-2024T22:41:27 - [MESSAGE][PASSED] - Object 'Object Repository/Thread_Webshop/Home_Page/Page_Threads/div_Uncover your wardrobe essentials       _66e2bc' is present

04-11-2024T22:41:27 - [TEST_STEP][PASSED] - takeScreenshot(screenshotFolderPath + "banner.png"): Taking screenshot successfully

04-11-2024T22:41:28 - [MESSAGE][PASSED] - Taking screenshot successfully
[[ATTACHMENT|C:\\Users\\SamajitKundu\\git\\threadShopify\\ThreadShopify\\Reports\\20241104_223842\\Threads\\Final TestSuit\\20241104_223843\\screenshots/home_page_20241104_224117/banner.png]]

04-11-2024T22:41:28 - [TEST_STEP][PASSED] - verifyTextPresent("Uncover your wardrobe essentials", false): Text 'Uncover your wardrobe essentials' is present on page 

04-11-2024T22:41:28 - [MESSAGE][PASSED] - Text 'Uncover your wardrobe essentials' is present on page 

04-11-2024T22:41:28 - [TEST_STEP][PASSED] - isFeaturedPresent = verifyTextPresent("Featured", false, OPTIONAL): Text 'Featured' is present on page 

04-11-2024T22:41:29 - [MESSAGE][PASSED] - Text 'Featured' is present on page 

04-11-2024T22:41:29 - [TEST_STEP][PASSED] - if (isFeaturedPresent): Object 'Object Repository/Thread_Webshop/Home_Page/Page_Threads/a_ADIDAS  SUPERSTAR 80S' is clickable

04-11-2024T22:41:29 - [TEST_STEP][PASSED] - verifyElementClickable(findTestObject("Object Repository/Thread_Webshop/Home_Page/Page_Threads/a_ADIDAS  CLASSIC BACKPACK")): Object 'Object Repository/Thread_Webshop/Home_Page/Page_Threads/a_ADIDAS  CLASSIC BACKPACK' is clickable

04-11-2024T22:41:29 - [MESSAGE][PASSED] - Object 'Object Repository/Thread_Webshop/Home_Page/Page_Threads/a_ADIDAS  CLASSIC BACKPACK' is clickable

04-11-2024T22:41:29 - [TEST_STEP][PASSED] - verifyElementClickable(findTestObject("Object Repository/Thread_Webshop/Home_Page/Page_Threads/a_ADIDAS  CLASSIC BACKPACK  LEGEND INK MULTICOLOUR")): Object 'Object Repository/Thread_Webshop/Home_Page/Page_Threads/a_ADIDAS  CLASSIC BACKPACK  LEGEND INK MULTICOLOUR' is clickable

04-11-2024T22:41:29 - [MESSAGE][PASSED] - Object 'Object Repository/Thread_Webshop/Home_Page/Page_Threads/a_ADIDAS  CLASSIC BACKPACK  LEGEND INK MULTICOLOUR' is clickable

04-11-2024T22:41:29 - [TEST_STEP][PASSED] - verifyElementClickable(findTestObject("Object Repository/Thread_Webshop/Home_Page/Page_Threads/a_ADIDAS  KIDS STAN SMITH")): Object 'Object Repository/Thread_Webshop/Home_Page/Page_Threads/a_ADIDAS  KIDS STAN SMITH' is clickable

04-11-2024T22:41:30 - [MESSAGE][PASSED] - Object 'Object Repository/Thread_Webshop/Home_Page/Page_Threads/a_ADIDAS  KIDS STAN SMITH' is clickable

04-11-2024T22:41:30 - [TEST_STEP][PASSED] - verifyElementClickable(findTestObject("Object Repository/Thread_Webshop/Home_Page/Page_Threads/a_ADIDAS  SUPERSTAR 80S")): Object 'Object Repository/Thread_Webshop/Home_Page/Page_Threads/a_ADIDAS  SUPERSTAR 80S' is clickable

04-11-2024T22:41:30 - [MESSAGE][PASSED] - Object 'Object Repository/Thread_Webshop/Home_Page/Page_Threads/a_ADIDAS  SUPERSTAR 80S' is clickable

04-11-2024T22:41:30 - [TEST_STEP][PASSED] - scrollToPosition(0, 1000): Browser is scrolled to position x = 0, y = 1000

04-11-2024T22:41:30 - [MESSAGE][PASSED] - Browser is scrolled to position x = 0, y = 1000

04-11-2024T22:41:30 - [TEST_STEP][PASSED] - delay(2): Delayed 2 second(s)

04-11-2024T22:41:32 - [MESSAGE][PASSED] - Delayed 2 second(s)

04-11-2024T22:41:32 - [TEST_STEP][PASSED] - takeScreenshot(screenshotFolderPath + "featured.png"): Taking screenshot successfully

04-11-2024T22:41:32 - [MESSAGE][PASSED] - Taking screenshot successfully
[[ATTACHMENT|C:\\Users\\SamajitKundu\\git\\threadShopify\\ThreadShopify\\Reports\\20241104_223842\\Threads\\Final TestSuit\\20241104_223843\\screenshots/home_page_20241104_224117/featured.png]]

04-11-2024T22:41:32 - [TEST_STEP][PASSED] - closeBrowser(): Browser is closed

04-11-2024T22:41:33 - [MESSAGE][PASSED] - Browser is closed]]></system-out>
         <system-err><![CDATA[]]></system-err>
      </testcase>
      <testcase name="Test Cases/Threads_Webshop/4 Search/TC-112, 169, 143-Verify Search Scenario" time="60.812" classname="Test Cases/Threads_Webshop/4 Search/TC-112, 169, 143-Verify Search Scenario" status="PASSED">
         <system-out><![CDATA[04-11-2024T22:41:33 - [TEST_CASE][PASSED] - Test Cases/Threads_Webshop/4 Search/TC-112, 169, 143-Verify Search Scenario: Test Cases/Threads_Webshop/4 Search/TC-112, 169, 143-Verify Search Scenario

04-11-2024T22:41:33 - [TEST_STEP][PASSED] - timestamp = SimpleDateFormat(yyyyMMdd_HHmmss).format(new java.util.Date()): null

04-11-2024T22:41:33 - [TEST_STEP][PASSED] - screenshotFolder = "screenshots/search_" + timestamp + "/": null

04-11-2024T22:41:33 - [TEST_STEP][PASSED] - openBrowser(""): Browser is opened with url: ''

04-11-2024T22:41:33 - [MESSAGE][INFO] - Starting 'Chrome' driver

04-11-2024T22:41:33 - [MESSAGE][INFO] - Action delay is set to 0 milliseconds

04-11-2024T22:41:34 - [MESSAGE][PASSED] - Browser is opened with url: ''

04-11-2024T22:41:34 - [TEST_STEP][PASSED] - maximizeWindow(): Current window maximized

04-11-2024T22:41:34 - [MESSAGE][PASSED] - Current window maximized

04-11-2024T22:41:34 - [TEST_STEP][PASSED] - navigateToUrl("https://threads0.myshopify.com/password"): Navigate to 'https://threads0.myshopify.com/password' successfully

04-11-2024T22:41:35 - [MESSAGE][PASSED] - Navigate to 'https://threads0.myshopify.com/password' successfully

04-11-2024T22:41:35 - [TEST_STEP][PASSED] - click(findTestObject("Object Repository/Search with Category_An/Page_Threads/div_Enter using password")): Object: 'Object Repository/Search with Category_An/Page_Threads/div_Enter using password' is clicked on

04-11-2024T22:41:44 - [MESSAGE][PASSED] - Object: 'Object Repository/Search with Category_An/Page_Threads/div_Enter using password' is clicked on

04-11-2024T22:41:44 - [TEST_STEP][PASSED] - setEncryptedText(findTestObject("Object Repository/Search with Category_An/Page_Threads/input_Enter store using password_password"), "gnzTAVlujIw+lTr0To6+Cg=="): Text ****** has been set on object 'Object Repository/Search with Category_An/Page_Threads/input_Enter store using password_password'

04-11-2024T22:41:44 - [MESSAGE][PASSED] - Text ****** has been set on object 'Object Repository/Search with Category_An/Page_Threads/input_Enter store using password_password'

04-11-2024T22:41:44 - [TEST_STEP][PASSED] - click(findTestObject("Object Repository/Search with Category_An/Page_Threads/button_Enter")): Object: 'Object Repository/Search with Category_An/Page_Threads/button_Enter' is clicked on

04-11-2024T22:41:45 - [MESSAGE][PASSED] - Object: 'Object Repository/Search with Category_An/Page_Threads/button_Enter' is clicked on

04-11-2024T22:41:45 - [TEST_STEP][PASSED] - verifyTextPresent("Home", false): Text 'Home' is present on page 

04-11-2024T22:41:47 - [MESSAGE][PASSED] - Text 'Home' is present on page 

04-11-2024T22:41:47 - [TEST_STEP][PASSED] - takeScreenshot(screenshotFolder + "home.png"): Taking screenshot successfully

04-11-2024T22:41:47 - [MESSAGE][PASSED] - Taking screenshot successfully
[[ATTACHMENT|C:\\Users\\SamajitKundu\\git\\threadShopify\\ThreadShopify\\Reports\\20241104_223842\\Threads\\Final TestSuit\\20241104_223843\\screenshots/search_20241104_224133/home.png]]

04-11-2024T22:41:47 - [TEST_STEP][PASSED] - verifyTextPresent("Catalog", false): Text 'Catalog' is present on page 

04-11-2024T22:41:48 - [MESSAGE][PASSED] - Text 'Catalog' is present on page 

04-11-2024T22:41:48 - [TEST_STEP][PASSED] - takeScreenshot(screenshotFolder + "catalog.png"): Taking screenshot successfully

04-11-2024T22:41:49 - [MESSAGE][PASSED] - Taking screenshot successfully
[[ATTACHMENT|C:\\Users\\SamajitKundu\\git\\threadShopify\\ThreadShopify\\Reports\\20241104_223842\\Threads\\Final TestSuit\\20241104_223843\\screenshots/search_20241104_224133/catalog.png]]

04-11-2024T22:41:49 - [TEST_STEP][PASSED] - click(findTestObject("Object Repository/Search with Category_An/Page_Threads/span_Catalog")): Object: 'Object Repository/Search with Category_An/Page_Threads/span_Catalog' is clicked on

04-11-2024T22:41:50 - [MESSAGE][PASSED] - Object: 'Object Repository/Search with Category_An/Page_Threads/span_Catalog' is clicked on

04-11-2024T22:41:50 - [TEST_STEP][PASSED] - verifyTextPresent("Products", false): Text 'Products' is present on page 

04-11-2024T22:41:51 - [MESSAGE][PASSED] - Text 'Products' is present on page 

04-11-2024T22:41:51 - [TEST_STEP][PASSED] - takeScreenshot(screenshotFolder + "product.png"): Taking screenshot successfully

04-11-2024T22:41:51 - [MESSAGE][PASSED] - Taking screenshot successfully
[[ATTACHMENT|C:\\Users\\SamajitKundu\\git\\threadShopify\\ThreadShopify\\Reports\\20241104_223842\\Threads\\Final TestSuit\\20241104_223843\\screenshots/search_20241104_224133/product.png]]

04-11-2024T22:41:51 - [TEST_STEP][PASSED] - verifyTextPresent("Price", false): Text 'Price' is present on page 

04-11-2024T22:41:52 - [MESSAGE][PASSED] - Text 'Price' is present on page 

04-11-2024T22:41:52 - [TEST_STEP][PASSED] - click(findTestObject("Object Repository/Search with Category_An/Page_Products  Threads/span_Price")): Object: 'Object Repository/Search with Category_An/Page_Products  Threads/span_Price' is clicked on

04-11-2024T22:41:52 - [MESSAGE][PASSED] - Object: 'Object Repository/Search with Category_An/Page_Products  Threads/span_Price' is clicked on

04-11-2024T22:41:52 - [TEST_STEP][PASSED] - delay(2): Delayed 2 second(s)

04-11-2024T22:41:54 - [MESSAGE][PASSED] - Delayed 2 second(s)

04-11-2024T22:41:54 - [TEST_STEP][PASSED] - setText(findTestObject("Object Repository/Search with Category_An/Page_Products  Threads/input__filter.v.price.gte"), "199"): Text '199' is set on object 'Object Repository/Search with Category_An/Page_Products  Threads/input__filter.v.price.gte'

04-11-2024T22:41:55 - [MESSAGE][PASSED] - Text '199' is set on object 'Object Repository/Search with Category_An/Page_Products  Threads/input__filter.v.price.gte'

04-11-2024T22:41:55 - [TEST_STEP][PASSED] - setText(findTestObject("Object Repository/Search with Category_An/Page_Products  Threads/input__filter.v.price.lte"), "299"): Text '299' is set on object 'Object Repository/Search with Category_An/Page_Products  Threads/input__filter.v.price.lte'

04-11-2024T22:41:55 - [MESSAGE][PASSED] - Text '299' is set on object 'Object Repository/Search with Category_An/Page_Products  Threads/input__filter.v.price.lte'

04-11-2024T22:41:55 - [TEST_STEP][PASSED] - click(findTestObject("Object Repository/Search with Category_An/Page_Products  Threads/summary_Price")): Object: 'Object Repository/Search with Category_An/Page_Products  Threads/summary_Price' is clicked on

04-11-2024T22:41:56 - [MESSAGE][PASSED] - Object: 'Object Repository/Search with Category_An/Page_Products  Threads/summary_Price' is clicked on

04-11-2024T22:41:56 - [TEST_STEP][PASSED] - verifyTextPresent("Sort by:", false): Text 'Sort by:' is present on page 

04-11-2024T22:41:56 - [MESSAGE][PASSED] - Text 'Sort by:' is present on page 

04-11-2024T22:41:56 - [TEST_STEP][PASSED] - takeScreenshot(screenshotFolder + "items.png"): Taking screenshot successfully

04-11-2024T22:41:57 - [MESSAGE][PASSED] - Taking screenshot successfully
[[ATTACHMENT|C:\\Users\\SamajitKundu\\git\\threadShopify\\ThreadShopify\\Reports\\20241104_223842\\Threads\\Final TestSuit\\20241104_223843\\screenshots/search_20241104_224133/items.png]]

04-11-2024T22:41:57 - [TEST_STEP][PASSED] - product1 = getText(findTestObject("Object Repository/Search with Category_An/Page_Products  Threads/a_ASICS TIGER  GEL-LYTE V 30 YEARS OF GEL PACK")): Text of object 'Object Repository/Search with Category_An/Page_Products  Threads/a_ASICS TIGER  GEL-LYTE V 30 YEARS OF GEL PACK' is: 'ASICS TIGER | GEL-LYTE V '30 YEARS OF GEL' PACK'

04-11-2024T22:42:28 - [MESSAGE][INFO] - Unable to find the element located by 'By.xpath: /html/body/main/div[2]/div/div/div/div/ul/li[1]/div/div/div[2]/div[1]/h3/a/text()'. Please recheck the objects properties to make sure the desired element is located. 

04-11-2024T22:42:28 - [MESSAGE][WARNING] - [SELF-HEALING] Failed to find element with id 'Object Repository/Search with Category_An/Page_Products  Threads/a_ASICS TIGER  GEL-LYTE V 30 YEARS OF GEL PACK'. Try using Self-healing.

04-11-2024T22:42:28 - [MESSAGE][ERROR] - [SELF-HEALING] com.google.gson.stream.MalformedJsonException: Expected ':' at line 5 column 10 path $.brokenTestObjects[0].<<<<<<<

04-11-2024T22:42:29 - [MESSAGE][INFO] - [SELF-HEALING] Working Locator: '//a[@id='CardLink-template--18610480578783__product-grid-8834481160415']'.

04-11-2024T22:42:29 - [MESSAGE][INFO] - [SELF-HEALING] Screenshot: C:/Users/SamajitKundu/git/threadShopify/ThreadShopify/Reports/Self-healing/Object Repository/Search with Category_An/Page_Products  Threads/a_ASICS TIGER  GEL-LYTE V 30 YEARS OF GEL PACK_attributes.png

04-11-2024T22:42:29 - [MESSAGE][ERROR] - [SELF-HEALING] com.google.gson.stream.MalformedJsonException: Expected ':' at line 5 column 10 path $.brokenTestObjects[0].<<<<<<<

04-11-2024T22:42:29 - [MESSAGE][ERROR] - [SELF-HEALING] C:\Users\SamajitKundu\git\threadShopify\ThreadShopify\Reports\Self-healing\broken-test-objects-v2.json does not exist or is provided by Self-healing Plugin!

04-11-2024T22:42:29 - [MESSAGE][WARNING] - [SELF-HEALING] The current locator of test object 'Object Repository/Search with Category_An/Page_Products  Threads/a_ASICS TIGER  GEL-LYTE V 30 YEARS OF GEL PACK' was broken. Propose an alternative one: '//a[@id='CardLink-template--18610480578783__product-grid-8834481160415']'.

04-11-2024T22:42:29 - [MESSAGE][PASSED] - Text of object 'Object Repository/Search with Category_An/Page_Products  Threads/a_ASICS TIGER  GEL-LYTE V 30 YEARS OF GEL PACK' is: 'ASICS TIGER | GEL-LYTE V '30 YEARS OF GEL' PACK'

04-11-2024T22:42:29 - [TEST_STEP][PASSED] - println(product1): null

04-11-2024T22:42:29 - [TEST_STEP][PASSED] - price1 = getText(findTestObject("Object Repository/Search with Category_An/Page_Products  Threads/a_ASICS TIGER  GEL-LYTE V 30 YEARS OF GEL PACK_1")): Text of object 'Object Repository/Search with Category_An/Page_Products  Threads/a_ASICS TIGER  GEL-LYTE V 30 YEARS OF GEL PACK_1' is: 'Rs. 220.00'

04-11-2024T22:42:29 - [MESSAGE][PASSED] - Text of object 'Object Repository/Search with Category_An/Page_Products  Threads/a_ASICS TIGER  GEL-LYTE V 30 YEARS OF GEL PACK_1' is: 'Rs. 220.00'

04-11-2024T22:42:29 - [TEST_STEP][PASSED] - println(price1): null

04-11-2024T22:42:29 - [TEST_STEP][PASSED] - click(findTestObject("Object Repository/Search with Category_An/Page_Products  Threads/a_ASICS TIGER  GEL-LYTE V 30 YEARS OF GEL PACK_1_2")): Object: 'Object Repository/Search with Category_An/Page_Products  Threads/a_ASICS TIGER  GEL-LYTE V 30 YEARS OF GEL PACK_1_2' is clicked on

04-11-2024T22:42:30 - [MESSAGE][PASSED] - Object: 'Object Repository/Search with Category_An/Page_Products  Threads/a_ASICS TIGER  GEL-LYTE V 30 YEARS OF GEL PACK_1_2' is clicked on

04-11-2024T22:42:30 - [TEST_STEP][PASSED] - delay(2): Delayed 2 second(s)

04-11-2024T22:42:32 - [MESSAGE][PASSED] - Delayed 2 second(s)

04-11-2024T22:42:32 - [TEST_STEP][PASSED] - verifyTextPresent(product1, false): Text 'ASICS TIGER | GEL-LYTE V '30 YEARS OF GEL' PACK' is present on page 

04-11-2024T22:42:33 - [MESSAGE][PASSED] - Text 'ASICS TIGER | GEL-LYTE V '30 YEARS OF GEL' PACK' is present on page 

04-11-2024T22:42:33 - [TEST_STEP][PASSED] - verifyTextPresent(price1, false): Text 'Rs. 220.00' is present on page 

04-11-2024T22:42:33 - [MESSAGE][PASSED] - Text 'Rs. 220.00' is present on page 

04-11-2024T22:42:33 - [TEST_STEP][PASSED] - closeBrowser(): Browser is closed

04-11-2024T22:42:34 - [MESSAGE][PASSED] - Browser is closed]]></system-out>
         <system-err><![CDATA[]]></system-err>
      </testcase>
      <testcase name="Test Cases/Threads_Webshop/5 Shopping Cart/TC-157 Verify the cart" time="45.492" classname="Test Cases/Threads_Webshop/5 Shopping Cart/TC-157 Verify the cart" status="PASSED">
         <system-out><![CDATA[04-11-2024T22:42:34 - [TEST_CASE][PASSED] - Test Cases/Threads_Webshop/5 Shopping Cart/TC-157 Verify the cart: Test Cases/Threads_Webshop/5 Shopping Cart/TC-157 Verify the cart

04-11-2024T22:42:34 - [TEST_STEP][PASSED] - currentDateTime = LocalDateTime.now(): null

04-11-2024T22:42:34 - [TEST_STEP][PASSED] - formatter = DateTimeFormatter.ofPattern("yyyyMMdd_HHmmss"): null

04-11-2024T22:42:34 - [TEST_STEP][PASSED] - dateTimeString = currentDateTime.format(formatter): null

04-11-2024T22:42:34 - [TEST_STEP][PASSED] - screenshotFolderPath = "screenshots/shopping_cart_" + dateTimeString + "/": null

04-11-2024T22:42:34 - [TEST_STEP][PASSED] - File(screenshotFolderPath).mkdirs(): null

04-11-2024T22:42:34 - [TEST_STEP][PASSED] - callTestCase(findTestCase("Threads_Webshop/ReUsable Testcases/Enter Password"), [:], STOP_ON_FAILURE): Call Test Case 'Test Cases/Threads_Webshop/ReUsable Testcases/Enter Password' successfully

04-11-2024T22:42:34 - [TEST_CASE][PASSED] - Test Cases/Threads_Webshop/ReUsable Testcases/Enter Password: Test Cases/Threads_Webshop/ReUsable Testcases/Enter Password

04-11-2024T22:42:34 - [TEST_STEP][PASSED] - openBrowser(""): Browser is opened with url: ''

04-11-2024T22:42:34 - [MESSAGE][INFO] - Starting 'Chrome' driver

04-11-2024T22:42:34 - [MESSAGE][INFO] - Action delay is set to 0 milliseconds

04-11-2024T22:42:35 - [MESSAGE][PASSED] - Browser is opened with url: ''

04-11-2024T22:42:35 - [TEST_STEP][PASSED] - maximizeWindow(): Current window maximized

04-11-2024T22:42:35 - [MESSAGE][PASSED] - Current window maximized

04-11-2024T22:42:35 - [TEST_STEP][PASSED] - navigateToUrl("https://threads0.myshopify.com/password"): Navigate to 'https://threads0.myshopify.com/password' successfully

04-11-2024T22:42:36 - [MESSAGE][PASSED] - Navigate to 'https://threads0.myshopify.com/password' successfully

04-11-2024T22:42:36 - [TEST_STEP][PASSED] - click(findTestObject("Object Repository/Thread_Webshop/Reusable Testcase/Page_Threads/div_Enter using password")): Object: 'Object Repository/Thread_Webshop/Reusable Testcase/Page_Threads/div_Enter using password' is clicked on

04-11-2024T22:42:42 - [MESSAGE][PASSED] - Object: 'Object Repository/Thread_Webshop/Reusable Testcase/Page_Threads/div_Enter using password' is clicked on

04-11-2024T22:42:42 - [TEST_STEP][PASSED] - setEncryptedText(findTestObject("Object Repository/Thread_Webshop/Reusable Testcase/Page_Threads/input_Enter store using password_password"), "gnzTAVlujIw+lTr0To6+Cg=="): Text ****** has been set on object 'Object Repository/Thread_Webshop/Reusable Testcase/Page_Threads/input_Enter store using password_password'

04-11-2024T22:42:43 - [MESSAGE][PASSED] - Text ****** has been set on object 'Object Repository/Thread_Webshop/Reusable Testcase/Page_Threads/input_Enter store using password_password'

04-11-2024T22:42:43 - [TEST_STEP][PASSED] - click(findTestObject("Object Repository/Thread_Webshop/Reusable Testcase/Page_Threads/button_Enter")): Object: 'Object Repository/Thread_Webshop/Reusable Testcase/Page_Threads/button_Enter' is clicked on

04-11-2024T22:42:44 - [MESSAGE][PASSED] - Object: 'Object Repository/Thread_Webshop/Reusable Testcase/Page_Threads/button_Enter' is clicked on

04-11-2024T22:42:44 - [MESSAGE][PASSED] - Call Test Case 'Test Cases/Threads_Webshop/ReUsable Testcases/Enter Password' successfully

04-11-2024T22:42:44 - [TEST_STEP][PASSED] - takeScreenshot(screenshotFolderPath + "home.png"): Taking screenshot successfully

04-11-2024T22:42:45 - [MESSAGE][PASSED] - Taking screenshot successfully
[[ATTACHMENT|C:\\Users\\SamajitKundu\\git\\threadShopify\\ThreadShopify\\Reports\\20241104_223842\\Threads\\Final TestSuit\\20241104_223843\\screenshots/shopping_cart_20241104_224234/home.png]]

04-11-2024T22:42:45 - [TEST_STEP][PASSED] - click(findTestObject("Object Repository/Thread_Webshop/Shopping Cart/Page_Threads/span_Catalog")): Object: 'Object Repository/Thread_Webshop/Shopping Cart/Page_Threads/span_Catalog' is clicked on

04-11-2024T22:42:47 - [MESSAGE][PASSED] - Object: 'Object Repository/Thread_Webshop/Shopping Cart/Page_Threads/span_Catalog' is clicked on

04-11-2024T22:42:47 - [TEST_STEP][PASSED] - takeScreenshot(screenshotFolderPath + "catalog.png"): Taking screenshot successfully

04-11-2024T22:42:48 - [MESSAGE][PASSED] - Taking screenshot successfully
[[ATTACHMENT|C:\\Users\\SamajitKundu\\git\\threadShopify\\ThreadShopify\\Reports\\20241104_223842\\Threads\\Final TestSuit\\20241104_223843\\screenshots/shopping_cart_20241104_224234/catalog.png]]

04-11-2024T22:42:48 - [TEST_STEP][PASSED] - click(findTestObject("Object Repository/Thread_Webshop/Shopping Cart/Page_Products  Threads/a_ADIDAS  CLASSIC BACKPACK")): Object: 'Object Repository/Thread_Webshop/Shopping Cart/Page_Products  Threads/a_ADIDAS  CLASSIC BACKPACK' is clicked on

04-11-2024T22:42:49 - [MESSAGE][PASSED] - Object: 'Object Repository/Thread_Webshop/Shopping Cart/Page_Products  Threads/a_ADIDAS  CLASSIC BACKPACK' is clicked on

04-11-2024T22:42:49 - [TEST_STEP][PASSED] - click(findTestObject("Object Repository/Thread_Webshop/Shopping Cart/Page_ADIDAS  CLASSIC BACKPACK  Threads/button_Add to cart")): Object: 'Object Repository/Thread_Webshop/Shopping Cart/Page_ADIDAS  CLASSIC BACKPACK  Threads/button_Add to cart' is clicked on

04-11-2024T22:42:51 - [MESSAGE][PASSED] - Object: 'Object Repository/Thread_Webshop/Shopping Cart/Page_ADIDAS  CLASSIC BACKPACK  Threads/button_Add to cart' is clicked on

04-11-2024T22:42:51 - [TEST_STEP][PASSED] - delay(2): Delayed 2 second(s)

04-11-2024T22:42:53 - [MESSAGE][PASSED] - Delayed 2 second(s)

04-11-2024T22:42:53 - [TEST_STEP][PASSED] - takeScreenshot(screenshotFolderPath + "addToCart1.png"): Taking screenshot successfully

04-11-2024T22:42:54 - [MESSAGE][PASSED] - Taking screenshot successfully
[[ATTACHMENT|C:\\Users\\SamajitKundu\\git\\threadShopify\\ThreadShopify\\Reports\\20241104_223842\\Threads\\Final TestSuit\\20241104_223843\\screenshots/shopping_cart_20241104_224234/addToCart1.png]]

04-11-2024T22:42:54 - [TEST_STEP][PASSED] - click(findTestObject("Object Repository/Thread_Webshop/Shopping Cart/Page_ADIDAS  CLASSIC BACKPACK  Threads/button_Continue shopping")): Object: 'Object Repository/Thread_Webshop/Shopping Cart/Page_ADIDAS  CLASSIC BACKPACK  Threads/button_Continue shopping' is clicked on

04-11-2024T22:42:54 - [MESSAGE][PASSED] - Object: 'Object Repository/Thread_Webshop/Shopping Cart/Page_ADIDAS  CLASSIC BACKPACK  Threads/button_Continue shopping' is clicked on

04-11-2024T22:42:54 - [TEST_STEP][PASSED] - click(findTestObject("Object Repository/Thread_Webshop/Shopping Cart/Page_ADIDAS  CLASSIC BACKPACK  Threads/span_Catalog")): Object: 'Object Repository/Thread_Webshop/Shopping Cart/Page_ADIDAS  CLASSIC BACKPACK  Threads/span_Catalog' is clicked on

04-11-2024T22:42:57 - [MESSAGE][PASSED] - Object: 'Object Repository/Thread_Webshop/Shopping Cart/Page_ADIDAS  CLASSIC BACKPACK  Threads/span_Catalog' is clicked on

04-11-2024T22:42:57 - [TEST_STEP][PASSED] - click(findTestObject("Object Repository/Thread_Webshop/Shopping Cart/Page_Products  Threads/a_ADIDAS  CLASSIC BACKPACK  LEGEND INK MULTICOLOUR")): Object: 'Object Repository/Thread_Webshop/Shopping Cart/Page_Products  Threads/a_ADIDAS  CLASSIC BACKPACK  LEGEND INK MULTICOLOUR' is clicked on

04-11-2024T22:42:58 - [MESSAGE][PASSED] - Object: 'Object Repository/Thread_Webshop/Shopping Cart/Page_Products  Threads/a_ADIDAS  CLASSIC BACKPACK  LEGEND INK MULTICOLOUR' is clicked on

04-11-2024T22:42:58 - [TEST_STEP][PASSED] - click(findTestObject("Object Repository/Thread_Webshop/Shopping Cart/Page_ADIDAS  CLASSIC BACKPACK  LEGEND INK M_ff53f1/button_Add to cart")): Object: 'Object Repository/Thread_Webshop/Shopping Cart/Page_ADIDAS  CLASSIC BACKPACK  LEGEND INK M_ff53f1/button_Add to cart' is clicked on

04-11-2024T22:43:00 - [MESSAGE][PASSED] - Object: 'Object Repository/Thread_Webshop/Shopping Cart/Page_ADIDAS  CLASSIC BACKPACK  LEGEND INK M_ff53f1/button_Add to cart' is clicked on

04-11-2024T22:43:00 - [TEST_STEP][PASSED] - delay(2): Delayed 2 second(s)

04-11-2024T22:43:02 - [MESSAGE][PASSED] - Delayed 2 second(s)

04-11-2024T22:43:02 - [TEST_STEP][PASSED] - takeScreenshot(screenshotFolderPath + "addToCart2.png"): Taking screenshot successfully

04-11-2024T22:43:02 - [MESSAGE][PASSED] - Taking screenshot successfully
[[ATTACHMENT|C:\\Users\\SamajitKundu\\git\\threadShopify\\ThreadShopify\\Reports\\20241104_223842\\Threads\\Final TestSuit\\20241104_223843\\screenshots/shopping_cart_20241104_224234/addToCart2.png]]

04-11-2024T22:43:02 - [TEST_STEP][PASSED] - click(findTestObject("Object Repository/Thread_Webshop/Shopping Cart/Page_ADIDAS  CLASSIC BACKPACK  LEGEND INK M_ff53f1/button_Continue shopping")): Object: 'Object Repository/Thread_Webshop/Shopping Cart/Page_ADIDAS  CLASSIC BACKPACK  LEGEND INK M_ff53f1/button_Continue shopping' is clicked on

04-11-2024T22:43:02 - [MESSAGE][PASSED] - Object: 'Object Repository/Thread_Webshop/Shopping Cart/Page_ADIDAS  CLASSIC BACKPACK  LEGEND INK M_ff53f1/button_Continue shopping' is clicked on

04-11-2024T22:43:02 - [TEST_STEP][PASSED] - click(findTestObject("Object Repository/Thread_Webshop/Shopping Cart/Page_ADIDAS  CLASSIC BACKPACK  LEGEND INK M_ff53f1/span_Catalog")): Object: 'Object Repository/Thread_Webshop/Shopping Cart/Page_ADIDAS  CLASSIC BACKPACK  LEGEND INK M_ff53f1/span_Catalog' is clicked on

04-11-2024T22:43:05 - [MESSAGE][PASSED] - Object: 'Object Repository/Thread_Webshop/Shopping Cart/Page_ADIDAS  CLASSIC BACKPACK  LEGEND INK M_ff53f1/span_Catalog' is clicked on

04-11-2024T22:43:05 - [TEST_STEP][PASSED] - click(findTestObject("Object Repository/Thread_Webshop/Shopping Cart/Page_Products  Threads/a_CONVERSE  CHUCK TAYLOR ALL STAR II HI")): Object: 'Object Repository/Thread_Webshop/Shopping Cart/Page_Products  Threads/a_CONVERSE  CHUCK TAYLOR ALL STAR II HI' is clicked on

04-11-2024T22:43:07 - [MESSAGE][PASSED] - Object: 'Object Repository/Thread_Webshop/Shopping Cart/Page_Products  Threads/a_CONVERSE  CHUCK TAYLOR ALL STAR II HI' is clicked on

04-11-2024T22:43:07 - [TEST_STEP][PASSED] - click(findTestObject("Object Repository/Thread_Webshop/Shopping Cart/Page_CONVERSE  CHUCK TAYLOR ALL STAR II HI _4a158e/button_Add to cart")): Object: 'Object Repository/Thread_Webshop/Shopping Cart/Page_CONVERSE  CHUCK TAYLOR ALL STAR II HI _4a158e/button_Add to cart' is clicked on

04-11-2024T22:43:08 - [MESSAGE][PASSED] - Object: 'Object Repository/Thread_Webshop/Shopping Cart/Page_CONVERSE  CHUCK TAYLOR ALL STAR II HI _4a158e/button_Add to cart' is clicked on

04-11-2024T22:43:08 - [TEST_STEP][PASSED] - delay(2): Delayed 2 second(s)

04-11-2024T22:43:10 - [MESSAGE][PASSED] - Delayed 2 second(s)

04-11-2024T22:43:10 - [TEST_STEP][PASSED] - takeScreenshot(screenshotFolderPath + "addToCart3.png"): Taking screenshot successfully

04-11-2024T22:43:11 - [MESSAGE][PASSED] - Taking screenshot successfully
[[ATTACHMENT|C:\\Users\\SamajitKundu\\git\\threadShopify\\ThreadShopify\\Reports\\20241104_223842\\Threads\\Final TestSuit\\20241104_223843\\screenshots/shopping_cart_20241104_224234/addToCart3.png]]

04-11-2024T22:43:11 - [TEST_STEP][PASSED] - click(findTestObject("Object Repository/Thread_Webshop/Shopping Cart/Page_CONVERSE  CHUCK TAYLOR ALL STAR II HI _4a158e/button_Continue shopping")): Object: 'Object Repository/Thread_Webshop/Shopping Cart/Page_CONVERSE  CHUCK TAYLOR ALL STAR II HI _4a158e/button_Continue shopping' is clicked on

04-11-2024T22:43:11 - [MESSAGE][PASSED] - Object: 'Object Repository/Thread_Webshop/Shopping Cart/Page_CONVERSE  CHUCK TAYLOR ALL STAR II HI _4a158e/button_Continue shopping' is clicked on

04-11-2024T22:43:11 - [TEST_STEP][PASSED] - click(findTestObject("Object Repository/Thread_Webshop/Shopping Cart/Page_CONVERSE  CHUCK TAYLOR ALL STAR II HI _4a158e/span_Home")): Object: 'Object Repository/Thread_Webshop/Shopping Cart/Page_CONVERSE  CHUCK TAYLOR ALL STAR II HI _4a158e/span_Home' is clicked on

04-11-2024T22:43:14 - [MESSAGE][PASSED] - Object: 'Object Repository/Thread_Webshop/Shopping Cart/Page_CONVERSE  CHUCK TAYLOR ALL STAR II HI _4a158e/span_Home' is clicked on

04-11-2024T22:43:14 - [TEST_STEP][PASSED] - click(findTestObject("Object Repository/Thread_Webshop/Shopping Cart/Page_Threads/svg_Log in_icon icon-cart")): Object: 'Object Repository/Thread_Webshop/Shopping Cart/Page_Threads/svg_Log in_icon icon-cart' is clicked on

04-11-2024T22:43:15 - [MESSAGE][PASSED] - Object: 'Object Repository/Thread_Webshop/Shopping Cart/Page_Threads/svg_Log in_icon icon-cart' is clicked on

04-11-2024T22:43:15 - [TEST_STEP][PASSED] - scrollToPosition(0, 150): Browser is scrolled to position x = 0, y = 150

04-11-2024T22:43:15 - [MESSAGE][PASSED] - Browser is scrolled to position x = 0, y = 150

04-11-2024T22:43:15 - [TEST_STEP][PASSED] - takeScreenshot(screenshotFolderPath + "verify_cart.png"): Taking screenshot successfully

04-11-2024T22:43:17 - [MESSAGE][PASSED] - Taking screenshot successfully
[[ATTACHMENT|C:\\Users\\SamajitKundu\\git\\threadShopify\\ThreadShopify\\Reports\\20241104_223842\\Threads\\Final TestSuit\\20241104_223843\\screenshots/shopping_cart_20241104_224234/verify_cart.png]]

04-11-2024T22:43:17 - [TEST_STEP][PASSED] - abbText = getText(findTestObject("Object Repository/Thread_Webshop/Shopping Cart/Page_Your Shopping Cart  Threads/span_Rs. 140.00")): Text of object 'Object Repository/Thread_Webshop/Shopping Cart/Page_Your Shopping Cart  Threads/span_Rs. 140.00' is: 'Rs. 140.00'

04-11-2024T22:43:17 - [MESSAGE][PASSED] - Text of object 'Object Repository/Thread_Webshop/Shopping Cart/Page_Your Shopping Cart  Threads/span_Rs. 140.00' is: 'Rs. 140.00'

04-11-2024T22:43:17 - [TEST_STEP][PASSED] - abbPrice = parsePrice(abbText): null

04-11-2024T22:43:17 - [TEST_STEP][PASSED] - cleanText = replace(",", "").trim(): null

04-11-2024T22:43:17 - [TEST_STEP][PASSED] - return java.lang.Float.parseFloat(cleanText): null

04-11-2024T22:43:17 - [TEST_STEP][PASSED] - println($abbPrice): null

04-11-2024T22:43:17 - [TEST_STEP][PASSED] - ambText = getText(findTestObject("Object Repository/Thread_Webshop/Shopping Cart/Page_Your Shopping Cart  Threads/span_Rs. 40.00")): Text of object 'Object Repository/Thread_Webshop/Shopping Cart/Page_Your Shopping Cart  Threads/span_Rs. 40.00' is: 'Rs. 40.00'

04-11-2024T22:43:18 - [MESSAGE][PASSED] - Text of object 'Object Repository/Thread_Webshop/Shopping Cart/Page_Your Shopping Cart  Threads/span_Rs. 40.00' is: 'Rs. 40.00'

04-11-2024T22:43:18 - [TEST_STEP][PASSED] - ambPrice = parsePrice(ambText): null

04-11-2024T22:43:18 - [TEST_STEP][PASSED] - cleanText = replace(",", "").trim(): null

04-11-2024T22:43:18 - [TEST_STEP][PASSED] - return java.lang.Float.parseFloat(cleanText): null

04-11-2024T22:43:18 - [TEST_STEP][PASSED] - println($ambPrice): null

04-11-2024T22:43:18 - [TEST_STEP][PASSED] - shoeText = getText(findTestObject("Object Repository/Thread_Webshop/Shopping Cart/Page_Your Shopping Cart  Threads/span_Rs. 56.00")): Text of object 'Object Repository/Thread_Webshop/Shopping Cart/Page_Your Shopping Cart  Threads/span_Rs. 56.00' is: 'Rs. 56.00'

04-11-2024T22:43:18 - [MESSAGE][PASSED] - Text of object 'Object Repository/Thread_Webshop/Shopping Cart/Page_Your Shopping Cart  Threads/span_Rs. 56.00' is: 'Rs. 56.00'

04-11-2024T22:43:18 - [TEST_STEP][PASSED] - shoePrice = parsePrice(shoeText): null

04-11-2024T22:43:18 - [TEST_STEP][PASSED] - cleanText = replace(",", "").trim(): null

04-11-2024T22:43:18 - [TEST_STEP][PASSED] - return java.lang.Float.parseFloat(cleanText): null

04-11-2024T22:43:18 - [TEST_STEP][PASSED] - println($shoePrice): null

04-11-2024T22:43:18 - [TEST_STEP][PASSED] - totalText = getText(findTestObject("Object Repository/Thread_Webshop/Shopping Cart/Page_Your Shopping Cart  Threads/p_Rs. 236.00")): Text of object 'Object Repository/Thread_Webshop/Shopping Cart/Page_Your Shopping Cart  Threads/p_Rs. 236.00' is: 'Rs. 236.00'

04-11-2024T22:43:18 - [MESSAGE][PASSED] - Text of object 'Object Repository/Thread_Webshop/Shopping Cart/Page_Your Shopping Cart  Threads/p_Rs. 236.00' is: 'Rs. 236.00'

04-11-2024T22:43:18 - [TEST_STEP][PASSED] - totalPrice = parsePrice(totalText): null

04-11-2024T22:43:18 - [TEST_STEP][PASSED] - cleanText = replace(",", "").trim(): null

04-11-2024T22:43:18 - [TEST_STEP][PASSED] - return java.lang.Float.parseFloat(cleanText): null

04-11-2024T22:43:18 - [TEST_STEP][PASSED] - println(Total Price: $totalPrice): null

04-11-2024T22:43:18 - [TEST_STEP][PASSED] - total = abbPrice + ambPrice + shoePrice: null

04-11-2024T22:43:18 - [TEST_STEP][PASSED] - println(Calculated Total: $total): null

04-11-2024T22:43:18 - [TEST_STEP][PASSED] - if (total == totalPrice): null

04-11-2024T22:43:18 - [TEST_STEP][PASSED] - println("The price has matched"): null

04-11-2024T22:43:18 - [TEST_STEP][PASSED] - closeBrowser(): Browser is closed

04-11-2024T22:43:19 - [MESSAGE][PASSED] - Browser is closed]]></system-out>
         <system-err><![CDATA[]]></system-err>
      </testcase>
      <testcase name="Test Cases/Threads_Webshop/5 Shopping Cart/TC-309-Verify Promo code" time="69.178" classname="Test Cases/Threads_Webshop/5 Shopping Cart/TC-309-Verify Promo code" status="PASSED">
         <system-out><![CDATA[04-11-2024T22:43:19 - [TEST_CASE][PASSED] - Test Cases/Threads_Webshop/5 Shopping Cart/TC-309-Verify Promo code: Test Cases/Threads_Webshop/5 Shopping Cart/TC-309-Verify Promo code

04-11-2024T22:43:19 - [TEST_STEP][PASSED] - currentDateTime = LocalDateTime.now(): null

04-11-2024T22:43:19 - [TEST_STEP][PASSED] - formatter = DateTimeFormatter.ofPattern("yyyyMMdd_HHmmss"): null

04-11-2024T22:43:19 - [TEST_STEP][PASSED] - dateTimeString = currentDateTime.format(formatter): null

04-11-2024T22:43:19 - [TEST_STEP][PASSED] - screenshotFolderPath = "screenshots/shopping_cart_" + dateTimeString + "/": null

04-11-2024T22:43:19 - [TEST_STEP][PASSED] - File(screenshotFolderPath).mkdirs(): null

04-11-2024T22:43:19 - [TEST_STEP][PASSED] - callTestCase(findTestCase("Threads_Webshop/ReUsable Testcases/Enter Password"), [:], STOP_ON_FAILURE): Call Test Case 'Test Cases/Threads_Webshop/ReUsable Testcases/Enter Password' successfully

04-11-2024T22:43:19 - [TEST_CASE][PASSED] - Test Cases/Threads_Webshop/ReUsable Testcases/Enter Password: Test Cases/Threads_Webshop/ReUsable Testcases/Enter Password

04-11-2024T22:43:19 - [TEST_STEP][PASSED] - openBrowser(""): Browser is opened with url: ''

04-11-2024T22:43:19 - [MESSAGE][INFO] - Starting 'Chrome' driver

04-11-2024T22:43:19 - [MESSAGE][INFO] - Action delay is set to 0 milliseconds

04-11-2024T22:43:20 - [MESSAGE][PASSED] - Browser is opened with url: ''

04-11-2024T22:43:20 - [TEST_STEP][PASSED] - maximizeWindow(): Current window maximized

04-11-2024T22:43:20 - [MESSAGE][PASSED] - Current window maximized

04-11-2024T22:43:20 - [TEST_STEP][PASSED] - navigateToUrl("https://threads0.myshopify.com/password"): Navigate to 'https://threads0.myshopify.com/password' successfully

04-11-2024T22:43:22 - [MESSAGE][PASSED] - Navigate to 'https://threads0.myshopify.com/password' successfully

04-11-2024T22:43:22 - [TEST_STEP][PASSED] - click(findTestObject("Object Repository/Thread_Webshop/Reusable Testcase/Page_Threads/div_Enter using password")): Object: 'Object Repository/Thread_Webshop/Reusable Testcase/Page_Threads/div_Enter using password' is clicked on

04-11-2024T22:43:25 - [MESSAGE][PASSED] - Object: 'Object Repository/Thread_Webshop/Reusable Testcase/Page_Threads/div_Enter using password' is clicked on

04-11-2024T22:43:25 - [TEST_STEP][PASSED] - setEncryptedText(findTestObject("Object Repository/Thread_Webshop/Reusable Testcase/Page_Threads/input_Enter store using password_password"), "gnzTAVlujIw+lTr0To6+Cg=="): Text ****** has been set on object 'Object Repository/Thread_Webshop/Reusable Testcase/Page_Threads/input_Enter store using password_password'

04-11-2024T22:43:26 - [MESSAGE][PASSED] - Text ****** has been set on object 'Object Repository/Thread_Webshop/Reusable Testcase/Page_Threads/input_Enter store using password_password'

04-11-2024T22:43:26 - [TEST_STEP][PASSED] - click(findTestObject("Object Repository/Thread_Webshop/Reusable Testcase/Page_Threads/button_Enter")): Object: 'Object Repository/Thread_Webshop/Reusable Testcase/Page_Threads/button_Enter' is clicked on

04-11-2024T22:43:27 - [MESSAGE][PASSED] - Object: 'Object Repository/Thread_Webshop/Reusable Testcase/Page_Threads/button_Enter' is clicked on

04-11-2024T22:43:27 - [MESSAGE][PASSED] - Call Test Case 'Test Cases/Threads_Webshop/ReUsable Testcases/Enter Password' successfully

04-11-2024T22:43:27 - [TEST_STEP][PASSED] - takeScreenshot(screenshotFolderPath + "home.png"): Taking screenshot successfully

04-11-2024T22:43:28 - [MESSAGE][PASSED] - Taking screenshot successfully
[[ATTACHMENT|C:\\Users\\SamajitKundu\\git\\threadShopify\\ThreadShopify\\Reports\\20241104_223842\\Threads\\Final TestSuit\\20241104_223843\\screenshots/shopping_cart_20241104_224319/home.png]]

04-11-2024T22:43:28 - [TEST_STEP][PASSED] - click(findTestObject("Object Repository/Shopping cart_An/PROMO CODE/Page_Threads/span_Catalog")): Object: 'Object Repository/Shopping cart_An/PROMO CODE/Page_Threads/span_Catalog' is clicked on

04-11-2024T22:43:29 - [MESSAGE][PASSED] - Object: 'Object Repository/Shopping cart_An/PROMO CODE/Page_Threads/span_Catalog' is clicked on

04-11-2024T22:43:29 - [TEST_STEP][PASSED] - click(findTestObject("Object Repository/Shopping cart_An/PROMO CODE/Page_Products  Threads/a_CONVERSE  CHUCK TAYLOR ALL STAR LO")): Object: 'Object Repository/Shopping cart_An/PROMO CODE/Page_Products  Threads/a_CONVERSE  CHUCK TAYLOR ALL STAR LO' is clicked on

04-11-2024T22:43:31 - [MESSAGE][PASSED] - Object: 'Object Repository/Shopping cart_An/PROMO CODE/Page_Products  Threads/a_CONVERSE  CHUCK TAYLOR ALL STAR LO' is clicked on

04-11-2024T22:43:31 - [TEST_STEP][PASSED] - takeScreenshot(screenshotFolderPath + "item.png"): Taking screenshot successfully

04-11-2024T22:43:32 - [MESSAGE][PASSED] - Taking screenshot successfully
[[ATTACHMENT|C:\\Users\\SamajitKundu\\git\\threadShopify\\ThreadShopify\\Reports\\20241104_223842\\Threads\\Final TestSuit\\20241104_223843\\screenshots/shopping_cart_20241104_224319/item.png]]

04-11-2024T22:43:32 - [TEST_STEP][PASSED] - delay(2): Delayed 2 second(s)

04-11-2024T22:43:34 - [MESSAGE][PASSED] - Delayed 2 second(s)

04-11-2024T22:43:34 - [TEST_STEP][PASSED] - click(findTestObject("Object Repository/Shopping cart_An/PROMO CODE/Page_CONVERSE  CHUCK TAYLOR ALL STAR LO  Threads/label_4Variant sold out or unavailable")): Object: 'Object Repository/Shopping cart_An/PROMO CODE/Page_CONVERSE  CHUCK TAYLOR ALL STAR LO  Threads/label_4Variant sold out or unavailable' is clicked on

04-11-2024T22:43:34 - [MESSAGE][PASSED] - Object: 'Object Repository/Shopping cart_An/PROMO CODE/Page_CONVERSE  CHUCK TAYLOR ALL STAR LO  Threads/label_4Variant sold out or unavailable' is clicked on

04-11-2024T22:43:34 - [TEST_STEP][PASSED] - click(findTestObject("Object Repository/Shopping cart_An/PROMO CODE/Page_CONVERSE  CHUCK TAYLOR ALL STAR LO  Threads/button_Add to cart")): Object: 'Object Repository/Shopping cart_An/PROMO CODE/Page_CONVERSE  CHUCK TAYLOR ALL STAR LO  Threads/button_Add to cart' is clicked on

04-11-2024T22:43:35 - [MESSAGE][PASSED] - Object: 'Object Repository/Shopping cart_An/PROMO CODE/Page_CONVERSE  CHUCK TAYLOR ALL STAR LO  Threads/button_Add to cart' is clicked on

04-11-2024T22:43:35 - [TEST_STEP][PASSED] - takeScreenshot(screenshotFolderPath + "verify_cart.png"): Taking screenshot successfully

04-11-2024T22:43:37 - [MESSAGE][PASSED] - Taking screenshot successfully
[[ATTACHMENT|C:\\Users\\SamajitKundu\\git\\threadShopify\\ThreadShopify\\Reports\\20241104_223842\\Threads\\Final TestSuit\\20241104_223843\\screenshots/shopping_cart_20241104_224319/verify_cart.png]]

04-11-2024T22:43:37 - [TEST_STEP][PASSED] - click(findTestObject("Object Repository/Shopping cart_An/PROMO CODE/Page_CONVERSE  CHUCK TAYLOR ALL STAR LO  Threads/a_View cart (1)")): Object: 'Object Repository/Shopping cart_An/PROMO CODE/Page_CONVERSE  CHUCK TAYLOR ALL STAR LO  Threads/a_View cart (1)' is clicked on

04-11-2024T22:43:38 - [MESSAGE][PASSED] - Object: 'Object Repository/Shopping cart_An/PROMO CODE/Page_CONVERSE  CHUCK TAYLOR ALL STAR LO  Threads/a_View cart (1)' is clicked on

04-11-2024T22:43:38 - [TEST_STEP][PASSED] - click(findTestObject("Object Repository/Shopping cart_An/PROMO CODE/Page_Your Shopping Cart  Threads/button_Check out")): Object: 'Object Repository/Shopping cart_An/PROMO CODE/Page_Your Shopping Cart  Threads/button_Check out' is clicked on

04-11-2024T22:43:46 - [MESSAGE][PASSED] - Object: 'Object Repository/Shopping cart_An/PROMO CODE/Page_Your Shopping Cart  Threads/button_Check out' is clicked on

04-11-2024T22:43:46 - [TEST_STEP][PASSED] - takeScreenshot(screenshotFolderPath + "checkout.png"): Taking screenshot successfully

04-11-2024T22:43:47 - [MESSAGE][PASSED] - Taking screenshot successfully
[[ATTACHMENT|C:\\Users\\SamajitKundu\\git\\threadShopify\\ThreadShopify\\Reports\\20241104_223842\\Threads\\Final TestSuit\\20241104_223843\\screenshots/shopping_cart_20241104_224319/checkout.png]]

04-11-2024T22:43:47 - [TEST_STEP][PASSED] - setText(findTestObject("Object Repository/Shopping cart_An/PROMO CODE/Page_Checkout - Threads/input_Discount code_reductions"), "WINTER10"): Text 'WINTER10' is set on object 'Object Repository/Shopping cart_An/PROMO CODE/Page_Checkout - Threads/input_Discount code_reductions'

04-11-2024T22:43:48 - [MESSAGE][PASSED] - Text 'WINTER10' is set on object 'Object Repository/Shopping cart_An/PROMO CODE/Page_Checkout - Threads/input_Discount code_reductions'

04-11-2024T22:43:48 - [TEST_STEP][PASSED] - delay(3): Delayed 3 second(s)

04-11-2024T22:43:51 - [MESSAGE][PASSED] - Delayed 3 second(s)

04-11-2024T22:43:51 - [TEST_STEP][PASSED] - takeScreenshot(screenshotFolderPath + "promo.png"): Taking screenshot successfully

04-11-2024T22:43:51 - [MESSAGE][PASSED] - Taking screenshot successfully
[[ATTACHMENT|C:\\Users\\SamajitKundu\\git\\threadShopify\\ThreadShopify\\Reports\\20241104_223842\\Threads\\Final TestSuit\\20241104_223843\\screenshots/shopping_cart_20241104_224319/promo.png]]

04-11-2024T22:43:51 - [TEST_STEP][PASSED] - click(findTestObject("Object Repository/Shopping cart_An/PROMO CODE/Page_Checkout - Threads/button_Apply")): Object: 'Object Repository/Shopping cart_An/PROMO CODE/Page_Checkout - Threads/button_Apply' is clicked on

04-11-2024T22:43:52 - [MESSAGE][PASSED] - Object: 'Object Repository/Shopping cart_An/PROMO CODE/Page_Checkout - Threads/button_Apply' is clicked on

04-11-2024T22:43:52 - [TEST_STEP][PASSED] - prodPrice = getText(findTestObject("Object Repository/Shopping cart_An/PROMO CODE/Page_Checkout - Threads/span_100.00")): Text of object 'Object Repository/Shopping cart_An/PROMO CODE/Page_Checkout - Threads/span_100.00' is: '₹100.00'

04-11-2024T22:43:54 - [MESSAGE][PASSED] - Text of object 'Object Repository/Shopping cart_An/PROMO CODE/Page_Checkout - Threads/span_100.00' is: '₹100.00'

04-11-2024T22:43:54 - [TEST_STEP][PASSED] - originalPrice = parsePrice(prodPrice): null

04-11-2024T22:43:54 - [TEST_STEP][PASSED] - cleanText = ]", "").trim(): null

04-11-2024T22:43:54 - [TEST_STEP][PASSED] - return java.lang.Float.parseFloat(cleanText): null

04-11-2024T22:43:54 - [TEST_STEP][PASSED] - println(Original Price: $originalPrice): null

04-11-2024T22:43:54 - [TEST_STEP][PASSED] - discountedPrice = originalPrice / 100 * 10: null

04-11-2024T22:43:54 - [TEST_STEP][PASSED] - discount = parseDisc(getText(findTestObject("Object Repository/Shopping cart_An/PROMO CODE/Page_Checkout - Threads/span_10.00"))): Text of object 'Object Repository/Shopping cart_An/PROMO CODE/Page_Checkout - Threads/span_10.00' is: '− ₹10.00'

04-11-2024T22:43:54 - [MESSAGE][PASSED] - Text of object 'Object Repository/Shopping cart_An/PROMO CODE/Page_Checkout - Threads/span_10.00' is: '− ₹10.00'

04-11-2024T22:43:54 - [TEST_STEP][PASSED] - cleanText = -]", "").trim(): null

04-11-2024T22:43:54 - [TEST_STEP][PASSED] - return java.lang.Float.parseFloat(cleanText): null

04-11-2024T22:43:54 - [TEST_STEP][PASSED] - if (discount == discountedPrice): null

04-11-2024T22:43:54 - [TEST_STEP][PASSED] - println("Discounted price matches"): null

04-11-2024T22:43:54 - [TEST_STEP][PASSED] - taxAmt = parsePrice(getText(findTestObject("Object Repository/Shopping cart_An/PROMO CODE/Page_Checkout - Threads/span_8.10"))): Text of object 'Object Repository/Shopping cart_An/PROMO CODE/Page_Checkout - Threads/span_8.10' is: '₹8.10'

04-11-2024T22:43:54 - [MESSAGE][PASSED] - Text of object 'Object Repository/Shopping cart_An/PROMO CODE/Page_Checkout - Threads/span_8.10' is: '₹8.10'

04-11-2024T22:43:54 - [TEST_STEP][PASSED] - cleanText = ]", "").trim(): null

04-11-2024T22:43:54 - [TEST_STEP][PASSED] - return java.lang.Float.parseFloat(cleanText): null

04-11-2024T22:43:54 - [TEST_STEP][PASSED] - totalPrice = originalPrice - discount + taxAmt: null

04-11-2024T22:43:54 - [TEST_STEP][PASSED] - finalPriceStr = getText(findTestObject("Object Repository/Shopping cart_An/PROMO CODE/Page_Checkout - Threads/strong_98.10")): Text of object 'Object Repository/Shopping cart_An/PROMO CODE/Page_Checkout - Threads/strong_98.10' is: '₹98.10'

04-11-2024T22:43:55 - [MESSAGE][PASSED] - Text of object 'Object Repository/Shopping cart_An/PROMO CODE/Page_Checkout - Threads/strong_98.10' is: '₹98.10'

04-11-2024T22:43:55 - [TEST_STEP][PASSED] - finalPrice = parsePrice(finalPriceStr): null

04-11-2024T22:43:55 - [TEST_STEP][PASSED] - cleanText = ]", "").trim(): null

04-11-2024T22:43:55 - [TEST_STEP][PASSED] - return java.lang.Float.parseFloat(cleanText): null

04-11-2024T22:43:55 - [TEST_STEP][PASSED] - if (totalPrice == finalPrice): null

04-11-2024T22:43:55 - [TEST_STEP][PASSED] - println("Final price matches"): null

04-11-2024T22:43:55 - [TEST_STEP][PASSED] - verifyTextPresent("TOTAL SAVINGS", false): Text 'TOTAL SAVINGS' is present on page 

04-11-2024T22:43:55 - [MESSAGE][PASSED] - Text 'TOTAL SAVINGS' is present on page 

04-11-2024T22:43:55 - [TEST_STEP][PASSED] - savings = parsePrice(getText(findTestObject("Object Repository/Shopping cart_An/PROMO CODE/Page_Checkout - Threads/strong_10.00"))): Text of object 'Object Repository/Shopping cart_An/PROMO CODE/Page_Checkout - Threads/strong_10.00' is: '₹10.00'

04-11-2024T22:44:26 - [MESSAGE][INFO] - Unable to find the element located by 'By.xpath: //div[@id='app']/div/div/div/div[2]/div[2]/div/aside/div/section/div/section/div[3]/div/div/div/strong[2]'. Please recheck the objects properties to make sure the desired element is located. 

04-11-2024T22:44:26 - [MESSAGE][WARNING] - [SELF-HEALING] Failed to find element with id 'Object Repository/Shopping cart_An/PROMO CODE/Page_Checkout - Threads/strong_10.00'. Try using Self-healing.

04-11-2024T22:44:26 - [MESSAGE][ERROR] - [SELF-HEALING] com.google.gson.stream.MalformedJsonException: Expected ':' at line 5 column 10 path $.brokenTestObjects[0].<<<<<<<

04-11-2024T22:44:27 - [MESSAGE][INFO] - [SELF-HEALING] Failed Locator: '//div[@id='app']/div/div/div/div[2]/div[2]/div/aside/div/section/div/section/div[3]/div/div/div/strong[2]'.

04-11-2024T22:44:27 - [MESSAGE][INFO] - [SELF-HEALING] Working Locator: '(.//*[normalize-space(text()) and normalize-space(.)='TOTAL SAVINGS'])[1]/following::strong[1]'.

04-11-2024T22:44:27 - [MESSAGE][INFO] - [SELF-HEALING] Screenshot: C:/Users/SamajitKundu/git/threadShopify/ThreadShopify/Reports/Self-healing/Object Repository/Shopping cart_An/PROMO CODE/Page_Checkout - Threads/strong_10.00_neighbor.png

04-11-2024T22:44:27 - [MESSAGE][ERROR] - [SELF-HEALING] com.google.gson.stream.MalformedJsonException: Expected ':' at line 5 column 10 path $.brokenTestObjects[0].<<<<<<<

04-11-2024T22:44:27 - [MESSAGE][ERROR] - [SELF-HEALING] C:\Users\SamajitKundu\git\threadShopify\ThreadShopify\Reports\Self-healing\broken-test-objects-v2.json does not exist or is provided by Self-healing Plugin!

04-11-2024T22:44:27 - [MESSAGE][WARNING] - [SELF-HEALING] The current locator of test object 'Object Repository/Shopping cart_An/PROMO CODE/Page_Checkout - Threads/strong_10.00' was broken. Propose an alternative one: '(.//*[normalize-space(text()) and normalize-space(.)='TOTAL SAVINGS'])[1]/following::strong[1]'.

04-11-2024T22:44:27 - [MESSAGE][PASSED] - Text of object 'Object Repository/Shopping cart_An/PROMO CODE/Page_Checkout - Threads/strong_10.00' is: '₹10.00'

04-11-2024T22:44:27 - [TEST_STEP][PASSED] - cleanText = ]", "").trim(): null

04-11-2024T22:44:27 - [TEST_STEP][PASSED] - return java.lang.Float.parseFloat(cleanText): null

04-11-2024T22:44:27 - [TEST_STEP][PASSED] - if (savings == discountedPrice): null

04-11-2024T22:44:27 - [TEST_STEP][PASSED] - println("Savings match"): null

04-11-2024T22:44:27 - [TEST_STEP][PASSED] - takeScreenshot(screenshotFolderPath + "verify_price.png"): Taking screenshot successfully

04-11-2024T22:44:28 - [MESSAGE][PASSED] - Taking screenshot successfully
[[ATTACHMENT|C:\\Users\\SamajitKundu\\git\\threadShopify\\ThreadShopify\\Reports\\20241104_223842\\Threads\\Final TestSuit\\20241104_223843\\screenshots/shopping_cart_20241104_224319/verify_price.png]]

04-11-2024T22:44:28 - [TEST_STEP][PASSED] - closeBrowser(): Browser is closed

04-11-2024T22:44:28 - [MESSAGE][PASSED] - Browser is closed]]></system-out>
         <system-err><![CDATA[]]></system-err>
      </testcase>
      <testcase name="Test Cases/Threads_Webshop/6 Checkout/TC-178,404,305-Verify checkout scenario" time="46.89" classname="Test Cases/Threads_Webshop/6 Checkout/TC-178,404,305-Verify checkout scenario" status="PASSED">
         <system-out><![CDATA[04-11-2024T22:44:28 - [TEST_CASE][PASSED] - Test Cases/Threads_Webshop/6 Checkout/TC-178,404,305-Verify checkout scenario: Test Cases/Threads_Webshop/6 Checkout/TC-178,404,305-Verify checkout scenario

04-11-2024T22:44:29 - [TEST_STEP][PASSED] - currentDateTime = LocalDateTime.now(): null

04-11-2024T22:44:29 - [TEST_STEP][PASSED] - formatter = DateTimeFormatter.ofPattern("yyyyMMdd_HHmmss"): null

04-11-2024T22:44:29 - [TEST_STEP][PASSED] - dateTimeString = currentDateTime.format(formatter): null

04-11-2024T22:44:29 - [TEST_STEP][PASSED] - screenshotFolderPath = "screenshots/checkout_" + dateTimeString + "/": null

04-11-2024T22:44:29 - [TEST_STEP][PASSED] - File(screenshotFolderPath).mkdirs(): null

04-11-2024T22:44:29 - [TEST_STEP][PASSED] - callTestCase(findTestCase("Threads_Webshop/ReUsable Testcases/Login to an Account"), ["validemail":"cenaalice1234@mailinator.com", "password":"UDMlkmqWREzH+mr49N5wRw=="], STOP_ON_FAILURE): Call Test Case 'Test Cases/Threads_Webshop/ReUsable Testcases/Login to an Account' successfully

04-11-2024T22:44:29 - [TEST_CASE][PASSED] - Test Cases/Threads_Webshop/ReUsable Testcases/Login to an Account: Test Cases/Threads_Webshop/ReUsable Testcases/Login to an Account

04-11-2024T22:44:29 - [TEST_STEP][PASSED] - callTestCase(findTestCase("Threads_Webshop/ReUsable Testcases/Enter Password"), [:], STOP_ON_FAILURE): Call Test Case 'Test Cases/Threads_Webshop/ReUsable Testcases/Enter Password' successfully

04-11-2024T22:44:29 - [TEST_CASE][PASSED] - Test Cases/Threads_Webshop/ReUsable Testcases/Enter Password: Test Cases/Threads_Webshop/ReUsable Testcases/Enter Password

04-11-2024T22:44:29 - [TEST_STEP][PASSED] - openBrowser(""): Browser is opened with url: ''

04-11-2024T22:44:29 - [MESSAGE][INFO] - Starting 'Chrome' driver

04-11-2024T22:44:29 - [MESSAGE][INFO] - Action delay is set to 0 milliseconds

04-11-2024T22:44:30 - [MESSAGE][PASSED] - Browser is opened with url: ''

04-11-2024T22:44:30 - [TEST_STEP][PASSED] - maximizeWindow(): Current window maximized

04-11-2024T22:44:30 - [MESSAGE][PASSED] - Current window maximized

04-11-2024T22:44:30 - [TEST_STEP][PASSED] - navigateToUrl("https://threads0.myshopify.com/password"): Navigate to 'https://threads0.myshopify.com/password' successfully

04-11-2024T22:44:31 - [MESSAGE][PASSED] - Navigate to 'https://threads0.myshopify.com/password' successfully

04-11-2024T22:44:31 - [TEST_STEP][PASSED] - click(findTestObject("Object Repository/Thread_Webshop/Reusable Testcase/Page_Threads/div_Enter using password")): Object: 'Object Repository/Thread_Webshop/Reusable Testcase/Page_Threads/div_Enter using password' is clicked on

04-11-2024T22:44:42 - [MESSAGE][PASSED] - Object: 'Object Repository/Thread_Webshop/Reusable Testcase/Page_Threads/div_Enter using password' is clicked on

04-11-2024T22:44:42 - [TEST_STEP][PASSED] - setEncryptedText(findTestObject("Object Repository/Thread_Webshop/Reusable Testcase/Page_Threads/input_Enter store using password_password"), "gnzTAVlujIw+lTr0To6+Cg=="): Text ****** has been set on object 'Object Repository/Thread_Webshop/Reusable Testcase/Page_Threads/input_Enter store using password_password'

04-11-2024T22:44:43 - [MESSAGE][PASSED] - Text ****** has been set on object 'Object Repository/Thread_Webshop/Reusable Testcase/Page_Threads/input_Enter store using password_password'

04-11-2024T22:44:43 - [TEST_STEP][PASSED] - click(findTestObject("Object Repository/Thread_Webshop/Reusable Testcase/Page_Threads/button_Enter")): Object: 'Object Repository/Thread_Webshop/Reusable Testcase/Page_Threads/button_Enter' is clicked on

04-11-2024T22:44:44 - [MESSAGE][PASSED] - Object: 'Object Repository/Thread_Webshop/Reusable Testcase/Page_Threads/button_Enter' is clicked on

04-11-2024T22:44:44 - [MESSAGE][PASSED] - Call Test Case 'Test Cases/Threads_Webshop/ReUsable Testcases/Enter Password' successfully

04-11-2024T22:44:44 - [TEST_STEP][PASSED] - click(findTestObject("Object Repository/Thread_Webshop/Reusable Testcase/Page_Threads/svg_Search_icon icon-account")): Object: 'Object Repository/Thread_Webshop/Reusable Testcase/Page_Threads/svg_Search_icon icon-account' is clicked on

04-11-2024T22:44:46 - [MESSAGE][PASSED] - Object: 'Object Repository/Thread_Webshop/Reusable Testcase/Page_Threads/svg_Search_icon icon-account' is clicked on

04-11-2024T22:44:46 - [TEST_STEP][PASSED] - setText(findTestObject("Object Repository/Thread_Webshop/Reusable Testcase/Page_Account  Threads/input_Login_customeremail"), validemail): Text 'cenaalice1234@mailinator.com' is set on object 'Object Repository/Thread_Webshop/Reusable Testcase/Page_Account  Threads/input_Login_customeremail'

04-11-2024T22:44:47 - [MESSAGE][PASSED] - Text 'cenaalice1234@mailinator.com' is set on object 'Object Repository/Thread_Webshop/Reusable Testcase/Page_Account  Threads/input_Login_customeremail'

04-11-2024T22:44:47 - [TEST_STEP][PASSED] - setEncryptedText(findTestObject("Object Repository/Thread_Webshop/Reusable Testcase/Page_Account  Threads/input_Email_customerpassword"), password): Text ****** has been set on object 'Object Repository/Thread_Webshop/Reusable Testcase/Page_Account  Threads/input_Email_customerpassword'

04-11-2024T22:44:48 - [MESSAGE][PASSED] - Text ****** has been set on object 'Object Repository/Thread_Webshop/Reusable Testcase/Page_Account  Threads/input_Email_customerpassword'

04-11-2024T22:44:48 - [TEST_STEP][PASSED] - click(findTestObject("Object Repository/Thread_Webshop/Reusable Testcase/Page_Account  Threads/button_Sign in")): Object: 'Object Repository/Thread_Webshop/Reusable Testcase/Page_Account  Threads/button_Sign in' is clicked on

04-11-2024T22:44:50 - [MESSAGE][PASSED] - Object: 'Object Repository/Thread_Webshop/Reusable Testcase/Page_Account  Threads/button_Sign in' is clicked on

04-11-2024T22:44:50 - [TEST_STEP][PASSED] - click(findTestObject("Object Repository/Thread_Webshop/Reusable Testcase/Page_Account  Threads/span_Home")): Object: 'Object Repository/Thread_Webshop/Reusable Testcase/Page_Account  Threads/span_Home' is clicked on

04-11-2024T22:44:53 - [MESSAGE][PASSED] - Object: 'Object Repository/Thread_Webshop/Reusable Testcase/Page_Account  Threads/span_Home' is clicked on

04-11-2024T22:44:53 - [MESSAGE][PASSED] - Call Test Case 'Test Cases/Threads_Webshop/ReUsable Testcases/Login to an Account' successfully

04-11-2024T22:44:53 - [TEST_STEP][PASSED] - verifyTextPresent("Home", false): Text 'Home' is present on page 

04-11-2024T22:44:54 - [MESSAGE][PASSED] - Text 'Home' is present on page 

04-11-2024T22:44:54 - [TEST_STEP][PASSED] - takeScreenshot(screenshotFolderPath + "home.png"): Taking screenshot successfully

04-11-2024T22:44:55 - [MESSAGE][PASSED] - Taking screenshot successfully
[[ATTACHMENT|C:\\Users\\SamajitKundu\\git\\threadShopify\\ThreadShopify\\Reports\\20241104_223842\\Threads\\Final TestSuit\\20241104_223843\\screenshots/checkout_20241104_224429/home.png]]

04-11-2024T22:44:55 - [TEST_STEP][PASSED] - verifyElementClickable(findTestObject("Object Repository/Thread_Webshop/Checkout/Page_Threads/a_ADIDAS  CLASSIC BACKPACK")): Object 'Object Repository/Thread_Webshop/Checkout/Page_Threads/a_ADIDAS  CLASSIC BACKPACK' is clickable

04-11-2024T22:44:55 - [MESSAGE][PASSED] - Object 'Object Repository/Thread_Webshop/Checkout/Page_Threads/a_ADIDAS  CLASSIC BACKPACK' is clickable

04-11-2024T22:44:55 - [TEST_STEP][PASSED] - click(findTestObject("Object Repository/Thread_Webshop/Checkout/Page_Threads/a_ADIDAS  CLASSIC BACKPACK")): Object: 'Object Repository/Thread_Webshop/Checkout/Page_Threads/a_ADIDAS  CLASSIC BACKPACK' is clicked on

04-11-2024T22:44:56 - [MESSAGE][PASSED] - Object: 'Object Repository/Thread_Webshop/Checkout/Page_Threads/a_ADIDAS  CLASSIC BACKPACK' is clicked on

04-11-2024T22:44:56 - [TEST_STEP][PASSED] - takeScreenshot(screenshotFolderPath + "item.png"): Taking screenshot successfully

04-11-2024T22:44:58 - [MESSAGE][PASSED] - Taking screenshot successfully
[[ATTACHMENT|C:\\Users\\SamajitKundu\\git\\threadShopify\\ThreadShopify\\Reports\\20241104_223842\\Threads\\Final TestSuit\\20241104_223843\\screenshots/checkout_20241104_224429/item.png]]

04-11-2024T22:44:58 - [TEST_STEP][PASSED] - click(findTestObject("Object Repository/Thread_Webshop/Checkout/Page_ADIDAS  CLASSIC BACKPACK  Threads/button_Buy it now")): Object: 'Object Repository/Thread_Webshop/Checkout/Page_ADIDAS  CLASSIC BACKPACK  Threads/button_Buy it now' is clicked on

04-11-2024T22:44:59 - [MESSAGE][PASSED] - Object: 'Object Repository/Thread_Webshop/Checkout/Page_ADIDAS  CLASSIC BACKPACK  Threads/button_Buy it now' is clicked on

04-11-2024T22:44:59 - [TEST_STEP][PASSED] - verifyTextPresent("Threads", false): Text 'Threads' is present on page 

04-11-2024T22:45:03 - [MESSAGE][PASSED] - Text 'Threads' is present on page 

04-11-2024T22:45:03 - [TEST_STEP][PASSED] - takeScreenshot(screenshotFolderPath + "checkout_screen.png"): Taking screenshot successfully

04-11-2024T22:45:05 - [MESSAGE][PASSED] - Taking screenshot successfully
[[ATTACHMENT|C:\\Users\\SamajitKundu\\git\\threadShopify\\ThreadShopify\\Reports\\20241104_223842\\Threads\\Final TestSuit\\20241104_223843\\screenshots/checkout_20241104_224429/checkout_screen.png]]

04-11-2024T22:45:05 - [TEST_STEP][PASSED] - productText = getText(findTestObject("Object Repository/Thread_Webshop/Checkout/Page_Checkout - Threads/span_56.00")): Text of object 'Object Repository/Thread_Webshop/Checkout/Page_Checkout - Threads/span_56.00' is: '₹56.00'

04-11-2024T22:45:05 - [MESSAGE][PASSED] - Text of object 'Object Repository/Thread_Webshop/Checkout/Page_Checkout - Threads/span_56.00' is: '₹56.00'

04-11-2024T22:45:05 - [TEST_STEP][PASSED] - clothWithoutDollar = replace(",", "").trim(): null

04-11-2024T22:45:05 - [TEST_STEP][PASSED] - productPrice = Float.parseFloat(clothWithoutDollar): null

04-11-2024T22:45:05 - [TEST_STEP][PASSED] - println($productPrice): null

04-11-2024T22:45:05 - [TEST_STEP][PASSED] - shippinfText = getText(findTestObject("Object Repository/Thread_Webshop/Checkout/Page_Checkout - Threads/span_10.00")): Text of object 'Object Repository/Thread_Webshop/Checkout/Page_Checkout - Threads/span_10.00' is: '₹10.00'

04-11-2024T22:45:05 - [MESSAGE][PASSED] - Text of object 'Object Repository/Thread_Webshop/Checkout/Page_Checkout - Threads/span_10.00' is: '₹10.00'

04-11-2024T22:45:05 - [TEST_STEP][PASSED] - ShippinfTextW$ = replace(",", "").trim(): null

04-11-2024T22:45:05 - [TEST_STEP][PASSED] - shippingPrice = Float.parseFloat(ShippinfTextW$): null

04-11-2024T22:45:05 - [TEST_STEP][PASSED] - println($shippingPrice): null

04-11-2024T22:45:05 - [TEST_STEP][PASSED] - taxText = getText(findTestObject("Object Repository/Thread_Webshop/Checkout/Page_Checkout - Threads/span_10.08")): Text of object 'Object Repository/Thread_Webshop/Checkout/Page_Checkout - Threads/span_10.08' is: '₹10.08'

04-11-2024T22:45:06 - [MESSAGE][PASSED] - Text of object 'Object Repository/Thread_Webshop/Checkout/Page_Checkout - Threads/span_10.08' is: '₹10.08'

04-11-2024T22:45:06 - [TEST_STEP][PASSED] - taxText$ = replace(",", "").trim(): null

04-11-2024T22:45:06 - [TEST_STEP][PASSED] - taxPrice = Float.parseFloat(taxText$): null

04-11-2024T22:45:06 - [TEST_STEP][PASSED] - println($taxPrice): null

04-11-2024T22:45:06 - [TEST_STEP][PASSED] - totalText = getText(findTestObject("Object Repository/Thread_Webshop/Checkout/Page_Checkout - Threads/strong_76.08")): Text of object 'Object Repository/Thread_Webshop/Checkout/Page_Checkout - Threads/strong_76.08' is: '₹76.08'

04-11-2024T22:45:06 - [MESSAGE][PASSED] - Text of object 'Object Repository/Thread_Webshop/Checkout/Page_Checkout - Threads/strong_76.08' is: '₹76.08'

04-11-2024T22:45:06 - [TEST_STEP][PASSED] - totalText$ = replace(",", "").trim(): null

04-11-2024T22:45:06 - [TEST_STEP][PASSED] - totalPrice = Float.parseFloat(totalText$): null

04-11-2024T22:45:06 - [TEST_STEP][PASSED] - println(totalPrice): null

04-11-2024T22:45:06 - [TEST_STEP][PASSED] - total = taxPrice + shippingPrice + productPrice: null

04-11-2024T22:45:06 - [TEST_STEP][PASSED] - println($total): null

04-11-2024T22:45:06 - [TEST_STEP][PASSED] - if (total == totalPrice): null

04-11-2024T22:45:06 - [TEST_STEP][PASSED] - println("The price has matched"): null

04-11-2024T22:45:06 - [TEST_STEP][PASSED] - click(findTestObject("Object Repository/Thread_Webshop/Checkout/Page_Checkout - Threads/div_Ship to__1fragemfz _1fragemeo _1fragemh_6626dd")): Object: 'Object Repository/Thread_Webshop/Checkout/Page_Checkout - Threads/div_Ship to__1fragemfz _1fragemeo _1fragemh_6626dd' is clicked on

04-11-2024T22:45:06 - [MESSAGE][PASSED] - Object: 'Object Repository/Thread_Webshop/Checkout/Page_Checkout - Threads/div_Ship to__1fragemfz _1fragemeo _1fragemh_6626dd' is clicked on

04-11-2024T22:45:06 - [TEST_STEP][PASSED] - click(findTestObject("Object Repository/Thread_Webshop/Checkout/Page_Checkout - Threads/button_Bob Chen, Pursuit Software, abc apar_ab85f8")): Object: 'Object Repository/Thread_Webshop/Checkout/Page_Checkout - Threads/button_Bob Chen, Pursuit Software, abc apar_ab85f8' is clicked on

04-11-2024T22:45:07 - [MESSAGE][PASSED] - Object: 'Object Repository/Thread_Webshop/Checkout/Page_Checkout - Threads/button_Bob Chen, Pursuit Software, abc apar_ab85f8' is clicked on

04-11-2024T22:45:07 - [TEST_STEP][PASSED] - takeScreenshot(screenshotFolderPath + "information_before.png"): Taking screenshot successfully

04-11-2024T22:45:08 - [MESSAGE][PASSED] - Taking screenshot successfully
[[ATTACHMENT|C:\\Users\\SamajitKundu\\git\\threadShopify\\ThreadShopify\\Reports\\20241104_223842\\Threads\\Final TestSuit\\20241104_223843\\screenshots/checkout_20241104_224429/information_before.png]]

04-11-2024T22:45:08 - [TEST_STEP][PASSED] - click(findTestObject("Object Repository/Thread_Webshop/Checkout/Page_Checkout - Threads/button_Edit")): Object: 'Object Repository/Thread_Webshop/Checkout/Page_Checkout - Threads/button_Edit' is clicked on

04-11-2024T22:45:08 - [MESSAGE][PASSED] - Object: 'Object Repository/Thread_Webshop/Checkout/Page_Checkout - Threads/button_Edit' is clicked on

04-11-2024T22:45:08 - [TEST_STEP][PASSED] - click(findTestObject("Object Repository/Thread_Webshop/Checkout/Page_Checkout - Threads/input_Address_address1")): Object: 'Object Repository/Thread_Webshop/Checkout/Page_Checkout - Threads/input_Address_address1' is clicked on

04-11-2024T22:45:09 - [MESSAGE][PASSED] - Object: 'Object Repository/Thread_Webshop/Checkout/Page_Checkout - Threads/input_Address_address1' is clicked on

04-11-2024T22:45:09 - [TEST_STEP][PASSED] - setText(findTestObject("Object Repository/Thread_Webshop/Checkout/Page_Checkout - Threads/input_Apartment, suite, etc. (optional)_address2"), "abc"): Text 'abc' is set on object 'Object Repository/Thread_Webshop/Checkout/Page_Checkout - Threads/input_Apartment, suite, etc. (optional)_address2'

04-11-2024T22:45:10 - [MESSAGE][PASSED] - Text 'abc' is set on object 'Object Repository/Thread_Webshop/Checkout/Page_Checkout - Threads/input_Apartment, suite, etc. (optional)_address2'

04-11-2024T22:45:10 - [TEST_STEP][PASSED] - takeScreenshot(screenshotFolderPath + "changed.png"): Taking screenshot successfully

04-11-2024T22:45:10 - [MESSAGE][PASSED] - Taking screenshot successfully
[[ATTACHMENT|C:\\Users\\SamajitKundu\\git\\threadShopify\\ThreadShopify\\Reports\\20241104_223842\\Threads\\Final TestSuit\\20241104_223843\\screenshots/checkout_20241104_224429/changed.png]]

04-11-2024T22:45:10 - [TEST_STEP][PASSED] - click(findTestObject("Object Repository/Thread_Webshop/Checkout/Page_Checkout - Threads/button_Save")): Object: 'Object Repository/Thread_Webshop/Checkout/Page_Checkout - Threads/button_Save' is clicked on

04-11-2024T22:45:11 - [MESSAGE][PASSED] - Object: 'Object Repository/Thread_Webshop/Checkout/Page_Checkout - Threads/button_Save' is clicked on

04-11-2024T22:45:11 - [TEST_STEP][PASSED] - takeScreenshot(screenshotFolderPath + "information_after.png"): Taking screenshot successfully

04-11-2024T22:45:13 - [MESSAGE][PASSED] - Taking screenshot successfully
[[ATTACHMENT|C:\\Users\\SamajitKundu\\git\\threadShopify\\ThreadShopify\\Reports\\20241104_223842\\Threads\\Final TestSuit\\20241104_223843\\screenshots/checkout_20241104_224429/information_after.png]]

04-11-2024T22:45:13 - [TEST_STEP][PASSED] - click(findTestObject("Object Repository/Thread_Webshop/Checkout/Page_Checkout - Threads/a_Threads")): Object: 'Object Repository/Thread_Webshop/Checkout/Page_Checkout - Threads/a_Threads' is clicked on

04-11-2024T22:45:14 - [MESSAGE][PASSED] - Object: 'Object Repository/Thread_Webshop/Checkout/Page_Checkout - Threads/a_Threads' is clicked on

04-11-2024T22:45:14 - [TEST_STEP][PASSED] - closeBrowser(): Browser is closed

04-11-2024T22:45:15 - [MESSAGE][PASSED] - Browser is closed]]></system-out>
         <system-err><![CDATA[]]></system-err>
      </testcase>
      <testcase name="Test Cases/Threads_Webshop/6 Checkout/TC-Verify Shipping method" time="129.795" classname="Test Cases/Threads_Webshop/6 Checkout/TC-Verify Shipping method" status="PASSED">
         <system-out><![CDATA[04-11-2024T22:45:15 - [TEST_CASE][PASSED] - Test Cases/Threads_Webshop/6 Checkout/TC-Verify Shipping method: Test Cases/Threads_Webshop/6 Checkout/TC-Verify Shipping method

04-11-2024T22:45:15 - [TEST_STEP][PASSED] - currentDateTime = LocalDateTime.now(): null

04-11-2024T22:45:15 - [TEST_STEP][PASSED] - formatter = DateTimeFormatter.ofPattern("yyyyMMdd_HHmmss"): null

04-11-2024T22:45:16 - [TEST_STEP][PASSED] - dateTimeString = currentDateTime.format(formatter): null

04-11-2024T22:45:16 - [TEST_STEP][PASSED] - screenshotFolderPath = "screenshots/checkout_" + dateTimeString + "/": null

04-11-2024T22:45:16 - [TEST_STEP][PASSED] - File(screenshotFolderPath).mkdirs(): null

04-11-2024T22:45:16 - [TEST_STEP][PASSED] - callTestCase(findTestCase("Threads_Webshop/ReUsable Testcases/Login to an Account"), ["validemail":"cenaalice1234@mailinator.com", "password":"UDMlkmqWREzH+mr49N5wRw=="], STOP_ON_FAILURE): Call Test Case 'Test Cases/Threads_Webshop/ReUsable Testcases/Login to an Account' successfully

04-11-2024T22:45:16 - [TEST_CASE][PASSED] - Test Cases/Threads_Webshop/ReUsable Testcases/Login to an Account: Test Cases/Threads_Webshop/ReUsable Testcases/Login to an Account

04-11-2024T22:45:16 - [TEST_STEP][PASSED] - callTestCase(findTestCase("Threads_Webshop/ReUsable Testcases/Enter Password"), [:], STOP_ON_FAILURE): Call Test Case 'Test Cases/Threads_Webshop/ReUsable Testcases/Enter Password' successfully

04-11-2024T22:45:16 - [TEST_CASE][PASSED] - Test Cases/Threads_Webshop/ReUsable Testcases/Enter Password: Test Cases/Threads_Webshop/ReUsable Testcases/Enter Password

04-11-2024T22:45:16 - [TEST_STEP][PASSED] - openBrowser(""): Browser is opened with url: ''

04-11-2024T22:45:16 - [MESSAGE][INFO] - Starting 'Chrome' driver

04-11-2024T22:45:16 - [MESSAGE][INFO] - Action delay is set to 0 milliseconds

04-11-2024T22:45:17 - [MESSAGE][PASSED] - Browser is opened with url: ''

04-11-2024T22:45:17 - [TEST_STEP][PASSED] - maximizeWindow(): Current window maximized

04-11-2024T22:45:17 - [MESSAGE][PASSED] - Current window maximized

04-11-2024T22:45:17 - [TEST_STEP][PASSED] - navigateToUrl("https://threads0.myshopify.com/password"): Navigate to 'https://threads0.myshopify.com/password' successfully

04-11-2024T22:45:18 - [MESSAGE][PASSED] - Navigate to 'https://threads0.myshopify.com/password' successfully

04-11-2024T22:45:18 - [TEST_STEP][PASSED] - click(findTestObject("Object Repository/Thread_Webshop/Reusable Testcase/Page_Threads/div_Enter using password")): Object: 'Object Repository/Thread_Webshop/Reusable Testcase/Page_Threads/div_Enter using password' is clicked on

04-11-2024T22:45:21 - [MESSAGE][PASSED] - Object: 'Object Repository/Thread_Webshop/Reusable Testcase/Page_Threads/div_Enter using password' is clicked on

04-11-2024T22:45:21 - [TEST_STEP][PASSED] - setEncryptedText(findTestObject("Object Repository/Thread_Webshop/Reusable Testcase/Page_Threads/input_Enter store using password_password"), "gnzTAVlujIw+lTr0To6+Cg=="): Text ****** has been set on object 'Object Repository/Thread_Webshop/Reusable Testcase/Page_Threads/input_Enter store using password_password'

04-11-2024T22:45:22 - [MESSAGE][PASSED] - Text ****** has been set on object 'Object Repository/Thread_Webshop/Reusable Testcase/Page_Threads/input_Enter store using password_password'

04-11-2024T22:45:22 - [TEST_STEP][PASSED] - click(findTestObject("Object Repository/Thread_Webshop/Reusable Testcase/Page_Threads/button_Enter")): Object: 'Object Repository/Thread_Webshop/Reusable Testcase/Page_Threads/button_Enter' is clicked on

04-11-2024T22:45:23 - [MESSAGE][PASSED] - Object: 'Object Repository/Thread_Webshop/Reusable Testcase/Page_Threads/button_Enter' is clicked on

04-11-2024T22:45:23 - [MESSAGE][PASSED] - Call Test Case 'Test Cases/Threads_Webshop/ReUsable Testcases/Enter Password' successfully

04-11-2024T22:45:23 - [TEST_STEP][PASSED] - click(findTestObject("Object Repository/Thread_Webshop/Reusable Testcase/Page_Threads/svg_Search_icon icon-account")): Object: 'Object Repository/Thread_Webshop/Reusable Testcase/Page_Threads/svg_Search_icon icon-account' is clicked on

04-11-2024T22:45:25 - [MESSAGE][PASSED] - Object: 'Object Repository/Thread_Webshop/Reusable Testcase/Page_Threads/svg_Search_icon icon-account' is clicked on

04-11-2024T22:45:25 - [TEST_STEP][PASSED] - setText(findTestObject("Object Repository/Thread_Webshop/Reusable Testcase/Page_Account  Threads/input_Login_customeremail"), validemail): Text 'cenaalice1234@mailinator.com' is set on object 'Object Repository/Thread_Webshop/Reusable Testcase/Page_Account  Threads/input_Login_customeremail'

04-11-2024T22:45:27 - [MESSAGE][PASSED] - Text 'cenaalice1234@mailinator.com' is set on object 'Object Repository/Thread_Webshop/Reusable Testcase/Page_Account  Threads/input_Login_customeremail'

04-11-2024T22:45:27 - [TEST_STEP][PASSED] - setEncryptedText(findTestObject("Object Repository/Thread_Webshop/Reusable Testcase/Page_Account  Threads/input_Email_customerpassword"), password): Text ****** has been set on object 'Object Repository/Thread_Webshop/Reusable Testcase/Page_Account  Threads/input_Email_customerpassword'

04-11-2024T22:45:27 - [MESSAGE][PASSED] - Text ****** has been set on object 'Object Repository/Thread_Webshop/Reusable Testcase/Page_Account  Threads/input_Email_customerpassword'

04-11-2024T22:45:27 - [TEST_STEP][PASSED] - click(findTestObject("Object Repository/Thread_Webshop/Reusable Testcase/Page_Account  Threads/button_Sign in")): Object: 'Object Repository/Thread_Webshop/Reusable Testcase/Page_Account  Threads/button_Sign in' is clicked on

04-11-2024T22:45:29 - [MESSAGE][PASSED] - Object: 'Object Repository/Thread_Webshop/Reusable Testcase/Page_Account  Threads/button_Sign in' is clicked on

04-11-2024T22:45:29 - [TEST_STEP][PASSED] - click(findTestObject("Object Repository/Thread_Webshop/Reusable Testcase/Page_Account  Threads/span_Home")): Object: 'Object Repository/Thread_Webshop/Reusable Testcase/Page_Account  Threads/span_Home' is clicked on

04-11-2024T22:45:31 - [MESSAGE][PASSED] - Object: 'Object Repository/Thread_Webshop/Reusable Testcase/Page_Account  Threads/span_Home' is clicked on

04-11-2024T22:45:31 - [MESSAGE][PASSED] - Call Test Case 'Test Cases/Threads_Webshop/ReUsable Testcases/Login to an Account' successfully

04-11-2024T22:45:31 - [TEST_STEP][PASSED] - takeScreenshot(screenshotFolderPath + "home.png"): Taking screenshot successfully

04-11-2024T22:45:33 - [MESSAGE][PASSED] - Taking screenshot successfully
[[ATTACHMENT|C:\\Users\\SamajitKundu\\git\\threadShopify\\ThreadShopify\\Reports\\20241104_223842\\Threads\\Final TestSuit\\20241104_223843\\screenshots/checkout_20241104_224515/home.png]]

04-11-2024T22:45:33 - [TEST_STEP][PASSED] - verifyElementClickable(findTestObject("Object Repository/Thread_Webshop/Checkout/Page_Threads/a_ADIDAS  CLASSIC BACKPACK")): Object 'Object Repository/Thread_Webshop/Checkout/Page_Threads/a_ADIDAS  CLASSIC BACKPACK' is clickable

04-11-2024T22:45:33 - [MESSAGE][PASSED] - Object 'Object Repository/Thread_Webshop/Checkout/Page_Threads/a_ADIDAS  CLASSIC BACKPACK' is clickable

04-11-2024T22:45:33 - [TEST_STEP][PASSED] - click(findTestObject("Object Repository/Thread_Webshop/Checkout/Page_Threads/a_ADIDAS  CLASSIC BACKPACK")): Object: 'Object Repository/Thread_Webshop/Checkout/Page_Threads/a_ADIDAS  CLASSIC BACKPACK' is clicked on

04-11-2024T22:45:35 - [MESSAGE][PASSED] - Object: 'Object Repository/Thread_Webshop/Checkout/Page_Threads/a_ADIDAS  CLASSIC BACKPACK' is clicked on

04-11-2024T22:45:35 - [TEST_STEP][PASSED] - takeScreenshot(screenshotFolderPath + "item.png"): Taking screenshot successfully

04-11-2024T22:45:37 - [MESSAGE][PASSED] - Taking screenshot successfully
[[ATTACHMENT|C:\\Users\\SamajitKundu\\git\\threadShopify\\ThreadShopify\\Reports\\20241104_223842\\Threads\\Final TestSuit\\20241104_223843\\screenshots/checkout_20241104_224515/item.png]]

04-11-2024T22:45:37 - [TEST_STEP][PASSED] - verifyElementClickable(findTestObject("Object Repository/Thread_Webshop/Checkout/Page_ADIDAS  CLASSIC BACKPACK  Threads/button_Buy it now")): Object 'Object Repository/Thread_Webshop/Checkout/Page_ADIDAS  CLASSIC BACKPACK  Threads/button_Buy it now' is clickable

04-11-2024T22:45:38 - [MESSAGE][PASSED] - Object 'Object Repository/Thread_Webshop/Checkout/Page_ADIDAS  CLASSIC BACKPACK  Threads/button_Buy it now' is clickable

04-11-2024T22:45:38 - [TEST_STEP][PASSED] - click(findTestObject("Object Repository/Thread_Webshop/Checkout/Page_ADIDAS  CLASSIC BACKPACK  Threads/button_Buy it now")): Object: 'Object Repository/Thread_Webshop/Checkout/Page_ADIDAS  CLASSIC BACKPACK  Threads/button_Buy it now' is clicked on

04-11-2024T22:45:38 - [MESSAGE][PASSED] - Object: 'Object Repository/Thread_Webshop/Checkout/Page_ADIDAS  CLASSIC BACKPACK  Threads/button_Buy it now' is clicked on

04-11-2024T22:45:38 - [TEST_STEP][PASSED] - takeScreenshot(screenshotFolderPath + "checkout.png"): Taking screenshot successfully

04-11-2024T22:45:42 - [MESSAGE][PASSED] - Taking screenshot successfully
[[ATTACHMENT|C:\\Users\\SamajitKundu\\git\\threadShopify\\ThreadShopify\\Reports\\20241104_223842\\Threads\\Final TestSuit\\20241104_223843\\screenshots/checkout_20241104_224515/checkout.png]]

04-11-2024T22:45:42 - [TEST_STEP][PASSED] - click(findTestObject("Object Repository/Thread_Webshop/Checkout/Page_Checkout - Threads/path")): Object: 'Object Repository/Thread_Webshop/Checkout/Page_Checkout - Threads/path' is clicked on

04-11-2024T22:46:13 - [MESSAGE][INFO] - Unable to find the element located by 'By.xpath: '. Please recheck the objects properties to make sure the desired element is located. 

04-11-2024T22:46:13 - [MESSAGE][WARNING] - [SELF-HEALING] Failed to find element with id 'Object Repository/Thread_Webshop/Checkout/Page_Checkout - Threads/path'. Try using Self-healing.

04-11-2024T22:46:13 - [MESSAGE][ERROR] - [SELF-HEALING] com.google.gson.stream.MalformedJsonException: Expected ':' at line 5 column 10 path $.brokenTestObjects[0].<<<<<<<

04-11-2024T22:46:15 - [MESSAGE][INFO] - [SELF-HEALING] No working XPath is found.

04-11-2024T22:46:15 - [MESSAGE][INFO] - [SELF-HEALING] Screenshot: C:/Users/SamajitKundu/git/threadShopify/ThreadShopify/Reports/Self-healing/Object Repository/Thread_Webshop/Checkout/Page_Checkout - Threads/path_SMART_LOCATOR.png

04-11-2024T22:46:15 - [MESSAGE][ERROR] - [SELF-HEALING] com.google.gson.stream.MalformedJsonException: Expected ':' at line 5 column 10 path $.brokenTestObjects[0].<<<<<<<

04-11-2024T22:46:15 - [MESSAGE][ERROR] - [SELF-HEALING] C:\Users\SamajitKundu\git\threadShopify\ThreadShopify\Reports\Self-healing\broken-test-objects-v2.json does not exist or is provided by Self-healing Plugin!

04-11-2024T22:46:15 - [MESSAGE][WARNING] - [SELF-HEALING] The current locator of test object 'Object Repository/Thread_Webshop/Checkout/Page_Checkout - Threads/path' was broken. Propose an alternative one: 'internal:role=button[name="Shipping method Standard · ₹10.00"i]'.

04-11-2024T22:46:15 - [MESSAGE][PASSED] - Object: 'Object Repository/Thread_Webshop/Checkout/Page_Checkout - Threads/path' is clicked on

04-11-2024T22:46:15 - [TEST_STEP][PASSED] - click(findTestObject("Object Repository/Thread_Webshop/Checkout/Page_Checkout - Threads/input_Choose a shipping method_shipping_methods")): Object: 'Object Repository/Thread_Webshop/Checkout/Page_Checkout - Threads/input_Choose a shipping method_shipping_methods' is clicked on

04-11-2024T22:46:46 - [MESSAGE][INFO] - Unable to find the element located by 'By.xpath: //input[@id='shipping_methods-87a3659e7fe354379e05ee630f6a14f5-8065b300762b4a82452fb156c5f860bb']'. Please recheck the objects properties to make sure the desired element is located. 

04-11-2024T22:46:46 - [MESSAGE][WARNING] - [SELF-HEALING] Failed to find element with id 'Object Repository/Thread_Webshop/Checkout/Page_Checkout - Threads/input_Choose a shipping method_shipping_methods'. Try using Self-healing.

04-11-2024T22:46:46 - [MESSAGE][ERROR] - [SELF-HEALING] com.google.gson.stream.MalformedJsonException: Expected ':' at line 5 column 10 path $.brokenTestObjects[0].<<<<<<<

04-11-2024T22:46:46 - [MESSAGE][INFO] - [SELF-HEALING] Failed Locator: '//input[@id='shipping_methods-87a3659e7fe354379e05ee630f6a14f5-8065b300762b4a82452fb156c5f860bb']'.

04-11-2024T22:46:46 - [MESSAGE][INFO] - [SELF-HEALING] Working Locator: '//fieldset[@id='shipping_methods']/div/div/div/div/input'.

04-11-2024T22:46:47 - [MESSAGE][INFO] - [SELF-HEALING] Screenshot: C:/Users/SamajitKundu/git/threadShopify/ThreadShopify/Reports/Self-healing/Object Repository/Thread_Webshop/Checkout/Page_Checkout - Threads/input_Choose a shipping method_shipping_methods_idRelative.png

04-11-2024T22:46:47 - [MESSAGE][ERROR] - [SELF-HEALING] com.google.gson.stream.MalformedJsonException: Expected ':' at line 5 column 10 path $.brokenTestObjects[0].<<<<<<<

04-11-2024T22:46:47 - [MESSAGE][ERROR] - [SELF-HEALING] C:\Users\SamajitKundu\git\threadShopify\ThreadShopify\Reports\Self-healing\broken-test-objects-v2.json does not exist or is provided by Self-healing Plugin!

04-11-2024T22:46:47 - [MESSAGE][WARNING] - [SELF-HEALING] The current locator of test object 'Object Repository/Thread_Webshop/Checkout/Page_Checkout - Threads/input_Choose a shipping method_shipping_methods' was broken. Propose an alternative one: '//fieldset[@id='shipping_methods']/div/div/div/div/input'.

04-11-2024T22:46:47 - [MESSAGE][PASSED] - Object: 'Object Repository/Thread_Webshop/Checkout/Page_Checkout - Threads/input_Choose a shipping method_shipping_methods' is clicked on

04-11-2024T22:46:47 - [TEST_STEP][PASSED] - takeScreenshot(screenshotFolderPath + "shipping_method1.png"): Taking screenshot successfully

04-11-2024T22:46:47 - [MESSAGE][PASSED] - Taking screenshot successfully
[[ATTACHMENT|C:\\Users\\SamajitKundu\\git\\threadShopify\\ThreadShopify\\Reports\\20241104_223842\\Threads\\Final TestSuit\\20241104_223843\\screenshots/checkout_20241104_224515/shipping_method1.png]]

04-11-2024T22:46:47 - [TEST_STEP][PASSED] - product1 = getText(findTestObject("Object Repository/Thread_Webshop/Checkout/Page_Checkout - Threads/span_56.00")): Text of object 'Object Repository/Thread_Webshop/Checkout/Page_Checkout - Threads/span_56.00' is: '₹56.00'

04-11-2024T22:46:47 - [MESSAGE][PASSED] - Text of object 'Object Repository/Thread_Webshop/Checkout/Page_Checkout - Threads/span_56.00' is: '₹56.00'

04-11-2024T22:46:47 - [TEST_STEP][PASSED] - println($product1): null

04-11-2024T22:46:47 - [TEST_STEP][PASSED] - product1 = product1.replace("₹", ""): null

04-11-2024T22:46:47 - [TEST_STEP][PASSED] - productPrice1 = Float.parseFloat(product1): null

04-11-2024T22:46:47 - [TEST_STEP][PASSED] - println($productPrice1): null

04-11-2024T22:46:47 - [TEST_STEP][PASSED] - shipping1 = getText(findTestObject("Object Repository/Thread_Webshop/Checkout/Page_Checkout - Threads/span_10.00")): Text of object 'Object Repository/Thread_Webshop/Checkout/Page_Checkout - Threads/span_10.00' is: '₹10.00'

04-11-2024T22:46:48 - [MESSAGE][PASSED] - Text of object 'Object Repository/Thread_Webshop/Checkout/Page_Checkout - Threads/span_10.00' is: '₹10.00'

04-11-2024T22:46:48 - [TEST_STEP][PASSED] - println($shipping1): null

04-11-2024T22:46:48 - [TEST_STEP][PASSED] - shipping1 = shipping1.replace("₹", ""): null

04-11-2024T22:46:48 - [TEST_STEP][PASSED] - shippingPrice1 = Float.parseFloat(shipping1): null

04-11-2024T22:46:48 - [TEST_STEP][PASSED] - println($shippingPrice1): null

04-11-2024T22:46:48 - [TEST_STEP][PASSED] - tax1 = getText(findTestObject("Object Repository/Thread_Webshop/Checkout/Page_Checkout - Threads/span_10.08")): Text of object 'Object Repository/Thread_Webshop/Checkout/Page_Checkout - Threads/span_10.08' is: '₹10.08'

04-11-2024T22:46:48 - [MESSAGE][PASSED] - Text of object 'Object Repository/Thread_Webshop/Checkout/Page_Checkout - Threads/span_10.08' is: '₹10.08'

04-11-2024T22:46:48 - [TEST_STEP][PASSED] - println($tax1): null

04-11-2024T22:46:48 - [TEST_STEP][PASSED] - tax1 = tax1.replace("₹", ""): null

04-11-2024T22:46:48 - [TEST_STEP][PASSED] - taxPrice1 = Float.parseFloat(tax1): null

04-11-2024T22:46:48 - [TEST_STEP][PASSED] - println($taxPrice1): null

04-11-2024T22:46:48 - [TEST_STEP][PASSED] - priceTotal1 = productPrice1 + shippingPrice1 + taxPrice1: null

04-11-2024T22:46:48 - [TEST_STEP][PASSED] - total1 = getText(findTestObject("Object Repository/Thread_Webshop/Checkout/Page_Checkout - Threads/strong_76.08")): Text of object 'Object Repository/Thread_Webshop/Checkout/Page_Checkout - Threads/strong_76.08' is: '₹76.08'

04-11-2024T22:46:48 - [MESSAGE][PASSED] - Text of object 'Object Repository/Thread_Webshop/Checkout/Page_Checkout - Threads/strong_76.08' is: '₹76.08'

04-11-2024T22:46:48 - [TEST_STEP][PASSED] - println($total1): null

04-11-2024T22:46:48 - [TEST_STEP][PASSED] - total1 = total1.replace("₹", ""): null

04-11-2024T22:46:48 - [TEST_STEP][PASSED] - totalPrice1 = Float.parseFloat(total1): null

04-11-2024T22:46:48 - [TEST_STEP][PASSED] - println($totalPrice1): null

04-11-2024T22:46:48 - [TEST_STEP][PASSED] - if (priceTotal1 == totalPrice1): null

04-11-2024T22:46:48 - [TEST_STEP][PASSED] - println("The price has matched"): null

04-11-2024T22:46:48 - [TEST_STEP][PASSED] - click(findTestObject("Object Repository/Thread_Webshop/Checkout/Page_Checkout - Threads/input_10.00_shipping_methods")): Object: 'Object Repository/Thread_Webshop/Checkout/Page_Checkout - Threads/input_10.00_shipping_methods' is clicked on

04-11-2024T22:47:19 - [MESSAGE][INFO] - Unable to find the element located by 'By.xpath: //input[@id='shipping_methods-87a3659e7fe354379e05ee630f6a14f5-e1ddef4ea339ac02339348a2a08e6f6c']'. Please recheck the objects properties to make sure the desired element is located. 

04-11-2024T22:47:19 - [MESSAGE][WARNING] - [SELF-HEALING] Failed to find element with id 'Object Repository/Thread_Webshop/Checkout/Page_Checkout - Threads/input_10.00_shipping_methods'. Try using Self-healing.

04-11-2024T22:47:19 - [MESSAGE][ERROR] - [SELF-HEALING] com.google.gson.stream.MalformedJsonException: Expected ':' at line 5 column 10 path $.brokenTestObjects[0].<<<<<<<

04-11-2024T22:47:20 - [MESSAGE][INFO] - [SELF-HEALING] Failed Locator: '//input[@id='shipping_methods-87a3659e7fe354379e05ee630f6a14f5-e1ddef4ea339ac02339348a2a08e6f6c']'.

04-11-2024T22:47:20 - [MESSAGE][INFO] - [SELF-HEALING] Working Locator: '//fieldset[@id='shipping_methods']/div/div[2]/div/div/input'.

04-11-2024T22:47:20 - [MESSAGE][INFO] - [SELF-HEALING] Screenshot: C:/Users/SamajitKundu/git/threadShopify/ThreadShopify/Reports/Self-healing/Object Repository/Thread_Webshop/Checkout/Page_Checkout - Threads/input_10.00_shipping_methods_idRelative.png

04-11-2024T22:47:20 - [MESSAGE][ERROR] - [SELF-HEALING] com.google.gson.stream.MalformedJsonException: Expected ':' at line 5 column 10 path $.brokenTestObjects[0].<<<<<<<

04-11-2024T22:47:20 - [MESSAGE][ERROR] - [SELF-HEALING] C:\Users\SamajitKundu\git\threadShopify\ThreadShopify\Reports\Self-healing\broken-test-objects-v2.json does not exist or is provided by Self-healing Plugin!

04-11-2024T22:47:20 - [MESSAGE][WARNING] - [SELF-HEALING] The current locator of test object 'Object Repository/Thread_Webshop/Checkout/Page_Checkout - Threads/input_10.00_shipping_methods' was broken. Propose an alternative one: '//fieldset[@id='shipping_methods']/div/div[2]/div/div/input'.

04-11-2024T22:47:20 - [MESSAGE][PASSED] - Object: 'Object Repository/Thread_Webshop/Checkout/Page_Checkout - Threads/input_10.00_shipping_methods' is clicked on

04-11-2024T22:47:20 - [TEST_STEP][PASSED] - takeScreenshot(screenshotFolderPath + "shipping_method2.png"): Taking screenshot successfully

04-11-2024T22:47:22 - [MESSAGE][PASSED] - Taking screenshot successfully
[[ATTACHMENT|C:\\Users\\SamajitKundu\\git\\threadShopify\\ThreadShopify\\Reports\\20241104_223842\\Threads\\Final TestSuit\\20241104_223843\\screenshots/checkout_20241104_224515/shipping_method2.png]]

04-11-2024T22:47:22 - [TEST_STEP][PASSED] - product2 = getText(findTestObject("Object Repository/Thread_Webshop/Checkout/Page_Checkout - Threads/span_56.00")): Text of object 'Object Repository/Thread_Webshop/Checkout/Page_Checkout - Threads/span_56.00' is: '₹56.00'

04-11-2024T22:47:23 - [MESSAGE][PASSED] - Text of object 'Object Repository/Thread_Webshop/Checkout/Page_Checkout - Threads/span_56.00' is: '₹56.00'

04-11-2024T22:47:23 - [TEST_STEP][PASSED] - println($product2): null

04-11-2024T22:47:23 - [TEST_STEP][PASSED] - product2 = product2.replace("₹", ""): null

04-11-2024T22:47:23 - [TEST_STEP][PASSED] - productPrice2 = Float.parseFloat(product2): null

04-11-2024T22:47:23 - [TEST_STEP][PASSED] - println($productPrice2): null

04-11-2024T22:47:23 - [TEST_STEP][PASSED] - shipping2 = getText(findTestObject("Object Repository/Thread_Webshop/Checkout/Page_Checkout - Threads/span_25.00")): Text of object 'Object Repository/Thread_Webshop/Checkout/Page_Checkout - Threads/span_25.00' is: '₹25.00'

04-11-2024T22:47:24 - [MESSAGE][PASSED] - Text of object 'Object Repository/Thread_Webshop/Checkout/Page_Checkout - Threads/span_25.00' is: '₹25.00'

04-11-2024T22:47:24 - [TEST_STEP][PASSED] - println($shipping2): null

04-11-2024T22:47:24 - [TEST_STEP][PASSED] - shipping2 = shipping2.replace("₹", ""): null

04-11-2024T22:47:24 - [TEST_STEP][PASSED] - shippingPrice2 = Float.parseFloat(shipping2): null

04-11-2024T22:47:24 - [TEST_STEP][PASSED] - println($shippingPrice2): null

04-11-2024T22:47:24 - [TEST_STEP][PASSED] - tax2 = getText(findTestObject("Object Repository/Thread_Webshop/Checkout/Page_Checkout - Threads/span_10.08")): Text of object 'Object Repository/Thread_Webshop/Checkout/Page_Checkout - Threads/span_10.08' is: '₹10.08'

04-11-2024T22:47:24 - [MESSAGE][PASSED] - Text of object 'Object Repository/Thread_Webshop/Checkout/Page_Checkout - Threads/span_10.08' is: '₹10.08'

04-11-2024T22:47:24 - [TEST_STEP][PASSED] - println($tax2): null

04-11-2024T22:47:24 - [TEST_STEP][PASSED] - tax2 = tax2.replace("₹", ""): null

04-11-2024T22:47:24 - [TEST_STEP][PASSED] - taxPrice2 = Float.parseFloat(tax2): null

04-11-2024T22:47:24 - [TEST_STEP][PASSED] - println($taxPrice2): null

04-11-2024T22:47:24 - [TEST_STEP][PASSED] - priceTotal2 = productPrice2 + shippingPrice2 + taxPrice2: null

04-11-2024T22:47:24 - [TEST_STEP][PASSED] - total2 = getText(findTestObject("Object Repository/Thread_Webshop/Checkout/Page_Checkout - Threads/strong_91.08")): Text of object 'Object Repository/Thread_Webshop/Checkout/Page_Checkout - Threads/strong_91.08' is: '₹91.08'

04-11-2024T22:47:24 - [MESSAGE][PASSED] - Text of object 'Object Repository/Thread_Webshop/Checkout/Page_Checkout - Threads/strong_91.08' is: '₹91.08'

04-11-2024T22:47:24 - [TEST_STEP][PASSED] - println($total2): null

04-11-2024T22:47:24 - [TEST_STEP][PASSED] - total2 = total2.replace("₹", ""): null

04-11-2024T22:47:24 - [TEST_STEP][PASSED] - totalPrice2 = Float.parseFloat(total2): null

04-11-2024T22:47:24 - [TEST_STEP][PASSED] - println($totalPrice2): null

04-11-2024T22:47:24 - [TEST_STEP][PASSED] - if (priceTotal2 == totalPrice2): null

04-11-2024T22:47:24 - [TEST_STEP][PASSED] - println("The price has matched"): null

04-11-2024T22:47:24 - [TEST_STEP][PASSED] - closeBrowser(): Browser is closed

04-11-2024T22:47:25 - [MESSAGE][PASSED] - Browser is closed]]></system-out>
         <system-err><![CDATA[]]></system-err>
      </testcase>
      <testcase name="Test Cases/Threads_Webshop/7 My Account/TC-165-Verify Edit Address" time="26.672" classname="Test Cases/Threads_Webshop/7 My Account/TC-165-Verify Edit Address" status="PASSED">
         <system-out><![CDATA[04-11-2024T22:47:25 - [TEST_CASE][PASSED] - Test Cases/Threads_Webshop/7 My Account/TC-165-Verify Edit Address: Test Cases/Threads_Webshop/7 My Account/TC-165-Verify Edit Address

04-11-2024T22:47:25 - [TEST_STEP][PASSED] - timestamp = SimpleDateFormat(yyyyMMdd_HHmmss).format(new java.util.Date()): null

04-11-2024T22:47:25 - [TEST_STEP][PASSED] - screenshotFolder = "screenshots/account_" + timestamp + "/": null

04-11-2024T22:47:25 - [TEST_STEP][PASSED] - openBrowser(""): Browser is opened with url: ''

04-11-2024T22:47:25 - [MESSAGE][INFO] - Starting 'Chrome' driver

04-11-2024T22:47:25 - [MESSAGE][INFO] - Action delay is set to 0 milliseconds

04-11-2024T22:47:26 - [MESSAGE][PASSED] - Browser is opened with url: ''

04-11-2024T22:47:26 - [TEST_STEP][PASSED] - navigateToUrl("https://threads0.myshopify.com/password"): Navigate to 'https://threads0.myshopify.com/password' successfully

04-11-2024T22:47:27 - [MESSAGE][PASSED] - Navigate to 'https://threads0.myshopify.com/password' successfully

04-11-2024T22:47:27 - [TEST_STEP][PASSED] - click(findTestObject("Object Repository/Thread_Webshop/My Contact/Page_Threads/div_Enter using password")): Object: 'Object Repository/Thread_Webshop/My Contact/Page_Threads/div_Enter using password' is clicked on

04-11-2024T22:47:31 - [MESSAGE][PASSED] - Object: 'Object Repository/Thread_Webshop/My Contact/Page_Threads/div_Enter using password' is clicked on

04-11-2024T22:47:31 - [TEST_STEP][PASSED] - setEncryptedText(findTestObject("Object Repository/Thread_Webshop/My Contact/Page_Threads/input_Enter store using password_password"), "gnzTAVlujIw+lTr0To6+Cg=="): Text ****** has been set on object 'Object Repository/Thread_Webshop/My Contact/Page_Threads/input_Enter store using password_password'

04-11-2024T22:47:31 - [MESSAGE][PASSED] - Text ****** has been set on object 'Object Repository/Thread_Webshop/My Contact/Page_Threads/input_Enter store using password_password'

04-11-2024T22:47:31 - [TEST_STEP][PASSED] - click(findTestObject("Object Repository/Thread_Webshop/My Contact/Page_Threads/button_Enter")): Object: 'Object Repository/Thread_Webshop/My Contact/Page_Threads/button_Enter' is clicked on

04-11-2024T22:47:33 - [MESSAGE][PASSED] - Object: 'Object Repository/Thread_Webshop/My Contact/Page_Threads/button_Enter' is clicked on

04-11-2024T22:47:33 - [TEST_STEP][PASSED] - maximizeWindow(): Current window maximized

04-11-2024T22:47:33 - [MESSAGE][PASSED] - Current window maximized

04-11-2024T22:47:33 - [TEST_STEP][PASSED] - takeScreenshot(screenshotFolder + "home.png"): Taking screenshot successfully

04-11-2024T22:47:34 - [MESSAGE][PASSED] - Taking screenshot successfully
[[ATTACHMENT|C:\\Users\\SamajitKundu\\git\\threadShopify\\ThreadShopify\\Reports\\20241104_223842\\Threads\\Final TestSuit\\20241104_223843\\screenshots/account_20241104_224725/home.png]]

04-11-2024T22:47:34 - [TEST_STEP][PASSED] - click(findTestObject("Object Repository/Thread_Webshop/My Contact/Page_Threads/svg_Search_icon icon-account")): Object: 'Object Repository/Thread_Webshop/My Contact/Page_Threads/svg_Search_icon icon-account' is clicked on

04-11-2024T22:47:35 - [MESSAGE][PASSED] - Object: 'Object Repository/Thread_Webshop/My Contact/Page_Threads/svg_Search_icon icon-account' is clicked on

04-11-2024T22:47:35 - [TEST_STEP][PASSED] - verifyTextPresent("Login", false): Text 'Login' is present on page 

04-11-2024T22:47:36 - [MESSAGE][PASSED] - Text 'Login' is present on page 

04-11-2024T22:47:36 - [TEST_STEP][PASSED] - takeScreenshot(screenshotFolder + "login_page.png"): Taking screenshot successfully

04-11-2024T22:47:37 - [MESSAGE][PASSED] - Taking screenshot successfully
[[ATTACHMENT|C:\\Users\\SamajitKundu\\git\\threadShopify\\ThreadShopify\\Reports\\20241104_223842\\Threads\\Final TestSuit\\20241104_223843\\screenshots/account_20241104_224725/login_page.png]]

04-11-2024T22:47:37 - [TEST_STEP][PASSED] - setText(findTestObject("Object Repository/Thread_Webshop/My Contact/Page_Account  Threads/input_Login_customeremail"), "cenaalice1234@mailinator.com"): Text 'cenaalice1234@mailinator.com' is set on object 'Object Repository/Thread_Webshop/My Contact/Page_Account  Threads/input_Login_customeremail'

04-11-2024T22:47:38 - [MESSAGE][PASSED] - Text 'cenaalice1234@mailinator.com' is set on object 'Object Repository/Thread_Webshop/My Contact/Page_Account  Threads/input_Login_customeremail'

04-11-2024T22:47:38 - [TEST_STEP][PASSED] - setEncryptedText(findTestObject("Object Repository/Thread_Webshop/My Contact/Page_Account  Threads/input_Email_customerpassword"), "UDMlkmqWREzH+mr49N5wRw=="): Text ****** has been set on object 'Object Repository/Thread_Webshop/My Contact/Page_Account  Threads/input_Email_customerpassword'

04-11-2024T22:47:38 - [MESSAGE][PASSED] - Text ****** has been set on object 'Object Repository/Thread_Webshop/My Contact/Page_Account  Threads/input_Email_customerpassword'

04-11-2024T22:47:38 - [TEST_STEP][PASSED] - click(findTestObject("Object Repository/Thread_Webshop/My Contact/Page_Account  Threads/button_Sign in")): Object: 'Object Repository/Thread_Webshop/My Contact/Page_Account  Threads/button_Sign in' is clicked on

04-11-2024T22:47:40 - [MESSAGE][PASSED] - Object: 'Object Repository/Thread_Webshop/My Contact/Page_Account  Threads/button_Sign in' is clicked on

04-11-2024T22:47:40 - [TEST_STEP][PASSED] - takeScreenshot(screenshotFolder + "login.png"): Taking screenshot successfully

04-11-2024T22:47:41 - [MESSAGE][PASSED] - Taking screenshot successfully
[[ATTACHMENT|C:\\Users\\SamajitKundu\\git\\threadShopify\\ThreadShopify\\Reports\\20241104_223842\\Threads\\Final TestSuit\\20241104_223843\\screenshots/account_20241104_224725/login.png]]

04-11-2024T22:47:41 - [TEST_STEP][PASSED] - verifyTextPresent("Account", false): Text 'Account' is present on page 

04-11-2024T22:47:42 - [MESSAGE][PASSED] - Text 'Account' is present on page 

04-11-2024T22:47:42 - [TEST_STEP][PASSED] - takeScreenshot(screenshotFolder + "account.png"): Taking screenshot successfully

04-11-2024T22:47:42 - [MESSAGE][PASSED] - Taking screenshot successfully
[[ATTACHMENT|C:\\Users\\SamajitKundu\\git\\threadShopify\\ThreadShopify\\Reports\\20241104_223842\\Threads\\Final TestSuit\\20241104_223843\\screenshots/account_20241104_224725/account.png]]

04-11-2024T22:47:42 - [TEST_STEP][PASSED] - click(findTestObject("Object Repository/Thread_Webshop/My Contact/Page_Account  Threads/a_View addresses (1)")): Object: 'Object Repository/Thread_Webshop/My Contact/Page_Account  Threads/a_View addresses (1)' is clicked on

04-11-2024T22:47:44 - [MESSAGE][PASSED] - Object: 'Object Repository/Thread_Webshop/My Contact/Page_Account  Threads/a_View addresses (1)' is clicked on

04-11-2024T22:47:44 - [TEST_STEP][PASSED] - verifyTextPresent("Addresses", false): Text 'Addresses' is present on page 

04-11-2024T22:47:44 - [MESSAGE][PASSED] - Text 'Addresses' is present on page 

04-11-2024T22:47:44 - [TEST_STEP][PASSED] - verifyTextPresent("Default", false): Text 'Default' is present on page 

04-11-2024T22:47:45 - [MESSAGE][PASSED] - Text 'Default' is present on page 

04-11-2024T22:47:45 - [TEST_STEP][PASSED] - takeScreenshot(screenshotFolder + "address.png"): Taking screenshot successfully

04-11-2024T22:47:45 - [MESSAGE][PASSED] - Taking screenshot successfully
[[ATTACHMENT|C:\\Users\\SamajitKundu\\git\\threadShopify\\ThreadShopify\\Reports\\20241104_223842\\Threads\\Final TestSuit\\20241104_223843\\screenshots/account_20241104_224725/address.png]]

04-11-2024T22:47:45 - [TEST_STEP][PASSED] - click(findTestObject("Object Repository/Thread_Webshop/My Contact/Page_Addresses  Threads/button_Edit")): Object: 'Object Repository/Thread_Webshop/My Contact/Page_Addresses  Threads/button_Edit' is clicked on

04-11-2024T22:47:45 - [MESSAGE][PASSED] - Object: 'Object Repository/Thread_Webshop/My Contact/Page_Addresses  Threads/button_Edit' is clicked on

04-11-2024T22:47:45 - [TEST_STEP][PASSED] - takeScreenshot(screenshotFolder + "edit.png"): Taking screenshot successfully

04-11-2024T22:47:46 - [MESSAGE][PASSED] - Taking screenshot successfully
[[ATTACHMENT|C:\\Users\\SamajitKundu\\git\\threadShopify\\ThreadShopify\\Reports\\20241104_223842\\Threads\\Final TestSuit\\20241104_223843\\screenshots/account_20241104_224725/edit.png]]

04-11-2024T22:47:46 - [TEST_STEP][PASSED] - setText(findTestObject("Object Repository/Thread_Webshop/My Contact/Page_Addresses  Threads/input_Company_addressaddress1"), "abc apartment, xyz road"): Text 'abc apartment, xyz road' is set on object 'Object Repository/Thread_Webshop/My Contact/Page_Addresses  Threads/input_Company_addressaddress1'

04-11-2024T22:47:47 - [MESSAGE][PASSED] - Text 'abc apartment, xyz road' is set on object 'Object Repository/Thread_Webshop/My Contact/Page_Addresses  Threads/input_Company_addressaddress1'

04-11-2024T22:47:47 - [TEST_STEP][PASSED] - click(findTestObject("Object Repository/Thread_Webshop/My Contact/Page_Addresses  Threads/button_Update address")): Object: 'Object Repository/Thread_Webshop/My Contact/Page_Addresses  Threads/button_Update address' is clicked on

04-11-2024T22:47:48 - [MESSAGE][PASSED] - Object: 'Object Repository/Thread_Webshop/My Contact/Page_Addresses  Threads/button_Update address' is clicked on

04-11-2024T22:47:48 - [TEST_STEP][PASSED] - verifyTextPresent("abc apartment, xyz road", false): Text 'abc apartment, xyz road' is present on page 

04-11-2024T22:47:49 - [MESSAGE][PASSED] - Text 'abc apartment, xyz road' is present on page 

04-11-2024T22:47:49 - [TEST_STEP][PASSED] - takeScreenshot(screenshotFolder + "address_after.png"): Taking screenshot successfully

04-11-2024T22:47:50 - [MESSAGE][PASSED] - Taking screenshot successfully
[[ATTACHMENT|C:\\Users\\SamajitKundu\\git\\threadShopify\\ThreadShopify\\Reports\\20241104_223842\\Threads\\Final TestSuit\\20241104_223843\\screenshots/account_20241104_224725/address_after.png]]

04-11-2024T22:47:50 - [TEST_STEP][PASSED] - click(findTestObject("Object Repository/Thread_Webshop/My Contact/Page_Addresses  Threads/span_Home")): Object: 'Object Repository/Thread_Webshop/My Contact/Page_Addresses  Threads/span_Home' is clicked on

04-11-2024T22:47:51 - [MESSAGE][PASSED] - Object: 'Object Repository/Thread_Webshop/My Contact/Page_Addresses  Threads/span_Home' is clicked on

04-11-2024T22:47:51 - [TEST_STEP][PASSED] - closeBrowser(): Browser is closed

04-11-2024T22:47:52 - [MESSAGE][PASSED] - Browser is closed]]></system-out>
         <system-err><![CDATA[]]></system-err>
      </testcase>
      <testcase name="Test Cases/Threads_Webshop/7 My Account/TC-308,307-Verify the Credit Card details" time="308.62" classname="Test Cases/Threads_Webshop/7 My Account/TC-308,307-Verify the Credit Card details" status="PASSED">
         <system-out><![CDATA[04-11-2024T23:03:08 - [TEST_CASE][PASSED] - Test Cases/Threads_Webshop/7 My Account/TC-308,307-Verify the Credit Card details: Test Cases/Threads_Webshop/7 My Account/TC-308,307-Verify the Credit Card details

04-11-2024T23:03:08 - [TEST_STEP][PASSED] - currentDateTime = LocalDateTime.now(): null

04-11-2024T23:03:08 - [TEST_STEP][PASSED] - formatter = DateTimeFormatter.ofPattern("yyyyMMddHHmmss"): null

04-11-2024T23:03:08 - [TEST_STEP][PASSED] - dateTimeString = currentDateTime.format(formatter): null

04-11-2024T23:03:08 - [TEST_STEP][PASSED] - screenshotFolderPath = "screenshots/credit_card" + dateTimeString + "/": null

04-11-2024T23:03:08 - [TEST_STEP][PASSED] - File(screenshotFolderPath).mkdirs(): null

04-11-2024T23:03:08 - [TEST_STEP][PASSED] - callTestCase(findTestCase("Threads_Webshop/ReUsable Testcases/Enter Password"), [:], STOP_ON_FAILURE): Call Test Case 'Test Cases/Threads_Webshop/ReUsable Testcases/Enter Password' successfully

04-11-2024T23:03:08 - [TEST_CASE][PASSED] - Test Cases/Threads_Webshop/ReUsable Testcases/Enter Password: Test Cases/Threads_Webshop/ReUsable Testcases/Enter Password

04-11-2024T23:03:08 - [TEST_STEP][PASSED] - openBrowser(""): Browser is opened with url: ''

04-11-2024T23:03:08 - [MESSAGE][WARNING] - A browser is already opened. Closing browser and opening a new one

04-11-2024T23:03:09 - [MESSAGE][INFO] - Starting 'Chrome' driver

04-11-2024T23:03:09 - [MESSAGE][INFO] - Action delay is set to 0 milliseconds

04-11-2024T23:03:10 - [MESSAGE][PASSED] - Browser is opened with url: ''

04-11-2024T23:03:10 - [TEST_STEP][PASSED] - maximizeWindow(): Current window maximized

04-11-2024T23:03:10 - [MESSAGE][PASSED] - Current window maximized

04-11-2024T23:03:10 - [TEST_STEP][PASSED] - navigateToUrl("https://threads0.myshopify.com/password"): Navigate to 'https://threads0.myshopify.com/password' successfully

04-11-2024T23:03:12 - [MESSAGE][PASSED] - Navigate to 'https://threads0.myshopify.com/password' successfully

04-11-2024T23:03:12 - [TEST_STEP][PASSED] - click(findTestObject("Object Repository/Thread_Webshop/Reusable Testcase/Page_Threads/div_Enter using password")): Object: 'Object Repository/Thread_Webshop/Reusable Testcase/Page_Threads/div_Enter using password' is clicked on

04-11-2024T23:03:16 - [MESSAGE][PASSED] - Object: 'Object Repository/Thread_Webshop/Reusable Testcase/Page_Threads/div_Enter using password' is clicked on

04-11-2024T23:03:16 - [TEST_STEP][PASSED] - setEncryptedText(findTestObject("Object Repository/Thread_Webshop/Reusable Testcase/Page_Threads/input_Enter store using password_password"), "gnzTAVlujIw+lTr0To6+Cg=="): Text ****** has been set on object 'Object Repository/Thread_Webshop/Reusable Testcase/Page_Threads/input_Enter store using password_password'

04-11-2024T23:03:17 - [MESSAGE][PASSED] - Text ****** has been set on object 'Object Repository/Thread_Webshop/Reusable Testcase/Page_Threads/input_Enter store using password_password'

04-11-2024T23:03:17 - [TEST_STEP][PASSED] - click(findTestObject("Object Repository/Thread_Webshop/Reusable Testcase/Page_Threads/button_Enter")): Object: 'Object Repository/Thread_Webshop/Reusable Testcase/Page_Threads/button_Enter' is clicked on

04-11-2024T23:03:18 - [MESSAGE][PASSED] - Object: 'Object Repository/Thread_Webshop/Reusable Testcase/Page_Threads/button_Enter' is clicked on

04-11-2024T23:03:18 - [MESSAGE][PASSED] - Call Test Case 'Test Cases/Threads_Webshop/ReUsable Testcases/Enter Password' successfully

04-11-2024T23:03:18 - [TEST_STEP][PASSED] - takeScreenshot(screenshotFolderPath + "enter_password.png"): Taking screenshot successfully

04-11-2024T23:03:20 - [MESSAGE][PASSED] - Taking screenshot successfully
[[ATTACHMENT|C:\\Users\\SamajitKundu\\git\\threadShopify\\ThreadShopify\\Reports\\20241104_223842\\Threads\\Final TestSuit\\20241104_223843\\screenshots/credit_card20241104230308/enter_password.png]]

04-11-2024T23:03:20 - [TEST_STEP][PASSED] - click(findTestObject("Object Repository/Page_Threads/a_Catalog")): Object: 'Object Repository/Page_Threads/a_Catalog' is clicked on

04-11-2024T23:03:21 - [MESSAGE][PASSED] - Object: 'Object Repository/Page_Threads/a_Catalog' is clicked on

04-11-2024T23:03:21 - [TEST_STEP][PASSED] - takeScreenshot(screenshotFolderPath + "catalog_page.png"): Taking screenshot successfully

04-11-2024T23:03:22 - [MESSAGE][PASSED] - Taking screenshot successfully
[[ATTACHMENT|C:\\Users\\SamajitKundu\\git\\threadShopify\\ThreadShopify\\Reports\\20241104_223842\\Threads\\Final TestSuit\\20241104_223843\\screenshots/credit_card20241104230308/catalog_page.png]]

04-11-2024T23:03:22 - [TEST_STEP][PASSED] - click(findTestObject("Object Repository/Page_Products  Threads/a_ADIDAS  KIDS STAN SMITH")): Object: 'Object Repository/Page_Products  Threads/a_ADIDAS  KIDS STAN SMITH' is clicked on

04-11-2024T23:03:23 - [MESSAGE][PASSED] - Object: 'Object Repository/Page_Products  Threads/a_ADIDAS  KIDS STAN SMITH' is clicked on

04-11-2024T23:03:23 - [TEST_STEP][PASSED] - takeScreenshot(screenshotFolderPath + "select_product.png"): Taking screenshot successfully

04-11-2024T23:03:24 - [MESSAGE][PASSED] - Taking screenshot successfully
[[ATTACHMENT|C:\\Users\\SamajitKundu\\git\\threadShopify\\ThreadShopify\\Reports\\20241104_223842\\Threads\\Final TestSuit\\20241104_223843\\screenshots/credit_card20241104230308/select_product.png]]

04-11-2024T23:03:24 - [TEST_STEP][PASSED] - click(findTestObject("Object Repository/Page_ADIDAS  KIDS STAN SMITH  Threads/button_Buy it now")): Object: 'Object Repository/Page_ADIDAS  KIDS STAN SMITH  Threads/button_Buy it now' is clicked on

04-11-2024T23:03:25 - [MESSAGE][PASSED] - Object: 'Object Repository/Page_ADIDAS  KIDS STAN SMITH  Threads/button_Buy it now' is clicked on

04-11-2024T23:03:25 - [TEST_STEP][PASSED] - takeScreenshot(screenshotFolderPath + "buy_now.png"): Taking screenshot successfully

04-11-2024T23:03:33 - [MESSAGE][PASSED] - Taking screenshot successfully
[[ATTACHMENT|C:\\Users\\SamajitKundu\\git\\threadShopify\\ThreadShopify\\Reports\\20241104_223842\\Threads\\Final TestSuit\\20241104_223843\\screenshots/credit_card20241104230308/buy_now.png]]

04-11-2024T23:03:33 - [TEST_STEP][PASSED] - setText(findTestObject("Object Repository/Page_Checkout - Threads/input_Email or mobile phone number_email"), "1234567890"): Text '1234567890' is set on object 'Object Repository/Page_Checkout - Threads/input_Email or mobile phone number_email'

04-11-2024T23:03:35 - [MESSAGE][PASSED] - Text '1234567890' is set on object 'Object Repository/Page_Checkout - Threads/input_Email or mobile phone number_email'

04-11-2024T23:03:35 - [TEST_STEP][PASSED] - takeScreenshot(screenshotFolderPath + "enter_email.png"): Taking screenshot successfully

04-11-2024T23:03:35 - [MESSAGE][PASSED] - Taking screenshot successfully
[[ATTACHMENT|C:\\Users\\SamajitKundu\\git\\threadShopify\\ThreadShopify\\Reports\\20241104_223842\\Threads\\Final TestSuit\\20241104_223843\\screenshots/credit_card20241104230308/enter_email.png]]

04-11-2024T23:03:35 - [TEST_STEP][PASSED] - click(findTestObject("Object Repository/Page_Checkout - Threads/input_Choose a delivery method_delivery_strategies")): Object: 'Object Repository/Page_Checkout - Threads/input_Choose a delivery method_delivery_strategies' is clicked on

04-11-2024T23:03:37 - [MESSAGE][PASSED] - Object: 'Object Repository/Page_Checkout - Threads/input_Choose a delivery method_delivery_strategies' is clicked on

04-11-2024T23:03:37 - [TEST_STEP][PASSED] - takeScreenshot(screenshotFolderPath + "delivery_method.png"): Taking screenshot successfully

04-11-2024T23:03:39 - [MESSAGE][PASSED] - Taking screenshot successfully
[[ATTACHMENT|C:\\Users\\SamajitKundu\\git\\threadShopify\\ThreadShopify\\Reports\\20241104_223842\\Threads\\Final TestSuit\\20241104_223843\\screenshots/credit_card20241104230308/delivery_method.png]]

04-11-2024T23:03:39 - [TEST_STEP][PASSED] - setText(findTestObject("Object Repository/Page_Checkout - Threads/input_First name (optional)_firstName"), "John"): Text 'John' is set on object 'Object Repository/Page_Checkout - Threads/input_First name (optional)_firstName'

04-11-2024T23:03:39 - [MESSAGE][PASSED] - Text 'John' is set on object 'Object Repository/Page_Checkout - Threads/input_First name (optional)_firstName'

04-11-2024T23:03:39 - [TEST_STEP][PASSED] - setText(findTestObject("Object Repository/Page_Checkout - Threads/input_Last name_lastName"), "Cena"): Text 'Cena' is set on object 'Object Repository/Page_Checkout - Threads/input_Last name_lastName'

04-11-2024T23:03:41 - [MESSAGE][PASSED] - Text 'Cena' is set on object 'Object Repository/Page_Checkout - Threads/input_Last name_lastName'

04-11-2024T23:03:41 - [TEST_STEP][PASSED] - setText(findTestObject("Object Repository/Page_Checkout - Threads/input_Address_address1"), "ABC Street"): Text 'ABC Street' is set on object 'Object Repository/Page_Checkout - Threads/input_Address_address1'

04-11-2024T23:03:42 - [MESSAGE][PASSED] - Text 'ABC Street' is set on object 'Object Repository/Page_Checkout - Threads/input_Address_address1'

04-11-2024T23:03:42 - [TEST_STEP][PASSED] - setText(findTestObject("Object Repository/Page_Checkout - Threads/input_City_city"), "Kolkata"): Text 'Kolkata' is set on object 'Object Repository/Page_Checkout - Threads/input_City_city'

04-11-2024T23:03:43 - [MESSAGE][PASSED] - Text 'Kolkata' is set on object 'Object Repository/Page_Checkout - Threads/input_City_city'

04-11-2024T23:03:43 - [TEST_STEP][PASSED] - selectOptionByValue(findTestObject("Object Repository/Page_Checkout - Threads/select_Andaman and Nicobar IslandsAndhra Pr_2effd7"), "UP", true): All options with value 'UP' are selected in object 'Object Repository/Page_Checkout - Threads/select_Andaman and Nicobar IslandsAndhra Pr_2effd7'  using regular expression

04-11-2024T23:03:46 - [MESSAGE][PASSED] - All options with value 'UP' are selected in object 'Object Repository/Page_Checkout - Threads/select_Andaman and Nicobar IslandsAndhra Pr_2effd7'  using regular expression

04-11-2024T23:03:46 - [TEST_STEP][PASSED] - setText(findTestObject("Object Repository/Page_Checkout - Threads/input_PIN code_postalCode"), "234567"): Text '234567' is set on object 'Object Repository/Page_Checkout - Threads/input_PIN code_postalCode'

04-11-2024T23:03:46 - [MESSAGE][PASSED] - Text '234567' is set on object 'Object Repository/Page_Checkout - Threads/input_PIN code_postalCode'

04-11-2024T23:03:46 - [TEST_STEP][PASSED] - takeScreenshot(screenshotFolderPath + "customer_details.png"): Taking screenshot successfully

04-11-2024T23:03:47 - [MESSAGE][PASSED] - Taking screenshot successfully
[[ATTACHMENT|C:\\Users\\SamajitKundu\\git\\threadShopify\\ThreadShopify\\Reports\\20241104_223842\\Threads\\Final TestSuit\\20241104_223843\\screenshots/credit_card20241104230308/customer_details.png]]

04-11-2024T23:03:47 - [TEST_STEP][PASSED] - setText(findTestObject("Object Repository/Page_Checkout - Threads/input_Card number_number (2)"), "2"): Text '2' is set on object 'Object Repository/Page_Checkout - Threads/input_Card number_number (2)'

04-11-2024T23:04:18 - [MESSAGE][INFO] - Unable to find the element located by 'By.xpath: //iframe[@id='card-fields-number-xdjuuwcz27000000']'. Please recheck the objects properties to make sure the desired element is located. 

04-11-2024T23:04:18 - [MESSAGE][WARNING] - [SELF-HEALING] Failed to find element with id 'Object Repository/Page_Checkout - Threads/iframe_Card number_card-fields-number-xdjuu_727354'. Try using Self-healing.

04-11-2024T23:04:18 - [MESSAGE][ERROR] - [SELF-HEALING] com.google.gson.stream.MalformedJsonException: Expected ':' at line 5 column 10 path $.brokenTestObjects[0].<<<<<<<

04-11-2024T23:04:18 - [MESSAGE][INFO] - [SELF-HEALING] Failed Locator: '//iframe[@id='card-fields-number-xdjuuwcz27000000']'.

04-11-2024T23:04:19 - [MESSAGE][INFO] - [SELF-HEALING] Working Locator: '//div[@id='number']/iframe'.

04-11-2024T23:04:19 - [MESSAGE][INFO] - [SELF-HEALING] Screenshot: C:/Users/SamajitKundu/git/threadShopify/ThreadShopify/Reports/Self-healing/Object Repository/Page_Checkout - Threads/iframe_Card number_card-fields-number-xdjuu_727354_idRelative.png

04-11-2024T23:04:19 - [MESSAGE][ERROR] - [SELF-HEALING] com.google.gson.stream.MalformedJsonException: Expected ':' at line 5 column 10 path $.brokenTestObjects[0].<<<<<<<

04-11-2024T23:04:19 - [MESSAGE][ERROR] - [SELF-HEALING] C:\Users\SamajitKundu\git\threadShopify\ThreadShopify\Reports\Self-healing\broken-test-objects-v2.json does not exist or is provided by Self-healing Plugin!

04-11-2024T23:04:19 - [MESSAGE][WARNING] - [SELF-HEALING] The current locator of test object 'Object Repository/Page_Checkout - Threads/iframe_Card number_card-fields-number-xdjuu_727354' was broken. Propose an alternative one: '//div[@id='number']/iframe'.

04-11-2024T23:04:19 - [MESSAGE][PASSED] - Text '2' is set on object 'Object Repository/Page_Checkout - Threads/input_Card number_number (2)'

04-11-2024T23:04:19 - [TEST_STEP][PASSED] - setText(findTestObject("Object Repository/Page_Checkout - Threads/input_Expiration date (MM  YY)_expiry (2)"), "02            27"): Text '02            27' is set on object 'Object Repository/Page_Checkout - Threads/input_Expiration date (MM  YY)_expiry (2)'

04-11-2024T23:04:50 - [MESSAGE][INFO] - Unable to find the element located by 'By.xpath: //iframe[@id='card-fields-expiry-4l0tmwrnncu00000']'. Please recheck the objects properties to make sure the desired element is located. 

04-11-2024T23:04:50 - [MESSAGE][WARNING] - [SELF-HEALING] Failed to find element with id 'Object Repository/Page_Checkout - Threads/iframe_Expiration date (MM  YY)_card-fields_b2acd2'. Try using Self-healing.

04-11-2024T23:04:50 - [MESSAGE][ERROR] - [SELF-HEALING] com.google.gson.stream.MalformedJsonException: Expected ':' at line 5 column 10 path $.brokenTestObjects[0].<<<<<<<

04-11-2024T23:04:51 - [MESSAGE][INFO] - [SELF-HEALING] Failed Locator: '//iframe[@id='card-fields-expiry-4l0tmwrnncu00000']'.

04-11-2024T23:04:51 - [MESSAGE][INFO] - [SELF-HEALING] Working Locator: '//div[@id='expiry']/iframe'.

04-11-2024T23:04:51 - [MESSAGE][INFO] - [SELF-HEALING] Screenshot: C:/Users/SamajitKundu/git/threadShopify/ThreadShopify/Reports/Self-healing/Object Repository/Page_Checkout - Threads/iframe_Expiration date (MM  YY)_card-fields_b2acd2_idRelative.png

04-11-2024T23:04:51 - [MESSAGE][ERROR] - [SELF-HEALING] com.google.gson.stream.MalformedJsonException: Expected ':' at line 5 column 10 path $.brokenTestObjects[0].<<<<<<<

04-11-2024T23:04:51 - [MESSAGE][ERROR] - [SELF-HEALING] C:\Users\SamajitKundu\git\threadShopify\ThreadShopify\Reports\Self-healing\broken-test-objects-v2.json does not exist or is provided by Self-healing Plugin!

04-11-2024T23:04:51 - [MESSAGE][WARNING] - [SELF-HEALING] The current locator of test object 'Object Repository/Page_Checkout - Threads/iframe_Expiration date (MM  YY)_card-fields_b2acd2' was broken. Propose an alternative one: '//div[@id='expiry']/iframe'.

04-11-2024T23:04:51 - [MESSAGE][PASSED] - Text '02            27' is set on object 'Object Repository/Page_Checkout - Threads/input_Expiration date (MM  YY)_expiry (2)'

04-11-2024T23:04:51 - [TEST_STEP][PASSED] - setText(findTestObject("Object Repository/Page_Checkout - Threads/input_Security code_verification_value (2)"), "456"): Text '456' is set on object 'Object Repository/Page_Checkout - Threads/input_Security code_verification_value (2)'

04-11-2024T23:05:22 - [MESSAGE][INFO] - Unable to find the element located by 'By.xpath: //iframe[@id='card-fields-verification_value-hbs0c4rt1rd00000']'. Please recheck the objects properties to make sure the desired element is located. 

04-11-2024T23:05:22 - [MESSAGE][WARNING] - [SELF-HEALING] Failed to find element with id 'Object Repository/Page_Checkout - Threads/iframe_Security code_card-fields-verificati_1a0e43'. Try using Self-healing.

04-11-2024T23:05:22 - [MESSAGE][ERROR] - [SELF-HEALING] com.google.gson.stream.MalformedJsonException: Expected ':' at line 5 column 10 path $.brokenTestObjects[0].<<<<<<<

04-11-2024T23:05:23 - [MESSAGE][INFO] - [SELF-HEALING] Failed Locator: '//iframe[@id='card-fields-verification_value-hbs0c4rt1rd00000']'.

04-11-2024T23:05:23 - [MESSAGE][INFO] - [SELF-HEALING] Working Locator: '//div[@id='verification_value']/iframe'.

04-11-2024T23:05:23 - [MESSAGE][INFO] - [SELF-HEALING] Screenshot: C:/Users/SamajitKundu/git/threadShopify/ThreadShopify/Reports/Self-healing/Object Repository/Page_Checkout - Threads/iframe_Security code_card-fields-verificati_1a0e43_idRelative.png

04-11-2024T23:05:23 - [MESSAGE][ERROR] - [SELF-HEALING] com.google.gson.stream.MalformedJsonException: Expected ':' at line 5 column 10 path $.brokenTestObjects[0].<<<<<<<

04-11-2024T23:05:23 - [MESSAGE][ERROR] - [SELF-HEALING] C:\Users\SamajitKundu\git\threadShopify\ThreadShopify\Reports\Self-healing\broken-test-objects-v2.json does not exist or is provided by Self-healing Plugin!

04-11-2024T23:05:23 - [MESSAGE][WARNING] - [SELF-HEALING] The current locator of test object 'Object Repository/Page_Checkout - Threads/iframe_Security code_card-fields-verificati_1a0e43' was broken. Propose an alternative one: '//div[@id='verification_value']/iframe'.

04-11-2024T23:05:23 - [MESSAGE][PASSED] - Text '456' is set on object 'Object Repository/Page_Checkout - Threads/input_Security code_verification_value (2)'

04-11-2024T23:05:23 - [TEST_STEP][PASSED] - setText(findTestObject("Object Repository/Page_Checkout - Threads/input_Name on card_name (1)"), "John Cena"): Text 'John Cena' is set on object 'Object Repository/Page_Checkout - Threads/input_Name on card_name (1)'

04-11-2024T23:05:55 - [MESSAGE][INFO] - Unable to find the element located by 'By.xpath: //iframe[@id='card-fields-name-h8mxeqginvn00000']'. Please recheck the objects properties to make sure the desired element is located. 

04-11-2024T23:05:55 - [MESSAGE][WARNING] - [SELF-HEALING] Failed to find element with id 'Object Repository/Page_Checkout - Threads/iframe_Name on card_card-fields-name-h8mxeq_b22138'. Try using Self-healing.

04-11-2024T23:05:55 - [MESSAGE][ERROR] - [SELF-HEALING] com.google.gson.stream.MalformedJsonException: Expected ':' at line 5 column 10 path $.brokenTestObjects[0].<<<<<<<

04-11-2024T23:05:55 - [MESSAGE][INFO] - [SELF-HEALING] Failed Locator: '//iframe[@id='card-fields-name-h8mxeqginvn00000']'.

04-11-2024T23:05:55 - [MESSAGE][INFO] - [SELF-HEALING] Working Locator: '//div[@id='name']/iframe'.

04-11-2024T23:05:55 - [MESSAGE][INFO] - [SELF-HEALING] Screenshot: C:/Users/SamajitKundu/git/threadShopify/ThreadShopify/Reports/Self-healing/Object Repository/Page_Checkout - Threads/iframe_Name on card_card-fields-name-h8mxeq_b22138_idRelative.png

04-11-2024T23:05:55 - [MESSAGE][ERROR] - [SELF-HEALING] com.google.gson.stream.MalformedJsonException: Expected ':' at line 5 column 10 path $.brokenTestObjects[0].<<<<<<<

04-11-2024T23:05:55 - [MESSAGE][ERROR] - [SELF-HEALING] C:\Users\SamajitKundu\git\threadShopify\ThreadShopify\Reports\Self-healing\broken-test-objects-v2.json does not exist or is provided by Self-healing Plugin!

04-11-2024T23:05:55 - [MESSAGE][WARNING] - [SELF-HEALING] The current locator of test object 'Object Repository/Page_Checkout - Threads/iframe_Name on card_card-fields-name-h8mxeq_b22138' was broken. Propose an alternative one: '//div[@id='name']/iframe'.

04-11-2024T23:05:56 - [MESSAGE][PASSED] - Text 'John Cena' is set on object 'Object Repository/Page_Checkout - Threads/input_Name on card_name (1)'

04-11-2024T23:05:56 - [TEST_STEP][PASSED] - click(findTestObject("Object Repository/Page_Checkout - Threads/button_Pay now")): Object: 'Object Repository/Page_Checkout - Threads/button_Pay now' is clicked on

04-11-2024T23:05:56 - [MESSAGE][PASSED] - Object: 'Object Repository/Page_Checkout - Threads/button_Pay now' is clicked on

04-11-2024T23:05:56 - [TEST_STEP][PASSED] - takeScreenshot(screenshotFolderPath + "attempt_payment_invalid_case_2.png"): Taking screenshot successfully

04-11-2024T23:06:00 - [MESSAGE][PASSED] - Taking screenshot successfully
[[ATTACHMENT|C:\\Users\\SamajitKundu\\git\\threadShopify\\ThreadShopify\\Reports\\20241104_223842\\Threads\\Final TestSuit\\20241104_223843\\screenshots/credit_card20241104230308/attempt_payment_invalid_case_2.png]]

04-11-2024T23:06:00 - [TEST_STEP][PASSED] - setText(findTestObject("Object Repository/Page_Checkout - Threads/input_Card number_number (3)"), "1"): Text '1' is set on object 'Object Repository/Page_Checkout - Threads/input_Card number_number (3)'

04-11-2024T23:06:31 - [MESSAGE][INFO] - Unable to find the element located by 'By.xpath: //iframe[@id='card-fields-number-wgmke362szi00000']'. Please recheck the objects properties to make sure the desired element is located. 

04-11-2024T23:06:31 - [MESSAGE][WARNING] - [SELF-HEALING] Failed to find element with id 'Object Repository/Page_Checkout - Threads/iframe_Card number_card-fields-number-wgmke_5ea4ae'. Try using Self-healing.

04-11-2024T23:06:31 - [MESSAGE][ERROR] - [SELF-HEALING] com.google.gson.stream.MalformedJsonException: Expected ':' at line 5 column 10 path $.brokenTestObjects[0].<<<<<<<

04-11-2024T23:06:31 - [MESSAGE][INFO] - [SELF-HEALING] Failed Locator: '//iframe[@id='card-fields-number-wgmke362szi00000']'.

04-11-2024T23:06:32 - [MESSAGE][INFO] - [SELF-HEALING] Working Locator: '//div[@id='number']/iframe'.

04-11-2024T23:06:32 - [MESSAGE][INFO] - [SELF-HEALING] Screenshot: C:/Users/SamajitKundu/git/threadShopify/ThreadShopify/Reports/Self-healing/Object Repository/Page_Checkout - Threads/iframe_Card number_card-fields-number-wgmke_5ea4ae_idRelative.png

04-11-2024T23:06:32 - [MESSAGE][ERROR] - [SELF-HEALING] com.google.gson.stream.MalformedJsonException: Expected ':' at line 5 column 10 path $.brokenTestObjects[0].<<<<<<<

04-11-2024T23:06:32 - [MESSAGE][ERROR] - [SELF-HEALING] C:\Users\SamajitKundu\git\threadShopify\ThreadShopify\Reports\Self-healing\broken-test-objects-v2.json does not exist or is provided by Self-healing Plugin!

04-11-2024T23:06:32 - [MESSAGE][WARNING] - [SELF-HEALING] The current locator of test object 'Object Repository/Page_Checkout - Threads/iframe_Card number_card-fields-number-wgmke_5ea4ae' was broken. Propose an alternative one: '//div[@id='number']/iframe'.

04-11-2024T23:06:32 - [MESSAGE][PASSED] - Text '1' is set on object 'Object Repository/Page_Checkout - Threads/input_Card number_number (3)'

04-11-2024T23:06:32 - [TEST_STEP][PASSED] - setText(findTestObject("Object Repository/Page_Checkout - Threads/input_Expiration date (MM  YY)_expiry (3)"), "02                 27"): Text '02                 27' is set on object 'Object Repository/Page_Checkout - Threads/input_Expiration date (MM  YY)_expiry (3)'

04-11-2024T23:07:03 - [MESSAGE][INFO] - Unable to find the element located by 'By.xpath: //iframe[@id='card-fields-expiry-zsrnz5pk1h000000']'. Please recheck the objects properties to make sure the desired element is located. 

04-11-2024T23:07:03 - [MESSAGE][WARNING] - [SELF-HEALING] Failed to find element with id 'Object Repository/Page_Checkout - Threads/iframe_Expiration date (MM  YY)_card-fields_d66788'. Try using Self-healing.

04-11-2024T23:07:03 - [MESSAGE][ERROR] - [SELF-HEALING] com.google.gson.stream.MalformedJsonException: Expected ':' at line 5 column 10 path $.brokenTestObjects[0].<<<<<<<

04-11-2024T23:07:03 - [MESSAGE][INFO] - [SELF-HEALING] Failed Locator: '//iframe[@id='card-fields-expiry-zsrnz5pk1h000000']'.

04-11-2024T23:07:04 - [MESSAGE][INFO] - [SELF-HEALING] Working Locator: '//div[@id='expiry']/iframe'.

04-11-2024T23:07:04 - [MESSAGE][INFO] - [SELF-HEALING] Screenshot: C:/Users/SamajitKundu/git/threadShopify/ThreadShopify/Reports/Self-healing/Object Repository/Page_Checkout - Threads/iframe_Expiration date (MM  YY)_card-fields_d66788_idRelative.png

04-11-2024T23:07:04 - [MESSAGE][ERROR] - [SELF-HEALING] com.google.gson.stream.MalformedJsonException: Expected ':' at line 5 column 10 path $.brokenTestObjects[0].<<<<<<<

04-11-2024T23:07:04 - [MESSAGE][ERROR] - [SELF-HEALING] C:\Users\SamajitKundu\git\threadShopify\ThreadShopify\Reports\Self-healing\broken-test-objects-v2.json does not exist or is provided by Self-healing Plugin!

04-11-2024T23:07:04 - [MESSAGE][WARNING] - [SELF-HEALING] The current locator of test object 'Object Repository/Page_Checkout - Threads/iframe_Expiration date (MM  YY)_card-fields_d66788' was broken. Propose an alternative one: '//div[@id='expiry']/iframe'.

04-11-2024T23:07:04 - [MESSAGE][PASSED] - Text '02                 27' is set on object 'Object Repository/Page_Checkout - Threads/input_Expiration date (MM  YY)_expiry (3)'

04-11-2024T23:07:04 - [TEST_STEP][PASSED] - setText(findTestObject("Object Repository/Page_Checkout - Threads/input_Security code_verification_value (3)"), "456"): Text '456' is set on object 'Object Repository/Page_Checkout - Threads/input_Security code_verification_value (3)'

04-11-2024T23:07:36 - [MESSAGE][INFO] - Unable to find the element located by 'By.xpath: //iframe[@id='card-fields-verification_value-f8vz7sdo31c00000']'. Please recheck the objects properties to make sure the desired element is located. 

04-11-2024T23:07:36 - [MESSAGE][WARNING] - [SELF-HEALING] Failed to find element with id 'Object Repository/Page_Checkout - Threads/iframe_Security code_card-fields-verificati_98be33'. Try using Self-healing.

04-11-2024T23:07:36 - [MESSAGE][ERROR] - [SELF-HEALING] com.google.gson.stream.MalformedJsonException: Expected ':' at line 5 column 10 path $.brokenTestObjects[0].<<<<<<<

04-11-2024T23:07:36 - [MESSAGE][INFO] - [SELF-HEALING] Failed Locator: '//iframe[@id='card-fields-verification_value-f8vz7sdo31c00000']'.

04-11-2024T23:07:36 - [MESSAGE][INFO] - [SELF-HEALING] Working Locator: '//div[@id='verification_value']/iframe'.

04-11-2024T23:07:36 - [MESSAGE][INFO] - [SELF-HEALING] Screenshot: C:/Users/SamajitKundu/git/threadShopify/ThreadShopify/Reports/Self-healing/Object Repository/Page_Checkout - Threads/iframe_Security code_card-fields-verificati_98be33_idRelative.png

04-11-2024T23:07:36 - [MESSAGE][ERROR] - [SELF-HEALING] com.google.gson.stream.MalformedJsonException: Expected ':' at line 5 column 10 path $.brokenTestObjects[0].<<<<<<<

04-11-2024T23:07:36 - [MESSAGE][ERROR] - [SELF-HEALING] C:\Users\SamajitKundu\git\threadShopify\ThreadShopify\Reports\Self-healing\broken-test-objects-v2.json does not exist or is provided by Self-healing Plugin!

04-11-2024T23:07:36 - [MESSAGE][WARNING] - [SELF-HEALING] The current locator of test object 'Object Repository/Page_Checkout - Threads/iframe_Security code_card-fields-verificati_98be33' was broken. Propose an alternative one: '//div[@id='verification_value']/iframe'.

04-11-2024T23:07:37 - [MESSAGE][PASSED] - Text '456' is set on object 'Object Repository/Page_Checkout - Threads/input_Security code_verification_value (3)'

04-11-2024T23:07:37 - [TEST_STEP][PASSED] - setText(findTestObject("Object Repository/Page_Checkout - Threads/input_Name on card_name (2)"), "John Cena"): Text 'John Cena' is set on object 'Object Repository/Page_Checkout - Threads/input_Name on card_name (2)'

04-11-2024T23:08:08 - [MESSAGE][INFO] - Unable to find the element located by 'By.xpath: //iframe[@id='card-fields-name-p7oyqfjv79n00000']'. Please recheck the objects properties to make sure the desired element is located. 

04-11-2024T23:08:08 - [MESSAGE][WARNING] - [SELF-HEALING] Failed to find element with id 'Object Repository/Page_Checkout - Threads/iframe_Name on card_card-fields-name-p7oyqf_89c151'. Try using Self-healing.

04-11-2024T23:08:08 - [MESSAGE][ERROR] - [SELF-HEALING] com.google.gson.stream.MalformedJsonException: Expected ':' at line 5 column 10 path $.brokenTestObjects[0].<<<<<<<

04-11-2024T23:08:08 - [MESSAGE][INFO] - [SELF-HEALING] Failed Locator: '//iframe[@id='card-fields-name-p7oyqfjv79n00000']'.

04-11-2024T23:08:08 - [MESSAGE][INFO] - [SELF-HEALING] Working Locator: '//div[@id='name']/iframe'.

04-11-2024T23:08:08 - [MESSAGE][INFO] - [SELF-HEALING] Screenshot: C:/Users/SamajitKundu/git/threadShopify/ThreadShopify/Reports/Self-healing/Object Repository/Page_Checkout - Threads/iframe_Name on card_card-fields-name-p7oyqf_89c151_idRelative.png

04-11-2024T23:08:08 - [MESSAGE][ERROR] - [SELF-HEALING] com.google.gson.stream.MalformedJsonException: Expected ':' at line 5 column 10 path $.brokenTestObjects[0].<<<<<<<

04-11-2024T23:08:08 - [MESSAGE][ERROR] - [SELF-HEALING] C:\Users\SamajitKundu\git\threadShopify\ThreadShopify\Reports\Self-healing\broken-test-objects-v2.json does not exist or is provided by Self-healing Plugin!

04-11-2024T23:08:08 - [MESSAGE][WARNING] - [SELF-HEALING] The current locator of test object 'Object Repository/Page_Checkout - Threads/iframe_Name on card_card-fields-name-p7oyqf_89c151' was broken. Propose an alternative one: '//div[@id='name']/iframe'.

04-11-2024T23:08:09 - [MESSAGE][PASSED] - Text 'John Cena' is set on object 'Object Repository/Page_Checkout - Threads/input_Name on card_name (2)'

04-11-2024T23:08:09 - [TEST_STEP][PASSED] - click(findTestObject("Object Repository/Page_Checkout - Threads/button_Pay now")): Object: 'Object Repository/Page_Checkout - Threads/button_Pay now' is clicked on

04-11-2024T23:08:09 - [MESSAGE][PASSED] - Object: 'Object Repository/Page_Checkout - Threads/button_Pay now' is clicked on

04-11-2024T23:08:09 - [TEST_STEP][PASSED] - takeScreenshot(screenshotFolderPath + "attempt_payment_valid_case.png"): Taking screenshot successfully

04-11-2024T23:08:12 - [MESSAGE][PASSED] - Taking screenshot successfully
[[ATTACHMENT|C:\\Users\\SamajitKundu\\git\\threadShopify\\ThreadShopify\\Reports\\20241104_223842\\Threads\\Final TestSuit\\20241104_223843\\screenshots/credit_card20241104230308/attempt_payment_valid_case.png]]

04-11-2024T23:08:12 - [TEST_STEP][PASSED] - verifyTextPresent("Your order is confirmed", false): Text 'Your order is confirmed' is present on page 

04-11-2024T23:08:14 - [MESSAGE][PASSED] - Text 'Your order is confirmed' is present on page 

04-11-2024T23:08:14 - [TEST_STEP][PASSED] - takeScreenshot(screenshotFolderPath + "order_confirmation.png"): Taking screenshot successfully

04-11-2024T23:08:15 - [MESSAGE][PASSED] - Taking screenshot successfully
[[ATTACHMENT|C:\\Users\\SamajitKundu\\git\\threadShopify\\ThreadShopify\\Reports\\20241104_223842\\Threads\\Final TestSuit\\20241104_223843\\screenshots/credit_card20241104230308/order_confirmation.png]]

04-11-2024T23:08:15 - [TEST_STEP][PASSED] - closeBrowser(): Browser is closed

04-11-2024T23:08:17 - [MESSAGE][PASSED] - Browser is closed]]></system-out>
         <system-err><![CDATA[]]></system-err>
      </testcase>
      <testcase name="Test Cases/Threads_Webshop/8 Order Details/Product Subscription" time="23.721" classname="Test Cases/Threads_Webshop/8 Order Details/Product Subscription" status="PASSED">
         <system-out><![CDATA[04-11-2024T23:08:17 - [TEST_CASE][PASSED] - Test Cases/Threads_Webshop/8 Order Details/Product Subscription: Test Cases/Threads_Webshop/8 Order Details/Product Subscription

04-11-2024T23:08:17 - [TEST_STEP][PASSED] - timestamp = SimpleDateFormat(yyyyMMdd_HHmmss).format(new java.util.Date()): null

04-11-2024T23:08:17 - [TEST_STEP][PASSED] - screenshotFolder = "screenshots/subscription_" + timestamp + "/": null

04-11-2024T23:08:17 - [TEST_STEP][PASSED] - callTestCase(findTestCase("Threads_Webshop/ReUsable Testcases/Enter Password"), [:], STOP_ON_FAILURE): Call Test Case 'Test Cases/Threads_Webshop/ReUsable Testcases/Enter Password' successfully

04-11-2024T23:08:17 - [TEST_CASE][PASSED] - Test Cases/Threads_Webshop/ReUsable Testcases/Enter Password: Test Cases/Threads_Webshop/ReUsable Testcases/Enter Password

04-11-2024T23:08:17 - [TEST_STEP][PASSED] - openBrowser(""): Browser is opened with url: ''

04-11-2024T23:08:17 - [MESSAGE][INFO] - Starting 'Chrome' driver

04-11-2024T23:08:17 - [MESSAGE][INFO] - Action delay is set to 0 milliseconds

04-11-2024T23:08:18 - [MESSAGE][PASSED] - Browser is opened with url: ''

04-11-2024T23:08:18 - [TEST_STEP][PASSED] - maximizeWindow(): Current window maximized

04-11-2024T23:08:18 - [MESSAGE][PASSED] - Current window maximized

04-11-2024T23:08:18 - [TEST_STEP][PASSED] - navigateToUrl("https://threads0.myshopify.com/password"): Navigate to 'https://threads0.myshopify.com/password' successfully

04-11-2024T23:08:20 - [MESSAGE][PASSED] - Navigate to 'https://threads0.myshopify.com/password' successfully

04-11-2024T23:08:20 - [TEST_STEP][PASSED] - click(findTestObject("Object Repository/Thread_Webshop/Reusable Testcase/Page_Threads/div_Enter using password")): Object: 'Object Repository/Thread_Webshop/Reusable Testcase/Page_Threads/div_Enter using password' is clicked on

04-11-2024T23:08:24 - [MESSAGE][PASSED] - Object: 'Object Repository/Thread_Webshop/Reusable Testcase/Page_Threads/div_Enter using password' is clicked on

04-11-2024T23:08:24 - [TEST_STEP][PASSED] - setEncryptedText(findTestObject("Object Repository/Thread_Webshop/Reusable Testcase/Page_Threads/input_Enter store using password_password"), "gnzTAVlujIw+lTr0To6+Cg=="): Text ****** has been set on object 'Object Repository/Thread_Webshop/Reusable Testcase/Page_Threads/input_Enter store using password_password'

04-11-2024T23:08:25 - [MESSAGE][PASSED] - Text ****** has been set on object 'Object Repository/Thread_Webshop/Reusable Testcase/Page_Threads/input_Enter store using password_password'

04-11-2024T23:08:25 - [TEST_STEP][PASSED] - click(findTestObject("Object Repository/Thread_Webshop/Reusable Testcase/Page_Threads/button_Enter")): Object: 'Object Repository/Thread_Webshop/Reusable Testcase/Page_Threads/button_Enter' is clicked on

04-11-2024T23:08:27 - [MESSAGE][PASSED] - Object: 'Object Repository/Thread_Webshop/Reusable Testcase/Page_Threads/button_Enter' is clicked on

04-11-2024T23:08:27 - [MESSAGE][PASSED] - Call Test Case 'Test Cases/Threads_Webshop/ReUsable Testcases/Enter Password' successfully

04-11-2024T23:08:27 - [TEST_STEP][PASSED] - takeScreenshot(screenshotFolder + "home.png"): Taking screenshot successfully

04-11-2024T23:08:28 - [MESSAGE][PASSED] - Taking screenshot successfully
[[ATTACHMENT|C:\\Users\\SamajitKundu\\git\\threadShopify\\ThreadShopify\\Reports\\20241104_223842\\Threads\\Final TestSuit\\20241104_223843\\screenshots/subscription_20241104_230817/home.png]]

04-11-2024T23:08:28 - [TEST_STEP][PASSED] - click(findTestObject("Object Repository/Page_Threads/span_Catalog")): Object: 'Object Repository/Page_Threads/span_Catalog' is clicked on

04-11-2024T23:08:29 - [MESSAGE][PASSED] - Object: 'Object Repository/Page_Threads/span_Catalog' is clicked on

04-11-2024T23:08:29 - [TEST_STEP][PASSED] - click(findTestObject("Object Repository/Page_Products  Threads/a_ADIDAS  SUPERSTAR 80S")): Object: 'Object Repository/Page_Products  Threads/a_ADIDAS  SUPERSTAR 80S' is clicked on

04-11-2024T23:08:31 - [MESSAGE][PASSED] - Object: 'Object Repository/Page_Products  Threads/a_ADIDAS  SUPERSTAR 80S' is clicked on

04-11-2024T23:08:31 - [TEST_STEP][PASSED] - takeScreenshot(screenshotFolder + "select_product.png"): Taking screenshot successfully

04-11-2024T23:08:32 - [MESSAGE][PASSED] - Taking screenshot successfully
[[ATTACHMENT|C:\\Users\\SamajitKundu\\git\\threadShopify\\ThreadShopify\\Reports\\20241104_223842\\Threads\\Final TestSuit\\20241104_223843\\screenshots/subscription_20241104_230817/select_product.png]]

04-11-2024T23:08:32 - [TEST_STEP][PASSED] - verifyTextPresent("One-time purchase", false): Text 'One-time purchase' is present on page 

04-11-2024T23:08:33 - [MESSAGE][PASSED] - Text 'One-time purchase' is present on page 

04-11-2024T23:08:33 - [TEST_STEP][PASSED] - verifyTextPresent("Subscribe and deliver every", false): Text 'Subscribe and deliver every' is present on page 

04-11-2024T23:08:34 - [MESSAGE][PASSED] - Text 'Subscribe and deliver every' is present on page 

04-11-2024T23:08:34 - [TEST_STEP][PASSED] - selectOptionByValue(findTestObject("Object Repository/Page_ADIDAS  SUPERSTAR 80S  Threads/select_month3 months"), "3 month", true): All options with value '3 month' are selected in object 'Object Repository/Page_ADIDAS  SUPERSTAR 80S  Threads/select_month3 months'  using regular expression

04-11-2024T23:08:34 - [MESSAGE][PASSED] - All options with value '3 month' are selected in object 'Object Repository/Page_ADIDAS  SUPERSTAR 80S  Threads/select_month3 months'  using regular expression

04-11-2024T23:08:34 - [TEST_STEP][PASSED] - click(findTestObject("Object Repository/Page_ADIDAS  SUPERSTAR 80S  Threads/span_One-time purchase_sls-custom-radio")): Object: 'Object Repository/Page_ADIDAS  SUPERSTAR 80S  Threads/span_One-time purchase_sls-custom-radio' is clicked on

04-11-2024T23:08:35 - [MESSAGE][PASSED] - Object: 'Object Repository/Page_ADIDAS  SUPERSTAR 80S  Threads/span_One-time purchase_sls-custom-radio' is clicked on

04-11-2024T23:08:35 - [TEST_STEP][PASSED] - click(findTestObject("Object Repository/Page_ADIDAS  SUPERSTAR 80S  Threads/button_Add to cart")): Object: 'Object Repository/Page_ADIDAS  SUPERSTAR 80S  Threads/button_Add to cart' is clicked on

04-11-2024T23:08:35 - [MESSAGE][PASSED] - Object: 'Object Repository/Page_ADIDAS  SUPERSTAR 80S  Threads/button_Add to cart' is clicked on

04-11-2024T23:08:35 - [TEST_STEP][PASSED] - click(findTestObject("Object Repository/Page_ADIDAS  SUPERSTAR 80S  Threads/a_View cart (1)")): Object: 'Object Repository/Page_ADIDAS  SUPERSTAR 80S  Threads/a_View cart (1)' is clicked on

04-11-2024T23:08:38 - [MESSAGE][PASSED] - Object: 'Object Repository/Page_ADIDAS  SUPERSTAR 80S  Threads/a_View cart (1)' is clicked on

04-11-2024T23:08:38 - [TEST_STEP][PASSED] - takeScreenshot(screenshotFolder + "subscription.png"): Taking screenshot successfully

04-11-2024T23:08:39 - [MESSAGE][PASSED] - Taking screenshot successfully
[[ATTACHMENT|C:\\Users\\SamajitKundu\\git\\threadShopify\\ThreadShopify\\Reports\\20241104_223842\\Threads\\Final TestSuit\\20241104_223843\\screenshots/subscription_20241104_230817/subscription.png]]

04-11-2024T23:08:39 - [TEST_STEP][PASSED] - verifyTextPresent("Discount on next order", false): Text 'Discount on next order' is present on page 

04-11-2024T23:08:39 - [MESSAGE][PASSED] - Text 'Discount on next order' is present on page 

04-11-2024T23:08:39 - [TEST_STEP][PASSED] - closeBrowser(): Browser is closed

04-11-2024T23:08:40 - [MESSAGE][PASSED] - Browser is closed]]></system-out>
         <system-err><![CDATA[]]></system-err>
      </testcase>
      <testcase name="Test Cases/Threads_Webshop/8 Order Details/TC-570, Verify Cancle Order" time="62.214" classname="Test Cases/Threads_Webshop/8 Order Details/TC-570, Verify Cancle Order" status="PASSED">
         <system-out><![CDATA[04-11-2024T23:08:40 - [TEST_CASE][PASSED] - Test Cases/Threads_Webshop/8 Order Details/TC-570, Verify Cancle Order: Test Cases/Threads_Webshop/8 Order Details/TC-570, Verify Cancle Order

04-11-2024T23:08:41 - [TEST_STEP][PASSED] - timestamp = SimpleDateFormat(yyyyMMdd_HHmmss).format(new java.util.Date()): null

04-11-2024T23:08:41 - [TEST_STEP][PASSED] - screenshotFolder = "screenshots/cancle_order_" + timestamp + "/": null

04-11-2024T23:08:41 - [TEST_STEP][PASSED] - callTestCase(findTestCase("Threads_Webshop/ReUsable Testcases/Login to an Account"), ["validemail":"cenaalice1234@mailinator.com", "password":"UDMlkmqWREzH+mr49N5wRw=="], STOP_ON_FAILURE): Call Test Case 'Test Cases/Threads_Webshop/ReUsable Testcases/Login to an Account' successfully

04-11-2024T23:08:41 - [TEST_CASE][PASSED] - Test Cases/Threads_Webshop/ReUsable Testcases/Login to an Account: Test Cases/Threads_Webshop/ReUsable Testcases/Login to an Account

04-11-2024T23:08:41 - [TEST_STEP][PASSED] - callTestCase(findTestCase("Threads_Webshop/ReUsable Testcases/Enter Password"), [:], STOP_ON_FAILURE): Call Test Case 'Test Cases/Threads_Webshop/ReUsable Testcases/Enter Password' successfully

04-11-2024T23:08:41 - [TEST_CASE][PASSED] - Test Cases/Threads_Webshop/ReUsable Testcases/Enter Password: Test Cases/Threads_Webshop/ReUsable Testcases/Enter Password

04-11-2024T23:08:41 - [TEST_STEP][PASSED] - openBrowser(""): Browser is opened with url: ''

04-11-2024T23:08:41 - [MESSAGE][INFO] - Starting 'Chrome' driver

04-11-2024T23:08:41 - [MESSAGE][INFO] - Action delay is set to 0 milliseconds

04-11-2024T23:08:41 - [MESSAGE][PASSED] - Browser is opened with url: ''

04-11-2024T23:08:41 - [TEST_STEP][PASSED] - maximizeWindow(): Current window maximized

04-11-2024T23:08:42 - [MESSAGE][PASSED] - Current window maximized

04-11-2024T23:08:42 - [TEST_STEP][PASSED] - navigateToUrl("https://threads0.myshopify.com/password"): Navigate to 'https://threads0.myshopify.com/password' successfully

04-11-2024T23:08:43 - [MESSAGE][PASSED] - Navigate to 'https://threads0.myshopify.com/password' successfully

04-11-2024T23:08:43 - [TEST_STEP][PASSED] - click(findTestObject("Object Repository/Thread_Webshop/Reusable Testcase/Page_Threads/div_Enter using password")): Object: 'Object Repository/Thread_Webshop/Reusable Testcase/Page_Threads/div_Enter using password' is clicked on

04-11-2024T23:08:47 - [MESSAGE][PASSED] - Object: 'Object Repository/Thread_Webshop/Reusable Testcase/Page_Threads/div_Enter using password' is clicked on

04-11-2024T23:08:47 - [TEST_STEP][PASSED] - setEncryptedText(findTestObject("Object Repository/Thread_Webshop/Reusable Testcase/Page_Threads/input_Enter store using password_password"), "gnzTAVlujIw+lTr0To6+Cg=="): Text ****** has been set on object 'Object Repository/Thread_Webshop/Reusable Testcase/Page_Threads/input_Enter store using password_password'

04-11-2024T23:08:47 - [MESSAGE][PASSED] - Text ****** has been set on object 'Object Repository/Thread_Webshop/Reusable Testcase/Page_Threads/input_Enter store using password_password'

04-11-2024T23:08:47 - [TEST_STEP][PASSED] - click(findTestObject("Object Repository/Thread_Webshop/Reusable Testcase/Page_Threads/button_Enter")): Object: 'Object Repository/Thread_Webshop/Reusable Testcase/Page_Threads/button_Enter' is clicked on

04-11-2024T23:08:49 - [MESSAGE][PASSED] - Object: 'Object Repository/Thread_Webshop/Reusable Testcase/Page_Threads/button_Enter' is clicked on

04-11-2024T23:08:49 - [MESSAGE][PASSED] - Call Test Case 'Test Cases/Threads_Webshop/ReUsable Testcases/Enter Password' successfully

04-11-2024T23:08:49 - [TEST_STEP][PASSED] - click(findTestObject("Object Repository/Thread_Webshop/Reusable Testcase/Page_Threads/svg_Search_icon icon-account")): Object: 'Object Repository/Thread_Webshop/Reusable Testcase/Page_Threads/svg_Search_icon icon-account' is clicked on

04-11-2024T23:08:51 - [MESSAGE][PASSED] - Object: 'Object Repository/Thread_Webshop/Reusable Testcase/Page_Threads/svg_Search_icon icon-account' is clicked on

04-11-2024T23:08:51 - [TEST_STEP][PASSED] - setText(findTestObject("Object Repository/Thread_Webshop/Reusable Testcase/Page_Account  Threads/input_Login_customeremail"), validemail): Text 'cenaalice1234@mailinator.com' is set on object 'Object Repository/Thread_Webshop/Reusable Testcase/Page_Account  Threads/input_Login_customeremail'

04-11-2024T23:08:52 - [MESSAGE][PASSED] - Text 'cenaalice1234@mailinator.com' is set on object 'Object Repository/Thread_Webshop/Reusable Testcase/Page_Account  Threads/input_Login_customeremail'

04-11-2024T23:08:52 - [TEST_STEP][PASSED] - setEncryptedText(findTestObject("Object Repository/Thread_Webshop/Reusable Testcase/Page_Account  Threads/input_Email_customerpassword"), password): Text ****** has been set on object 'Object Repository/Thread_Webshop/Reusable Testcase/Page_Account  Threads/input_Email_customerpassword'

04-11-2024T23:08:52 - [MESSAGE][PASSED] - Text ****** has been set on object 'Object Repository/Thread_Webshop/Reusable Testcase/Page_Account  Threads/input_Email_customerpassword'

04-11-2024T23:08:52 - [TEST_STEP][PASSED] - click(findTestObject("Object Repository/Thread_Webshop/Reusable Testcase/Page_Account  Threads/button_Sign in")): Object: 'Object Repository/Thread_Webshop/Reusable Testcase/Page_Account  Threads/button_Sign in' is clicked on

04-11-2024T23:08:55 - [MESSAGE][PASSED] - Object: 'Object Repository/Thread_Webshop/Reusable Testcase/Page_Account  Threads/button_Sign in' is clicked on

04-11-2024T23:08:55 - [TEST_STEP][PASSED] - click(findTestObject("Object Repository/Thread_Webshop/Reusable Testcase/Page_Account  Threads/span_Home")): Object: 'Object Repository/Thread_Webshop/Reusable Testcase/Page_Account  Threads/span_Home' is clicked on

04-11-2024T23:08:57 - [MESSAGE][PASSED] - Object: 'Object Repository/Thread_Webshop/Reusable Testcase/Page_Account  Threads/span_Home' is clicked on

04-11-2024T23:08:57 - [MESSAGE][PASSED] - Call Test Case 'Test Cases/Threads_Webshop/ReUsable Testcases/Login to an Account' successfully

04-11-2024T23:08:57 - [TEST_STEP][PASSED] - click(findTestObject("Object Repository/Thread_Webshop/Account/Page_Threads/svg_Search_icon icon-account")): Object: 'Object Repository/Thread_Webshop/Account/Page_Threads/svg_Search_icon icon-account' is clicked on

04-11-2024T23:08:59 - [MESSAGE][PASSED] - Object: 'Object Repository/Thread_Webshop/Account/Page_Threads/svg_Search_icon icon-account' is clicked on

04-11-2024T23:08:59 - [TEST_STEP][PASSED] - verifyTextPresent(account, false): Text 'Account' is present on page 

04-11-2024T23:09:00 - [MESSAGE][PASSED] - Text 'Account' is present on page 

04-11-2024T23:09:00 - [TEST_STEP][PASSED] - takeScreenshot(screenshotFolder + "account.png"): Taking screenshot successfully

04-11-2024T23:09:00 - [MESSAGE][PASSED] - Taking screenshot successfully
[[ATTACHMENT|C:\\Users\\SamajitKundu\\git\\threadShopify\\ThreadShopify\\Reports\\20241104_223842\\Threads\\Final TestSuit\\20241104_223843\\screenshots/cancle_order_20241104_230841/account.png]]

04-11-2024T23:09:00 - [TEST_STEP][PASSED] - verifyTextPresent(summary, false): Text 'Order history' is present on page 

04-11-2024T23:09:00 - [MESSAGE][PASSED] - Text 'Order history' is present on page 

04-11-2024T23:09:00 - [TEST_STEP][PASSED] - click(findTestObject("Object Repository/Thread_Webshop/Account/Page_Account  Threads/button_Cancel")): Object: 'Object Repository/Thread_Webshop/Account/Page_Account  Threads/button_Cancel' is clicked on

04-11-2024T23:09:01 - [MESSAGE][PASSED] - Object: 'Object Repository/Thread_Webshop/Account/Page_Account  Threads/button_Cancel' is clicked on

04-11-2024T23:09:01 - [TEST_STEP][PASSED] - takeScreenshot(screenshotFolder + "cancle_before.png"): Taking screenshot successfully

04-11-2024T23:09:01 - [MESSAGE][PASSED] - Taking screenshot successfully
[[ATTACHMENT|C:\\Users\\SamajitKundu\\git\\threadShopify\\ThreadShopify\\Reports\\20241104_223842\\Threads\\Final TestSuit\\20241104_223843\\screenshots/cancle_order_20241104_230841/cancle_before.png]]

04-11-2024T23:09:01 - [TEST_STEP][PASSED] - delay(2): Delayed 2 second(s)

04-11-2024T23:09:03 - [MESSAGE][PASSED] - Delayed 2 second(s)

04-11-2024T23:09:03 - [TEST_STEP][PASSED] - takeScreenshot(screenshotFolder + "cancle_after.png"): Taking screenshot successfully

04-11-2024T23:09:04 - [MESSAGE][PASSED] - Taking screenshot successfully
[[ATTACHMENT|C:\\Users\\SamajitKundu\\git\\threadShopify\\ThreadShopify\\Reports\\20241104_223842\\Threads\\Final TestSuit\\20241104_223843\\screenshots/cancle_order_20241104_230841/cancle_after.png]]

04-11-2024T23:09:04 - [TEST_STEP][PASSED] - click(findTestObject("Object Repository/Thread_Webshop/Account/Page_Account  Threads/button_Proceed")): Object: 'Object Repository/Thread_Webshop/Account/Page_Account  Threads/button_Proceed' is clicked on

04-11-2024T23:09:35 - [MESSAGE][INFO] - Unable to find the element located by 'By.xpath: //button[@onclick='coc_handleCancelOrder(this,5840969597151)']'. Please recheck the objects properties to make sure the desired element is located. 

04-11-2024T23:09:35 - [MESSAGE][WARNING] - [SELF-HEALING] Failed to find element with id 'Object Repository/Thread_Webshop/Account/Page_Account  Threads/button_Proceed'. Try using Self-healing.

04-11-2024T23:09:35 - [MESSAGE][ERROR] - [SELF-HEALING] com.google.gson.stream.MalformedJsonException: Expected ':' at line 5 column 10 path $.brokenTestObjects[0].<<<<<<<

04-11-2024T23:09:35 - [MESSAGE][INFO] - [SELF-HEALING] Failed Locator: '//button[@onclick='coc_handleCancelOrder(this,5840969597151)']'.

04-11-2024T23:09:35 - [MESSAGE][INFO] - [SELF-HEALING] Failed Locator: '//div[@id='coc-cancel-modal']/div/div[3]/button[2]'.

04-11-2024T23:09:36 - [MESSAGE][INFO] - [SELF-HEALING] Working Locator: '(.//*[normalize-space(text()) and normalize-space(.)='Cancel'])[1]/following::button[1]'.

04-11-2024T23:09:36 - [MESSAGE][INFO] - [SELF-HEALING] Screenshot: C:/Users/SamajitKundu/git/threadShopify/ThreadShopify/Reports/Self-healing/Object Repository/Thread_Webshop/Account/Page_Account  Threads/button_Proceed_neighbor.png

04-11-2024T23:09:36 - [MESSAGE][ERROR] - [SELF-HEALING] com.google.gson.stream.MalformedJsonException: Expected ':' at line 5 column 10 path $.brokenTestObjects[0].<<<<<<<

04-11-2024T23:09:36 - [MESSAGE][ERROR] - [SELF-HEALING] C:\Users\SamajitKundu\git\threadShopify\ThreadShopify\Reports\Self-healing\broken-test-objects-v2.json does not exist or is provided by Self-healing Plugin!

04-11-2024T23:09:36 - [MESSAGE][WARNING] - [SELF-HEALING] The current locator of test object 'Object Repository/Thread_Webshop/Account/Page_Account  Threads/button_Proceed' was broken. Propose an alternative one: '(.//*[normalize-space(text()) and normalize-space(.)='Cancel'])[1]/following::button[1]'.

04-11-2024T23:09:42 - [MESSAGE][PASSED] - Object: 'Object Repository/Thread_Webshop/Account/Page_Account  Threads/button_Proceed' is clicked on

04-11-2024T23:09:42 - [TEST_STEP][PASSED] - closeBrowser(): Browser is closed

04-11-2024T23:09:43 - [MESSAGE][PASSED] - Browser is closed]]></system-out>
         <system-err><![CDATA[]]></system-err>
      </testcase>
      <testcase name="Test Cases/Threads_Webshop/8 Order Details/TC-575, Verify Reorder" time="23.45" classname="Test Cases/Threads_Webshop/8 Order Details/TC-575, Verify Reorder" status="PASSED">
         <system-out><![CDATA[04-11-2024T23:09:43 - [TEST_CASE][PASSED] - Test Cases/Threads_Webshop/8 Order Details/TC-575, Verify Reorder: Test Cases/Threads_Webshop/8 Order Details/TC-575, Verify Reorder

04-11-2024T23:09:43 - [TEST_STEP][PASSED] - timestamp = SimpleDateFormat(yyyyMMdd_HHmmss).format(new java.util.Date()): null

04-11-2024T23:09:43 - [TEST_STEP][PASSED] - screenshotFolder = "screenshots/reorder_" + timestamp + "/": null

04-11-2024T23:09:43 - [TEST_STEP][PASSED] - openBrowser(""): Browser is opened with url: ''

04-11-2024T23:09:43 - [MESSAGE][INFO] - Starting 'Chrome' driver

04-11-2024T23:09:43 - [MESSAGE][INFO] - Action delay is set to 0 milliseconds

04-11-2024T23:09:43 - [MESSAGE][PASSED] - Browser is opened with url: ''

04-11-2024T23:09:43 - [TEST_STEP][PASSED] - navigateToUrl("https://threads0.myshopify.com/password"): Navigate to 'https://threads0.myshopify.com/password' successfully

04-11-2024T23:09:45 - [MESSAGE][PASSED] - Navigate to 'https://threads0.myshopify.com/password' successfully

04-11-2024T23:09:45 - [TEST_STEP][PASSED] - click(findTestObject("Object Repository/Thread_Webshop/Account/Reorder/Page_Threads/div_Enter using password")): Object: 'Object Repository/Thread_Webshop/Account/Reorder/Page_Threads/div_Enter using password' is clicked on

04-11-2024T23:09:48 - [MESSAGE][PASSED] - Object: 'Object Repository/Thread_Webshop/Account/Reorder/Page_Threads/div_Enter using password' is clicked on

04-11-2024T23:09:48 - [TEST_STEP][PASSED] - setEncryptedText(findTestObject("Object Repository/Thread_Webshop/Account/Reorder/Page_Threads/input_Enter store using password_password"), "gnzTAVlujIw+lTr0To6+Cg=="): Text ****** has been set on object 'Object Repository/Thread_Webshop/Account/Reorder/Page_Threads/input_Enter store using password_password'

04-11-2024T23:09:48 - [MESSAGE][PASSED] - Text ****** has been set on object 'Object Repository/Thread_Webshop/Account/Reorder/Page_Threads/input_Enter store using password_password'

04-11-2024T23:09:48 - [TEST_STEP][PASSED] - takeScreenshot(screenshotFolder + "catalog_page.png"): Taking screenshot successfully

04-11-2024T23:09:49 - [MESSAGE][PASSED] - Taking screenshot successfully
[[ATTACHMENT|C:\\Users\\SamajitKundu\\git\\threadShopify\\ThreadShopify\\Reports\\20241104_223842\\Threads\\Final TestSuit\\20241104_223843\\screenshots/reorder_20241104_230943/catalog_page.png]]

04-11-2024T23:09:49 - [TEST_STEP][PASSED] - click(findTestObject("Object Repository/Thread_Webshop/Account/Reorder/Page_Threads/button_Enter")): Object: 'Object Repository/Thread_Webshop/Account/Reorder/Page_Threads/button_Enter' is clicked on

04-11-2024T23:09:50 - [MESSAGE][PASSED] - Object: 'Object Repository/Thread_Webshop/Account/Reorder/Page_Threads/button_Enter' is clicked on

04-11-2024T23:09:50 - [TEST_STEP][PASSED] - click(findTestObject("Object Repository/Thread_Webshop/Account/Reorder/Page_Threads/svg_Search_icon icon-account")): Object: 'Object Repository/Thread_Webshop/Account/Reorder/Page_Threads/svg_Search_icon icon-account' is clicked on

04-11-2024T23:09:52 - [MESSAGE][PASSED] - Object: 'Object Repository/Thread_Webshop/Account/Reorder/Page_Threads/svg_Search_icon icon-account' is clicked on

04-11-2024T23:09:52 - [TEST_STEP][PASSED] - setText(findTestObject("Object Repository/Thread_Webshop/Account/Reorder/Page_Account  Threads/input_Login_customeremail"), "cenaalice1234@mailinator.com"): Text 'cenaalice1234@mailinator.com' is set on object 'Object Repository/Thread_Webshop/Account/Reorder/Page_Account  Threads/input_Login_customeremail'

04-11-2024T23:09:53 - [MESSAGE][PASSED] - Text 'cenaalice1234@mailinator.com' is set on object 'Object Repository/Thread_Webshop/Account/Reorder/Page_Account  Threads/input_Login_customeremail'

04-11-2024T23:09:53 - [TEST_STEP][PASSED] - setEncryptedText(findTestObject("Object Repository/Thread_Webshop/Account/Reorder/Page_Account  Threads/input_Email_customerpassword"), "UDMlkmqWREzH+mr49N5wRw=="): Text ****** has been set on object 'Object Repository/Thread_Webshop/Account/Reorder/Page_Account  Threads/input_Email_customerpassword'

04-11-2024T23:09:54 - [MESSAGE][PASSED] - Text ****** has been set on object 'Object Repository/Thread_Webshop/Account/Reorder/Page_Account  Threads/input_Email_customerpassword'

04-11-2024T23:09:54 - [TEST_STEP][PASSED] - takeScreenshot(screenshotFolder + "login.png"): Taking screenshot successfully

04-11-2024T23:09:54 - [MESSAGE][PASSED] - Taking screenshot successfully
[[ATTACHMENT|C:\\Users\\SamajitKundu\\git\\threadShopify\\ThreadShopify\\Reports\\20241104_223842\\Threads\\Final TestSuit\\20241104_223843\\screenshots/reorder_20241104_230943/login.png]]

04-11-2024T23:09:54 - [TEST_STEP][PASSED] - click(findTestObject("Object Repository/Thread_Webshop/Account/Reorder/Page_Account  Threads/button_Sign in")): Object: 'Object Repository/Thread_Webshop/Account/Reorder/Page_Account  Threads/button_Sign in' is clicked on

04-11-2024T23:09:56 - [MESSAGE][PASSED] - Object: 'Object Repository/Thread_Webshop/Account/Reorder/Page_Account  Threads/button_Sign in' is clicked on

04-11-2024T23:09:56 - [TEST_STEP][PASSED] - click(findTestObject("Object Repository/Thread_Webshop/Account/Reorder/Page_Account  Threads/button_Reorder")): Object: 'Object Repository/Thread_Webshop/Account/Reorder/Page_Account  Threads/button_Reorder' is clicked on

04-11-2024T23:10:04 - [MESSAGE][PASSED] - Object: 'Object Repository/Thread_Webshop/Account/Reorder/Page_Account  Threads/button_Reorder' is clicked on

04-11-2024T23:10:04 - [TEST_STEP][PASSED] - takeScreenshot(screenshotFolder + "reorder.png"): Taking screenshot successfully

04-11-2024T23:10:05 - [MESSAGE][PASSED] - Taking screenshot successfully
[[ATTACHMENT|C:\\Users\\SamajitKundu\\git\\threadShopify\\ThreadShopify\\Reports\\20241104_223842\\Threads\\Final TestSuit\\20241104_223843\\screenshots/reorder_20241104_230943/reorder.png]]

04-11-2024T23:10:05 - [TEST_STEP][PASSED] - verifyTextPresent("Payment", false): Text 'Payment' is present on page 

04-11-2024T23:10:05 - [MESSAGE][PASSED] - Text 'Payment' is present on page 

04-11-2024T23:10:05 - [TEST_STEP][PASSED] - closeBrowser(): Browser is closed

04-11-2024T23:10:06 - [MESSAGE][PASSED] - Browser is closed]]></system-out>
         <system-err><![CDATA[]]></system-err>
      </testcase>
      <testcase name="Test Cases/Threads_Webshop/9 Wishlist/TC-588 TC-65 TC-605 Add item to Wishlist" time="23.702" classname="Test Cases/Threads_Webshop/9 Wishlist/TC-588 TC-65 TC-605 Add item to Wishlist" status="PASSED">
         <system-out><![CDATA[04-11-2024T23:10:06 - [TEST_CASE][PASSED] - Test Cases/Threads_Webshop/9 Wishlist/TC-588 TC-65 TC-605 Add item to Wishlist: Test Cases/Threads_Webshop/9 Wishlist/TC-588 TC-65 TC-605 Add item to Wishlist

04-11-2024T23:10:06 - [TEST_STEP][PASSED] - timestamp = now().format(DateTimeFormatter.ofPattern("yyyyMMdd_HHmmss")): null

04-11-2024T23:10:06 - [TEST_STEP][PASSED] - screenshotFolder = "screenshots/wishlist_" + timestamp + "/": null

04-11-2024T23:10:06 - [TEST_STEP][PASSED] - callTestCase(findTestCase("Threads_Webshop/ReUsable Testcases/Enter Password"), [:], STOP_ON_FAILURE): Call Test Case 'Test Cases/Threads_Webshop/ReUsable Testcases/Enter Password' successfully

04-11-2024T23:10:06 - [TEST_CASE][PASSED] - Test Cases/Threads_Webshop/ReUsable Testcases/Enter Password: Test Cases/Threads_Webshop/ReUsable Testcases/Enter Password

04-11-2024T23:10:06 - [TEST_STEP][PASSED] - openBrowser(""): Browser is opened with url: ''

04-11-2024T23:10:06 - [MESSAGE][INFO] - Starting 'Chrome' driver

04-11-2024T23:10:06 - [MESSAGE][INFO] - Action delay is set to 0 milliseconds

04-11-2024T23:10:07 - [MESSAGE][PASSED] - Browser is opened with url: ''

04-11-2024T23:10:07 - [TEST_STEP][PASSED] - maximizeWindow(): Current window maximized

04-11-2024T23:10:07 - [MESSAGE][PASSED] - Current window maximized

04-11-2024T23:10:07 - [TEST_STEP][PASSED] - navigateToUrl("https://threads0.myshopify.com/password"): Navigate to 'https://threads0.myshopify.com/password' successfully

04-11-2024T23:10:08 - [MESSAGE][PASSED] - Navigate to 'https://threads0.myshopify.com/password' successfully

04-11-2024T23:10:08 - [TEST_STEP][PASSED] - click(findTestObject("Object Repository/Thread_Webshop/Reusable Testcase/Page_Threads/div_Enter using password")): Object: 'Object Repository/Thread_Webshop/Reusable Testcase/Page_Threads/div_Enter using password' is clicked on

04-11-2024T23:10:12 - [MESSAGE][PASSED] - Object: 'Object Repository/Thread_Webshop/Reusable Testcase/Page_Threads/div_Enter using password' is clicked on

04-11-2024T23:10:12 - [TEST_STEP][PASSED] - setEncryptedText(findTestObject("Object Repository/Thread_Webshop/Reusable Testcase/Page_Threads/input_Enter store using password_password"), "gnzTAVlujIw+lTr0To6+Cg=="): Text ****** has been set on object 'Object Repository/Thread_Webshop/Reusable Testcase/Page_Threads/input_Enter store using password_password'

04-11-2024T23:10:12 - [MESSAGE][PASSED] - Text ****** has been set on object 'Object Repository/Thread_Webshop/Reusable Testcase/Page_Threads/input_Enter store using password_password'

04-11-2024T23:10:12 - [TEST_STEP][PASSED] - click(findTestObject("Object Repository/Thread_Webshop/Reusable Testcase/Page_Threads/button_Enter")): Object: 'Object Repository/Thread_Webshop/Reusable Testcase/Page_Threads/button_Enter' is clicked on

04-11-2024T23:10:14 - [MESSAGE][PASSED] - Object: 'Object Repository/Thread_Webshop/Reusable Testcase/Page_Threads/button_Enter' is clicked on

04-11-2024T23:10:14 - [MESSAGE][PASSED] - Call Test Case 'Test Cases/Threads_Webshop/ReUsable Testcases/Enter Password' successfully

04-11-2024T23:10:14 - [TEST_STEP][PASSED] - takeScreenshot(screenshotFolder + "home.png"): Taking screenshot successfully

04-11-2024T23:10:15 - [MESSAGE][PASSED] - Taking screenshot successfully
[[ATTACHMENT|C:\\Users\\SamajitKundu\\git\\threadShopify\\ThreadShopify\\Reports\\20241104_223842\\Threads\\Final TestSuit\\20241104_223843\\screenshots/wishlist_20241104_231006/home.png]]

04-11-2024T23:10:15 - [TEST_STEP][PASSED] - click(findTestObject("Object Repository/Wishlist_An/Page_Threads/span_Catalog")): Object: 'Object Repository/Wishlist_An/Page_Threads/span_Catalog' is clicked on

04-11-2024T23:10:16 - [MESSAGE][PASSED] - Object: 'Object Repository/Wishlist_An/Page_Threads/span_Catalog' is clicked on

04-11-2024T23:10:16 - [TEST_STEP][PASSED] - takeScreenshot(screenshotFolder + "catalog.png"): Taking screenshot successfully

04-11-2024T23:10:17 - [MESSAGE][PASSED] - Taking screenshot successfully
[[ATTACHMENT|C:\\Users\\SamajitKundu\\git\\threadShopify\\ThreadShopify\\Reports\\20241104_223842\\Threads\\Final TestSuit\\20241104_223843\\screenshots/wishlist_20241104_231006/catalog.png]]

04-11-2024T23:10:17 - [TEST_STEP][PASSED] - click(findTestObject("Object Repository/Wishlist_An/Page_Products  Threads/a_ADIDAS  CLASSIC BACKPACK")): Object: 'Object Repository/Wishlist_An/Page_Products  Threads/a_ADIDAS  CLASSIC BACKPACK' is clicked on

04-11-2024T23:10:18 - [MESSAGE][PASSED] - Object: 'Object Repository/Wishlist_An/Page_Products  Threads/a_ADIDAS  CLASSIC BACKPACK' is clicked on

04-11-2024T23:10:18 - [TEST_STEP][PASSED] - takeScreenshot(screenshotFolder + "item1.png"): Taking screenshot successfully

04-11-2024T23:10:21 - [MESSAGE][PASSED] - Taking screenshot successfully
[[ATTACHMENT|C:\\Users\\SamajitKundu\\git\\threadShopify\\ThreadShopify\\Reports\\20241104_223842\\Threads\\Final TestSuit\\20241104_223843\\screenshots/wishlist_20241104_231006/item1.png]]

04-11-2024T23:10:21 - [TEST_STEP][PASSED] - prodname = getText(findTestObject("Object Repository/Wishlist_An/Page_ADIDAS  CLASSIC BACKPACK  Threads/h1_ADIDAS  CLASSIC BACKPACK")): Text of object 'Object Repository/Wishlist_An/Page_ADIDAS  CLASSIC BACKPACK  Threads/h1_ADIDAS  CLASSIC BACKPACK' is: 'ADIDAS | CLASSIC BACKPACK'

04-11-2024T23:10:22 - [MESSAGE][PASSED] - Text of object 'Object Repository/Wishlist_An/Page_ADIDAS  CLASSIC BACKPACK  Threads/h1_ADIDAS  CLASSIC BACKPACK' is: 'ADIDAS | CLASSIC BACKPACK'

04-11-2024T23:10:22 - [TEST_STEP][PASSED] - price = getText(findTestObject("Object Repository/Wishlist_An/Page_ADIDAS  CLASSIC BACKPACK  Threads/span_Rs. 56.00")): Text of object 'Object Repository/Wishlist_An/Page_ADIDAS  CLASSIC BACKPACK  Threads/span_Rs. 56.00' is: 'Rs. 56.00'

04-11-2024T23:10:22 - [MESSAGE][PASSED] - Text of object 'Object Repository/Wishlist_An/Page_ADIDAS  CLASSIC BACKPACK  Threads/span_Rs. 56.00' is: 'Rs. 56.00'

04-11-2024T23:10:22 - [TEST_STEP][PASSED] - click(findTestObject("Object Repository/Wishlist_An/Page_ADIDAS  CLASSIC BACKPACK  Threads/button_Add To Wishlist")): Object: 'Object Repository/Wishlist_An/Page_ADIDAS  CLASSIC BACKPACK  Threads/button_Add To Wishlist' is clicked on

04-11-2024T23:10:23 - [MESSAGE][PASSED] - Object: 'Object Repository/Wishlist_An/Page_ADIDAS  CLASSIC BACKPACK  Threads/button_Add To Wishlist' is clicked on

04-11-2024T23:10:23 - [TEST_STEP][PASSED] - takeScreenshot(screenshotFolder + "wishlist.png"): Taking screenshot successfully

04-11-2024T23:10:24 - [MESSAGE][PASSED] - Taking screenshot successfully
[[ATTACHMENT|C:\\Users\\SamajitKundu\\git\\threadShopify\\ThreadShopify\\Reports\\20241104_223842\\Threads\\Final TestSuit\\20241104_223843\\screenshots/wishlist_20241104_231006/wishlist.png]]

04-11-2024T23:10:24 - [TEST_STEP][PASSED] - click(findTestObject("Object Repository/Wishlist_An/Page_ADIDAS  CLASSIC BACKPACK  Threads/div_ADIDAS  CLASSIC BACKPACK - OS  black ha_7c7ea2")): Object: 'Object Repository/Wishlist_An/Page_ADIDAS  CLASSIC BACKPACK  Threads/div_ADIDAS  CLASSIC BACKPACK - OS  black ha_7c7ea2' is clicked on

04-11-2024T23:10:25 - [MESSAGE][PASSED] - Object: 'Object Repository/Wishlist_An/Page_ADIDAS  CLASSIC BACKPACK  Threads/div_ADIDAS  CLASSIC BACKPACK - OS  black ha_7c7ea2' is clicked on

04-11-2024T23:10:25 - [TEST_STEP][PASSED] - verifyTextPresent("My Wishlist", false): Text 'My Wishlist' is present on page 

04-11-2024T23:10:27 - [MESSAGE][PASSED] - Text 'My Wishlist' is present on page 

04-11-2024T23:10:27 - [TEST_STEP][PASSED] - click(findTestObject("Object Repository/Wishlist_An/Page_Wishlist  Threads/h2_ADIDAS  CLASSIC BACKPACK")): Object: 'Object Repository/Wishlist_An/Page_Wishlist  Threads/h2_ADIDAS  CLASSIC BACKPACK' is clicked on

04-11-2024T23:10:27 - [MESSAGE][PASSED] - Object: 'Object Repository/Wishlist_An/Page_Wishlist  Threads/h2_ADIDAS  CLASSIC BACKPACK' is clicked on

04-11-2024T23:10:27 - [TEST_STEP][PASSED] - takeScreenshot(screenshotFolder + "checkout.png"): Taking screenshot successfully

04-11-2024T23:10:28 - [MESSAGE][PASSED] - Taking screenshot successfully
[[ATTACHMENT|C:\\Users\\SamajitKundu\\git\\threadShopify\\ThreadShopify\\Reports\\20241104_223842\\Threads\\Final TestSuit\\20241104_223843\\screenshots/wishlist_20241104_231006/checkout.png]]

04-11-2024T23:10:28 - [TEST_STEP][PASSED] - verifyTextPresent(prodname, false): Text 'ADIDAS | CLASSIC BACKPACK' is present on page 

04-11-2024T23:10:29 - [MESSAGE][PASSED] - Text 'ADIDAS | CLASSIC BACKPACK' is present on page 

04-11-2024T23:10:29 - [TEST_STEP][PASSED] - verifyTextPresent(price, false): Text 'Rs. 56.00' is present on page 

04-11-2024T23:10:29 - [MESSAGE][PASSED] - Text 'Rs. 56.00' is present on page 

04-11-2024T23:10:29 - [TEST_STEP][PASSED] - closeBrowser(): Browser is closed

04-11-2024T23:10:30 - [MESSAGE][PASSED] - Browser is closed]]></system-out>
         <system-err><![CDATA[]]></system-err>
      </testcase>
      <testcase name="Test Cases/Threads_Webshop/9 Wishlist/TC-593-Verify Wishlist to Cart" time="56.696" classname="Test Cases/Threads_Webshop/9 Wishlist/TC-593-Verify Wishlist to Cart" status="PASSED">
         <system-out><![CDATA[04-11-2024T23:10:30 - [TEST_CASE][PASSED] - Test Cases/Threads_Webshop/9 Wishlist/TC-593-Verify Wishlist to Cart: Test Cases/Threads_Webshop/9 Wishlist/TC-593-Verify Wishlist to Cart

04-11-2024T23:10:30 - [TEST_STEP][PASSED] - timestamp = now().format(DateTimeFormatter.ofPattern("yyyyMMdd_HHmmss")): null

04-11-2024T23:10:30 - [TEST_STEP][PASSED] - screenshotFolder = "screenshots/wishlist_" + timestamp + "/": null

04-11-2024T23:10:30 - [TEST_STEP][PASSED] - callTestCase(findTestCase("Threads_Webshop/ReUsable Testcases/Enter Password"), [:], STOP_ON_FAILURE): Call Test Case 'Test Cases/Threads_Webshop/ReUsable Testcases/Enter Password' successfully

04-11-2024T23:10:30 - [TEST_CASE][PASSED] - Test Cases/Threads_Webshop/ReUsable Testcases/Enter Password: Test Cases/Threads_Webshop/ReUsable Testcases/Enter Password

04-11-2024T23:10:30 - [TEST_STEP][PASSED] - openBrowser(""): Browser is opened with url: ''

04-11-2024T23:10:30 - [MESSAGE][INFO] - Starting 'Chrome' driver

04-11-2024T23:10:30 - [MESSAGE][INFO] - Action delay is set to 0 milliseconds

04-11-2024T23:10:31 - [MESSAGE][PASSED] - Browser is opened with url: ''

04-11-2024T23:10:31 - [TEST_STEP][PASSED] - maximizeWindow(): Current window maximized

04-11-2024T23:10:31 - [MESSAGE][PASSED] - Current window maximized

04-11-2024T23:10:31 - [TEST_STEP][PASSED] - navigateToUrl("https://threads0.myshopify.com/password"): Navigate to 'https://threads0.myshopify.com/password' successfully

04-11-2024T23:10:32 - [MESSAGE][PASSED] - Navigate to 'https://threads0.myshopify.com/password' successfully

04-11-2024T23:10:32 - [TEST_STEP][PASSED] - click(findTestObject("Object Repository/Thread_Webshop/Reusable Testcase/Page_Threads/div_Enter using password")): Object: 'Object Repository/Thread_Webshop/Reusable Testcase/Page_Threads/div_Enter using password' is clicked on

04-11-2024T23:10:36 - [MESSAGE][PASSED] - Object: 'Object Repository/Thread_Webshop/Reusable Testcase/Page_Threads/div_Enter using password' is clicked on

04-11-2024T23:10:36 - [TEST_STEP][PASSED] - setEncryptedText(findTestObject("Object Repository/Thread_Webshop/Reusable Testcase/Page_Threads/input_Enter store using password_password"), "gnzTAVlujIw+lTr0To6+Cg=="): Text ****** has been set on object 'Object Repository/Thread_Webshop/Reusable Testcase/Page_Threads/input_Enter store using password_password'

04-11-2024T23:10:36 - [MESSAGE][PASSED] - Text ****** has been set on object 'Object Repository/Thread_Webshop/Reusable Testcase/Page_Threads/input_Enter store using password_password'

04-11-2024T23:10:36 - [TEST_STEP][PASSED] - click(findTestObject("Object Repository/Thread_Webshop/Reusable Testcase/Page_Threads/button_Enter")): Object: 'Object Repository/Thread_Webshop/Reusable Testcase/Page_Threads/button_Enter' is clicked on

04-11-2024T23:10:37 - [MESSAGE][PASSED] - Object: 'Object Repository/Thread_Webshop/Reusable Testcase/Page_Threads/button_Enter' is clicked on

04-11-2024T23:10:37 - [MESSAGE][PASSED] - Call Test Case 'Test Cases/Threads_Webshop/ReUsable Testcases/Enter Password' successfully

04-11-2024T23:10:37 - [TEST_STEP][PASSED] - takeScreenshot(screenshotFolder + "home.png"): Taking screenshot successfully

04-11-2024T23:10:39 - [MESSAGE][PASSED] - Taking screenshot successfully
[[ATTACHMENT|C:\\Users\\SamajitKundu\\git\\threadShopify\\ThreadShopify\\Reports\\20241104_223842\\Threads\\Final TestSuit\\20241104_223843\\screenshots/wishlist_20241104_231030/home.png]]

04-11-2024T23:10:39 - [TEST_STEP][PASSED] - click(findTestObject("Object Repository/Wishlist to cart_An/Page_Threads/span_Catalog")): Object: 'Object Repository/Wishlist to cart_An/Page_Threads/span_Catalog' is clicked on

04-11-2024T23:10:40 - [MESSAGE][PASSED] - Object: 'Object Repository/Wishlist to cart_An/Page_Threads/span_Catalog' is clicked on

04-11-2024T23:10:40 - [TEST_STEP][PASSED] - takeScreenshot(screenshotFolder + "catalog.png"): Taking screenshot successfully

04-11-2024T23:10:42 - [MESSAGE][PASSED] - Taking screenshot successfully
[[ATTACHMENT|C:\\Users\\SamajitKundu\\git\\threadShopify\\ThreadShopify\\Reports\\20241104_223842\\Threads\\Final TestSuit\\20241104_223843\\screenshots/wishlist_20241104_231030/catalog.png]]

04-11-2024T23:10:42 - [TEST_STEP][PASSED] - click(findTestObject("Object Repository/Wishlist to cart_An/Page_Products  Threads/a_ADIDAS  CLASSIC BACKPACK")): Object: 'Object Repository/Wishlist to cart_An/Page_Products  Threads/a_ADIDAS  CLASSIC BACKPACK' is clicked on

04-11-2024T23:10:43 - [MESSAGE][PASSED] - Object: 'Object Repository/Wishlist to cart_An/Page_Products  Threads/a_ADIDAS  CLASSIC BACKPACK' is clicked on

04-11-2024T23:10:43 - [TEST_STEP][PASSED] - click(findTestObject("Object Repository/Wishlist to cart_An/Page_ADIDAS  CLASSIC BACKPACK  Threads/span_Add To Wishlist")): Object: 'Object Repository/Wishlist to cart_An/Page_ADIDAS  CLASSIC BACKPACK  Threads/span_Add To Wishlist' is clicked on

04-11-2024T23:10:44 - [MESSAGE][PASSED] - Object: 'Object Repository/Wishlist to cart_An/Page_ADIDAS  CLASSIC BACKPACK  Threads/span_Add To Wishlist' is clicked on

04-11-2024T23:10:44 - [TEST_STEP][PASSED] - takeScreenshot(screenshotFolder + "wishlist.png"): Taking screenshot successfully

04-11-2024T23:10:46 - [MESSAGE][PASSED] - Taking screenshot successfully
[[ATTACHMENT|C:\\Users\\SamajitKundu\\git\\threadShopify\\ThreadShopify\\Reports\\20241104_223842\\Threads\\Final TestSuit\\20241104_223843\\screenshots/wishlist_20241104_231030/wishlist.png]]

04-11-2024T23:10:46 - [TEST_STEP][PASSED] - verifyTextPresent("ADDED TO WISHLIST", false): Text 'ADDED TO WISHLIST' is present on page 

04-11-2024T23:10:46 - [MESSAGE][PASSED] - Text 'ADDED TO WISHLIST' is present on page 

04-11-2024T23:10:46 - [TEST_STEP][PASSED] - click(findTestObject("Object Repository/Wishlist to cart_An/Page_ADIDAS  CLASSIC BACKPACK  Threads/svg")): Object: 'Object Repository/Wishlist to cart_An/Page_ADIDAS  CLASSIC BACKPACK  Threads/svg' is clicked on

04-11-2024T23:11:17 - [MESSAGE][INFO] - Unable to find the element located by 'By.xpath: /html/body/div[2]/sticky-header/header/div/a[2]/span[1]/svg'. Please recheck the objects properties to make sure the desired element is located. 

04-11-2024T23:11:17 - [MESSAGE][WARNING] - [SELF-HEALING] Failed to find element with id 'Object Repository/Wishlist to cart_An/Page_ADIDAS  CLASSIC BACKPACK  Threads/svg'. Try using Self-healing.

04-11-2024T23:11:17 - [MESSAGE][ERROR] - [SELF-HEALING] com.google.gson.stream.MalformedJsonException: Expected ':' at line 5 column 10 path $.brokenTestObjects[0].<<<<<<<

04-11-2024T23:11:17 - [MESSAGE][INFO] - [SELF-HEALING] Working Locator: '(.//*[normalize-space(text()) and normalize-space(.)='Log in'])[2]/following::*[name()='svg'][1]'.

04-11-2024T23:11:17 - [MESSAGE][INFO] - [SELF-HEALING] Screenshot: C:/Users/SamajitKundu/git/threadShopify/ThreadShopify/Reports/Self-healing/Object Repository/Wishlist to cart_An/Page_ADIDAS  CLASSIC BACKPACK  Threads/svg_neighbor.png

04-11-2024T23:11:17 - [MESSAGE][ERROR] - [SELF-HEALING] com.google.gson.stream.MalformedJsonException: Expected ':' at line 5 column 10 path $.brokenTestObjects[0].<<<<<<<

04-11-2024T23:11:17 - [MESSAGE][ERROR] - [SELF-HEALING] C:\Users\SamajitKundu\git\threadShopify\ThreadShopify\Reports\Self-healing\broken-test-objects-v2.json does not exist or is provided by Self-healing Plugin!

04-11-2024T23:11:17 - [MESSAGE][WARNING] - [SELF-HEALING] The current locator of test object 'Object Repository/Wishlist to cart_An/Page_ADIDAS  CLASSIC BACKPACK  Threads/svg' was broken. Propose an alternative one: '(.//*[normalize-space(text()) and normalize-space(.)='Log in'])[2]/following::*[name()='svg'][1]'.

04-11-2024T23:11:18 - [MESSAGE][PASSED] - Object: 'Object Repository/Wishlist to cart_An/Page_ADIDAS  CLASSIC BACKPACK  Threads/svg' is clicked on

04-11-2024T23:11:18 - [TEST_STEP][PASSED] - click(findTestObject("Object Repository/Wishlist to cart_An/Page_Wishlist  Threads/button_Add To Cart")): Object: 'Object Repository/Wishlist to cart_An/Page_Wishlist  Threads/button_Add To Cart' is clicked on

04-11-2024T23:11:20 - [MESSAGE][PASSED] - Object: 'Object Repository/Wishlist to cart_An/Page_Wishlist  Threads/button_Add To Cart' is clicked on

04-11-2024T23:11:20 - [TEST_STEP][PASSED] - verifyTextPresent("ADDED TO CART", false): Text 'ADDED TO CART' is present on page 

04-11-2024T23:11:22 - [MESSAGE][PASSED] - Text 'ADDED TO CART' is present on page 

04-11-2024T23:11:22 - [TEST_STEP][PASSED] - takeScreenshot(screenshotFolder + "addCart.png"): Taking screenshot successfully

04-11-2024T23:11:22 - [MESSAGE][PASSED] - Taking screenshot successfully
[[ATTACHMENT|C:\\Users\\SamajitKundu\\git\\threadShopify\\ThreadShopify\\Reports\\20241104_223842\\Threads\\Final TestSuit\\20241104_223843\\screenshots/wishlist_20241104_231030/addCart.png]]

04-11-2024T23:11:22 - [TEST_STEP][PASSED] - click(findTestObject("Object Repository/Wishlist to cart_An/Page_Wishlist  Threads/div_22 items")): Object: 'Object Repository/Wishlist to cart_An/Page_Wishlist  Threads/div_22 items' is clicked on

04-11-2024T23:11:23 - [MESSAGE][PASSED] - Object: 'Object Repository/Wishlist to cart_An/Page_Wishlist  Threads/div_22 items' is clicked on

04-11-2024T23:11:23 - [TEST_STEP][PASSED] - verifyTextPresent("Your cart", false): Text 'Your cart' is present on page 

04-11-2024T23:11:24 - [MESSAGE][PASSED] - Text 'Your cart' is present on page 

04-11-2024T23:11:24 - [TEST_STEP][PASSED] - takeScreenshot(screenshotFolder + "cart.png"): Taking screenshot successfully

04-11-2024T23:11:24 - [MESSAGE][PASSED] - Taking screenshot successfully
[[ATTACHMENT|C:\\Users\\SamajitKundu\\git\\threadShopify\\ThreadShopify\\Reports\\20241104_223842\\Threads\\Final TestSuit\\20241104_223843\\screenshots/wishlist_20241104_231030/cart.png]]

04-11-2024T23:11:24 - [TEST_STEP][PASSED] - click(findTestObject("Object Repository/Wishlist to cart_An/Page_Your Shopping Cart  Threads/div_Rs. 56.00")): Object: 'Object Repository/Wishlist to cart_An/Page_Your Shopping Cart  Threads/div_Rs. 56.00' is clicked on

04-11-2024T23:11:25 - [MESSAGE][PASSED] - Object: 'Object Repository/Wishlist to cart_An/Page_Your Shopping Cart  Threads/div_Rs. 56.00' is clicked on

04-11-2024T23:11:25 - [TEST_STEP][PASSED] - takeScreenshot(screenshotFolder + "checkout.png"): Taking screenshot successfully

04-11-2024T23:11:26 - [MESSAGE][PASSED] - Taking screenshot successfully
[[ATTACHMENT|C:\\Users\\SamajitKundu\\git\\threadShopify\\ThreadShopify\\Reports\\20241104_223842\\Threads\\Final TestSuit\\20241104_223843\\screenshots/wishlist_20241104_231030/checkout.png]]

04-11-2024T23:11:26 - [TEST_STEP][PASSED] - closeBrowser(): Browser is closed

04-11-2024T23:11:26 - [MESSAGE][PASSED] - Browser is closed]]></system-out>
         <system-err><![CDATA[]]></system-err>
      </testcase>
      <testcase name="Test Cases/Threads_Webshop/Product Details Page/TC-176, Verify item by Colour and Size" time="26.524" classname="Test Cases/Threads_Webshop/Product Details Page/TC-176, Verify item by Colour and Size" status="ERROR">
         <error type="ERROR" message="Test Cases/Threads_Webshop/Product Details Page/TC-176, Verify item by Colour and Size FAILED.&#xa;Reason:&#xa;groovy.lang.MissingPropertyException: No such property: ebUI for class: Script1730698311497&#xa;	at TC-176, Verify item by Colour and Size.run(TC-176, Verify item by Colour and Size:51)&#xa;	at com.kms.katalon.core.main.ScriptEngine.run(ScriptEngine.java:194)&#xa;	at com.kms.katalon.core.main.ScriptEngine.runScriptAsRawText(ScriptEngine.java:119)&#xa;	at com.kms.katalon.core.main.TestCaseExecutor.runScript(TestCaseExecutor.java:448)&#xa;	at com.kms.katalon.core.main.TestCaseExecutor.doExecute(TestCaseExecutor.java:439)&#xa;	at com.kms.katalon.core.main.TestCaseExecutor.processExecutionPhase(TestCaseExecutor.java:418)&#xa;	at com.kms.katalon.core.main.TestCaseExecutor.accessMainPhase(TestCaseExecutor.java:410)&#xa;	at com.kms.katalon.core.main.TestCaseExecutor.execute(TestCaseExecutor.java:285)&#xa;	at com.kms.katalon.core.main.TestCaseExecutor.execute(TestCaseExecutor.java:369)&#xa;	at com.kms.katalon.core.main.TestCaseExecutor.execute(TestCaseExecutor.java:369)&#xa;	at com.kms.katalon.core.main.TestCaseExecutor.execute(TestCaseExecutor.java:369)&#xa;	at com.kms.katalon.core.common.CommonExecutor.accessTestCaseMainPhase(CommonExecutor.java:65)&#xa;	at com.kms.katalon.core.main.TestSuiteExecutor.accessTestSuiteMainPhase(TestSuiteExecutor.java:150)&#xa;	at com.kms.katalon.core.main.TestSuiteExecutor.execute(TestSuiteExecutor.java:106)&#xa;	at com.kms.katalon.core.main.TestCaseMain.startTestSuite(TestCaseMain.java:180)&#xa;	at TempTestSuite1730740123771.run(TempTestSuite1730740123771.groovy:35)&#xa;	at java.base/jdk.internal.reflect.NativeMethodAccessorImpl.invoke0(Native Method)&#xa;	at java.base/jdk.internal.reflect.NativeMethodAccessorImpl.invoke(NativeMethodAccessorImpl.java:77)&#xa;	at java.base/jdk.internal.reflect.DelegatingMethodAccessorImpl.invoke(DelegatingMethodAccessorImpl.java:43)&#xa;"/>
         <system-out><![CDATA[04-11-2024T23:12:47 - [TEST_CASE][ERROR] - Test Cases/Threads_Webshop/Product Details Page/TC-176, Verify item by Colour and Size: Test Cases/Threads_Webshop/Product Details Page/TC-176, Verify item by Colour and Size FAILED.
Reason:
groovy.lang.MissingPropertyException: No such property: ebUI for class: Script1730698311497
	at TC-176, Verify item by Colour and Size.run(TC-176, Verify item by Colour and Size:51)
	at com.kms.katalon.core.main.ScriptEngine.run(ScriptEngine.java:194)
	at com.kms.katalon.core.main.ScriptEngine.runScriptAsRawText(ScriptEngine.java:119)
	at com.kms.katalon.core.main.TestCaseExecutor.runScript(TestCaseExecutor.java:448)
	at com.kms.katalon.core.main.TestCaseExecutor.doExecute(TestCaseExecutor.java:439)
	at com.kms.katalon.core.main.TestCaseExecutor.processExecutionPhase(TestCaseExecutor.java:418)
	at com.kms.katalon.core.main.TestCaseExecutor.accessMainPhase(TestCaseExecutor.java:410)
	at com.kms.katalon.core.main.TestCaseExecutor.execute(TestCaseExecutor.java:285)
	at com.kms.katalon.core.main.TestCaseExecutor.execute(TestCaseExecutor.java:369)
	at com.kms.katalon.core.main.TestCaseExecutor.execute(TestCaseExecutor.java:369)
	at com.kms.katalon.core.main.TestCaseExecutor.execute(TestCaseExecutor.java:369)
	at com.kms.katalon.core.common.CommonExecutor.accessTestCaseMainPhase(CommonExecutor.java:65)
	at com.kms.katalon.core.main.TestSuiteExecutor.accessTestSuiteMainPhase(TestSuiteExecutor.java:150)
	at com.kms.katalon.core.main.TestSuiteExecutor.execute(TestSuiteExecutor.java:106)
	at com.kms.katalon.core.main.TestCaseMain.startTestSuite(TestCaseMain.java:180)
	at TempTestSuite1730740123771.run(TempTestSuite1730740123771.groovy:35)
	at java.base/jdk.internal.reflect.NativeMethodAccessorImpl.invoke0(Native Method)
	at java.base/jdk.internal.reflect.NativeMethodAccessorImpl.invoke(NativeMethodAccessorImpl.java:77)
	at java.base/jdk.internal.reflect.DelegatingMethodAccessorImpl.invoke(DelegatingMethodAccessorImpl.java:43)


04-11-2024T23:12:47 - [TEST_STEP][PASSED] - timestamp = SimpleDateFormat(yyyyMMdd_HHmmss).format(new java.util.Date()): null

04-11-2024T23:12:47 - [TEST_STEP][PASSED] - screenshotFolder = "screenshots/product_detail_" + timestamp + "/": null

04-11-2024T23:12:47 - [TEST_STEP][PASSED] - callTestCase(findTestCase("Threads_Webshop/ReUsable Testcases/Login to an Account"), ["validemail":"cenaalice1234@mailinator.com", "password":"UDMlkmqWREzH+mr49N5wRw=="], STOP_ON_FAILURE): Call Test Case 'Test Cases/Threads_Webshop/ReUsable Testcases/Login to an Account' successfully

04-11-2024T23:12:47 - [TEST_CASE][PASSED] - Test Cases/Threads_Webshop/ReUsable Testcases/Login to an Account: Test Cases/Threads_Webshop/ReUsable Testcases/Login to an Account

04-11-2024T23:12:47 - [TEST_STEP][PASSED] - callTestCase(findTestCase("Threads_Webshop/ReUsable Testcases/Enter Password"), [:], STOP_ON_FAILURE): Call Test Case 'Test Cases/Threads_Webshop/ReUsable Testcases/Enter Password' successfully

04-11-2024T23:12:47 - [TEST_CASE][PASSED] - Test Cases/Threads_Webshop/ReUsable Testcases/Enter Password: Test Cases/Threads_Webshop/ReUsable Testcases/Enter Password

04-11-2024T23:12:47 - [TEST_STEP][PASSED] - openBrowser(""): Browser is opened with url: ''

04-11-2024T23:12:47 - [MESSAGE][WARNING] - A browser is already opened. Closing browser and opening a new one

04-11-2024T23:12:47 - [MESSAGE][INFO] - Starting 'Chrome' driver

04-11-2024T23:12:47 - [MESSAGE][INFO] - Action delay is set to 0 milliseconds

04-11-2024T23:12:48 - [MESSAGE][PASSED] - Browser is opened with url: ''

04-11-2024T23:12:48 - [TEST_STEP][PASSED] - maximizeWindow(): Current window maximized

04-11-2024T23:12:48 - [MESSAGE][PASSED] - Current window maximized

04-11-2024T23:12:48 - [TEST_STEP][PASSED] - navigateToUrl("https://threads0.myshopify.com/password"): Navigate to 'https://threads0.myshopify.com/password' successfully

04-11-2024T23:12:50 - [MESSAGE][PASSED] - Navigate to 'https://threads0.myshopify.com/password' successfully

04-11-2024T23:12:50 - [TEST_STEP][PASSED] - click(findTestObject("Object Repository/Thread_Webshop/Reusable Testcase/Page_Threads/div_Enter using password")): Object: 'Object Repository/Thread_Webshop/Reusable Testcase/Page_Threads/div_Enter using password' is clicked on

04-11-2024T23:12:53 - [MESSAGE][PASSED] - Object: 'Object Repository/Thread_Webshop/Reusable Testcase/Page_Threads/div_Enter using password' is clicked on

04-11-2024T23:12:53 - [TEST_STEP][PASSED] - setEncryptedText(findTestObject("Object Repository/Thread_Webshop/Reusable Testcase/Page_Threads/input_Enter store using password_password"), "gnzTAVlujIw+lTr0To6+Cg=="): Text ****** has been set on object 'Object Repository/Thread_Webshop/Reusable Testcase/Page_Threads/input_Enter store using password_password'

04-11-2024T23:12:53 - [MESSAGE][PASSED] - Text ****** has been set on object 'Object Repository/Thread_Webshop/Reusable Testcase/Page_Threads/input_Enter store using password_password'

04-11-2024T23:12:53 - [TEST_STEP][PASSED] - click(findTestObject("Object Repository/Thread_Webshop/Reusable Testcase/Page_Threads/button_Enter")): Object: 'Object Repository/Thread_Webshop/Reusable Testcase/Page_Threads/button_Enter' is clicked on

04-11-2024T23:12:55 - [MESSAGE][PASSED] - Object: 'Object Repository/Thread_Webshop/Reusable Testcase/Page_Threads/button_Enter' is clicked on

04-11-2024T23:12:55 - [MESSAGE][PASSED] - Call Test Case 'Test Cases/Threads_Webshop/ReUsable Testcases/Enter Password' successfully

04-11-2024T23:12:55 - [TEST_STEP][PASSED] - click(findTestObject("Object Repository/Thread_Webshop/Reusable Testcase/Page_Threads/svg_Search_icon icon-account")): Object: 'Object Repository/Thread_Webshop/Reusable Testcase/Page_Threads/svg_Search_icon icon-account' is clicked on

04-11-2024T23:12:57 - [MESSAGE][PASSED] - Object: 'Object Repository/Thread_Webshop/Reusable Testcase/Page_Threads/svg_Search_icon icon-account' is clicked on

04-11-2024T23:12:57 - [TEST_STEP][PASSED] - setText(findTestObject("Object Repository/Thread_Webshop/Reusable Testcase/Page_Account  Threads/input_Login_customeremail"), validemail): Text 'cenaalice1234@mailinator.com' is set on object 'Object Repository/Thread_Webshop/Reusable Testcase/Page_Account  Threads/input_Login_customeremail'

04-11-2024T23:12:58 - [MESSAGE][PASSED] - Text 'cenaalice1234@mailinator.com' is set on object 'Object Repository/Thread_Webshop/Reusable Testcase/Page_Account  Threads/input_Login_customeremail'

04-11-2024T23:12:58 - [TEST_STEP][PASSED] - setEncryptedText(findTestObject("Object Repository/Thread_Webshop/Reusable Testcase/Page_Account  Threads/input_Email_customerpassword"), password): Text ****** has been set on object 'Object Repository/Thread_Webshop/Reusable Testcase/Page_Account  Threads/input_Email_customerpassword'

04-11-2024T23:12:58 - [MESSAGE][PASSED] - Text ****** has been set on object 'Object Repository/Thread_Webshop/Reusable Testcase/Page_Account  Threads/input_Email_customerpassword'

04-11-2024T23:12:58 - [TEST_STEP][PASSED] - click(findTestObject("Object Repository/Thread_Webshop/Reusable Testcase/Page_Account  Threads/button_Sign in")): Object: 'Object Repository/Thread_Webshop/Reusable Testcase/Page_Account  Threads/button_Sign in' is clicked on

04-11-2024T23:13:01 - [MESSAGE][PASSED] - Object: 'Object Repository/Thread_Webshop/Reusable Testcase/Page_Account  Threads/button_Sign in' is clicked on

04-11-2024T23:13:01 - [TEST_STEP][PASSED] - click(findTestObject("Object Repository/Thread_Webshop/Reusable Testcase/Page_Account  Threads/span_Home")): Object: 'Object Repository/Thread_Webshop/Reusable Testcase/Page_Account  Threads/span_Home' is clicked on

04-11-2024T23:13:02 - [MESSAGE][PASSED] - Object: 'Object Repository/Thread_Webshop/Reusable Testcase/Page_Account  Threads/span_Home' is clicked on

04-11-2024T23:13:02 - [MESSAGE][PASSED] - Call Test Case 'Test Cases/Threads_Webshop/ReUsable Testcases/Login to an Account' successfully

04-11-2024T23:13:02 - [TEST_STEP][PASSED] - takeScreenshot(screenshotFolder + "home.png"): Taking screenshot successfully

04-11-2024T23:13:04 - [MESSAGE][PASSED] - Taking screenshot successfully
[[ATTACHMENT|C:\\Users\\SamajitKundu\\git\\threadShopify\\ThreadShopify\\Reports\\20241104_223842\\Threads\\Final TestSuit\\20241104_223843\\screenshots/product_detail_20241104_231247/home.png]]

04-11-2024T23:13:04 - [TEST_STEP][PASSED] - click(findTestObject("Object Repository/Thread_Webshop/Product Details Page/Page_Threads/a_ADIDAS  CLASSIC BACKPACK  LEGEND INK MULTICOLOUR")): Object: 'Object Repository/Thread_Webshop/Product Details Page/Page_Threads/a_ADIDAS  CLASSIC BACKPACK  LEGEND INK MULTICOLOUR' is clicked on

04-11-2024T23:13:05 - [MESSAGE][PASSED] - Object: 'Object Repository/Thread_Webshop/Product Details Page/Page_Threads/a_ADIDAS  CLASSIC BACKPACK  LEGEND INK MULTICOLOUR' is clicked on

04-11-2024T23:13:05 - [TEST_STEP][PASSED] - takeScreenshot(screenshotFolder + "product1.png"): Taking screenshot successfully

04-11-2024T23:13:08 - [MESSAGE][PASSED] - Taking screenshot successfully
[[ATTACHMENT|C:\\Users\\SamajitKundu\\git\\threadShopify\\ThreadShopify\\Reports\\20241104_223842\\Threads\\Final TestSuit\\20241104_223843\\screenshots/product_detail_20241104_231247/product1.png]]

04-11-2024T23:13:08 - [TEST_STEP][PASSED] - click(findTestObject("Object Repository/Thread_Webshop/Product Details Page/Page_ADIDAS  CLASSIC BACKPACK  LEGEND INK M_ff53f1/label_OSVariant sold out or unavailable")): Object: 'Object Repository/Thread_Webshop/Product Details Page/Page_ADIDAS  CLASSIC BACKPACK  LEGEND INK M_ff53f1/label_OSVariant sold out or unavailable' is clicked on

04-11-2024T23:13:08 - [MESSAGE][PASSED] - Object: 'Object Repository/Thread_Webshop/Product Details Page/Page_ADIDAS  CLASSIC BACKPACK  LEGEND INK M_ff53f1/label_OSVariant sold out or unavailable' is clicked on

04-11-2024T23:13:08 - [TEST_STEP][PASSED] - verifyTextPresent(color1, false): Text 'blue' is present on page 

04-11-2024T23:13:08 - [MESSAGE][PASSED] - Text 'blue' is present on page 

04-11-2024T23:13:08 - [TEST_STEP][PASSED] - takeScreenshot(screenshotFolder + "color.png"): Taking screenshot successfully

04-11-2024T23:13:09 - [MESSAGE][PASSED] - Taking screenshot successfully
[[ATTACHMENT|C:\\Users\\SamajitKundu\\git\\threadShopify\\ThreadShopify\\Reports\\20241104_223842\\Threads\\Final TestSuit\\20241104_223843\\screenshots/product_detail_20241104_231247/color.png]]

04-11-2024T23:13:09 - [TEST_STEP][PASSED] - click(findTestObject("Object Repository/Thread_Webshop/Product Details Page/Page_ADIDAS  CLASSIC BACKPACK  LEGEND INK M_ff53f1/label_blueVariant sold out or unavailable")): Object: 'Object Repository/Thread_Webshop/Product Details Page/Page_ADIDAS  CLASSIC BACKPACK  LEGEND INK M_ff53f1/label_blueVariant sold out or unavailable' is clicked on

04-11-2024T23:13:09 - [MESSAGE][PASSED] - Object: 'Object Repository/Thread_Webshop/Product Details Page/Page_ADIDAS  CLASSIC BACKPACK  LEGEND INK M_ff53f1/label_blueVariant sold out or unavailable' is clicked on

04-11-2024T23:13:09 - [TEST_STEP][PASSED] - click(findTestObject("Object Repository/Thread_Webshop/Product Details Page/Page_ADIDAS  CLASSIC BACKPACK  LEGEND INK M_ff53f1/span_Catalog")): Object: 'Object Repository/Thread_Webshop/Product Details Page/Page_ADIDAS  CLASSIC BACKPACK  LEGEND INK M_ff53f1/span_Catalog' is clicked on

04-11-2024T23:13:11 - [MESSAGE][PASSED] - Object: 'Object Repository/Thread_Webshop/Product Details Page/Page_ADIDAS  CLASSIC BACKPACK  LEGEND INK M_ff53f1/span_Catalog' is clicked on

04-11-2024T23:13:11 - [TEST_STEP][PASSED] - click(findTestObject("Object Repository/Thread_Webshop/Product Details Page/Page_Products  Threads/a_ADIDAS  KIDS STAN SMITH")): Object: 'Object Repository/Thread_Webshop/Product Details Page/Page_Products  Threads/a_ADIDAS  KIDS STAN SMITH' is clicked on

04-11-2024T23:13:13 - [MESSAGE][PASSED] - Object: 'Object Repository/Thread_Webshop/Product Details Page/Page_Products  Threads/a_ADIDAS  KIDS STAN SMITH' is clicked on

04-11-2024T23:13:13 - [TEST_STEP][ERROR] - ebUI.takeScreenshot(screenshotFolder + "product2.png"): Test Cases/Threads_Webshop/Product Details Page/TC-176, Verify item by Colour and Size FAILED.
Reason:
groovy.lang.MissingPropertyException: No such property: ebUI for class: Script1730698311497
	at TC-176, Verify item by Colour and Size.run(TC-176, Verify item by Colour and Size:51)
	at com.kms.katalon.core.main.ScriptEngine.run(ScriptEngine.java:194)
	at com.kms.katalon.core.main.ScriptEngine.runScriptAsRawText(ScriptEngine.java:119)
	at com.kms.katalon.core.main.TestCaseExecutor.runScript(TestCaseExecutor.java:448)
	at com.kms.katalon.core.main.TestCaseExecutor.doExecute(TestCaseExecutor.java:439)
	at com.kms.katalon.core.main.TestCaseExecutor.processExecutionPhase(TestCaseExecutor.java:418)
	at com.kms.katalon.core.main.TestCaseExecutor.accessMainPhase(TestCaseExecutor.java:410)
	at com.kms.katalon.core.main.TestCaseExecutor.execute(TestCaseExecutor.java:285)
	at com.kms.katalon.core.main.TestCaseExecutor.execute(TestCaseExecutor.java:369)
	at com.kms.katalon.core.main.TestCaseExecutor.execute(TestCaseExecutor.java:369)
	at com.kms.katalon.core.main.TestCaseExecutor.execute(TestCaseExecutor.java:369)
	at com.kms.katalon.core.common.CommonExecutor.accessTestCaseMainPhase(CommonExecutor.java:65)
	at com.kms.katalon.core.main.TestSuiteExecutor.accessTestSuiteMainPhase(TestSuiteExecutor.java:150)
	at com.kms.katalon.core.main.TestSuiteExecutor.execute(TestSuiteExecutor.java:106)
	at com.kms.katalon.core.main.TestCaseMain.startTestSuite(TestCaseMain.java:180)
	at TempTestSuite1730740123771.run(TempTestSuite1730740123771.groovy:35)
	at java.base/jdk.internal.reflect.NativeMethodAccessorImpl.invoke0(Native Method)
	at java.base/jdk.internal.reflect.NativeMethodAccessorImpl.invoke(NativeMethodAccessorImpl.java:77)
	at java.base/jdk.internal.reflect.DelegatingMethodAccessorImpl.invoke(DelegatingMethodAccessorImpl.java:43)


04-11-2024T23:13:13 - [MESSAGE][ERROR] - Test Cases/Threads_Webshop/Product Details Page/TC-176, Verify item by Colour and Size FAILED.
Reason:
groovy.lang.MissingPropertyException: No such property: ebUI for class: Script1730698311497
	at TC-176, Verify item by Colour and Size.run(TC-176, Verify item by Colour and Size:51)
	at com.kms.katalon.core.main.ScriptEngine.run(ScriptEngine.java:194)
	at com.kms.katalon.core.main.ScriptEngine.runScriptAsRawText(ScriptEngine.java:119)
	at com.kms.katalon.core.main.TestCaseExecutor.runScript(TestCaseExecutor.java:448)
	at com.kms.katalon.core.main.TestCaseExecutor.doExecute(TestCaseExecutor.java:439)
	at com.kms.katalon.core.main.TestCaseExecutor.processExecutionPhase(TestCaseExecutor.java:418)
	at com.kms.katalon.core.main.TestCaseExecutor.accessMainPhase(TestCaseExecutor.java:410)
	at com.kms.katalon.core.main.TestCaseExecutor.execute(TestCaseExecutor.java:285)
	at com.kms.katalon.core.main.TestCaseExecutor.execute(TestCaseExecutor.java:369)
	at com.kms.katalon.core.main.TestCaseExecutor.execute(TestCaseExecutor.java:369)
	at com.kms.katalon.core.main.TestCaseExecutor.execute(TestCaseExecutor.java:369)
	at com.kms.katalon.core.common.CommonExecutor.accessTestCaseMainPhase(CommonExecutor.java:65)
	at com.kms.katalon.core.main.TestSuiteExecutor.accessTestSuiteMainPhase(TestSuiteExecutor.java:150)
	at com.kms.katalon.core.main.TestSuiteExecutor.execute(TestSuiteExecutor.java:106)
	at com.kms.katalon.core.main.TestCaseMain.startTestSuite(TestCaseMain.java:180)
	at TempTestSuite1730740123771.run(TempTestSuite1730740123771.groovy:35)
	at java.base/jdk.internal.reflect.NativeMethodAccessorImpl.invoke0(Native Method)
	at java.base/jdk.internal.reflect.NativeMethodAccessorImpl.invoke(NativeMethodAccessorImpl.java:77)
	at java.base/jdk.internal.reflect.DelegatingMethodAccessorImpl.invoke(DelegatingMethodAccessorImpl.java:43)]]></system-out>
         <system-err><![CDATA[04-11-2024T23:12:47 - [TEST_CASE][ERROR] - Test Cases/Threads_Webshop/Product Details Page/TC-176, Verify item by Colour and Size: Test Cases/Threads_Webshop/Product Details Page/TC-176, Verify item by Colour and Size FAILED.
Reason:
groovy.lang.MissingPropertyException: No such property: ebUI for class: Script1730698311497
	at TC-176, Verify item by Colour and Size.run(TC-176, Verify item by Colour and Size:51)
	at com.kms.katalon.core.main.ScriptEngine.run(ScriptEngine.java:194)
	at com.kms.katalon.core.main.ScriptEngine.runScriptAsRawText(ScriptEngine.java:119)
	at com.kms.katalon.core.main.TestCaseExecutor.runScript(TestCaseExecutor.java:448)
	at com.kms.katalon.core.main.TestCaseExecutor.doExecute(TestCaseExecutor.java:439)
	at com.kms.katalon.core.main.TestCaseExecutor.processExecutionPhase(TestCaseExecutor.java:418)
	at com.kms.katalon.core.main.TestCaseExecutor.accessMainPhase(TestCaseExecutor.java:410)
	at com.kms.katalon.core.main.TestCaseExecutor.execute(TestCaseExecutor.java:285)
	at com.kms.katalon.core.main.TestCaseExecutor.execute(TestCaseExecutor.java:369)
	at com.kms.katalon.core.main.TestCaseExecutor.execute(TestCaseExecutor.java:369)
	at com.kms.katalon.core.main.TestCaseExecutor.execute(TestCaseExecutor.java:369)
	at com.kms.katalon.core.common.CommonExecutor.accessTestCaseMainPhase(CommonExecutor.java:65)
	at com.kms.katalon.core.main.TestSuiteExecutor.accessTestSuiteMainPhase(TestSuiteExecutor.java:150)
	at com.kms.katalon.core.main.TestSuiteExecutor.execute(TestSuiteExecutor.java:106)
	at com.kms.katalon.core.main.TestCaseMain.startTestSuite(TestCaseMain.java:180)
	at TempTestSuite1730740123771.run(TempTestSuite1730740123771.groovy:35)
	at java.base/jdk.internal.reflect.NativeMethodAccessorImpl.invoke0(Native Method)
	at java.base/jdk.internal.reflect.NativeMethodAccessorImpl.invoke(NativeMethodAccessorImpl.java:77)
	at java.base/jdk.internal.reflect.DelegatingMethodAccessorImpl.invoke(DelegatingMethodAccessorImpl.java:43)]]></system-err>
      </testcase>
      <testcase name="Test Cases/Threads_Webshop/Product Details Page/TC-601, Verify item to cart when not login" time="30.726" classname="Test Cases/Threads_Webshop/Product Details Page/TC-601, Verify item to cart when not login" status="PASSED">
         <system-out><![CDATA[04-11-2024T23:13:13 - [TEST_CASE][PASSED] - Test Cases/Threads_Webshop/Product Details Page/TC-601, Verify item to cart when not login: Test Cases/Threads_Webshop/Product Details Page/TC-601, Verify item to cart when not login

04-11-2024T23:13:13 - [TEST_STEP][PASSED] - currentDateTime = LocalDateTime.now(): null

04-11-2024T23:13:13 - [TEST_STEP][PASSED] - formatter = DateTimeFormatter.ofPattern("yyyyMMddHHmmss"): null

04-11-2024T23:13:13 - [TEST_STEP][PASSED] - dateTimeString = currentDateTime.format(formatter): null

04-11-2024T23:13:13 - [TEST_STEP][PASSED] - uniqueEmail = "tester_" + dateTimeString + "@mailinator.com": null

04-11-2024T23:13:13 - [TEST_STEP][PASSED] - println("Generated unique email: " + uniqueEmail): null

04-11-2024T23:13:13 - [TEST_STEP][PASSED] - screenshotFolderPath = "screenshots/product_details" + dateTimeString + "/": null

04-11-2024T23:13:13 - [TEST_STEP][PASSED] - File(screenshotFolderPath).mkdirs(): null

04-11-2024T23:13:13 - [TEST_STEP][PASSED] - callTestCase(findTestCase("Threads_Webshop/ReUsable Testcases/Enter Password"), [:], STOP_ON_FAILURE): Call Test Case 'Test Cases/Threads_Webshop/ReUsable Testcases/Enter Password' successfully

04-11-2024T23:13:13 - [TEST_CASE][PASSED] - Test Cases/Threads_Webshop/ReUsable Testcases/Enter Password: Test Cases/Threads_Webshop/ReUsable Testcases/Enter Password

04-11-2024T23:13:13 - [TEST_STEP][PASSED] - openBrowser(""): Browser is opened with url: ''

04-11-2024T23:13:13 - [MESSAGE][WARNING] - A browser is already opened. Closing browser and opening a new one

04-11-2024T23:13:14 - [MESSAGE][INFO] - Starting 'Chrome' driver

04-11-2024T23:13:14 - [MESSAGE][INFO] - Action delay is set to 0 milliseconds

04-11-2024T23:13:15 - [MESSAGE][PASSED] - Browser is opened with url: ''

04-11-2024T23:13:15 - [TEST_STEP][PASSED] - maximizeWindow(): Current window maximized

04-11-2024T23:13:15 - [MESSAGE][PASSED] - Current window maximized

04-11-2024T23:13:15 - [TEST_STEP][PASSED] - navigateToUrl("https://threads0.myshopify.com/password"): Navigate to 'https://threads0.myshopify.com/password' successfully

04-11-2024T23:13:16 - [MESSAGE][PASSED] - Navigate to 'https://threads0.myshopify.com/password' successfully

04-11-2024T23:13:16 - [TEST_STEP][PASSED] - click(findTestObject("Object Repository/Thread_Webshop/Reusable Testcase/Page_Threads/div_Enter using password")): Object: 'Object Repository/Thread_Webshop/Reusable Testcase/Page_Threads/div_Enter using password' is clicked on

04-11-2024T23:13:20 - [MESSAGE][PASSED] - Object: 'Object Repository/Thread_Webshop/Reusable Testcase/Page_Threads/div_Enter using password' is clicked on

04-11-2024T23:13:20 - [TEST_STEP][PASSED] - setEncryptedText(findTestObject("Object Repository/Thread_Webshop/Reusable Testcase/Page_Threads/input_Enter store using password_password"), "gnzTAVlujIw+lTr0To6+Cg=="): Text ****** has been set on object 'Object Repository/Thread_Webshop/Reusable Testcase/Page_Threads/input_Enter store using password_password'

04-11-2024T23:13:20 - [MESSAGE][PASSED] - Text ****** has been set on object 'Object Repository/Thread_Webshop/Reusable Testcase/Page_Threads/input_Enter store using password_password'

04-11-2024T23:13:20 - [TEST_STEP][PASSED] - click(findTestObject("Object Repository/Thread_Webshop/Reusable Testcase/Page_Threads/button_Enter")): Object: 'Object Repository/Thread_Webshop/Reusable Testcase/Page_Threads/button_Enter' is clicked on

04-11-2024T23:13:21 - [MESSAGE][PASSED] - Object: 'Object Repository/Thread_Webshop/Reusable Testcase/Page_Threads/button_Enter' is clicked on

04-11-2024T23:13:21 - [MESSAGE][PASSED] - Call Test Case 'Test Cases/Threads_Webshop/ReUsable Testcases/Enter Password' successfully

04-11-2024T23:13:21 - [TEST_STEP][PASSED] - takeScreenshot(screenshotFolderPath + "enter_password.png"): Taking screenshot successfully

04-11-2024T23:13:23 - [MESSAGE][PASSED] - Taking screenshot successfully
[[ATTACHMENT|C:\\Users\\SamajitKundu\\git\\threadShopify\\ThreadShopify\\Reports\\20241104_223842\\Threads\\Final TestSuit\\20241104_223843\\screenshots/product_details20241104231313/enter_password.png]]

04-11-2024T23:13:23 - [TEST_STEP][PASSED] - click(findTestObject("Object Repository/Page_Threads/button_Enter")): Object: 'Object Repository/Page_Threads/button_Enter' is clicked on

04-11-2024T23:13:23 - [MESSAGE][PASSED] - Object: 'Object Repository/Page_Threads/button_Enter' is clicked on

04-11-2024T23:13:23 - [TEST_STEP][PASSED] - takeScreenshot(screenshotFolderPath + "click_enter_button.png"): Taking screenshot successfully

04-11-2024T23:13:24 - [MESSAGE][PASSED] - Taking screenshot successfully
[[ATTACHMENT|C:\\Users\\SamajitKundu\\git\\threadShopify\\ThreadShopify\\Reports\\20241104_223842\\Threads\\Final TestSuit\\20241104_223843\\screenshots/product_details20241104231313/click_enter_button.png]]

04-11-2024T23:13:24 - [TEST_STEP][PASSED] - click(findTestObject("Object Repository/Page_Threads/a_Catalog")): Object: 'Object Repository/Page_Threads/a_Catalog' is clicked on

04-11-2024T23:13:27 - [MESSAGE][PASSED] - Object: 'Object Repository/Page_Threads/a_Catalog' is clicked on

04-11-2024T23:13:27 - [TEST_STEP][PASSED] - takeScreenshot(screenshotFolderPath + "catalog_page.png"): Taking screenshot successfully

04-11-2024T23:13:28 - [MESSAGE][PASSED] - Taking screenshot successfully
[[ATTACHMENT|C:\\Users\\SamajitKundu\\git\\threadShopify\\ThreadShopify\\Reports\\20241104_223842\\Threads\\Final TestSuit\\20241104_223843\\screenshots/product_details20241104231313/catalog_page.png]]

04-11-2024T23:13:28 - [TEST_STEP][PASSED] - click(findTestObject("Object Repository/Page_Products  Threads/a_ADIDAS  CLASSIC BACKPACK  LEGEND INK MULTICOLOUR")): Object: 'Object Repository/Page_Products  Threads/a_ADIDAS  CLASSIC BACKPACK  LEGEND INK MULTICOLOUR' is clicked on

04-11-2024T23:13:29 - [MESSAGE][PASSED] - Object: 'Object Repository/Page_Products  Threads/a_ADIDAS  CLASSIC BACKPACK  LEGEND INK MULTICOLOUR' is clicked on

04-11-2024T23:13:29 - [TEST_STEP][PASSED] - takeScreenshot(screenshotFolderPath + "product_page.png"): Taking screenshot successfully

04-11-2024T23:13:32 - [MESSAGE][PASSED] - Taking screenshot successfully
[[ATTACHMENT|C:\\Users\\SamajitKundu\\git\\threadShopify\\ThreadShopify\\Reports\\20241104_223842\\Threads\\Final TestSuit\\20241104_223843\\screenshots/product_details20241104231313/product_page.png]]

04-11-2024T23:13:32 - [TEST_STEP][PASSED] - click(findTestObject("Object Repository/Page_ADIDAS  CLASSIC BACKPACK  LEGEND INK M_ff53f1/button_Add to cart")): Object: 'Object Repository/Page_ADIDAS  CLASSIC BACKPACK  LEGEND INK M_ff53f1/button_Add to cart' is clicked on

04-11-2024T23:13:32 - [MESSAGE][PASSED] - Object: 'Object Repository/Page_ADIDAS  CLASSIC BACKPACK  LEGEND INK M_ff53f1/button_Add to cart' is clicked on

04-11-2024T23:13:32 - [TEST_STEP][PASSED] - takeScreenshot(screenshotFolderPath + "add_to_cart.png"): Taking screenshot successfully

04-11-2024T23:13:34 - [MESSAGE][PASSED] - Taking screenshot successfully
[[ATTACHMENT|C:\\Users\\SamajitKundu\\git\\threadShopify\\ThreadShopify\\Reports\\20241104_223842\\Threads\\Final TestSuit\\20241104_223843\\screenshots/product_details20241104231313/add_to_cart.png]]

04-11-2024T23:13:34 - [TEST_STEP][PASSED] - click(findTestObject("Object Repository/Page_ADIDAS  CLASSIC BACKPACK  LEGEND INK M_ff53f1/button_Check out")): Object: 'Object Repository/Page_ADIDAS  CLASSIC BACKPACK  LEGEND INK M_ff53f1/button_Check out' is clicked on

04-11-2024T23:13:37 - [MESSAGE][PASSED] - Object: 'Object Repository/Page_ADIDAS  CLASSIC BACKPACK  LEGEND INK M_ff53f1/button_Check out' is clicked on

04-11-2024T23:13:37 - [TEST_STEP][PASSED] - takeScreenshot(screenshotFolderPath + "checkout.png"): Taking screenshot successfully

04-11-2024T23:13:39 - [MESSAGE][PASSED] - Taking screenshot successfully
[[ATTACHMENT|C:\\Users\\SamajitKundu\\git\\threadShopify\\ThreadShopify\\Reports\\20241104_223842\\Threads\\Final TestSuit\\20241104_223843\\screenshots/product_details20241104231313/checkout.png]]

04-11-2024T23:13:39 - [TEST_STEP][PASSED] - verifyTextPresent("Contact", false): Text 'Contact' is present on page 

04-11-2024T23:13:40 - [MESSAGE][PASSED] - Text 'Contact' is present on page 

04-11-2024T23:13:40 - [TEST_STEP][PASSED] - takeScreenshot(screenshotFolderPath + "verify_contact_text.png"): Taking screenshot successfully

04-11-2024T23:13:40 - [MESSAGE][PASSED] - Taking screenshot successfully
[[ATTACHMENT|C:\\Users\\SamajitKundu\\git\\threadShopify\\ThreadShopify\\Reports\\20241104_223842\\Threads\\Final TestSuit\\20241104_223843\\screenshots/product_details20241104231313/verify_contact_text.png]]

04-11-2024T23:13:40 - [TEST_STEP][PASSED] - verifyElementClickable(findTestObject("Object Repository/Page_Checkout - Threads/a_Log in")): Object 'Object Repository/Page_Checkout - Threads/a_Log in' is clickable

04-11-2024T23:13:40 - [MESSAGE][PASSED] - Object 'Object Repository/Page_Checkout - Threads/a_Log in' is clickable

04-11-2024T23:13:40 - [TEST_STEP][PASSED] - takeScreenshot(screenshotFolderPath + "verify_login_clickable.png"): Taking screenshot successfully

04-11-2024T23:13:41 - [MESSAGE][PASSED] - Taking screenshot successfully
[[ATTACHMENT|C:\\Users\\SamajitKundu\\git\\threadShopify\\ThreadShopify\\Reports\\20241104_223842\\Threads\\Final TestSuit\\20241104_223843\\screenshots/product_details20241104231313/verify_login_clickable.png]]

04-11-2024T23:13:41 - [TEST_STEP][PASSED] - verifyTextPresent("Delivery", false): Text 'Delivery' is present on page 

04-11-2024T23:13:41 - [MESSAGE][PASSED] - Text 'Delivery' is present on page 

04-11-2024T23:13:41 - [TEST_STEP][PASSED] - takeScreenshot(screenshotFolderPath + "verify_delivery_text.png"): Taking screenshot successfully

04-11-2024T23:13:41 - [MESSAGE][PASSED] - Taking screenshot successfully
[[ATTACHMENT|C:\\Users\\SamajitKundu\\git\\threadShopify\\ThreadShopify\\Reports\\20241104_223842\\Threads\\Final TestSuit\\20241104_223843\\screenshots/product_details20241104231313/verify_delivery_text.png]]

04-11-2024T23:13:41 - [TEST_STEP][PASSED] - verifyTextPresent("Payment", false): Text 'Payment' is present on page 

04-11-2024T23:13:42 - [MESSAGE][PASSED] - Text 'Payment' is present on page 

04-11-2024T23:13:42 - [TEST_STEP][PASSED] - takeScreenshot(screenshotFolderPath + "verify_payment_text.png"): Taking screenshot successfully

04-11-2024T23:13:42 - [MESSAGE][PASSED] - Taking screenshot successfully
[[ATTACHMENT|C:\\Users\\SamajitKundu\\git\\threadShopify\\ThreadShopify\\Reports\\20241104_223842\\Threads\\Final TestSuit\\20241104_223843\\screenshots/product_details20241104231313/verify_payment_text.png]]

04-11-2024T23:13:42 - [TEST_STEP][PASSED] - verifyTextPresent("Total", false): Text 'Total' is present on page 

04-11-2024T23:13:43 - [MESSAGE][PASSED] - Text 'Total' is present on page 

04-11-2024T23:13:43 - [TEST_STEP][PASSED] - takeScreenshot(screenshotFolderPath + "verify_total_text.png"): Taking screenshot successfully

04-11-2024T23:13:43 - [MESSAGE][PASSED] - Taking screenshot successfully
[[ATTACHMENT|C:\\Users\\SamajitKundu\\git\\threadShopify\\ThreadShopify\\Reports\\20241104_223842\\Threads\\Final TestSuit\\20241104_223843\\screenshots/product_details20241104231313/verify_total_text.png]]

04-11-2024T23:13:43 - [TEST_STEP][PASSED] - closeBrowser(): Browser is closed

04-11-2024T23:13:44 - [MESSAGE][PASSED] - Browser is closed]]></system-out>
         <system-err><![CDATA[]]></system-err>
      </testcase>
      <testcase name="Test Cases/Threads_Webshop/3 Homepage/Homepage-Banner/Verify Banner title" time="241.802" classname="Test Cases/Threads_Webshop/3 Homepage/Homepage-Banner/Verify Banner title" status="PASSED">
         <system-out><![CDATA[04-11-2024T23:13:44 - [TEST_CASE][PASSED] - Test Cases/Threads_Webshop/3 Homepage/Homepage-Banner/Verify Banner title: Test Cases/Threads_Webshop/3 Homepage/Homepage-Banner/Verify Banner title

04-11-2024T23:13:44 - [TEST_STEP][PASSED] - timestamp = SimpleDateFormat(yyyyMMdd_HHmmss).format(new java.util.Date()): null

04-11-2024T23:13:44 - [TEST_STEP][PASSED] - screenshotFolder = "screenshots/Banner_" + timestamp + "/": null

04-11-2024T23:13:44 - [TEST_STEP][PASSED] - openBrowser(""): Browser is opened with url: ''

04-11-2024T23:13:44 - [MESSAGE][INFO] - Starting 'Chrome' driver

04-11-2024T23:13:44 - [MESSAGE][INFO] - Action delay is set to 0 milliseconds

04-11-2024T23:13:45 - [MESSAGE][PASSED] - Browser is opened with url: ''

04-11-2024T23:13:45 - [TEST_STEP][PASSED] - navigateToUrl("https://accounts.shopify.com/lookup?rid=0afa009d-54e4-4293-85aa-e6413ed2f1d5&verify=1730713676-ynuqOa0Hs%2FJY+t6ojqHu++2TLa7otw1DETPdL%2FQmTWw%3D"): Navigate to 'https://accounts.shopify.com/lookup?rid=0afa009d-54e4-4293-85aa-e6413ed2f1d5&verify=1730713676-ynuqOa0Hs%2FJY+t6ojqHu++2TLa7otw1DETPdL%2FQmTWw%3D' successfully

04-11-2024T23:13:47 - [MESSAGE][PASSED] - Navigate to 'https://accounts.shopify.com/lookup?rid=0afa009d-54e4-4293-85aa-e6413ed2f1d5&verify=1730713676-ynuqOa0Hs%2FJY+t6ojqHu++2TLa7otw1DETPdL%2FQmTWw%3D' successfully

04-11-2024T23:13:47 - [TEST_STEP][PASSED] - setText(findTestObject("Object Repository/Thread_Webshop/Banner/Page_Log in  Shopify account/input_Email_accountemail"), "samajit_k@pursuitsoftware.com"): Text 'samajit_k@pursuitsoftware.com' is set on object 'Object Repository/Thread_Webshop/Banner/Page_Log in  Shopify account/input_Email_accountemail'

04-11-2024T23:13:48 - [MESSAGE][PASSED] - Text 'samajit_k@pursuitsoftware.com' is set on object 'Object Repository/Thread_Webshop/Banner/Page_Log in  Shopify account/input_Email_accountemail'

04-11-2024T23:13:48 - [TEST_STEP][PASSED] - click(findTestObject("Object Repository/Thread_Webshop/Banner/Page_Log in  Shopify account/span_Continue with email")): Object: 'Object Repository/Thread_Webshop/Banner/Page_Log in  Shopify account/span_Continue with email' is clicked on

04-11-2024T23:13:53 - [MESSAGE][PASSED] - Object: 'Object Repository/Thread_Webshop/Banner/Page_Log in  Shopify account/span_Continue with email' is clicked on

04-11-2024T23:13:53 - [TEST_STEP][PASSED] - setEncryptedText(findTestObject("Object Repository/Thread_Webshop/Banner/Page_Shopify/input_Password_accountpassword"), "DRbH8EpD41YzIH0RHeeTVRgk/CyhY5Tq4LbYao5MnUo="): Text ****** has been set on object 'Object Repository/Thread_Webshop/Banner/Page_Shopify/input_Password_accountpassword'

04-11-2024T23:13:55 - [MESSAGE][PASSED] - Text ****** has been set on object 'Object Repository/Thread_Webshop/Banner/Page_Shopify/input_Password_accountpassword'

04-11-2024T23:13:55 - [TEST_STEP][PASSED] - click(findTestObject("Object Repository/Thread_Webshop/Banner/Page_Shopify/button_Log in")): Object: 'Object Repository/Thread_Webshop/Banner/Page_Shopify/button_Log in' is clicked on

04-11-2024T23:14:00 - [MESSAGE][PASSED] - Object: 'Object Repository/Thread_Webshop/Banner/Page_Shopify/button_Log in' is clicked on

04-11-2024T23:14:00 - [TEST_STEP][PASSED] - click(findTestObject("Object Repository/Thread_Webshop/Banner/Page_Shopify account profile/img")): Object: 'Object Repository/Thread_Webshop/Banner/Page_Shopify account profile/img' is clicked on

04-11-2024T23:14:05 - [MESSAGE][PASSED] - Object: 'Object Repository/Thread_Webshop/Banner/Page_Shopify account profile/img' is clicked on

04-11-2024T23:14:05 - [TEST_STEP][PASSED] - click(findTestObject("Object Repository/Thread_Webshop/Banner/Page_Log in  Shopify/div_samajit_kpursuitsoftware.com")): Object: 'Object Repository/Thread_Webshop/Banner/Page_Log in  Shopify/div_samajit_kpursuitsoftware.com' is clicked on

04-11-2024T23:14:09 - [MESSAGE][PASSED] - Object: 'Object Repository/Thread_Webshop/Banner/Page_Log in  Shopify/div_samajit_kpursuitsoftware.com' is clicked on

04-11-2024T23:14:09 - [TEST_STEP][PASSED] - takeScreenshot(screenshotFolder + "shopify_website.png"): Taking screenshot successfully

04-11-2024T23:14:11 - [MESSAGE][PASSED] - Taking screenshot successfully
[[ATTACHMENT|C:\\Users\\SamajitKundu\\git\\threadShopify\\ThreadShopify\\Reports\\20241104_223842\\Threads\\Final TestSuit\\20241104_223843\\screenshots/Banner_20241104_231344/shopify_website.png]]

04-11-2024T23:14:11 - [TEST_STEP][PASSED] - click(findTestObject("Object Repository/Thread_Webshop/Banner/Page_Threads  Home  Shopify/span_Online Store")): Object: 'Object Repository/Thread_Webshop/Banner/Page_Threads  Home  Shopify/span_Online Store' is clicked on

04-11-2024T23:14:15 - [MESSAGE][PASSED] - Object: 'Object Repository/Thread_Webshop/Banner/Page_Threads  Home  Shopify/span_Online Store' is clicked on

04-11-2024T23:14:15 - [TEST_STEP][PASSED] - click(findTestObject("Object Repository/Thread_Webshop/Banner/Page_Threads  Themes  Shopify/a_Customize")): Object: 'Object Repository/Thread_Webshop/Banner/Page_Threads  Themes  Shopify/a_Customize' is clicked on

04-11-2024T23:14:46 - [MESSAGE][INFO] - Unable to find the element located by 'By.xpath: //iframe[@name='fe56d741-3ec3-491d-b2e4-4f073b20fe50']'. Please recheck the objects properties to make sure the desired element is located. 

04-11-2024T23:14:46 - [MESSAGE][WARNING] - [SELF-HEALING] Failed to find element with id 'Object Repository/Thread_Webshop/Banner/Page_Threads  Themes  Shopify/iframe_Online Store_fe56d741-3ec3-491d-b2e4_176b02'. Try using Self-healing.

04-11-2024T23:14:46 - [MESSAGE][ERROR] - [SELF-HEALING] com.google.gson.stream.MalformedJsonException: Expected ':' at line 5 column 10 path $.brokenTestObjects[0].<<<<<<<

04-11-2024T23:14:46 - [MESSAGE][INFO] - [SELF-HEALING] Failed Locator: '//iframe[@name='fe56d741-3ec3-491d-b2e4-4f073b20fe50']'.

04-11-2024T23:14:47 - [MESSAGE][INFO] - [SELF-HEALING] Working Locator: '//div[@id='AppFrameScrollable']/div/div/div/div/div/div/iframe'.

04-11-2024T23:14:47 - [MESSAGE][INFO] - [SELF-HEALING] Screenshot: C:/Users/SamajitKundu/git/threadShopify/ThreadShopify/Reports/Self-healing/Object Repository/Thread_Webshop/Banner/Page_Threads  Themes  Shopify/iframe_Online Store_fe56d741-3ec3-491d-b2e4_176b02_idRelative.png

04-11-2024T23:14:47 - [MESSAGE][ERROR] - [SELF-HEALING] com.google.gson.stream.MalformedJsonException: Expected ':' at line 5 column 10 path $.brokenTestObjects[0].<<<<<<<

04-11-2024T23:14:47 - [MESSAGE][ERROR] - [SELF-HEALING] C:\Users\SamajitKundu\git\threadShopify\ThreadShopify\Reports\Self-healing\broken-test-objects-v2.json does not exist or is provided by Self-healing Plugin!

04-11-2024T23:14:47 - [MESSAGE][WARNING] - [SELF-HEALING] The current locator of test object 'Object Repository/Thread_Webshop/Banner/Page_Threads  Themes  Shopify/iframe_Online Store_fe56d741-3ec3-491d-b2e4_176b02' was broken. Propose an alternative one: '//div[@id='AppFrameScrollable']/div/div/div/div/div/div/iframe'.

04-11-2024T23:14:47 - [MESSAGE][PASSED] - Object: 'Object Repository/Thread_Webshop/Banner/Page_Threads  Themes  Shopify/a_Customize' is clicked on

04-11-2024T23:14:47 - [TEST_STEP][PASSED] - takeScreenshot(screenshotFolder + "customize_page.png"): Taking screenshot successfully

04-11-2024T23:14:48 - [MESSAGE][PASSED] - Taking screenshot successfully
[[ATTACHMENT|C:\\Users\\SamajitKundu\\git\\threadShopify\\ThreadShopify\\Reports\\20241104_223842\\Threads\\Final TestSuit\\20241104_223843\\screenshots/Banner_20241104_231344/customize_page.png]]

04-11-2024T23:14:48 - [TEST_STEP][PASSED] - click(findTestObject("Object Repository/Thread_Webshop/Banner/Page_Threads  Customize Dawn  Shopify/button_Uncover your wardrobe essentials_Onl_54202d (2)")): Object: 'Object Repository/Thread_Webshop/Banner/Page_Threads  Customize Dawn  Shopify/button_Uncover your wardrobe essentials_Onl_54202d (2)' is clicked on

04-11-2024T23:15:19 - [MESSAGE][INFO] - Unable to find the element located by 'By.xpath: //iframe[@name='fe56d741-3ec3-491d-b2e4-4f073b20fe50']'. Please recheck the objects properties to make sure the desired element is located. 

04-11-2024T23:15:19 - [MESSAGE][WARNING] - [SELF-HEALING] Failed to find element with id 'Object Repository/Thread_Webshop/Banner/Page_Threads  Customize Dawn  Shopify/iframe_Skip to content_fe56d741-3ec3-491d-b_5f461d'. Try using Self-healing.

04-11-2024T23:15:19 - [MESSAGE][ERROR] - [SELF-HEALING] com.google.gson.stream.MalformedJsonException: Expected ':' at line 5 column 10 path $.brokenTestObjects[0].<<<<<<<

04-11-2024T23:15:19 - [MESSAGE][INFO] - [SELF-HEALING] Failed Locator: '//iframe[@name='fe56d741-3ec3-491d-b2e4-4f073b20fe50']'.

04-11-2024T23:15:19 - [MESSAGE][INFO] - [SELF-HEALING] Working Locator: '//div[@id='AppFrameScrollable']/div/div/div/div/div/div/iframe'.

04-11-2024T23:15:20 - [MESSAGE][INFO] - [SELF-HEALING] Screenshot: C:/Users/SamajitKundu/git/threadShopify/ThreadShopify/Reports/Self-healing/Object Repository/Thread_Webshop/Banner/Page_Threads  Customize Dawn  Shopify/iframe_Skip to content_fe56d741-3ec3-491d-b_5f461d_idRelative.png

04-11-2024T23:15:20 - [MESSAGE][ERROR] - [SELF-HEALING] com.google.gson.stream.MalformedJsonException: Expected ':' at line 5 column 10 path $.brokenTestObjects[0].<<<<<<<

04-11-2024T23:15:20 - [MESSAGE][ERROR] - [SELF-HEALING] C:\Users\SamajitKundu\git\threadShopify\ThreadShopify\Reports\Self-healing\broken-test-objects-v2.json does not exist or is provided by Self-healing Plugin!

04-11-2024T23:15:20 - [MESSAGE][WARNING] - [SELF-HEALING] The current locator of test object 'Object Repository/Thread_Webshop/Banner/Page_Threads  Customize Dawn  Shopify/iframe_Skip to content_fe56d741-3ec3-491d-b_5f461d' was broken. Propose an alternative one: '//div[@id='AppFrameScrollable']/div/div/div/div/div/div/iframe'.

04-11-2024T23:15:20 - [MESSAGE][PASSED] - Object: 'Object Repository/Thread_Webshop/Banner/Page_Threads  Customize Dawn  Shopify/button_Uncover your wardrobe essentials_Onl_54202d (2)' is clicked on

04-11-2024T23:15:20 - [TEST_STEP][PASSED] - click(findTestObject("Object Repository/Thread_Webshop/Banner/Page_Threads  Customize Dawn  Shopify/input_First button link_UrlSetting1 (4)")): Object: 'Object Repository/Thread_Webshop/Banner/Page_Threads  Customize Dawn  Shopify/input_First button link_UrlSetting1 (4)' is clicked on

04-11-2024T23:15:51 - [MESSAGE][INFO] - Unable to find the element located by 'By.xpath: //iframe[@name='fe56d741-3ec3-491d-b2e4-4f073b20fe50']'. Please recheck the objects properties to make sure the desired element is located. 

04-11-2024T23:15:51 - [MESSAGE][WARNING] - [SELF-HEALING] Failed to find element with id 'Object Repository/Thread_Webshop/Banner/Page_Threads  Customize Dawn  Shopify/iframe_Skip to content_fe56d741-3ec3-491d-b_5f461d'. Try using Self-healing.

04-11-2024T23:15:51 - [MESSAGE][ERROR] - [SELF-HEALING] com.google.gson.stream.MalformedJsonException: Expected ':' at line 5 column 10 path $.brokenTestObjects[0].<<<<<<<

04-11-2024T23:15:52 - [MESSAGE][INFO] - [SELF-HEALING] Failed Locator: '//iframe[@name='fe56d741-3ec3-491d-b2e4-4f073b20fe50']'.

04-11-2024T23:15:52 - [MESSAGE][INFO] - [SELF-HEALING] Working Locator: '//div[@id='AppFrameScrollable']/div/div/div/div/div/div/iframe'.

04-11-2024T23:15:52 - [MESSAGE][INFO] - [SELF-HEALING] Screenshot: C:/Users/SamajitKundu/git/threadShopify/ThreadShopify/Reports/Self-healing/Object Repository/Thread_Webshop/Banner/Page_Threads  Customize Dawn  Shopify/iframe_Skip to content_fe56d741-3ec3-491d-b_5f461d_idRelative.png

04-11-2024T23:15:52 - [MESSAGE][ERROR] - [SELF-HEALING] com.google.gson.stream.MalformedJsonException: Expected ':' at line 5 column 10 path $.brokenTestObjects[0].<<<<<<<

04-11-2024T23:15:52 - [MESSAGE][ERROR] - [SELF-HEALING] C:\Users\SamajitKundu\git\threadShopify\ThreadShopify\Reports\Self-healing\broken-test-objects-v2.json does not exist or is provided by Self-healing Plugin!

04-11-2024T23:15:52 - [MESSAGE][WARNING] - [SELF-HEALING] The current locator of test object 'Object Repository/Thread_Webshop/Banner/Page_Threads  Customize Dawn  Shopify/iframe_Skip to content_fe56d741-3ec3-491d-b_5f461d' was broken. Propose an alternative one: '//div[@id='AppFrameScrollable']/div/div/div/div/div/div/iframe'.

04-11-2024T23:15:52 - [MESSAGE][PASSED] - Object: 'Object Repository/Thread_Webshop/Banner/Page_Threads  Customize Dawn  Shopify/input_First button link_UrlSetting1 (4)' is clicked on

04-11-2024T23:15:52 - [TEST_STEP][PASSED] - click(findTestObject("Object Repository/Thread_Webshop/Banner/Page_Threads  Customize Dawn  Shopify/div_Collections (2)")): Object: 'Object Repository/Thread_Webshop/Banner/Page_Threads  Customize Dawn  Shopify/div_Collections (2)' is clicked on

04-11-2024T23:16:24 - [MESSAGE][INFO] - Unable to find the element located by 'By.xpath: //iframe[@name='fe56d741-3ec3-491d-b2e4-4f073b20fe50']'. Please recheck the objects properties to make sure the desired element is located. 

04-11-2024T23:16:24 - [MESSAGE][WARNING] - [SELF-HEALING] Failed to find element with id 'Object Repository/Thread_Webshop/Banner/Page_Threads  Customize Dawn  Shopify/iframe_Skip to content_fe56d741-3ec3-491d-b_5f461d'. Try using Self-healing.

04-11-2024T23:16:24 - [MESSAGE][ERROR] - [SELF-HEALING] com.google.gson.stream.MalformedJsonException: Expected ':' at line 5 column 10 path $.brokenTestObjects[0].<<<<<<<

04-11-2024T23:16:24 - [MESSAGE][INFO] - [SELF-HEALING] Failed Locator: '//iframe[@name='fe56d741-3ec3-491d-b2e4-4f073b20fe50']'.

04-11-2024T23:16:24 - [MESSAGE][INFO] - [SELF-HEALING] Working Locator: '//div[@id='AppFrameScrollable']/div/div/div/div/div/div/iframe'.

04-11-2024T23:16:25 - [MESSAGE][INFO] - [SELF-HEALING] Screenshot: C:/Users/SamajitKundu/git/threadShopify/ThreadShopify/Reports/Self-healing/Object Repository/Thread_Webshop/Banner/Page_Threads  Customize Dawn  Shopify/iframe_Skip to content_fe56d741-3ec3-491d-b_5f461d_idRelative.png

04-11-2024T23:16:25 - [MESSAGE][ERROR] - [SELF-HEALING] com.google.gson.stream.MalformedJsonException: Expected ':' at line 5 column 10 path $.brokenTestObjects[0].<<<<<<<

04-11-2024T23:16:25 - [MESSAGE][ERROR] - [SELF-HEALING] C:\Users\SamajitKundu\git\threadShopify\ThreadShopify\Reports\Self-healing\broken-test-objects-v2.json does not exist or is provided by Self-healing Plugin!

04-11-2024T23:16:25 - [MESSAGE][WARNING] - [SELF-HEALING] The current locator of test object 'Object Repository/Thread_Webshop/Banner/Page_Threads  Customize Dawn  Shopify/iframe_Skip to content_fe56d741-3ec3-491d-b_5f461d' was broken. Propose an alternative one: '//div[@id='AppFrameScrollable']/div/div/div/div/div/div/iframe'.

04-11-2024T23:16:25 - [MESSAGE][PASSED] - Object: 'Object Repository/Thread_Webshop/Banner/Page_Threads  Customize Dawn  Shopify/div_Collections (2)' is clicked on

04-11-2024T23:16:25 - [TEST_STEP][PASSED] - click(findTestObject("Object Repository/Thread_Webshop/Banner/Page_Threads  Customize Dawn  Shopify/div_ASICS TIGER (2)")): Object: 'Object Repository/Thread_Webshop/Banner/Page_Threads  Customize Dawn  Shopify/div_ASICS TIGER (2)' is clicked on

04-11-2024T23:16:56 - [MESSAGE][INFO] - Unable to find the element located by 'By.xpath: //iframe[@name='fe56d741-3ec3-491d-b2e4-4f073b20fe50']'. Please recheck the objects properties to make sure the desired element is located. 

04-11-2024T23:16:56 - [MESSAGE][WARNING] - [SELF-HEALING] Failed to find element with id 'Object Repository/Thread_Webshop/Banner/Page_Threads  Customize Dawn  Shopify/iframe_Skip to content_fe56d741-3ec3-491d-b_5f461d'. Try using Self-healing.

04-11-2024T23:16:56 - [MESSAGE][ERROR] - [SELF-HEALING] com.google.gson.stream.MalformedJsonException: Expected ':' at line 5 column 10 path $.brokenTestObjects[0].<<<<<<<

04-11-2024T23:16:56 - [MESSAGE][INFO] - [SELF-HEALING] Failed Locator: '//iframe[@name='fe56d741-3ec3-491d-b2e4-4f073b20fe50']'.

04-11-2024T23:16:56 - [MESSAGE][INFO] - [SELF-HEALING] Working Locator: '//div[@id='AppFrameScrollable']/div/div/div/div/div/div/iframe'.

04-11-2024T23:16:57 - [MESSAGE][INFO] - [SELF-HEALING] Screenshot: C:/Users/SamajitKundu/git/threadShopify/ThreadShopify/Reports/Self-healing/Object Repository/Thread_Webshop/Banner/Page_Threads  Customize Dawn  Shopify/iframe_Skip to content_fe56d741-3ec3-491d-b_5f461d_idRelative.png

04-11-2024T23:16:57 - [MESSAGE][ERROR] - [SELF-HEALING] com.google.gson.stream.MalformedJsonException: Expected ':' at line 5 column 10 path $.brokenTestObjects[0].<<<<<<<

04-11-2024T23:16:57 - [MESSAGE][ERROR] - [SELF-HEALING] C:\Users\SamajitKundu\git\threadShopify\ThreadShopify\Reports\Self-healing\broken-test-objects-v2.json does not exist or is provided by Self-healing Plugin!

04-11-2024T23:16:57 - [MESSAGE][WARNING] - [SELF-HEALING] The current locator of test object 'Object Repository/Thread_Webshop/Banner/Page_Threads  Customize Dawn  Shopify/iframe_Skip to content_fe56d741-3ec3-491d-b_5f461d' was broken. Propose an alternative one: '//div[@id='AppFrameScrollable']/div/div/div/div/div/div/iframe'.

04-11-2024T23:16:57 - [MESSAGE][PASSED] - Object: 'Object Repository/Thread_Webshop/Banner/Page_Threads  Customize Dawn  Shopify/div_ASICS TIGER (2)' is clicked on

04-11-2024T23:16:57 - [TEST_STEP][PASSED] - takeScreenshot(screenshotFolder + "select_banner.png"): Taking screenshot successfully

04-11-2024T23:16:58 - [MESSAGE][PASSED] - Taking screenshot successfully
[[ATTACHMENT|C:\\Users\\SamajitKundu\\git\\threadShopify\\ThreadShopify\\Reports\\20241104_223842\\Threads\\Final TestSuit\\20241104_223843\\screenshots/Banner_20241104_231344/select_banner.png]]

04-11-2024T23:16:58 - [TEST_STEP][PASSED] - click(findTestObject("Object Repository/Thread_Webshop/Banner/Page_Threads  Customize Dawn  Shopify/span_Save (4)")): Object: 'Object Repository/Thread_Webshop/Banner/Page_Threads  Customize Dawn  Shopify/span_Save (4)' is clicked on

04-11-2024T23:17:29 - [MESSAGE][INFO] - Unable to find the element located by 'By.xpath: //iframe[@name='fe56d741-3ec3-491d-b2e4-4f073b20fe50']'. Please recheck the objects properties to make sure the desired element is located. 

04-11-2024T23:17:29 - [MESSAGE][WARNING] - [SELF-HEALING] Failed to find element with id 'Object Repository/Thread_Webshop/Banner/Page_Threads  Customize Dawn  Shopify/iframe_Skip to content_fe56d741-3ec3-491d-b_5f461d'. Try using Self-healing.

04-11-2024T23:17:29 - [MESSAGE][ERROR] - [SELF-HEALING] com.google.gson.stream.MalformedJsonException: Expected ':' at line 5 column 10 path $.brokenTestObjects[0].<<<<<<<

04-11-2024T23:17:29 - [MESSAGE][INFO] - [SELF-HEALING] Failed Locator: '//iframe[@name='fe56d741-3ec3-491d-b2e4-4f073b20fe50']'.

04-11-2024T23:17:29 - [MESSAGE][INFO] - [SELF-HEALING] Working Locator: '//div[@id='AppFrameScrollable']/div/div/div/div/div/div/iframe'.

04-11-2024T23:17:30 - [MESSAGE][INFO] - [SELF-HEALING] Screenshot: C:/Users/SamajitKundu/git/threadShopify/ThreadShopify/Reports/Self-healing/Object Repository/Thread_Webshop/Banner/Page_Threads  Customize Dawn  Shopify/iframe_Skip to content_fe56d741-3ec3-491d-b_5f461d_idRelative.png

04-11-2024T23:17:30 - [MESSAGE][ERROR] - [SELF-HEALING] com.google.gson.stream.MalformedJsonException: Expected ':' at line 5 column 10 path $.brokenTestObjects[0].<<<<<<<

04-11-2024T23:17:30 - [MESSAGE][ERROR] - [SELF-HEALING] C:\Users\SamajitKundu\git\threadShopify\ThreadShopify\Reports\Self-healing\broken-test-objects-v2.json does not exist or is provided by Self-healing Plugin!

04-11-2024T23:17:30 - [MESSAGE][WARNING] - [SELF-HEALING] The current locator of test object 'Object Repository/Thread_Webshop/Banner/Page_Threads  Customize Dawn  Shopify/iframe_Skip to content_fe56d741-3ec3-491d-b_5f461d' was broken. Propose an alternative one: '//div[@id='AppFrameScrollable']/div/div/div/div/div/div/iframe'.

04-11-2024T23:17:30 - [MESSAGE][PASSED] - Object: 'Object Repository/Thread_Webshop/Banner/Page_Threads  Customize Dawn  Shopify/span_Save (4)' is clicked on

04-11-2024T23:17:30 - [TEST_STEP][PASSED] - delay(2): Delayed 2 second(s)

04-11-2024T23:17:32 - [MESSAGE][PASSED] - Delayed 2 second(s)

04-11-2024T23:17:32 - [TEST_STEP][PASSED] - callTestCase(findTestCase("Threads_Webshop/ReUsable Testcases/Enter Password"), [:], STOP_ON_FAILURE): Call Test Case 'Test Cases/Threads_Webshop/ReUsable Testcases/Enter Password' successfully

04-11-2024T23:17:32 - [TEST_CASE][PASSED] - Test Cases/Threads_Webshop/ReUsable Testcases/Enter Password: Test Cases/Threads_Webshop/ReUsable Testcases/Enter Password

04-11-2024T23:17:32 - [TEST_STEP][PASSED] - openBrowser(""): Browser is opened with url: ''

04-11-2024T23:17:32 - [MESSAGE][WARNING] - A browser is already opened. Closing browser and opening a new one

04-11-2024T23:17:33 - [MESSAGE][INFO] - Starting 'Chrome' driver

04-11-2024T23:17:33 - [MESSAGE][INFO] - Action delay is set to 0 milliseconds

04-11-2024T23:17:34 - [MESSAGE][PASSED] - Browser is opened with url: ''

04-11-2024T23:17:34 - [TEST_STEP][PASSED] - maximizeWindow(): Current window maximized

04-11-2024T23:17:34 - [MESSAGE][PASSED] - Current window maximized

04-11-2024T23:17:34 - [TEST_STEP][PASSED] - navigateToUrl("https://threads0.myshopify.com/password"): Navigate to 'https://threads0.myshopify.com/password' successfully

04-11-2024T23:17:36 - [MESSAGE][PASSED] - Navigate to 'https://threads0.myshopify.com/password' successfully

04-11-2024T23:17:36 - [TEST_STEP][PASSED] - click(findTestObject("Object Repository/Thread_Webshop/Reusable Testcase/Page_Threads/div_Enter using password")): Object: 'Object Repository/Thread_Webshop/Reusable Testcase/Page_Threads/div_Enter using password' is clicked on

04-11-2024T23:17:39 - [MESSAGE][PASSED] - Object: 'Object Repository/Thread_Webshop/Reusable Testcase/Page_Threads/div_Enter using password' is clicked on

04-11-2024T23:17:39 - [TEST_STEP][PASSED] - setEncryptedText(findTestObject("Object Repository/Thread_Webshop/Reusable Testcase/Page_Threads/input_Enter store using password_password"), "gnzTAVlujIw+lTr0To6+Cg=="): Text ****** has been set on object 'Object Repository/Thread_Webshop/Reusable Testcase/Page_Threads/input_Enter store using password_password'

04-11-2024T23:17:40 - [MESSAGE][PASSED] - Text ****** has been set on object 'Object Repository/Thread_Webshop/Reusable Testcase/Page_Threads/input_Enter store using password_password'

04-11-2024T23:17:40 - [TEST_STEP][PASSED] - click(findTestObject("Object Repository/Thread_Webshop/Reusable Testcase/Page_Threads/button_Enter")): Object: 'Object Repository/Thread_Webshop/Reusable Testcase/Page_Threads/button_Enter' is clicked on

04-11-2024T23:17:42 - [MESSAGE][PASSED] - Object: 'Object Repository/Thread_Webshop/Reusable Testcase/Page_Threads/button_Enter' is clicked on

04-11-2024T23:17:42 - [MESSAGE][INFO] - 

04-11-2024T23:17:42 - [MESSAGE][INFO] - ===================== Self-healing Report ====================

04-11-2024T23:17:42 - [MESSAGE][INFO] - One of the failed test object locators has been recovered by Self-healing. Please refer to the Self-healing Insights tab for more details.

04-11-2024T23:17:42 - [MESSAGE][INFO] - To learn more about Self-healing, please read https://docs.katalon.com/katalon-studio/docs/self-healing.html

04-11-2024T23:17:42 - [MESSAGE][INFO] - ==============================================================

04-11-2024T23:17:42 - [MESSAGE][PASSED] - Call Test Case 'Test Cases/Threads_Webshop/ReUsable Testcases/Enter Password' successfully

04-11-2024T23:17:42 - [TEST_STEP][PASSED] - click(findTestObject("Object Repository/Thread_Webshop/Banner/Page_Threads/a_Explore Threads")): Object: 'Object Repository/Thread_Webshop/Banner/Page_Threads/a_Explore Threads' is clicked on

04-11-2024T23:17:44 - [MESSAGE][PASSED] - Object: 'Object Repository/Thread_Webshop/Banner/Page_Threads/a_Explore Threads' is clicked on

04-11-2024T23:17:44 - [TEST_STEP][PASSED] - text_after_change = getText(findTestObject("Object Repository/Thread_Webshop/Banner/Page_ASICS TIGER  Threads/h1_Collection ASICS TIGER")): Text of object 'Object Repository/Thread_Webshop/Banner/Page_ASICS TIGER  Threads/h1_Collection ASICS TIGER' is: 'Collection:
ASICS TIGER'

04-11-2024T23:17:45 - [MESSAGE][PASSED] - Text of object 'Object Repository/Thread_Webshop/Banner/Page_ASICS TIGER  Threads/h1_Collection ASICS TIGER' is: 'Collection:
ASICS TIGER'

04-11-2024T23:17:45 - [TEST_STEP][PASSED] - takeScreenshot(screenshotFolder + "check_banner.png"): Taking screenshot successfully

04-11-2024T23:17:45 - [MESSAGE][PASSED] - Taking screenshot successfully
[[ATTACHMENT|C:\\Users\\SamajitKundu\\git\\threadShopify\\ThreadShopify\\Reports\\20241104_223842\\Threads\\Final TestSuit\\20241104_223843\\screenshots/Banner_20241104_231344/check_banner.png]]

04-11-2024T23:17:45 - [TEST_STEP][PASSED] - closeBrowser(): Browser is closed

04-11-2024T23:17:46 - [MESSAGE][PASSED] - Browser is closed]]></system-out>
         <system-err><![CDATA[]]></system-err>
      </testcase>
      <testcase name="Test Cases/Threads_Webshop/3 Homepage/Homepage-Banner/Reset the Banner" time="282.443" classname="Test Cases/Threads_Webshop/3 Homepage/Homepage-Banner/Reset the Banner" status="PASSED">
         <system-out><![CDATA[04-11-2024T23:17:46 - [TEST_CASE][PASSED] - Test Cases/Threads_Webshop/3 Homepage/Homepage-Banner/Reset the Banner: Test Cases/Threads_Webshop/3 Homepage/Homepage-Banner/Reset the Banner

04-11-2024T23:17:46 - [TEST_STEP][PASSED] - timestamp = SimpleDateFormat(yyyyMMdd_HHmmss).format(new java.util.Date()): null

04-11-2024T23:17:46 - [TEST_STEP][PASSED] - screenshotFolder = "screenshots/Banner_" + timestamp + "/": null

04-11-2024T23:17:46 - [TEST_STEP][PASSED] - openBrowser(""): Browser is opened with url: ''

04-11-2024T23:17:46 - [MESSAGE][INFO] - Starting 'Chrome' driver

04-11-2024T23:17:46 - [MESSAGE][INFO] - Action delay is set to 0 milliseconds

04-11-2024T23:17:47 - [MESSAGE][PASSED] - Browser is opened with url: ''

04-11-2024T23:17:47 - [TEST_STEP][PASSED] - navigateToUrl("https://accounts.shopify.com/lookup?rid=dae83e14-2e3c-4fcf-a6be-3804591d53e3&verify=1730703470-n9Qi9cu+W2Oet%2FisWWWPznB2IGXxJqGTPM3%2FTJl8RoU%3D"): Navigate to 'https://accounts.shopify.com/lookup?rid=dae83e14-2e3c-4fcf-a6be-3804591d53e3&verify=1730703470-n9Qi9cu+W2Oet%2FisWWWPznB2IGXxJqGTPM3%2FTJl8RoU%3D' successfully

04-11-2024T23:17:49 - [MESSAGE][PASSED] - Navigate to 'https://accounts.shopify.com/lookup?rid=dae83e14-2e3c-4fcf-a6be-3804591d53e3&verify=1730703470-n9Qi9cu+W2Oet%2FisWWWPznB2IGXxJqGTPM3%2FTJl8RoU%3D' successfully

04-11-2024T23:17:49 - [TEST_STEP][PASSED] - setText(findTestObject("Object Repository/Thread_Webshop/Banner/Page_Log in  Shopify/input_Email_accountemail"), "samajit_k@pursuitsoftware.com"): Text 'samajit_k@pursuitsoftware.com' is set on object 'Object Repository/Thread_Webshop/Banner/Page_Log in  Shopify/input_Email_accountemail'

04-11-2024T23:17:50 - [MESSAGE][PASSED] - Text 'samajit_k@pursuitsoftware.com' is set on object 'Object Repository/Thread_Webshop/Banner/Page_Log in  Shopify/input_Email_accountemail'

04-11-2024T23:17:50 - [TEST_STEP][PASSED] - click(findTestObject("Object Repository/Thread_Webshop/Banner/Page_Log in  Shopify/span_Continue with email")): Object: 'Object Repository/Thread_Webshop/Banner/Page_Log in  Shopify/span_Continue with email' is clicked on

04-11-2024T23:17:55 - [MESSAGE][PASSED] - Object: 'Object Repository/Thread_Webshop/Banner/Page_Log in  Shopify/span_Continue with email' is clicked on

04-11-2024T23:17:55 - [TEST_STEP][PASSED] - setEncryptedText(findTestObject("Object Repository/Thread_Webshop/Banner/Page_Shopify/input_Password_accountpassword"), "DRbH8EpD41YzIH0RHeeTVRgk/CyhY5Tq4LbYao5MnUo="): Text ****** has been set on object 'Object Repository/Thread_Webshop/Banner/Page_Shopify/input_Password_accountpassword'

04-11-2024T23:17:57 - [MESSAGE][PASSED] - Text ****** has been set on object 'Object Repository/Thread_Webshop/Banner/Page_Shopify/input_Password_accountpassword'

04-11-2024T23:17:57 - [TEST_STEP][PASSED] - click(findTestObject("Object Repository/Thread_Webshop/Banner/Page_Shopify/button_Log in")): Object: 'Object Repository/Thread_Webshop/Banner/Page_Shopify/button_Log in' is clicked on

04-11-2024T23:18:02 - [MESSAGE][PASSED] - Object: 'Object Repository/Thread_Webshop/Banner/Page_Shopify/button_Log in' is clicked on

04-11-2024T23:18:02 - [TEST_STEP][PASSED] - click(findTestObject("Object Repository/Thread_Webshop/Banner/Page_Shopify account profile/img")): Object: 'Object Repository/Thread_Webshop/Banner/Page_Shopify account profile/img' is clicked on

04-11-2024T23:18:07 - [MESSAGE][PASSED] - Object: 'Object Repository/Thread_Webshop/Banner/Page_Shopify account profile/img' is clicked on

04-11-2024T23:18:07 - [TEST_STEP][PASSED] - click(findTestObject("Object Repository/Thread_Webshop/Banner/Page_Log in  Shopify/div_Samajit Kundu")): Object: 'Object Repository/Thread_Webshop/Banner/Page_Log in  Shopify/div_Samajit Kundu' is clicked on

04-11-2024T23:18:11 - [MESSAGE][PASSED] - Object: 'Object Repository/Thread_Webshop/Banner/Page_Log in  Shopify/div_Samajit Kundu' is clicked on

04-11-2024T23:18:11 - [TEST_STEP][PASSED] - takeScreenshot(screenshotFolder + "shopify_website.png"): Taking screenshot successfully

04-11-2024T23:18:13 - [MESSAGE][PASSED] - Taking screenshot successfully
[[ATTACHMENT|C:\\Users\\SamajitKundu\\git\\threadShopify\\ThreadShopify\\Reports\\20241104_223842\\Threads\\Final TestSuit\\20241104_223843\\screenshots/Banner_20241104_231746/shopify_website.png]]

04-11-2024T23:18:14 - [TEST_STEP][PASSED] - click(findTestObject("Object Repository/Thread_Webshop/Banner/Page_Threads  Home  Shopify/span_Online Store")): Object: 'Object Repository/Thread_Webshop/Banner/Page_Threads  Home  Shopify/span_Online Store' is clicked on

04-11-2024T23:18:17 - [MESSAGE][PASSED] - Object: 'Object Repository/Thread_Webshop/Banner/Page_Threads  Home  Shopify/span_Online Store' is clicked on

04-11-2024T23:18:17 - [TEST_STEP][PASSED] - click(findTestObject("Object Repository/Thread_Webshop/Banner/Page_Threads  Themes  Shopify/span_Customize")): Object: 'Object Repository/Thread_Webshop/Banner/Page_Threads  Themes  Shopify/span_Customize' is clicked on

04-11-2024T23:18:49 - [MESSAGE][INFO] - Unable to find the element located by 'By.xpath: //iframe[@name='a99f666a-be2e-4590-8342-6c601bc7b6fe']'. Please recheck the objects properties to make sure the desired element is located. 

04-11-2024T23:18:49 - [MESSAGE][WARNING] - [SELF-HEALING] Failed to find element with id 'Object Repository/Thread_Webshop/Banner/Page_Threads  Themes  Shopify/iframe_Online Store_a99f666a-be2e-4590-8342_49adf1'. Try using Self-healing.

04-11-2024T23:18:49 - [MESSAGE][ERROR] - [SELF-HEALING] com.google.gson.stream.MalformedJsonException: Expected ':' at line 5 column 10 path $.brokenTestObjects[0].<<<<<<<

04-11-2024T23:18:49 - [MESSAGE][INFO] - [SELF-HEALING] Failed Locator: '//iframe[@name='a99f666a-be2e-4590-8342-6c601bc7b6fe']'.

04-11-2024T23:18:49 - [MESSAGE][INFO] - [SELF-HEALING] Working Locator: '//div[@id='AppFrameScrollable']/div/div/div/div/div/div/iframe'.

04-11-2024T23:18:49 - [MESSAGE][INFO] - [SELF-HEALING] Screenshot: C:/Users/SamajitKundu/git/threadShopify/ThreadShopify/Reports/Self-healing/Object Repository/Thread_Webshop/Banner/Page_Threads  Themes  Shopify/iframe_Online Store_a99f666a-be2e-4590-8342_49adf1_idRelative.png

04-11-2024T23:18:49 - [MESSAGE][ERROR] - [SELF-HEALING] com.google.gson.stream.MalformedJsonException: Expected ':' at line 5 column 10 path $.brokenTestObjects[0].<<<<<<<

04-11-2024T23:18:50 - [MESSAGE][ERROR] - [SELF-HEALING] C:\Users\SamajitKundu\git\threadShopify\ThreadShopify\Reports\Self-healing\broken-test-objects-v2.json does not exist or is provided by Self-healing Plugin!

04-11-2024T23:18:50 - [MESSAGE][WARNING] - [SELF-HEALING] The current locator of test object 'Object Repository/Thread_Webshop/Banner/Page_Threads  Themes  Shopify/iframe_Online Store_a99f666a-be2e-4590-8342_49adf1' was broken. Propose an alternative one: '//div[@id='AppFrameScrollable']/div/div/div/div/div/div/iframe'.

04-11-2024T23:18:50 - [MESSAGE][PASSED] - Object: 'Object Repository/Thread_Webshop/Banner/Page_Threads  Themes  Shopify/span_Customize' is clicked on

04-11-2024T23:18:50 - [TEST_STEP][PASSED] - takeScreenshot(screenshotFolder + "customize_page.png"): Taking screenshot successfully

04-11-2024T23:18:51 - [MESSAGE][PASSED] - Taking screenshot successfully
[[ATTACHMENT|C:\\Users\\SamajitKundu\\git\\threadShopify\\ThreadShopify\\Reports\\20241104_223842\\Threads\\Final TestSuit\\20241104_223843\\screenshots/Banner_20241104_231746/customize_page.png]]

04-11-2024T23:18:51 - [TEST_STEP][PASSED] - click(findTestObject("Object Repository/Thread_Webshop/Banner/Page_Threads  Customize Dawn  Shopify/button_Uncover your wardrobe essentials_Onl_54202d")): Object: 'Object Repository/Thread_Webshop/Banner/Page_Threads  Customize Dawn  Shopify/button_Uncover your wardrobe essentials_Onl_54202d' is clicked on

04-11-2024T23:19:22 - [MESSAGE][INFO] - Unable to find the element located by 'By.xpath: //iframe[@name='21babb25-8e7e-4493-93a1-8ae7bd2c3301']'. Please recheck the objects properties to make sure the desired element is located. 

04-11-2024T23:19:22 - [MESSAGE][WARNING] - [SELF-HEALING] Failed to find element with id 'Object Repository/Thread_Webshop/Banner/Page_Threads  Customize Dawn  Shopify/iframe_Skip to content_21babb25-8e7e-4493-9_120058'. Try using Self-healing.

04-11-2024T23:19:22 - [MESSAGE][ERROR] - [SELF-HEALING] com.google.gson.stream.MalformedJsonException: Expected ':' at line 5 column 10 path $.brokenTestObjects[0].<<<<<<<

04-11-2024T23:19:22 - [MESSAGE][INFO] - [SELF-HEALING] Failed Locator: '//iframe[@name='21babb25-8e7e-4493-93a1-8ae7bd2c3301']'.

04-11-2024T23:19:22 - [MESSAGE][INFO] - [SELF-HEALING] Working Locator: '//div[@id='AppFrameScrollable']/div/div/div/div/div/div/iframe'.

04-11-2024T23:19:23 - [MESSAGE][INFO] - [SELF-HEALING] Screenshot: C:/Users/SamajitKundu/git/threadShopify/ThreadShopify/Reports/Self-healing/Object Repository/Thread_Webshop/Banner/Page_Threads  Customize Dawn  Shopify/iframe_Skip to content_21babb25-8e7e-4493-9_120058_idRelative.png

04-11-2024T23:19:23 - [MESSAGE][ERROR] - [SELF-HEALING] com.google.gson.stream.MalformedJsonException: Expected ':' at line 5 column 10 path $.brokenTestObjects[0].<<<<<<<

04-11-2024T23:19:23 - [MESSAGE][ERROR] - [SELF-HEALING] C:\Users\SamajitKundu\git\threadShopify\ThreadShopify\Reports\Self-healing\broken-test-objects-v2.json does not exist or is provided by Self-healing Plugin!

04-11-2024T23:19:23 - [MESSAGE][WARNING] - [SELF-HEALING] The current locator of test object 'Object Repository/Thread_Webshop/Banner/Page_Threads  Customize Dawn  Shopify/iframe_Skip to content_21babb25-8e7e-4493-9_120058' was broken. Propose an alternative one: '//div[@id='AppFrameScrollable']/div/div/div/div/div/div/iframe'.

04-11-2024T23:19:23 - [MESSAGE][PASSED] - Object: 'Object Repository/Thread_Webshop/Banner/Page_Threads  Customize Dawn  Shopify/button_Uncover your wardrobe essentials_Onl_54202d' is clicked on

04-11-2024T23:19:23 - [TEST_STEP][PASSED] - click(findTestObject("Object Repository/Thread_Webshop/Banner/Page_Threads  Customize Dawn  Shopify/input_First button link_UrlSetting1 (1)")): Object: 'Object Repository/Thread_Webshop/Banner/Page_Threads  Customize Dawn  Shopify/input_First button link_UrlSetting1 (1)' is clicked on

04-11-2024T23:19:54 - [MESSAGE][INFO] - Unable to find the element located by 'By.xpath: //iframe[@name='21babb25-8e7e-4493-93a1-8ae7bd2c3301']'. Please recheck the objects properties to make sure the desired element is located. 

04-11-2024T23:19:54 - [MESSAGE][WARNING] - [SELF-HEALING] Failed to find element with id 'Object Repository/Thread_Webshop/Banner/Page_Threads  Customize Dawn  Shopify/iframe_Skip to content_21babb25-8e7e-4493-9_120058'. Try using Self-healing.

04-11-2024T23:19:54 - [MESSAGE][ERROR] - [SELF-HEALING] com.google.gson.stream.MalformedJsonException: Expected ':' at line 5 column 10 path $.brokenTestObjects[0].<<<<<<<

04-11-2024T23:19:54 - [MESSAGE][INFO] - [SELF-HEALING] Failed Locator: '//iframe[@name='21babb25-8e7e-4493-93a1-8ae7bd2c3301']'.

04-11-2024T23:19:55 - [MESSAGE][INFO] - [SELF-HEALING] Working Locator: '//div[@id='AppFrameScrollable']/div/div/div/div/div/div/iframe'.

04-11-2024T23:19:55 - [MESSAGE][INFO] - [SELF-HEALING] Screenshot: C:/Users/SamajitKundu/git/threadShopify/ThreadShopify/Reports/Self-healing/Object Repository/Thread_Webshop/Banner/Page_Threads  Customize Dawn  Shopify/iframe_Skip to content_21babb25-8e7e-4493-9_120058_idRelative.png

04-11-2024T23:19:55 - [MESSAGE][ERROR] - [SELF-HEALING] com.google.gson.stream.MalformedJsonException: Expected ':' at line 5 column 10 path $.brokenTestObjects[0].<<<<<<<

04-11-2024T23:19:55 - [MESSAGE][ERROR] - [SELF-HEALING] C:\Users\SamajitKundu\git\threadShopify\ThreadShopify\Reports\Self-healing\broken-test-objects-v2.json does not exist or is provided by Self-healing Plugin!

04-11-2024T23:19:55 - [MESSAGE][WARNING] - [SELF-HEALING] The current locator of test object 'Object Repository/Thread_Webshop/Banner/Page_Threads  Customize Dawn  Shopify/iframe_Skip to content_21babb25-8e7e-4493-9_120058' was broken. Propose an alternative one: '//div[@id='AppFrameScrollable']/div/div/div/div/div/div/iframe'.

04-11-2024T23:19:55 - [MESSAGE][PASSED] - Object: 'Object Repository/Thread_Webshop/Banner/Page_Threads  Customize Dawn  Shopify/input_First button link_UrlSetting1 (1)' is clicked on

04-11-2024T23:19:55 - [TEST_STEP][PASSED] - click(findTestObject("Object Repository/Thread_Webshop/Banner/Page_Threads  Customize Dawn  Shopify/input_First button link_UrlSetting1 (2)")): Object: 'Object Repository/Thread_Webshop/Banner/Page_Threads  Customize Dawn  Shopify/input_First button link_UrlSetting1 (2)' is clicked on

04-11-2024T23:20:26 - [MESSAGE][INFO] - Unable to find the element located by 'By.xpath: //iframe[@name='9cc54c77-f6ce-460d-a73a-47539e55d8d3']'. Please recheck the objects properties to make sure the desired element is located. 

04-11-2024T23:20:26 - [MESSAGE][WARNING] - [SELF-HEALING] Failed to find element with id 'Object Repository/Thread_Webshop/Banner/Page_Threads  Customize Dawn  Shopify/iframe_Skip to content_9cc54c77-f6ce-460d-a_b95ee9'. Try using Self-healing.

04-11-2024T23:20:26 - [MESSAGE][ERROR] - [SELF-HEALING] com.google.gson.stream.MalformedJsonException: Expected ':' at line 5 column 10 path $.brokenTestObjects[0].<<<<<<<

04-11-2024T23:20:26 - [MESSAGE][INFO] - [SELF-HEALING] Failed Locator: '//iframe[@name='9cc54c77-f6ce-460d-a73a-47539e55d8d3']'.

04-11-2024T23:20:27 - [MESSAGE][INFO] - [SELF-HEALING] Working Locator: '//div[@id='AppFrameScrollable']/div/div/div/div/div/div/iframe'.

04-11-2024T23:20:27 - [MESSAGE][INFO] - [SELF-HEALING] Screenshot: C:/Users/SamajitKundu/git/threadShopify/ThreadShopify/Reports/Self-healing/Object Repository/Thread_Webshop/Banner/Page_Threads  Customize Dawn  Shopify/iframe_Skip to content_9cc54c77-f6ce-460d-a_b95ee9_idRelative.png

04-11-2024T23:20:27 - [MESSAGE][ERROR] - [SELF-HEALING] com.google.gson.stream.MalformedJsonException: Expected ':' at line 5 column 10 path $.brokenTestObjects[0].<<<<<<<

04-11-2024T23:20:27 - [MESSAGE][ERROR] - [SELF-HEALING] C:\Users\SamajitKundu\git\threadShopify\ThreadShopify\Reports\Self-healing\broken-test-objects-v2.json does not exist or is provided by Self-healing Plugin!

04-11-2024T23:20:27 - [MESSAGE][WARNING] - [SELF-HEALING] The current locator of test object 'Object Repository/Thread_Webshop/Banner/Page_Threads  Customize Dawn  Shopify/iframe_Skip to content_9cc54c77-f6ce-460d-a_b95ee9' was broken. Propose an alternative one: '//div[@id='AppFrameScrollable']/div/div/div/div/div/div/iframe'.

04-11-2024T23:20:27 - [MESSAGE][PASSED] - Object: 'Object Repository/Thread_Webshop/Banner/Page_Threads  Customize Dawn  Shopify/input_First button link_UrlSetting1 (2)' is clicked on

04-11-2024T23:20:27 - [TEST_STEP][PASSED] - click(findTestObject("Object Repository/Thread_Webshop/Banner/Page_Threads  Customize Dawn  Shopify/div_Products (2)")): Object: 'Object Repository/Thread_Webshop/Banner/Page_Threads  Customize Dawn  Shopify/div_Products (2)' is clicked on

04-11-2024T23:20:58 - [MESSAGE][INFO] - Unable to find the element located by 'By.xpath: //iframe[@name='9cc54c77-f6ce-460d-a73a-47539e55d8d3']'. Please recheck the objects properties to make sure the desired element is located. 

04-11-2024T23:20:58 - [MESSAGE][WARNING] - [SELF-HEALING] Failed to find element with id 'Object Repository/Thread_Webshop/Banner/Page_Threads  Customize Dawn  Shopify/iframe_Skip to content_9cc54c77-f6ce-460d-a_b95ee9'. Try using Self-healing.

04-11-2024T23:20:58 - [MESSAGE][ERROR] - [SELF-HEALING] com.google.gson.stream.MalformedJsonException: Expected ':' at line 5 column 10 path $.brokenTestObjects[0].<<<<<<<

04-11-2024T23:20:59 - [MESSAGE][INFO] - [SELF-HEALING] Failed Locator: '//iframe[@name='9cc54c77-f6ce-460d-a73a-47539e55d8d3']'.

04-11-2024T23:20:59 - [MESSAGE][INFO] - [SELF-HEALING] Working Locator: '//div[@id='AppFrameScrollable']/div/div/div/div/div/div/iframe'.

04-11-2024T23:20:59 - [MESSAGE][INFO] - [SELF-HEALING] Screenshot: C:/Users/SamajitKundu/git/threadShopify/ThreadShopify/Reports/Self-healing/Object Repository/Thread_Webshop/Banner/Page_Threads  Customize Dawn  Shopify/iframe_Skip to content_9cc54c77-f6ce-460d-a_b95ee9_idRelative.png

04-11-2024T23:20:59 - [MESSAGE][ERROR] - [SELF-HEALING] com.google.gson.stream.MalformedJsonException: Expected ':' at line 5 column 10 path $.brokenTestObjects[0].<<<<<<<

04-11-2024T23:20:59 - [MESSAGE][ERROR] - [SELF-HEALING] C:\Users\SamajitKundu\git\threadShopify\ThreadShopify\Reports\Self-healing\broken-test-objects-v2.json does not exist or is provided by Self-healing Plugin!

04-11-2024T23:20:59 - [MESSAGE][WARNING] - [SELF-HEALING] The current locator of test object 'Object Repository/Thread_Webshop/Banner/Page_Threads  Customize Dawn  Shopify/iframe_Skip to content_9cc54c77-f6ce-460d-a_b95ee9' was broken. Propose an alternative one: '//div[@id='AppFrameScrollable']/div/div/div/div/div/div/iframe'.

04-11-2024T23:20:59 - [MESSAGE][PASSED] - Object: 'Object Repository/Thread_Webshop/Banner/Page_Threads  Customize Dawn  Shopify/div_Products (2)' is clicked on

04-11-2024T23:20:59 - [TEST_STEP][PASSED] - click(findTestObject("Object Repository/Thread_Webshop/Banner/Page_Threads  Customize Dawn  Shopify/div_All products")): Object: 'Object Repository/Thread_Webshop/Banner/Page_Threads  Customize Dawn  Shopify/div_All products' is clicked on

04-11-2024T23:21:30 - [MESSAGE][INFO] - Unable to find the element located by 'By.xpath: //iframe[@name='9cc54c77-f6ce-460d-a73a-47539e55d8d3']'. Please recheck the objects properties to make sure the desired element is located. 

04-11-2024T23:21:30 - [MESSAGE][WARNING] - [SELF-HEALING] Failed to find element with id 'Object Repository/Thread_Webshop/Banner/Page_Threads  Customize Dawn  Shopify/iframe_Skip to content_9cc54c77-f6ce-460d-a_b95ee9'. Try using Self-healing.

04-11-2024T23:21:30 - [MESSAGE][ERROR] - [SELF-HEALING] com.google.gson.stream.MalformedJsonException: Expected ':' at line 5 column 10 path $.brokenTestObjects[0].<<<<<<<

04-11-2024T23:21:31 - [MESSAGE][INFO] - [SELF-HEALING] Failed Locator: '//iframe[@name='9cc54c77-f6ce-460d-a73a-47539e55d8d3']'.

04-11-2024T23:21:31 - [MESSAGE][INFO] - [SELF-HEALING] Working Locator: '//div[@id='AppFrameScrollable']/div/div/div/div/div/div/iframe'.

04-11-2024T23:21:31 - [MESSAGE][INFO] - [SELF-HEALING] Screenshot: C:/Users/SamajitKundu/git/threadShopify/ThreadShopify/Reports/Self-healing/Object Repository/Thread_Webshop/Banner/Page_Threads  Customize Dawn  Shopify/iframe_Skip to content_9cc54c77-f6ce-460d-a_b95ee9_idRelative.png

04-11-2024T23:21:31 - [MESSAGE][ERROR] - [SELF-HEALING] com.google.gson.stream.MalformedJsonException: Expected ':' at line 5 column 10 path $.brokenTestObjects[0].<<<<<<<

04-11-2024T23:21:31 - [MESSAGE][ERROR] - [SELF-HEALING] C:\Users\SamajitKundu\git\threadShopify\ThreadShopify\Reports\Self-healing\broken-test-objects-v2.json does not exist or is provided by Self-healing Plugin!

04-11-2024T23:21:31 - [MESSAGE][WARNING] - [SELF-HEALING] The current locator of test object 'Object Repository/Thread_Webshop/Banner/Page_Threads  Customize Dawn  Shopify/iframe_Skip to content_9cc54c77-f6ce-460d-a_b95ee9' was broken. Propose an alternative one: '//div[@id='AppFrameScrollable']/div/div/div/div/div/div/iframe'.

04-11-2024T23:21:31 - [MESSAGE][PASSED] - Object: 'Object Repository/Thread_Webshop/Banner/Page_Threads  Customize Dawn  Shopify/div_All products' is clicked on

04-11-2024T23:21:31 - [TEST_STEP][PASSED] - takeScreenshot(screenshotFolder + "selection_banner.png"): Taking screenshot successfully

04-11-2024T23:21:32 - [MESSAGE][PASSED] - Taking screenshot successfully
[[ATTACHMENT|C:\\Users\\SamajitKundu\\git\\threadShopify\\ThreadShopify\\Reports\\20241104_223842\\Threads\\Final TestSuit\\20241104_223843\\screenshots/Banner_20241104_231746/selection_banner.png]]

04-11-2024T23:21:32 - [TEST_STEP][PASSED] - click(findTestObject("Object Repository/Thread_Webshop/Banner/Page_Threads  Customize Dawn  Shopify/span_Save (4)")): Object: 'Object Repository/Thread_Webshop/Banner/Page_Threads  Customize Dawn  Shopify/span_Save (4)' is clicked on

04-11-2024T23:22:03 - [MESSAGE][INFO] - Unable to find the element located by 'By.xpath: //iframe[@name='fe56d741-3ec3-491d-b2e4-4f073b20fe50']'. Please recheck the objects properties to make sure the desired element is located. 

04-11-2024T23:22:03 - [MESSAGE][WARNING] - [SELF-HEALING] Failed to find element with id 'Object Repository/Thread_Webshop/Banner/Page_Threads  Customize Dawn  Shopify/iframe_Skip to content_fe56d741-3ec3-491d-b_5f461d'. Try using Self-healing.

04-11-2024T23:22:03 - [MESSAGE][ERROR] - [SELF-HEALING] com.google.gson.stream.MalformedJsonException: Expected ':' at line 5 column 10 path $.brokenTestObjects[0].<<<<<<<

04-11-2024T23:22:04 - [MESSAGE][INFO] - [SELF-HEALING] Failed Locator: '//iframe[@name='fe56d741-3ec3-491d-b2e4-4f073b20fe50']'.

04-11-2024T23:22:04 - [MESSAGE][INFO] - [SELF-HEALING] Working Locator: '//div[@id='AppFrameScrollable']/div/div/div/div/div/div/iframe'.

04-11-2024T23:22:04 - [MESSAGE][INFO] - [SELF-HEALING] Screenshot: C:/Users/SamajitKundu/git/threadShopify/ThreadShopify/Reports/Self-healing/Object Repository/Thread_Webshop/Banner/Page_Threads  Customize Dawn  Shopify/iframe_Skip to content_fe56d741-3ec3-491d-b_5f461d_idRelative.png

04-11-2024T23:22:04 - [MESSAGE][ERROR] - [SELF-HEALING] com.google.gson.stream.MalformedJsonException: Expected ':' at line 5 column 10 path $.brokenTestObjects[0].<<<<<<<

04-11-2024T23:22:04 - [MESSAGE][ERROR] - [SELF-HEALING] C:\Users\SamajitKundu\git\threadShopify\ThreadShopify\Reports\Self-healing\broken-test-objects-v2.json does not exist or is provided by Self-healing Plugin!

04-11-2024T23:22:04 - [MESSAGE][WARNING] - [SELF-HEALING] The current locator of test object 'Object Repository/Thread_Webshop/Banner/Page_Threads  Customize Dawn  Shopify/iframe_Skip to content_fe56d741-3ec3-491d-b_5f461d' was broken. Propose an alternative one: '//div[@id='AppFrameScrollable']/div/div/div/div/div/div/iframe'.

04-11-2024T23:22:04 - [MESSAGE][PASSED] - Object: 'Object Repository/Thread_Webshop/Banner/Page_Threads  Customize Dawn  Shopify/span_Save (4)' is clicked on

04-11-2024T23:22:05 - [TEST_STEP][PASSED] - delay(2): Delayed 2 second(s)

04-11-2024T23:22:07 - [MESSAGE][PASSED] - Delayed 2 second(s)

04-11-2024T23:22:07 - [TEST_STEP][PASSED] - callTestCase(findTestCase("Threads_Webshop/ReUsable Testcases/Enter Password"), [:], STOP_ON_FAILURE): Call Test Case 'Test Cases/Threads_Webshop/ReUsable Testcases/Enter Password' successfully

04-11-2024T23:22:07 - [TEST_CASE][PASSED] - Test Cases/Threads_Webshop/ReUsable Testcases/Enter Password: Test Cases/Threads_Webshop/ReUsable Testcases/Enter Password

04-11-2024T23:22:07 - [TEST_STEP][PASSED] - openBrowser(""): Browser is opened with url: ''

04-11-2024T23:22:07 - [MESSAGE][WARNING] - A browser is already opened. Closing browser and opening a new one

04-11-2024T23:22:08 - [MESSAGE][INFO] - Starting 'Chrome' driver

04-11-2024T23:22:08 - [MESSAGE][INFO] - Action delay is set to 0 milliseconds

04-11-2024T23:22:09 - [MESSAGE][PASSED] - Browser is opened with url: ''

04-11-2024T23:22:09 - [TEST_STEP][PASSED] - maximizeWindow(): Current window maximized

04-11-2024T23:22:09 - [MESSAGE][PASSED] - Current window maximized

04-11-2024T23:22:09 - [TEST_STEP][PASSED] - navigateToUrl("https://threads0.myshopify.com/password"): Navigate to 'https://threads0.myshopify.com/password' successfully

04-11-2024T23:22:10 - [MESSAGE][PASSED] - Navigate to 'https://threads0.myshopify.com/password' successfully

04-11-2024T23:22:10 - [TEST_STEP][PASSED] - click(findTestObject("Object Repository/Thread_Webshop/Reusable Testcase/Page_Threads/div_Enter using password")): Object: 'Object Repository/Thread_Webshop/Reusable Testcase/Page_Threads/div_Enter using password' is clicked on

04-11-2024T23:22:17 - [MESSAGE][PASSED] - Object: 'Object Repository/Thread_Webshop/Reusable Testcase/Page_Threads/div_Enter using password' is clicked on

04-11-2024T23:22:17 - [TEST_STEP][PASSED] - setEncryptedText(findTestObject("Object Repository/Thread_Webshop/Reusable Testcase/Page_Threads/input_Enter store using password_password"), "gnzTAVlujIw+lTr0To6+Cg=="): Text ****** has been set on object 'Object Repository/Thread_Webshop/Reusable Testcase/Page_Threads/input_Enter store using password_password'

04-11-2024T23:22:18 - [MESSAGE][PASSED] - Text ****** has been set on object 'Object Repository/Thread_Webshop/Reusable Testcase/Page_Threads/input_Enter store using password_password'

04-11-2024T23:22:18 - [TEST_STEP][PASSED] - click(findTestObject("Object Repository/Thread_Webshop/Reusable Testcase/Page_Threads/button_Enter")): Object: 'Object Repository/Thread_Webshop/Reusable Testcase/Page_Threads/button_Enter' is clicked on

04-11-2024T23:22:20 - [MESSAGE][PASSED] - Object: 'Object Repository/Thread_Webshop/Reusable Testcase/Page_Threads/button_Enter' is clicked on

04-11-2024T23:22:20 - [MESSAGE][INFO] - 

04-11-2024T23:22:20 - [MESSAGE][INFO] - ===================== Self-healing Report ====================

04-11-2024T23:22:20 - [MESSAGE][INFO] - One of the failed test object locators has been recovered by Self-healing. Please refer to the Self-healing Insights tab for more details.

04-11-2024T23:22:20 - [MESSAGE][INFO] - To learn more about Self-healing, please read https://docs.katalon.com/katalon-studio/docs/self-healing.html

04-11-2024T23:22:20 - [MESSAGE][INFO] - ==============================================================

04-11-2024T23:22:20 - [MESSAGE][PASSED] - Call Test Case 'Test Cases/Threads_Webshop/ReUsable Testcases/Enter Password' successfully

04-11-2024T23:22:20 - [TEST_STEP][PASSED] - click(findTestObject("Object Repository/Thread_Webshop/Banner/Page_Threads/a_Explore Threads_1")): Object: 'Object Repository/Thread_Webshop/Banner/Page_Threads/a_Explore Threads_1' is clicked on

04-11-2024T23:22:22 - [MESSAGE][PASSED] - Object: 'Object Repository/Thread_Webshop/Banner/Page_Threads/a_Explore Threads_1' is clicked on

04-11-2024T23:22:22 - [TEST_STEP][PASSED] - takeScreenshot(screenshotFolder + "check_banner.png"): Taking screenshot successfully

04-11-2024T23:22:25 - [MESSAGE][PASSED] - Taking screenshot successfully
[[ATTACHMENT|C:\\Users\\SamajitKundu\\git\\threadShopify\\ThreadShopify\\Reports\\20241104_223842\\Threads\\Final TestSuit\\20241104_223843\\screenshots/Banner_20241104_231746/check_banner.png]]

04-11-2024T23:22:25 - [TEST_STEP][PASSED] - click(findTestObject("Object Repository/Thread_Webshop/Banner/Page_Products  Threads/a_ADIDAS  CLASSIC BACKPACK")): Object: 'Object Repository/Thread_Webshop/Banner/Page_Products  Threads/a_ADIDAS  CLASSIC BACKPACK' is clicked on

04-11-2024T23:22:27 - [MESSAGE][PASSED] - Object: 'Object Repository/Thread_Webshop/Banner/Page_Products  Threads/a_ADIDAS  CLASSIC BACKPACK' is clicked on

04-11-2024T23:22:27 - [TEST_STEP][PASSED] - closeBrowser(): Browser is closed

04-11-2024T23:22:28 - [MESSAGE][PASSED] - Browser is closed]]></system-out>
         <system-err><![CDATA[]]></system-err>
      </testcase>
      <system-out><![CDATA[04-11-2024T22:38:46 - [TEST_SUITE][FAILED] - Final TestSuit: Test Cases/Threads_Webshop/7 My Account/TC-308,307-Verify the Credit Card details FAILED.
Reason:
com.kms.katalon.core.exception.StepFailedException: Unable to verify text 'Your order is confirmed' is present 
	at com.kms.katalon.core.webui.keyword.internal.WebUIKeywordMain.stepFailed(WebUIKeywordMain.groovy:117)
	at com.kms.katalon.core.webui.keyword.internal.WebUIKeywordMain.runKeyword(WebUIKeywordMain.groovy:43)
	at com.kms.katalon.core.webui.keyword.builtin.VerifyTextPresentKeyword.verifyTextPresent(VerifyTextPresentKeyword.groovy:83)
	at com.kms.katalon.core.webui.keyword.builtin.VerifyTextPresentKeyword.execute(VerifyTextPresentKeyword.groovy:68)
	at com.kms.katalon.core.keyword.internal.KeywordExecutor.executeKeywordForPlatform(KeywordExecutor.groovy:74)
	at com.kms.katalon.core.webui.keyword.WebUiBuiltInKeywords.verifyTextPresent(WebUiBuiltInKeywords.groovy:1762)
	at TC-308,307-Verify the Credit Card details.run(TC-308,307-Verify the Credit Card details:122)
	at com.kms.katalon.core.main.ScriptEngine.run(ScriptEngine.java:194)
	at com.kms.katalon.core.main.ScriptEngine.runScriptAsRawText(ScriptEngine.java:119)
	at com.kms.katalon.core.main.TestCaseExecutor.runScript(TestCaseExecutor.java:448)
	at com.kms.katalon.core.main.TestCaseExecutor.doExecute(TestCaseExecutor.java:439)
	at com.kms.katalon.core.main.TestCaseExecutor.processExecutionPhase(TestCaseExecutor.java:418)
	at com.kms.katalon.core.main.TestCaseExecutor.accessMainPhase(TestCaseExecutor.java:410)
	at com.kms.katalon.core.main.TestCaseExecutor.execute(TestCaseExecutor.java:285)
	at com.kms.katalon.core.common.CommonExecutor.accessTestCaseMainPhase(CommonExecutor.java:65)
	at com.kms.katalon.core.main.TestSuiteExecutor.accessTestSuiteMainPhase(TestSuiteExecutor.java:150)
	at com.kms.katalon.core.main.TestSuiteExecutor.execute(TestSuiteExecutor.java:106)
	at com.kms.katalon.core.main.TestCaseMain.startTestSuite(TestCaseMain.java:180)
	at TempTestSuite1730740123771.run(TempTestSuite1730740123771.groovy:35)
	at java.base/jdk.internal.reflect.NativeMethodAccessorImpl.invoke0(Native Method)
	at java.base/jdk.internal.reflect.NativeMethodAccessorImpl.invoke(NativeMethodAccessorImpl.java:77)
	at java.base/jdk.internal.reflect.DelegatingMethodAccessorImpl.invoke(DelegatingMethodAccessorImpl.java:43)
Caused by: com.kms.katalon.core.exception.StepFailedException: Text 'Your order is confirmed' is not present on page 
	at com.kms.katalon.core.webui.keyword.internal.WebUIKeywordMain.stepFailed(WebUIKeywordMain.groovy:117)
	at com.kms.katalon.core.webui.keyword.builtin.VerifyTextPresentKeyword$_verifyTextPresent_closure1.doCall(VerifyTextPresentKeyword.groovy:79)
	at com.kms.katalon.core.webui.keyword.builtin.VerifyTextPresentKeyword$_verifyTextPresent_closure1.call(VerifyTextPresentKeyword.groovy)
	at com.kms.katalon.core.webui.keyword.internal.WebUIKeywordMain.runKeyword(WebUIKeywordMain.groovy:35)
	... 20 more]]></system-out>
      <system-err><![CDATA[04-11-2024T22:38:46 - [TEST_SUITE][FAILED] - Final TestSuit: Test Cases/Threads_Webshop/7 My Account/TC-308,307-Verify the Credit Card details FAILED.
Reason:
com.kms.katalon.core.exception.StepFailedException: Unable to verify text 'Your order is confirmed' is present 
	at com.kms.katalon.core.webui.keyword.internal.WebUIKeywordMain.stepFailed(WebUIKeywordMain.groovy:117)
	at com.kms.katalon.core.webui.keyword.internal.WebUIKeywordMain.runKeyword(WebUIKeywordMain.groovy:43)
	at com.kms.katalon.core.webui.keyword.builtin.VerifyTextPresentKeyword.verifyTextPresent(VerifyTextPresentKeyword.groovy:83)
	at com.kms.katalon.core.webui.keyword.builtin.VerifyTextPresentKeyword.execute(VerifyTextPresentKeyword.groovy:68)
	at com.kms.katalon.core.keyword.internal.KeywordExecutor.executeKeywordForPlatform(KeywordExecutor.groovy:74)
	at com.kms.katalon.core.webui.keyword.WebUiBuiltInKeywords.verifyTextPresent(WebUiBuiltInKeywords.groovy:1762)
	at TC-308,307-Verify the Credit Card details.run(TC-308,307-Verify the Credit Card details:122)
	at com.kms.katalon.core.main.ScriptEngine.run(ScriptEngine.java:194)
	at com.kms.katalon.core.main.ScriptEngine.runScriptAsRawText(ScriptEngine.java:119)
	at com.kms.katalon.core.main.TestCaseExecutor.runScript(TestCaseExecutor.java:448)
	at com.kms.katalon.core.main.TestCaseExecutor.doExecute(TestCaseExecutor.java:439)
	at com.kms.katalon.core.main.TestCaseExecutor.processExecutionPhase(TestCaseExecutor.java:418)
	at com.kms.katalon.core.main.TestCaseExecutor.accessMainPhase(TestCaseExecutor.java:410)
	at com.kms.katalon.core.main.TestCaseExecutor.execute(TestCaseExecutor.java:285)
	at com.kms.katalon.core.common.CommonExecutor.accessTestCaseMainPhase(CommonExecutor.java:65)
	at com.kms.katalon.core.main.TestSuiteExecutor.accessTestSuiteMainPhase(TestSuiteExecutor.java:150)
	at com.kms.katalon.core.main.TestSuiteExecutor.execute(TestSuiteExecutor.java:106)
	at com.kms.katalon.core.main.TestCaseMain.startTestSuite(TestCaseMain.java:180)
	at TempTestSuite1730740123771.run(TempTestSuite1730740123771.groovy:35)
	at java.base/jdk.internal.reflect.NativeMethodAccessorImpl.invoke0(Native Method)
	at java.base/jdk.internal.reflect.NativeMethodAccessorImpl.invoke(NativeMethodAccessorImpl.java:77)
	at java.base/jdk.internal.reflect.DelegatingMethodAccessorImpl.invoke(DelegatingMethodAccessorImpl.java:43)
Caused by: com.kms.katalon.core.exception.StepFailedException: Text 'Your order is confirmed' is not present on page 
	at com.kms.katalon.core.webui.keyword.internal.WebUIKeywordMain.stepFailed(WebUIKeywordMain.groovy:117)
	at com.kms.katalon.core.webui.keyword.builtin.VerifyTextPresentKeyword$_verifyTextPresent_closure1.doCall(VerifyTextPresentKeyword.groovy:79)
	at com.kms.katalon.core.webui.keyword.builtin.VerifyTextPresentKeyword$_verifyTextPresent_closure1.call(VerifyTextPresentKeyword.groovy)
	at com.kms.katalon.core.webui.keyword.internal.WebUIKeywordMain.runKeyword(WebUIKeywordMain.groovy:35)
	... 20 more]]></system-err>
   </testsuite>
</testsuites>
