<?xml version="1.0" encoding="UTF-8"?>
<testsuites name="New Test Suite" time="2325.903" tests="19" failures="2" errors="1">
   <testsuite name="New Test Suite" tests="19" failures="2" errors="1" time="2325.903" skipped="0" timestamp="04-11-2024T15:29:38" hostname="AnusmitaKundu - PSDLAP361" id="Test Suites/Threads/New Test Suite">
      <properties>
         <property name="deviceName" value=""/>
         <property name="devicePlatform"/>
         <property name="logFolder" value="C:\\Users\\AnusmitaKundu\\git\\threadShopify\\ThreadShopify\\Reports\\20241104_152933\\Threads\\New Test Suite\\20241104_152934"/>
         <property name="logFiles" value="C:\\Users\\AnusmitaKundu\\git\\threadShopify\\ThreadShopify\\Reports\\20241104_152933\\Threads\\New Test Suite\\20241104_152934\\execution0.log"/>
         <property name="attachments" value="C:\\Users\\AnusmitaKundu\\git\\threadShopify\\ThreadShopify\\Reports\\20241104_152933\\Threads\\New Test Suite\\20241104_152934\\screenshots/regestration_20241104152938/enter_password.png, C:\\Users\\AnusmitaKundu\\git\\threadShopify\\ThreadShopify\\Reports\\20241104_152933\\Threads\\New Test Suite\\20241104_152934\\screenshots/regestration_20241104152938/home_page.png, C:\\Users\\AnusmitaKundu\\git\\threadShopify\\ThreadShopify\\Reports\\20241104_152933\\Threads\\New Test Suite\\20241104_152934\\screenshots/regestration_20241104152938/create_account_page.png, C:\\Users\\AnusmitaKundu\\git\\threadShopify\\ThreadShopify\\Reports\\20241104_152933\\Threads\\New Test Suite\\20241104_152934\\screenshots/regestration_20241104152938/account_page.png, C:\\Users\\AnusmitaKundu\\git\\threadShopify\\ThreadShopify\\Reports\\20241104_152933\\Threads\\New Test Suite\\20241104_152934\\screenshots/regestration_20241104152938/blank_fields.png, C:\\Users\\AnusmitaKundu\\git\\threadShopify\\ThreadShopify\\Reports\\20241104_152933\\Threads\\New Test Suite\\20241104_152934\\screenshots/regestration_20241104152938/without_passwordBefore.png, C:\\Users\\AnusmitaKundu\\git\\threadShopify\\ThreadShopify\\Reports\\20241104_152933\\Threads\\New Test Suite\\20241104_152934\\screenshots/regestration_20241104152938/without_passwordAfter.png, C:\\Users\\AnusmitaKundu\\git\\threadShopify\\ThreadShopify\\Reports\\20241104_152933\\Threads\\New Test Suite\\20241104_152934\\screenshots/regestration_20241104152938/wrong_emailBefore.png, C:\\Users\\AnusmitaKundu\\git\\threadShopify\\ThreadShopify\\Reports\\20241104_152933\\Threads\\New Test Suite\\20241104_152934\\screenshots/regestration_20241104152938/wrong_emailAfter.png, C:\\Users\\AnusmitaKundu\\git\\threadShopify\\ThreadShopify\\Reports\\20241104_152933\\Threads\\New Test Suite\\20241104_152934\\screenshots/regestration_20241104152938/correctBefore.png, C:\\Users\\AnusmitaKundu\\git\\threadShopify\\ThreadShopify\\Reports\\20241104_152933\\Threads\\New Test Suite\\20241104_152934\\screenshots/regestration_20241104152938/correctAfter.png, C:\\Users\\AnusmitaKundu\\git\\threadShopify\\ThreadShopify\\Reports\\20241104_152933\\Threads\\New Test Suite\\20241104_152934\\screenshots/regestration_20241104152938/home_page_post_login.png, C:\\Users\\AnusmitaKundu\\git\\threadShopify\\ThreadShopify\\Reports\\20241104_152933\\Threads\\New Test Suite\\20241104_152934\\screenshots/regestration_20241104152938/logout.png, C:\\Users\\AnusmitaKundu\\git\\threadShopify\\ThreadShopify\\Reports\\20241104_152933\\Threads\\New Test Suite\\20241104_152934\\screenshots/login_20241104153033/login_page.png, C:\\Users\\AnusmitaKundu\\git\\threadShopify\\ThreadShopify\\Reports\\20241104_152933\\Threads\\New Test Suite\\20241104_152934\\screenshots/login_20241104153033/login_page_after.png, C:\\Users\\AnusmitaKundu\\git\\threadShopify\\ThreadShopify\\Reports\\20241104_152933\\Threads\\New Test Suite\\20241104_152934\\screenshots/login_20241104153033/invalid_email_before.png, C:\\Users\\AnusmitaKundu\\git\\threadShopify\\ThreadShopify\\Reports\\20241104_152933\\Threads\\New Test Suite\\20241104_152934\\screenshots/login_20241104153033/invalid_email_after.png, C:\\Users\\AnusmitaKundu\\git\\threadShopify\\ThreadShopify\\Reports\\20241104_152933\\Threads\\New Test Suite\\20241104_152934\\screenshots/login_20241104153033/invalid_password_before.png, C:\\Users\\AnusmitaKundu\\git\\threadShopify\\ThreadShopify\\Reports\\20241104_152933\\Threads\\New Test Suite\\20241104_152934\\screenshots/login_20241104153033/invalid_password_after.png, C:\\Users\\AnusmitaKundu\\git\\threadShopify\\ThreadShopify\\Reports\\20241104_152933\\Threads\\New Test Suite\\20241104_152934\\screenshots/login_20241104153033/valid_before.png, C:\\Users\\AnusmitaKundu\\git\\threadShopify\\ThreadShopify\\Reports\\20241104_152933\\Threads\\New Test Suite\\20241104_152934\\screenshots/login_20241104153033/valid_after.png, C:\\Users\\AnusmitaKundu\\git\\threadShopify\\ThreadShopify\\Reports\\20241104_152933\\Threads\\New Test Suite\\20241104_152934\\screenshots/login_20241104153033/account_page.png, C:\\Users\\AnusmitaKundu\\git\\threadShopify\\ThreadShopify\\Reports\\20241104_152933\\Threads\\New Test Suite\\20241104_152934\\screenshots/login_20241104153033/logout_page.png, C:\\Users\\AnusmitaKundu\\git\\threadShopify\\ThreadShopify\\Reports\\20241104_152933\\Threads\\New Test Suite\\20241104_152934\\screenshots/login_20241104153033/login_page_after_logout.png, C:\\Users\\AnusmitaKundu\\git\\threadShopify\\ThreadShopify\\Reports\\20241104_152933\\Threads\\New Test Suite\\20241104_152934\\screenshots/home_page_20241104_153129/home.png, C:\\Users\\AnusmitaKundu\\git\\threadShopify\\ThreadShopify\\Reports\\20241104_152933\\Threads\\New Test Suite\\20241104_152934\\screenshots/home_page_20241104_153129/open_search_bar.png, C:\\Users\\AnusmitaKundu\\git\\threadShopify\\ThreadShopify\\Reports\\20241104_152933\\Threads\\New Test Suite\\20241104_152934\\screenshots/home_page_20241104_153129/blank_bar.png, C:\\Users\\AnusmitaKundu\\git\\threadShopify\\ThreadShopify\\Reports\\20241104_152933\\Threads\\New Test Suite\\20241104_152934\\screenshots/home_page_20241104_153129/invalid_before.png, C:\\Users\\AnusmitaKundu\\git\\threadShopify\\ThreadShopify\\Reports\\20241104_152933\\Threads\\New Test Suite\\20241104_152934\\screenshots/home_page_20241104_153129/invalid_after.png, C:\\Users\\AnusmitaKundu\\git\\threadShopify\\ThreadShopify\\Reports\\20241104_152933\\Threads\\New Test Suite\\20241104_152934\\screenshots/home_page_20241104_153129/search_item_before.png, C:\\Users\\AnusmitaKundu\\git\\threadShopify\\ThreadShopify\\Reports\\20241104_152933\\Threads\\New Test Suite\\20241104_152934\\screenshots/home_page_20241104_153129/search_item_after.png, C:\\Users\\AnusmitaKundu\\git\\threadShopify\\ThreadShopify\\Reports\\20241104_152933\\Threads\\New Test Suite\\20241104_152934\\screenshots/home_page_20241104_153129/search_result.png, C:\\Users\\AnusmitaKundu\\git\\threadShopify\\ThreadShopify\\Reports\\20241104_152933\\Threads\\New Test Suite\\20241104_152934\\screenshots/home_page_20241104_153129/home_final.png, C:\\Users\\AnusmitaKundu\\git\\threadShopify\\ThreadShopify\\Reports\\20241104_152933\\Threads\\New Test Suite\\20241104_152934\\screenshots/home_page_20241104_153204/social_media_icon.png, C:\\Users\\AnusmitaKundu\\git\\threadShopify\\ThreadShopify\\Reports\\20241104_152933\\Threads\\New Test Suite\\20241104_152934\\screenshots/home_page_20241104_153221/home.png, C:\\Users\\AnusmitaKundu\\git\\threadShopify\\ThreadShopify\\Reports\\20241104_152933\\Threads\\New Test Suite\\20241104_152934\\screenshots/home_page_20241104_153221/banner.png, C:\\Users\\AnusmitaKundu\\git\\threadShopify\\ThreadShopify\\Reports\\20241104_152933\\Threads\\New Test Suite\\20241104_152934\\screenshots/home_page_20241104_153221/featured.png, C:\\Users\\AnusmitaKundu\\git\\threadShopify\\ThreadShopify\\Reports\\20241104_152933\\Threads\\New Test Suite\\20241104_152934\\screenshots/shopping_cart_20241104_153338/home.png, C:\\Users\\AnusmitaKundu\\git\\threadShopify\\ThreadShopify\\Reports\\20241104_152933\\Threads\\New Test Suite\\20241104_152934\\screenshots/shopping_cart_20241104_153338/catalog.png, C:\\Users\\AnusmitaKundu\\git\\threadShopify\\ThreadShopify\\Reports\\20241104_152933\\Threads\\New Test Suite\\20241104_152934\\screenshots/shopping_cart_20241104_153338/addToCart1.png, C:\\Users\\AnusmitaKundu\\git\\threadShopify\\ThreadShopify\\Reports\\20241104_152933\\Threads\\New Test Suite\\20241104_152934\\screenshots/shopping_cart_20241104_153338/addToCart2.png, C:\\Users\\AnusmitaKundu\\git\\threadShopify\\ThreadShopify\\Reports\\20241104_152933\\Threads\\New Test Suite\\20241104_152934\\screenshots/shopping_cart_20241104_153338/addToCart3.png, C:\\Users\\AnusmitaKundu\\git\\threadShopify\\ThreadShopify\\Reports\\20241104_152933\\Threads\\New Test Suite\\20241104_152934\\screenshots/shopping_cart_20241104_153338/verify_cart.png, C:\\Users\\AnusmitaKundu\\git\\threadShopify\\ThreadShopify\\Reports\\20241104_152933\\Threads\\New Test Suite\\20241104_152934\\screenshots/shopping_cart_20241104_153431/home.png, C:\\Users\\AnusmitaKundu\\git\\threadShopify\\ThreadShopify\\Reports\\20241104_152933\\Threads\\New Test Suite\\20241104_152934\\screenshots/shopping_cart_20241104_153431/item.png, C:\\Users\\AnusmitaKundu\\git\\threadShopify\\ThreadShopify\\Reports\\20241104_152933\\Threads\\New Test Suite\\20241104_152934\\screenshots/shopping_cart_20241104_153431/verify_cart.png, C:\\Users\\AnusmitaKundu\\git\\threadShopify\\ThreadShopify\\Reports\\20241104_152933\\Threads\\New Test Suite\\20241104_152934\\screenshots/shopping_cart_20241104_153452/home.png, C:\\Users\\AnusmitaKundu\\git\\threadShopify\\ThreadShopify\\Reports\\20241104_152933\\Threads\\New Test Suite\\20241104_152934\\screenshots/shopping_cart_20241104_153452/item.png, C:\\Users\\AnusmitaKundu\\git\\threadShopify\\ThreadShopify\\Reports\\20241104_152933\\Threads\\New Test Suite\\20241104_152934\\screenshots/shopping_cart_20241104_153452/verify_cart.png, C:\\Users\\AnusmitaKundu\\git\\threadShopify\\ThreadShopify\\Reports\\20241104_152933\\Threads\\New Test Suite\\20241104_152934\\screenshots/shopping_cart_20241104_153452/checkout.png, C:\\Users\\AnusmitaKundu\\git\\threadShopify\\ThreadShopify\\Reports\\20241104_152933\\Threads\\New Test Suite\\20241104_152934\\screenshots/shopping_cart_20241104_153452/promo.png, C:\\Users\\AnusmitaKundu\\git\\threadShopify\\ThreadShopify\\Reports\\20241104_152933\\Threads\\New Test Suite\\20241104_152934\\screenshots/shopping_cart_20241104_153452/verify_price.png, C:\\Users\\AnusmitaKundu\\git\\threadShopify\\ThreadShopify\\Reports\\20241104_152933\\Threads\\New Test Suite\\20241104_152934\\screenshots/checkout_20241104_153630/home.png, C:\\Users\\AnusmitaKundu\\git\\threadShopify\\ThreadShopify\\Reports\\20241104_152933\\Threads\\New Test Suite\\20241104_152934\\screenshots/checkout_20241104_153630/item.png, C:\\Users\\AnusmitaKundu\\git\\threadShopify\\ThreadShopify\\Reports\\20241104_152933\\Threads\\New Test Suite\\20241104_152934\\screenshots/checkout_20241104_153630/checkout_screen.png, C:\\Users\\AnusmitaKundu\\git\\threadShopify\\ThreadShopify\\Reports\\20241104_152933\\Threads\\New Test Suite\\20241104_152934\\screenshots/checkout_20241104_153630/information_before.png, C:\\Users\\AnusmitaKundu\\git\\threadShopify\\ThreadShopify\\Reports\\20241104_152933\\Threads\\New Test Suite\\20241104_152934\\screenshots/checkout_20241104_153630/changed.png, C:\\Users\\AnusmitaKundu\\git\\threadShopify\\ThreadShopify\\Reports\\20241104_152933\\Threads\\New Test Suite\\20241104_152934\\screenshots/checkout_20241104_153630/information_after.png, C:\\Users\\AnusmitaKundu\\git\\threadShopify\\ThreadShopify\\Reports\\20241104_152933\\Threads\\New Test Suite\\20241104_152934\\screenshots/checkout_20241104_153749/home.png, C:\\Users\\AnusmitaKundu\\git\\threadShopify\\ThreadShopify\\Reports\\20241104_152933\\Threads\\New Test Suite\\20241104_152934\\screenshots/checkout_20241104_153749/item.png, C:\\Users\\AnusmitaKundu\\git\\threadShopify\\ThreadShopify\\Reports\\20241104_152933\\Threads\\New Test Suite\\20241104_152934\\screenshots/checkout_20241104_153749/checkout.png, C:\\Users\\AnusmitaKundu\\git\\threadShopify\\ThreadShopify\\Reports\\20241104_152933\\Threads\\New Test Suite\\20241104_152934\\screenshots/checkout_20241104_153749/shipping_method1.png, C:\\Users\\AnusmitaKundu\\git\\threadShopify\\ThreadShopify\\Reports\\20241104_152933\\Threads\\New Test Suite\\20241104_152934\\screenshots/checkout_20241104_153749/shipping_method2.png, C:\\Users\\AnusmitaKundu\\git\\threadShopify\\ThreadShopify\\Reports\\20241104_152933\\Threads\\New Test Suite\\20241104_152934\\screenshots/my_account_20241104_154024/account.png, C:\\Users\\AnusmitaKundu\\git\\threadShopify\\ThreadShopify\\Reports\\20241104_152933\\Threads\\New Test Suite\\20241104_152934\\screenshots/my_account_20241104_154024/address.png, C:\\Users\\AnusmitaKundu\\git\\threadShopify\\ThreadShopify\\Reports\\20241104_152933\\Threads\\New Test Suite\\20241104_152934\\screenshots/my_account_20241104_154024/edit.png, C:\\Users\\AnusmitaKundu\\git\\threadShopify\\ThreadShopify\\Reports\\20241104_152933\\Threads\\New Test Suite\\20241104_152934\\screenshots/my_account_20241104_154024/address_after.png, C:\\Users\\AnusmitaKundu\\git\\threadShopify\\ThreadShopify\\Reports\\20241104_152933\\Threads\\New Test Suite\\20241104_152934\\screenshots/account/login.png, C:\\Users\\AnusmitaKundu\\git\\threadShopify\\ThreadShopify\\Reports\\20241104_152933\\Threads\\New Test Suite\\20241104_152934\\screenshots/account/account.png, C:\\Users\\AnusmitaKundu\\git\\threadShopify\\ThreadShopify\\Reports\\20241104_152933\\Threads\\New Test Suite\\20241104_152934\\screenshots/account/login.png, C:\\Users\\AnusmitaKundu\\git\\threadShopify\\ThreadShopify\\Reports\\20241104_152933\\Threads\\New Test Suite\\20241104_152934\\screenshots/account/account.png, C:\\Users\\AnusmitaKundu\\git\\threadShopify\\ThreadShopify\\Reports\\20241104_152933\\Threads\\New Test Suite\\20241104_152934\\screenshots/account/login.png, C:\\Users\\AnusmitaKundu\\git\\threadShopify\\ThreadShopify\\Reports\\20241104_152933\\Threads\\New Test Suite\\20241104_152934\\screenshots/account/account.png, C:\\Users\\AnusmitaKundu\\git\\threadShopify\\ThreadShopify\\Reports\\20241104_152933\\Threads\\New Test Suite\\20241104_152934\\screenshots/account/login.png, C:\\Users\\AnusmitaKundu\\git\\threadShopify\\ThreadShopify\\Reports\\20241104_152933\\Threads\\New Test Suite\\20241104_152934\\screenshots/account/account.png, C:\\Users\\AnusmitaKundu\\git\\threadShopify\\ThreadShopify\\Reports\\20241104_152933\\Threads\\New Test Suite\\20241104_152934\\screenshots/wishlist_20241104_154233/home.png, C:\\Users\\AnusmitaKundu\\git\\threadShopify\\ThreadShopify\\Reports\\20241104_152933\\Threads\\New Test Suite\\20241104_152934\\screenshots/wishlist_20241104_154233/catalog.png, C:\\Users\\AnusmitaKundu\\git\\threadShopify\\ThreadShopify\\Reports\\20241104_152933\\Threads\\New Test Suite\\20241104_152934\\screenshots/wishlist_20241104_154233/item1.png, C:\\Users\\AnusmitaKundu\\git\\threadShopify\\ThreadShopify\\Reports\\20241104_152933\\Threads\\New Test Suite\\20241104_152934\\screenshots/wishlist_20241104_154233/wishlist.png, C:\\Users\\AnusmitaKundu\\git\\threadShopify\\ThreadShopify\\Reports\\20241104_152933\\Threads\\New Test Suite\\20241104_152934\\screenshots/wishlist_20241104_154233/checkout.png, C:\\Users\\AnusmitaKundu\\git\\threadShopify\\ThreadShopify\\Reports\\20241104_152933\\Threads\\New Test Suite\\20241104_152934\\screenshots/wishlist_20241104_154255/home.png, C:\\Users\\AnusmitaKundu\\git\\threadShopify\\ThreadShopify\\Reports\\20241104_152933\\Threads\\New Test Suite\\20241104_152934\\screenshots/wishlist_20241104_154255/catalog.png, C:\\Users\\AnusmitaKundu\\git\\threadShopify\\ThreadShopify\\Reports\\20241104_152933\\Threads\\New Test Suite\\20241104_152934\\screenshots/wishlist_20241104_154255/wishlist.png, C:\\Users\\AnusmitaKundu\\git\\threadShopify\\ThreadShopify\\Reports\\20241104_152933\\Threads\\New Test Suite\\20241104_152934\\screenshots/wishlist_20241104_154255/addCart.png, C:\\Users\\AnusmitaKundu\\git\\threadShopify\\ThreadShopify\\Reports\\20241104_152933\\Threads\\New Test Suite\\20241104_152934\\screenshots/wishlist_20241104_154255/cart.png, C:\\Users\\AnusmitaKundu\\git\\threadShopify\\ThreadShopify\\Reports\\20241104_152933\\Threads\\New Test Suite\\20241104_152934\\screenshots/wishlist_20241104_154255/checkout.png, C:\\Users\\AnusmitaKundu\\git\\threadShopify\\ThreadShopify\\Reports\\20241104_152933\\Threads\\New Test Suite\\20241104_152934\\screenshots/item_to_cart_without_login_20241104154435/enter_password.png, C:\\Users\\AnusmitaKundu\\git\\threadShopify\\ThreadShopify\\Reports\\20241104_152933\\Threads\\New Test Suite\\20241104_152934\\screenshots/item_to_cart_without_login_20241104154435/click_enter_button.png, C:\\Users\\AnusmitaKundu\\git\\threadShopify\\ThreadShopify\\Reports\\20241104_152933\\Threads\\New Test Suite\\20241104_152934\\screenshots/item_to_cart_without_login_20241104154435/catalog_page.png, C:\\Users\\AnusmitaKundu\\git\\threadShopify\\ThreadShopify\\Reports\\20241104_152933\\Threads\\New Test Suite\\20241104_152934\\screenshots/item_to_cart_without_login_20241104154435/product_page.png, C:\\Users\\AnusmitaKundu\\git\\threadShopify\\ThreadShopify\\Reports\\20241104_152933\\Threads\\New Test Suite\\20241104_152934\\screenshots/item_to_cart_without_login_20241104154435/add_to_cart.png, C:\\Users\\AnusmitaKundu\\git\\threadShopify\\ThreadShopify\\Reports\\20241104_152933\\Threads\\New Test Suite\\20241104_152934\\screenshots/item_to_cart_without_login_20241104154435/checkout.png, C:\\Users\\AnusmitaKundu\\git\\threadShopify\\ThreadShopify\\Reports\\20241104_152933\\Threads\\New Test Suite\\20241104_152934\\screenshots/item_to_cart_without_login_20241104154435/verify_contact_text.png, C:\\Users\\AnusmitaKundu\\git\\threadShopify\\ThreadShopify\\Reports\\20241104_152933\\Threads\\New Test Suite\\20241104_152934\\screenshots/item_to_cart_without_login_20241104154435/verify_login_clickable.png, C:\\Users\\AnusmitaKundu\\git\\threadShopify\\ThreadShopify\\Reports\\20241104_152933\\Threads\\New Test Suite\\20241104_152934\\screenshots/item_to_cart_without_login_20241104154435/verify_delivery_text.png, C:\\Users\\AnusmitaKundu\\git\\threadShopify\\ThreadShopify\\Reports\\20241104_152933\\Threads\\New Test Suite\\20241104_152934\\screenshots/item_to_cart_without_login_20241104154435/verify_payment_text.png, C:\\Users\\AnusmitaKundu\\git\\threadShopify\\ThreadShopify\\Reports\\20241104_152933\\Threads\\New Test Suite\\20241104_152934\\screenshots/item_to_cart_without_login_20241104154435/verify_total_text.png, C:\\Users\\AnusmitaKundu\\git\\threadShopify\\ThreadShopify\\Reports\\20241104_152933\\Threads\\New Test Suite\\20241104_152934\\screenshots/credit_card20241104154506/enter_password.png, C:\\Users\\AnusmitaKundu\\git\\threadShopify\\ThreadShopify\\Reports\\20241104_152933\\Threads\\New Test Suite\\20241104_152934\\screenshots/credit_card20241104154506/catalog_page.png, C:\\Users\\AnusmitaKundu\\git\\threadShopify\\ThreadShopify\\Reports\\20241104_152933\\Threads\\New Test Suite\\20241104_152934\\screenshots/credit_card20241104154506/select_product.png, C:\\Users\\AnusmitaKundu\\git\\threadShopify\\ThreadShopify\\Reports\\20241104_152933\\Threads\\New Test Suite\\20241104_152934\\screenshots/credit_card20241104154506/buy_now.png, C:\\Users\\AnusmitaKundu\\git\\threadShopify\\ThreadShopify\\Reports\\20241104_152933\\Threads\\New Test Suite\\20241104_152934\\screenshots/credit_card20241104154506/enter_email.png, C:\\Users\\AnusmitaKundu\\git\\threadShopify\\ThreadShopify\\Reports\\20241104_152933\\Threads\\New Test Suite\\20241104_152934\\screenshots/credit_card20241104154506/delivery_method.png, C:\\Users\\AnusmitaKundu\\git\\threadShopify\\ThreadShopify\\Reports\\20241104_152933\\Threads\\New Test Suite\\20241104_152934\\screenshots/credit_card20241104154506/customer_details.png, C:\\Users\\AnusmitaKundu\\git\\threadShopify\\ThreadShopify\\Reports\\20241104_152933\\Threads\\New Test Suite\\20241104_152934\\screenshots/credit_card20241104154506/attempt_payment_invalid_case_1.png, C:\\Users\\AnusmitaKundu\\git\\threadShopify\\ThreadShopify\\Reports\\20241104_152933\\Threads\\New Test Suite\\20241104_152934\\screenshots/credit_card20241104154506/attempt_payment_invalid_case_2.png, C:\\Users\\AnusmitaKundu\\git\\threadShopify\\ThreadShopify\\Reports\\20241104_152933\\Threads\\New Test Suite\\20241104_152934\\screenshots/credit_card20241104154506/attempt_payment_valid_case.png, C:\\Users\\AnusmitaKundu\\git\\threadShopify\\ThreadShopify\\Reports\\20241104_152933\\Threads\\New Test Suite\\20241104_152934\\screenshots/credit_card20241104155253/enter_password.png, C:\\Users\\AnusmitaKundu\\git\\threadShopify\\ThreadShopify\\Reports\\20241104_152933\\Threads\\New Test Suite\\20241104_152934\\screenshots/credit_card20241104155253/catalog_page.png, C:\\Users\\AnusmitaKundu\\git\\threadShopify\\ThreadShopify\\Reports\\20241104_152933\\Threads\\New Test Suite\\20241104_152934\\screenshots/credit_card20241104155253/select_product.png, C:\\Users\\AnusmitaKundu\\git\\threadShopify\\ThreadShopify\\Reports\\20241104_152933\\Threads\\New Test Suite\\20241104_152934\\screenshots/credit_card20241104155253/buy_now.png, C:\\Users\\AnusmitaKundu\\git\\threadShopify\\ThreadShopify\\Reports\\20241104_152933\\Threads\\New Test Suite\\20241104_152934\\screenshots/credit_card20241104155253/enter_email.png, C:\\Users\\AnusmitaKundu\\git\\threadShopify\\ThreadShopify\\Reports\\20241104_152933\\Threads\\New Test Suite\\20241104_152934\\screenshots/credit_card20241104155253/delivery_method.png, C:\\Users\\AnusmitaKundu\\git\\threadShopify\\ThreadShopify\\Reports\\20241104_152933\\Threads\\New Test Suite\\20241104_152934\\screenshots/credit_card20241104155253/customer_details.png, C:\\Users\\AnusmitaKundu\\git\\threadShopify\\ThreadShopify\\Reports\\20241104_152933\\Threads\\New Test Suite\\20241104_152934\\screenshots/credit_card20241104155253/attempt_payment_invalid_case_1.png, C:\\Users\\AnusmitaKundu\\git\\threadShopify\\ThreadShopify\\Reports\\20241104_152933\\Threads\\New Test Suite\\20241104_152934\\screenshots/credit_card20241104155253/attempt_payment_invalid_case_2.png, C:\\Users\\AnusmitaKundu\\git\\threadShopify\\ThreadShopify\\Reports\\20241104_152933\\Threads\\New Test Suite\\20241104_152934\\screenshots/credit_card20241104155253/attempt_payment_valid_case.png, C:\\Users\\AnusmitaKundu\\git\\threadShopify\\ThreadShopify\\Reports\\20241104_152933\\Threads\\New Test Suite\\20241104_152934\\screenshots/credit_card20241104160038/enter_password.png, C:\\Users\\AnusmitaKundu\\git\\threadShopify\\ThreadShopify\\Reports\\20241104_152933\\Threads\\New Test Suite\\20241104_152934\\screenshots/credit_card20241104160038/catalog_page.png, C:\\Users\\AnusmitaKundu\\git\\threadShopify\\ThreadShopify\\Reports\\20241104_152933\\Threads\\New Test Suite\\20241104_152934\\screenshots/credit_card20241104160038/select_product.png, C:\\Users\\AnusmitaKundu\\git\\threadShopify\\ThreadShopify\\Reports\\20241104_152933\\Threads\\New Test Suite\\20241104_152934\\screenshots/credit_card20241104160038/buy_now.png, C:\\Users\\AnusmitaKundu\\git\\threadShopify\\ThreadShopify\\Reports\\20241104_152933\\Threads\\New Test Suite\\20241104_152934\\screenshots/credit_card20241104160038/enter_email.png, C:\\Users\\AnusmitaKundu\\git\\threadShopify\\ThreadShopify\\Reports\\20241104_152933\\Threads\\New Test Suite\\20241104_152934\\screenshots/credit_card20241104160038/delivery_method.png, C:\\Users\\AnusmitaKundu\\git\\threadShopify\\ThreadShopify\\Reports\\20241104_152933\\Threads\\New Test Suite\\20241104_152934\\screenshots/credit_card20241104160038/customer_details.png, C:\\Users\\AnusmitaKundu\\git\\threadShopify\\ThreadShopify\\Reports\\20241104_152933\\Threads\\New Test Suite\\20241104_152934\\screenshots/credit_card20241104160038/attempt_payment_invalid_case_1.png, C:\\Users\\AnusmitaKundu\\git\\threadShopify\\ThreadShopify\\Reports\\20241104_152933\\Threads\\New Test Suite\\20241104_152934\\screenshots/credit_card20241104160441/enter_password.png, C:\\Users\\AnusmitaKundu\\git\\threadShopify\\ThreadShopify\\Reports\\20241104_152933\\Threads\\New Test Suite\\20241104_152934\\screenshots/credit_card20241104160441/catalog_page.png, C:\\Users\\AnusmitaKundu\\git\\threadShopify\\ThreadShopify\\Reports\\20241104_152933\\Threads\\New Test Suite\\20241104_152934\\screenshots/credit_card20241104160441/select_product.png, C:\\Users\\AnusmitaKundu\\git\\threadShopify\\ThreadShopify\\Reports\\20241104_152933\\Threads\\New Test Suite\\20241104_152934\\screenshots/credit_card20241104160441/buy_now.png, C:\\Users\\AnusmitaKundu\\git\\threadShopify\\ThreadShopify\\Reports\\20241104_152933\\Threads\\New Test Suite\\20241104_152934\\screenshots/credit_card20241104160441/enter_email.png, C:\\Users\\AnusmitaKundu\\git\\threadShopify\\ThreadShopify\\Reports\\20241104_152933\\Threads\\New Test Suite\\20241104_152934\\screenshots/credit_card20241104160441/delivery_method.png, C:\\Users\\AnusmitaKundu\\git\\threadShopify\\ThreadShopify\\Reports\\20241104_152933\\Threads\\New Test Suite\\20241104_152934\\screenshots/credit_card20241104160441/customer_details.png"/>
         <property name="hostName" value="AnusmitaKundu - PSDLAP361"/>
         <property name="os" value="Windows 11 64bit"/>
         <property name="katalonVersion" value="9.7.2.223"/>
         <property name="browser" value="Chrome 130.0.0.0"/>
         <property name="hostAddress" value="192.168.1.200"/>
         <property name="sessionId" value="e35a0d12ddbb5f88b981d51d84a39414"/>
         <property name="seleniumVersion" value="3.141.59"/>
         <property name="proxyInformation" value="ProxyInformation { proxyOption=NO_PROXY, proxyServerType=HTTP, username=, password=********, proxyServerAddress=, proxyServerPort=0, executionList=&quot;&quot;, isApplyToDesiredCapabilities=true }"/>
         <property name="platform" value="Windows 11"/>
      </properties>
      <testcase name="Test Cases/Threads_Webshop/1 Registration/TC-73,31-Verify the registration" time="54.447" classname="Test Cases/Threads_Webshop/1 Registration/TC-73,31-Verify the registration" status="PASSED">
         <system-out><![CDATA[04-11-2024T15:29:38 - [TEST_CASE][PASSED] - Test Cases/Threads_Webshop/1 Registration/TC-73,31-Verify the registration: Test Cases/Threads_Webshop/1 Registration/TC-73,31-Verify the registration

04-11-2024T15:29:38 - [TEST_STEP][PASSED] - currentDateTime = LocalDateTime.now(): null

04-11-2024T15:29:38 - [TEST_STEP][PASSED] - formatter = DateTimeFormatter.ofPattern("yyyyMMddHHmmss"): null

04-11-2024T15:29:38 - [TEST_STEP][PASSED] - dateTimeString = currentDateTime.format(formatter): null

04-11-2024T15:29:38 - [TEST_STEP][PASSED] - uniqueEmail = "tester_" + dateTimeString + "@mailinator.com": null

04-11-2024T15:29:38 - [TEST_STEP][PASSED] - println("Generated unique email: " + uniqueEmail): null

04-11-2024T15:29:38 - [TEST_STEP][PASSED] - screenshotFolderPath = "screenshots/regestration_" + dateTimeString + "/": null

04-11-2024T15:29:38 - [TEST_STEP][PASSED] - File(screenshotFolderPath).mkdirs(): null

04-11-2024T15:29:38 - [TEST_STEP][PASSED] - callTestCase(findTestCase("Threads_Webshop/ReUsable Testcases/Enter Password"), [:], STOP_ON_FAILURE): Call Test Case 'Test Cases/Threads_Webshop/ReUsable Testcases/Enter Password' successfully

04-11-2024T15:29:38 - [TEST_CASE][PASSED] - Test Cases/Threads_Webshop/ReUsable Testcases/Enter Password: Test Cases/Threads_Webshop/ReUsable Testcases/Enter Password

04-11-2024T15:29:38 - [TEST_STEP][PASSED] - openBrowser(""): Browser is opened with url: ''

04-11-2024T15:29:39 - [MESSAGE][INFO] - Starting 'Chrome' driver

04-11-2024T15:29:39 - [MESSAGE][INFO] - Action delay is set to 0 milliseconds

04-11-2024T15:29:40 - [MESSAGE][PASSED] - Browser is opened with url: ''

04-11-2024T15:29:40 - [TEST_STEP][PASSED] - maximizeWindow(): Current window maximized

04-11-2024T15:29:40 - [MESSAGE][PASSED] - Current window maximized

04-11-2024T15:29:40 - [TEST_STEP][PASSED] - navigateToUrl("https://threads0.myshopify.com/password"): Navigate to 'https://threads0.myshopify.com/password' successfully

04-11-2024T15:29:43 - [MESSAGE][PASSED] - Navigate to 'https://threads0.myshopify.com/password' successfully

04-11-2024T15:29:43 - [TEST_STEP][PASSED] - click(findTestObject("Object Repository/Thread_Webshop/Reusable Testcase/Page_Threads/div_Enter using password")): Object: 'Object Repository/Thread_Webshop/Reusable Testcase/Page_Threads/div_Enter using password' is clicked on

04-11-2024T15:29:44 - [MESSAGE][PASSED] - Object: 'Object Repository/Thread_Webshop/Reusable Testcase/Page_Threads/div_Enter using password' is clicked on

04-11-2024T15:29:44 - [TEST_STEP][PASSED] - setEncryptedText(findTestObject("Object Repository/Thread_Webshop/Reusable Testcase/Page_Threads/input_Enter store using password_password"), "gnzTAVlujIw+lTr0To6+Cg=="): Text ****** has been set on object 'Object Repository/Thread_Webshop/Reusable Testcase/Page_Threads/input_Enter store using password_password'

04-11-2024T15:29:45 - [MESSAGE][PASSED] - Text ****** has been set on object 'Object Repository/Thread_Webshop/Reusable Testcase/Page_Threads/input_Enter store using password_password'

04-11-2024T15:29:45 - [TEST_STEP][PASSED] - click(findTestObject("Object Repository/Thread_Webshop/Reusable Testcase/Page_Threads/button_Enter")): Object: 'Object Repository/Thread_Webshop/Reusable Testcase/Page_Threads/button_Enter' is clicked on

04-11-2024T15:29:47 - [MESSAGE][PASSED] - Object: 'Object Repository/Thread_Webshop/Reusable Testcase/Page_Threads/button_Enter' is clicked on

04-11-2024T15:29:47 - [MESSAGE][PASSED] - Call Test Case 'Test Cases/Threads_Webshop/ReUsable Testcases/Enter Password' successfully

04-11-2024T15:29:47 - [TEST_STEP][PASSED] - takeScreenshot(screenshotFolderPath + "enter_password.png"): Taking screenshot successfully

04-11-2024T15:29:49 - [MESSAGE][PASSED] - Taking screenshot successfully
[[ATTACHMENT|C:\\Users\\AnusmitaKundu\\git\\threadShopify\\ThreadShopify\\Reports\\20241104_152933\\Threads\\New Test Suite\\20241104_152934\\screenshots/regestration_20241104152938/enter_password.png]]

04-11-2024T15:29:49 - [TEST_STEP][PASSED] - click(findTestObject("Object Repository/Page_Threads/button_Enter")): Object: 'Object Repository/Page_Threads/button_Enter' is clicked on

04-11-2024T15:29:49 - [MESSAGE][PASSED] - Object: 'Object Repository/Page_Threads/button_Enter' is clicked on

04-11-2024T15:29:49 - [TEST_STEP][PASSED] - verifyElementClickable(findTestObject("Object Repository/Page_Threads/svg_Search_icon icon-account")): Object 'Object Repository/Page_Threads/svg_Search_icon icon-account' is clickable

04-11-2024T15:29:50 - [MESSAGE][PASSED] - Object 'Object Repository/Page_Threads/svg_Search_icon icon-account' is clickable

04-11-2024T15:29:50 - [TEST_STEP][PASSED] - takeScreenshot(screenshotFolderPath + "home_page.png"): Taking screenshot successfully

04-11-2024T15:29:50 - [MESSAGE][PASSED] - Taking screenshot successfully
[[ATTACHMENT|C:\\Users\\AnusmitaKundu\\git\\threadShopify\\ThreadShopify\\Reports\\20241104_152933\\Threads\\New Test Suite\\20241104_152934\\screenshots/regestration_20241104152938/home_page.png]]

04-11-2024T15:29:50 - [TEST_STEP][PASSED] - click(findTestObject("Object Repository/Page_Threads/svg_Search_icon icon-account")): Object: 'Object Repository/Page_Threads/svg_Search_icon icon-account' is clicked on

04-11-2024T15:29:54 - [MESSAGE][PASSED] - Object: 'Object Repository/Page_Threads/svg_Search_icon icon-account' is clicked on

04-11-2024T15:29:54 - [TEST_STEP][PASSED] - verifyElementClickable(findTestObject("Object Repository/Thread_Webshop/Register_/Page_Account  Threads/a_Create account")): Object 'Object Repository/Thread_Webshop/Register_/Page_Account  Threads/a_Create account' is clickable

04-11-2024T15:29:55 - [MESSAGE][PASSED] - Object 'Object Repository/Thread_Webshop/Register_/Page_Account  Threads/a_Create account' is clickable

04-11-2024T15:29:55 - [TEST_STEP][PASSED] - takeScreenshot(screenshotFolderPath + "create_account_page.png"): Taking screenshot successfully

04-11-2024T15:29:56 - [MESSAGE][PASSED] - Taking screenshot successfully
[[ATTACHMENT|C:\\Users\\AnusmitaKundu\\git\\threadShopify\\ThreadShopify\\Reports\\20241104_152933\\Threads\\New Test Suite\\20241104_152934\\screenshots/regestration_20241104152938/create_account_page.png]]

04-11-2024T15:29:56 - [TEST_STEP][PASSED] - click(findTestObject("Object Repository/Thread_Webshop/Register_/Page_Account  Threads/a_Create account")): Object: 'Object Repository/Thread_Webshop/Register_/Page_Account  Threads/a_Create account' is clicked on

04-11-2024T15:29:58 - [MESSAGE][PASSED] - Object: 'Object Repository/Thread_Webshop/Register_/Page_Account  Threads/a_Create account' is clicked on

04-11-2024T15:29:58 - [TEST_STEP][PASSED] - takeScreenshot(screenshotFolderPath + "account_page.png"): Taking screenshot successfully

04-11-2024T15:29:59 - [MESSAGE][PASSED] - Taking screenshot successfully
[[ATTACHMENT|C:\\Users\\AnusmitaKundu\\git\\threadShopify\\ThreadShopify\\Reports\\20241104_152933\\Threads\\New Test Suite\\20241104_152934\\screenshots/regestration_20241104152938/account_page.png]]

04-11-2024T15:29:59 - [TEST_STEP][PASSED] - verifyElementClickable(findTestObject("Object Repository/Thread_Webshop/Register_/Page_Create Account  Threads/button_Create")): Object 'Object Repository/Thread_Webshop/Register_/Page_Create Account  Threads/button_Create' is clickable

04-11-2024T15:29:59 - [MESSAGE][PASSED] - Object 'Object Repository/Thread_Webshop/Register_/Page_Create Account  Threads/button_Create' is clickable

04-11-2024T15:29:59 - [TEST_STEP][PASSED] - click(findTestObject("Object Repository/Thread_Webshop/Register_/Page_Create Account  Threads/button_Create")): Object: 'Object Repository/Thread_Webshop/Register_/Page_Create Account  Threads/button_Create' is clicked on

04-11-2024T15:30:01 - [MESSAGE][PASSED] - Object: 'Object Repository/Thread_Webshop/Register_/Page_Create Account  Threads/button_Create' is clicked on

04-11-2024T15:30:01 - [TEST_STEP][PASSED] - verifyTextPresent(error_msg1, false): Text 'Please adjust the following:' is present on page 

04-11-2024T15:30:02 - [MESSAGE][PASSED] - Text 'Please adjust the following:' is present on page 

04-11-2024T15:30:02 - [TEST_STEP][PASSED] - verifyTextPresent(error_msg2, false): Text 'Password can't be blank' is present on page 

04-11-2024T15:30:03 - [MESSAGE][PASSED] - Text 'Password can't be blank' is present on page 

04-11-2024T15:30:03 - [TEST_STEP][PASSED] - verifyTextPresent(error_msg3, false): Text 'Email can't be blank' is present on page 

04-11-2024T15:30:03 - [MESSAGE][PASSED] - Text 'Email can't be blank' is present on page 

04-11-2024T15:30:03 - [TEST_STEP][PASSED] - takeScreenshot(screenshotFolderPath + "blank_fields.png"): Taking screenshot successfully

04-11-2024T15:30:03 - [MESSAGE][PASSED] - Taking screenshot successfully
[[ATTACHMENT|C:\\Users\\AnusmitaKundu\\git\\threadShopify\\ThreadShopify\\Reports\\20241104_152933\\Threads\\New Test Suite\\20241104_152934\\screenshots/regestration_20241104152938/blank_fields.png]]

04-11-2024T15:30:03 - [TEST_STEP][PASSED] - setText(findTestObject("Object Repository/Thread_Webshop/Register_/Page_Create Account  Threads/input_Create account_customerfirst_name"), f_name): Text 'Tester' is set on object 'Object Repository/Thread_Webshop/Register_/Page_Create Account  Threads/input_Create account_customerfirst_name'

04-11-2024T15:30:04 - [MESSAGE][PASSED] - Text 'Tester' is set on object 'Object Repository/Thread_Webshop/Register_/Page_Create Account  Threads/input_Create account_customerfirst_name'

04-11-2024T15:30:04 - [TEST_STEP][PASSED] - setText(findTestObject("Object Repository/Thread_Webshop/Register_/Page_Create Account  Threads/input_First name_customerlast_name"), l_name): Text 'terter' is set on object 'Object Repository/Thread_Webshop/Register_/Page_Create Account  Threads/input_First name_customerlast_name'

04-11-2024T15:30:05 - [MESSAGE][PASSED] - Text 'terter' is set on object 'Object Repository/Thread_Webshop/Register_/Page_Create Account  Threads/input_First name_customerlast_name'

04-11-2024T15:30:05 - [TEST_STEP][PASSED] - setText(findTestObject("Object Repository/Thread_Webshop/Register_/Page_Create Account  Threads/input_Last name_customeremail"), uniqueEmail): Text 'tester_20241104152938@mailinator.com' is set on object 'Object Repository/Thread_Webshop/Register_/Page_Create Account  Threads/input_Last name_customeremail'

04-11-2024T15:30:06 - [MESSAGE][PASSED] - Text 'tester_20241104152938@mailinator.com' is set on object 'Object Repository/Thread_Webshop/Register_/Page_Create Account  Threads/input_Last name_customeremail'

04-11-2024T15:30:06 - [TEST_STEP][PASSED] - takeScreenshot(screenshotFolderPath + "without_passwordBefore.png"): Taking screenshot successfully

04-11-2024T15:30:06 - [MESSAGE][PASSED] - Taking screenshot successfully
[[ATTACHMENT|C:\\Users\\AnusmitaKundu\\git\\threadShopify\\ThreadShopify\\Reports\\20241104_152933\\Threads\\New Test Suite\\20241104_152934\\screenshots/regestration_20241104152938/without_passwordBefore.png]]

04-11-2024T15:30:06 - [TEST_STEP][PASSED] - click(findTestObject("Object Repository/Thread_Webshop/Register_/Page_Create Account  Threads/button_Create")): Object: 'Object Repository/Thread_Webshop/Register_/Page_Create Account  Threads/button_Create' is clicked on

04-11-2024T15:30:08 - [MESSAGE][PASSED] - Object: 'Object Repository/Thread_Webshop/Register_/Page_Create Account  Threads/button_Create' is clicked on

04-11-2024T15:30:08 - [TEST_STEP][PASSED] - verifyTextPresent(error_msg1, false): Text 'Please adjust the following:' is present on page 

04-11-2024T15:30:09 - [MESSAGE][PASSED] - Text 'Please adjust the following:' is present on page 

04-11-2024T15:30:09 - [TEST_STEP][PASSED] - verifyTextPresent(error_msg2, false): Text 'Password can't be blank' is present on page 

04-11-2024T15:30:10 - [MESSAGE][PASSED] - Text 'Password can't be blank' is present on page 

04-11-2024T15:30:10 - [TEST_STEP][PASSED] - takeScreenshot(screenshotFolderPath + "without_passwordAfter.png"): Taking screenshot successfully

04-11-2024T15:30:10 - [MESSAGE][PASSED] - Taking screenshot successfully
[[ATTACHMENT|C:\\Users\\AnusmitaKundu\\git\\threadShopify\\ThreadShopify\\Reports\\20241104_152933\\Threads\\New Test Suite\\20241104_152934\\screenshots/regestration_20241104152938/without_passwordAfter.png]]

04-11-2024T15:30:10 - [TEST_STEP][PASSED] - setText(findTestObject("Object Repository/Thread_Webshop/Register_/Page_Create Account  Threads/input_Create account_customerfirst_name"), f_name): Text 'Tester' is set on object 'Object Repository/Thread_Webshop/Register_/Page_Create Account  Threads/input_Create account_customerfirst_name'

04-11-2024T15:30:11 - [MESSAGE][PASSED] - Text 'Tester' is set on object 'Object Repository/Thread_Webshop/Register_/Page_Create Account  Threads/input_Create account_customerfirst_name'

04-11-2024T15:30:11 - [TEST_STEP][PASSED] - setText(findTestObject("Object Repository/Thread_Webshop/Register_/Page_Create Account  Threads/input_First name_customerlast_name"), l_name): Text 'terter' is set on object 'Object Repository/Thread_Webshop/Register_/Page_Create Account  Threads/input_First name_customerlast_name'

04-11-2024T15:30:12 - [MESSAGE][PASSED] - Text 'terter' is set on object 'Object Repository/Thread_Webshop/Register_/Page_Create Account  Threads/input_First name_customerlast_name'

04-11-2024T15:30:12 - [TEST_STEP][PASSED] - setText(findTestObject("Object Repository/Thread_Webshop/Register_/Page_Create Account  Threads/input_Last name_customeremail"), "tester1234mailinator.com"): Text 'tester1234mailinator.com' is set on object 'Object Repository/Thread_Webshop/Register_/Page_Create Account  Threads/input_Last name_customeremail'

04-11-2024T15:30:12 - [MESSAGE][PASSED] - Text 'tester1234mailinator.com' is set on object 'Object Repository/Thread_Webshop/Register_/Page_Create Account  Threads/input_Last name_customeremail'

04-11-2024T15:30:12 - [TEST_STEP][PASSED] - setEncryptedText(findTestObject("Object Repository/Thread_Webshop/Register_/Page_Create Account  Threads/input_Email_customerpassword"), "UDMlkmqWREzH+mr49N5wRw=="): Text ****** has been set on object 'Object Repository/Thread_Webshop/Register_/Page_Create Account  Threads/input_Email_customerpassword'

04-11-2024T15:30:13 - [MESSAGE][PASSED] - Text ****** has been set on object 'Object Repository/Thread_Webshop/Register_/Page_Create Account  Threads/input_Email_customerpassword'

04-11-2024T15:30:13 - [TEST_STEP][PASSED] - takeScreenshot(screenshotFolderPath + "wrong_emailBefore.png"): Taking screenshot successfully

04-11-2024T15:30:13 - [MESSAGE][PASSED] - Taking screenshot successfully
[[ATTACHMENT|C:\\Users\\AnusmitaKundu\\git\\threadShopify\\ThreadShopify\\Reports\\20241104_152933\\Threads\\New Test Suite\\20241104_152934\\screenshots/regestration_20241104152938/wrong_emailBefore.png]]

04-11-2024T15:30:13 - [TEST_STEP][PASSED] - click(findTestObject("Object Repository/Thread_Webshop/Register_/Page_Create Account  Threads/button_Create")): Object: 'Object Repository/Thread_Webshop/Register_/Page_Create Account  Threads/button_Create' is clicked on

04-11-2024T15:30:15 - [MESSAGE][PASSED] - Object: 'Object Repository/Thread_Webshop/Register_/Page_Create Account  Threads/button_Create' is clicked on

04-11-2024T15:30:15 - [TEST_STEP][PASSED] - verifyTextPresent(error_msg1, false): Text 'Please adjust the following:' is present on page 

04-11-2024T15:30:16 - [MESSAGE][PASSED] - Text 'Please adjust the following:' is present on page 

04-11-2024T15:30:16 - [TEST_STEP][PASSED] - verifyTextPresent(error_msg4, false): Text 'Email is invalid' is present on page 

04-11-2024T15:30:17 - [MESSAGE][PASSED] - Text 'Email is invalid' is present on page 

04-11-2024T15:30:17 - [TEST_STEP][PASSED] - takeScreenshot(screenshotFolderPath + "wrong_emailAfter.png"): Taking screenshot successfully

04-11-2024T15:30:17 - [MESSAGE][PASSED] - Taking screenshot successfully
[[ATTACHMENT|C:\\Users\\AnusmitaKundu\\git\\threadShopify\\ThreadShopify\\Reports\\20241104_152933\\Threads\\New Test Suite\\20241104_152934\\screenshots/regestration_20241104152938/wrong_emailAfter.png]]

04-11-2024T15:30:17 - [TEST_STEP][PASSED] - setText(findTestObject("Object Repository/Thread_Webshop/Register_/Page_Create Account  Threads/input_Create account_customerfirst_name"), l_name): Text 'terter' is set on object 'Object Repository/Thread_Webshop/Register_/Page_Create Account  Threads/input_Create account_customerfirst_name'

04-11-2024T15:30:18 - [MESSAGE][PASSED] - Text 'terter' is set on object 'Object Repository/Thread_Webshop/Register_/Page_Create Account  Threads/input_Create account_customerfirst_name'

04-11-2024T15:30:18 - [TEST_STEP][PASSED] - setText(findTestObject("Object Repository/Thread_Webshop/Register_/Page_Create Account  Threads/input_First name_customerlast_name"), "Sing"): Text 'Sing' is set on object 'Object Repository/Thread_Webshop/Register_/Page_Create Account  Threads/input_First name_customerlast_name'

04-11-2024T15:30:19 - [MESSAGE][PASSED] - Text 'Sing' is set on object 'Object Repository/Thread_Webshop/Register_/Page_Create Account  Threads/input_First name_customerlast_name'

04-11-2024T15:30:19 - [TEST_STEP][PASSED] - setText(findTestObject("Object Repository/Thread_Webshop/Register_/Page_Create Account  Threads/input_Last name_customeremail"), uniqueEmail): Text 'tester_20241104152938@mailinator.com' is set on object 'Object Repository/Thread_Webshop/Register_/Page_Create Account  Threads/input_Last name_customeremail'

04-11-2024T15:30:19 - [MESSAGE][PASSED] - Text 'tester_20241104152938@mailinator.com' is set on object 'Object Repository/Thread_Webshop/Register_/Page_Create Account  Threads/input_Last name_customeremail'

04-11-2024T15:30:19 - [TEST_STEP][PASSED] - setEncryptedText(findTestObject("Object Repository/Thread_Webshop/Register_/Page_Create Account  Threads/input_Email_customerpassword"), "UDMlkmqWREzH+mr49N5wRw=="): Text ****** has been set on object 'Object Repository/Thread_Webshop/Register_/Page_Create Account  Threads/input_Email_customerpassword'

04-11-2024T15:30:20 - [MESSAGE][PASSED] - Text ****** has been set on object 'Object Repository/Thread_Webshop/Register_/Page_Create Account  Threads/input_Email_customerpassword'

04-11-2024T15:30:20 - [TEST_STEP][PASSED] - takeScreenshot(screenshotFolderPath + "correctBefore.png"): Taking screenshot successfully

04-11-2024T15:30:20 - [MESSAGE][PASSED] - Taking screenshot successfully
[[ATTACHMENT|C:\\Users\\AnusmitaKundu\\git\\threadShopify\\ThreadShopify\\Reports\\20241104_152933\\Threads\\New Test Suite\\20241104_152934\\screenshots/regestration_20241104152938/correctBefore.png]]

04-11-2024T15:30:20 - [TEST_STEP][PASSED] - click(findTestObject("Object Repository/Thread_Webshop/Register_/Page_Create Account  Threads/button_Create")): Object: 'Object Repository/Thread_Webshop/Register_/Page_Create Account  Threads/button_Create' is clicked on

04-11-2024T15:30:23 - [MESSAGE][PASSED] - Object: 'Object Repository/Thread_Webshop/Register_/Page_Create Account  Threads/button_Create' is clicked on

04-11-2024T15:30:23 - [TEST_STEP][PASSED] - takeScreenshot(screenshotFolderPath + "correctAfter.png"): Taking screenshot successfully

04-11-2024T15:30:25 - [MESSAGE][PASSED] - Taking screenshot successfully
[[ATTACHMENT|C:\\Users\\AnusmitaKundu\\git\\threadShopify\\ThreadShopify\\Reports\\20241104_152933\\Threads\\New Test Suite\\20241104_152934\\screenshots/regestration_20241104152938/correctAfter.png]]

04-11-2024T15:30:25 - [TEST_STEP][PASSED] - verifyTextPresent(verify_home_page, false): Text 'Home' is present on page 

04-11-2024T15:30:25 - [MESSAGE][PASSED] - Text 'Home' is present on page 

04-11-2024T15:30:25 - [TEST_STEP][PASSED] - takeScreenshot(screenshotFolderPath + "home_page_post_login.png"): Taking screenshot successfully

04-11-2024T15:30:26 - [MESSAGE][PASSED] - Taking screenshot successfully
[[ATTACHMENT|C:\\Users\\AnusmitaKundu\\git\\threadShopify\\ThreadShopify\\Reports\\20241104_152933\\Threads\\New Test Suite\\20241104_152934\\screenshots/regestration_20241104152938/home_page_post_login.png]]

04-11-2024T15:30:26 - [TEST_STEP][PASSED] - click(findTestObject("Object Repository/Page_Threads/svg_Search_icon icon-account")): Object: 'Object Repository/Page_Threads/svg_Search_icon icon-account' is clicked on

04-11-2024T15:30:28 - [MESSAGE][PASSED] - Object: 'Object Repository/Page_Threads/svg_Search_icon icon-account' is clicked on

04-11-2024T15:30:28 - [TEST_STEP][PASSED] - takeScreenshot(screenshotFolderPath + "logout.png"): Taking screenshot successfully

04-11-2024T15:30:29 - [MESSAGE][PASSED] - Taking screenshot successfully
[[ATTACHMENT|C:\\Users\\AnusmitaKundu\\git\\threadShopify\\ThreadShopify\\Reports\\20241104_152933\\Threads\\New Test Suite\\20241104_152934\\screenshots/regestration_20241104152938/logout.png]]

04-11-2024T15:30:29 - [TEST_STEP][PASSED] - click(findTestObject("Object Repository/Thread_Webshop/Register_/Page_Account  Threads/a_Log out")): Object: 'Object Repository/Thread_Webshop/Register_/Page_Account  Threads/a_Log out' is clicked on

04-11-2024T15:30:31 - [MESSAGE][PASSED] - Object: 'Object Repository/Thread_Webshop/Register_/Page_Account  Threads/a_Log out' is clicked on

04-11-2024T15:30:31 - [TEST_STEP][PASSED] - verifyTextPresent(verify_home_page, false): Text 'Home' is present on page 

04-11-2024T15:30:32 - [MESSAGE][PASSED] - Text 'Home' is present on page 

04-11-2024T15:30:32 - [TEST_STEP][PASSED] - closeBrowser(): Browser is closed

04-11-2024T15:30:32 - [MESSAGE][PASSED] - Browser is closed]]></system-out>
         <system-err><![CDATA[]]></system-err>
      </testcase>
      <testcase name="Test Cases/Threads_Webshop/2 Login/Verify Login" time="56.277" classname="Test Cases/Threads_Webshop/2 Login/Verify Login" status="PASSED">
         <system-out><![CDATA[04-11-2024T15:30:32 - [TEST_CASE][PASSED] - Test Cases/Threads_Webshop/2 Login/Verify Login: Test Cases/Threads_Webshop/2 Login/Verify Login

04-11-2024T15:30:33 - [TEST_STEP][PASSED] - currentDateTime = LocalDateTime.now(): null

04-11-2024T15:30:33 - [TEST_STEP][PASSED] - formatter = DateTimeFormatter.ofPattern("yyyyMMddHHmmss"): null

04-11-2024T15:30:33 - [TEST_STEP][PASSED] - dateTimeString = currentDateTime.format(formatter): null

04-11-2024T15:30:33 - [TEST_STEP][PASSED] - screenshotFolderPath = "screenshots/login_" + dateTimeString + "/": null

04-11-2024T15:30:33 - [TEST_STEP][PASSED] - File(screenshotFolderPath).mkdirs(): null

04-11-2024T15:30:33 - [TEST_STEP][PASSED] - callTestCase(findTestCase("Threads_Webshop/ReUsable Testcases/Enter Password"), [:], STOP_ON_FAILURE): Call Test Case 'Test Cases/Threads_Webshop/ReUsable Testcases/Enter Password' successfully

04-11-2024T15:30:33 - [TEST_CASE][PASSED] - Test Cases/Threads_Webshop/ReUsable Testcases/Enter Password: Test Cases/Threads_Webshop/ReUsable Testcases/Enter Password

04-11-2024T15:30:33 - [TEST_STEP][PASSED] - openBrowser(""): Browser is opened with url: ''

04-11-2024T15:30:33 - [MESSAGE][INFO] - Starting 'Chrome' driver

04-11-2024T15:30:33 - [MESSAGE][INFO] - Action delay is set to 0 milliseconds

04-11-2024T15:30:34 - [MESSAGE][PASSED] - Browser is opened with url: ''

04-11-2024T15:30:34 - [TEST_STEP][PASSED] - maximizeWindow(): Current window maximized

04-11-2024T15:30:34 - [MESSAGE][PASSED] - Current window maximized

04-11-2024T15:30:34 - [TEST_STEP][PASSED] - navigateToUrl("https://threads0.myshopify.com/password"): Navigate to 'https://threads0.myshopify.com/password' successfully

04-11-2024T15:30:35 - [MESSAGE][PASSED] - Navigate to 'https://threads0.myshopify.com/password' successfully

04-11-2024T15:30:35 - [TEST_STEP][PASSED] - click(findTestObject("Object Repository/Thread_Webshop/Reusable Testcase/Page_Threads/div_Enter using password")): Object: 'Object Repository/Thread_Webshop/Reusable Testcase/Page_Threads/div_Enter using password' is clicked on

04-11-2024T15:30:38 - [MESSAGE][PASSED] - Object: 'Object Repository/Thread_Webshop/Reusable Testcase/Page_Threads/div_Enter using password' is clicked on

04-11-2024T15:30:38 - [TEST_STEP][PASSED] - setEncryptedText(findTestObject("Object Repository/Thread_Webshop/Reusable Testcase/Page_Threads/input_Enter store using password_password"), "gnzTAVlujIw+lTr0To6+Cg=="): Text ****** has been set on object 'Object Repository/Thread_Webshop/Reusable Testcase/Page_Threads/input_Enter store using password_password'

04-11-2024T15:30:38 - [MESSAGE][PASSED] - Text ****** has been set on object 'Object Repository/Thread_Webshop/Reusable Testcase/Page_Threads/input_Enter store using password_password'

04-11-2024T15:30:38 - [TEST_STEP][PASSED] - click(findTestObject("Object Repository/Thread_Webshop/Reusable Testcase/Page_Threads/button_Enter")): Object: 'Object Repository/Thread_Webshop/Reusable Testcase/Page_Threads/button_Enter' is clicked on

04-11-2024T15:30:40 - [MESSAGE][PASSED] - Object: 'Object Repository/Thread_Webshop/Reusable Testcase/Page_Threads/button_Enter' is clicked on

04-11-2024T15:30:40 - [MESSAGE][PASSED] - Call Test Case 'Test Cases/Threads_Webshop/ReUsable Testcases/Enter Password' successfully

04-11-2024T15:30:40 - [TEST_STEP][PASSED] - click(findTestObject("Object Repository/Login_An/Login with Invalid Credentials/Page_Threads/svg_Search_icon icon-account")): Object: 'Object Repository/Login_An/Login with Invalid Credentials/Page_Threads/svg_Search_icon icon-account' is clicked on

04-11-2024T15:30:42 - [MESSAGE][PASSED] - Object: 'Object Repository/Login_An/Login with Invalid Credentials/Page_Threads/svg_Search_icon icon-account' is clicked on

04-11-2024T15:30:42 - [TEST_STEP][PASSED] - verifyTextPresent(login_page, false): Text 'Login' is present on page 

04-11-2024T15:30:43 - [MESSAGE][PASSED] - Text 'Login' is present on page 

04-11-2024T15:30:43 - [TEST_STEP][PASSED] - takeScreenshot(screenshotFolderPath + "login_page.png"): Taking screenshot successfully

04-11-2024T15:30:43 - [MESSAGE][PASSED] - Taking screenshot successfully
[[ATTACHMENT|C:\\Users\\AnusmitaKundu\\git\\threadShopify\\ThreadShopify\\Reports\\20241104_152933\\Threads\\New Test Suite\\20241104_152934\\screenshots/login_20241104153033/login_page.png]]

04-11-2024T15:30:43 - [TEST_STEP][PASSED] - click(findTestObject("Object Repository/Login_An/Login with Invalid Credentials/Page_Account  Threads/button_Sign in")): Object: 'Object Repository/Login_An/Login with Invalid Credentials/Page_Account  Threads/button_Sign in' is clicked on

04-11-2024T15:30:45 - [MESSAGE][PASSED] - Object: 'Object Repository/Login_An/Login with Invalid Credentials/Page_Account  Threads/button_Sign in' is clicked on

04-11-2024T15:30:45 - [TEST_STEP][PASSED] - takeScreenshot(screenshotFolderPath + "login_page_after.png"): Taking screenshot successfully

04-11-2024T15:30:46 - [MESSAGE][PASSED] - Taking screenshot successfully
[[ATTACHMENT|C:\\Users\\AnusmitaKundu\\git\\threadShopify\\ThreadShopify\\Reports\\20241104_152933\\Threads\\New Test Suite\\20241104_152934\\screenshots/login_20241104153033/login_page_after.png]]

04-11-2024T15:30:46 - [TEST_STEP][PASSED] - verifyTextPresent(error_msg1, false): Text 'Please adjust the following:' is present on page 

04-11-2024T15:30:47 - [MESSAGE][PASSED] - Text 'Please adjust the following:' is present on page 

04-11-2024T15:30:47 - [TEST_STEP][PASSED] - verifyTextPresent(error_msg2, false): Text 'Incorrect email or password.' is present on page 

04-11-2024T15:30:47 - [MESSAGE][PASSED] - Text 'Incorrect email or password.' is present on page 

04-11-2024T15:30:47 - [TEST_STEP][PASSED] - setText(findTestObject("Object Repository/Login_An/Login with Invalid Credentials/Page_Account  Threads/input_Login_customeremail"), invalidemail): Text 'cenaalice@mailcom' is set on object 'Object Repository/Login_An/Login with Invalid Credentials/Page_Account  Threads/input_Login_customeremail'

04-11-2024T15:30:48 - [MESSAGE][PASSED] - Text 'cenaalice@mailcom' is set on object 'Object Repository/Login_An/Login with Invalid Credentials/Page_Account  Threads/input_Login_customeremail'

04-11-2024T15:30:48 - [TEST_STEP][PASSED] - setEncryptedText(findTestObject("Object Repository/Login_An/Login with Invalid Credentials/Page_Account  Threads/input_Email_customerpassword"), validpassword): Text ****** has been set on object 'Object Repository/Login_An/Login with Invalid Credentials/Page_Account  Threads/input_Email_customerpassword'

04-11-2024T15:30:49 - [MESSAGE][PASSED] - Text ****** has been set on object 'Object Repository/Login_An/Login with Invalid Credentials/Page_Account  Threads/input_Email_customerpassword'

04-11-2024T15:30:49 - [TEST_STEP][PASSED] - takeScreenshot(screenshotFolderPath + "invalid_email_before.png"): Taking screenshot successfully

04-11-2024T15:30:49 - [MESSAGE][PASSED] - Taking screenshot successfully
[[ATTACHMENT|C:\\Users\\AnusmitaKundu\\git\\threadShopify\\ThreadShopify\\Reports\\20241104_152933\\Threads\\New Test Suite\\20241104_152934\\screenshots/login_20241104153033/invalid_email_before.png]]

04-11-2024T15:30:49 - [TEST_STEP][PASSED] - click(findTestObject("Object Repository/Login_An/Login with Invalid Credentials/Page_Account  Threads/button_Sign in")): Object: 'Object Repository/Login_An/Login with Invalid Credentials/Page_Account  Threads/button_Sign in' is clicked on

04-11-2024T15:30:51 - [MESSAGE][PASSED] - Object: 'Object Repository/Login_An/Login with Invalid Credentials/Page_Account  Threads/button_Sign in' is clicked on

04-11-2024T15:30:51 - [TEST_STEP][PASSED] - verifyTextPresent(error_msg1, false): Text 'Please adjust the following:' is present on page 

04-11-2024T15:30:53 - [MESSAGE][PASSED] - Text 'Please adjust the following:' is present on page 

04-11-2024T15:30:53 - [TEST_STEP][PASSED] - verifyTextPresent(error_msg2, false): Text 'Incorrect email or password.' is present on page 

04-11-2024T15:30:53 - [MESSAGE][PASSED] - Text 'Incorrect email or password.' is present on page 

04-11-2024T15:30:53 - [TEST_STEP][PASSED] - takeScreenshot(screenshotFolderPath + "invalid_email_after.png"): Taking screenshot successfully

04-11-2024T15:30:53 - [MESSAGE][PASSED] - Taking screenshot successfully
[[ATTACHMENT|C:\\Users\\AnusmitaKundu\\git\\threadShopify\\ThreadShopify\\Reports\\20241104_152933\\Threads\\New Test Suite\\20241104_152934\\screenshots/login_20241104153033/invalid_email_after.png]]

04-11-2024T15:30:53 - [TEST_STEP][PASSED] - setText(findTestObject("Object Repository/Login_An/Login with Invalid Credentials/Page_Account  Threads/input_Login_customeremail"), validemail): Text 'cenaalice1234@mailinator.com' is set on object 'Object Repository/Login_An/Login with Invalid Credentials/Page_Account  Threads/input_Login_customeremail'

04-11-2024T15:30:54 - [MESSAGE][PASSED] - Text 'cenaalice1234@mailinator.com' is set on object 'Object Repository/Login_An/Login with Invalid Credentials/Page_Account  Threads/input_Login_customeremail'

04-11-2024T15:30:54 - [TEST_STEP][PASSED] - setEncryptedText(findTestObject("Object Repository/Login_An/Login with Invalid Credentials/Page_Account  Threads/input_Email_customerpassword"), invalidpass): Text ****** has been set on object 'Object Repository/Login_An/Login with Invalid Credentials/Page_Account  Threads/input_Email_customerpassword'

04-11-2024T15:30:55 - [MESSAGE][PASSED] - Text ****** has been set on object 'Object Repository/Login_An/Login with Invalid Credentials/Page_Account  Threads/input_Email_customerpassword'

04-11-2024T15:30:55 - [TEST_STEP][PASSED] - takeScreenshot(screenshotFolderPath + "invalid_password_before.png"): Taking screenshot successfully

04-11-2024T15:30:55 - [MESSAGE][PASSED] - Taking screenshot successfully
[[ATTACHMENT|C:\\Users\\AnusmitaKundu\\git\\threadShopify\\ThreadShopify\\Reports\\20241104_152933\\Threads\\New Test Suite\\20241104_152934\\screenshots/login_20241104153033/invalid_password_before.png]]

04-11-2024T15:30:55 - [TEST_STEP][PASSED] - click(findTestObject("Object Repository/Login_An/Login with Invalid Credentials/Page_Account  Threads/button_Sign in")): Object: 'Object Repository/Login_An/Login with Invalid Credentials/Page_Account  Threads/button_Sign in' is clicked on

04-11-2024T15:30:58 - [MESSAGE][PASSED] - Object: 'Object Repository/Login_An/Login with Invalid Credentials/Page_Account  Threads/button_Sign in' is clicked on

04-11-2024T15:30:58 - [TEST_STEP][PASSED] - verifyTextPresent(error_msg1, false): Text 'Please adjust the following:' is present on page 

04-11-2024T15:30:59 - [MESSAGE][PASSED] - Text 'Please adjust the following:' is present on page 

04-11-2024T15:30:59 - [TEST_STEP][PASSED] - verifyTextPresent(error_msg2, false): Text 'Incorrect email or password.' is present on page 

04-11-2024T15:30:59 - [MESSAGE][PASSED] - Text 'Incorrect email or password.' is present on page 

04-11-2024T15:30:59 - [TEST_STEP][PASSED] - takeScreenshot(screenshotFolderPath + "invalid_password_after.png"): Taking screenshot successfully

04-11-2024T15:31:00 - [MESSAGE][PASSED] - Taking screenshot successfully
[[ATTACHMENT|C:\\Users\\AnusmitaKundu\\git\\threadShopify\\ThreadShopify\\Reports\\20241104_152933\\Threads\\New Test Suite\\20241104_152934\\screenshots/login_20241104153033/invalid_password_after.png]]

04-11-2024T15:31:00 - [TEST_STEP][PASSED] - setText(findTestObject("Object Repository/Login_An/Login with Invalid Credentials/Page_Account  Threads/input_Login_customeremail"), validemail): Text 'cenaalice1234@mailinator.com' is set on object 'Object Repository/Login_An/Login with Invalid Credentials/Page_Account  Threads/input_Login_customeremail'

04-11-2024T15:31:01 - [MESSAGE][PASSED] - Text 'cenaalice1234@mailinator.com' is set on object 'Object Repository/Login_An/Login with Invalid Credentials/Page_Account  Threads/input_Login_customeremail'

04-11-2024T15:31:01 - [TEST_STEP][PASSED] - setEncryptedText(findTestObject("Object Repository/Login_An/Login with Invalid Credentials/Page_Account  Threads/input_Email_customerpassword"), validpassword): Text ****** has been set on object 'Object Repository/Login_An/Login with Invalid Credentials/Page_Account  Threads/input_Email_customerpassword'

04-11-2024T15:31:01 - [MESSAGE][PASSED] - Text ****** has been set on object 'Object Repository/Login_An/Login with Invalid Credentials/Page_Account  Threads/input_Email_customerpassword'

04-11-2024T15:31:01 - [TEST_STEP][PASSED] - takeScreenshot(screenshotFolderPath + "valid_before.png"): Taking screenshot successfully

04-11-2024T15:31:02 - [MESSAGE][PASSED] - Taking screenshot successfully
[[ATTACHMENT|C:\\Users\\AnusmitaKundu\\git\\threadShopify\\ThreadShopify\\Reports\\20241104_152933\\Threads\\New Test Suite\\20241104_152934\\screenshots/login_20241104153033/valid_before.png]]

04-11-2024T15:31:02 - [TEST_STEP][PASSED] - click(findTestObject("Object Repository/Login_An/Login with Invalid Credentials/Page_Account  Threads/button_Sign in")): Object: 'Object Repository/Login_An/Login with Invalid Credentials/Page_Account  Threads/button_Sign in' is clicked on

04-11-2024T15:31:06 - [MESSAGE][PASSED] - Object: 'Object Repository/Login_An/Login with Invalid Credentials/Page_Account  Threads/button_Sign in' is clicked on

04-11-2024T15:31:06 - [TEST_STEP][PASSED] - takeScreenshot(screenshotFolderPath + "valid_after.png"): Taking screenshot successfully

04-11-2024T15:31:07 - [MESSAGE][PASSED] - Taking screenshot successfully
[[ATTACHMENT|C:\\Users\\AnusmitaKundu\\git\\threadShopify\\ThreadShopify\\Reports\\20241104_152933\\Threads\\New Test Suite\\20241104_152934\\screenshots/login_20241104153033/valid_after.png]]

04-11-2024T15:31:07 - [TEST_STEP][PASSED] - verifyTextPresent(account_page, false): Text 'Account' is present on page 

04-11-2024T15:31:08 - [MESSAGE][PASSED] - Text 'Account' is present on page 

04-11-2024T15:31:08 - [TEST_STEP][PASSED] - verifyTextPresent(name, false): Text 'Alice Cena' is present on page 

04-11-2024T15:31:08 - [MESSAGE][PASSED] - Text 'Alice Cena' is present on page 

04-11-2024T15:31:08 - [TEST_STEP][PASSED] - takeScreenshot(screenshotFolderPath + "account_page.png"): Taking screenshot successfully

04-11-2024T15:31:09 - [MESSAGE][PASSED] - Taking screenshot successfully
[[ATTACHMENT|C:\\Users\\AnusmitaKundu\\git\\threadShopify\\ThreadShopify\\Reports\\20241104_152933\\Threads\\New Test Suite\\20241104_152934\\screenshots/login_20241104153033/account_page.png]]

04-11-2024T15:31:09 - [TEST_STEP][PASSED] - click(findTestObject("Object Repository/Login_An/Login with Invalid Credentials/Page_Account  Threads/span_Home")): Object: 'Object Repository/Login_An/Login with Invalid Credentials/Page_Account  Threads/span_Home' is clicked on

04-11-2024T15:31:18 - [MESSAGE][PASSED] - Object: 'Object Repository/Login_An/Login with Invalid Credentials/Page_Account  Threads/span_Home' is clicked on

04-11-2024T15:31:18 - [TEST_STEP][PASSED] - click(findTestObject("Object Repository/Login_An/Login with Invalid Credentials/Page_Threads/svg_Search_icon icon-account")): Object: 'Object Repository/Login_An/Login with Invalid Credentials/Page_Threads/svg_Search_icon icon-account' is clicked on

04-11-2024T15:31:21 - [MESSAGE][PASSED] - Object: 'Object Repository/Login_An/Login with Invalid Credentials/Page_Threads/svg_Search_icon icon-account' is clicked on

04-11-2024T15:31:21 - [TEST_STEP][PASSED] - takeScreenshot(screenshotFolderPath + "logout_page.png"): Taking screenshot successfully

04-11-2024T15:31:22 - [MESSAGE][PASSED] - Taking screenshot successfully
[[ATTACHMENT|C:\\Users\\AnusmitaKundu\\git\\threadShopify\\ThreadShopify\\Reports\\20241104_152933\\Threads\\New Test Suite\\20241104_152934\\screenshots/login_20241104153033/logout_page.png]]

04-11-2024T15:31:22 - [TEST_STEP][PASSED] - click(findTestObject("Object Repository/Login_An/Login with Invalid Credentials/Page_Account  Threads/a_Log out")): Object: 'Object Repository/Login_An/Login with Invalid Credentials/Page_Account  Threads/a_Log out' is clicked on

04-11-2024T15:31:25 - [MESSAGE][PASSED] - Object: 'Object Repository/Login_An/Login with Invalid Credentials/Page_Account  Threads/a_Log out' is clicked on

04-11-2024T15:31:25 - [TEST_STEP][PASSED] - click(findTestObject("Object Repository/Login_An/Login with Invalid Credentials/Page_Threads/span_Search_svg-wrapper")): Object: 'Object Repository/Login_An/Login with Invalid Credentials/Page_Threads/span_Search_svg-wrapper' is clicked on

04-11-2024T15:31:27 - [MESSAGE][PASSED] - Object: 'Object Repository/Login_An/Login with Invalid Credentials/Page_Threads/span_Search_svg-wrapper' is clicked on

04-11-2024T15:31:27 - [TEST_STEP][PASSED] - takeScreenshot(screenshotFolderPath + "login_page_after_logout.png"): Taking screenshot successfully

04-11-2024T15:31:28 - [MESSAGE][PASSED] - Taking screenshot successfully
[[ATTACHMENT|C:\\Users\\AnusmitaKundu\\git\\threadShopify\\ThreadShopify\\Reports\\20241104_152933\\Threads\\New Test Suite\\20241104_152934\\screenshots/login_20241104153033/login_page_after_logout.png]]

04-11-2024T15:31:28 - [TEST_STEP][PASSED] - verifyTextPresent(login_page, false): Text 'Login' is present on page 

04-11-2024T15:31:28 - [MESSAGE][PASSED] - Text 'Login' is present on page 

04-11-2024T15:31:28 - [TEST_STEP][PASSED] - closeBrowser(): Browser is closed

04-11-2024T15:31:29 - [MESSAGE][PASSED] - Browser is closed]]></system-out>
         <system-err><![CDATA[]]></system-err>
      </testcase>
      <testcase name="Test Cases/Threads_Webshop/3 Homepage/TC-3,66-Verify Seach Bar" time="35.395" classname="Test Cases/Threads_Webshop/3 Homepage/TC-3,66-Verify Seach Bar" status="PASSED">
         <system-out><![CDATA[04-11-2024T15:31:29 - [TEST_CASE][PASSED] - Test Cases/Threads_Webshop/3 Homepage/TC-3,66-Verify Seach Bar: Test Cases/Threads_Webshop/3 Homepage/TC-3,66-Verify Seach Bar

04-11-2024T15:31:29 - [TEST_STEP][PASSED] - currentDateTime = LocalDateTime.now(): null

04-11-2024T15:31:29 - [TEST_STEP][PASSED] - formatter = DateTimeFormatter.ofPattern("yyyyMMdd_HHmmss"): null

04-11-2024T15:31:29 - [TEST_STEP][PASSED] - dateTimeString = currentDateTime.format(formatter): null

04-11-2024T15:31:29 - [TEST_STEP][PASSED] - screenshotFolderPath = "screenshots/home_page_" + dateTimeString + "/": null

04-11-2024T15:31:29 - [TEST_STEP][PASSED] - File(screenshotFolderPath).mkdirs(): null

04-11-2024T15:31:29 - [TEST_STEP][PASSED] - callTestCase(findTestCase("Threads_Webshop/ReUsable Testcases/Enter Password"), [:], STOP_ON_FAILURE): Call Test Case 'Test Cases/Threads_Webshop/ReUsable Testcases/Enter Password' successfully

04-11-2024T15:31:29 - [TEST_CASE][PASSED] - Test Cases/Threads_Webshop/ReUsable Testcases/Enter Password: Test Cases/Threads_Webshop/ReUsable Testcases/Enter Password

04-11-2024T15:31:29 - [TEST_STEP][PASSED] - openBrowser(""): Browser is opened with url: ''

04-11-2024T15:31:29 - [MESSAGE][INFO] - Starting 'Chrome' driver

04-11-2024T15:31:29 - [MESSAGE][INFO] - Action delay is set to 0 milliseconds

04-11-2024T15:31:30 - [MESSAGE][PASSED] - Browser is opened with url: ''

04-11-2024T15:31:30 - [TEST_STEP][PASSED] - maximizeWindow(): Current window maximized

04-11-2024T15:31:30 - [MESSAGE][PASSED] - Current window maximized

04-11-2024T15:31:30 - [TEST_STEP][PASSED] - navigateToUrl("https://threads0.myshopify.com/password"): Navigate to 'https://threads0.myshopify.com/password' successfully

04-11-2024T15:31:35 - [MESSAGE][PASSED] - Navigate to 'https://threads0.myshopify.com/password' successfully

04-11-2024T15:31:35 - [TEST_STEP][PASSED] - click(findTestObject("Object Repository/Thread_Webshop/Reusable Testcase/Page_Threads/div_Enter using password")): Object: 'Object Repository/Thread_Webshop/Reusable Testcase/Page_Threads/div_Enter using password' is clicked on

04-11-2024T15:31:37 - [MESSAGE][PASSED] - Object: 'Object Repository/Thread_Webshop/Reusable Testcase/Page_Threads/div_Enter using password' is clicked on

04-11-2024T15:31:37 - [TEST_STEP][PASSED] - setEncryptedText(findTestObject("Object Repository/Thread_Webshop/Reusable Testcase/Page_Threads/input_Enter store using password_password"), "gnzTAVlujIw+lTr0To6+Cg=="): Text ****** has been set on object 'Object Repository/Thread_Webshop/Reusable Testcase/Page_Threads/input_Enter store using password_password'

04-11-2024T15:31:38 - [MESSAGE][PASSED] - Text ****** has been set on object 'Object Repository/Thread_Webshop/Reusable Testcase/Page_Threads/input_Enter store using password_password'

04-11-2024T15:31:38 - [TEST_STEP][PASSED] - click(findTestObject("Object Repository/Thread_Webshop/Reusable Testcase/Page_Threads/button_Enter")): Object: 'Object Repository/Thread_Webshop/Reusable Testcase/Page_Threads/button_Enter' is clicked on

04-11-2024T15:31:39 - [MESSAGE][PASSED] - Object: 'Object Repository/Thread_Webshop/Reusable Testcase/Page_Threads/button_Enter' is clicked on

04-11-2024T15:31:39 - [MESSAGE][PASSED] - Call Test Case 'Test Cases/Threads_Webshop/ReUsable Testcases/Enter Password' successfully

04-11-2024T15:31:39 - [TEST_STEP][PASSED] - verifyTextPresent(home_page, false): Text 'Home' is present on page 

04-11-2024T15:31:40 - [MESSAGE][PASSED] - Text 'Home' is present on page 

04-11-2024T15:31:40 - [TEST_STEP][PASSED] - takeScreenshot(screenshotFolderPath + "home.png"): Taking screenshot successfully

04-11-2024T15:31:41 - [MESSAGE][PASSED] - Taking screenshot successfully
[[ATTACHMENT|C:\\Users\\AnusmitaKundu\\git\\threadShopify\\ThreadShopify\\Reports\\20241104_152933\\Threads\\New Test Suite\\20241104_152934\\screenshots/home_page_20241104_153129/home.png]]

04-11-2024T15:31:41 - [TEST_STEP][PASSED] - verifyElementClickable(findTestObject("Object Repository/Page_Threads/svg_Contact_icon icon-search")): Object 'Object Repository/Page_Threads/svg_Contact_icon icon-search' is clickable

04-11-2024T15:31:42 - [MESSAGE][PASSED] - Object 'Object Repository/Page_Threads/svg_Contact_icon icon-search' is clickable

04-11-2024T15:31:42 - [TEST_STEP][PASSED] - click(findTestObject("Object Repository/Page_Threads/svg_Contact_icon icon-search")): Object: 'Object Repository/Page_Threads/svg_Contact_icon icon-search' is clicked on

04-11-2024T15:31:42 - [MESSAGE][PASSED] - Object: 'Object Repository/Page_Threads/svg_Contact_icon icon-search' is clicked on

04-11-2024T15:31:42 - [TEST_STEP][PASSED] - takeScreenshot(screenshotFolderPath + "open_search_bar.png"): Taking screenshot successfully

04-11-2024T15:31:43 - [MESSAGE][PASSED] - Taking screenshot successfully
[[ATTACHMENT|C:\\Users\\AnusmitaKundu\\git\\threadShopify\\ThreadShopify\\Reports\\20241104_152933\\Threads\\New Test Suite\\20241104_152934\\screenshots/home_page_20241104_153129/open_search_bar.png]]

04-11-2024T15:31:43 - [TEST_STEP][PASSED] - verifyTextPresent("", false): Text '' is present on page 

04-11-2024T15:31:43 - [MESSAGE][PASSED] - Text '' is present on page 

04-11-2024T15:31:43 - [TEST_STEP][PASSED] - verifyElementClickable(findTestObject("Object Repository/Page_Threads/svg_Search_icon icon-search")): Object 'Object Repository/Page_Threads/svg_Search_icon icon-search' is clickable

04-11-2024T15:31:43 - [MESSAGE][PASSED] - Object 'Object Repository/Page_Threads/svg_Search_icon icon-search' is clickable

04-11-2024T15:31:43 - [TEST_STEP][PASSED] - click(findTestObject("Object Repository/Page_Threads/svg_Search_icon icon-search")): Object: 'Object Repository/Page_Threads/svg_Search_icon icon-search' is clicked on

04-11-2024T15:31:44 - [MESSAGE][PASSED] - Object: 'Object Repository/Page_Threads/svg_Search_icon icon-search' is clicked on

04-11-2024T15:31:44 - [TEST_STEP][PASSED] - takeScreenshot(screenshotFolderPath + "blank_bar.png"): Taking screenshot successfully

04-11-2024T15:31:44 - [MESSAGE][PASSED] - Taking screenshot successfully
[[ATTACHMENT|C:\\Users\\AnusmitaKundu\\git\\threadShopify\\ThreadShopify\\Reports\\20241104_152933\\Threads\\New Test Suite\\20241104_152934\\screenshots/home_page_20241104_153129/blank_bar.png]]

04-11-2024T15:31:44 - [TEST_STEP][PASSED] - setText(findTestObject("Object Repository/Page_Threads/input_Contact_q"), invalid_search): Text 'Verify invalid search' is set on object 'Object Repository/Page_Threads/input_Contact_q'

04-11-2024T15:31:45 - [MESSAGE][PASSED] - Text 'Verify invalid search' is set on object 'Object Repository/Page_Threads/input_Contact_q'

04-11-2024T15:31:45 - [TEST_STEP][PASSED] - takeScreenshot(screenshotFolderPath + "invalid_before.png"): Taking screenshot successfully

04-11-2024T15:31:46 - [MESSAGE][PASSED] - Taking screenshot successfully
[[ATTACHMENT|C:\\Users\\AnusmitaKundu\\git\\threadShopify\\ThreadShopify\\Reports\\20241104_152933\\Threads\\New Test Suite\\20241104_152934\\screenshots/home_page_20241104_153129/invalid_before.png]]

04-11-2024T15:31:46 - [TEST_STEP][PASSED] - click(findTestObject("Object Repository/Page_Threads/svg_Search_icon icon-search")): Object: 'Object Repository/Page_Threads/svg_Search_icon icon-search' is clicked on

04-11-2024T15:31:48 - [MESSAGE][PASSED] - Object: 'Object Repository/Page_Threads/svg_Search_icon icon-search' is clicked on

04-11-2024T15:31:48 - [TEST_STEP][PASSED] - verifyTextPresent(search_result, false): Text 'Search results' is present on page 

04-11-2024T15:31:49 - [MESSAGE][PASSED] - Text 'Search results' is present on page 

04-11-2024T15:31:49 - [TEST_STEP][PASSED] - verifyTextPresent(no_result, false): Text 'No results found for' is present on page 

04-11-2024T15:31:49 - [MESSAGE][PASSED] - Text 'No results found for' is present on page 

04-11-2024T15:31:49 - [TEST_STEP][PASSED] - takeScreenshot(screenshotFolderPath + "invalid_after.png"): Taking screenshot successfully

04-11-2024T15:31:49 - [MESSAGE][PASSED] - Taking screenshot successfully
[[ATTACHMENT|C:\\Users\\AnusmitaKundu\\git\\threadShopify\\ThreadShopify\\Reports\\20241104_152933\\Threads\\New Test Suite\\20241104_152934\\screenshots/home_page_20241104_153129/invalid_after.png]]

04-11-2024T15:31:49 - [TEST_STEP][PASSED] - click(findTestObject("Object Repository/Thread_Webshop/Home_Page/Page_Threads/Page_Search 0 results found for Verify inva_0640af/svg_Contact_icon icon-search")): Object: 'Object Repository/Thread_Webshop/Home_Page/Page_Threads/Page_Search 0 results found for Verify inva_0640af/svg_Contact_icon icon-search' is clicked on

04-11-2024T15:31:50 - [MESSAGE][PASSED] - Object: 'Object Repository/Thread_Webshop/Home_Page/Page_Threads/Page_Search 0 results found for Verify inva_0640af/svg_Contact_icon icon-search' is clicked on

04-11-2024T15:31:50 - [TEST_STEP][PASSED] - setText(findTestObject("Object Repository/Thread_Webshop/Home_Page/Page_Threads/Page_Search 0 results found for Verify inva_0640af/input_Contact_q"), search_item): Text 'Shoe' is set on object 'Object Repository/Thread_Webshop/Home_Page/Page_Threads/Page_Search 0 results found for Verify inva_0640af/input_Contact_q'

04-11-2024T15:31:51 - [MESSAGE][PASSED] - Text 'Shoe' is set on object 'Object Repository/Thread_Webshop/Home_Page/Page_Threads/Page_Search 0 results found for Verify inva_0640af/input_Contact_q'

04-11-2024T15:31:51 - [TEST_STEP][PASSED] - takeScreenshot(screenshotFolderPath + "search_item_before.png"): Taking screenshot successfully

04-11-2024T15:31:51 - [MESSAGE][PASSED] - Taking screenshot successfully
[[ATTACHMENT|C:\\Users\\AnusmitaKundu\\git\\threadShopify\\ThreadShopify\\Reports\\20241104_152933\\Threads\\New Test Suite\\20241104_152934\\screenshots/home_page_20241104_153129/search_item_before.png]]

04-11-2024T15:31:51 - [TEST_STEP][PASSED] - delay(3): Delayed 3 second(s)

04-11-2024T15:31:54 - [MESSAGE][PASSED] - Delayed 3 second(s)

04-11-2024T15:31:54 - [TEST_STEP][PASSED] - verifyElementPresent(findTestObject("Object Repository/Thread_Webshop/Home_Page/Page_Threads/Page_Search 0 results found for Verify inva_0640af/p_DR MARTENS  CAVENDISH 3-EYE SHOE BLACK"), 0): Object 'Object Repository/Thread_Webshop/Home_Page/Page_Threads/Page_Search 0 results found for Verify inva_0640af/p_DR MARTENS  CAVENDISH 3-EYE SHOE BLACK' is present

04-11-2024T15:31:54 - [MESSAGE][WARNING] - Timeout '0' is invalid. Using default page load timeout: '30'

04-11-2024T15:31:55 - [MESSAGE][PASSED] - Object 'Object Repository/Thread_Webshop/Home_Page/Page_Threads/Page_Search 0 results found for Verify inva_0640af/p_DR MARTENS  CAVENDISH 3-EYE SHOE BLACK' is present

04-11-2024T15:31:55 - [TEST_STEP][PASSED] - verifyElementPresent(findTestObject("Object Repository/Thread_Webshop/Home_Page/Page_Threads/Page_Search 0 results found for Verify inva_0640af/p_DR MARTENS  1461 DMC 3-EYE SHOE  BLACK SMOOTH"), 0): Object 'Object Repository/Thread_Webshop/Home_Page/Page_Threads/Page_Search 0 results found for Verify inva_0640af/p_DR MARTENS  1461 DMC 3-EYE SHOE  BLACK SMOOTH' is present

04-11-2024T15:31:55 - [MESSAGE][WARNING] - Timeout '0' is invalid. Using default page load timeout: '30'

04-11-2024T15:31:55 - [MESSAGE][PASSED] - Object 'Object Repository/Thread_Webshop/Home_Page/Page_Threads/Page_Search 0 results found for Verify inva_0640af/p_DR MARTENS  1461 DMC 3-EYE SHOE  BLACK SMOOTH' is present

04-11-2024T15:31:55 - [TEST_STEP][PASSED] - verifyElementPresent(findTestObject("Object Repository/Thread_Webshop/Home_Page/Page_Threads/Page_Search 0 results found for Verify inva_0640af/p_DR MARTENS  1460Z DMC 8-EYE BOOT  CHERRY SMOOTH"), 0): Object 'Object Repository/Thread_Webshop/Home_Page/Page_Threads/Page_Search 0 results found for Verify inva_0640af/p_DR MARTENS  1460Z DMC 8-EYE BOOT  CHERRY SMOOTH' is present

04-11-2024T15:31:55 - [MESSAGE][WARNING] - Timeout '0' is invalid. Using default page load timeout: '30'

04-11-2024T15:31:55 - [MESSAGE][PASSED] - Object 'Object Repository/Thread_Webshop/Home_Page/Page_Threads/Page_Search 0 results found for Verify inva_0640af/p_DR MARTENS  1460Z DMC 8-EYE BOOT  CHERRY SMOOTH' is present

04-11-2024T15:31:55 - [TEST_STEP][PASSED] - verifyElementPresent(findTestObject("Object Repository/Thread_Webshop/Home_Page/Page_Threads/Page_Search 0 results found for Verify inva_0640af/p_TIMBERLAND  MENS 6 INCH PREMIUM BOOT"), 0): Object 'Object Repository/Thread_Webshop/Home_Page/Page_Threads/Page_Search 0 results found for Verify inva_0640af/p_TIMBERLAND  MENS 6 INCH PREMIUM BOOT' is present

04-11-2024T15:31:55 - [MESSAGE][WARNING] - Timeout '0' is invalid. Using default page load timeout: '30'

04-11-2024T15:31:56 - [MESSAGE][PASSED] - Object 'Object Repository/Thread_Webshop/Home_Page/Page_Threads/Page_Search 0 results found for Verify inva_0640af/p_TIMBERLAND  MENS 6 INCH PREMIUM BOOT' is present

04-11-2024T15:31:56 - [TEST_STEP][PASSED] - click(findTestObject("Object Repository/Thread_Webshop/Home_Page/Page_Threads/Page_Search 0 results found for Verify inva_0640af/svg_Search_icon icon-search")): Object: 'Object Repository/Thread_Webshop/Home_Page/Page_Threads/Page_Search 0 results found for Verify inva_0640af/svg_Search_icon icon-search' is clicked on

04-11-2024T15:31:57 - [MESSAGE][PASSED] - Object: 'Object Repository/Thread_Webshop/Home_Page/Page_Threads/Page_Search 0 results found for Verify inva_0640af/svg_Search_icon icon-search' is clicked on

04-11-2024T15:31:57 - [TEST_STEP][PASSED] - takeScreenshot(screenshotFolderPath + "search_item_after.png"): Taking screenshot successfully

04-11-2024T15:31:59 - [MESSAGE][PASSED] - Taking screenshot successfully
[[ATTACHMENT|C:\\Users\\AnusmitaKundu\\git\\threadShopify\\ThreadShopify\\Reports\\20241104_152933\\Threads\\New Test Suite\\20241104_152934\\screenshots/home_page_20241104_153129/search_item_after.png]]

04-11-2024T15:31:59 - [TEST_STEP][PASSED] - verifyTextPresent(search_result, false): Text 'Search results' is present on page 

04-11-2024T15:31:59 - [MESSAGE][PASSED] - Text 'Search results' is present on page 

04-11-2024T15:31:59 - [TEST_STEP][PASSED] - scrollToPosition(500, 0): Browser is scrolled to position x = 500, y = 0

04-11-2024T15:31:59 - [MESSAGE][PASSED] - Browser is scrolled to position x = 500, y = 0

04-11-2024T15:31:59 - [TEST_STEP][PASSED] - verifyElementPresent(findTestObject("Object Repository/Thread_Webshop/Home_Page/Page_Threads/Page_Search 24 results found for Shoe  Threads/a_DR MARTENS  CAVENDISH 3-EYE SHOE BLACK"), 0): Object 'Object Repository/Thread_Webshop/Home_Page/Page_Threads/Page_Search 24 results found for Shoe  Threads/a_DR MARTENS  CAVENDISH 3-EYE SHOE BLACK' is present

04-11-2024T15:31:59 - [MESSAGE][WARNING] - Timeout '0' is invalid. Using default page load timeout: '30'

04-11-2024T15:31:59 - [MESSAGE][PASSED] - Object 'Object Repository/Thread_Webshop/Home_Page/Page_Threads/Page_Search 24 results found for Shoe  Threads/a_DR MARTENS  CAVENDISH 3-EYE SHOE BLACK' is present

04-11-2024T15:31:59 - [TEST_STEP][PASSED] - verifyElementPresent(findTestObject("Object Repository/Thread_Webshop/Home_Page/Page_Threads/Page_Search 24 results found for Shoe  Threads/a_DR MARTENS  1461 DMC 3-EYE SHOE  BLACK SMOOTH"), 0): Object 'Object Repository/Thread_Webshop/Home_Page/Page_Threads/Page_Search 24 results found for Shoe  Threads/a_DR MARTENS  1461 DMC 3-EYE SHOE  BLACK SMOOTH' is present

04-11-2024T15:31:59 - [MESSAGE][WARNING] - Timeout '0' is invalid. Using default page load timeout: '30'

04-11-2024T15:32:00 - [MESSAGE][PASSED] - Object 'Object Repository/Thread_Webshop/Home_Page/Page_Threads/Page_Search 24 results found for Shoe  Threads/a_DR MARTENS  1461 DMC 3-EYE SHOE  BLACK SMOOTH' is present

04-11-2024T15:32:00 - [TEST_STEP][PASSED] - verifyElementPresent(findTestObject("Object Repository/Thread_Webshop/Home_Page/Page_Threads/Page_Search 24 results found for Shoe  Threads/a_ADIDAS  SUPERSTAR 80S"), 0): Object 'Object Repository/Thread_Webshop/Home_Page/Page_Threads/Page_Search 24 results found for Shoe  Threads/a_ADIDAS  SUPERSTAR 80S' is present

04-11-2024T15:32:00 - [MESSAGE][WARNING] - Timeout '0' is invalid. Using default page load timeout: '30'

04-11-2024T15:32:00 - [MESSAGE][PASSED] - Object 'Object Repository/Thread_Webshop/Home_Page/Page_Threads/Page_Search 24 results found for Shoe  Threads/a_ADIDAS  SUPERSTAR 80S' is present

04-11-2024T15:32:00 - [TEST_STEP][PASSED] - verifyElementPresent(findTestObject("Object Repository/Thread_Webshop/Home_Page/Page_Threads/Page_Search 24 results found for Shoe  Threads/a_NIKE  TODDLER ROSHE ONE"), 0): Object 'Object Repository/Thread_Webshop/Home_Page/Page_Threads/Page_Search 24 results found for Shoe  Threads/a_NIKE  TODDLER ROSHE ONE' is present

04-11-2024T15:32:00 - [MESSAGE][WARNING] - Timeout '0' is invalid. Using default page load timeout: '30'

04-11-2024T15:32:00 - [MESSAGE][PASSED] - Object 'Object Repository/Thread_Webshop/Home_Page/Page_Threads/Page_Search 24 results found for Shoe  Threads/a_NIKE  TODDLER ROSHE ONE' is present

04-11-2024T15:32:00 - [TEST_STEP][PASSED] - takeScreenshot(screenshotFolderPath + "search_result.png"): Taking screenshot successfully

04-11-2024T15:32:01 - [MESSAGE][PASSED] - Taking screenshot successfully
[[ATTACHMENT|C:\\Users\\AnusmitaKundu\\git\\threadShopify\\ThreadShopify\\Reports\\20241104_152933\\Threads\\New Test Suite\\20241104_152934\\screenshots/home_page_20241104_153129/search_result.png]]

04-11-2024T15:32:01 - [TEST_STEP][PASSED] - click(findTestObject("Object Repository/Thread_Webshop/Home_Page/Page_Threads/Page_Search 24 results found for Shoe  Threads/span_Home")): Object: 'Object Repository/Thread_Webshop/Home_Page/Page_Threads/Page_Search 24 results found for Shoe  Threads/span_Home' is clicked on

04-11-2024T15:32:02 - [MESSAGE][PASSED] - Object: 'Object Repository/Thread_Webshop/Home_Page/Page_Threads/Page_Search 24 results found for Shoe  Threads/span_Home' is clicked on

04-11-2024T15:32:02 - [TEST_STEP][PASSED] - takeScreenshot(screenshotFolderPath + "home_final.png"): Taking screenshot successfully

04-11-2024T15:32:04 - [MESSAGE][PASSED] - Taking screenshot successfully
[[ATTACHMENT|C:\\Users\\AnusmitaKundu\\git\\threadShopify\\ThreadShopify\\Reports\\20241104_152933\\Threads\\New Test Suite\\20241104_152934\\screenshots/home_page_20241104_153129/home_final.png]]

04-11-2024T15:32:04 - [TEST_STEP][PASSED] - closeBrowser(): Browser is closed

04-11-2024T15:32:04 - [MESSAGE][PASSED] - Browser is closed]]></system-out>
         <system-err><![CDATA[]]></system-err>
      </testcase>
      <testcase name="Test Cases/Threads_Webshop/3 Homepage/TC-672-Verify the Social media button" time="16.754" classname="Test Cases/Threads_Webshop/3 Homepage/TC-672-Verify the Social media button" status="PASSED">
         <system-out><![CDATA[04-11-2024T15:32:04 - [TEST_CASE][PASSED] - Test Cases/Threads_Webshop/3 Homepage/TC-672-Verify the Social media button: Test Cases/Threads_Webshop/3 Homepage/TC-672-Verify the Social media button

04-11-2024T15:32:04 - [TEST_STEP][PASSED] - currentDateTime = LocalDateTime.now(): null

04-11-2024T15:32:04 - [TEST_STEP][PASSED] - formatter = DateTimeFormatter.ofPattern("yyyyMMdd_HHmmss"): null

04-11-2024T15:32:04 - [TEST_STEP][PASSED] - dateTimeString = currentDateTime.format(formatter): null

04-11-2024T15:32:04 - [TEST_STEP][PASSED] - screenshotFolderPath = "screenshots/home_page_" + dateTimeString + "/": null

04-11-2024T15:32:04 - [TEST_STEP][PASSED] - File(screenshotFolderPath).mkdirs(): null

04-11-2024T15:32:04 - [TEST_STEP][PASSED] - callTestCase(findTestCase("Threads_Webshop/ReUsable Testcases/Enter Password"), [:], STOP_ON_FAILURE): Call Test Case 'Test Cases/Threads_Webshop/ReUsable Testcases/Enter Password' successfully

04-11-2024T15:32:04 - [TEST_CASE][PASSED] - Test Cases/Threads_Webshop/ReUsable Testcases/Enter Password: Test Cases/Threads_Webshop/ReUsable Testcases/Enter Password

04-11-2024T15:32:04 - [TEST_STEP][PASSED] - openBrowser(""): Browser is opened with url: ''

04-11-2024T15:32:04 - [MESSAGE][INFO] - Starting 'Chrome' driver

04-11-2024T15:32:04 - [MESSAGE][INFO] - Action delay is set to 0 milliseconds

04-11-2024T15:32:05 - [MESSAGE][PASSED] - Browser is opened with url: ''

04-11-2024T15:32:05 - [TEST_STEP][PASSED] - maximizeWindow(): Current window maximized

04-11-2024T15:32:05 - [MESSAGE][PASSED] - Current window maximized

04-11-2024T15:32:05 - [TEST_STEP][PASSED] - navigateToUrl("https://threads0.myshopify.com/password"): Navigate to 'https://threads0.myshopify.com/password' successfully

04-11-2024T15:32:13 - [MESSAGE][PASSED] - Navigate to 'https://threads0.myshopify.com/password' successfully

04-11-2024T15:32:13 - [TEST_STEP][PASSED] - click(findTestObject("Object Repository/Thread_Webshop/Reusable Testcase/Page_Threads/div_Enter using password")): Object: 'Object Repository/Thread_Webshop/Reusable Testcase/Page_Threads/div_Enter using password' is clicked on

04-11-2024T15:32:16 - [MESSAGE][PASSED] - Object: 'Object Repository/Thread_Webshop/Reusable Testcase/Page_Threads/div_Enter using password' is clicked on

04-11-2024T15:32:16 - [TEST_STEP][PASSED] - setEncryptedText(findTestObject("Object Repository/Thread_Webshop/Reusable Testcase/Page_Threads/input_Enter store using password_password"), "gnzTAVlujIw+lTr0To6+Cg=="): Text ****** has been set on object 'Object Repository/Thread_Webshop/Reusable Testcase/Page_Threads/input_Enter store using password_password'

04-11-2024T15:32:16 - [MESSAGE][PASSED] - Text ****** has been set on object 'Object Repository/Thread_Webshop/Reusable Testcase/Page_Threads/input_Enter store using password_password'

04-11-2024T15:32:16 - [TEST_STEP][PASSED] - click(findTestObject("Object Repository/Thread_Webshop/Reusable Testcase/Page_Threads/button_Enter")): Object: 'Object Repository/Thread_Webshop/Reusable Testcase/Page_Threads/button_Enter' is clicked on

04-11-2024T15:32:18 - [MESSAGE][PASSED] - Object: 'Object Repository/Thread_Webshop/Reusable Testcase/Page_Threads/button_Enter' is clicked on

04-11-2024T15:32:18 - [MESSAGE][PASSED] - Call Test Case 'Test Cases/Threads_Webshop/ReUsable Testcases/Enter Password' successfully

04-11-2024T15:32:18 - [TEST_STEP][PASSED] - maximizeWindow(): Current window maximized

04-11-2024T15:32:18 - [MESSAGE][PASSED] - Current window maximized

04-11-2024T15:32:18 - [TEST_STEP][PASSED] - scrollToPosition(0, 10000): Browser is scrolled to position x = 0, y = 10000

04-11-2024T15:32:18 - [MESSAGE][PASSED] - Browser is scrolled to position x = 0, y = 10000

04-11-2024T15:32:18 - [TEST_STEP][PASSED] - takeScreenshot(screenshotFolderPath + "social_media_icon.png"): Taking screenshot successfully

04-11-2024T15:32:19 - [MESSAGE][PASSED] - Taking screenshot successfully
[[ATTACHMENT|C:\\Users\\AnusmitaKundu\\git\\threadShopify\\ThreadShopify\\Reports\\20241104_152933\\Threads\\New Test Suite\\20241104_152934\\screenshots/home_page_20241104_153204/social_media_icon.png]]

04-11-2024T15:32:19 - [TEST_STEP][PASSED] - verifyElementClickable(findTestObject("Object Repository/Page_Threads/a_Facebook")): Object 'Object Repository/Page_Threads/a_Facebook' is clickable

04-11-2024T15:32:19 - [MESSAGE][PASSED] - Object 'Object Repository/Page_Threads/a_Facebook' is clickable

04-11-2024T15:32:19 - [TEST_STEP][PASSED] - verifyElementClickable(findTestObject("Object Repository/Page_Threads/a_Instagram")): Object 'Object Repository/Page_Threads/a_Instagram' is clickable

04-11-2024T15:32:19 - [MESSAGE][PASSED] - Object 'Object Repository/Page_Threads/a_Instagram' is clickable

04-11-2024T15:32:19 - [TEST_STEP][PASSED] - verifyElementClickable(findTestObject("Object Repository/Page_Threads/a_YouTube")): Object 'Object Repository/Page_Threads/a_YouTube' is clickable

04-11-2024T15:32:20 - [MESSAGE][PASSED] - Object 'Object Repository/Page_Threads/a_YouTube' is clickable

04-11-2024T15:32:20 - [TEST_STEP][PASSED] - verifyElementClickable(findTestObject("Object Repository/Page_Threads/a_X (Twitter)")): Object 'Object Repository/Page_Threads/a_X (Twitter)' is clickable

04-11-2024T15:32:20 - [MESSAGE][PASSED] - Object 'Object Repository/Page_Threads/a_X (Twitter)' is clickable

04-11-2024T15:32:20 - [TEST_STEP][PASSED] - closeBrowser(): Browser is closed

04-11-2024T15:32:21 - [MESSAGE][PASSED] - Browser is closed]]></system-out>
         <system-err><![CDATA[]]></system-err>
      </testcase>
      <testcase name="Test Cases/Threads_Webshop/3 Homepage/TC-89,11-Verify Home page elements" time="14.262" classname="Test Cases/Threads_Webshop/3 Homepage/TC-89,11-Verify Home page elements" status="PASSED">
         <system-out><![CDATA[04-11-2024T15:32:21 - [TEST_CASE][PASSED] - Test Cases/Threads_Webshop/3 Homepage/TC-89,11-Verify Home page elements: Test Cases/Threads_Webshop/3 Homepage/TC-89,11-Verify Home page elements

04-11-2024T15:32:21 - [TEST_STEP][PASSED] - currentDateTime = LocalDateTime.now(): null

04-11-2024T15:32:21 - [TEST_STEP][PASSED] - formatter = DateTimeFormatter.ofPattern("yyyyMMdd_HHmmss"): null

04-11-2024T15:32:21 - [TEST_STEP][PASSED] - dateTimeString = currentDateTime.format(formatter): null

04-11-2024T15:32:21 - [TEST_STEP][PASSED] - screenshotFolderPath = "screenshots/home_page_" + dateTimeString + "/": null

04-11-2024T15:32:21 - [TEST_STEP][PASSED] - File(screenshotFolderPath).mkdirs(): null

04-11-2024T15:32:21 - [TEST_STEP][PASSED] - callTestCase(findTestCase("Threads_Webshop/ReUsable Testcases/Enter Password"), [:], STOP_ON_FAILURE): Call Test Case 'Test Cases/Threads_Webshop/ReUsable Testcases/Enter Password' successfully

04-11-2024T15:32:21 - [TEST_CASE][PASSED] - Test Cases/Threads_Webshop/ReUsable Testcases/Enter Password: Test Cases/Threads_Webshop/ReUsable Testcases/Enter Password

04-11-2024T15:32:21 - [TEST_STEP][PASSED] - openBrowser(""): Browser is opened with url: ''

04-11-2024T15:32:21 - [MESSAGE][INFO] - Starting 'Chrome' driver

04-11-2024T15:32:21 - [MESSAGE][INFO] - Action delay is set to 0 milliseconds

04-11-2024T15:32:22 - [MESSAGE][PASSED] - Browser is opened with url: ''

04-11-2024T15:32:22 - [TEST_STEP][PASSED] - maximizeWindow(): Current window maximized

04-11-2024T15:32:22 - [MESSAGE][PASSED] - Current window maximized

04-11-2024T15:32:22 - [TEST_STEP][PASSED] - navigateToUrl("https://threads0.myshopify.com/password"): Navigate to 'https://threads0.myshopify.com/password' successfully

04-11-2024T15:32:23 - [MESSAGE][PASSED] - Navigate to 'https://threads0.myshopify.com/password' successfully

04-11-2024T15:32:23 - [TEST_STEP][PASSED] - click(findTestObject("Object Repository/Thread_Webshop/Reusable Testcase/Page_Threads/div_Enter using password")): Object: 'Object Repository/Thread_Webshop/Reusable Testcase/Page_Threads/div_Enter using password' is clicked on

04-11-2024T15:32:25 - [MESSAGE][PASSED] - Object: 'Object Repository/Thread_Webshop/Reusable Testcase/Page_Threads/div_Enter using password' is clicked on

04-11-2024T15:32:25 - [TEST_STEP][PASSED] - setEncryptedText(findTestObject("Object Repository/Thread_Webshop/Reusable Testcase/Page_Threads/input_Enter store using password_password"), "gnzTAVlujIw+lTr0To6+Cg=="): Text ****** has been set on object 'Object Repository/Thread_Webshop/Reusable Testcase/Page_Threads/input_Enter store using password_password'

04-11-2024T15:32:26 - [MESSAGE][PASSED] - Text ****** has been set on object 'Object Repository/Thread_Webshop/Reusable Testcase/Page_Threads/input_Enter store using password_password'

04-11-2024T15:32:26 - [TEST_STEP][PASSED] - click(findTestObject("Object Repository/Thread_Webshop/Reusable Testcase/Page_Threads/button_Enter")): Object: 'Object Repository/Thread_Webshop/Reusable Testcase/Page_Threads/button_Enter' is clicked on

04-11-2024T15:32:27 - [MESSAGE][PASSED] - Object: 'Object Repository/Thread_Webshop/Reusable Testcase/Page_Threads/button_Enter' is clicked on

04-11-2024T15:32:27 - [MESSAGE][PASSED] - Call Test Case 'Test Cases/Threads_Webshop/ReUsable Testcases/Enter Password' successfully

04-11-2024T15:32:27 - [TEST_STEP][PASSED] - verifyTextPresent("Home", false): Text 'Home' is present on page 

04-11-2024T15:32:29 - [MESSAGE][PASSED] - Text 'Home' is present on page 

04-11-2024T15:32:29 - [TEST_STEP][PASSED] - takeScreenshot(screenshotFolderPath + "home.png"): Taking screenshot successfully

04-11-2024T15:32:29 - [MESSAGE][PASSED] - Taking screenshot successfully
[[ATTACHMENT|C:\\Users\\AnusmitaKundu\\git\\threadShopify\\ThreadShopify\\Reports\\20241104_152933\\Threads\\New Test Suite\\20241104_152934\\screenshots/home_page_20241104_153221/home.png]]

04-11-2024T15:32:29 - [TEST_STEP][PASSED] - verifyElementPresent(findTestObject("Object Repository/Thread_Webshop/Home_Page/Page_Threads/div_Uncover your wardrobe essentials       _66e2bc"), 0): Object 'Object Repository/Thread_Webshop/Home_Page/Page_Threads/div_Uncover your wardrobe essentials       _66e2bc' is present

04-11-2024T15:32:29 - [MESSAGE][WARNING] - Timeout '0' is invalid. Using default page load timeout: '30'

04-11-2024T15:32:30 - [MESSAGE][PASSED] - Object 'Object Repository/Thread_Webshop/Home_Page/Page_Threads/div_Uncover your wardrobe essentials       _66e2bc' is present

04-11-2024T15:32:30 - [TEST_STEP][PASSED] - takeScreenshot(screenshotFolderPath + "banner.png"): Taking screenshot successfully

04-11-2024T15:32:30 - [MESSAGE][PASSED] - Taking screenshot successfully
[[ATTACHMENT|C:\\Users\\AnusmitaKundu\\git\\threadShopify\\ThreadShopify\\Reports\\20241104_152933\\Threads\\New Test Suite\\20241104_152934\\screenshots/home_page_20241104_153221/banner.png]]

04-11-2024T15:32:30 - [TEST_STEP][PASSED] - verifyTextPresent("Uncover your wardrobe essentials", false): Text 'Uncover your wardrobe essentials' is present on page 

04-11-2024T15:32:31 - [MESSAGE][PASSED] - Text 'Uncover your wardrobe essentials' is present on page 

04-11-2024T15:32:31 - [TEST_STEP][PASSED] - isFeaturedPresent = verifyTextPresent("Featured", false, OPTIONAL): Text 'Featured' is present on page 

04-11-2024T15:32:31 - [MESSAGE][PASSED] - Text 'Featured' is present on page 

04-11-2024T15:32:31 - [TEST_STEP][PASSED] - if (isFeaturedPresent): Object 'Object Repository/Thread_Webshop/Home_Page/Page_Threads/a_ADIDAS  SUPERSTAR 80S' is clickable

04-11-2024T15:32:31 - [TEST_STEP][PASSED] - verifyElementClickable(findTestObject("Object Repository/Thread_Webshop/Home_Page/Page_Threads/a_ADIDAS  CLASSIC BACKPACK")): Object 'Object Repository/Thread_Webshop/Home_Page/Page_Threads/a_ADIDAS  CLASSIC BACKPACK' is clickable

04-11-2024T15:32:31 - [MESSAGE][PASSED] - Object 'Object Repository/Thread_Webshop/Home_Page/Page_Threads/a_ADIDAS  CLASSIC BACKPACK' is clickable

04-11-2024T15:32:31 - [TEST_STEP][PASSED] - verifyElementClickable(findTestObject("Object Repository/Thread_Webshop/Home_Page/Page_Threads/a_ADIDAS  CLASSIC BACKPACK  LEGEND INK MULTICOLOUR")): Object 'Object Repository/Thread_Webshop/Home_Page/Page_Threads/a_ADIDAS  CLASSIC BACKPACK  LEGEND INK MULTICOLOUR' is clickable

04-11-2024T15:32:32 - [MESSAGE][PASSED] - Object 'Object Repository/Thread_Webshop/Home_Page/Page_Threads/a_ADIDAS  CLASSIC BACKPACK  LEGEND INK MULTICOLOUR' is clickable

04-11-2024T15:32:32 - [TEST_STEP][PASSED] - verifyElementClickable(findTestObject("Object Repository/Thread_Webshop/Home_Page/Page_Threads/a_ADIDAS  KIDS STAN SMITH")): Object 'Object Repository/Thread_Webshop/Home_Page/Page_Threads/a_ADIDAS  KIDS STAN SMITH' is clickable

04-11-2024T15:32:32 - [MESSAGE][PASSED] - Object 'Object Repository/Thread_Webshop/Home_Page/Page_Threads/a_ADIDAS  KIDS STAN SMITH' is clickable

04-11-2024T15:32:32 - [TEST_STEP][PASSED] - verifyElementClickable(findTestObject("Object Repository/Thread_Webshop/Home_Page/Page_Threads/a_ADIDAS  SUPERSTAR 80S")): Object 'Object Repository/Thread_Webshop/Home_Page/Page_Threads/a_ADIDAS  SUPERSTAR 80S' is clickable

04-11-2024T15:32:32 - [MESSAGE][PASSED] - Object 'Object Repository/Thread_Webshop/Home_Page/Page_Threads/a_ADIDAS  SUPERSTAR 80S' is clickable

04-11-2024T15:32:32 - [TEST_STEP][PASSED] - scrollToPosition(0, 1000): Browser is scrolled to position x = 0, y = 1000

04-11-2024T15:32:32 - [MESSAGE][PASSED] - Browser is scrolled to position x = 0, y = 1000

04-11-2024T15:32:32 - [TEST_STEP][PASSED] - delay(2): Delayed 2 second(s)

04-11-2024T15:32:34 - [MESSAGE][PASSED] - Delayed 2 second(s)

04-11-2024T15:32:34 - [TEST_STEP][PASSED] - takeScreenshot(screenshotFolderPath + "featured.png"): Taking screenshot successfully

04-11-2024T15:32:35 - [MESSAGE][PASSED] - Taking screenshot successfully
[[ATTACHMENT|C:\\Users\\AnusmitaKundu\\git\\threadShopify\\ThreadShopify\\Reports\\20241104_152933\\Threads\\New Test Suite\\20241104_152934\\screenshots/home_page_20241104_153221/featured.png]]

04-11-2024T15:32:35 - [TEST_STEP][PASSED] - closeBrowser(): Browser is closed

04-11-2024T15:32:35 - [MESSAGE][PASSED] - Browser is closed]]></system-out>
         <system-err><![CDATA[]]></system-err>
      </testcase>
      <testcase name="Test Cases/Threads_Webshop/4 Search/TC-112, 169, 143-Verify Search Scenario" time="63.167" classname="Test Cases/Threads_Webshop/4 Search/TC-112, 169, 143-Verify Search Scenario" status="PASSED">
         <system-out><![CDATA[04-11-2024T15:32:35 - [TEST_CASE][PASSED] - Test Cases/Threads_Webshop/4 Search/TC-112, 169, 143-Verify Search Scenario: Test Cases/Threads_Webshop/4 Search/TC-112, 169, 143-Verify Search Scenario

04-11-2024T15:32:35 - [TEST_STEP][PASSED] - openBrowser(""): Browser is opened with url: ''

04-11-2024T15:32:35 - [MESSAGE][INFO] - Starting 'Chrome' driver

04-11-2024T15:32:35 - [MESSAGE][INFO] - Action delay is set to 0 milliseconds

04-11-2024T15:32:36 - [MESSAGE][PASSED] - Browser is opened with url: ''

04-11-2024T15:32:36 - [TEST_STEP][PASSED] - maximizeWindow(): Current window maximized

04-11-2024T15:32:36 - [MESSAGE][PASSED] - Current window maximized

04-11-2024T15:32:36 - [TEST_STEP][PASSED] - navigateToUrl("https://threads0.myshopify.com/password"): Navigate to 'https://threads0.myshopify.com/password' successfully

04-11-2024T15:32:37 - [MESSAGE][PASSED] - Navigate to 'https://threads0.myshopify.com/password' successfully

04-11-2024T15:32:37 - [TEST_STEP][PASSED] - click(findTestObject("Object Repository/Search with Category_An/Page_Threads/div_Enter using password")): Object: 'Object Repository/Search with Category_An/Page_Threads/div_Enter using password' is clicked on

04-11-2024T15:32:39 - [MESSAGE][PASSED] - Object: 'Object Repository/Search with Category_An/Page_Threads/div_Enter using password' is clicked on

04-11-2024T15:32:39 - [TEST_STEP][PASSED] - setEncryptedText(findTestObject("Object Repository/Search with Category_An/Page_Threads/input_Enter store using password_password"), "gnzTAVlujIw+lTr0To6+Cg=="): Text ****** has been set on object 'Object Repository/Search with Category_An/Page_Threads/input_Enter store using password_password'

04-11-2024T15:32:40 - [MESSAGE][PASSED] - Text ****** has been set on object 'Object Repository/Search with Category_An/Page_Threads/input_Enter store using password_password'

04-11-2024T15:32:40 - [TEST_STEP][PASSED] - click(findTestObject("Object Repository/Search with Category_An/Page_Threads/button_Enter")): Object: 'Object Repository/Search with Category_An/Page_Threads/button_Enter' is clicked on

04-11-2024T15:32:50 - [MESSAGE][PASSED] - Object: 'Object Repository/Search with Category_An/Page_Threads/button_Enter' is clicked on

04-11-2024T15:32:50 - [TEST_STEP][PASSED] - verifyTextPresent("Home", false): Text 'Home' is present on page 

04-11-2024T15:32:52 - [MESSAGE][PASSED] - Text 'Home' is present on page 

04-11-2024T15:32:52 - [TEST_STEP][PASSED] - verifyTextPresent("Catalog", false): Text 'Catalog' is present on page 

04-11-2024T15:32:53 - [MESSAGE][PASSED] - Text 'Catalog' is present on page 

04-11-2024T15:32:53 - [TEST_STEP][PASSED] - click(findTestObject("Object Repository/Search with Category_An/Page_Threads/span_Catalog")): Object: 'Object Repository/Search with Category_An/Page_Threads/span_Catalog' is clicked on

04-11-2024T15:32:55 - [MESSAGE][PASSED] - Object: 'Object Repository/Search with Category_An/Page_Threads/span_Catalog' is clicked on

04-11-2024T15:32:55 - [TEST_STEP][PASSED] - verifyTextPresent("Products", false): Text 'Products' is present on page 

04-11-2024T15:32:56 - [MESSAGE][PASSED] - Text 'Products' is present on page 

04-11-2024T15:32:56 - [TEST_STEP][PASSED] - verifyTextPresent("Price", false): Text 'Price' is present on page 

04-11-2024T15:32:56 - [MESSAGE][PASSED] - Text 'Price' is present on page 

04-11-2024T15:32:56 - [TEST_STEP][PASSED] - click(findTestObject("Object Repository/Search with Category_An/Page_Products  Threads/span_Price")): Object: 'Object Repository/Search with Category_An/Page_Products  Threads/span_Price' is clicked on

04-11-2024T15:32:57 - [MESSAGE][PASSED] - Object: 'Object Repository/Search with Category_An/Page_Products  Threads/span_Price' is clicked on

04-11-2024T15:32:57 - [TEST_STEP][PASSED] - delay(2): Delayed 2 second(s)

04-11-2024T15:32:59 - [MESSAGE][PASSED] - Delayed 2 second(s)

04-11-2024T15:32:59 - [TEST_STEP][PASSED] - setText(findTestObject("Object Repository/Search with Category_An/Page_Products  Threads/input__filter.v.price.gte"), "199"): Text '199' is set on object 'Object Repository/Search with Category_An/Page_Products  Threads/input__filter.v.price.gte'

04-11-2024T15:32:59 - [MESSAGE][PASSED] - Text '199' is set on object 'Object Repository/Search with Category_An/Page_Products  Threads/input__filter.v.price.gte'

04-11-2024T15:32:59 - [TEST_STEP][PASSED] - setText(findTestObject("Object Repository/Search with Category_An/Page_Products  Threads/input__filter.v.price.lte"), "299"): Text '299' is set on object 'Object Repository/Search with Category_An/Page_Products  Threads/input__filter.v.price.lte'

04-11-2024T15:33:00 - [MESSAGE][PASSED] - Text '299' is set on object 'Object Repository/Search with Category_An/Page_Products  Threads/input__filter.v.price.lte'

04-11-2024T15:33:00 - [TEST_STEP][PASSED] - click(findTestObject("Object Repository/Search with Category_An/Page_Products  Threads/summary_Price")): Object: 'Object Repository/Search with Category_An/Page_Products  Threads/summary_Price' is clicked on

04-11-2024T15:33:01 - [MESSAGE][PASSED] - Object: 'Object Repository/Search with Category_An/Page_Products  Threads/summary_Price' is clicked on

04-11-2024T15:33:01 - [TEST_STEP][PASSED] - verifyTextPresent("Sort by:", false): Text 'Sort by:' is present on page 

04-11-2024T15:33:01 - [MESSAGE][PASSED] - Text 'Sort by:' is present on page 

04-11-2024T15:33:01 - [TEST_STEP][PASSED] - product1 = getText(findTestObject("Object Repository/Search with Category_An/Page_Products  Threads/a_ASICS TIGER  GEL-LYTE V 30 YEARS OF GEL PACK")): Text of object 'Object Repository/Search with Category_An/Page_Products  Threads/a_ASICS TIGER  GEL-LYTE V 30 YEARS OF GEL PACK' is: 'ASICS TIGER | GEL-LYTE V '30 YEARS OF GEL' PACK'

04-11-2024T15:33:32 - [MESSAGE][INFO] - Unable to find the element located by 'By.xpath: /html/body/main/div[2]/div/div/div/div/ul/li[1]/div/div/div[2]/div[1]/h3/a/text()'. Please recheck the objects properties to make sure the desired element is located. 

04-11-2024T15:33:32 - [MESSAGE][WARNING] - [SELF-HEALING] Failed to find element with id 'Object Repository/Search with Category_An/Page_Products  Threads/a_ASICS TIGER  GEL-LYTE V 30 YEARS OF GEL PACK'. Try using Self-healing.

04-11-2024T15:33:32 - [MESSAGE][ERROR] - [SELF-HEALING] com.google.gson.stream.MalformedJsonException: Expected ':' at line 5 column 10 path $.brokenTestObjects[0].<<<<<<<

04-11-2024T15:33:33 - [MESSAGE][INFO] - [SELF-HEALING] Working Locator: '//a[@id='CardLink-template--18610480578783__product-grid-8834481160415']'.

04-11-2024T15:33:33 - [MESSAGE][INFO] - [SELF-HEALING] Screenshot: C:/Users/AnusmitaKundu/git/threadShopify/ThreadShopify/Reports/Self-healing/Object Repository/Search with Category_An/Page_Products  Threads/a_ASICS TIGER  GEL-LYTE V 30 YEARS OF GEL PACK_attributes.png

04-11-2024T15:33:33 - [MESSAGE][ERROR] - [SELF-HEALING] com.google.gson.stream.MalformedJsonException: Expected ':' at line 5 column 10 path $.brokenTestObjects[0].<<<<<<<

04-11-2024T15:33:33 - [MESSAGE][ERROR] - [SELF-HEALING] C:\Users\AnusmitaKundu\git\threadShopify\ThreadShopify\Reports\Self-healing\broken-test-objects-v2.json does not exist or is provided by Self-healing Plugin!

04-11-2024T15:33:33 - [MESSAGE][WARNING] - [SELF-HEALING] The current locator of test object 'Object Repository/Search with Category_An/Page_Products  Threads/a_ASICS TIGER  GEL-LYTE V 30 YEARS OF GEL PACK' was broken. Propose an alternative one: '//a[@id='CardLink-template--18610480578783__product-grid-8834481160415']'.

04-11-2024T15:33:33 - [MESSAGE][PASSED] - Text of object 'Object Repository/Search with Category_An/Page_Products  Threads/a_ASICS TIGER  GEL-LYTE V 30 YEARS OF GEL PACK' is: 'ASICS TIGER | GEL-LYTE V '30 YEARS OF GEL' PACK'

04-11-2024T15:33:33 - [TEST_STEP][PASSED] - println(product1): null

04-11-2024T15:33:33 - [TEST_STEP][PASSED] - price1 = getText(findTestObject("Object Repository/Search with Category_An/Page_Products  Threads/a_ASICS TIGER  GEL-LYTE V 30 YEARS OF GEL PACK_1")): Text of object 'Object Repository/Search with Category_An/Page_Products  Threads/a_ASICS TIGER  GEL-LYTE V 30 YEARS OF GEL PACK_1' is: 'Rs. 220.00'

04-11-2024T15:33:33 - [MESSAGE][PASSED] - Text of object 'Object Repository/Search with Category_An/Page_Products  Threads/a_ASICS TIGER  GEL-LYTE V 30 YEARS OF GEL PACK_1' is: 'Rs. 220.00'

04-11-2024T15:33:33 - [TEST_STEP][PASSED] - println(price1): null

04-11-2024T15:33:33 - [TEST_STEP][PASSED] - click(findTestObject("Object Repository/Search with Category_An/Page_Products  Threads/a_ASICS TIGER  GEL-LYTE V 30 YEARS OF GEL PACK_1_2")): Object: 'Object Repository/Search with Category_An/Page_Products  Threads/a_ASICS TIGER  GEL-LYTE V 30 YEARS OF GEL PACK_1_2' is clicked on

04-11-2024T15:33:35 - [MESSAGE][PASSED] - Object: 'Object Repository/Search with Category_An/Page_Products  Threads/a_ASICS TIGER  GEL-LYTE V 30 YEARS OF GEL PACK_1_2' is clicked on

04-11-2024T15:33:35 - [TEST_STEP][PASSED] - delay(2): Delayed 2 second(s)

04-11-2024T15:33:37 - [MESSAGE][PASSED] - Delayed 2 second(s)

04-11-2024T15:33:37 - [TEST_STEP][PASSED] - verifyTextPresent(product1, false): Text 'ASICS TIGER | GEL-LYTE V '30 YEARS OF GEL' PACK' is present on page 

04-11-2024T15:33:37 - [MESSAGE][PASSED] - Text 'ASICS TIGER | GEL-LYTE V '30 YEARS OF GEL' PACK' is present on page 

04-11-2024T15:33:37 - [TEST_STEP][PASSED] - verifyTextPresent(price1, false): Text 'Rs. 220.00' is present on page 

04-11-2024T15:33:38 - [MESSAGE][PASSED] - Text 'Rs. 220.00' is present on page 

04-11-2024T15:33:38 - [TEST_STEP][PASSED] - closeBrowser(): Browser is closed

04-11-2024T15:33:38 - [MESSAGE][PASSED] - Browser is closed]]></system-out>
         <system-err><![CDATA[]]></system-err>
      </testcase>
      <testcase name="Test Cases/Threads_Webshop/5 Shopping Cart/TC-157 Verify the cart" time="52.646" classname="Test Cases/Threads_Webshop/5 Shopping Cart/TC-157 Verify the cart" status="PASSED">
         <system-out><![CDATA[04-11-2024T15:33:38 - [TEST_CASE][PASSED] - Test Cases/Threads_Webshop/5 Shopping Cart/TC-157 Verify the cart: Test Cases/Threads_Webshop/5 Shopping Cart/TC-157 Verify the cart

04-11-2024T15:33:38 - [TEST_STEP][PASSED] - currentDateTime = LocalDateTime.now(): null

04-11-2024T15:33:38 - [TEST_STEP][PASSED] - formatter = DateTimeFormatter.ofPattern("yyyyMMdd_HHmmss"): null

04-11-2024T15:33:38 - [TEST_STEP][PASSED] - dateTimeString = currentDateTime.format(formatter): null

04-11-2024T15:33:38 - [TEST_STEP][PASSED] - screenshotFolderPath = "screenshots/shopping_cart_" + dateTimeString + "/": null

04-11-2024T15:33:38 - [TEST_STEP][PASSED] - File(screenshotFolderPath).mkdirs(): null

04-11-2024T15:33:38 - [TEST_STEP][PASSED] - callTestCase(findTestCase("Threads_Webshop/ReUsable Testcases/Enter Password"), [:], STOP_ON_FAILURE): Call Test Case 'Test Cases/Threads_Webshop/ReUsable Testcases/Enter Password' successfully

04-11-2024T15:33:38 - [TEST_CASE][PASSED] - Test Cases/Threads_Webshop/ReUsable Testcases/Enter Password: Test Cases/Threads_Webshop/ReUsable Testcases/Enter Password

04-11-2024T15:33:38 - [TEST_STEP][PASSED] - openBrowser(""): Browser is opened with url: ''

04-11-2024T15:33:38 - [MESSAGE][INFO] - Starting 'Chrome' driver

04-11-2024T15:33:38 - [MESSAGE][INFO] - Action delay is set to 0 milliseconds

04-11-2024T15:33:39 - [MESSAGE][PASSED] - Browser is opened with url: ''

04-11-2024T15:33:39 - [TEST_STEP][PASSED] - maximizeWindow(): Current window maximized

04-11-2024T15:33:39 - [MESSAGE][PASSED] - Current window maximized

04-11-2024T15:33:39 - [TEST_STEP][PASSED] - navigateToUrl("https://threads0.myshopify.com/password"): Navigate to 'https://threads0.myshopify.com/password' successfully

04-11-2024T15:33:43 - [MESSAGE][PASSED] - Navigate to 'https://threads0.myshopify.com/password' successfully

04-11-2024T15:33:43 - [TEST_STEP][PASSED] - click(findTestObject("Object Repository/Thread_Webshop/Reusable Testcase/Page_Threads/div_Enter using password")): Object: 'Object Repository/Thread_Webshop/Reusable Testcase/Page_Threads/div_Enter using password' is clicked on

04-11-2024T15:33:45 - [MESSAGE][PASSED] - Object: 'Object Repository/Thread_Webshop/Reusable Testcase/Page_Threads/div_Enter using password' is clicked on

04-11-2024T15:33:45 - [TEST_STEP][PASSED] - setEncryptedText(findTestObject("Object Repository/Thread_Webshop/Reusable Testcase/Page_Threads/input_Enter store using password_password"), "gnzTAVlujIw+lTr0To6+Cg=="): Text ****** has been set on object 'Object Repository/Thread_Webshop/Reusable Testcase/Page_Threads/input_Enter store using password_password'

04-11-2024T15:33:46 - [MESSAGE][PASSED] - Text ****** has been set on object 'Object Repository/Thread_Webshop/Reusable Testcase/Page_Threads/input_Enter store using password_password'

04-11-2024T15:33:46 - [TEST_STEP][PASSED] - click(findTestObject("Object Repository/Thread_Webshop/Reusable Testcase/Page_Threads/button_Enter")): Object: 'Object Repository/Thread_Webshop/Reusable Testcase/Page_Threads/button_Enter' is clicked on

04-11-2024T15:33:48 - [MESSAGE][PASSED] - Object: 'Object Repository/Thread_Webshop/Reusable Testcase/Page_Threads/button_Enter' is clicked on

04-11-2024T15:33:48 - [MESSAGE][PASSED] - Call Test Case 'Test Cases/Threads_Webshop/ReUsable Testcases/Enter Password' successfully

04-11-2024T15:33:48 - [TEST_STEP][PASSED] - takeScreenshot(screenshotFolderPath + "home.png"): Taking screenshot successfully

04-11-2024T15:33:49 - [MESSAGE][PASSED] - Taking screenshot successfully
[[ATTACHMENT|C:\\Users\\AnusmitaKundu\\git\\threadShopify\\ThreadShopify\\Reports\\20241104_152933\\Threads\\New Test Suite\\20241104_152934\\screenshots/shopping_cart_20241104_153338/home.png]]

04-11-2024T15:33:49 - [TEST_STEP][PASSED] - click(findTestObject("Object Repository/Thread_Webshop/Shopping Cart/Page_Threads/span_Catalog")): Object: 'Object Repository/Thread_Webshop/Shopping Cart/Page_Threads/span_Catalog' is clicked on

04-11-2024T15:33:50 - [MESSAGE][PASSED] - Object: 'Object Repository/Thread_Webshop/Shopping Cart/Page_Threads/span_Catalog' is clicked on

04-11-2024T15:33:50 - [TEST_STEP][PASSED] - takeScreenshot(screenshotFolderPath + "catalog.png"): Taking screenshot successfully

04-11-2024T15:33:51 - [MESSAGE][PASSED] - Taking screenshot successfully
[[ATTACHMENT|C:\\Users\\AnusmitaKundu\\git\\threadShopify\\ThreadShopify\\Reports\\20241104_152933\\Threads\\New Test Suite\\20241104_152934\\screenshots/shopping_cart_20241104_153338/catalog.png]]

04-11-2024T15:33:51 - [TEST_STEP][PASSED] - click(findTestObject("Object Repository/Thread_Webshop/Shopping Cart/Page_Products  Threads/a_ADIDAS  CLASSIC BACKPACK")): Object: 'Object Repository/Thread_Webshop/Shopping Cart/Page_Products  Threads/a_ADIDAS  CLASSIC BACKPACK' is clicked on

04-11-2024T15:33:55 - [MESSAGE][PASSED] - Object: 'Object Repository/Thread_Webshop/Shopping Cart/Page_Products  Threads/a_ADIDAS  CLASSIC BACKPACK' is clicked on

04-11-2024T15:33:55 - [TEST_STEP][PASSED] - click(findTestObject("Object Repository/Thread_Webshop/Shopping Cart/Page_ADIDAS  CLASSIC BACKPACK  Threads/button_Add to cart")): Object: 'Object Repository/Thread_Webshop/Shopping Cart/Page_ADIDAS  CLASSIC BACKPACK  Threads/button_Add to cart' is clicked on

04-11-2024T15:33:56 - [MESSAGE][PASSED] - Object: 'Object Repository/Thread_Webshop/Shopping Cart/Page_ADIDAS  CLASSIC BACKPACK  Threads/button_Add to cart' is clicked on

04-11-2024T15:33:56 - [TEST_STEP][PASSED] - delay(2): Delayed 2 second(s)

04-11-2024T15:33:58 - [MESSAGE][PASSED] - Delayed 2 second(s)

04-11-2024T15:33:58 - [TEST_STEP][PASSED] - takeScreenshot(screenshotFolderPath + "addToCart1.png"): Taking screenshot successfully

04-11-2024T15:33:58 - [MESSAGE][PASSED] - Taking screenshot successfully
[[ATTACHMENT|C:\\Users\\AnusmitaKundu\\git\\threadShopify\\ThreadShopify\\Reports\\20241104_152933\\Threads\\New Test Suite\\20241104_152934\\screenshots/shopping_cart_20241104_153338/addToCart1.png]]

04-11-2024T15:33:58 - [TEST_STEP][PASSED] - click(findTestObject("Object Repository/Thread_Webshop/Shopping Cart/Page_ADIDAS  CLASSIC BACKPACK  Threads/button_Continue shopping")): Object: 'Object Repository/Thread_Webshop/Shopping Cart/Page_ADIDAS  CLASSIC BACKPACK  Threads/button_Continue shopping' is clicked on

04-11-2024T15:33:58 - [MESSAGE][PASSED] - Object: 'Object Repository/Thread_Webshop/Shopping Cart/Page_ADIDAS  CLASSIC BACKPACK  Threads/button_Continue shopping' is clicked on

04-11-2024T15:33:58 - [TEST_STEP][PASSED] - click(findTestObject("Object Repository/Thread_Webshop/Shopping Cart/Page_ADIDAS  CLASSIC BACKPACK  Threads/span_Catalog")): Object: 'Object Repository/Thread_Webshop/Shopping Cart/Page_ADIDAS  CLASSIC BACKPACK  Threads/span_Catalog' is clicked on

04-11-2024T15:34:04 - [MESSAGE][PASSED] - Object: 'Object Repository/Thread_Webshop/Shopping Cart/Page_ADIDAS  CLASSIC BACKPACK  Threads/span_Catalog' is clicked on

04-11-2024T15:34:04 - [TEST_STEP][PASSED] - click(findTestObject("Object Repository/Thread_Webshop/Shopping Cart/Page_Products  Threads/a_ADIDAS  CLASSIC BACKPACK  LEGEND INK MULTICOLOUR")): Object: 'Object Repository/Thread_Webshop/Shopping Cart/Page_Products  Threads/a_ADIDAS  CLASSIC BACKPACK  LEGEND INK MULTICOLOUR' is clicked on

04-11-2024T15:34:07 - [MESSAGE][PASSED] - Object: 'Object Repository/Thread_Webshop/Shopping Cart/Page_Products  Threads/a_ADIDAS  CLASSIC BACKPACK  LEGEND INK MULTICOLOUR' is clicked on

04-11-2024T15:34:07 - [TEST_STEP][PASSED] - click(findTestObject("Object Repository/Thread_Webshop/Shopping Cart/Page_ADIDAS  CLASSIC BACKPACK  LEGEND INK M_ff53f1/button_Add to cart")): Object: 'Object Repository/Thread_Webshop/Shopping Cart/Page_ADIDAS  CLASSIC BACKPACK  LEGEND INK M_ff53f1/button_Add to cart' is clicked on

04-11-2024T15:34:08 - [MESSAGE][PASSED] - Object: 'Object Repository/Thread_Webshop/Shopping Cart/Page_ADIDAS  CLASSIC BACKPACK  LEGEND INK M_ff53f1/button_Add to cart' is clicked on

04-11-2024T15:34:08 - [TEST_STEP][PASSED] - delay(2): Delayed 2 second(s)

04-11-2024T15:34:10 - [MESSAGE][PASSED] - Delayed 2 second(s)

04-11-2024T15:34:10 - [TEST_STEP][PASSED] - takeScreenshot(screenshotFolderPath + "addToCart2.png"): Taking screenshot successfully

04-11-2024T15:34:11 - [MESSAGE][PASSED] - Taking screenshot successfully
[[ATTACHMENT|C:\\Users\\AnusmitaKundu\\git\\threadShopify\\ThreadShopify\\Reports\\20241104_152933\\Threads\\New Test Suite\\20241104_152934\\screenshots/shopping_cart_20241104_153338/addToCart2.png]]

04-11-2024T15:34:11 - [TEST_STEP][PASSED] - click(findTestObject("Object Repository/Thread_Webshop/Shopping Cart/Page_ADIDAS  CLASSIC BACKPACK  LEGEND INK M_ff53f1/button_Continue shopping")): Object: 'Object Repository/Thread_Webshop/Shopping Cart/Page_ADIDAS  CLASSIC BACKPACK  LEGEND INK M_ff53f1/button_Continue shopping' is clicked on

04-11-2024T15:34:11 - [MESSAGE][PASSED] - Object: 'Object Repository/Thread_Webshop/Shopping Cart/Page_ADIDAS  CLASSIC BACKPACK  LEGEND INK M_ff53f1/button_Continue shopping' is clicked on

04-11-2024T15:34:11 - [TEST_STEP][PASSED] - click(findTestObject("Object Repository/Thread_Webshop/Shopping Cart/Page_ADIDAS  CLASSIC BACKPACK  LEGEND INK M_ff53f1/span_Catalog")): Object: 'Object Repository/Thread_Webshop/Shopping Cart/Page_ADIDAS  CLASSIC BACKPACK  LEGEND INK M_ff53f1/span_Catalog' is clicked on

04-11-2024T15:34:14 - [MESSAGE][PASSED] - Object: 'Object Repository/Thread_Webshop/Shopping Cart/Page_ADIDAS  CLASSIC BACKPACK  LEGEND INK M_ff53f1/span_Catalog' is clicked on

04-11-2024T15:34:14 - [TEST_STEP][PASSED] - click(findTestObject("Object Repository/Thread_Webshop/Shopping Cart/Page_Products  Threads/a_CONVERSE  CHUCK TAYLOR ALL STAR II HI")): Object: 'Object Repository/Thread_Webshop/Shopping Cart/Page_Products  Threads/a_CONVERSE  CHUCK TAYLOR ALL STAR II HI' is clicked on

04-11-2024T15:34:17 - [MESSAGE][PASSED] - Object: 'Object Repository/Thread_Webshop/Shopping Cart/Page_Products  Threads/a_CONVERSE  CHUCK TAYLOR ALL STAR II HI' is clicked on

04-11-2024T15:34:17 - [TEST_STEP][PASSED] - click(findTestObject("Object Repository/Thread_Webshop/Shopping Cart/Page_CONVERSE  CHUCK TAYLOR ALL STAR II HI _4a158e/button_Add to cart")): Object: 'Object Repository/Thread_Webshop/Shopping Cart/Page_CONVERSE  CHUCK TAYLOR ALL STAR II HI _4a158e/button_Add to cart' is clicked on

04-11-2024T15:34:18 - [MESSAGE][PASSED] - Object: 'Object Repository/Thread_Webshop/Shopping Cart/Page_CONVERSE  CHUCK TAYLOR ALL STAR II HI _4a158e/button_Add to cart' is clicked on

04-11-2024T15:34:18 - [TEST_STEP][PASSED] - delay(2): Delayed 2 second(s)

04-11-2024T15:34:20 - [MESSAGE][PASSED] - Delayed 2 second(s)

04-11-2024T15:34:20 - [TEST_STEP][PASSED] - takeScreenshot(screenshotFolderPath + "addToCart3.png"): Taking screenshot successfully

04-11-2024T15:34:21 - [MESSAGE][PASSED] - Taking screenshot successfully
[[ATTACHMENT|C:\\Users\\AnusmitaKundu\\git\\threadShopify\\ThreadShopify\\Reports\\20241104_152933\\Threads\\New Test Suite\\20241104_152934\\screenshots/shopping_cart_20241104_153338/addToCart3.png]]

04-11-2024T15:34:21 - [TEST_STEP][PASSED] - click(findTestObject("Object Repository/Thread_Webshop/Shopping Cart/Page_CONVERSE  CHUCK TAYLOR ALL STAR II HI _4a158e/button_Continue shopping")): Object: 'Object Repository/Thread_Webshop/Shopping Cart/Page_CONVERSE  CHUCK TAYLOR ALL STAR II HI _4a158e/button_Continue shopping' is clicked on

04-11-2024T15:34:21 - [MESSAGE][PASSED] - Object: 'Object Repository/Thread_Webshop/Shopping Cart/Page_CONVERSE  CHUCK TAYLOR ALL STAR II HI _4a158e/button_Continue shopping' is clicked on

04-11-2024T15:34:21 - [TEST_STEP][PASSED] - click(findTestObject("Object Repository/Thread_Webshop/Shopping Cart/Page_CONVERSE  CHUCK TAYLOR ALL STAR II HI _4a158e/span_Home")): Object: 'Object Repository/Thread_Webshop/Shopping Cart/Page_CONVERSE  CHUCK TAYLOR ALL STAR II HI _4a158e/span_Home' is clicked on

04-11-2024T15:34:25 - [MESSAGE][PASSED] - Object: 'Object Repository/Thread_Webshop/Shopping Cart/Page_CONVERSE  CHUCK TAYLOR ALL STAR II HI _4a158e/span_Home' is clicked on

04-11-2024T15:34:25 - [TEST_STEP][PASSED] - click(findTestObject("Object Repository/Thread_Webshop/Shopping Cart/Page_Threads/svg_Log in_icon icon-cart")): Object: 'Object Repository/Thread_Webshop/Shopping Cart/Page_Threads/svg_Log in_icon icon-cart' is clicked on

04-11-2024T15:34:28 - [MESSAGE][PASSED] - Object: 'Object Repository/Thread_Webshop/Shopping Cart/Page_Threads/svg_Log in_icon icon-cart' is clicked on

04-11-2024T15:34:28 - [TEST_STEP][PASSED] - scrollToPosition(0, 150): Browser is scrolled to position x = 0, y = 150

04-11-2024T15:34:28 - [MESSAGE][PASSED] - Browser is scrolled to position x = 0, y = 150

04-11-2024T15:34:28 - [TEST_STEP][PASSED] - takeScreenshot(screenshotFolderPath + "verify_cart.png"): Taking screenshot successfully

04-11-2024T15:34:29 - [MESSAGE][PASSED] - Taking screenshot successfully
[[ATTACHMENT|C:\\Users\\AnusmitaKundu\\git\\threadShopify\\ThreadShopify\\Reports\\20241104_152933\\Threads\\New Test Suite\\20241104_152934\\screenshots/shopping_cart_20241104_153338/verify_cart.png]]

04-11-2024T15:34:29 - [TEST_STEP][PASSED] - abbText = getText(findTestObject("Object Repository/Thread_Webshop/Shopping Cart/Page_Your Shopping Cart  Threads/span_Rs. 140.00")): Text of object 'Object Repository/Thread_Webshop/Shopping Cart/Page_Your Shopping Cart  Threads/span_Rs. 140.00' is: 'Rs. 140.00'

04-11-2024T15:34:29 - [MESSAGE][PASSED] - Text of object 'Object Repository/Thread_Webshop/Shopping Cart/Page_Your Shopping Cart  Threads/span_Rs. 140.00' is: 'Rs. 140.00'

04-11-2024T15:34:29 - [TEST_STEP][PASSED] - abbPrice = parsePrice(abbText): null

04-11-2024T15:34:29 - [TEST_STEP][PASSED] - cleanText = replace(",", "").trim(): null

04-11-2024T15:34:29 - [TEST_STEP][PASSED] - return java.lang.Float.parseFloat(cleanText): null

04-11-2024T15:34:29 - [TEST_STEP][PASSED] - println($abbPrice): null

04-11-2024T15:34:29 - [TEST_STEP][PASSED] - ambText = getText(findTestObject("Object Repository/Thread_Webshop/Shopping Cart/Page_Your Shopping Cart  Threads/span_Rs. 40.00")): Text of object 'Object Repository/Thread_Webshop/Shopping Cart/Page_Your Shopping Cart  Threads/span_Rs. 40.00' is: 'Rs. 40.00'

04-11-2024T15:34:29 - [MESSAGE][PASSED] - Text of object 'Object Repository/Thread_Webshop/Shopping Cart/Page_Your Shopping Cart  Threads/span_Rs. 40.00' is: 'Rs. 40.00'

04-11-2024T15:34:29 - [TEST_STEP][PASSED] - ambPrice = parsePrice(ambText): null

04-11-2024T15:34:29 - [TEST_STEP][PASSED] - cleanText = replace(",", "").trim(): null

04-11-2024T15:34:29 - [TEST_STEP][PASSED] - return java.lang.Float.parseFloat(cleanText): null

04-11-2024T15:34:29 - [TEST_STEP][PASSED] - println($ambPrice): null

04-11-2024T15:34:29 - [TEST_STEP][PASSED] - shoeText = getText(findTestObject("Object Repository/Thread_Webshop/Shopping Cart/Page_Your Shopping Cart  Threads/span_Rs. 56.00")): Text of object 'Object Repository/Thread_Webshop/Shopping Cart/Page_Your Shopping Cart  Threads/span_Rs. 56.00' is: 'Rs. 56.00'

04-11-2024T15:34:30 - [MESSAGE][PASSED] - Text of object 'Object Repository/Thread_Webshop/Shopping Cart/Page_Your Shopping Cart  Threads/span_Rs. 56.00' is: 'Rs. 56.00'

04-11-2024T15:34:30 - [TEST_STEP][PASSED] - shoePrice = parsePrice(shoeText): null

04-11-2024T15:34:30 - [TEST_STEP][PASSED] - cleanText = replace(",", "").trim(): null

04-11-2024T15:34:30 - [TEST_STEP][PASSED] - return java.lang.Float.parseFloat(cleanText): null

04-11-2024T15:34:30 - [TEST_STEP][PASSED] - println($shoePrice): null

04-11-2024T15:34:30 - [TEST_STEP][PASSED] - totalText = getText(findTestObject("Object Repository/Thread_Webshop/Shopping Cart/Page_Your Shopping Cart  Threads/p_Rs. 236.00")): Text of object 'Object Repository/Thread_Webshop/Shopping Cart/Page_Your Shopping Cart  Threads/p_Rs. 236.00' is: 'Rs. 236.00'

04-11-2024T15:34:30 - [MESSAGE][PASSED] - Text of object 'Object Repository/Thread_Webshop/Shopping Cart/Page_Your Shopping Cart  Threads/p_Rs. 236.00' is: 'Rs. 236.00'

04-11-2024T15:34:30 - [TEST_STEP][PASSED] - totalPrice = parsePrice(totalText): null

04-11-2024T15:34:30 - [TEST_STEP][PASSED] - cleanText = replace(",", "").trim(): null

04-11-2024T15:34:30 - [TEST_STEP][PASSED] - return java.lang.Float.parseFloat(cleanText): null

04-11-2024T15:34:30 - [TEST_STEP][PASSED] - println(Total Price: $totalPrice): null

04-11-2024T15:34:30 - [TEST_STEP][PASSED] - total = abbPrice + ambPrice + shoePrice: null

04-11-2024T15:34:30 - [TEST_STEP][PASSED] - println(Calculated Total: $total): null

04-11-2024T15:34:30 - [TEST_STEP][PASSED] - if (total == totalPrice): null

04-11-2024T15:34:30 - [TEST_STEP][PASSED] - println("The price has matched"): null

04-11-2024T15:34:30 - [TEST_STEP][PASSED] - closeBrowser(): Browser is closed

04-11-2024T15:34:31 - [MESSAGE][PASSED] - Browser is closed]]></system-out>
         <system-err><![CDATA[]]></system-err>
      </testcase>
      <testcase name="Test Cases/Threads_Webshop/5 Shopping Cart/TC-309-Verify Promo code" time="97.964" classname="Test Cases/Threads_Webshop/5 Shopping Cart/TC-309-Verify Promo code" status="PASSED">
         <system-out><![CDATA[04-11-2024T15:34:52 - [TEST_CASE][PASSED] - Test Cases/Threads_Webshop/5 Shopping Cart/TC-309-Verify Promo code: Test Cases/Threads_Webshop/5 Shopping Cart/TC-309-Verify Promo code

04-11-2024T15:34:52 - [TEST_STEP][PASSED] - currentDateTime = LocalDateTime.now(): null

04-11-2024T15:34:52 - [TEST_STEP][PASSED] - formatter = DateTimeFormatter.ofPattern("yyyyMMdd_HHmmss"): null

04-11-2024T15:34:52 - [TEST_STEP][PASSED] - dateTimeString = currentDateTime.format(formatter): null

04-11-2024T15:34:52 - [TEST_STEP][PASSED] - screenshotFolderPath = "screenshots/shopping_cart_" + dateTimeString + "/": null

04-11-2024T15:34:52 - [TEST_STEP][PASSED] - File(screenshotFolderPath).mkdirs(): null

04-11-2024T15:34:52 - [TEST_STEP][PASSED] - callTestCase(findTestCase("Threads_Webshop/ReUsable Testcases/Enter Password"), [:], STOP_ON_FAILURE): Call Test Case 'Test Cases/Threads_Webshop/ReUsable Testcases/Enter Password' successfully

04-11-2024T15:34:52 - [TEST_CASE][PASSED] - Test Cases/Threads_Webshop/ReUsable Testcases/Enter Password: Test Cases/Threads_Webshop/ReUsable Testcases/Enter Password

04-11-2024T15:34:52 - [TEST_STEP][PASSED] - openBrowser(""): Browser is opened with url: ''

04-11-2024T15:34:52 - [MESSAGE][WARNING] - A browser is already opened. Closing browser and opening a new one

04-11-2024T15:34:52 - [MESSAGE][INFO] - Starting 'Chrome' driver

04-11-2024T15:34:52 - [MESSAGE][INFO] - Action delay is set to 0 milliseconds

04-11-2024T15:34:53 - [MESSAGE][PASSED] - Browser is opened with url: ''

04-11-2024T15:34:53 - [TEST_STEP][PASSED] - maximizeWindow(): Current window maximized

04-11-2024T15:34:53 - [MESSAGE][PASSED] - Current window maximized

04-11-2024T15:34:53 - [TEST_STEP][PASSED] - navigateToUrl("https://threads0.myshopify.com/password"): Navigate to 'https://threads0.myshopify.com/password' successfully

04-11-2024T15:34:55 - [MESSAGE][PASSED] - Navigate to 'https://threads0.myshopify.com/password' successfully

04-11-2024T15:34:55 - [TEST_STEP][PASSED] - click(findTestObject("Object Repository/Thread_Webshop/Reusable Testcase/Page_Threads/div_Enter using password")): Object: 'Object Repository/Thread_Webshop/Reusable Testcase/Page_Threads/div_Enter using password' is clicked on

04-11-2024T15:34:57 - [MESSAGE][PASSED] - Object: 'Object Repository/Thread_Webshop/Reusable Testcase/Page_Threads/div_Enter using password' is clicked on

04-11-2024T15:34:57 - [TEST_STEP][PASSED] - setEncryptedText(findTestObject("Object Repository/Thread_Webshop/Reusable Testcase/Page_Threads/input_Enter store using password_password"), "gnzTAVlujIw+lTr0To6+Cg=="): Text ****** has been set on object 'Object Repository/Thread_Webshop/Reusable Testcase/Page_Threads/input_Enter store using password_password'

04-11-2024T15:34:58 - [MESSAGE][PASSED] - Text ****** has been set on object 'Object Repository/Thread_Webshop/Reusable Testcase/Page_Threads/input_Enter store using password_password'

04-11-2024T15:34:58 - [TEST_STEP][PASSED] - click(findTestObject("Object Repository/Thread_Webshop/Reusable Testcase/Page_Threads/button_Enter")): Object: 'Object Repository/Thread_Webshop/Reusable Testcase/Page_Threads/button_Enter' is clicked on

04-11-2024T15:35:00 - [MESSAGE][PASSED] - Object: 'Object Repository/Thread_Webshop/Reusable Testcase/Page_Threads/button_Enter' is clicked on

04-11-2024T15:35:00 - [MESSAGE][PASSED] - Call Test Case 'Test Cases/Threads_Webshop/ReUsable Testcases/Enter Password' successfully

04-11-2024T15:35:00 - [TEST_STEP][PASSED] - takeScreenshot(screenshotFolderPath + "home.png"): Taking screenshot successfully

04-11-2024T15:35:01 - [MESSAGE][PASSED] - Taking screenshot successfully
[[ATTACHMENT|C:\\Users\\AnusmitaKundu\\git\\threadShopify\\ThreadShopify\\Reports\\20241104_152933\\Threads\\New Test Suite\\20241104_152934\\screenshots/shopping_cart_20241104_153452/home.png]]

04-11-2024T15:35:01 - [TEST_STEP][PASSED] - click(findTestObject("Object Repository/Shopping cart_An/PROMO CODE/Page_Threads/span_Catalog")): Object: 'Object Repository/Shopping cart_An/PROMO CODE/Page_Threads/span_Catalog' is clicked on

04-11-2024T15:35:03 - [MESSAGE][PASSED] - Object: 'Object Repository/Shopping cart_An/PROMO CODE/Page_Threads/span_Catalog' is clicked on

04-11-2024T15:35:03 - [TEST_STEP][PASSED] - click(findTestObject("Object Repository/Shopping cart_An/PROMO CODE/Page_Products  Threads/a_CONVERSE  CHUCK TAYLOR ALL STAR LO")): Object: 'Object Repository/Shopping cart_An/PROMO CODE/Page_Products  Threads/a_CONVERSE  CHUCK TAYLOR ALL STAR LO' is clicked on

04-11-2024T15:35:04 - [MESSAGE][PASSED] - Object: 'Object Repository/Shopping cart_An/PROMO CODE/Page_Products  Threads/a_CONVERSE  CHUCK TAYLOR ALL STAR LO' is clicked on

04-11-2024T15:35:04 - [TEST_STEP][PASSED] - takeScreenshot(screenshotFolderPath + "item.png"): Taking screenshot successfully

04-11-2024T15:35:07 - [MESSAGE][PASSED] - Taking screenshot successfully
[[ATTACHMENT|C:\\Users\\AnusmitaKundu\\git\\threadShopify\\ThreadShopify\\Reports\\20241104_152933\\Threads\\New Test Suite\\20241104_152934\\screenshots/shopping_cart_20241104_153452/item.png]]

04-11-2024T15:35:07 - [TEST_STEP][PASSED] - delay(2): Delayed 2 second(s)

04-11-2024T15:35:09 - [MESSAGE][PASSED] - Delayed 2 second(s)

04-11-2024T15:35:09 - [TEST_STEP][PASSED] - click(findTestObject("Object Repository/Shopping cart_An/PROMO CODE/Page_CONVERSE  CHUCK TAYLOR ALL STAR LO  Threads/label_4Variant sold out or unavailable")): Object: 'Object Repository/Shopping cart_An/PROMO CODE/Page_CONVERSE  CHUCK TAYLOR ALL STAR LO  Threads/label_4Variant sold out or unavailable' is clicked on

04-11-2024T15:35:09 - [MESSAGE][PASSED] - Object: 'Object Repository/Shopping cart_An/PROMO CODE/Page_CONVERSE  CHUCK TAYLOR ALL STAR LO  Threads/label_4Variant sold out or unavailable' is clicked on

04-11-2024T15:35:09 - [TEST_STEP][PASSED] - click(findTestObject("Object Repository/Shopping cart_An/PROMO CODE/Page_CONVERSE  CHUCK TAYLOR ALL STAR LO  Threads/button_Add to cart")): Object: 'Object Repository/Shopping cart_An/PROMO CODE/Page_CONVERSE  CHUCK TAYLOR ALL STAR LO  Threads/button_Add to cart' is clicked on

04-11-2024T15:35:10 - [MESSAGE][PASSED] - Object: 'Object Repository/Shopping cart_An/PROMO CODE/Page_CONVERSE  CHUCK TAYLOR ALL STAR LO  Threads/button_Add to cart' is clicked on

04-11-2024T15:35:10 - [TEST_STEP][PASSED] - takeScreenshot(screenshotFolderPath + "verify_cart.png"): Taking screenshot successfully

04-11-2024T15:35:12 - [MESSAGE][PASSED] - Taking screenshot successfully
[[ATTACHMENT|C:\\Users\\AnusmitaKundu\\git\\threadShopify\\ThreadShopify\\Reports\\20241104_152933\\Threads\\New Test Suite\\20241104_152934\\screenshots/shopping_cart_20241104_153452/verify_cart.png]]

04-11-2024T15:35:12 - [TEST_STEP][PASSED] - click(findTestObject("Object Repository/Shopping cart_An/PROMO CODE/Page_CONVERSE  CHUCK TAYLOR ALL STAR LO  Threads/a_View cart (1)")): Object: 'Object Repository/Shopping cart_An/PROMO CODE/Page_CONVERSE  CHUCK TAYLOR ALL STAR LO  Threads/a_View cart (1)' is clicked on

04-11-2024T15:35:14 - [MESSAGE][PASSED] - Object: 'Object Repository/Shopping cart_An/PROMO CODE/Page_CONVERSE  CHUCK TAYLOR ALL STAR LO  Threads/a_View cart (1)' is clicked on

04-11-2024T15:35:14 - [TEST_STEP][PASSED] - click(findTestObject("Object Repository/Shopping cart_An/PROMO CODE/Page_Your Shopping Cart  Threads/button_Check out")): Object: 'Object Repository/Shopping cart_An/PROMO CODE/Page_Your Shopping Cart  Threads/button_Check out' is clicked on

04-11-2024T15:35:47 - [MESSAGE][PASSED] - Object: 'Object Repository/Shopping cart_An/PROMO CODE/Page_Your Shopping Cart  Threads/button_Check out' is clicked on

04-11-2024T15:35:47 - [TEST_STEP][PASSED] - takeScreenshot(screenshotFolderPath + "checkout.png"): Taking screenshot successfully

04-11-2024T15:35:49 - [MESSAGE][PASSED] - Taking screenshot successfully
[[ATTACHMENT|C:\\Users\\AnusmitaKundu\\git\\threadShopify\\ThreadShopify\\Reports\\20241104_152933\\Threads\\New Test Suite\\20241104_152934\\screenshots/shopping_cart_20241104_153452/checkout.png]]

04-11-2024T15:35:49 - [TEST_STEP][PASSED] - setText(findTestObject("Object Repository/Shopping cart_An/PROMO CODE/Page_Checkout - Threads/input_Discount code_reductions"), "WINTER10"): Text 'WINTER10' is set on object 'Object Repository/Shopping cart_An/PROMO CODE/Page_Checkout - Threads/input_Discount code_reductions'

04-11-2024T15:35:49 - [MESSAGE][PASSED] - Text 'WINTER10' is set on object 'Object Repository/Shopping cart_An/PROMO CODE/Page_Checkout - Threads/input_Discount code_reductions'

04-11-2024T15:35:49 - [TEST_STEP][PASSED] - delay(3): Delayed 3 second(s)

04-11-2024T15:35:52 - [MESSAGE][PASSED] - Delayed 3 second(s)

04-11-2024T15:35:52 - [TEST_STEP][PASSED] - takeScreenshot(screenshotFolderPath + "promo.png"): Taking screenshot successfully

04-11-2024T15:35:53 - [MESSAGE][PASSED] - Taking screenshot successfully
[[ATTACHMENT|C:\\Users\\AnusmitaKundu\\git\\threadShopify\\ThreadShopify\\Reports\\20241104_152933\\Threads\\New Test Suite\\20241104_152934\\screenshots/shopping_cart_20241104_153452/promo.png]]

04-11-2024T15:35:53 - [TEST_STEP][PASSED] - click(findTestObject("Object Repository/Shopping cart_An/PROMO CODE/Page_Checkout - Threads/button_Apply")): Object: 'Object Repository/Shopping cart_An/PROMO CODE/Page_Checkout - Threads/button_Apply' is clicked on

04-11-2024T15:35:53 - [MESSAGE][PASSED] - Object: 'Object Repository/Shopping cart_An/PROMO CODE/Page_Checkout - Threads/button_Apply' is clicked on

04-11-2024T15:35:53 - [TEST_STEP][PASSED] - prodPrice = getText(findTestObject("Object Repository/Shopping cart_An/PROMO CODE/Page_Checkout - Threads/span_100.00")): Text of object 'Object Repository/Shopping cart_An/PROMO CODE/Page_Checkout - Threads/span_100.00' is: '₹100.00'

04-11-2024T15:35:55 - [MESSAGE][PASSED] - Text of object 'Object Repository/Shopping cart_An/PROMO CODE/Page_Checkout - Threads/span_100.00' is: '₹100.00'

04-11-2024T15:35:55 - [TEST_STEP][PASSED] - originalPrice = parsePrice(prodPrice): null

04-11-2024T15:35:55 - [TEST_STEP][PASSED] - cleanText = ]", "").trim(): null

04-11-2024T15:35:55 - [TEST_STEP][PASSED] - return java.lang.Float.parseFloat(cleanText): null

04-11-2024T15:35:55 - [TEST_STEP][PASSED] - println(Original Price: $originalPrice): null

04-11-2024T15:35:55 - [TEST_STEP][PASSED] - discountedPrice = originalPrice / 100 * 10: null

04-11-2024T15:35:55 - [TEST_STEP][PASSED] - discount = parseDisc(getText(findTestObject("Object Repository/Shopping cart_An/PROMO CODE/Page_Checkout - Threads/span_10.00"))): Text of object 'Object Repository/Shopping cart_An/PROMO CODE/Page_Checkout - Threads/span_10.00' is: '− ₹10.00'

04-11-2024T15:35:56 - [MESSAGE][PASSED] - Text of object 'Object Repository/Shopping cart_An/PROMO CODE/Page_Checkout - Threads/span_10.00' is: '− ₹10.00'

04-11-2024T15:35:56 - [TEST_STEP][PASSED] - cleanText = -]", "").trim(): null

04-11-2024T15:35:56 - [TEST_STEP][PASSED] - return java.lang.Float.parseFloat(cleanText): null

04-11-2024T15:35:56 - [TEST_STEP][PASSED] - if (discount == discountedPrice): null

04-11-2024T15:35:56 - [TEST_STEP][PASSED] - println("Discounted price matches"): null

04-11-2024T15:35:56 - [TEST_STEP][PASSED] - taxAmt = parsePrice(getText(findTestObject("Object Repository/Shopping cart_An/PROMO CODE/Page_Checkout - Threads/span_8.10"))): Text of object 'Object Repository/Shopping cart_An/PROMO CODE/Page_Checkout - Threads/span_8.10' is: '₹8.10'

04-11-2024T15:35:56 - [MESSAGE][PASSED] - Text of object 'Object Repository/Shopping cart_An/PROMO CODE/Page_Checkout - Threads/span_8.10' is: '₹8.10'

04-11-2024T15:35:56 - [TEST_STEP][PASSED] - cleanText = ]", "").trim(): null

04-11-2024T15:35:56 - [TEST_STEP][PASSED] - return java.lang.Float.parseFloat(cleanText): null

04-11-2024T15:35:56 - [TEST_STEP][PASSED] - totalPrice = originalPrice - discount + taxAmt: null

04-11-2024T15:35:56 - [TEST_STEP][PASSED] - finalPriceStr = getText(findTestObject("Object Repository/Shopping cart_An/PROMO CODE/Page_Checkout - Threads/strong_98.10")): Text of object 'Object Repository/Shopping cart_An/PROMO CODE/Page_Checkout - Threads/strong_98.10' is: '₹98.10'

04-11-2024T15:35:57 - [MESSAGE][PASSED] - Text of object 'Object Repository/Shopping cart_An/PROMO CODE/Page_Checkout - Threads/strong_98.10' is: '₹98.10'

04-11-2024T15:35:57 - [TEST_STEP][PASSED] - finalPrice = parsePrice(finalPriceStr): null

04-11-2024T15:35:57 - [TEST_STEP][PASSED] - cleanText = ]", "").trim(): null

04-11-2024T15:35:57 - [TEST_STEP][PASSED] - return java.lang.Float.parseFloat(cleanText): null

04-11-2024T15:35:57 - [TEST_STEP][PASSED] - if (totalPrice == finalPrice): null

04-11-2024T15:35:57 - [TEST_STEP][PASSED] - println("Final price matches"): null

04-11-2024T15:35:57 - [TEST_STEP][PASSED] - verifyTextPresent("TOTAL SAVINGS", false): Text 'TOTAL SAVINGS' is present on page 

04-11-2024T15:35:57 - [MESSAGE][PASSED] - Text 'TOTAL SAVINGS' is present on page 

04-11-2024T15:35:57 - [TEST_STEP][PASSED] - savings = parsePrice(getText(findTestObject("Object Repository/Shopping cart_An/PROMO CODE/Page_Checkout - Threads/strong_10.00"))): Text of object 'Object Repository/Shopping cart_An/PROMO CODE/Page_Checkout - Threads/strong_10.00' is: '₹10.00'

04-11-2024T15:36:28 - [MESSAGE][INFO] - Unable to find the element located by 'By.xpath: //div[@id='app']/div/div/div/div[2]/div[2]/div/aside/div/section/div/section/div[3]/div/div/div/strong[2]'. Please recheck the objects properties to make sure the desired element is located. 

04-11-2024T15:36:28 - [MESSAGE][WARNING] - [SELF-HEALING] Failed to find element with id 'Object Repository/Shopping cart_An/PROMO CODE/Page_Checkout - Threads/strong_10.00'. Try using Self-healing.

04-11-2024T15:36:28 - [MESSAGE][ERROR] - [SELF-HEALING] com.google.gson.stream.MalformedJsonException: Expected ':' at line 5 column 10 path $.brokenTestObjects[0].<<<<<<<

04-11-2024T15:36:28 - [MESSAGE][INFO] - [SELF-HEALING] Failed Locator: '//div[@id='app']/div/div/div/div[2]/div[2]/div/aside/div/section/div/section/div[3]/div/div/div/strong[2]'.

04-11-2024T15:36:29 - [MESSAGE][INFO] - [SELF-HEALING] Working Locator: '(.//*[normalize-space(text()) and normalize-space(.)='TOTAL SAVINGS'])[1]/following::strong[1]'.

04-11-2024T15:36:29 - [MESSAGE][INFO] - [SELF-HEALING] Screenshot: C:/Users/AnusmitaKundu/git/threadShopify/ThreadShopify/Reports/Self-healing/Object Repository/Shopping cart_An/PROMO CODE/Page_Checkout - Threads/strong_10.00_neighbor.png

04-11-2024T15:36:29 - [MESSAGE][ERROR] - [SELF-HEALING] com.google.gson.stream.MalformedJsonException: Expected ':' at line 5 column 10 path $.brokenTestObjects[0].<<<<<<<

04-11-2024T15:36:29 - [MESSAGE][ERROR] - [SELF-HEALING] C:\Users\AnusmitaKundu\git\threadShopify\ThreadShopify\Reports\Self-healing\broken-test-objects-v2.json does not exist or is provided by Self-healing Plugin!

04-11-2024T15:36:29 - [MESSAGE][WARNING] - [SELF-HEALING] The current locator of test object 'Object Repository/Shopping cart_An/PROMO CODE/Page_Checkout - Threads/strong_10.00' was broken. Propose an alternative one: '(.//*[normalize-space(text()) and normalize-space(.)='TOTAL SAVINGS'])[1]/following::strong[1]'.

04-11-2024T15:36:29 - [MESSAGE][PASSED] - Text of object 'Object Repository/Shopping cart_An/PROMO CODE/Page_Checkout - Threads/strong_10.00' is: '₹10.00'

04-11-2024T15:36:29 - [TEST_STEP][PASSED] - cleanText = ]", "").trim(): null

04-11-2024T15:36:29 - [TEST_STEP][PASSED] - return java.lang.Float.parseFloat(cleanText): null

04-11-2024T15:36:29 - [TEST_STEP][PASSED] - if (savings == discountedPrice): null

04-11-2024T15:36:29 - [TEST_STEP][PASSED] - println("Savings match"): null

04-11-2024T15:36:29 - [TEST_STEP][PASSED] - takeScreenshot(screenshotFolderPath + "verify_price.png"): Taking screenshot successfully

04-11-2024T15:36:29 - [MESSAGE][PASSED] - Taking screenshot successfully
[[ATTACHMENT|C:\\Users\\AnusmitaKundu\\git\\threadShopify\\ThreadShopify\\Reports\\20241104_152933\\Threads\\New Test Suite\\20241104_152934\\screenshots/shopping_cart_20241104_153452/verify_price.png]]

04-11-2024T15:36:29 - [TEST_STEP][PASSED] - closeBrowser(): Browser is closed

04-11-2024T15:36:30 - [MESSAGE][PASSED] - Browser is closed]]></system-out>
         <system-err><![CDATA[]]></system-err>
      </testcase>
      <testcase name="Test Cases/Threads_Webshop/6 Checkout/TC-178,404,305-Verify checkout scenario" time="79.508" classname="Test Cases/Threads_Webshop/6 Checkout/TC-178,404,305-Verify checkout scenario" status="PASSED">
         <system-out><![CDATA[04-11-2024T15:36:30 - [TEST_CASE][PASSED] - Test Cases/Threads_Webshop/6 Checkout/TC-178,404,305-Verify checkout scenario: Test Cases/Threads_Webshop/6 Checkout/TC-178,404,305-Verify checkout scenario

04-11-2024T15:36:30 - [TEST_STEP][PASSED] - currentDateTime = LocalDateTime.now(): null

04-11-2024T15:36:30 - [TEST_STEP][PASSED] - formatter = DateTimeFormatter.ofPattern("yyyyMMdd_HHmmss"): null

04-11-2024T15:36:30 - [TEST_STEP][PASSED] - dateTimeString = currentDateTime.format(formatter): null

04-11-2024T15:36:30 - [TEST_STEP][PASSED] - screenshotFolderPath = "screenshots/checkout_" + dateTimeString + "/": null

04-11-2024T15:36:30 - [TEST_STEP][PASSED] - File(screenshotFolderPath).mkdirs(): null

04-11-2024T15:36:30 - [TEST_STEP][PASSED] - callTestCase(findTestCase("Threads_Webshop/ReUsable Testcases/Login to an Account"), ["validemail":"cenaalice1234@mailinator.com", "password":"UDMlkmqWREzH+mr49N5wRw=="], STOP_ON_FAILURE): Call Test Case 'Test Cases/Threads_Webshop/ReUsable Testcases/Login to an Account' successfully

04-11-2024T15:36:30 - [TEST_CASE][PASSED] - Test Cases/Threads_Webshop/ReUsable Testcases/Login to an Account: Test Cases/Threads_Webshop/ReUsable Testcases/Login to an Account

04-11-2024T15:36:30 - [TEST_STEP][PASSED] - callTestCase(findTestCase("Threads_Webshop/ReUsable Testcases/Enter Password"), [:], STOP_ON_FAILURE): Call Test Case 'Test Cases/Threads_Webshop/ReUsable Testcases/Enter Password' successfully

04-11-2024T15:36:30 - [TEST_CASE][PASSED] - Test Cases/Threads_Webshop/ReUsable Testcases/Enter Password: Test Cases/Threads_Webshop/ReUsable Testcases/Enter Password

04-11-2024T15:36:30 - [TEST_STEP][PASSED] - openBrowser(""): Browser is opened with url: ''

04-11-2024T15:36:30 - [MESSAGE][INFO] - Starting 'Chrome' driver

04-11-2024T15:36:30 - [MESSAGE][INFO] - Action delay is set to 0 milliseconds

04-11-2024T15:36:31 - [MESSAGE][PASSED] - Browser is opened with url: ''

04-11-2024T15:36:31 - [TEST_STEP][PASSED] - maximizeWindow(): Current window maximized

04-11-2024T15:36:31 - [MESSAGE][PASSED] - Current window maximized

04-11-2024T15:36:31 - [TEST_STEP][PASSED] - navigateToUrl("https://threads0.myshopify.com/password"): Navigate to 'https://threads0.myshopify.com/password' successfully

04-11-2024T15:36:38 - [MESSAGE][PASSED] - Navigate to 'https://threads0.myshopify.com/password' successfully

04-11-2024T15:36:38 - [TEST_STEP][PASSED] - click(findTestObject("Object Repository/Thread_Webshop/Reusable Testcase/Page_Threads/div_Enter using password")): Object: 'Object Repository/Thread_Webshop/Reusable Testcase/Page_Threads/div_Enter using password' is clicked on

04-11-2024T15:36:44 - [MESSAGE][PASSED] - Object: 'Object Repository/Thread_Webshop/Reusable Testcase/Page_Threads/div_Enter using password' is clicked on

04-11-2024T15:36:44 - [TEST_STEP][PASSED] - setEncryptedText(findTestObject("Object Repository/Thread_Webshop/Reusable Testcase/Page_Threads/input_Enter store using password_password"), "gnzTAVlujIw+lTr0To6+Cg=="): Text ****** has been set on object 'Object Repository/Thread_Webshop/Reusable Testcase/Page_Threads/input_Enter store using password_password'

04-11-2024T15:36:45 - [MESSAGE][PASSED] - Text ****** has been set on object 'Object Repository/Thread_Webshop/Reusable Testcase/Page_Threads/input_Enter store using password_password'

04-11-2024T15:36:45 - [TEST_STEP][PASSED] - click(findTestObject("Object Repository/Thread_Webshop/Reusable Testcase/Page_Threads/button_Enter")): Object: 'Object Repository/Thread_Webshop/Reusable Testcase/Page_Threads/button_Enter' is clicked on

04-11-2024T15:36:46 - [MESSAGE][PASSED] - Object: 'Object Repository/Thread_Webshop/Reusable Testcase/Page_Threads/button_Enter' is clicked on

04-11-2024T15:36:46 - [MESSAGE][PASSED] - Call Test Case 'Test Cases/Threads_Webshop/ReUsable Testcases/Enter Password' successfully

04-11-2024T15:36:46 - [TEST_STEP][PASSED] - click(findTestObject("Object Repository/Thread_Webshop/Reusable Testcase/Page_Threads/svg_Search_icon icon-account")): Object: 'Object Repository/Thread_Webshop/Reusable Testcase/Page_Threads/svg_Search_icon icon-account' is clicked on

04-11-2024T15:36:49 - [MESSAGE][PASSED] - Object: 'Object Repository/Thread_Webshop/Reusable Testcase/Page_Threads/svg_Search_icon icon-account' is clicked on

04-11-2024T15:36:49 - [TEST_STEP][PASSED] - setText(findTestObject("Object Repository/Thread_Webshop/Reusable Testcase/Page_Account  Threads/input_Login_customeremail"), validemail): Text 'cenaalice1234@mailinator.com' is set on object 'Object Repository/Thread_Webshop/Reusable Testcase/Page_Account  Threads/input_Login_customeremail'

04-11-2024T15:36:50 - [MESSAGE][PASSED] - Text 'cenaalice1234@mailinator.com' is set on object 'Object Repository/Thread_Webshop/Reusable Testcase/Page_Account  Threads/input_Login_customeremail'

04-11-2024T15:36:50 - [TEST_STEP][PASSED] - setEncryptedText(findTestObject("Object Repository/Thread_Webshop/Reusable Testcase/Page_Account  Threads/input_Email_customerpassword"), password): Text ****** has been set on object 'Object Repository/Thread_Webshop/Reusable Testcase/Page_Account  Threads/input_Email_customerpassword'

04-11-2024T15:36:50 - [MESSAGE][PASSED] - Text ****** has been set on object 'Object Repository/Thread_Webshop/Reusable Testcase/Page_Account  Threads/input_Email_customerpassword'

04-11-2024T15:36:50 - [TEST_STEP][PASSED] - click(findTestObject("Object Repository/Thread_Webshop/Reusable Testcase/Page_Account  Threads/button_Sign in")): Object: 'Object Repository/Thread_Webshop/Reusable Testcase/Page_Account  Threads/button_Sign in' is clicked on

04-11-2024T15:36:53 - [MESSAGE][PASSED] - Object: 'Object Repository/Thread_Webshop/Reusable Testcase/Page_Account  Threads/button_Sign in' is clicked on

04-11-2024T15:36:53 - [TEST_STEP][PASSED] - click(findTestObject("Object Repository/Thread_Webshop/Reusable Testcase/Page_Account  Threads/span_Home")): Object: 'Object Repository/Thread_Webshop/Reusable Testcase/Page_Account  Threads/span_Home' is clicked on

04-11-2024T15:36:55 - [MESSAGE][PASSED] - Object: 'Object Repository/Thread_Webshop/Reusable Testcase/Page_Account  Threads/span_Home' is clicked on

04-11-2024T15:36:55 - [MESSAGE][PASSED] - Call Test Case 'Test Cases/Threads_Webshop/ReUsable Testcases/Login to an Account' successfully

04-11-2024T15:36:55 - [TEST_STEP][PASSED] - verifyTextPresent("Home", false): Text 'Home' is present on page 

04-11-2024T15:36:56 - [MESSAGE][PASSED] - Text 'Home' is present on page 

04-11-2024T15:36:56 - [TEST_STEP][PASSED] - takeScreenshot(screenshotFolderPath + "home.png"): Taking screenshot successfully

04-11-2024T15:36:56 - [MESSAGE][PASSED] - Taking screenshot successfully
[[ATTACHMENT|C:\\Users\\AnusmitaKundu\\git\\threadShopify\\ThreadShopify\\Reports\\20241104_152933\\Threads\\New Test Suite\\20241104_152934\\screenshots/checkout_20241104_153630/home.png]]

04-11-2024T15:36:56 - [TEST_STEP][PASSED] - verifyElementClickable(findTestObject("Object Repository/Thread_Webshop/Checkout/Page_Threads/a_ADIDAS  CLASSIC BACKPACK")): Object 'Object Repository/Thread_Webshop/Checkout/Page_Threads/a_ADIDAS  CLASSIC BACKPACK' is clickable

04-11-2024T15:36:57 - [MESSAGE][PASSED] - Object 'Object Repository/Thread_Webshop/Checkout/Page_Threads/a_ADIDAS  CLASSIC BACKPACK' is clickable

04-11-2024T15:36:57 - [TEST_STEP][PASSED] - click(findTestObject("Object Repository/Thread_Webshop/Checkout/Page_Threads/a_ADIDAS  CLASSIC BACKPACK")): Object: 'Object Repository/Thread_Webshop/Checkout/Page_Threads/a_ADIDAS  CLASSIC BACKPACK' is clicked on

04-11-2024T15:37:00 - [MESSAGE][PASSED] - Object: 'Object Repository/Thread_Webshop/Checkout/Page_Threads/a_ADIDAS  CLASSIC BACKPACK' is clicked on

04-11-2024T15:37:00 - [TEST_STEP][PASSED] - takeScreenshot(screenshotFolderPath + "item.png"): Taking screenshot successfully

04-11-2024T15:37:30 - [MESSAGE][PASSED] - Taking screenshot successfully
[[ATTACHMENT|C:\\Users\\AnusmitaKundu\\git\\threadShopify\\ThreadShopify\\Reports\\20241104_152933\\Threads\\New Test Suite\\20241104_152934\\screenshots/checkout_20241104_153630/item.png]]

04-11-2024T15:37:30 - [TEST_STEP][PASSED] - click(findTestObject("Object Repository/Thread_Webshop/Checkout/Page_ADIDAS  CLASSIC BACKPACK  Threads/button_Buy it now")): Object: 'Object Repository/Thread_Webshop/Checkout/Page_ADIDAS  CLASSIC BACKPACK  Threads/button_Buy it now' is clicked on

04-11-2024T15:37:33 - [MESSAGE][PASSED] - Object: 'Object Repository/Thread_Webshop/Checkout/Page_ADIDAS  CLASSIC BACKPACK  Threads/button_Buy it now' is clicked on

04-11-2024T15:37:33 - [TEST_STEP][PASSED] - verifyTextPresent("Threads", false): Text 'Threads' is present on page 

04-11-2024T15:37:37 - [MESSAGE][PASSED] - Text 'Threads' is present on page 

04-11-2024T15:37:37 - [TEST_STEP][PASSED] - takeScreenshot(screenshotFolderPath + "checkout_screen.png"): Taking screenshot successfully

04-11-2024T15:37:39 - [MESSAGE][PASSED] - Taking screenshot successfully
[[ATTACHMENT|C:\\Users\\AnusmitaKundu\\git\\threadShopify\\ThreadShopify\\Reports\\20241104_152933\\Threads\\New Test Suite\\20241104_152934\\screenshots/checkout_20241104_153630/checkout_screen.png]]

04-11-2024T15:37:39 - [TEST_STEP][PASSED] - productText = getText(findTestObject("Object Repository/Thread_Webshop/Checkout/Page_Checkout - Threads/span_56.00")): Text of object 'Object Repository/Thread_Webshop/Checkout/Page_Checkout - Threads/span_56.00' is: '₹56.00'

04-11-2024T15:37:39 - [MESSAGE][PASSED] - Text of object 'Object Repository/Thread_Webshop/Checkout/Page_Checkout - Threads/span_56.00' is: '₹56.00'

04-11-2024T15:37:39 - [TEST_STEP][PASSED] - clothWithoutDollar = replace(",", "").trim(): null

04-11-2024T15:37:39 - [TEST_STEP][PASSED] - productPrice = Float.parseFloat(clothWithoutDollar): null

04-11-2024T15:37:39 - [TEST_STEP][PASSED] - println($productPrice): null

04-11-2024T15:37:39 - [TEST_STEP][PASSED] - shippinfText = getText(findTestObject("Object Repository/Thread_Webshop/Checkout/Page_Checkout - Threads/span_10.00")): Text of object 'Object Repository/Thread_Webshop/Checkout/Page_Checkout - Threads/span_10.00' is: '₹10.00'

04-11-2024T15:37:39 - [MESSAGE][PASSED] - Text of object 'Object Repository/Thread_Webshop/Checkout/Page_Checkout - Threads/span_10.00' is: '₹10.00'

04-11-2024T15:37:39 - [TEST_STEP][PASSED] - ShippinfTextW$ = replace(",", "").trim(): null

04-11-2024T15:37:39 - [TEST_STEP][PASSED] - shippingPrice = Float.parseFloat(ShippinfTextW$): null

04-11-2024T15:37:39 - [TEST_STEP][PASSED] - println($shippingPrice): null

04-11-2024T15:37:39 - [TEST_STEP][PASSED] - taxText = getText(findTestObject("Object Repository/Thread_Webshop/Checkout/Page_Checkout - Threads/span_10.08")): Text of object 'Object Repository/Thread_Webshop/Checkout/Page_Checkout - Threads/span_10.08' is: '₹10.08'

04-11-2024T15:37:40 - [MESSAGE][PASSED] - Text of object 'Object Repository/Thread_Webshop/Checkout/Page_Checkout - Threads/span_10.08' is: '₹10.08'

04-11-2024T15:37:40 - [TEST_STEP][PASSED] - taxText$ = replace(",", "").trim(): null

04-11-2024T15:37:40 - [TEST_STEP][PASSED] - taxPrice = Float.parseFloat(taxText$): null

04-11-2024T15:37:40 - [TEST_STEP][PASSED] - println($taxPrice): null

04-11-2024T15:37:40 - [TEST_STEP][PASSED] - totalText = getText(findTestObject("Object Repository/Thread_Webshop/Checkout/Page_Checkout - Threads/strong_76.08")): Text of object 'Object Repository/Thread_Webshop/Checkout/Page_Checkout - Threads/strong_76.08' is: '₹76.08'

04-11-2024T15:37:40 - [MESSAGE][PASSED] - Text of object 'Object Repository/Thread_Webshop/Checkout/Page_Checkout - Threads/strong_76.08' is: '₹76.08'

04-11-2024T15:37:40 - [TEST_STEP][PASSED] - totalText$ = replace(",", "").trim(): null

04-11-2024T15:37:40 - [TEST_STEP][PASSED] - totalPrice = Float.parseFloat(totalText$): null

04-11-2024T15:37:40 - [TEST_STEP][PASSED] - println(totalPrice): null

04-11-2024T15:37:40 - [TEST_STEP][PASSED] - total = taxPrice + shippingPrice + productPrice: null

04-11-2024T15:37:40 - [TEST_STEP][PASSED] - println($total): null

04-11-2024T15:37:40 - [TEST_STEP][PASSED] - if (total == totalPrice): null

04-11-2024T15:37:40 - [TEST_STEP][PASSED] - println("The price has matched"): null

04-11-2024T15:37:40 - [TEST_STEP][PASSED] - click(findTestObject("Object Repository/Thread_Webshop/Checkout/Page_Checkout - Threads/div_Ship to__1fragemfz _1fragemeo _1fragemh_6626dd")): Object: 'Object Repository/Thread_Webshop/Checkout/Page_Checkout - Threads/div_Ship to__1fragemfz _1fragemeo _1fragemh_6626dd' is clicked on

04-11-2024T15:37:40 - [MESSAGE][PASSED] - Object: 'Object Repository/Thread_Webshop/Checkout/Page_Checkout - Threads/div_Ship to__1fragemfz _1fragemeo _1fragemh_6626dd' is clicked on

04-11-2024T15:37:40 - [TEST_STEP][PASSED] - click(findTestObject("Object Repository/Thread_Webshop/Checkout/Page_Checkout - Threads/button_Bob Chen, Pursuit Software, abc apar_ab85f8")): Object: 'Object Repository/Thread_Webshop/Checkout/Page_Checkout - Threads/button_Bob Chen, Pursuit Software, abc apar_ab85f8' is clicked on

04-11-2024T15:37:41 - [MESSAGE][PASSED] - Object: 'Object Repository/Thread_Webshop/Checkout/Page_Checkout - Threads/button_Bob Chen, Pursuit Software, abc apar_ab85f8' is clicked on

04-11-2024T15:37:41 - [TEST_STEP][PASSED] - takeScreenshot(screenshotFolderPath + "information_before.png"): Taking screenshot successfully

04-11-2024T15:37:41 - [MESSAGE][PASSED] - Taking screenshot successfully
[[ATTACHMENT|C:\\Users\\AnusmitaKundu\\git\\threadShopify\\ThreadShopify\\Reports\\20241104_152933\\Threads\\New Test Suite\\20241104_152934\\screenshots/checkout_20241104_153630/information_before.png]]

04-11-2024T15:37:41 - [TEST_STEP][PASSED] - click(findTestObject("Object Repository/Thread_Webshop/Checkout/Page_Checkout - Threads/button_Edit")): Object: 'Object Repository/Thread_Webshop/Checkout/Page_Checkout - Threads/button_Edit' is clicked on

04-11-2024T15:37:42 - [MESSAGE][PASSED] - Object: 'Object Repository/Thread_Webshop/Checkout/Page_Checkout - Threads/button_Edit' is clicked on

04-11-2024T15:37:42 - [TEST_STEP][PASSED] - click(findTestObject("Object Repository/Thread_Webshop/Checkout/Page_Checkout - Threads/input_Address_address1")): Object: 'Object Repository/Thread_Webshop/Checkout/Page_Checkout - Threads/input_Address_address1' is clicked on

04-11-2024T15:37:43 - [MESSAGE][PASSED] - Object: 'Object Repository/Thread_Webshop/Checkout/Page_Checkout - Threads/input_Address_address1' is clicked on

04-11-2024T15:37:43 - [TEST_STEP][PASSED] - setText(findTestObject("Object Repository/Thread_Webshop/Checkout/Page_Checkout - Threads/input_Apartment, suite, etc. (optional)_address2"), "abc"): Text 'abc' is set on object 'Object Repository/Thread_Webshop/Checkout/Page_Checkout - Threads/input_Apartment, suite, etc. (optional)_address2'

04-11-2024T15:37:44 - [MESSAGE][PASSED] - Text 'abc' is set on object 'Object Repository/Thread_Webshop/Checkout/Page_Checkout - Threads/input_Apartment, suite, etc. (optional)_address2'

04-11-2024T15:37:44 - [TEST_STEP][PASSED] - takeScreenshot(screenshotFolderPath + "changed.png"): Taking screenshot successfully

04-11-2024T15:37:44 - [MESSAGE][PASSED] - Taking screenshot successfully
[[ATTACHMENT|C:\\Users\\AnusmitaKundu\\git\\threadShopify\\ThreadShopify\\Reports\\20241104_152933\\Threads\\New Test Suite\\20241104_152934\\screenshots/checkout_20241104_153630/changed.png]]

04-11-2024T15:37:44 - [TEST_STEP][PASSED] - click(findTestObject("Object Repository/Thread_Webshop/Checkout/Page_Checkout - Threads/button_Save")): Object: 'Object Repository/Thread_Webshop/Checkout/Page_Checkout - Threads/button_Save' is clicked on

04-11-2024T15:37:45 - [MESSAGE][PASSED] - Object: 'Object Repository/Thread_Webshop/Checkout/Page_Checkout - Threads/button_Save' is clicked on

04-11-2024T15:37:45 - [TEST_STEP][PASSED] - takeScreenshot(screenshotFolderPath + "information_after.png"): Taking screenshot successfully

04-11-2024T15:37:47 - [MESSAGE][PASSED] - Taking screenshot successfully
[[ATTACHMENT|C:\\Users\\AnusmitaKundu\\git\\threadShopify\\ThreadShopify\\Reports\\20241104_152933\\Threads\\New Test Suite\\20241104_152934\\screenshots/checkout_20241104_153630/information_after.png]]

04-11-2024T15:37:47 - [TEST_STEP][PASSED] - click(findTestObject("Object Repository/Thread_Webshop/Checkout/Page_Checkout - Threads/a_Threads")): Object: 'Object Repository/Thread_Webshop/Checkout/Page_Checkout - Threads/a_Threads' is clicked on

04-11-2024T15:37:49 - [MESSAGE][PASSED] - Object: 'Object Repository/Thread_Webshop/Checkout/Page_Checkout - Threads/a_Threads' is clicked on

04-11-2024T15:37:49 - [TEST_STEP][PASSED] - closeBrowser(): Browser is closed

04-11-2024T15:37:49 - [MESSAGE][PASSED] - Browser is closed]]></system-out>
         <system-err><![CDATA[]]></system-err>
      </testcase>
      <testcase name="Test Cases/Threads_Webshop/6 Checkout/TC-Verify Shipping method" time="154.391" classname="Test Cases/Threads_Webshop/6 Checkout/TC-Verify Shipping method" status="PASSED">
         <system-out><![CDATA[04-11-2024T15:37:49 - [TEST_CASE][PASSED] - Test Cases/Threads_Webshop/6 Checkout/TC-Verify Shipping method: Test Cases/Threads_Webshop/6 Checkout/TC-Verify Shipping method

04-11-2024T15:37:49 - [TEST_STEP][PASSED] - currentDateTime = LocalDateTime.now(): null

04-11-2024T15:37:49 - [TEST_STEP][PASSED] - formatter = DateTimeFormatter.ofPattern("yyyyMMdd_HHmmss"): null

04-11-2024T15:37:49 - [TEST_STEP][PASSED] - dateTimeString = currentDateTime.format(formatter): null

04-11-2024T15:37:49 - [TEST_STEP][PASSED] - screenshotFolderPath = "screenshots/checkout_" + dateTimeString + "/": null

04-11-2024T15:37:49 - [TEST_STEP][PASSED] - File(screenshotFolderPath).mkdirs(): null

04-11-2024T15:37:49 - [TEST_STEP][PASSED] - callTestCase(findTestCase("Threads_Webshop/ReUsable Testcases/Login to an Account"), ["validemail":"cenaalice1234@mailinator.com", "password":"UDMlkmqWREzH+mr49N5wRw=="], STOP_ON_FAILURE): Call Test Case 'Test Cases/Threads_Webshop/ReUsable Testcases/Login to an Account' successfully

04-11-2024T15:37:50 - [TEST_CASE][PASSED] - Test Cases/Threads_Webshop/ReUsable Testcases/Login to an Account: Test Cases/Threads_Webshop/ReUsable Testcases/Login to an Account

04-11-2024T15:37:50 - [TEST_STEP][PASSED] - callTestCase(findTestCase("Threads_Webshop/ReUsable Testcases/Enter Password"), [:], STOP_ON_FAILURE): Call Test Case 'Test Cases/Threads_Webshop/ReUsable Testcases/Enter Password' successfully

04-11-2024T15:37:50 - [TEST_CASE][PASSED] - Test Cases/Threads_Webshop/ReUsable Testcases/Enter Password: Test Cases/Threads_Webshop/ReUsable Testcases/Enter Password

04-11-2024T15:37:50 - [TEST_STEP][PASSED] - openBrowser(""): Browser is opened with url: ''

04-11-2024T15:37:50 - [MESSAGE][INFO] - Starting 'Chrome' driver

04-11-2024T15:37:50 - [MESSAGE][INFO] - Action delay is set to 0 milliseconds

04-11-2024T15:37:50 - [MESSAGE][PASSED] - Browser is opened with url: ''

04-11-2024T15:37:50 - [TEST_STEP][PASSED] - maximizeWindow(): Current window maximized

04-11-2024T15:37:50 - [MESSAGE][PASSED] - Current window maximized

04-11-2024T15:37:50 - [TEST_STEP][PASSED] - navigateToUrl("https://threads0.myshopify.com/password"): Navigate to 'https://threads0.myshopify.com/password' successfully

04-11-2024T15:37:55 - [MESSAGE][PASSED] - Navigate to 'https://threads0.myshopify.com/password' successfully

04-11-2024T15:37:55 - [TEST_STEP][PASSED] - click(findTestObject("Object Repository/Thread_Webshop/Reusable Testcase/Page_Threads/div_Enter using password")): Object: 'Object Repository/Thread_Webshop/Reusable Testcase/Page_Threads/div_Enter using password' is clicked on

04-11-2024T15:37:57 - [MESSAGE][PASSED] - Object: 'Object Repository/Thread_Webshop/Reusable Testcase/Page_Threads/div_Enter using password' is clicked on

04-11-2024T15:37:57 - [TEST_STEP][PASSED] - setEncryptedText(findTestObject("Object Repository/Thread_Webshop/Reusable Testcase/Page_Threads/input_Enter store using password_password"), "gnzTAVlujIw+lTr0To6+Cg=="): Text ****** has been set on object 'Object Repository/Thread_Webshop/Reusable Testcase/Page_Threads/input_Enter store using password_password'

04-11-2024T15:37:58 - [MESSAGE][PASSED] - Text ****** has been set on object 'Object Repository/Thread_Webshop/Reusable Testcase/Page_Threads/input_Enter store using password_password'

04-11-2024T15:37:58 - [TEST_STEP][PASSED] - click(findTestObject("Object Repository/Thread_Webshop/Reusable Testcase/Page_Threads/button_Enter")): Object: 'Object Repository/Thread_Webshop/Reusable Testcase/Page_Threads/button_Enter' is clicked on

04-11-2024T15:37:59 - [MESSAGE][PASSED] - Object: 'Object Repository/Thread_Webshop/Reusable Testcase/Page_Threads/button_Enter' is clicked on

04-11-2024T15:37:59 - [MESSAGE][PASSED] - Call Test Case 'Test Cases/Threads_Webshop/ReUsable Testcases/Enter Password' successfully

04-11-2024T15:37:59 - [TEST_STEP][PASSED] - click(findTestObject("Object Repository/Thread_Webshop/Reusable Testcase/Page_Threads/svg_Search_icon icon-account")): Object: 'Object Repository/Thread_Webshop/Reusable Testcase/Page_Threads/svg_Search_icon icon-account' is clicked on

04-11-2024T15:38:01 - [MESSAGE][PASSED] - Object: 'Object Repository/Thread_Webshop/Reusable Testcase/Page_Threads/svg_Search_icon icon-account' is clicked on

04-11-2024T15:38:01 - [TEST_STEP][PASSED] - setText(findTestObject("Object Repository/Thread_Webshop/Reusable Testcase/Page_Account  Threads/input_Login_customeremail"), validemail): Text 'cenaalice1234@mailinator.com' is set on object 'Object Repository/Thread_Webshop/Reusable Testcase/Page_Account  Threads/input_Login_customeremail'

04-11-2024T15:38:02 - [MESSAGE][PASSED] - Text 'cenaalice1234@mailinator.com' is set on object 'Object Repository/Thread_Webshop/Reusable Testcase/Page_Account  Threads/input_Login_customeremail'

04-11-2024T15:38:02 - [TEST_STEP][PASSED] - setEncryptedText(findTestObject("Object Repository/Thread_Webshop/Reusable Testcase/Page_Account  Threads/input_Email_customerpassword"), password): Text ****** has been set on object 'Object Repository/Thread_Webshop/Reusable Testcase/Page_Account  Threads/input_Email_customerpassword'

04-11-2024T15:38:03 - [MESSAGE][PASSED] - Text ****** has been set on object 'Object Repository/Thread_Webshop/Reusable Testcase/Page_Account  Threads/input_Email_customerpassword'

04-11-2024T15:38:03 - [TEST_STEP][PASSED] - click(findTestObject("Object Repository/Thread_Webshop/Reusable Testcase/Page_Account  Threads/button_Sign in")): Object: 'Object Repository/Thread_Webshop/Reusable Testcase/Page_Account  Threads/button_Sign in' is clicked on

04-11-2024T15:38:05 - [MESSAGE][PASSED] - Object: 'Object Repository/Thread_Webshop/Reusable Testcase/Page_Account  Threads/button_Sign in' is clicked on

04-11-2024T15:38:05 - [TEST_STEP][PASSED] - click(findTestObject("Object Repository/Thread_Webshop/Reusable Testcase/Page_Account  Threads/span_Home")): Object: 'Object Repository/Thread_Webshop/Reusable Testcase/Page_Account  Threads/span_Home' is clicked on

04-11-2024T15:38:09 - [MESSAGE][PASSED] - Object: 'Object Repository/Thread_Webshop/Reusable Testcase/Page_Account  Threads/span_Home' is clicked on

04-11-2024T15:38:09 - [MESSAGE][PASSED] - Call Test Case 'Test Cases/Threads_Webshop/ReUsable Testcases/Login to an Account' successfully

04-11-2024T15:38:09 - [TEST_STEP][PASSED] - takeScreenshot(screenshotFolderPath + "home.png"): Taking screenshot successfully

04-11-2024T15:38:10 - [MESSAGE][PASSED] - Taking screenshot successfully
[[ATTACHMENT|C:\\Users\\AnusmitaKundu\\git\\threadShopify\\ThreadShopify\\Reports\\20241104_152933\\Threads\\New Test Suite\\20241104_152934\\screenshots/checkout_20241104_153749/home.png]]

04-11-2024T15:38:10 - [TEST_STEP][PASSED] - verifyElementClickable(findTestObject("Object Repository/Thread_Webshop/Checkout/Page_Threads/a_ADIDAS  CLASSIC BACKPACK")): Object 'Object Repository/Thread_Webshop/Checkout/Page_Threads/a_ADIDAS  CLASSIC BACKPACK' is clickable

04-11-2024T15:38:11 - [MESSAGE][PASSED] - Object 'Object Repository/Thread_Webshop/Checkout/Page_Threads/a_ADIDAS  CLASSIC BACKPACK' is clickable

04-11-2024T15:38:11 - [TEST_STEP][PASSED] - click(findTestObject("Object Repository/Thread_Webshop/Checkout/Page_Threads/a_ADIDAS  CLASSIC BACKPACK")): Object: 'Object Repository/Thread_Webshop/Checkout/Page_Threads/a_ADIDAS  CLASSIC BACKPACK' is clicked on

04-11-2024T15:38:21 - [MESSAGE][PASSED] - Object: 'Object Repository/Thread_Webshop/Checkout/Page_Threads/a_ADIDAS  CLASSIC BACKPACK' is clicked on

04-11-2024T15:38:21 - [TEST_STEP][PASSED] - takeScreenshot(screenshotFolderPath + "item.png"): Taking screenshot successfully

04-11-2024T15:38:35 - [MESSAGE][PASSED] - Taking screenshot successfully
[[ATTACHMENT|C:\\Users\\AnusmitaKundu\\git\\threadShopify\\ThreadShopify\\Reports\\20241104_152933\\Threads\\New Test Suite\\20241104_152934\\screenshots/checkout_20241104_153749/item.png]]

04-11-2024T15:38:35 - [TEST_STEP][PASSED] - verifyElementClickable(findTestObject("Object Repository/Thread_Webshop/Checkout/Page_ADIDAS  CLASSIC BACKPACK  Threads/button_Buy it now")): Object 'Object Repository/Thread_Webshop/Checkout/Page_ADIDAS  CLASSIC BACKPACK  Threads/button_Buy it now' is clickable

04-11-2024T15:38:35 - [MESSAGE][PASSED] - Object 'Object Repository/Thread_Webshop/Checkout/Page_ADIDAS  CLASSIC BACKPACK  Threads/button_Buy it now' is clickable

04-11-2024T15:38:35 - [TEST_STEP][PASSED] - click(findTestObject("Object Repository/Thread_Webshop/Checkout/Page_ADIDAS  CLASSIC BACKPACK  Threads/button_Buy it now")): Object: 'Object Repository/Thread_Webshop/Checkout/Page_ADIDAS  CLASSIC BACKPACK  Threads/button_Buy it now' is clicked on

04-11-2024T15:38:36 - [MESSAGE][PASSED] - Object: 'Object Repository/Thread_Webshop/Checkout/Page_ADIDAS  CLASSIC BACKPACK  Threads/button_Buy it now' is clicked on

04-11-2024T15:38:36 - [TEST_STEP][PASSED] - takeScreenshot(screenshotFolderPath + "checkout.png"): Taking screenshot successfully

04-11-2024T15:38:40 - [MESSAGE][PASSED] - Taking screenshot successfully
[[ATTACHMENT|C:\\Users\\AnusmitaKundu\\git\\threadShopify\\ThreadShopify\\Reports\\20241104_152933\\Threads\\New Test Suite\\20241104_152934\\screenshots/checkout_20241104_153749/checkout.png]]

04-11-2024T15:38:40 - [TEST_STEP][PASSED] - click(findTestObject("Object Repository/Thread_Webshop/Checkout/Page_Checkout - Threads/path")): Object: 'Object Repository/Thread_Webshop/Checkout/Page_Checkout - Threads/path' is clicked on

04-11-2024T15:39:12 - [MESSAGE][INFO] - Unable to find the element located by 'By.xpath: '. Please recheck the objects properties to make sure the desired element is located. 

04-11-2024T15:39:12 - [MESSAGE][WARNING] - [SELF-HEALING] Failed to find element with id 'Object Repository/Thread_Webshop/Checkout/Page_Checkout - Threads/path'. Try using Self-healing.

04-11-2024T15:39:12 - [MESSAGE][ERROR] - [SELF-HEALING] com.google.gson.stream.MalformedJsonException: Expected ':' at line 5 column 10 path $.brokenTestObjects[0].<<<<<<<

04-11-2024T15:39:13 - [MESSAGE][INFO] - [SELF-HEALING] No working XPath is found.

04-11-2024T15:39:13 - [MESSAGE][INFO] - [SELF-HEALING] Screenshot: C:/Users/AnusmitaKundu/git/threadShopify/ThreadShopify/Reports/Self-healing/Object Repository/Thread_Webshop/Checkout/Page_Checkout - Threads/path_SMART_LOCATOR.png

04-11-2024T15:39:13 - [MESSAGE][ERROR] - [SELF-HEALING] com.google.gson.stream.MalformedJsonException: Expected ':' at line 5 column 10 path $.brokenTestObjects[0].<<<<<<<

04-11-2024T15:39:13 - [MESSAGE][ERROR] - [SELF-HEALING] C:\Users\AnusmitaKundu\git\threadShopify\ThreadShopify\Reports\Self-healing\broken-test-objects-v2.json does not exist or is provided by Self-healing Plugin!

04-11-2024T15:39:13 - [MESSAGE][WARNING] - [SELF-HEALING] The current locator of test object 'Object Repository/Thread_Webshop/Checkout/Page_Checkout - Threads/path' was broken. Propose an alternative one: 'internal:role=button[name="Shipping method Standard · ₹10.00"i]'.

04-11-2024T15:39:13 - [MESSAGE][PASSED] - Object: 'Object Repository/Thread_Webshop/Checkout/Page_Checkout - Threads/path' is clicked on

04-11-2024T15:39:13 - [TEST_STEP][PASSED] - click(findTestObject("Object Repository/Thread_Webshop/Checkout/Page_Checkout - Threads/input_Choose a shipping method_shipping_methods")): Object: 'Object Repository/Thread_Webshop/Checkout/Page_Checkout - Threads/input_Choose a shipping method_shipping_methods' is clicked on

04-11-2024T15:39:44 - [MESSAGE][INFO] - Unable to find the element located by 'By.xpath: //input[@id='shipping_methods-87a3659e7fe354379e05ee630f6a14f5-8065b300762b4a82452fb156c5f860bb']'. Please recheck the objects properties to make sure the desired element is located. 

04-11-2024T15:39:44 - [MESSAGE][WARNING] - [SELF-HEALING] Failed to find element with id 'Object Repository/Thread_Webshop/Checkout/Page_Checkout - Threads/input_Choose a shipping method_shipping_methods'. Try using Self-healing.

04-11-2024T15:39:44 - [MESSAGE][ERROR] - [SELF-HEALING] com.google.gson.stream.MalformedJsonException: Expected ':' at line 5 column 10 path $.brokenTestObjects[0].<<<<<<<

04-11-2024T15:39:45 - [MESSAGE][INFO] - [SELF-HEALING] Failed Locator: '//input[@id='shipping_methods-87a3659e7fe354379e05ee630f6a14f5-8065b300762b4a82452fb156c5f860bb']'.

04-11-2024T15:39:45 - [MESSAGE][INFO] - [SELF-HEALING] Working Locator: '//fieldset[@id='shipping_methods']/div/div/div/div/input'.

04-11-2024T15:39:45 - [MESSAGE][INFO] - [SELF-HEALING] Screenshot: C:/Users/AnusmitaKundu/git/threadShopify/ThreadShopify/Reports/Self-healing/Object Repository/Thread_Webshop/Checkout/Page_Checkout - Threads/input_Choose a shipping method_shipping_methods_idRelative.png

04-11-2024T15:39:45 - [MESSAGE][ERROR] - [SELF-HEALING] com.google.gson.stream.MalformedJsonException: Expected ':' at line 5 column 10 path $.brokenTestObjects[0].<<<<<<<

04-11-2024T15:39:45 - [MESSAGE][ERROR] - [SELF-HEALING] C:\Users\AnusmitaKundu\git\threadShopify\ThreadShopify\Reports\Self-healing\broken-test-objects-v2.json does not exist or is provided by Self-healing Plugin!

04-11-2024T15:39:45 - [MESSAGE][WARNING] - [SELF-HEALING] The current locator of test object 'Object Repository/Thread_Webshop/Checkout/Page_Checkout - Threads/input_Choose a shipping method_shipping_methods' was broken. Propose an alternative one: '//fieldset[@id='shipping_methods']/div/div/div/div/input'.

04-11-2024T15:39:45 - [MESSAGE][PASSED] - Object: 'Object Repository/Thread_Webshop/Checkout/Page_Checkout - Threads/input_Choose a shipping method_shipping_methods' is clicked on

04-11-2024T15:39:45 - [TEST_STEP][PASSED] - takeScreenshot(screenshotFolderPath + "shipping_method1.png"): Taking screenshot successfully

04-11-2024T15:39:45 - [MESSAGE][PASSED] - Taking screenshot successfully
[[ATTACHMENT|C:\\Users\\AnusmitaKundu\\git\\threadShopify\\ThreadShopify\\Reports\\20241104_152933\\Threads\\New Test Suite\\20241104_152934\\screenshots/checkout_20241104_153749/shipping_method1.png]]

04-11-2024T15:39:46 - [TEST_STEP][PASSED] - product1 = getText(findTestObject("Object Repository/Thread_Webshop/Checkout/Page_Checkout - Threads/span_56.00")): Text of object 'Object Repository/Thread_Webshop/Checkout/Page_Checkout - Threads/span_56.00' is: '₹56.00'

04-11-2024T15:39:46 - [MESSAGE][PASSED] - Text of object 'Object Repository/Thread_Webshop/Checkout/Page_Checkout - Threads/span_56.00' is: '₹56.00'

04-11-2024T15:39:46 - [TEST_STEP][PASSED] - println($product1): null

04-11-2024T15:39:46 - [TEST_STEP][PASSED] - product1 = product1.replace("₹", ""): null

04-11-2024T15:39:46 - [TEST_STEP][PASSED] - productPrice1 = Float.parseFloat(product1): null

04-11-2024T15:39:46 - [TEST_STEP][PASSED] - println($productPrice1): null

04-11-2024T15:39:46 - [TEST_STEP][PASSED] - shipping1 = getText(findTestObject("Object Repository/Thread_Webshop/Checkout/Page_Checkout - Threads/span_10.00")): Text of object 'Object Repository/Thread_Webshop/Checkout/Page_Checkout - Threads/span_10.00' is: '₹10.00'

04-11-2024T15:39:46 - [MESSAGE][PASSED] - Text of object 'Object Repository/Thread_Webshop/Checkout/Page_Checkout - Threads/span_10.00' is: '₹10.00'

04-11-2024T15:39:46 - [TEST_STEP][PASSED] - println($shipping1): null

04-11-2024T15:39:46 - [TEST_STEP][PASSED] - shipping1 = shipping1.replace("₹", ""): null

04-11-2024T15:39:46 - [TEST_STEP][PASSED] - shippingPrice1 = Float.parseFloat(shipping1): null

04-11-2024T15:39:46 - [TEST_STEP][PASSED] - println($shippingPrice1): null

04-11-2024T15:39:46 - [TEST_STEP][PASSED] - tax1 = getText(findTestObject("Object Repository/Thread_Webshop/Checkout/Page_Checkout - Threads/span_10.08")): Text of object 'Object Repository/Thread_Webshop/Checkout/Page_Checkout - Threads/span_10.08' is: '₹10.08'

04-11-2024T15:39:46 - [MESSAGE][PASSED] - Text of object 'Object Repository/Thread_Webshop/Checkout/Page_Checkout - Threads/span_10.08' is: '₹10.08'

04-11-2024T15:39:46 - [TEST_STEP][PASSED] - println($tax1): null

04-11-2024T15:39:46 - [TEST_STEP][PASSED] - tax1 = tax1.replace("₹", ""): null

04-11-2024T15:39:46 - [TEST_STEP][PASSED] - taxPrice1 = Float.parseFloat(tax1): null

04-11-2024T15:39:46 - [TEST_STEP][PASSED] - println($taxPrice1): null

04-11-2024T15:39:46 - [TEST_STEP][PASSED] - priceTotal1 = productPrice1 + shippingPrice1 + taxPrice1: null

04-11-2024T15:39:46 - [TEST_STEP][PASSED] - total1 = getText(findTestObject("Object Repository/Thread_Webshop/Checkout/Page_Checkout - Threads/strong_76.08")): Text of object 'Object Repository/Thread_Webshop/Checkout/Page_Checkout - Threads/strong_76.08' is: '₹76.08'

04-11-2024T15:39:47 - [MESSAGE][PASSED] - Text of object 'Object Repository/Thread_Webshop/Checkout/Page_Checkout - Threads/strong_76.08' is: '₹76.08'

04-11-2024T15:39:47 - [TEST_STEP][PASSED] - println($total1): null

04-11-2024T15:39:47 - [TEST_STEP][PASSED] - total1 = total1.replace("₹", ""): null

04-11-2024T15:39:47 - [TEST_STEP][PASSED] - totalPrice1 = Float.parseFloat(total1): null

04-11-2024T15:39:47 - [TEST_STEP][PASSED] - println($totalPrice1): null

04-11-2024T15:39:47 - [TEST_STEP][PASSED] - if (priceTotal1 == totalPrice1): null

04-11-2024T15:39:47 - [TEST_STEP][PASSED] - println("The price has matched"): null

04-11-2024T15:39:47 - [TEST_STEP][PASSED] - click(findTestObject("Object Repository/Thread_Webshop/Checkout/Page_Checkout - Threads/input_10.00_shipping_methods")): Object: 'Object Repository/Thread_Webshop/Checkout/Page_Checkout - Threads/input_10.00_shipping_methods' is clicked on

04-11-2024T15:40:18 - [MESSAGE][INFO] - Unable to find the element located by 'By.xpath: //input[@id='shipping_methods-87a3659e7fe354379e05ee630f6a14f5-e1ddef4ea339ac02339348a2a08e6f6c']'. Please recheck the objects properties to make sure the desired element is located. 

04-11-2024T15:40:18 - [MESSAGE][WARNING] - [SELF-HEALING] Failed to find element with id 'Object Repository/Thread_Webshop/Checkout/Page_Checkout - Threads/input_10.00_shipping_methods'. Try using Self-healing.

04-11-2024T15:40:18 - [MESSAGE][ERROR] - [SELF-HEALING] com.google.gson.stream.MalformedJsonException: Expected ':' at line 5 column 10 path $.brokenTestObjects[0].<<<<<<<

04-11-2024T15:40:18 - [MESSAGE][INFO] - [SELF-HEALING] Failed Locator: '//input[@id='shipping_methods-87a3659e7fe354379e05ee630f6a14f5-e1ddef4ea339ac02339348a2a08e6f6c']'.

04-11-2024T15:40:18 - [MESSAGE][INFO] - [SELF-HEALING] Working Locator: '//fieldset[@id='shipping_methods']/div/div[2]/div/div/input'.

04-11-2024T15:40:18 - [MESSAGE][INFO] - [SELF-HEALING] Screenshot: C:/Users/AnusmitaKundu/git/threadShopify/ThreadShopify/Reports/Self-healing/Object Repository/Thread_Webshop/Checkout/Page_Checkout - Threads/input_10.00_shipping_methods_idRelative.png

04-11-2024T15:40:18 - [MESSAGE][ERROR] - [SELF-HEALING] com.google.gson.stream.MalformedJsonException: Expected ':' at line 5 column 10 path $.brokenTestObjects[0].<<<<<<<

04-11-2024T15:40:19 - [MESSAGE][ERROR] - [SELF-HEALING] C:\Users\AnusmitaKundu\git\threadShopify\ThreadShopify\Reports\Self-healing\broken-test-objects-v2.json does not exist or is provided by Self-healing Plugin!

04-11-2024T15:40:19 - [MESSAGE][WARNING] - [SELF-HEALING] The current locator of test object 'Object Repository/Thread_Webshop/Checkout/Page_Checkout - Threads/input_10.00_shipping_methods' was broken. Propose an alternative one: '//fieldset[@id='shipping_methods']/div/div[2]/div/div/input'.

04-11-2024T15:40:19 - [MESSAGE][PASSED] - Object: 'Object Repository/Thread_Webshop/Checkout/Page_Checkout - Threads/input_10.00_shipping_methods' is clicked on

04-11-2024T15:40:19 - [TEST_STEP][PASSED] - takeScreenshot(screenshotFolderPath + "shipping_method2.png"): Taking screenshot successfully

04-11-2024T15:40:21 - [MESSAGE][PASSED] - Taking screenshot successfully
[[ATTACHMENT|C:\\Users\\AnusmitaKundu\\git\\threadShopify\\ThreadShopify\\Reports\\20241104_152933\\Threads\\New Test Suite\\20241104_152934\\screenshots/checkout_20241104_153749/shipping_method2.png]]

04-11-2024T15:40:21 - [TEST_STEP][PASSED] - product2 = getText(findTestObject("Object Repository/Thread_Webshop/Checkout/Page_Checkout - Threads/span_56.00")): Text of object 'Object Repository/Thread_Webshop/Checkout/Page_Checkout - Threads/span_56.00' is: '₹56.00'

04-11-2024T15:40:22 - [MESSAGE][PASSED] - Text of object 'Object Repository/Thread_Webshop/Checkout/Page_Checkout - Threads/span_56.00' is: '₹56.00'

04-11-2024T15:40:22 - [TEST_STEP][PASSED] - println($product2): null

04-11-2024T15:40:22 - [TEST_STEP][PASSED] - product2 = product2.replace("₹", ""): null

04-11-2024T15:40:22 - [TEST_STEP][PASSED] - productPrice2 = Float.parseFloat(product2): null

04-11-2024T15:40:22 - [TEST_STEP][PASSED] - println($productPrice2): null

04-11-2024T15:40:22 - [TEST_STEP][PASSED] - shipping2 = getText(findTestObject("Object Repository/Thread_Webshop/Checkout/Page_Checkout - Threads/span_25.00")): Text of object 'Object Repository/Thread_Webshop/Checkout/Page_Checkout - Threads/span_25.00' is: '₹25.00'

04-11-2024T15:40:22 - [MESSAGE][PASSED] - Text of object 'Object Repository/Thread_Webshop/Checkout/Page_Checkout - Threads/span_25.00' is: '₹25.00'

04-11-2024T15:40:22 - [TEST_STEP][PASSED] - println($shipping2): null

04-11-2024T15:40:22 - [TEST_STEP][PASSED] - shipping2 = shipping2.replace("₹", ""): null

04-11-2024T15:40:22 - [TEST_STEP][PASSED] - shippingPrice2 = Float.parseFloat(shipping2): null

04-11-2024T15:40:22 - [TEST_STEP][PASSED] - println($shippingPrice2): null

04-11-2024T15:40:22 - [TEST_STEP][PASSED] - tax2 = getText(findTestObject("Object Repository/Thread_Webshop/Checkout/Page_Checkout - Threads/span_10.08")): Text of object 'Object Repository/Thread_Webshop/Checkout/Page_Checkout - Threads/span_10.08' is: '₹10.08'

04-11-2024T15:40:23 - [MESSAGE][PASSED] - Text of object 'Object Repository/Thread_Webshop/Checkout/Page_Checkout - Threads/span_10.08' is: '₹10.08'

04-11-2024T15:40:23 - [TEST_STEP][PASSED] - println($tax2): null

04-11-2024T15:40:23 - [TEST_STEP][PASSED] - tax2 = tax2.replace("₹", ""): null

04-11-2024T15:40:23 - [TEST_STEP][PASSED] - taxPrice2 = Float.parseFloat(tax2): null

04-11-2024T15:40:23 - [TEST_STEP][PASSED] - println($taxPrice2): null

04-11-2024T15:40:23 - [TEST_STEP][PASSED] - priceTotal2 = productPrice2 + shippingPrice2 + taxPrice2: null

04-11-2024T15:40:23 - [TEST_STEP][PASSED] - total2 = getText(findTestObject("Object Repository/Thread_Webshop/Checkout/Page_Checkout - Threads/strong_91.08")): Text of object 'Object Repository/Thread_Webshop/Checkout/Page_Checkout - Threads/strong_91.08' is: '₹91.08'

04-11-2024T15:40:23 - [MESSAGE][PASSED] - Text of object 'Object Repository/Thread_Webshop/Checkout/Page_Checkout - Threads/strong_91.08' is: '₹91.08'

04-11-2024T15:40:23 - [TEST_STEP][PASSED] - println($total2): null

04-11-2024T15:40:23 - [TEST_STEP][PASSED] - total2 = total2.replace("₹", ""): null

04-11-2024T15:40:23 - [TEST_STEP][PASSED] - totalPrice2 = Float.parseFloat(total2): null

04-11-2024T15:40:23 - [TEST_STEP][PASSED] - println($totalPrice2): null

04-11-2024T15:40:23 - [TEST_STEP][PASSED] - if (priceTotal2 == totalPrice2): null

04-11-2024T15:40:23 - [TEST_STEP][PASSED] - println("The price has matched"): null

04-11-2024T15:40:23 - [TEST_STEP][PASSED] - closeBrowser(): Browser is closed

04-11-2024T15:40:24 - [MESSAGE][PASSED] - Browser is closed]]></system-out>
         <system-err><![CDATA[]]></system-err>
      </testcase>
      <testcase name="Test Cases/Threads_Webshop/7 My Account/TC-165-Verify Edit Address" time="26.957" classname="Test Cases/Threads_Webshop/7 My Account/TC-165-Verify Edit Address" status="PASSED">
         <system-out><![CDATA[04-11-2024T15:40:24 - [TEST_CASE][PASSED] - Test Cases/Threads_Webshop/7 My Account/TC-165-Verify Edit Address: Test Cases/Threads_Webshop/7 My Account/TC-165-Verify Edit Address

04-11-2024T15:40:24 - [TEST_STEP][PASSED] - timestamp = now().format(DateTimeFormatter.ofPattern("yyyyMMdd_HHmmss")): null

04-11-2024T15:40:24 - [TEST_STEP][PASSED] - screenshotFolder = "screenshots/my_account_" + timestamp + "/": null

04-11-2024T15:40:24 - [TEST_STEP][PASSED] - openBrowser(""): Browser is opened with url: ''

04-11-2024T15:40:24 - [MESSAGE][INFO] - Starting 'Chrome' driver

04-11-2024T15:40:24 - [MESSAGE][INFO] - Action delay is set to 0 milliseconds

04-11-2024T15:40:25 - [MESSAGE][PASSED] - Browser is opened with url: ''

04-11-2024T15:40:25 - [TEST_STEP][PASSED] - navigateToUrl("https://threads0.myshopify.com/password"): Navigate to 'https://threads0.myshopify.com/password' successfully

04-11-2024T15:40:26 - [MESSAGE][PASSED] - Navigate to 'https://threads0.myshopify.com/password' successfully

04-11-2024T15:40:26 - [TEST_STEP][PASSED] - click(findTestObject("Object Repository/Thread_Webshop/My Contact/Page_Threads/div_Enter using password")): Object: 'Object Repository/Thread_Webshop/My Contact/Page_Threads/div_Enter using password' is clicked on

04-11-2024T15:40:28 - [MESSAGE][PASSED] - Object: 'Object Repository/Thread_Webshop/My Contact/Page_Threads/div_Enter using password' is clicked on

04-11-2024T15:40:28 - [TEST_STEP][PASSED] - setEncryptedText(findTestObject("Object Repository/Thread_Webshop/My Contact/Page_Threads/input_Enter store using password_password"), "gnzTAVlujIw+lTr0To6+Cg=="): Text ****** has been set on object 'Object Repository/Thread_Webshop/My Contact/Page_Threads/input_Enter store using password_password'

04-11-2024T15:40:29 - [MESSAGE][PASSED] - Text ****** has been set on object 'Object Repository/Thread_Webshop/My Contact/Page_Threads/input_Enter store using password_password'

04-11-2024T15:40:29 - [TEST_STEP][PASSED] - click(findTestObject("Object Repository/Thread_Webshop/My Contact/Page_Threads/button_Enter")): Object: 'Object Repository/Thread_Webshop/My Contact/Page_Threads/button_Enter' is clicked on

04-11-2024T15:40:31 - [MESSAGE][PASSED] - Object: 'Object Repository/Thread_Webshop/My Contact/Page_Threads/button_Enter' is clicked on

04-11-2024T15:40:31 - [TEST_STEP][PASSED] - maximizeWindow(): Current window maximized

04-11-2024T15:40:31 - [MESSAGE][PASSED] - Current window maximized

04-11-2024T15:40:31 - [TEST_STEP][PASSED] - click(findTestObject("Object Repository/Thread_Webshop/My Contact/Page_Threads/svg_Search_icon icon-account")): Object: 'Object Repository/Thread_Webshop/My Contact/Page_Threads/svg_Search_icon icon-account' is clicked on

04-11-2024T15:40:33 - [MESSAGE][PASSED] - Object: 'Object Repository/Thread_Webshop/My Contact/Page_Threads/svg_Search_icon icon-account' is clicked on

04-11-2024T15:40:33 - [TEST_STEP][PASSED] - verifyTextPresent("Login", false): Text 'Login' is present on page 

04-11-2024T15:40:34 - [MESSAGE][PASSED] - Text 'Login' is present on page 

04-11-2024T15:40:34 - [TEST_STEP][PASSED] - setText(findTestObject("Object Repository/Thread_Webshop/My Contact/Page_Account  Threads/input_Login_customeremail"), "cenaalice1234@mailinator.com"): Text 'cenaalice1234@mailinator.com' is set on object 'Object Repository/Thread_Webshop/My Contact/Page_Account  Threads/input_Login_customeremail'

04-11-2024T15:40:35 - [MESSAGE][PASSED] - Text 'cenaalice1234@mailinator.com' is set on object 'Object Repository/Thread_Webshop/My Contact/Page_Account  Threads/input_Login_customeremail'

04-11-2024T15:40:35 - [TEST_STEP][PASSED] - setEncryptedText(findTestObject("Object Repository/Thread_Webshop/My Contact/Page_Account  Threads/input_Email_customerpassword"), "UDMlkmqWREzH+mr49N5wRw=="): Text ****** has been set on object 'Object Repository/Thread_Webshop/My Contact/Page_Account  Threads/input_Email_customerpassword'

04-11-2024T15:40:35 - [MESSAGE][PASSED] - Text ****** has been set on object 'Object Repository/Thread_Webshop/My Contact/Page_Account  Threads/input_Email_customerpassword'

04-11-2024T15:40:35 - [TEST_STEP][PASSED] - click(findTestObject("Object Repository/Thread_Webshop/My Contact/Page_Account  Threads/button_Sign in")): Object: 'Object Repository/Thread_Webshop/My Contact/Page_Account  Threads/button_Sign in' is clicked on

04-11-2024T15:40:37 - [MESSAGE][PASSED] - Object: 'Object Repository/Thread_Webshop/My Contact/Page_Account  Threads/button_Sign in' is clicked on

04-11-2024T15:40:37 - [TEST_STEP][PASSED] - verifyTextPresent("Account", false): Text 'Account' is present on page 

04-11-2024T15:40:39 - [MESSAGE][PASSED] - Text 'Account' is present on page 

04-11-2024T15:40:39 - [TEST_STEP][PASSED] - takeScreenshot(screenshotFolder + "account.png"): Taking screenshot successfully

04-11-2024T15:40:39 - [MESSAGE][PASSED] - Taking screenshot successfully
[[ATTACHMENT|C:\\Users\\AnusmitaKundu\\git\\threadShopify\\ThreadShopify\\Reports\\20241104_152933\\Threads\\New Test Suite\\20241104_152934\\screenshots/my_account_20241104_154024/account.png]]

04-11-2024T15:40:39 - [TEST_STEP][PASSED] - click(findTestObject("Object Repository/Thread_Webshop/My Contact/Page_Account  Threads/a_View addresses (1)")): Object: 'Object Repository/Thread_Webshop/My Contact/Page_Account  Threads/a_View addresses (1)' is clicked on

04-11-2024T15:40:42 - [MESSAGE][PASSED] - Object: 'Object Repository/Thread_Webshop/My Contact/Page_Account  Threads/a_View addresses (1)' is clicked on

04-11-2024T15:40:42 - [TEST_STEP][PASSED] - verifyTextPresent("Addresses", false): Text 'Addresses' is present on page 

04-11-2024T15:40:42 - [MESSAGE][PASSED] - Text 'Addresses' is present on page 

04-11-2024T15:40:42 - [TEST_STEP][PASSED] - verifyTextPresent("Default", false): Text 'Default' is present on page 

04-11-2024T15:40:42 - [MESSAGE][PASSED] - Text 'Default' is present on page 

04-11-2024T15:40:42 - [TEST_STEP][PASSED] - takeScreenshot(screenshotFolder + "address.png"): Taking screenshot successfully

04-11-2024T15:40:43 - [MESSAGE][PASSED] - Taking screenshot successfully
[[ATTACHMENT|C:\\Users\\AnusmitaKundu\\git\\threadShopify\\ThreadShopify\\Reports\\20241104_152933\\Threads\\New Test Suite\\20241104_152934\\screenshots/my_account_20241104_154024/address.png]]

04-11-2024T15:40:43 - [TEST_STEP][PASSED] - click(findTestObject("Object Repository/Thread_Webshop/My Contact/Page_Addresses  Threads/button_Edit")): Object: 'Object Repository/Thread_Webshop/My Contact/Page_Addresses  Threads/button_Edit' is clicked on

04-11-2024T15:40:44 - [MESSAGE][PASSED] - Object: 'Object Repository/Thread_Webshop/My Contact/Page_Addresses  Threads/button_Edit' is clicked on

04-11-2024T15:40:44 - [TEST_STEP][PASSED] - takeScreenshot(screenshotFolder + "edit.png"): Taking screenshot successfully

04-11-2024T15:40:44 - [MESSAGE][PASSED] - Taking screenshot successfully
[[ATTACHMENT|C:\\Users\\AnusmitaKundu\\git\\threadShopify\\ThreadShopify\\Reports\\20241104_152933\\Threads\\New Test Suite\\20241104_152934\\screenshots/my_account_20241104_154024/edit.png]]

04-11-2024T15:40:44 - [TEST_STEP][PASSED] - setText(findTestObject("Object Repository/Thread_Webshop/My Contact/Page_Addresses  Threads/input_Company_addressaddress1"), "abc apartment, xyz road"): Text 'abc apartment, xyz road' is set on object 'Object Repository/Thread_Webshop/My Contact/Page_Addresses  Threads/input_Company_addressaddress1'

04-11-2024T15:40:45 - [MESSAGE][PASSED] - Text 'abc apartment, xyz road' is set on object 'Object Repository/Thread_Webshop/My Contact/Page_Addresses  Threads/input_Company_addressaddress1'

04-11-2024T15:40:45 - [TEST_STEP][PASSED] - click(findTestObject("Object Repository/Thread_Webshop/My Contact/Page_Addresses  Threads/button_Update address")): Object: 'Object Repository/Thread_Webshop/My Contact/Page_Addresses  Threads/button_Update address' is clicked on

04-11-2024T15:40:47 - [MESSAGE][PASSED] - Object: 'Object Repository/Thread_Webshop/My Contact/Page_Addresses  Threads/button_Update address' is clicked on

04-11-2024T15:40:47 - [TEST_STEP][PASSED] - verifyTextPresent("abc apartment, xyz road", false): Text 'abc apartment, xyz road' is present on page 

04-11-2024T15:40:48 - [MESSAGE][PASSED] - Text 'abc apartment, xyz road' is present on page 

04-11-2024T15:40:48 - [TEST_STEP][PASSED] - takeScreenshot(screenshotFolder + "address_after.png"): Taking screenshot successfully

04-11-2024T15:40:48 - [MESSAGE][PASSED] - Taking screenshot successfully
[[ATTACHMENT|C:\\Users\\AnusmitaKundu\\git\\threadShopify\\ThreadShopify\\Reports\\20241104_152933\\Threads\\New Test Suite\\20241104_152934\\screenshots/my_account_20241104_154024/address_after.png]]

04-11-2024T15:40:48 - [TEST_STEP][PASSED] - click(findTestObject("Object Repository/Thread_Webshop/My Contact/Page_Addresses  Threads/span_Home")): Object: 'Object Repository/Thread_Webshop/My Contact/Page_Addresses  Threads/span_Home' is clicked on

04-11-2024T15:40:50 - [MESSAGE][PASSED] - Object: 'Object Repository/Thread_Webshop/My Contact/Page_Addresses  Threads/span_Home' is clicked on

04-11-2024T15:40:50 - [TEST_STEP][PASSED] - closeBrowser(): Browser is closed

04-11-2024T15:40:51 - [MESSAGE][PASSED] - Browser is closed]]></system-out>
         <system-err><![CDATA[]]></system-err>
      </testcase>
      <testcase name="Test Cases/Threads_Webshop/8 Order Details/Product Subscription" time="0.0" classname="Test Cases/Threads_Webshop/8 Order Details/Product Subscription" status="ERROR">
         <error type="ERROR" message="Test Cases/Threads_Webshop/8 Order Details/Product Subscription has ERROR(s).&#xa;Reason:&#xa;java.io.FileNotFoundException: File '' does not exist"/>
         <system-out><![CDATA[04-11-2024T15:40:51 - [TEST_CASE][ERROR] - Test Cases/Threads_Webshop/8 Order Details/Product Subscription: Test Cases/Threads_Webshop/8 Order Details/Product Subscription has ERROR(s).
Reason:
java.io.FileNotFoundException: File '' does not exist]]></system-out>
         <system-err><![CDATA[04-11-2024T15:40:51 - [TEST_CASE][ERROR] - Test Cases/Threads_Webshop/8 Order Details/Product Subscription: Test Cases/Threads_Webshop/8 Order Details/Product Subscription has ERROR(s).
Reason:
java.io.FileNotFoundException: File '' does not exist]]></system-err>
      </testcase>
      <testcase name="Test Cases/Threads_Webshop/8 Order Details/TC-444, Verify Summary" time="15.292" classname="Test Cases/Threads_Webshop/8 Order Details/TC-444, Verify Summary" status="FAILED">
         <failure type="FAILED" message="Test Cases/Threads_Webshop/8 Order Details/TC-444, Verify Summary FAILED.&#xa;Reason:&#xa;com.kms.katalon.core.exception.StepFailedException: Unable to verify text 'account' is present &#xa;	at com.kms.katalon.core.webui.keyword.internal.WebUIKeywordMain.stepFailed(WebUIKeywordMain.groovy:117)&#xa;	at com.kms.katalon.core.webui.keyword.internal.WebUIKeywordMain.runKeyword(WebUIKeywordMain.groovy:43)&#xa;	at com.kms.katalon.core.webui.keyword.builtin.VerifyTextPresentKeyword.verifyTextPresent(VerifyTextPresentKeyword.groovy:83)&#xa;	at com.kms.katalon.core.webui.keyword.builtin.VerifyTextPresentKeyword.execute(VerifyTextPresentKeyword.groovy:68)&#xa;	at com.kms.katalon.core.keyword.internal.KeywordExecutor.executeKeywordForPlatform(KeywordExecutor.groovy:74)&#xa;	at com.kms.katalon.core.webui.keyword.WebUiBuiltInKeywords.verifyTextPresent(WebUiBuiltInKeywords.groovy:1762)&#xa;	at TC-444, Verify Summary.run(TC-444, Verify Summary:56)&#xa;	at com.kms.katalon.core.main.ScriptEngine.run(ScriptEngine.java:194)&#xa;	at com.kms.katalon.core.main.ScriptEngine.runScriptAsRawText(ScriptEngine.java:119)&#xa;	at com.kms.katalon.core.main.TestCaseExecutor.runScript(TestCaseExecutor.java:448)&#xa;	at com.kms.katalon.core.main.TestCaseExecutor.doExecute(TestCaseExecutor.java:439)&#xa;	at com.kms.katalon.core.main.TestCaseExecutor.processExecutionPhase(TestCaseExecutor.java:418)&#xa;	at com.kms.katalon.core.main.TestCaseExecutor.accessMainPhase(TestCaseExecutor.java:410)&#xa;	at com.kms.katalon.core.main.TestCaseExecutor.execute(TestCaseExecutor.java:285)&#xa;	at com.kms.katalon.core.main.TestCaseExecutor.execute(TestCaseExecutor.java:369)&#xa;	at com.kms.katalon.core.main.TestCaseExecutor.execute(TestCaseExecutor.java:369)&#xa;	at com.kms.katalon.core.main.TestCaseExecutor.execute(TestCaseExecutor.java:369)&#xa;	at com.kms.katalon.core.common.CommonExecutor.accessTestCaseMainPhase(CommonExecutor.java:65)&#xa;	at com.kms.katalon.core.main.TestSuiteExecutor.accessTestSuiteMainPhase(TestSuiteExecutor.java:150)&#xa;	at com.kms.katalon.core.main.TestSuiteExecutor.execute(TestSuiteExecutor.java:106)&#xa;	at com.kms.katalon.core.main.TestCaseMain.startTestSuite(TestCaseMain.java:180)&#xa;	at TempTestSuite1730714374878.run(TempTestSuite1730714374878.groovy:35)&#xa;	at java.base/jdk.internal.reflect.NativeMethodAccessorImpl.invoke0(Native Method)&#xa;	at java.base/jdk.internal.reflect.NativeMethodAccessorImpl.invoke(NativeMethodAccessorImpl.java:77)&#xa;	at java.base/jdk.internal.reflect.DelegatingMethodAccessorImpl.invoke(DelegatingMethodAccessorImpl.java:43)&#xa;Caused by: com.kms.katalon.core.exception.StepFailedException: Text 'account' is not present on page &#xa;	at com.kms.katalon.core.webui.keyword.internal.WebUIKeywordMain.stepFailed(WebUIKeywordMain.groovy:117)&#xa;	at com.kms.katalon.core.webui.keyword.builtin.VerifyTextPresentKeyword$_verifyTextPresent_closure1.doCall(VerifyTextPresentKeyword.groovy:79)&#xa;	at com.kms.katalon.core.webui.keyword.builtin.VerifyTextPresentKeyword$_verifyTextPresent_closure1.call(VerifyTextPresentKeyword.groovy)&#xa;	at com.kms.katalon.core.webui.keyword.internal.WebUIKeywordMain.runKeyword(WebUIKeywordMain.groovy:35)&#xa;	... 23 more&#xa;"/>
         <system-out><![CDATA[04-11-2024T15:41:46 - [TEST_CASE][FAILED] - Test Cases/Threads_Webshop/8 Order Details/TC-444, Verify Summary: Test Cases/Threads_Webshop/8 Order Details/TC-444, Verify Summary FAILED.
Reason:
com.kms.katalon.core.exception.StepFailedException: Unable to verify text 'account' is present 
	at com.kms.katalon.core.webui.keyword.internal.WebUIKeywordMain.stepFailed(WebUIKeywordMain.groovy:117)
	at com.kms.katalon.core.webui.keyword.internal.WebUIKeywordMain.runKeyword(WebUIKeywordMain.groovy:43)
	at com.kms.katalon.core.webui.keyword.builtin.VerifyTextPresentKeyword.verifyTextPresent(VerifyTextPresentKeyword.groovy:83)
	at com.kms.katalon.core.webui.keyword.builtin.VerifyTextPresentKeyword.execute(VerifyTextPresentKeyword.groovy:68)
	at com.kms.katalon.core.keyword.internal.KeywordExecutor.executeKeywordForPlatform(KeywordExecutor.groovy:74)
	at com.kms.katalon.core.webui.keyword.WebUiBuiltInKeywords.verifyTextPresent(WebUiBuiltInKeywords.groovy:1762)
	at TC-444, Verify Summary.run(TC-444, Verify Summary:56)
	at com.kms.katalon.core.main.ScriptEngine.run(ScriptEngine.java:194)
	at com.kms.katalon.core.main.ScriptEngine.runScriptAsRawText(ScriptEngine.java:119)
	at com.kms.katalon.core.main.TestCaseExecutor.runScript(TestCaseExecutor.java:448)
	at com.kms.katalon.core.main.TestCaseExecutor.doExecute(TestCaseExecutor.java:439)
	at com.kms.katalon.core.main.TestCaseExecutor.processExecutionPhase(TestCaseExecutor.java:418)
	at com.kms.katalon.core.main.TestCaseExecutor.accessMainPhase(TestCaseExecutor.java:410)
	at com.kms.katalon.core.main.TestCaseExecutor.execute(TestCaseExecutor.java:285)
	at com.kms.katalon.core.main.TestCaseExecutor.execute(TestCaseExecutor.java:369)
	at com.kms.katalon.core.main.TestCaseExecutor.execute(TestCaseExecutor.java:369)
	at com.kms.katalon.core.main.TestCaseExecutor.execute(TestCaseExecutor.java:369)
	at com.kms.katalon.core.common.CommonExecutor.accessTestCaseMainPhase(CommonExecutor.java:65)
	at com.kms.katalon.core.main.TestSuiteExecutor.accessTestSuiteMainPhase(TestSuiteExecutor.java:150)
	at com.kms.katalon.core.main.TestSuiteExecutor.execute(TestSuiteExecutor.java:106)
	at com.kms.katalon.core.main.TestCaseMain.startTestSuite(TestCaseMain.java:180)
	at TempTestSuite1730714374878.run(TempTestSuite1730714374878.groovy:35)
	at java.base/jdk.internal.reflect.NativeMethodAccessorImpl.invoke0(Native Method)
	at java.base/jdk.internal.reflect.NativeMethodAccessorImpl.invoke(NativeMethodAccessorImpl.java:77)
	at java.base/jdk.internal.reflect.DelegatingMethodAccessorImpl.invoke(DelegatingMethodAccessorImpl.java:43)
Caused by: com.kms.katalon.core.exception.StepFailedException: Text 'account' is not present on page 
	at com.kms.katalon.core.webui.keyword.internal.WebUIKeywordMain.stepFailed(WebUIKeywordMain.groovy:117)
	at com.kms.katalon.core.webui.keyword.builtin.VerifyTextPresentKeyword$_verifyTextPresent_closure1.doCall(VerifyTextPresentKeyword.groovy:79)
	at com.kms.katalon.core.webui.keyword.builtin.VerifyTextPresentKeyword$_verifyTextPresent_closure1.call(VerifyTextPresentKeyword.groovy)
	at com.kms.katalon.core.webui.keyword.internal.WebUIKeywordMain.runKeyword(WebUIKeywordMain.groovy:35)
	... 23 more


04-11-2024T15:41:46 - [TEST_STEP][PASSED] - openBrowser(""): Browser is opened with url: ''

04-11-2024T15:41:46 - [MESSAGE][WARNING] - A browser is already opened. Closing browser and opening a new one

04-11-2024T15:41:47 - [MESSAGE][INFO] - Starting 'Chrome' driver

04-11-2024T15:41:47 - [MESSAGE][INFO] - Action delay is set to 0 milliseconds

04-11-2024T15:41:48 - [MESSAGE][PASSED] - Browser is opened with url: ''

04-11-2024T15:41:48 - [TEST_STEP][PASSED] - navigateToUrl("https://threads0.myshopify.com/password"): Navigate to 'https://threads0.myshopify.com/password' successfully

04-11-2024T15:41:50 - [MESSAGE][PASSED] - Navigate to 'https://threads0.myshopify.com/password' successfully

04-11-2024T15:41:50 - [TEST_STEP][PASSED] - click(findTestObject("Object Repository/Thread_Webshop/Account/Page_Threads/div_Enter using password")): Object: 'Object Repository/Thread_Webshop/Account/Page_Threads/div_Enter using password' is clicked on

04-11-2024T15:41:51 - [MESSAGE][PASSED] - Object: 'Object Repository/Thread_Webshop/Account/Page_Threads/div_Enter using password' is clicked on

04-11-2024T15:41:51 - [TEST_STEP][PASSED] - setEncryptedText(findTestObject("Object Repository/Thread_Webshop/Account/Page_Threads/input_Enter store using password_password"), "gnzTAVlujIw+lTr0To6+Cg=="): Text ****** has been set on object 'Object Repository/Thread_Webshop/Account/Page_Threads/input_Enter store using password_password'

04-11-2024T15:41:51 - [MESSAGE][PASSED] - Text ****** has been set on object 'Object Repository/Thread_Webshop/Account/Page_Threads/input_Enter store using password_password'

04-11-2024T15:41:51 - [TEST_STEP][PASSED] - takeScreenshot("screenshots/account/login.png"): Taking screenshot successfully

04-11-2024T15:41:52 - [MESSAGE][PASSED] - Taking screenshot successfully
[[ATTACHMENT|C:\\Users\\AnusmitaKundu\\git\\threadShopify\\ThreadShopify\\Reports\\20241104_152933\\Threads\\New Test Suite\\20241104_152934\\screenshots/account/login.png]]

04-11-2024T15:41:52 - [TEST_STEP][PASSED] - click(findTestObject("Object Repository/Thread_Webshop/Account/Page_Threads/button_Enter")): Object: 'Object Repository/Thread_Webshop/Account/Page_Threads/button_Enter' is clicked on

04-11-2024T15:41:54 - [MESSAGE][PASSED] - Object: 'Object Repository/Thread_Webshop/Account/Page_Threads/button_Enter' is clicked on

04-11-2024T15:41:54 - [TEST_STEP][PASSED] - click(findTestObject("Object Repository/Thread_Webshop/Account/Page_Threads/svg_Search_icon icon-account")): Object: 'Object Repository/Thread_Webshop/Account/Page_Threads/svg_Search_icon icon-account' is clicked on

04-11-2024T15:41:55 - [MESSAGE][PASSED] - Object: 'Object Repository/Thread_Webshop/Account/Page_Threads/svg_Search_icon icon-account' is clicked on

04-11-2024T15:41:55 - [TEST_STEP][PASSED] - setText(findTestObject("Object Repository/Thread_Webshop/Account/Page_Account  Threads/input_Login_customeremail"), "alaxjoan@mailinator.com"): Text 'alaxjoan@mailinator.com' is set on object 'Object Repository/Thread_Webshop/Account/Page_Account  Threads/input_Login_customeremail'

04-11-2024T15:41:57 - [MESSAGE][PASSED] - Text 'alaxjoan@mailinator.com' is set on object 'Object Repository/Thread_Webshop/Account/Page_Account  Threads/input_Login_customeremail'

04-11-2024T15:41:57 - [TEST_STEP][PASSED] - setEncryptedText(findTestObject("Object Repository/Thread_Webshop/Account/Page_Account  Threads/input_Email_customerpassword"), "UDMlkmqWREzH+mr49N5wRw=="): Text ****** has been set on object 'Object Repository/Thread_Webshop/Account/Page_Account  Threads/input_Email_customerpassword'

04-11-2024T15:41:57 - [MESSAGE][PASSED] - Text ****** has been set on object 'Object Repository/Thread_Webshop/Account/Page_Account  Threads/input_Email_customerpassword'

04-11-2024T15:41:57 - [TEST_STEP][PASSED] - click(findTestObject("Object Repository/Thread_Webshop/Account/Page_Account  Threads/button_Sign in")): Object: 'Object Repository/Thread_Webshop/Account/Page_Account  Threads/button_Sign in' is clicked on

04-11-2024T15:42:00 - [MESSAGE][PASSED] - Object: 'Object Repository/Thread_Webshop/Account/Page_Account  Threads/button_Sign in' is clicked on

04-11-2024T15:42:00 - [TEST_STEP][PASSED] - takeScreenshot("screenshots/account/account.png"): Taking screenshot successfully

04-11-2024T15:42:01 - [MESSAGE][PASSED] - Taking screenshot successfully
[[ATTACHMENT|C:\\Users\\AnusmitaKundu\\git\\threadShopify\\ThreadShopify\\Reports\\20241104_152933\\Threads\\New Test Suite\\20241104_152934\\screenshots/account/account.png]]

04-11-2024T15:42:01 - [TEST_STEP][FAILED] - verifyTextPresent("account", false): Unable to verify text 'account' is present  (Root cause: com.kms.katalon.core.exception.StepFailedException: Unable to verify text 'account' is present 
	at com.kms.katalon.core.webui.keyword.internal.WebUIKeywordMain.stepFailed(WebUIKeywordMain.groovy:117)
	at com.kms.katalon.core.webui.keyword.internal.WebUIKeywordMain.runKeyword(WebUIKeywordMain.groovy:43)
	at com.kms.katalon.core.webui.keyword.builtin.VerifyTextPresentKeyword.verifyTextPresent(VerifyTextPresentKeyword.groovy:83)
	at com.kms.katalon.core.webui.keyword.builtin.VerifyTextPresentKeyword.execute(VerifyTextPresentKeyword.groovy:68)
	at com.kms.katalon.core.keyword.internal.KeywordExecutor.executeKeywordForPlatform(KeywordExecutor.groovy:74)
	at com.kms.katalon.core.webui.keyword.WebUiBuiltInKeywords.verifyTextPresent(WebUiBuiltInKeywords.groovy:1762)
	at TC-444, Verify Summary.run(TC-444, Verify Summary:56)
	at com.kms.katalon.core.main.ScriptEngine.run(ScriptEngine.java:194)
	at com.kms.katalon.core.main.ScriptEngine.runScriptAsRawText(ScriptEngine.java:119)
	at com.kms.katalon.core.main.TestCaseExecutor.runScript(TestCaseExecutor.java:448)
	at com.kms.katalon.core.main.TestCaseExecutor.doExecute(TestCaseExecutor.java:439)
	at com.kms.katalon.core.main.TestCaseExecutor.processExecutionPhase(TestCaseExecutor.java:418)
	at com.kms.katalon.core.main.TestCaseExecutor.accessMainPhase(TestCaseExecutor.java:410)
	at com.kms.katalon.core.main.TestCaseExecutor.execute(TestCaseExecutor.java:285)
	at com.kms.katalon.core.main.TestCaseExecutor.execute(TestCaseExecutor.java:369)
	at com.kms.katalon.core.main.TestCaseExecutor.execute(TestCaseExecutor.java:369)
	at com.kms.katalon.core.main.TestCaseExecutor.execute(TestCaseExecutor.java:369)
	at com.kms.katalon.core.common.CommonExecutor.accessTestCaseMainPhase(CommonExecutor.java:65)
	at com.kms.katalon.core.main.TestSuiteExecutor.accessTestSuiteMainPhase(TestSuiteExecutor.java:150)
	at com.kms.katalon.core.main.TestSuiteExecutor.execute(TestSuiteExecutor.java:106)
	at com.kms.katalon.core.main.TestCaseMain.startTestSuite(TestCaseMain.java:180)
	at TempTestSuite1730714374878.run(TempTestSuite1730714374878.groovy:35)
	at java.base/jdk.internal.reflect.NativeMethodAccessorImpl.invoke0(Native Method)
	at java.base/jdk.internal.reflect.NativeMethodAccessorImpl.invoke(NativeMethodAccessorImpl.java:77)
	at java.base/jdk.internal.reflect.DelegatingMethodAccessorImpl.invoke(DelegatingMethodAccessorImpl.java:43)
Caused by: com.kms.katalon.core.exception.StepFailedException: Text 'account' is not present on page 
	at com.kms.katalon.core.webui.keyword.internal.WebUIKeywordMain.stepFailed(WebUIKeywordMain.groovy:117)
	at com.kms.katalon.core.webui.keyword.builtin.VerifyTextPresentKeyword$_verifyTextPresent_closure1.doCall(VerifyTextPresentKeyword.groovy:79)
	at com.kms.katalon.core.webui.keyword.builtin.VerifyTextPresentKeyword$_verifyTextPresent_closure1.call(VerifyTextPresentKeyword.groovy)
	at com.kms.katalon.core.webui.keyword.internal.WebUIKeywordMain.runKeyword(WebUIKeywordMain.groovy:35)
	... 23 more
)

04-11-2024T15:42:02 - [MESSAGE][FAILED] - Text 'account' is not present on page  (Root cause: com.kms.katalon.core.exception.StepFailedException: Text 'account' is not present on page 
	at com.kms.katalon.core.webui.keyword.internal.WebUIKeywordMain.stepFailed(WebUIKeywordMain.groovy:117)
	at com.kms.katalon.core.webui.keyword.builtin.VerifyTextPresentKeyword$_verifyTextPresent_closure1.doCall(VerifyTextPresentKeyword.groovy:79)
	at com.kms.katalon.core.webui.keyword.builtin.VerifyTextPresentKeyword$_verifyTextPresent_closure1.call(VerifyTextPresentKeyword.groovy)
	at com.kms.katalon.core.webui.keyword.internal.WebUIKeywordMain.runKeyword(WebUIKeywordMain.groovy:35)
	at com.kms.katalon.core.webui.keyword.builtin.VerifyTextPresentKeyword.verifyTextPresent(VerifyTextPresentKeyword.groovy:83)
	at com.kms.katalon.core.webui.keyword.builtin.VerifyTextPresentKeyword.execute(VerifyTextPresentKeyword.groovy:68)
	at com.kms.katalon.core.keyword.internal.KeywordExecutor.executeKeywordForPlatform(KeywordExecutor.groovy:74)
	at com.kms.katalon.core.webui.keyword.WebUiBuiltInKeywords.verifyTextPresent(WebUiBuiltInKeywords.groovy:1762)
	at TC-444, Verify Summary.run(TC-444, Verify Summary:56)
	at com.kms.katalon.core.main.ScriptEngine.run(ScriptEngine.java:194)
	at com.kms.katalon.core.main.ScriptEngine.runScriptAsRawText(ScriptEngine.java:119)
	at com.kms.katalon.core.main.TestCaseExecutor.runScript(TestCaseExecutor.java:448)
	at com.kms.katalon.core.main.TestCaseExecutor.doExecute(TestCaseExecutor.java:439)
	at com.kms.katalon.core.main.TestCaseExecutor.processExecutionPhase(TestCaseExecutor.java:418)
	at com.kms.katalon.core.main.TestCaseExecutor.accessMainPhase(TestCaseExecutor.java:410)
	at com.kms.katalon.core.main.TestCaseExecutor.execute(TestCaseExecutor.java:285)
	at com.kms.katalon.core.main.TestCaseExecutor.execute(TestCaseExecutor.java:369)
	at com.kms.katalon.core.main.TestCaseExecutor.execute(TestCaseExecutor.java:369)
	at com.kms.katalon.core.main.TestCaseExecutor.execute(TestCaseExecutor.java:369)
	at com.kms.katalon.core.common.CommonExecutor.accessTestCaseMainPhase(CommonExecutor.java:65)
	at com.kms.katalon.core.main.TestSuiteExecutor.accessTestSuiteMainPhase(TestSuiteExecutor.java:150)
	at com.kms.katalon.core.main.TestSuiteExecutor.execute(TestSuiteExecutor.java:106)
	at com.kms.katalon.core.main.TestCaseMain.startTestSuite(TestCaseMain.java:180)
	at TempTestSuite1730714374878.run(TempTestSuite1730714374878.groovy:35)
	at java.base/jdk.internal.reflect.NativeMethodAccessorImpl.invoke0(Native Method)
	at java.base/jdk.internal.reflect.NativeMethodAccessorImpl.invoke(NativeMethodAccessorImpl.java:77)
	at java.base/jdk.internal.reflect.DelegatingMethodAccessorImpl.invoke(DelegatingMethodAccessorImpl.java:43)
)

04-11-2024T15:42:02 - [MESSAGE][FAILED] - Unable to verify text 'account' is present  (Root cause: com.kms.katalon.core.exception.StepFailedException: Unable to verify text 'account' is present 
	at com.kms.katalon.core.webui.keyword.internal.WebUIKeywordMain.stepFailed(WebUIKeywordMain.groovy:117)
	at com.kms.katalon.core.webui.keyword.internal.WebUIKeywordMain.runKeyword(WebUIKeywordMain.groovy:43)
	at com.kms.katalon.core.webui.keyword.builtin.VerifyTextPresentKeyword.verifyTextPresent(VerifyTextPresentKeyword.groovy:83)
	at com.kms.katalon.core.webui.keyword.builtin.VerifyTextPresentKeyword.execute(VerifyTextPresentKeyword.groovy:68)
	at com.kms.katalon.core.keyword.internal.KeywordExecutor.executeKeywordForPlatform(KeywordExecutor.groovy:74)
	at com.kms.katalon.core.webui.keyword.WebUiBuiltInKeywords.verifyTextPresent(WebUiBuiltInKeywords.groovy:1762)
	at TC-444, Verify Summary.run(TC-444, Verify Summary:56)
	at com.kms.katalon.core.main.ScriptEngine.run(ScriptEngine.java:194)
	at com.kms.katalon.core.main.ScriptEngine.runScriptAsRawText(ScriptEngine.java:119)
	at com.kms.katalon.core.main.TestCaseExecutor.runScript(TestCaseExecutor.java:448)
	at com.kms.katalon.core.main.TestCaseExecutor.doExecute(TestCaseExecutor.java:439)
	at com.kms.katalon.core.main.TestCaseExecutor.processExecutionPhase(TestCaseExecutor.java:418)
	at com.kms.katalon.core.main.TestCaseExecutor.accessMainPhase(TestCaseExecutor.java:410)
	at com.kms.katalon.core.main.TestCaseExecutor.execute(TestCaseExecutor.java:285)
	at com.kms.katalon.core.main.TestCaseExecutor.execute(TestCaseExecutor.java:369)
	at com.kms.katalon.core.main.TestCaseExecutor.execute(TestCaseExecutor.java:369)
	at com.kms.katalon.core.main.TestCaseExecutor.execute(TestCaseExecutor.java:369)
	at com.kms.katalon.core.common.CommonExecutor.accessTestCaseMainPhase(CommonExecutor.java:65)
	at com.kms.katalon.core.main.TestSuiteExecutor.accessTestSuiteMainPhase(TestSuiteExecutor.java:150)
	at com.kms.katalon.core.main.TestSuiteExecutor.execute(TestSuiteExecutor.java:106)
	at com.kms.katalon.core.main.TestCaseMain.startTestSuite(TestCaseMain.java:180)
	at TempTestSuite1730714374878.run(TempTestSuite1730714374878.groovy:35)
	at java.base/jdk.internal.reflect.NativeMethodAccessorImpl.invoke0(Native Method)
	at java.base/jdk.internal.reflect.NativeMethodAccessorImpl.invoke(NativeMethodAccessorImpl.java:77)
	at java.base/jdk.internal.reflect.DelegatingMethodAccessorImpl.invoke(DelegatingMethodAccessorImpl.java:43)
Caused by: com.kms.katalon.core.exception.StepFailedException: Text 'account' is not present on page 
	at com.kms.katalon.core.webui.keyword.internal.WebUIKeywordMain.stepFailed(WebUIKeywordMain.groovy:117)
	at com.kms.katalon.core.webui.keyword.builtin.VerifyTextPresentKeyword$_verifyTextPresent_closure1.doCall(VerifyTextPresentKeyword.groovy:79)
	at com.kms.katalon.core.webui.keyword.builtin.VerifyTextPresentKeyword$_verifyTextPresent_closure1.call(VerifyTextPresentKeyword.groovy)
	at com.kms.katalon.core.webui.keyword.internal.WebUIKeywordMain.runKeyword(WebUIKeywordMain.groovy:35)
	... 23 more
)]]></system-out>
         <system-err><![CDATA[04-11-2024T15:41:46 - [TEST_CASE][FAILED] - Test Cases/Threads_Webshop/8 Order Details/TC-444, Verify Summary: Test Cases/Threads_Webshop/8 Order Details/TC-444, Verify Summary FAILED.
Reason:
com.kms.katalon.core.exception.StepFailedException: Unable to verify text 'account' is present 
	at com.kms.katalon.core.webui.keyword.internal.WebUIKeywordMain.stepFailed(WebUIKeywordMain.groovy:117)
	at com.kms.katalon.core.webui.keyword.internal.WebUIKeywordMain.runKeyword(WebUIKeywordMain.groovy:43)
	at com.kms.katalon.core.webui.keyword.builtin.VerifyTextPresentKeyword.verifyTextPresent(VerifyTextPresentKeyword.groovy:83)
	at com.kms.katalon.core.webui.keyword.builtin.VerifyTextPresentKeyword.execute(VerifyTextPresentKeyword.groovy:68)
	at com.kms.katalon.core.keyword.internal.KeywordExecutor.executeKeywordForPlatform(KeywordExecutor.groovy:74)
	at com.kms.katalon.core.webui.keyword.WebUiBuiltInKeywords.verifyTextPresent(WebUiBuiltInKeywords.groovy:1762)
	at TC-444, Verify Summary.run(TC-444, Verify Summary:56)
	at com.kms.katalon.core.main.ScriptEngine.run(ScriptEngine.java:194)
	at com.kms.katalon.core.main.ScriptEngine.runScriptAsRawText(ScriptEngine.java:119)
	at com.kms.katalon.core.main.TestCaseExecutor.runScript(TestCaseExecutor.java:448)
	at com.kms.katalon.core.main.TestCaseExecutor.doExecute(TestCaseExecutor.java:439)
	at com.kms.katalon.core.main.TestCaseExecutor.processExecutionPhase(TestCaseExecutor.java:418)
	at com.kms.katalon.core.main.TestCaseExecutor.accessMainPhase(TestCaseExecutor.java:410)
	at com.kms.katalon.core.main.TestCaseExecutor.execute(TestCaseExecutor.java:285)
	at com.kms.katalon.core.main.TestCaseExecutor.execute(TestCaseExecutor.java:369)
	at com.kms.katalon.core.main.TestCaseExecutor.execute(TestCaseExecutor.java:369)
	at com.kms.katalon.core.main.TestCaseExecutor.execute(TestCaseExecutor.java:369)
	at com.kms.katalon.core.common.CommonExecutor.accessTestCaseMainPhase(CommonExecutor.java:65)
	at com.kms.katalon.core.main.TestSuiteExecutor.accessTestSuiteMainPhase(TestSuiteExecutor.java:150)
	at com.kms.katalon.core.main.TestSuiteExecutor.execute(TestSuiteExecutor.java:106)
	at com.kms.katalon.core.main.TestCaseMain.startTestSuite(TestCaseMain.java:180)
	at TempTestSuite1730714374878.run(TempTestSuite1730714374878.groovy:35)
	at java.base/jdk.internal.reflect.NativeMethodAccessorImpl.invoke0(Native Method)
	at java.base/jdk.internal.reflect.NativeMethodAccessorImpl.invoke(NativeMethodAccessorImpl.java:77)
	at java.base/jdk.internal.reflect.DelegatingMethodAccessorImpl.invoke(DelegatingMethodAccessorImpl.java:43)
Caused by: com.kms.katalon.core.exception.StepFailedException: Text 'account' is not present on page 
	at com.kms.katalon.core.webui.keyword.internal.WebUIKeywordMain.stepFailed(WebUIKeywordMain.groovy:117)
	at com.kms.katalon.core.webui.keyword.builtin.VerifyTextPresentKeyword$_verifyTextPresent_closure1.doCall(VerifyTextPresentKeyword.groovy:79)
	at com.kms.katalon.core.webui.keyword.builtin.VerifyTextPresentKeyword$_verifyTextPresent_closure1.call(VerifyTextPresentKeyword.groovy)
	at com.kms.katalon.core.webui.keyword.internal.WebUIKeywordMain.runKeyword(WebUIKeywordMain.groovy:35)
	... 23 more]]></system-err>
      </testcase>
      <testcase name="Test Cases/Threads_Webshop/8 Order Details/TC-575, Verify Reorder" time="31.141" classname="Test Cases/Threads_Webshop/8 Order Details/TC-575, Verify Reorder" status="PASSED">
         <system-out><![CDATA[04-11-2024T15:42:02 - [TEST_CASE][PASSED] - Test Cases/Threads_Webshop/8 Order Details/TC-575, Verify Reorder: Test Cases/Threads_Webshop/8 Order Details/TC-575, Verify Reorder

04-11-2024T15:42:02 - [TEST_STEP][PASSED] - openBrowser(""): Browser is opened with url: ''

04-11-2024T15:42:02 - [MESSAGE][WARNING] - A browser is already opened. Closing browser and opening a new one

04-11-2024T15:42:02 - [MESSAGE][INFO] - Starting 'Chrome' driver

04-11-2024T15:42:02 - [MESSAGE][INFO] - Action delay is set to 0 milliseconds

04-11-2024T15:42:03 - [MESSAGE][PASSED] - Browser is opened with url: ''

04-11-2024T15:42:03 - [TEST_STEP][PASSED] - navigateToUrl("https://threads0.myshopify.com/password"): Navigate to 'https://threads0.myshopify.com/password' successfully

04-11-2024T15:42:05 - [MESSAGE][PASSED] - Navigate to 'https://threads0.myshopify.com/password' successfully

04-11-2024T15:42:05 - [TEST_STEP][PASSED] - click(findTestObject("Object Repository/Thread_Webshop/Account/Reorder/Page_Threads/div_Enter using password")): Object: 'Object Repository/Thread_Webshop/Account/Reorder/Page_Threads/div_Enter using password' is clicked on

04-11-2024T15:42:06 - [MESSAGE][PASSED] - Object: 'Object Repository/Thread_Webshop/Account/Reorder/Page_Threads/div_Enter using password' is clicked on

04-11-2024T15:42:06 - [TEST_STEP][PASSED] - setEncryptedText(findTestObject("Object Repository/Thread_Webshop/Account/Reorder/Page_Threads/input_Enter store using password_password"), "gnzTAVlujIw+lTr0To6+Cg=="): Text ****** has been set on object 'Object Repository/Thread_Webshop/Account/Reorder/Page_Threads/input_Enter store using password_password'

04-11-2024T15:42:07 - [MESSAGE][PASSED] - Text ****** has been set on object 'Object Repository/Thread_Webshop/Account/Reorder/Page_Threads/input_Enter store using password_password'

04-11-2024T15:42:07 - [TEST_STEP][PASSED] - click(findTestObject("Object Repository/Thread_Webshop/Account/Reorder/Page_Threads/button_Enter")): Object: 'Object Repository/Thread_Webshop/Account/Reorder/Page_Threads/button_Enter' is clicked on

04-11-2024T15:42:09 - [MESSAGE][PASSED] - Object: 'Object Repository/Thread_Webshop/Account/Reorder/Page_Threads/button_Enter' is clicked on

04-11-2024T15:42:09 - [TEST_STEP][PASSED] - click(findTestObject("Object Repository/Thread_Webshop/Account/Reorder/Page_Threads/svg_Search_icon icon-account")): Object: 'Object Repository/Thread_Webshop/Account/Reorder/Page_Threads/svg_Search_icon icon-account' is clicked on

04-11-2024T15:42:10 - [MESSAGE][PASSED] - Object: 'Object Repository/Thread_Webshop/Account/Reorder/Page_Threads/svg_Search_icon icon-account' is clicked on

04-11-2024T15:42:10 - [TEST_STEP][PASSED] - setText(findTestObject("Object Repository/Thread_Webshop/Account/Reorder/Page_Account  Threads/input_Login_customeremail"), "cenaalice1234@mailinator.com"): Text 'cenaalice1234@mailinator.com' is set on object 'Object Repository/Thread_Webshop/Account/Reorder/Page_Account  Threads/input_Login_customeremail'

04-11-2024T15:42:12 - [MESSAGE][PASSED] - Text 'cenaalice1234@mailinator.com' is set on object 'Object Repository/Thread_Webshop/Account/Reorder/Page_Account  Threads/input_Login_customeremail'

04-11-2024T15:42:12 - [TEST_STEP][PASSED] - setEncryptedText(findTestObject("Object Repository/Thread_Webshop/Account/Reorder/Page_Account  Threads/input_Email_customerpassword"), "UDMlkmqWREzH+mr49N5wRw=="): Text ****** has been set on object 'Object Repository/Thread_Webshop/Account/Reorder/Page_Account  Threads/input_Email_customerpassword'

04-11-2024T15:42:12 - [MESSAGE][PASSED] - Text ****** has been set on object 'Object Repository/Thread_Webshop/Account/Reorder/Page_Account  Threads/input_Email_customerpassword'

04-11-2024T15:42:12 - [TEST_STEP][PASSED] - click(findTestObject("Object Repository/Thread_Webshop/Account/Reorder/Page_Account  Threads/button_Sign in")): Object: 'Object Repository/Thread_Webshop/Account/Reorder/Page_Account  Threads/button_Sign in' is clicked on

04-11-2024T15:42:15 - [MESSAGE][PASSED] - Object: 'Object Repository/Thread_Webshop/Account/Reorder/Page_Account  Threads/button_Sign in' is clicked on

04-11-2024T15:42:15 - [TEST_STEP][PASSED] - click(findTestObject("Object Repository/Thread_Webshop/Account/Reorder/Page_Account  Threads/button_Reorder")): Object: 'Object Repository/Thread_Webshop/Account/Reorder/Page_Account  Threads/button_Reorder' is clicked on

04-11-2024T15:42:30 - [MESSAGE][PASSED] - Object: 'Object Repository/Thread_Webshop/Account/Reorder/Page_Account  Threads/button_Reorder' is clicked on

04-11-2024T15:42:30 - [TEST_STEP][PASSED] - verifyTextPresent("Payment", false): Text 'Payment' is present on page 

04-11-2024T15:42:32 - [MESSAGE][PASSED] - Text 'Payment' is present on page 

04-11-2024T15:42:32 - [TEST_STEP][PASSED] - closeBrowser(): Browser is closed

04-11-2024T15:42:33 - [MESSAGE][PASSED] - Browser is closed]]></system-out>
         <system-err><![CDATA[]]></system-err>
      </testcase>
      <testcase name="Test Cases/Threads_Webshop/9 Wishlist/TC-588 TC-65 TC-605 Add item to Wishlist" time="22.487" classname="Test Cases/Threads_Webshop/9 Wishlist/TC-588 TC-65 TC-605 Add item to Wishlist" status="PASSED">
         <system-out><![CDATA[04-11-2024T15:42:33 - [TEST_CASE][PASSED] - Test Cases/Threads_Webshop/9 Wishlist/TC-588 TC-65 TC-605 Add item to Wishlist: Test Cases/Threads_Webshop/9 Wishlist/TC-588 TC-65 TC-605 Add item to Wishlist

04-11-2024T15:42:33 - [TEST_STEP][PASSED] - timestamp = now().format(DateTimeFormatter.ofPattern("yyyyMMdd_HHmmss")): null

04-11-2024T15:42:33 - [TEST_STEP][PASSED] - screenshotFolder = "screenshots/wishlist_" + timestamp + "/": null

04-11-2024T15:42:33 - [TEST_STEP][PASSED] - callTestCase(findTestCase("Threads_Webshop/ReUsable Testcases/Enter Password"), [:], STOP_ON_FAILURE): Call Test Case 'Test Cases/Threads_Webshop/ReUsable Testcases/Enter Password' successfully

04-11-2024T15:42:33 - [TEST_CASE][PASSED] - Test Cases/Threads_Webshop/ReUsable Testcases/Enter Password: Test Cases/Threads_Webshop/ReUsable Testcases/Enter Password

04-11-2024T15:42:33 - [TEST_STEP][PASSED] - openBrowser(""): Browser is opened with url: ''

04-11-2024T15:42:33 - [MESSAGE][INFO] - Starting 'Chrome' driver

04-11-2024T15:42:33 - [MESSAGE][INFO] - Action delay is set to 0 milliseconds

04-11-2024T15:42:34 - [MESSAGE][PASSED] - Browser is opened with url: ''

04-11-2024T15:42:34 - [TEST_STEP][PASSED] - maximizeWindow(): Current window maximized

04-11-2024T15:42:34 - [MESSAGE][PASSED] - Current window maximized

04-11-2024T15:42:34 - [TEST_STEP][PASSED] - navigateToUrl("https://threads0.myshopify.com/password"): Navigate to 'https://threads0.myshopify.com/password' successfully

04-11-2024T15:42:35 - [MESSAGE][PASSED] - Navigate to 'https://threads0.myshopify.com/password' successfully

04-11-2024T15:42:35 - [TEST_STEP][PASSED] - click(findTestObject("Object Repository/Thread_Webshop/Reusable Testcase/Page_Threads/div_Enter using password")): Object: 'Object Repository/Thread_Webshop/Reusable Testcase/Page_Threads/div_Enter using password' is clicked on

04-11-2024T15:42:37 - [MESSAGE][PASSED] - Object: 'Object Repository/Thread_Webshop/Reusable Testcase/Page_Threads/div_Enter using password' is clicked on

04-11-2024T15:42:37 - [TEST_STEP][PASSED] - setEncryptedText(findTestObject("Object Repository/Thread_Webshop/Reusable Testcase/Page_Threads/input_Enter store using password_password"), "gnzTAVlujIw+lTr0To6+Cg=="): Text ****** has been set on object 'Object Repository/Thread_Webshop/Reusable Testcase/Page_Threads/input_Enter store using password_password'

04-11-2024T15:42:38 - [MESSAGE][PASSED] - Text ****** has been set on object 'Object Repository/Thread_Webshop/Reusable Testcase/Page_Threads/input_Enter store using password_password'

04-11-2024T15:42:38 - [TEST_STEP][PASSED] - click(findTestObject("Object Repository/Thread_Webshop/Reusable Testcase/Page_Threads/button_Enter")): Object: 'Object Repository/Thread_Webshop/Reusable Testcase/Page_Threads/button_Enter' is clicked on

04-11-2024T15:42:40 - [MESSAGE][PASSED] - Object: 'Object Repository/Thread_Webshop/Reusable Testcase/Page_Threads/button_Enter' is clicked on

04-11-2024T15:42:40 - [MESSAGE][PASSED] - Call Test Case 'Test Cases/Threads_Webshop/ReUsable Testcases/Enter Password' successfully

04-11-2024T15:42:40 - [TEST_STEP][PASSED] - takeScreenshot(screenshotFolder + "home.png"): Taking screenshot successfully

04-11-2024T15:42:41 - [MESSAGE][PASSED] - Taking screenshot successfully
[[ATTACHMENT|C:\\Users\\AnusmitaKundu\\git\\threadShopify\\ThreadShopify\\Reports\\20241104_152933\\Threads\\New Test Suite\\20241104_152934\\screenshots/wishlist_20241104_154233/home.png]]

04-11-2024T15:42:41 - [TEST_STEP][PASSED] - click(findTestObject("Object Repository/Wishlist_An/Page_Threads/span_Catalog")): Object: 'Object Repository/Wishlist_An/Page_Threads/span_Catalog' is clicked on

04-11-2024T15:42:42 - [MESSAGE][PASSED] - Object: 'Object Repository/Wishlist_An/Page_Threads/span_Catalog' is clicked on

04-11-2024T15:42:42 - [TEST_STEP][PASSED] - takeScreenshot(screenshotFolder + "catalog.png"): Taking screenshot successfully

04-11-2024T15:42:43 - [MESSAGE][PASSED] - Taking screenshot successfully
[[ATTACHMENT|C:\\Users\\AnusmitaKundu\\git\\threadShopify\\ThreadShopify\\Reports\\20241104_152933\\Threads\\New Test Suite\\20241104_152934\\screenshots/wishlist_20241104_154233/catalog.png]]

04-11-2024T15:42:43 - [TEST_STEP][PASSED] - click(findTestObject("Object Repository/Wishlist_An/Page_Products  Threads/a_ADIDAS  CLASSIC BACKPACK")): Object: 'Object Repository/Wishlist_An/Page_Products  Threads/a_ADIDAS  CLASSIC BACKPACK' is clicked on

04-11-2024T15:42:44 - [MESSAGE][PASSED] - Object: 'Object Repository/Wishlist_An/Page_Products  Threads/a_ADIDAS  CLASSIC BACKPACK' is clicked on

04-11-2024T15:42:44 - [TEST_STEP][PASSED] - takeScreenshot(screenshotFolder + "item1.png"): Taking screenshot successfully

04-11-2024T15:42:45 - [MESSAGE][PASSED] - Taking screenshot successfully
[[ATTACHMENT|C:\\Users\\AnusmitaKundu\\git\\threadShopify\\ThreadShopify\\Reports\\20241104_152933\\Threads\\New Test Suite\\20241104_152934\\screenshots/wishlist_20241104_154233/item1.png]]

04-11-2024T15:42:45 - [TEST_STEP][PASSED] - prodname = getText(findTestObject("Object Repository/Wishlist_An/Page_ADIDAS  CLASSIC BACKPACK  Threads/h1_ADIDAS  CLASSIC BACKPACK")): Text of object 'Object Repository/Wishlist_An/Page_ADIDAS  CLASSIC BACKPACK  Threads/h1_ADIDAS  CLASSIC BACKPACK' is: 'ADIDAS | CLASSIC BACKPACK'

04-11-2024T15:42:46 - [MESSAGE][PASSED] - Text of object 'Object Repository/Wishlist_An/Page_ADIDAS  CLASSIC BACKPACK  Threads/h1_ADIDAS  CLASSIC BACKPACK' is: 'ADIDAS | CLASSIC BACKPACK'

04-11-2024T15:42:46 - [TEST_STEP][PASSED] - price = getText(findTestObject("Object Repository/Wishlist_An/Page_ADIDAS  CLASSIC BACKPACK  Threads/span_Rs. 56.00")): Text of object 'Object Repository/Wishlist_An/Page_ADIDAS  CLASSIC BACKPACK  Threads/span_Rs. 56.00' is: 'Rs. 56.00'

04-11-2024T15:42:46 - [MESSAGE][PASSED] - Text of object 'Object Repository/Wishlist_An/Page_ADIDAS  CLASSIC BACKPACK  Threads/span_Rs. 56.00' is: 'Rs. 56.00'

04-11-2024T15:42:46 - [TEST_STEP][PASSED] - click(findTestObject("Object Repository/Wishlist_An/Page_ADIDAS  CLASSIC BACKPACK  Threads/button_Add To Wishlist")): Object: 'Object Repository/Wishlist_An/Page_ADIDAS  CLASSIC BACKPACK  Threads/button_Add To Wishlist' is clicked on

04-11-2024T15:42:47 - [MESSAGE][PASSED] - Object: 'Object Repository/Wishlist_An/Page_ADIDAS  CLASSIC BACKPACK  Threads/button_Add To Wishlist' is clicked on

04-11-2024T15:42:47 - [TEST_STEP][PASSED] - takeScreenshot(screenshotFolder + "wishlist.png"): Taking screenshot successfully

04-11-2024T15:42:48 - [MESSAGE][PASSED] - Taking screenshot successfully
[[ATTACHMENT|C:\\Users\\AnusmitaKundu\\git\\threadShopify\\ThreadShopify\\Reports\\20241104_152933\\Threads\\New Test Suite\\20241104_152934\\screenshots/wishlist_20241104_154233/wishlist.png]]

04-11-2024T15:42:48 - [TEST_STEP][PASSED] - click(findTestObject("Object Repository/Wishlist_An/Page_ADIDAS  CLASSIC BACKPACK  Threads/div_ADIDAS  CLASSIC BACKPACK - OS  black ha_7c7ea2")): Object: 'Object Repository/Wishlist_An/Page_ADIDAS  CLASSIC BACKPACK  Threads/div_ADIDAS  CLASSIC BACKPACK - OS  black ha_7c7ea2' is clicked on

04-11-2024T15:42:52 - [MESSAGE][PASSED] - Object: 'Object Repository/Wishlist_An/Page_ADIDAS  CLASSIC BACKPACK  Threads/div_ADIDAS  CLASSIC BACKPACK - OS  black ha_7c7ea2' is clicked on

04-11-2024T15:42:52 - [TEST_STEP][PASSED] - verifyTextPresent("My Wishlist", false): Text 'My Wishlist' is present on page 

04-11-2024T15:42:53 - [MESSAGE][PASSED] - Text 'My Wishlist' is present on page 

04-11-2024T15:42:53 - [TEST_STEP][PASSED] - click(findTestObject("Object Repository/Wishlist_An/Page_Wishlist  Threads/h2_ADIDAS  CLASSIC BACKPACK")): Object: 'Object Repository/Wishlist_An/Page_Wishlist  Threads/h2_ADIDAS  CLASSIC BACKPACK' is clicked on

04-11-2024T15:42:53 - [MESSAGE][PASSED] - Object: 'Object Repository/Wishlist_An/Page_Wishlist  Threads/h2_ADIDAS  CLASSIC BACKPACK' is clicked on

04-11-2024T15:42:53 - [TEST_STEP][PASSED] - takeScreenshot(screenshotFolder + "checkout.png"): Taking screenshot successfully

04-11-2024T15:42:54 - [MESSAGE][PASSED] - Taking screenshot successfully
[[ATTACHMENT|C:\\Users\\AnusmitaKundu\\git\\threadShopify\\ThreadShopify\\Reports\\20241104_152933\\Threads\\New Test Suite\\20241104_152934\\screenshots/wishlist_20241104_154233/checkout.png]]

04-11-2024T15:42:54 - [TEST_STEP][PASSED] - verifyTextPresent(prodname, false): Text 'ADIDAS | CLASSIC BACKPACK' is present on page 

04-11-2024T15:42:54 - [MESSAGE][PASSED] - Text 'ADIDAS | CLASSIC BACKPACK' is present on page 

04-11-2024T15:42:54 - [TEST_STEP][PASSED] - verifyTextPresent(price, false): Text 'Rs. 56.00' is present on page 

04-11-2024T15:42:55 - [MESSAGE][PASSED] - Text 'Rs. 56.00' is present on page 

04-11-2024T15:42:55 - [TEST_STEP][PASSED] - closeBrowser(): Browser is closed

04-11-2024T15:42:55 - [MESSAGE][PASSED] - Browser is closed]]></system-out>
         <system-err><![CDATA[]]></system-err>
      </testcase>
      <testcase name="Test Cases/Threads_Webshop/9 Wishlist/TC-593-Verify Wishlist to Cart" time="54.98" classname="Test Cases/Threads_Webshop/9 Wishlist/TC-593-Verify Wishlist to Cart" status="PASSED">
         <system-out><![CDATA[04-11-2024T15:42:55 - [TEST_CASE][PASSED] - Test Cases/Threads_Webshop/9 Wishlist/TC-593-Verify Wishlist to Cart: Test Cases/Threads_Webshop/9 Wishlist/TC-593-Verify Wishlist to Cart

04-11-2024T15:42:55 - [TEST_STEP][PASSED] - timestamp = now().format(DateTimeFormatter.ofPattern("yyyyMMdd_HHmmss")): null

04-11-2024T15:42:55 - [TEST_STEP][PASSED] - screenshotFolder = "screenshots/wishlist_" + timestamp + "/": null

04-11-2024T15:42:55 - [TEST_STEP][PASSED] - callTestCase(findTestCase("Threads_Webshop/ReUsable Testcases/Enter Password"), [:], STOP_ON_FAILURE): Call Test Case 'Test Cases/Threads_Webshop/ReUsable Testcases/Enter Password' successfully

04-11-2024T15:42:55 - [TEST_CASE][PASSED] - Test Cases/Threads_Webshop/ReUsable Testcases/Enter Password: Test Cases/Threads_Webshop/ReUsable Testcases/Enter Password

04-11-2024T15:42:55 - [TEST_STEP][PASSED] - openBrowser(""): Browser is opened with url: ''

04-11-2024T15:42:55 - [MESSAGE][INFO] - Starting 'Chrome' driver

04-11-2024T15:42:55 - [MESSAGE][INFO] - Action delay is set to 0 milliseconds

04-11-2024T15:42:56 - [MESSAGE][PASSED] - Browser is opened with url: ''

04-11-2024T15:42:56 - [TEST_STEP][PASSED] - maximizeWindow(): Current window maximized

04-11-2024T15:42:56 - [MESSAGE][PASSED] - Current window maximized

04-11-2024T15:42:56 - [TEST_STEP][PASSED] - navigateToUrl("https://threads0.myshopify.com/password"): Navigate to 'https://threads0.myshopify.com/password' successfully

04-11-2024T15:42:58 - [MESSAGE][PASSED] - Navigate to 'https://threads0.myshopify.com/password' successfully

04-11-2024T15:42:58 - [TEST_STEP][PASSED] - click(findTestObject("Object Repository/Thread_Webshop/Reusable Testcase/Page_Threads/div_Enter using password")): Object: 'Object Repository/Thread_Webshop/Reusable Testcase/Page_Threads/div_Enter using password' is clicked on

04-11-2024T15:43:00 - [MESSAGE][PASSED] - Object: 'Object Repository/Thread_Webshop/Reusable Testcase/Page_Threads/div_Enter using password' is clicked on

04-11-2024T15:43:00 - [TEST_STEP][PASSED] - setEncryptedText(findTestObject("Object Repository/Thread_Webshop/Reusable Testcase/Page_Threads/input_Enter store using password_password"), "gnzTAVlujIw+lTr0To6+Cg=="): Text ****** has been set on object 'Object Repository/Thread_Webshop/Reusable Testcase/Page_Threads/input_Enter store using password_password'

04-11-2024T15:43:01 - [MESSAGE][PASSED] - Text ****** has been set on object 'Object Repository/Thread_Webshop/Reusable Testcase/Page_Threads/input_Enter store using password_password'

04-11-2024T15:43:01 - [TEST_STEP][PASSED] - click(findTestObject("Object Repository/Thread_Webshop/Reusable Testcase/Page_Threads/button_Enter")): Object: 'Object Repository/Thread_Webshop/Reusable Testcase/Page_Threads/button_Enter' is clicked on

04-11-2024T15:43:02 - [MESSAGE][PASSED] - Object: 'Object Repository/Thread_Webshop/Reusable Testcase/Page_Threads/button_Enter' is clicked on

04-11-2024T15:43:02 - [MESSAGE][PASSED] - Call Test Case 'Test Cases/Threads_Webshop/ReUsable Testcases/Enter Password' successfully

04-11-2024T15:43:02 - [TEST_STEP][PASSED] - takeScreenshot(screenshotFolder + "home.png"): Taking screenshot successfully

04-11-2024T15:43:04 - [MESSAGE][PASSED] - Taking screenshot successfully
[[ATTACHMENT|C:\\Users\\AnusmitaKundu\\git\\threadShopify\\ThreadShopify\\Reports\\20241104_152933\\Threads\\New Test Suite\\20241104_152934\\screenshots/wishlist_20241104_154255/home.png]]

04-11-2024T15:43:04 - [TEST_STEP][PASSED] - click(findTestObject("Object Repository/Wishlist to cart_An/Page_Threads/span_Catalog")): Object: 'Object Repository/Wishlist to cart_An/Page_Threads/span_Catalog' is clicked on

04-11-2024T15:43:04 - [MESSAGE][PASSED] - Object: 'Object Repository/Wishlist to cart_An/Page_Threads/span_Catalog' is clicked on

04-11-2024T15:43:04 - [TEST_STEP][PASSED] - takeScreenshot(screenshotFolder + "catalog.png"): Taking screenshot successfully

04-11-2024T15:43:06 - [MESSAGE][PASSED] - Taking screenshot successfully
[[ATTACHMENT|C:\\Users\\AnusmitaKundu\\git\\threadShopify\\ThreadShopify\\Reports\\20241104_152933\\Threads\\New Test Suite\\20241104_152934\\screenshots/wishlist_20241104_154255/catalog.png]]

04-11-2024T15:43:06 - [TEST_STEP][PASSED] - click(findTestObject("Object Repository/Wishlist to cart_An/Page_Products  Threads/a_ADIDAS  CLASSIC BACKPACK")): Object: 'Object Repository/Wishlist to cart_An/Page_Products  Threads/a_ADIDAS  CLASSIC BACKPACK' is clicked on

04-11-2024T15:43:06 - [MESSAGE][PASSED] - Object: 'Object Repository/Wishlist to cart_An/Page_Products  Threads/a_ADIDAS  CLASSIC BACKPACK' is clicked on

04-11-2024T15:43:06 - [TEST_STEP][PASSED] - click(findTestObject("Object Repository/Wishlist to cart_An/Page_ADIDAS  CLASSIC BACKPACK  Threads/span_Add To Wishlist")): Object: 'Object Repository/Wishlist to cart_An/Page_ADIDAS  CLASSIC BACKPACK  Threads/span_Add To Wishlist' is clicked on

04-11-2024T15:43:08 - [MESSAGE][PASSED] - Object: 'Object Repository/Wishlist to cart_An/Page_ADIDAS  CLASSIC BACKPACK  Threads/span_Add To Wishlist' is clicked on

04-11-2024T15:43:08 - [TEST_STEP][PASSED] - takeScreenshot(screenshotFolder + "wishlist.png"): Taking screenshot successfully

04-11-2024T15:43:11 - [MESSAGE][PASSED] - Taking screenshot successfully
[[ATTACHMENT|C:\\Users\\AnusmitaKundu\\git\\threadShopify\\ThreadShopify\\Reports\\20241104_152933\\Threads\\New Test Suite\\20241104_152934\\screenshots/wishlist_20241104_154255/wishlist.png]]

04-11-2024T15:43:11 - [TEST_STEP][PASSED] - verifyTextPresent("ADDED TO WISHLIST", false): Text 'ADDED TO WISHLIST' is present on page 

04-11-2024T15:43:11 - [MESSAGE][PASSED] - Text 'ADDED TO WISHLIST' is present on page 

04-11-2024T15:43:11 - [TEST_STEP][PASSED] - click(findTestObject("Object Repository/Wishlist to cart_An/Page_ADIDAS  CLASSIC BACKPACK  Threads/svg")): Object: 'Object Repository/Wishlist to cart_An/Page_ADIDAS  CLASSIC BACKPACK  Threads/svg' is clicked on

04-11-2024T15:43:42 - [MESSAGE][INFO] - Unable to find the element located by 'By.xpath: /html/body/div[2]/sticky-header/header/div/a[2]/span[1]/svg'. Please recheck the objects properties to make sure the desired element is located. 

04-11-2024T15:43:42 - [MESSAGE][WARNING] - [SELF-HEALING] Failed to find element with id 'Object Repository/Wishlist to cart_An/Page_ADIDAS  CLASSIC BACKPACK  Threads/svg'. Try using Self-healing.

04-11-2024T15:43:42 - [MESSAGE][ERROR] - [SELF-HEALING] com.google.gson.stream.MalformedJsonException: Expected ':' at line 5 column 10 path $.brokenTestObjects[0].<<<<<<<

04-11-2024T15:43:42 - [MESSAGE][INFO] - [SELF-HEALING] Working Locator: '(.//*[normalize-space(text()) and normalize-space(.)='Log in'])[2]/following::*[name()='svg'][1]'.

04-11-2024T15:43:42 - [MESSAGE][INFO] - [SELF-HEALING] Screenshot: C:/Users/AnusmitaKundu/git/threadShopify/ThreadShopify/Reports/Self-healing/Object Repository/Wishlist to cart_An/Page_ADIDAS  CLASSIC BACKPACK  Threads/svg_neighbor.png

04-11-2024T15:43:42 - [MESSAGE][ERROR] - [SELF-HEALING] com.google.gson.stream.MalformedJsonException: Expected ':' at line 5 column 10 path $.brokenTestObjects[0].<<<<<<<

04-11-2024T15:43:42 - [MESSAGE][ERROR] - [SELF-HEALING] C:\Users\AnusmitaKundu\git\threadShopify\ThreadShopify\Reports\Self-healing\broken-test-objects-v2.json does not exist or is provided by Self-healing Plugin!

04-11-2024T15:43:42 - [MESSAGE][WARNING] - [SELF-HEALING] The current locator of test object 'Object Repository/Wishlist to cart_An/Page_ADIDAS  CLASSIC BACKPACK  Threads/svg' was broken. Propose an alternative one: '(.//*[normalize-space(text()) and normalize-space(.)='Log in'])[2]/following::*[name()='svg'][1]'.

04-11-2024T15:43:43 - [MESSAGE][PASSED] - Object: 'Object Repository/Wishlist to cart_An/Page_ADIDAS  CLASSIC BACKPACK  Threads/svg' is clicked on

04-11-2024T15:43:43 - [TEST_STEP][PASSED] - click(findTestObject("Object Repository/Wishlist to cart_An/Page_Wishlist  Threads/button_Add To Cart")): Object: 'Object Repository/Wishlist to cart_An/Page_Wishlist  Threads/button_Add To Cart' is clicked on

04-11-2024T15:43:44 - [MESSAGE][PASSED] - Object: 'Object Repository/Wishlist to cart_An/Page_Wishlist  Threads/button_Add To Cart' is clicked on

04-11-2024T15:43:44 - [TEST_STEP][PASSED] - verifyTextPresent("ADDED TO CART", false): Text 'ADDED TO CART' is present on page 

04-11-2024T15:43:46 - [MESSAGE][PASSED] - Text 'ADDED TO CART' is present on page 

04-11-2024T15:43:46 - [TEST_STEP][PASSED] - takeScreenshot(screenshotFolder + "addCart.png"): Taking screenshot successfully

04-11-2024T15:43:46 - [MESSAGE][PASSED] - Taking screenshot successfully
[[ATTACHMENT|C:\\Users\\AnusmitaKundu\\git\\threadShopify\\ThreadShopify\\Reports\\20241104_152933\\Threads\\New Test Suite\\20241104_152934\\screenshots/wishlist_20241104_154255/addCart.png]]

04-11-2024T15:43:46 - [TEST_STEP][PASSED] - click(findTestObject("Object Repository/Wishlist to cart_An/Page_Wishlist  Threads/div_22 items")): Object: 'Object Repository/Wishlist to cart_An/Page_Wishlist  Threads/div_22 items' is clicked on

04-11-2024T15:43:47 - [MESSAGE][PASSED] - Object: 'Object Repository/Wishlist to cart_An/Page_Wishlist  Threads/div_22 items' is clicked on

04-11-2024T15:43:47 - [TEST_STEP][PASSED] - verifyTextPresent("Your cart", false): Text 'Your cart' is present on page 

04-11-2024T15:43:48 - [MESSAGE][PASSED] - Text 'Your cart' is present on page 

04-11-2024T15:43:48 - [TEST_STEP][PASSED] - takeScreenshot(screenshotFolder + "cart.png"): Taking screenshot successfully

04-11-2024T15:43:49 - [MESSAGE][PASSED] - Taking screenshot successfully
[[ATTACHMENT|C:\\Users\\AnusmitaKundu\\git\\threadShopify\\ThreadShopify\\Reports\\20241104_152933\\Threads\\New Test Suite\\20241104_152934\\screenshots/wishlist_20241104_154255/cart.png]]

04-11-2024T15:43:49 - [TEST_STEP][PASSED] - click(findTestObject("Object Repository/Wishlist to cart_An/Page_Your Shopping Cart  Threads/div_Rs. 56.00")): Object: 'Object Repository/Wishlist to cart_An/Page_Your Shopping Cart  Threads/div_Rs. 56.00' is clicked on

04-11-2024T15:43:49 - [MESSAGE][PASSED] - Object: 'Object Repository/Wishlist to cart_An/Page_Your Shopping Cart  Threads/div_Rs. 56.00' is clicked on

04-11-2024T15:43:49 - [TEST_STEP][PASSED] - takeScreenshot(screenshotFolder + "checkout.png"): Taking screenshot successfully

04-11-2024T15:43:50 - [MESSAGE][PASSED] - Taking screenshot successfully
[[ATTACHMENT|C:\\Users\\AnusmitaKundu\\git\\threadShopify\\ThreadShopify\\Reports\\20241104_152933\\Threads\\New Test Suite\\20241104_152934\\screenshots/wishlist_20241104_154255/checkout.png]]

04-11-2024T15:43:50 - [TEST_STEP][PASSED] - closeBrowser(): Browser is closed

04-11-2024T15:43:50 - [MESSAGE][PASSED] - Browser is closed]]></system-out>
         <system-err><![CDATA[]]></system-err>
      </testcase>
      <testcase name="Test Cases/Threads_Webshop/Product Details Page/TC-176, Verify item by Colour and Size" time="44.486" classname="Test Cases/Threads_Webshop/Product Details Page/TC-176, Verify item by Colour and Size" status="PASSED">
         <system-out><![CDATA[04-11-2024T15:43:50 - [TEST_CASE][PASSED] - Test Cases/Threads_Webshop/Product Details Page/TC-176, Verify item by Colour and Size: Test Cases/Threads_Webshop/Product Details Page/TC-176, Verify item by Colour and Size

04-11-2024T15:43:50 - [TEST_STEP][PASSED] - callTestCase(findTestCase("Threads_Webshop/ReUsable Testcases/Login to an Account"), ["validemail":"cenaalice1234@mailinator.com", "password":"UDMlkmqWREzH+mr49N5wRw=="], STOP_ON_FAILURE): Call Test Case 'Test Cases/Threads_Webshop/ReUsable Testcases/Login to an Account' successfully

04-11-2024T15:43:50 - [TEST_CASE][PASSED] - Test Cases/Threads_Webshop/ReUsable Testcases/Login to an Account: Test Cases/Threads_Webshop/ReUsable Testcases/Login to an Account

04-11-2024T15:43:50 - [TEST_STEP][PASSED] - callTestCase(findTestCase("Threads_Webshop/ReUsable Testcases/Enter Password"), [:], STOP_ON_FAILURE): Call Test Case 'Test Cases/Threads_Webshop/ReUsable Testcases/Enter Password' successfully

04-11-2024T15:43:50 - [TEST_CASE][PASSED] - Test Cases/Threads_Webshop/ReUsable Testcases/Enter Password: Test Cases/Threads_Webshop/ReUsable Testcases/Enter Password

04-11-2024T15:43:50 - [TEST_STEP][PASSED] - openBrowser(""): Browser is opened with url: ''

04-11-2024T15:43:50 - [MESSAGE][INFO] - Starting 'Chrome' driver

04-11-2024T15:43:50 - [MESSAGE][INFO] - Action delay is set to 0 milliseconds

04-11-2024T15:43:51 - [MESSAGE][PASSED] - Browser is opened with url: ''

04-11-2024T15:43:51 - [TEST_STEP][PASSED] - maximizeWindow(): Current window maximized

04-11-2024T15:43:51 - [MESSAGE][PASSED] - Current window maximized

04-11-2024T15:43:51 - [TEST_STEP][PASSED] - navigateToUrl("https://threads0.myshopify.com/password"): Navigate to 'https://threads0.myshopify.com/password' successfully

04-11-2024T15:43:54 - [MESSAGE][PASSED] - Navigate to 'https://threads0.myshopify.com/password' successfully

04-11-2024T15:43:54 - [TEST_STEP][PASSED] - click(findTestObject("Object Repository/Thread_Webshop/Reusable Testcase/Page_Threads/div_Enter using password")): Object: 'Object Repository/Thread_Webshop/Reusable Testcase/Page_Threads/div_Enter using password' is clicked on

04-11-2024T15:43:55 - [MESSAGE][PASSED] - Object: 'Object Repository/Thread_Webshop/Reusable Testcase/Page_Threads/div_Enter using password' is clicked on

04-11-2024T15:43:55 - [TEST_STEP][PASSED] - setEncryptedText(findTestObject("Object Repository/Thread_Webshop/Reusable Testcase/Page_Threads/input_Enter store using password_password"), "gnzTAVlujIw+lTr0To6+Cg=="): Text ****** has been set on object 'Object Repository/Thread_Webshop/Reusable Testcase/Page_Threads/input_Enter store using password_password'

04-11-2024T15:43:56 - [MESSAGE][PASSED] - Text ****** has been set on object 'Object Repository/Thread_Webshop/Reusable Testcase/Page_Threads/input_Enter store using password_password'

04-11-2024T15:43:56 - [TEST_STEP][PASSED] - click(findTestObject("Object Repository/Thread_Webshop/Reusable Testcase/Page_Threads/button_Enter")): Object: 'Object Repository/Thread_Webshop/Reusable Testcase/Page_Threads/button_Enter' is clicked on

04-11-2024T15:43:58 - [MESSAGE][PASSED] - Object: 'Object Repository/Thread_Webshop/Reusable Testcase/Page_Threads/button_Enter' is clicked on

04-11-2024T15:43:58 - [MESSAGE][PASSED] - Call Test Case 'Test Cases/Threads_Webshop/ReUsable Testcases/Enter Password' successfully

04-11-2024T15:43:58 - [TEST_STEP][PASSED] - click(findTestObject("Object Repository/Thread_Webshop/Reusable Testcase/Page_Threads/svg_Search_icon icon-account")): Object: 'Object Repository/Thread_Webshop/Reusable Testcase/Page_Threads/svg_Search_icon icon-account' is clicked on

04-11-2024T15:44:00 - [MESSAGE][PASSED] - Object: 'Object Repository/Thread_Webshop/Reusable Testcase/Page_Threads/svg_Search_icon icon-account' is clicked on

04-11-2024T15:44:00 - [TEST_STEP][PASSED] - setText(findTestObject("Object Repository/Thread_Webshop/Reusable Testcase/Page_Account  Threads/input_Login_customeremail"), validemail): Text 'cenaalice1234@mailinator.com' is set on object 'Object Repository/Thread_Webshop/Reusable Testcase/Page_Account  Threads/input_Login_customeremail'

04-11-2024T15:44:01 - [MESSAGE][PASSED] - Text 'cenaalice1234@mailinator.com' is set on object 'Object Repository/Thread_Webshop/Reusable Testcase/Page_Account  Threads/input_Login_customeremail'

04-11-2024T15:44:01 - [TEST_STEP][PASSED] - setEncryptedText(findTestObject("Object Repository/Thread_Webshop/Reusable Testcase/Page_Account  Threads/input_Email_customerpassword"), password): Text ****** has been set on object 'Object Repository/Thread_Webshop/Reusable Testcase/Page_Account  Threads/input_Email_customerpassword'

04-11-2024T15:44:02 - [MESSAGE][PASSED] - Text ****** has been set on object 'Object Repository/Thread_Webshop/Reusable Testcase/Page_Account  Threads/input_Email_customerpassword'

04-11-2024T15:44:02 - [TEST_STEP][PASSED] - click(findTestObject("Object Repository/Thread_Webshop/Reusable Testcase/Page_Account  Threads/button_Sign in")): Object: 'Object Repository/Thread_Webshop/Reusable Testcase/Page_Account  Threads/button_Sign in' is clicked on

04-11-2024T15:44:04 - [MESSAGE][PASSED] - Object: 'Object Repository/Thread_Webshop/Reusable Testcase/Page_Account  Threads/button_Sign in' is clicked on

04-11-2024T15:44:04 - [TEST_STEP][PASSED] - click(findTestObject("Object Repository/Thread_Webshop/Reusable Testcase/Page_Account  Threads/span_Home")): Object: 'Object Repository/Thread_Webshop/Reusable Testcase/Page_Account  Threads/span_Home' is clicked on

04-11-2024T15:44:08 - [MESSAGE][PASSED] - Object: 'Object Repository/Thread_Webshop/Reusable Testcase/Page_Account  Threads/span_Home' is clicked on

04-11-2024T15:44:08 - [MESSAGE][PASSED] - Call Test Case 'Test Cases/Threads_Webshop/ReUsable Testcases/Login to an Account' successfully

04-11-2024T15:44:08 - [TEST_STEP][PASSED] - click(findTestObject("Object Repository/Thread_Webshop/Product Details Page/Page_Threads/a_ADIDAS  CLASSIC BACKPACK  LEGEND INK MULTICOLOUR")): Object: 'Object Repository/Thread_Webshop/Product Details Page/Page_Threads/a_ADIDAS  CLASSIC BACKPACK  LEGEND INK MULTICOLOUR' is clicked on

04-11-2024T15:44:11 - [MESSAGE][PASSED] - Object: 'Object Repository/Thread_Webshop/Product Details Page/Page_Threads/a_ADIDAS  CLASSIC BACKPACK  LEGEND INK MULTICOLOUR' is clicked on

04-11-2024T15:44:11 - [TEST_STEP][PASSED] - click(findTestObject("Object Repository/Thread_Webshop/Product Details Page/Page_ADIDAS  CLASSIC BACKPACK  LEGEND INK M_ff53f1/label_OSVariant sold out or unavailable")): Object: 'Object Repository/Thread_Webshop/Product Details Page/Page_ADIDAS  CLASSIC BACKPACK  LEGEND INK M_ff53f1/label_OSVariant sold out or unavailable' is clicked on

04-11-2024T15:44:12 - [MESSAGE][PASSED] - Object: 'Object Repository/Thread_Webshop/Product Details Page/Page_ADIDAS  CLASSIC BACKPACK  LEGEND INK M_ff53f1/label_OSVariant sold out or unavailable' is clicked on

04-11-2024T15:44:12 - [TEST_STEP][PASSED] - verifyTextPresent(color1, false): Text 'blue' is present on page 

04-11-2024T15:44:14 - [MESSAGE][PASSED] - Text 'blue' is present on page 

04-11-2024T15:44:14 - [TEST_STEP][PASSED] - click(findTestObject("Object Repository/Thread_Webshop/Product Details Page/Page_ADIDAS  CLASSIC BACKPACK  LEGEND INK M_ff53f1/label_blueVariant sold out or unavailable")): Object: 'Object Repository/Thread_Webshop/Product Details Page/Page_ADIDAS  CLASSIC BACKPACK  LEGEND INK M_ff53f1/label_blueVariant sold out or unavailable' is clicked on

04-11-2024T15:44:14 - [MESSAGE][PASSED] - Object: 'Object Repository/Thread_Webshop/Product Details Page/Page_ADIDAS  CLASSIC BACKPACK  LEGEND INK M_ff53f1/label_blueVariant sold out or unavailable' is clicked on

04-11-2024T15:44:14 - [TEST_STEP][PASSED] - click(findTestObject("Object Repository/Thread_Webshop/Product Details Page/Page_ADIDAS  CLASSIC BACKPACK  LEGEND INK M_ff53f1/span_Catalog")): Object: 'Object Repository/Thread_Webshop/Product Details Page/Page_ADIDAS  CLASSIC BACKPACK  LEGEND INK M_ff53f1/span_Catalog' is clicked on

04-11-2024T15:44:16 - [MESSAGE][PASSED] - Object: 'Object Repository/Thread_Webshop/Product Details Page/Page_ADIDAS  CLASSIC BACKPACK  LEGEND INK M_ff53f1/span_Catalog' is clicked on

04-11-2024T15:44:16 - [TEST_STEP][PASSED] - click(findTestObject("Object Repository/Thread_Webshop/Product Details Page/Page_Products  Threads/a_ADIDAS  KIDS STAN SMITH")): Object: 'Object Repository/Thread_Webshop/Product Details Page/Page_Products  Threads/a_ADIDAS  KIDS STAN SMITH' is clicked on

04-11-2024T15:44:19 - [MESSAGE][PASSED] - Object: 'Object Repository/Thread_Webshop/Product Details Page/Page_Products  Threads/a_ADIDAS  KIDS STAN SMITH' is clicked on

04-11-2024T15:44:19 - [TEST_STEP][PASSED] - click(findTestObject("Object Repository/Thread_Webshop/Product Details Page/Page_ADIDAS  KIDS STAN SMITH  Threads/label_1Variant sold out or unavailable")): Object: 'Object Repository/Thread_Webshop/Product Details Page/Page_ADIDAS  KIDS STAN SMITH  Threads/label_1Variant sold out or unavailable' is clicked on

04-11-2024T15:44:20 - [MESSAGE][PASSED] - Object: 'Object Repository/Thread_Webshop/Product Details Page/Page_ADIDAS  KIDS STAN SMITH  Threads/label_1Variant sold out or unavailable' is clicked on

04-11-2024T15:44:20 - [TEST_STEP][PASSED] - click(findTestObject("Object Repository/Thread_Webshop/Product Details Page/Page_ADIDAS  KIDS STAN SMITH  Threads/label_2Variant sold out or unavailable")): Object: 'Object Repository/Thread_Webshop/Product Details Page/Page_ADIDAS  KIDS STAN SMITH  Threads/label_2Variant sold out or unavailable' is clicked on

04-11-2024T15:44:21 - [MESSAGE][PASSED] - Object: 'Object Repository/Thread_Webshop/Product Details Page/Page_ADIDAS  KIDS STAN SMITH  Threads/label_2Variant sold out or unavailable' is clicked on

04-11-2024T15:44:21 - [TEST_STEP][PASSED] - verifyTextPresent(color2, false): Text 'white' is present on page 

04-11-2024T15:44:22 - [MESSAGE][PASSED] - Text 'white' is present on page 

04-11-2024T15:44:22 - [TEST_STEP][PASSED] - click(findTestObject("Object Repository/Thread_Webshop/Product Details Page/Page_ADIDAS  KIDS STAN SMITH  Threads/label_whiteVariant sold out or unavailable")): Object: 'Object Repository/Thread_Webshop/Product Details Page/Page_ADIDAS  KIDS STAN SMITH  Threads/label_whiteVariant sold out or unavailable' is clicked on

04-11-2024T15:44:22 - [MESSAGE][PASSED] - Object: 'Object Repository/Thread_Webshop/Product Details Page/Page_ADIDAS  KIDS STAN SMITH  Threads/label_whiteVariant sold out or unavailable' is clicked on

04-11-2024T15:44:22 - [TEST_STEP][PASSED] - click(findTestObject("Object Repository/Thread_Webshop/Product Details Page/Page_ADIDAS  KIDS STAN SMITH  Threads/span_Catalog")): Object: 'Object Repository/Thread_Webshop/Product Details Page/Page_ADIDAS  KIDS STAN SMITH  Threads/span_Catalog' is clicked on

04-11-2024T15:44:24 - [MESSAGE][PASSED] - Object: 'Object Repository/Thread_Webshop/Product Details Page/Page_ADIDAS  KIDS STAN SMITH  Threads/span_Catalog' is clicked on

04-11-2024T15:44:24 - [TEST_STEP][PASSED] - click(findTestObject("Object Repository/Thread_Webshop/Product Details Page/Page_Products  Threads/a_CONVERSE  CHUCK TAYLOR ALL STAR II HI")): Object: 'Object Repository/Thread_Webshop/Product Details Page/Page_Products  Threads/a_CONVERSE  CHUCK TAYLOR ALL STAR II HI' is clicked on

04-11-2024T15:44:28 - [MESSAGE][PASSED] - Object: 'Object Repository/Thread_Webshop/Product Details Page/Page_Products  Threads/a_CONVERSE  CHUCK TAYLOR ALL STAR II HI' is clicked on

04-11-2024T15:44:28 - [TEST_STEP][PASSED] - click(findTestObject("Object Repository/Thread_Webshop/Product Details Page/Page_CONVERSE  CHUCK TAYLOR ALL STAR II HI _4a158e/label_4Variant sold out or unavailable")): Object: 'Object Repository/Thread_Webshop/Product Details Page/Page_CONVERSE  CHUCK TAYLOR ALL STAR II HI _4a158e/label_4Variant sold out or unavailable' is clicked on

04-11-2024T15:44:29 - [MESSAGE][PASSED] - Object: 'Object Repository/Thread_Webshop/Product Details Page/Page_CONVERSE  CHUCK TAYLOR ALL STAR II HI _4a158e/label_4Variant sold out or unavailable' is clicked on

04-11-2024T15:44:29 - [TEST_STEP][PASSED] - click(findTestObject("Object Repository/Thread_Webshop/Product Details Page/Page_CONVERSE  CHUCK TAYLOR ALL STAR II HI _4a158e/label_5Variant sold out or unavailable")): Object: 'Object Repository/Thread_Webshop/Product Details Page/Page_CONVERSE  CHUCK TAYLOR ALL STAR II HI _4a158e/label_5Variant sold out or unavailable' is clicked on

04-11-2024T15:44:29 - [MESSAGE][PASSED] - Object: 'Object Repository/Thread_Webshop/Product Details Page/Page_CONVERSE  CHUCK TAYLOR ALL STAR II HI _4a158e/label_5Variant sold out or unavailable' is clicked on

04-11-2024T15:44:29 - [TEST_STEP][PASSED] - click(findTestObject("Object Repository/Thread_Webshop/Product Details Page/Page_CONVERSE  CHUCK TAYLOR ALL STAR II HI _4a158e/label_6Variant sold out or unavailable")): Object: 'Object Repository/Thread_Webshop/Product Details Page/Page_CONVERSE  CHUCK TAYLOR ALL STAR II HI _4a158e/label_6Variant sold out or unavailable' is clicked on

04-11-2024T15:44:30 - [MESSAGE][PASSED] - Object: 'Object Repository/Thread_Webshop/Product Details Page/Page_CONVERSE  CHUCK TAYLOR ALL STAR II HI _4a158e/label_6Variant sold out or unavailable' is clicked on

04-11-2024T15:44:30 - [TEST_STEP][PASSED] - click(findTestObject("Object Repository/Thread_Webshop/Product Details Page/Page_CONVERSE  CHUCK TAYLOR ALL STAR II HI _4a158e/label_9Variant sold out or unavailable")): Object: 'Object Repository/Thread_Webshop/Product Details Page/Page_CONVERSE  CHUCK TAYLOR ALL STAR II HI _4a158e/label_9Variant sold out or unavailable' is clicked on

04-11-2024T15:44:31 - [MESSAGE][PASSED] - Object: 'Object Repository/Thread_Webshop/Product Details Page/Page_CONVERSE  CHUCK TAYLOR ALL STAR II HI _4a158e/label_9Variant sold out or unavailable' is clicked on

04-11-2024T15:44:31 - [TEST_STEP][PASSED] - click(findTestObject("Object Repository/Thread_Webshop/Product Details Page/Page_CONVERSE  CHUCK TAYLOR ALL STAR II HI _4a158e/label_11Variant sold out or unavailable")): Object: 'Object Repository/Thread_Webshop/Product Details Page/Page_CONVERSE  CHUCK TAYLOR ALL STAR II HI _4a158e/label_11Variant sold out or unavailable' is clicked on

04-11-2024T15:44:33 - [MESSAGE][PASSED] - Object: 'Object Repository/Thread_Webshop/Product Details Page/Page_CONVERSE  CHUCK TAYLOR ALL STAR II HI _4a158e/label_11Variant sold out or unavailable' is clicked on

04-11-2024T15:44:33 - [TEST_STEP][PASSED] - verifyTextPresent(color3, false): Text 'black' is present on page 

04-11-2024T15:44:33 - [MESSAGE][PASSED] - Text 'black' is present on page 

04-11-2024T15:44:33 - [TEST_STEP][PASSED] - click(findTestObject("Object Repository/Thread_Webshop/Product Details Page/Page_CONVERSE  CHUCK TAYLOR ALL STAR II HI _4a158e/label_blackVariant sold out or unavailable")): Object: 'Object Repository/Thread_Webshop/Product Details Page/Page_CONVERSE  CHUCK TAYLOR ALL STAR II HI _4a158e/label_blackVariant sold out or unavailable' is clicked on

04-11-2024T15:44:34 - [MESSAGE][PASSED] - Object: 'Object Repository/Thread_Webshop/Product Details Page/Page_CONVERSE  CHUCK TAYLOR ALL STAR II HI _4a158e/label_blackVariant sold out or unavailable' is clicked on

04-11-2024T15:44:34 - [TEST_STEP][PASSED] - closeBrowser(): Browser is closed

04-11-2024T15:44:35 - [MESSAGE][PASSED] - Browser is closed]]></system-out>
         <system-err><![CDATA[]]></system-err>
      </testcase>
      <testcase name="Test Cases/Threads_Webshop/Product Details Page/TC-601, Verify item to cart when not login" time="31.598" classname="Test Cases/Threads_Webshop/Product Details Page/TC-601, Verify item to cart when not login" status="PASSED">
         <system-out><![CDATA[04-11-2024T15:44:35 - [TEST_CASE][PASSED] - Test Cases/Threads_Webshop/Product Details Page/TC-601, Verify item to cart when not login: Test Cases/Threads_Webshop/Product Details Page/TC-601, Verify item to cart when not login

04-11-2024T15:44:35 - [TEST_STEP][PASSED] - currentDateTime = LocalDateTime.now(): null

04-11-2024T15:44:35 - [TEST_STEP][PASSED] - formatter = DateTimeFormatter.ofPattern("yyyyMMddHHmmss"): null

04-11-2024T15:44:35 - [TEST_STEP][PASSED] - dateTimeString = currentDateTime.format(formatter): null

04-11-2024T15:44:35 - [TEST_STEP][PASSED] - uniqueEmail = "tester_" + dateTimeString + "@mailinator.com": null

04-11-2024T15:44:35 - [TEST_STEP][PASSED] - println("Generated unique email: " + uniqueEmail): null

04-11-2024T15:44:35 - [TEST_STEP][PASSED] - screenshotFolderPath = "screenshots/item_to_cart_without_login_" + dateTimeString + "/": null

04-11-2024T15:44:35 - [TEST_STEP][PASSED] - File(screenshotFolderPath).mkdirs(): null

04-11-2024T15:44:35 - [TEST_STEP][PASSED] - callTestCase(findTestCase("Threads_Webshop/ReUsable Testcases/Enter Password"), [:], STOP_ON_FAILURE): Call Test Case 'Test Cases/Threads_Webshop/ReUsable Testcases/Enter Password' successfully

04-11-2024T15:44:35 - [TEST_CASE][PASSED] - Test Cases/Threads_Webshop/ReUsable Testcases/Enter Password: Test Cases/Threads_Webshop/ReUsable Testcases/Enter Password

04-11-2024T15:44:35 - [TEST_STEP][PASSED] - openBrowser(""): Browser is opened with url: ''

04-11-2024T15:44:35 - [MESSAGE][INFO] - Starting 'Chrome' driver

04-11-2024T15:44:35 - [MESSAGE][INFO] - Action delay is set to 0 milliseconds

04-11-2024T15:44:36 - [MESSAGE][PASSED] - Browser is opened with url: ''

04-11-2024T15:44:36 - [TEST_STEP][PASSED] - maximizeWindow(): Current window maximized

04-11-2024T15:44:36 - [MESSAGE][PASSED] - Current window maximized

04-11-2024T15:44:36 - [TEST_STEP][PASSED] - navigateToUrl("https://threads0.myshopify.com/password"): Navigate to 'https://threads0.myshopify.com/password' successfully

04-11-2024T15:44:37 - [MESSAGE][PASSED] - Navigate to 'https://threads0.myshopify.com/password' successfully

04-11-2024T15:44:37 - [TEST_STEP][PASSED] - click(findTestObject("Object Repository/Thread_Webshop/Reusable Testcase/Page_Threads/div_Enter using password")): Object: 'Object Repository/Thread_Webshop/Reusable Testcase/Page_Threads/div_Enter using password' is clicked on

04-11-2024T15:44:39 - [MESSAGE][PASSED] - Object: 'Object Repository/Thread_Webshop/Reusable Testcase/Page_Threads/div_Enter using password' is clicked on

04-11-2024T15:44:39 - [TEST_STEP][PASSED] - setEncryptedText(findTestObject("Object Repository/Thread_Webshop/Reusable Testcase/Page_Threads/input_Enter store using password_password"), "gnzTAVlujIw+lTr0To6+Cg=="): Text ****** has been set on object 'Object Repository/Thread_Webshop/Reusable Testcase/Page_Threads/input_Enter store using password_password'

04-11-2024T15:44:40 - [MESSAGE][PASSED] - Text ****** has been set on object 'Object Repository/Thread_Webshop/Reusable Testcase/Page_Threads/input_Enter store using password_password'

04-11-2024T15:44:40 - [TEST_STEP][PASSED] - click(findTestObject("Object Repository/Thread_Webshop/Reusable Testcase/Page_Threads/button_Enter")): Object: 'Object Repository/Thread_Webshop/Reusable Testcase/Page_Threads/button_Enter' is clicked on

04-11-2024T15:44:42 - [MESSAGE][PASSED] - Object: 'Object Repository/Thread_Webshop/Reusable Testcase/Page_Threads/button_Enter' is clicked on

04-11-2024T15:44:42 - [MESSAGE][PASSED] - Call Test Case 'Test Cases/Threads_Webshop/ReUsable Testcases/Enter Password' successfully

04-11-2024T15:44:42 - [TEST_STEP][PASSED] - takeScreenshot(screenshotFolderPath + "enter_password.png"): Taking screenshot successfully

04-11-2024T15:44:43 - [MESSAGE][PASSED] - Taking screenshot successfully
[[ATTACHMENT|C:\\Users\\AnusmitaKundu\\git\\threadShopify\\ThreadShopify\\Reports\\20241104_152933\\Threads\\New Test Suite\\20241104_152934\\screenshots/item_to_cart_without_login_20241104154435/enter_password.png]]

04-11-2024T15:44:43 - [TEST_STEP][PASSED] - click(findTestObject("Object Repository/Page_Threads/button_Enter")): Object: 'Object Repository/Page_Threads/button_Enter' is clicked on

04-11-2024T15:44:43 - [MESSAGE][PASSED] - Object: 'Object Repository/Page_Threads/button_Enter' is clicked on

04-11-2024T15:44:43 - [TEST_STEP][PASSED] - takeScreenshot(screenshotFolderPath + "click_enter_button.png"): Taking screenshot successfully

04-11-2024T15:44:44 - [MESSAGE][PASSED] - Taking screenshot successfully
[[ATTACHMENT|C:\\Users\\AnusmitaKundu\\git\\threadShopify\\ThreadShopify\\Reports\\20241104_152933\\Threads\\New Test Suite\\20241104_152934\\screenshots/item_to_cart_without_login_20241104154435/click_enter_button.png]]

04-11-2024T15:44:44 - [TEST_STEP][PASSED] - click(findTestObject("Object Repository/Page_Threads/a_Catalog")): Object: 'Object Repository/Page_Threads/a_Catalog' is clicked on

04-11-2024T15:44:47 - [MESSAGE][PASSED] - Object: 'Object Repository/Page_Threads/a_Catalog' is clicked on

04-11-2024T15:44:47 - [TEST_STEP][PASSED] - takeScreenshot(screenshotFolderPath + "catalog_page.png"): Taking screenshot successfully

04-11-2024T15:44:48 - [MESSAGE][PASSED] - Taking screenshot successfully
[[ATTACHMENT|C:\\Users\\AnusmitaKundu\\git\\threadShopify\\ThreadShopify\\Reports\\20241104_152933\\Threads\\New Test Suite\\20241104_152934\\screenshots/item_to_cart_without_login_20241104154435/catalog_page.png]]

04-11-2024T15:44:48 - [TEST_STEP][PASSED] - click(findTestObject("Object Repository/Page_Products  Threads/a_ADIDAS  CLASSIC BACKPACK  LEGEND INK MULTICOLOUR")): Object: 'Object Repository/Page_Products  Threads/a_ADIDAS  CLASSIC BACKPACK  LEGEND INK MULTICOLOUR' is clicked on

04-11-2024T15:44:49 - [MESSAGE][PASSED] - Object: 'Object Repository/Page_Products  Threads/a_ADIDAS  CLASSIC BACKPACK  LEGEND INK MULTICOLOUR' is clicked on

04-11-2024T15:44:49 - [TEST_STEP][PASSED] - takeScreenshot(screenshotFolderPath + "product_page.png"): Taking screenshot successfully

04-11-2024T15:44:52 - [MESSAGE][PASSED] - Taking screenshot successfully
[[ATTACHMENT|C:\\Users\\AnusmitaKundu\\git\\threadShopify\\ThreadShopify\\Reports\\20241104_152933\\Threads\\New Test Suite\\20241104_152934\\screenshots/item_to_cart_without_login_20241104154435/product_page.png]]

04-11-2024T15:44:52 - [TEST_STEP][PASSED] - click(findTestObject("Object Repository/Page_ADIDAS  CLASSIC BACKPACK  LEGEND INK M_ff53f1/button_Add to cart")): Object: 'Object Repository/Page_ADIDAS  CLASSIC BACKPACK  LEGEND INK M_ff53f1/button_Add to cart' is clicked on

04-11-2024T15:44:53 - [MESSAGE][PASSED] - Object: 'Object Repository/Page_ADIDAS  CLASSIC BACKPACK  LEGEND INK M_ff53f1/button_Add to cart' is clicked on

04-11-2024T15:44:53 - [TEST_STEP][PASSED] - takeScreenshot(screenshotFolderPath + "add_to_cart.png"): Taking screenshot successfully

04-11-2024T15:44:55 - [MESSAGE][PASSED] - Taking screenshot successfully
[[ATTACHMENT|C:\\Users\\AnusmitaKundu\\git\\threadShopify\\ThreadShopify\\Reports\\20241104_152933\\Threads\\New Test Suite\\20241104_152934\\screenshots/item_to_cart_without_login_20241104154435/add_to_cart.png]]

04-11-2024T15:44:55 - [TEST_STEP][PASSED] - click(findTestObject("Object Repository/Page_ADIDAS  CLASSIC BACKPACK  LEGEND INK M_ff53f1/button_Check out")): Object: 'Object Repository/Page_ADIDAS  CLASSIC BACKPACK  LEGEND INK M_ff53f1/button_Check out' is clicked on

04-11-2024T15:45:01 - [MESSAGE][PASSED] - Object: 'Object Repository/Page_ADIDAS  CLASSIC BACKPACK  LEGEND INK M_ff53f1/button_Check out' is clicked on

04-11-2024T15:45:01 - [TEST_STEP][PASSED] - takeScreenshot(screenshotFolderPath + "checkout.png"): Taking screenshot successfully

04-11-2024T15:45:02 - [MESSAGE][PASSED] - Taking screenshot successfully
[[ATTACHMENT|C:\\Users\\AnusmitaKundu\\git\\threadShopify\\ThreadShopify\\Reports\\20241104_152933\\Threads\\New Test Suite\\20241104_152934\\screenshots/item_to_cart_without_login_20241104154435/checkout.png]]

04-11-2024T15:45:02 - [TEST_STEP][PASSED] - verifyTextPresent("Contact", false): Text 'Contact' is present on page 

04-11-2024T15:45:03 - [MESSAGE][PASSED] - Text 'Contact' is present on page 

04-11-2024T15:45:03 - [TEST_STEP][PASSED] - takeScreenshot(screenshotFolderPath + "verify_contact_text.png"): Taking screenshot successfully

04-11-2024T15:45:03 - [MESSAGE][PASSED] - Taking screenshot successfully
[[ATTACHMENT|C:\\Users\\AnusmitaKundu\\git\\threadShopify\\ThreadShopify\\Reports\\20241104_152933\\Threads\\New Test Suite\\20241104_152934\\screenshots/item_to_cart_without_login_20241104154435/verify_contact_text.png]]

04-11-2024T15:45:03 - [TEST_STEP][PASSED] - verifyElementClickable(findTestObject("Object Repository/Page_Checkout - Threads/a_Log in")): Object 'Object Repository/Page_Checkout - Threads/a_Log in' is clickable

04-11-2024T15:45:03 - [MESSAGE][PASSED] - Object 'Object Repository/Page_Checkout - Threads/a_Log in' is clickable

04-11-2024T15:45:03 - [TEST_STEP][PASSED] - takeScreenshot(screenshotFolderPath + "verify_login_clickable.png"): Taking screenshot successfully

04-11-2024T15:45:04 - [MESSAGE][PASSED] - Taking screenshot successfully
[[ATTACHMENT|C:\\Users\\AnusmitaKundu\\git\\threadShopify\\ThreadShopify\\Reports\\20241104_152933\\Threads\\New Test Suite\\20241104_152934\\screenshots/item_to_cart_without_login_20241104154435/verify_login_clickable.png]]

04-11-2024T15:45:04 - [TEST_STEP][PASSED] - verifyTextPresent("Delivery", false): Text 'Delivery' is present on page 

04-11-2024T15:45:04 - [MESSAGE][PASSED] - Text 'Delivery' is present on page 

04-11-2024T15:45:04 - [TEST_STEP][PASSED] - takeScreenshot(screenshotFolderPath + "verify_delivery_text.png"): Taking screenshot successfully

04-11-2024T15:45:04 - [MESSAGE][PASSED] - Taking screenshot successfully
[[ATTACHMENT|C:\\Users\\AnusmitaKundu\\git\\threadShopify\\ThreadShopify\\Reports\\20241104_152933\\Threads\\New Test Suite\\20241104_152934\\screenshots/item_to_cart_without_login_20241104154435/verify_delivery_text.png]]

04-11-2024T15:45:04 - [TEST_STEP][PASSED] - verifyTextPresent("Payment", false): Text 'Payment' is present on page 

04-11-2024T15:45:05 - [MESSAGE][PASSED] - Text 'Payment' is present on page 

04-11-2024T15:45:05 - [TEST_STEP][PASSED] - takeScreenshot(screenshotFolderPath + "verify_payment_text.png"): Taking screenshot successfully

04-11-2024T15:45:05 - [MESSAGE][PASSED] - Taking screenshot successfully
[[ATTACHMENT|C:\\Users\\AnusmitaKundu\\git\\threadShopify\\ThreadShopify\\Reports\\20241104_152933\\Threads\\New Test Suite\\20241104_152934\\screenshots/item_to_cart_without_login_20241104154435/verify_payment_text.png]]

04-11-2024T15:45:05 - [TEST_STEP][PASSED] - verifyTextPresent("Total", false): Text 'Total' is present on page 

04-11-2024T15:45:05 - [MESSAGE][PASSED] - Text 'Total' is present on page 

04-11-2024T15:45:05 - [TEST_STEP][PASSED] - takeScreenshot(screenshotFolderPath + "verify_total_text.png"): Taking screenshot successfully

04-11-2024T15:45:06 - [MESSAGE][PASSED] - Taking screenshot successfully
[[ATTACHMENT|C:\\Users\\AnusmitaKundu\\git\\threadShopify\\ThreadShopify\\Reports\\20241104_152933\\Threads\\New Test Suite\\20241104_152934\\screenshots/item_to_cart_without_login_20241104154435/verify_total_text.png]]

04-11-2024T15:45:06 - [TEST_STEP][PASSED] - closeBrowser(): Browser is closed

04-11-2024T15:45:06 - [MESSAGE][PASSED] - Browser is closed]]></system-out>
         <system-err><![CDATA[]]></system-err>
      </testcase>
      <testcase name="Test Cases/Threads_Webshop/7 My Account/TC-308,307-Verify the Credit Card details" time="222.17" classname="Test Cases/Threads_Webshop/7 My Account/TC-308,307-Verify the Credit Card details" status="FAILED">
         <failure type="FAILED" message="Test Cases/Threads_Webshop/7 My Account/TC-308,307-Verify the Credit Card details FAILED.&#xa;Reason:&#xa;com.kms.katalon.core.exception.StepFailedException: Unable to set text '3' of object 'Object Repository/Page_Checkout - Threads/input_Card number_number (1)'&#xa;	at com.kms.katalon.core.webui.keyword.internal.WebUIKeywordMain.stepFailed(WebUIKeywordMain.groovy:117)&#xa;	at com.kms.katalon.core.webui.keyword.internal.WebUIKeywordMain.runKeyword(WebUIKeywordMain.groovy:43)&#xa;	at com.kms.katalon.core.webui.keyword.builtin.SetTextKeyword.setText(SetTextKeyword.groovy:85)&#xa;	at com.kms.katalon.core.webui.keyword.builtin.SetTextKeyword.execute(SetTextKeyword.groovy:39)&#xa;	at com.kms.katalon.core.keyword.internal.KeywordExecutor.executeKeywordForPlatform(KeywordExecutor.groovy:74)&#xa;	at com.kms.katalon.core.webui.keyword.WebUiBuiltInKeywords.setText(WebUiBuiltInKeywords.groovy:1019)&#xa;	at TC-308,307-Verify the Credit Card details.run(TC-308,307-Verify the Credit Card details:63)&#xa;	at com.kms.katalon.core.main.ScriptEngine.run(ScriptEngine.java:194)&#xa;	at com.kms.katalon.core.main.ScriptEngine.runScriptAsRawText(ScriptEngine.java:119)&#xa;	at com.kms.katalon.core.main.TestCaseExecutor.runScript(TestCaseExecutor.java:448)&#xa;	at com.kms.katalon.core.main.TestCaseExecutor.doExecute(TestCaseExecutor.java:439)&#xa;	at com.kms.katalon.core.main.TestCaseExecutor.processExecutionPhase(TestCaseExecutor.java:418)&#xa;	at com.kms.katalon.core.main.TestCaseExecutor.accessMainPhase(TestCaseExecutor.java:410)&#xa;	at com.kms.katalon.core.main.TestCaseExecutor.execute(TestCaseExecutor.java:285)&#xa;	at com.kms.katalon.core.main.TestCaseExecutor.execute(TestCaseExecutor.java:369)&#xa;	at com.kms.katalon.core.main.TestCaseExecutor.execute(TestCaseExecutor.java:369)&#xa;	at com.kms.katalon.core.main.TestCaseExecutor.execute(TestCaseExecutor.java:369)&#xa;	at com.kms.katalon.core.common.CommonExecutor.accessTestCaseMainPhase(CommonExecutor.java:65)&#xa;	at com.kms.katalon.core.main.TestSuiteExecutor.accessTestSuiteMainPhase(TestSuiteExecutor.java:150)&#xa;	at com.kms.katalon.core.main.TestSuiteExecutor.execute(TestSuiteExecutor.java:106)&#xa;	at com.kms.katalon.core.main.TestCaseMain.startTestSuite(TestCaseMain.java:180)&#xa;	at TempTestSuite1730714374878.run(TempTestSuite1730714374878.groovy:35)&#xa;	at java.base/jdk.internal.reflect.NativeMethodAccessorImpl.invoke0(Native Method)&#xa;	at java.base/jdk.internal.reflect.NativeMethodAccessorImpl.invoke(NativeMethodAccessorImpl.java:77)&#xa;	at java.base/jdk.internal.reflect.DelegatingMethodAccessorImpl.invoke(DelegatingMethodAccessorImpl.java:43)&#xa;Caused by: com.kms.katalon.core.webui.exception.WebElementNotFoundException: Web element with id: 'Object Repository/Page_Checkout - Threads/input_Card number_number (1)' located by '/html/body/form/div/input' not found&#xa;	at com.kms.katalon.core.webui.common.WebUiCommonHelper.findWebElement(WebUiCommonHelper.java:1419)&#xa;	at com.kms.katalon.core.webui.keyword.internal.WebUIAbstractKeyword.findWebElement(WebUIAbstractKeyword.groovy:27)&#xa;	at com.kms.katalon.core.webui.keyword.internal.WebUIAbstractKeyword.findWebElement(WebUIAbstractKeyword.groovy:26)&#xa;	at com.kms.katalon.core.webui.keyword.builtin.SetTextKeyword$_setText_closure1.doCall(SetTextKeyword.groovy:53)&#xa;	at com.kms.katalon.core.webui.keyword.builtin.SetTextKeyword$_setText_closure1.call(SetTextKeyword.groovy)&#xa;	at com.kms.katalon.core.webui.keyword.internal.WebUIKeywordMain.runKeyword(WebUIKeywordMain.groovy:35)&#xa;	... 23 more&#xa;"/>
         <system-out><![CDATA[04-11-2024T16:04:41 - [TEST_CASE][FAILED] - Test Cases/Threads_Webshop/7 My Account/TC-308,307-Verify the Credit Card details: Test Cases/Threads_Webshop/7 My Account/TC-308,307-Verify the Credit Card details FAILED.
Reason:
com.kms.katalon.core.exception.StepFailedException: Unable to set text '3' of object 'Object Repository/Page_Checkout - Threads/input_Card number_number (1)'
	at com.kms.katalon.core.webui.keyword.internal.WebUIKeywordMain.stepFailed(WebUIKeywordMain.groovy:117)
	at com.kms.katalon.core.webui.keyword.internal.WebUIKeywordMain.runKeyword(WebUIKeywordMain.groovy:43)
	at com.kms.katalon.core.webui.keyword.builtin.SetTextKeyword.setText(SetTextKeyword.groovy:85)
	at com.kms.katalon.core.webui.keyword.builtin.SetTextKeyword.execute(SetTextKeyword.groovy:39)
	at com.kms.katalon.core.keyword.internal.KeywordExecutor.executeKeywordForPlatform(KeywordExecutor.groovy:74)
	at com.kms.katalon.core.webui.keyword.WebUiBuiltInKeywords.setText(WebUiBuiltInKeywords.groovy:1019)
	at TC-308,307-Verify the Credit Card details.run(TC-308,307-Verify the Credit Card details:63)
	at com.kms.katalon.core.main.ScriptEngine.run(ScriptEngine.java:194)
	at com.kms.katalon.core.main.ScriptEngine.runScriptAsRawText(ScriptEngine.java:119)
	at com.kms.katalon.core.main.TestCaseExecutor.runScript(TestCaseExecutor.java:448)
	at com.kms.katalon.core.main.TestCaseExecutor.doExecute(TestCaseExecutor.java:439)
	at com.kms.katalon.core.main.TestCaseExecutor.processExecutionPhase(TestCaseExecutor.java:418)
	at com.kms.katalon.core.main.TestCaseExecutor.accessMainPhase(TestCaseExecutor.java:410)
	at com.kms.katalon.core.main.TestCaseExecutor.execute(TestCaseExecutor.java:285)
	at com.kms.katalon.core.main.TestCaseExecutor.execute(TestCaseExecutor.java:369)
	at com.kms.katalon.core.main.TestCaseExecutor.execute(TestCaseExecutor.java:369)
	at com.kms.katalon.core.main.TestCaseExecutor.execute(TestCaseExecutor.java:369)
	at com.kms.katalon.core.common.CommonExecutor.accessTestCaseMainPhase(CommonExecutor.java:65)
	at com.kms.katalon.core.main.TestSuiteExecutor.accessTestSuiteMainPhase(TestSuiteExecutor.java:150)
	at com.kms.katalon.core.main.TestSuiteExecutor.execute(TestSuiteExecutor.java:106)
	at com.kms.katalon.core.main.TestCaseMain.startTestSuite(TestCaseMain.java:180)
	at TempTestSuite1730714374878.run(TempTestSuite1730714374878.groovy:35)
	at java.base/jdk.internal.reflect.NativeMethodAccessorImpl.invoke0(Native Method)
	at java.base/jdk.internal.reflect.NativeMethodAccessorImpl.invoke(NativeMethodAccessorImpl.java:77)
	at java.base/jdk.internal.reflect.DelegatingMethodAccessorImpl.invoke(DelegatingMethodAccessorImpl.java:43)
Caused by: com.kms.katalon.core.webui.exception.WebElementNotFoundException: Web element with id: 'Object Repository/Page_Checkout - Threads/input_Card number_number (1)' located by '/html/body/form/div/input' not found
	at com.kms.katalon.core.webui.common.WebUiCommonHelper.findWebElement(WebUiCommonHelper.java:1419)
	at com.kms.katalon.core.webui.keyword.internal.WebUIAbstractKeyword.findWebElement(WebUIAbstractKeyword.groovy:27)
	at com.kms.katalon.core.webui.keyword.internal.WebUIAbstractKeyword.findWebElement(WebUIAbstractKeyword.groovy:26)
	at com.kms.katalon.core.webui.keyword.builtin.SetTextKeyword$_setText_closure1.doCall(SetTextKeyword.groovy:53)
	at com.kms.katalon.core.webui.keyword.builtin.SetTextKeyword$_setText_closure1.call(SetTextKeyword.groovy)
	at com.kms.katalon.core.webui.keyword.internal.WebUIKeywordMain.runKeyword(WebUIKeywordMain.groovy:35)
	... 23 more


04-11-2024T16:04:41 - [TEST_STEP][PASSED] - currentDateTime = LocalDateTime.now(): null

04-11-2024T16:04:41 - [TEST_STEP][PASSED] - formatter = DateTimeFormatter.ofPattern("yyyyMMddHHmmss"): null

04-11-2024T16:04:41 - [TEST_STEP][PASSED] - dateTimeString = currentDateTime.format(formatter): null

04-11-2024T16:04:41 - [TEST_STEP][PASSED] - screenshotFolderPath = "screenshots/credit_card" + dateTimeString + "/": null

04-11-2024T16:04:41 - [TEST_STEP][PASSED] - File(screenshotFolderPath).mkdirs(): null

04-11-2024T16:04:41 - [TEST_STEP][PASSED] - callTestCase(findTestCase("Threads_Webshop/ReUsable Testcases/Enter Password"), [:], STOP_ON_FAILURE): Call Test Case 'Test Cases/Threads_Webshop/ReUsable Testcases/Enter Password' successfully

04-11-2024T16:04:41 - [TEST_CASE][PASSED] - Test Cases/Threads_Webshop/ReUsable Testcases/Enter Password: Test Cases/Threads_Webshop/ReUsable Testcases/Enter Password

04-11-2024T16:04:41 - [TEST_STEP][PASSED] - openBrowser(""): Browser is opened with url: ''

04-11-2024T16:04:41 - [MESSAGE][WARNING] - A browser is already opened. Closing browser and opening a new one

04-11-2024T16:04:42 - [MESSAGE][INFO] - Starting 'Chrome' driver

04-11-2024T16:04:42 - [MESSAGE][INFO] - Action delay is set to 0 milliseconds

04-11-2024T16:04:43 - [MESSAGE][PASSED] - Browser is opened with url: ''

04-11-2024T16:04:43 - [TEST_STEP][PASSED] - maximizeWindow(): Current window maximized

04-11-2024T16:04:43 - [MESSAGE][PASSED] - Current window maximized

04-11-2024T16:04:43 - [TEST_STEP][PASSED] - navigateToUrl("https://threads0.myshopify.com/password"): Navigate to 'https://threads0.myshopify.com/password' successfully

04-11-2024T16:04:53 - [MESSAGE][PASSED] - Navigate to 'https://threads0.myshopify.com/password' successfully

04-11-2024T16:04:53 - [TEST_STEP][PASSED] - click(findTestObject("Object Repository/Thread_Webshop/Reusable Testcase/Page_Threads/div_Enter using password")): Object: 'Object Repository/Thread_Webshop/Reusable Testcase/Page_Threads/div_Enter using password' is clicked on

04-11-2024T16:04:54 - [MESSAGE][PASSED] - Object: 'Object Repository/Thread_Webshop/Reusable Testcase/Page_Threads/div_Enter using password' is clicked on

04-11-2024T16:04:54 - [TEST_STEP][PASSED] - setEncryptedText(findTestObject("Object Repository/Thread_Webshop/Reusable Testcase/Page_Threads/input_Enter store using password_password"), "gnzTAVlujIw+lTr0To6+Cg=="): Text ****** has been set on object 'Object Repository/Thread_Webshop/Reusable Testcase/Page_Threads/input_Enter store using password_password'

04-11-2024T16:04:55 - [MESSAGE][PASSED] - Text ****** has been set on object 'Object Repository/Thread_Webshop/Reusable Testcase/Page_Threads/input_Enter store using password_password'

04-11-2024T16:04:55 - [TEST_STEP][PASSED] - click(findTestObject("Object Repository/Thread_Webshop/Reusable Testcase/Page_Threads/button_Enter")): Object: 'Object Repository/Thread_Webshop/Reusable Testcase/Page_Threads/button_Enter' is clicked on

04-11-2024T16:05:00 - [MESSAGE][PASSED] - Object: 'Object Repository/Thread_Webshop/Reusable Testcase/Page_Threads/button_Enter' is clicked on

04-11-2024T16:05:00 - [MESSAGE][PASSED] - Call Test Case 'Test Cases/Threads_Webshop/ReUsable Testcases/Enter Password' successfully

04-11-2024T16:05:00 - [TEST_STEP][PASSED] - takeScreenshot(screenshotFolderPath + "enter_password.png"): Taking screenshot successfully

04-11-2024T16:05:01 - [MESSAGE][PASSED] - Taking screenshot successfully
[[ATTACHMENT|C:\\Users\\AnusmitaKundu\\git\\threadShopify\\ThreadShopify\\Reports\\20241104_152933\\Threads\\New Test Suite\\20241104_152934\\screenshots/credit_card20241104160441/enter_password.png]]

04-11-2024T16:05:01 - [TEST_STEP][PASSED] - click(findTestObject("Object Repository/Page_Threads/a_Catalog")): Object: 'Object Repository/Page_Threads/a_Catalog' is clicked on

04-11-2024T16:05:03 - [MESSAGE][PASSED] - Object: 'Object Repository/Page_Threads/a_Catalog' is clicked on

04-11-2024T16:05:03 - [TEST_STEP][PASSED] - takeScreenshot(screenshotFolderPath + "catalog_page.png"): Taking screenshot successfully

04-11-2024T16:05:04 - [MESSAGE][PASSED] - Taking screenshot successfully
[[ATTACHMENT|C:\\Users\\AnusmitaKundu\\git\\threadShopify\\ThreadShopify\\Reports\\20241104_152933\\Threads\\New Test Suite\\20241104_152934\\screenshots/credit_card20241104160441/catalog_page.png]]

04-11-2024T16:05:04 - [TEST_STEP][PASSED] - click(findTestObject("Object Repository/Page_Products  Threads/a_ADIDAS  KIDS STAN SMITH")): Object: 'Object Repository/Page_Products  Threads/a_ADIDAS  KIDS STAN SMITH' is clicked on

04-11-2024T16:05:06 - [MESSAGE][PASSED] - Object: 'Object Repository/Page_Products  Threads/a_ADIDAS  KIDS STAN SMITH' is clicked on

04-11-2024T16:05:06 - [TEST_STEP][PASSED] - takeScreenshot(screenshotFolderPath + "select_product.png"): Taking screenshot successfully

04-11-2024T16:05:29 - [MESSAGE][PASSED] - Taking screenshot successfully
[[ATTACHMENT|C:\\Users\\AnusmitaKundu\\git\\threadShopify\\ThreadShopify\\Reports\\20241104_152933\\Threads\\New Test Suite\\20241104_152934\\screenshots/credit_card20241104160441/select_product.png]]

04-11-2024T16:05:29 - [TEST_STEP][PASSED] - click(findTestObject("Object Repository/Page_ADIDAS  KIDS STAN SMITH  Threads/button_Buy it now")): Object: 'Object Repository/Page_ADIDAS  KIDS STAN SMITH  Threads/button_Buy it now' is clicked on

04-11-2024T16:05:29 - [MESSAGE][PASSED] - Object: 'Object Repository/Page_ADIDAS  KIDS STAN SMITH  Threads/button_Buy it now' is clicked on

04-11-2024T16:05:29 - [TEST_STEP][PASSED] - takeScreenshot(screenshotFolderPath + "buy_now.png"): Taking screenshot successfully

04-11-2024T16:06:01 - [MESSAGE][PASSED] - Taking screenshot successfully
[[ATTACHMENT|C:\\Users\\AnusmitaKundu\\git\\threadShopify\\ThreadShopify\\Reports\\20241104_152933\\Threads\\New Test Suite\\20241104_152934\\screenshots/credit_card20241104160441/buy_now.png]]

04-11-2024T16:06:01 - [TEST_STEP][PASSED] - setText(findTestObject("Object Repository/Page_Checkout - Threads/input_Email or mobile phone number_email"), "1234567890"): Text '1234567890' is set on object 'Object Repository/Page_Checkout - Threads/input_Email or mobile phone number_email'

04-11-2024T16:06:18 - [MESSAGE][PASSED] - Text '1234567890' is set on object 'Object Repository/Page_Checkout - Threads/input_Email or mobile phone number_email'

04-11-2024T16:06:18 - [TEST_STEP][PASSED] - takeScreenshot(screenshotFolderPath + "enter_email.png"): Taking screenshot successfully

04-11-2024T16:06:18 - [MESSAGE][PASSED] - Taking screenshot successfully
[[ATTACHMENT|C:\\Users\\AnusmitaKundu\\git\\threadShopify\\ThreadShopify\\Reports\\20241104_152933\\Threads\\New Test Suite\\20241104_152934\\screenshots/credit_card20241104160441/enter_email.png]]

04-11-2024T16:06:18 - [TEST_STEP][PASSED] - click(findTestObject("Object Repository/Page_Checkout - Threads/input_Choose a delivery method_delivery_strategies")): Object: 'Object Repository/Page_Checkout - Threads/input_Choose a delivery method_delivery_strategies' is clicked on

04-11-2024T16:06:36 - [MESSAGE][PASSED] - Object: 'Object Repository/Page_Checkout - Threads/input_Choose a delivery method_delivery_strategies' is clicked on

04-11-2024T16:06:36 - [TEST_STEP][PASSED] - takeScreenshot(screenshotFolderPath + "delivery_method.png"): Taking screenshot successfully

04-11-2024T16:06:43 - [MESSAGE][PASSED] - Taking screenshot successfully
[[ATTACHMENT|C:\\Users\\AnusmitaKundu\\git\\threadShopify\\ThreadShopify\\Reports\\20241104_152933\\Threads\\New Test Suite\\20241104_152934\\screenshots/credit_card20241104160441/delivery_method.png]]

04-11-2024T16:06:43 - [TEST_STEP][PASSED] - setText(findTestObject("Object Repository/Page_Checkout - Threads/input_First name (optional)_firstName"), "John"): Text 'John' is set on object 'Object Repository/Page_Checkout - Threads/input_First name (optional)_firstName'

04-11-2024T16:07:03 - [MESSAGE][PASSED] - Text 'John' is set on object 'Object Repository/Page_Checkout - Threads/input_First name (optional)_firstName'

04-11-2024T16:07:03 - [TEST_STEP][PASSED] - setText(findTestObject("Object Repository/Page_Checkout - Threads/input_Last name_lastName"), "Cena"): Text 'Cena' is set on object 'Object Repository/Page_Checkout - Threads/input_Last name_lastName'

04-11-2024T16:07:11 - [MESSAGE][PASSED] - Text 'Cena' is set on object 'Object Repository/Page_Checkout - Threads/input_Last name_lastName'

04-11-2024T16:07:11 - [TEST_STEP][PASSED] - setText(findTestObject("Object Repository/Page_Checkout - Threads/input_Address_address1"), "ABC Street"): Text 'ABC Street' is set on object 'Object Repository/Page_Checkout - Threads/input_Address_address1'

04-11-2024T16:07:13 - [MESSAGE][PASSED] - Text 'ABC Street' is set on object 'Object Repository/Page_Checkout - Threads/input_Address_address1'

04-11-2024T16:07:13 - [TEST_STEP][PASSED] - setText(findTestObject("Object Repository/Page_Checkout - Threads/input_City_city"), "Kolkata"): Text 'Kolkata' is set on object 'Object Repository/Page_Checkout - Threads/input_City_city'

04-11-2024T16:07:14 - [MESSAGE][PASSED] - Text 'Kolkata' is set on object 'Object Repository/Page_Checkout - Threads/input_City_city'

04-11-2024T16:07:14 - [TEST_STEP][PASSED] - setText(findTestObject("Object Repository/Page_Checkout - Threads/input_PIN code_postalCode"), "700001"): Text '700001' is set on object 'Object Repository/Page_Checkout - Threads/input_PIN code_postalCode'

04-11-2024T16:07:15 - [MESSAGE][PASSED] - Text '700001' is set on object 'Object Repository/Page_Checkout - Threads/input_PIN code_postalCode'

04-11-2024T16:07:15 - [TEST_STEP][PASSED] - takeScreenshot(screenshotFolderPath + "customer_details.png"): Taking screenshot successfully

04-11-2024T16:07:16 - [MESSAGE][PASSED] - Taking screenshot successfully
[[ATTACHMENT|C:\\Users\\AnusmitaKundu\\git\\threadShopify\\ThreadShopify\\Reports\\20241104_152933\\Threads\\New Test Suite\\20241104_152934\\screenshots/credit_card20241104160441/customer_details.png]]

04-11-2024T16:07:16 - [TEST_STEP][FAILED] - setText(findTestObject("Object Repository/Page_Checkout - Threads/input_Card number_number (1)"), "3"): Unable to set text '3' of object 'Object Repository/Page_Checkout - Threads/input_Card number_number (1)' (Root cause: com.kms.katalon.core.exception.StepFailedException: Unable to set text '3' of object 'Object Repository/Page_Checkout - Threads/input_Card number_number (1)'
	at com.kms.katalon.core.webui.keyword.internal.WebUIKeywordMain.stepFailed(WebUIKeywordMain.groovy:117)
	at com.kms.katalon.core.webui.keyword.internal.WebUIKeywordMain.runKeyword(WebUIKeywordMain.groovy:43)
	at com.kms.katalon.core.webui.keyword.builtin.SetTextKeyword.setText(SetTextKeyword.groovy:85)
	at com.kms.katalon.core.webui.keyword.builtin.SetTextKeyword.execute(SetTextKeyword.groovy:39)
	at com.kms.katalon.core.keyword.internal.KeywordExecutor.executeKeywordForPlatform(KeywordExecutor.groovy:74)
	at com.kms.katalon.core.webui.keyword.WebUiBuiltInKeywords.setText(WebUiBuiltInKeywords.groovy:1019)
	at TC-308,307-Verify the Credit Card details.run(TC-308,307-Verify the Credit Card details:63)
	at com.kms.katalon.core.main.ScriptEngine.run(ScriptEngine.java:194)
	at com.kms.katalon.core.main.ScriptEngine.runScriptAsRawText(ScriptEngine.java:119)
	at com.kms.katalon.core.main.TestCaseExecutor.runScript(TestCaseExecutor.java:448)
	at com.kms.katalon.core.main.TestCaseExecutor.doExecute(TestCaseExecutor.java:439)
	at com.kms.katalon.core.main.TestCaseExecutor.processExecutionPhase(TestCaseExecutor.java:418)
	at com.kms.katalon.core.main.TestCaseExecutor.accessMainPhase(TestCaseExecutor.java:410)
	at com.kms.katalon.core.main.TestCaseExecutor.execute(TestCaseExecutor.java:285)
	at com.kms.katalon.core.main.TestCaseExecutor.execute(TestCaseExecutor.java:369)
	at com.kms.katalon.core.main.TestCaseExecutor.execute(TestCaseExecutor.java:369)
	at com.kms.katalon.core.main.TestCaseExecutor.execute(TestCaseExecutor.java:369)
	at com.kms.katalon.core.common.CommonExecutor.accessTestCaseMainPhase(CommonExecutor.java:65)
	at com.kms.katalon.core.main.TestSuiteExecutor.accessTestSuiteMainPhase(TestSuiteExecutor.java:150)
	at com.kms.katalon.core.main.TestSuiteExecutor.execute(TestSuiteExecutor.java:106)
	at com.kms.katalon.core.main.TestCaseMain.startTestSuite(TestCaseMain.java:180)
	at TempTestSuite1730714374878.run(TempTestSuite1730714374878.groovy:35)
	at java.base/jdk.internal.reflect.NativeMethodAccessorImpl.invoke0(Native Method)
	at java.base/jdk.internal.reflect.NativeMethodAccessorImpl.invoke(NativeMethodAccessorImpl.java:77)
	at java.base/jdk.internal.reflect.DelegatingMethodAccessorImpl.invoke(DelegatingMethodAccessorImpl.java:43)
Caused by: com.kms.katalon.core.webui.exception.WebElementNotFoundException: Web element with id: 'Object Repository/Page_Checkout - Threads/input_Card number_number (1)' located by '/html/body/form/div/input' not found
	at com.kms.katalon.core.webui.common.WebUiCommonHelper.findWebElement(WebUiCommonHelper.java:1419)
	at com.kms.katalon.core.webui.keyword.internal.WebUIAbstractKeyword.findWebElement(WebUIAbstractKeyword.groovy:27)
	at com.kms.katalon.core.webui.keyword.internal.WebUIAbstractKeyword.findWebElement(WebUIAbstractKeyword.groovy:26)
	at com.kms.katalon.core.webui.keyword.builtin.SetTextKeyword$_setText_closure1.doCall(SetTextKeyword.groovy:53)
	at com.kms.katalon.core.webui.keyword.builtin.SetTextKeyword$_setText_closure1.call(SetTextKeyword.groovy)
	at com.kms.katalon.core.webui.keyword.internal.WebUIKeywordMain.runKeyword(WebUIKeywordMain.groovy:35)
	at com.kms.katalon.core.webui.keyword.builtin.SetTextKeyword.setText(SetTextKeyword.groovy:85)
	at com.kms.katalon.core.webui.keyword.builtin.SetTextKeyword.execute(SetTextKeyword.groovy:39)
	at com.kms.katalon.core.keyword.internal.KeywordExecutor.executeKeywordForPlatform(KeywordExecutor.groovy:74)
	at com.kms.katalon.core.webui.keyword.WebUiBuiltInKeywords.setText(WebUiBuiltInKeywords.groovy:1019)
	at Script1730288487794.run(Script1730288487794.groovy:63)
	... 18 more
)

04-11-2024T16:07:47 - [MESSAGE][INFO] - Unable to find the element located by 'By.xpath: //iframe[@id='card-fields-number-lcd5o9hn76k00000']'. Please recheck the objects properties to make sure the desired element is located. 

04-11-2024T16:07:47 - [MESSAGE][WARNING] - [SELF-HEALING] Failed to find element with id 'Object Repository/Page_Checkout - Threads/iframe_Card number_card-fields-number-lcd5o_0c6f78'. Try using Self-healing.

04-11-2024T16:07:47 - [MESSAGE][ERROR] - [SELF-HEALING] com.google.gson.stream.MalformedJsonException: Expected ':' at line 5 column 10 path $.brokenTestObjects[0].<<<<<<<

04-11-2024T16:07:48 - [MESSAGE][INFO] - [SELF-HEALING] Failed Locator: '//iframe[@id='card-fields-number-lcd5o9hn76k00000']'.

04-11-2024T16:07:48 - [MESSAGE][INFO] - [SELF-HEALING] Failed Locator: '//div[@id='number']/iframe'.

04-11-2024T16:07:48 - [MESSAGE][INFO] - [SELF-HEALING] Working Locator: '//iframe'.

04-11-2024T16:07:48 - [MESSAGE][INFO] - [SELF-HEALING] Screenshot: C:/Users/AnusmitaKundu/git/threadShopify/ThreadShopify/Reports/Self-healing/Object Repository/Page_Checkout - Threads/iframe_Card number_card-fields-number-lcd5o_0c6f78_position.png

04-11-2024T16:07:48 - [MESSAGE][ERROR] - [SELF-HEALING] com.google.gson.stream.MalformedJsonException: Expected ':' at line 5 column 10 path $.brokenTestObjects[0].<<<<<<<

04-11-2024T16:07:48 - [MESSAGE][ERROR] - [SELF-HEALING] C:\Users\AnusmitaKundu\git\threadShopify\ThreadShopify\Reports\Self-healing\broken-test-objects-v2.json does not exist or is provided by Self-healing Plugin!

04-11-2024T16:07:48 - [MESSAGE][WARNING] - [SELF-HEALING] The current locator of test object 'Object Repository/Page_Checkout - Threads/iframe_Card number_card-fields-number-lcd5o_0c6f78' was broken. Propose an alternative one: '//iframe'.

04-11-2024T16:08:19 - [MESSAGE][INFO] - Unable to find the element located by 'By.xpath: /html/body/form/div/input'. Please recheck the objects properties to make sure the desired element is located. 

04-11-2024T16:08:19 - [MESSAGE][WARNING] - [SELF-HEALING] Failed to find element with id 'Object Repository/Page_Checkout - Threads/input_Card number_number (1)'. Try using Self-healing.

04-11-2024T16:08:19 - [MESSAGE][ERROR] - [SELF-HEALING] com.google.gson.stream.MalformedJsonException: Expected ':' at line 5 column 10 path $.brokenTestObjects[0].<<<<<<<

04-11-2024T16:08:19 - [MESSAGE][INFO] - [SELF-HEALING] Failed Locator: '//input[@id='number']'.

04-11-2024T16:08:19 - [MESSAGE][INFO] - [SELF-HEALING] Failed Locator: '//input'.

04-11-2024T16:08:20 - [MESSAGE][INFO] - [SELF-HEALING] Failed Locator: '//input[@id = 'number' and @name = 'number' and @type = 'text' and @placeholder = 'Card number']'.

04-11-2024T16:08:20 - [MESSAGE][INFO] - [SELF-HEALING] Failed Locator: '//input[@id='number']'.

04-11-2024T16:08:20 - [MESSAGE][INFO] - [SELF-HEALING] Failed Locator: '//input'.

04-11-2024T16:08:20 - [MESSAGE][INFO] - [SELF-HEALING] Failed Locator: '//input[@id = 'number' and @name = 'number' and @type = 'text' and @placeholder = 'Card number']'.

04-11-2024T16:08:20 - [MESSAGE][INFO] - [SELF-HEALING] Failed Locator: '//input[@id='number']'.

04-11-2024T16:08:20 - [MESSAGE][INFO] - [SELF-HEALING] Failed Locator: '//input'.

04-11-2024T16:08:20 - [MESSAGE][INFO] - [SELF-HEALING] Failed Locator: '//input[@id = 'number' and @name = 'number' and @type = 'text' and @placeholder = 'Card number']'.

04-11-2024T16:08:20 - [MESSAGE][INFO] - [SELF-HEALING] Failed Locator: '//input[@id='number']'.

04-11-2024T16:08:20 - [MESSAGE][INFO] - [SELF-HEALING] Failed Locator: '//input'.

04-11-2024T16:08:20 - [MESSAGE][INFO] - [SELF-HEALING] Failed Locator: '//input[@id = 'number' and @name = 'number' and @type = 'text' and @placeholder = 'Card number']'.

04-11-2024T16:08:20 - [MESSAGE][INFO] - [SELF-HEALING] Failed Locator: '//input[@id='number']'.

04-11-2024T16:08:20 - [MESSAGE][INFO] - [SELF-HEALING] Failed Locator: '//input'.

04-11-2024T16:08:20 - [MESSAGE][INFO] - [SELF-HEALING] Failed Locator: '//input[@id = 'number' and @name = 'number' and @type = 'text' and @placeholder = 'Card number']'.

04-11-2024T16:08:20 - [MESSAGE][INFO] - [SELF-HEALING] Failed Locator: '//input[@id='number']'.

04-11-2024T16:08:20 - [MESSAGE][INFO] - [SELF-HEALING] Failed Locator: '//input'.

04-11-2024T16:08:20 - [MESSAGE][INFO] - [SELF-HEALING] Failed Locator: '//input[@id = 'number' and @name = 'number' and @type = 'text' and @placeholder = 'Card number']'.

04-11-2024T16:08:20 - [MESSAGE][INFO] - [SELF-HEALING] Failed Locator: '//input[@id='number']'.

04-11-2024T16:08:20 - [MESSAGE][INFO] - [SELF-HEALING] Failed Locator: '//input'.

04-11-2024T16:08:20 - [MESSAGE][INFO] - [SELF-HEALING] Failed Locator: '//input[@id = 'number' and @name = 'number' and @type = 'text' and @placeholder = 'Card number']'.

04-11-2024T16:08:20 - [MESSAGE][INFO] - [SELF-HEALING] Failed Locator: '//input[@id='number']'.

04-11-2024T16:08:20 - [MESSAGE][INFO] - [SELF-HEALING] Failed Locator: '//input'.

04-11-2024T16:08:20 - [MESSAGE][INFO] - [SELF-HEALING] Failed Locator: '//input[@id = 'number' and @name = 'number' and @type = 'text' and @placeholder = 'Card number']'.

04-11-2024T16:08:20 - [MESSAGE][INFO] - [SELF-HEALING] Failed Locator: '//input[@id='number']'.

04-11-2024T16:08:20 - [MESSAGE][INFO] - [SELF-HEALING] Failed Locator: '//input'.

04-11-2024T16:08:20 - [MESSAGE][INFO] - [SELF-HEALING] Failed Locator: '//input[@id = 'number' and @name = 'number' and @type = 'text' and @placeholder = 'Card number']'.

04-11-2024T16:08:20 - [MESSAGE][INFO] - [SELF-HEALING] Failed Locator: '//input[@id='number']'.

04-11-2024T16:08:20 - [MESSAGE][INFO] - [SELF-HEALING] Failed Locator: '//input'.

04-11-2024T16:08:21 - [MESSAGE][INFO] - [SELF-HEALING] Failed Locator: '//input[@id = 'number' and @name = 'number' and @type = 'text' and @placeholder = 'Card number']'.

04-11-2024T16:08:23 - [MESSAGE][INFO] - Unable to find the element located by 'By.xpath: //*[@id = 'number' and @name = 'number' and @type = 'text' and @placeholder = 'Card number']'. Please recheck the objects properties to make sure the desired element is located. 

04-11-2024T16:08:24 - [MESSAGE][INFO] - Unable to find the element located by 'By.cssSelector: #number'. Please recheck the objects properties to make sure the desired element is located. 

04-11-2024T16:08:24 - [MESSAGE][FAILED] - Unable to set text '3' of object 'Object Repository/Page_Checkout - Threads/input_Card number_number (1)' (Root cause: com.kms.katalon.core.exception.StepFailedException: Unable to set text '3' of object 'Object Repository/Page_Checkout - Threads/input_Card number_number (1)'
	at com.kms.katalon.core.webui.keyword.internal.WebUIKeywordMain.stepFailed(WebUIKeywordMain.groovy:117)
	at com.kms.katalon.core.webui.keyword.internal.WebUIKeywordMain.runKeyword(WebUIKeywordMain.groovy:43)
	at com.kms.katalon.core.webui.keyword.builtin.SetTextKeyword.setText(SetTextKeyword.groovy:85)
	at com.kms.katalon.core.webui.keyword.builtin.SetTextKeyword.execute(SetTextKeyword.groovy:39)
	at com.kms.katalon.core.keyword.internal.KeywordExecutor.executeKeywordForPlatform(KeywordExecutor.groovy:74)
	at com.kms.katalon.core.webui.keyword.WebUiBuiltInKeywords.setText(WebUiBuiltInKeywords.groovy:1019)
	at TC-308,307-Verify the Credit Card details.run(TC-308,307-Verify the Credit Card details:63)
	at com.kms.katalon.core.main.ScriptEngine.run(ScriptEngine.java:194)
	at com.kms.katalon.core.main.ScriptEngine.runScriptAsRawText(ScriptEngine.java:119)
	at com.kms.katalon.core.main.TestCaseExecutor.runScript(TestCaseExecutor.java:448)
	at com.kms.katalon.core.main.TestCaseExecutor.doExecute(TestCaseExecutor.java:439)
	at com.kms.katalon.core.main.TestCaseExecutor.processExecutionPhase(TestCaseExecutor.java:418)
	at com.kms.katalon.core.main.TestCaseExecutor.accessMainPhase(TestCaseExecutor.java:410)
	at com.kms.katalon.core.main.TestCaseExecutor.execute(TestCaseExecutor.java:285)
	at com.kms.katalon.core.main.TestCaseExecutor.execute(TestCaseExecutor.java:369)
	at com.kms.katalon.core.main.TestCaseExecutor.execute(TestCaseExecutor.java:369)
	at com.kms.katalon.core.main.TestCaseExecutor.execute(TestCaseExecutor.java:369)
	at com.kms.katalon.core.common.CommonExecutor.accessTestCaseMainPhase(CommonExecutor.java:65)
	at com.kms.katalon.core.main.TestSuiteExecutor.accessTestSuiteMainPhase(TestSuiteExecutor.java:150)
	at com.kms.katalon.core.main.TestSuiteExecutor.execute(TestSuiteExecutor.java:106)
	at com.kms.katalon.core.main.TestCaseMain.startTestSuite(TestCaseMain.java:180)
	at TempTestSuite1730714374878.run(TempTestSuite1730714374878.groovy:35)
	at java.base/jdk.internal.reflect.NativeMethodAccessorImpl.invoke0(Native Method)
	at java.base/jdk.internal.reflect.NativeMethodAccessorImpl.invoke(NativeMethodAccessorImpl.java:77)
	at java.base/jdk.internal.reflect.DelegatingMethodAccessorImpl.invoke(DelegatingMethodAccessorImpl.java:43)
Caused by: com.kms.katalon.core.webui.exception.WebElementNotFoundException: Web element with id: 'Object Repository/Page_Checkout - Threads/input_Card number_number (1)' located by '/html/body/form/div/input' not found
	at com.kms.katalon.core.webui.common.WebUiCommonHelper.findWebElement(WebUiCommonHelper.java:1419)
	at com.kms.katalon.core.webui.keyword.internal.WebUIAbstractKeyword.findWebElement(WebUIAbstractKeyword.groovy:27)
	at com.kms.katalon.core.webui.keyword.internal.WebUIAbstractKeyword.findWebElement(WebUIAbstractKeyword.groovy:26)
	at com.kms.katalon.core.webui.keyword.builtin.SetTextKeyword$_setText_closure1.doCall(SetTextKeyword.groovy:53)
	at com.kms.katalon.core.webui.keyword.builtin.SetTextKeyword$_setText_closure1.call(SetTextKeyword.groovy)
	at com.kms.katalon.core.webui.keyword.internal.WebUIKeywordMain.runKeyword(WebUIKeywordMain.groovy:35)
	at com.kms.katalon.core.webui.keyword.builtin.SetTextKeyword.setText(SetTextKeyword.groovy:85)
	at com.kms.katalon.core.webui.keyword.builtin.SetTextKeyword.execute(SetTextKeyword.groovy:39)
	at com.kms.katalon.core.keyword.internal.KeywordExecutor.executeKeywordForPlatform(KeywordExecutor.groovy:74)
	at com.kms.katalon.core.webui.keyword.WebUiBuiltInKeywords.setText(WebUiBuiltInKeywords.groovy:1019)
	at Script1730288487794.run(Script1730288487794.groovy:63)
	... 18 more
)]]></system-out>
         <system-err><![CDATA[04-11-2024T16:04:41 - [TEST_CASE][FAILED] - Test Cases/Threads_Webshop/7 My Account/TC-308,307-Verify the Credit Card details: Test Cases/Threads_Webshop/7 My Account/TC-308,307-Verify the Credit Card details FAILED.
Reason:
com.kms.katalon.core.exception.StepFailedException: Unable to set text '3' of object 'Object Repository/Page_Checkout - Threads/input_Card number_number (1)'
	at com.kms.katalon.core.webui.keyword.internal.WebUIKeywordMain.stepFailed(WebUIKeywordMain.groovy:117)
	at com.kms.katalon.core.webui.keyword.internal.WebUIKeywordMain.runKeyword(WebUIKeywordMain.groovy:43)
	at com.kms.katalon.core.webui.keyword.builtin.SetTextKeyword.setText(SetTextKeyword.groovy:85)
	at com.kms.katalon.core.webui.keyword.builtin.SetTextKeyword.execute(SetTextKeyword.groovy:39)
	at com.kms.katalon.core.keyword.internal.KeywordExecutor.executeKeywordForPlatform(KeywordExecutor.groovy:74)
	at com.kms.katalon.core.webui.keyword.WebUiBuiltInKeywords.setText(WebUiBuiltInKeywords.groovy:1019)
	at TC-308,307-Verify the Credit Card details.run(TC-308,307-Verify the Credit Card details:63)
	at com.kms.katalon.core.main.ScriptEngine.run(ScriptEngine.java:194)
	at com.kms.katalon.core.main.ScriptEngine.runScriptAsRawText(ScriptEngine.java:119)
	at com.kms.katalon.core.main.TestCaseExecutor.runScript(TestCaseExecutor.java:448)
	at com.kms.katalon.core.main.TestCaseExecutor.doExecute(TestCaseExecutor.java:439)
	at com.kms.katalon.core.main.TestCaseExecutor.processExecutionPhase(TestCaseExecutor.java:418)
	at com.kms.katalon.core.main.TestCaseExecutor.accessMainPhase(TestCaseExecutor.java:410)
	at com.kms.katalon.core.main.TestCaseExecutor.execute(TestCaseExecutor.java:285)
	at com.kms.katalon.core.main.TestCaseExecutor.execute(TestCaseExecutor.java:369)
	at com.kms.katalon.core.main.TestCaseExecutor.execute(TestCaseExecutor.java:369)
	at com.kms.katalon.core.main.TestCaseExecutor.execute(TestCaseExecutor.java:369)
	at com.kms.katalon.core.common.CommonExecutor.accessTestCaseMainPhase(CommonExecutor.java:65)
	at com.kms.katalon.core.main.TestSuiteExecutor.accessTestSuiteMainPhase(TestSuiteExecutor.java:150)
	at com.kms.katalon.core.main.TestSuiteExecutor.execute(TestSuiteExecutor.java:106)
	at com.kms.katalon.core.main.TestCaseMain.startTestSuite(TestCaseMain.java:180)
	at TempTestSuite1730714374878.run(TempTestSuite1730714374878.groovy:35)
	at java.base/jdk.internal.reflect.NativeMethodAccessorImpl.invoke0(Native Method)
	at java.base/jdk.internal.reflect.NativeMethodAccessorImpl.invoke(NativeMethodAccessorImpl.java:77)
	at java.base/jdk.internal.reflect.DelegatingMethodAccessorImpl.invoke(DelegatingMethodAccessorImpl.java:43)
Caused by: com.kms.katalon.core.webui.exception.WebElementNotFoundException: Web element with id: 'Object Repository/Page_Checkout - Threads/input_Card number_number (1)' located by '/html/body/form/div/input' not found
	at com.kms.katalon.core.webui.common.WebUiCommonHelper.findWebElement(WebUiCommonHelper.java:1419)
	at com.kms.katalon.core.webui.keyword.internal.WebUIAbstractKeyword.findWebElement(WebUIAbstractKeyword.groovy:27)
	at com.kms.katalon.core.webui.keyword.internal.WebUIAbstractKeyword.findWebElement(WebUIAbstractKeyword.groovy:26)
	at com.kms.katalon.core.webui.keyword.builtin.SetTextKeyword$_setText_closure1.doCall(SetTextKeyword.groovy:53)
	at com.kms.katalon.core.webui.keyword.builtin.SetTextKeyword$_setText_closure1.call(SetTextKeyword.groovy)
	at com.kms.katalon.core.webui.keyword.internal.WebUIKeywordMain.runKeyword(WebUIKeywordMain.groovy:35)
	... 23 more]]></system-err>
      </testcase>
      <system-out><![CDATA[04-11-2024T15:29:38 - [TEST_SUITE][FAILED] - New Test Suite: Test Cases/Threads_Webshop/5 Shopping Cart/TC-309-Verify Promo code FAILED.
Reason:
com.kms.katalon.core.exception.StepFailedException: Unable to click on object 'Object Repository/Shopping cart_An/PROMO CODE/Page_CONVERSE  CHUCK TAYLOR ALL STAR LO  Threads/a_View cart (1)'
	at com.kms.katalon.core.webui.keyword.internal.WebUIKeywordMain.stepFailed(WebUIKeywordMain.groovy:117)
	at com.kms.katalon.core.webui.keyword.internal.WebUIKeywordMain.runKeyword(WebUIKeywordMain.groovy:43)
	at com.kms.katalon.core.webui.keyword.builtin.ClickKeyword.click(ClickKeyword.groovy:74)
	at com.kms.katalon.core.webui.keyword.builtin.ClickKeyword.execute(ClickKeyword.groovy:40)
	at com.kms.katalon.core.keyword.internal.KeywordExecutor.executeKeywordForPlatform(KeywordExecutor.groovy:74)
	at com.kms.katalon.core.webui.keyword.WebUiBuiltInKeywords.click(WebUiBuiltInKeywords.groovy:659)
	at TC-309-Verify Promo code.run(TC-309-Verify Promo code:58)
	at com.kms.katalon.core.main.ScriptEngine.run(ScriptEngine.java:194)
	at com.kms.katalon.core.main.ScriptEngine.runScriptAsRawText(ScriptEngine.java:119)
	at com.kms.katalon.core.main.TestCaseExecutor.runScript(TestCaseExecutor.java:448)
	at com.kms.katalon.core.main.TestCaseExecutor.doExecute(TestCaseExecutor.java:439)
	at com.kms.katalon.core.main.TestCaseExecutor.processExecutionPhase(TestCaseExecutor.java:418)
	at com.kms.katalon.core.main.TestCaseExecutor.accessMainPhase(TestCaseExecutor.java:410)
	at com.kms.katalon.core.main.TestCaseExecutor.execute(TestCaseExecutor.java:285)
	at com.kms.katalon.core.common.CommonExecutor.accessTestCaseMainPhase(CommonExecutor.java:65)
	at com.kms.katalon.core.main.TestSuiteExecutor.accessTestSuiteMainPhase(TestSuiteExecutor.java:150)
	at com.kms.katalon.core.main.TestSuiteExecutor.execute(TestSuiteExecutor.java:106)
	at com.kms.katalon.core.main.TestCaseMain.startTestSuite(TestCaseMain.java:180)
	at TempTestSuite1730714374878.run(TempTestSuite1730714374878.groovy:35)
	at java.base/jdk.internal.reflect.NativeMethodAccessorImpl.invoke0(Native Method)
	at java.base/jdk.internal.reflect.NativeMethodAccessorImpl.invoke(NativeMethodAccessorImpl.java:77)
	at java.base/jdk.internal.reflect.DelegatingMethodAccessorImpl.invoke(DelegatingMethodAccessorImpl.java:43)
Caused by: org.openqa.selenium.ElementNotInteractableException: element not interactable
  (Session info: chrome=130.0.6723.70)
Build info: version: '3.141.59', revision: 'unknown', time: 'unknown'
System info: host: 'PSDLAP361', ip: '192.168.1.200', os.name: 'Windows 11', os.arch: 'amd64', os.version: '10.0', java.version: '17.0.7'
Driver info: com.kms.katalon.selenium.driver.CChromeDriver
Capabilities {acceptInsecureCerts: false, browserName: chrome, browserVersion: 130.0.6723.70, chrome: {chromedriverVersion: 130.0.6723.69 (3ec172b971b9..., userDataDir: C:\Users\ANUSMI~1\AppData\L...}, fedcm:accounts: true, goog:chromeOptions: {debuggerAddress: localhost:58990}, javascriptEnabled: true, networkConnectionEnabled: false, pageLoadStrategy: normal, platform: WINDOWS, platformName: WINDOWS, proxy: Proxy(), setWindowRect: true, strictFileInteractability: false, timeouts: {implicit: 0, pageLoad: 300000, script: 30000}, unhandledPromptBehavior: dismiss and notify, webauthn:extension:credBlob: true, webauthn:extension:largeBlob: true, webauthn:extension:minPinLength: true, webauthn:extension:prf: true, webauthn:virtualAuthenticators: true}
Session ID: f0ee223d2cf881d49dd2d3ab7fe5711c
	at java.base/jdk.internal.reflect.NativeConstructorAccessorImpl.newInstance0(Native Method)
	at java.base/jdk.internal.reflect.NativeConstructorAccessorImpl.newInstance(NativeConstructorAccessorImpl.java:77)
	at java.base/jdk.internal.reflect.DelegatingConstructorAccessorImpl.newInstance(DelegatingConstructorAccessorImpl.java:45)
	at org.openqa.selenium.remote.http.W3CHttpResponseCodec.createException(W3CHttpResponseCodec.java:187)
	at org.openqa.selenium.remote.http.W3CHttpResponseCodec.decode(W3CHttpResponseCodec.java:122)
	at org.openqa.selenium.remote.http.W3CHttpResponseCodec.decode(W3CHttpResponseCodec.java:49)
	at org.openqa.selenium.remote.HttpCommandExecutor.execute(HttpCommandExecutor.java:158)
	at org.openqa.selenium.remote.service.DriverCommandExecutor.execute(DriverCommandExecutor.java:83)
	at org.openqa.selenium.remote.RemoteWebDriver.execute(RemoteWebDriver.java:552)
	at com.kms.katalon.selenium.driver.CChromeDriver.execute(CChromeDriver.java:19)
	at org.openqa.selenium.remote.RemoteWebElement.execute(RemoteWebElement.java:285)
	at org.openqa.selenium.remote.RemoteWebElement.click(RemoteWebElement.java:84)
	at jdk.internal.reflect.GeneratedMethodAccessor12.invoke(Unknown Source)
	at java.base/jdk.internal.reflect.DelegatingMethodAccessorImpl.invoke(DelegatingMethodAccessorImpl.java:43)
	at org.openqa.selenium.support.events.EventFiringWebDriver$EventFiringWebElement.lambda$new$0(EventFiringWebDriver.java:404)
	at jdk.proxy2/jdk.proxy2.$Proxy21.click(Unknown Source)
	at org.openqa.selenium.support.events.EventFiringWebDriver$EventFiringWebElement.click(EventFiringWebDriver.java:417)
	at org.openqa.selenium.WebElement$click.call(Unknown Source)
	at com.kms.katalon.core.webui.keyword.builtin.ClickKeyword.clickUntilSuccessWithTimeout(ClickKeyword.groovy:81)
	at com.kms.katalon.core.webui.keyword.builtin.ClickKeyword.clickUntilSuccessWithTimeout(ClickKeyword.groovy)
	at jdk.internal.reflect.GeneratedMethodAccessor16.invoke(Unknown Source)
	at java.base/jdk.internal.reflect.DelegatingMethodAccessorImpl.invoke(DelegatingMethodAccessorImpl.java:43)
	at com.kms.katalon.core.webui.keyword.builtin.ClickKeyword$_click_closure1.doCall(ClickKeyword.groovy:67)
	at com.kms.katalon.core.webui.keyword.builtin.ClickKeyword$_click_closure1.call(ClickKeyword.groovy)
	at com.kms.katalon.core.webui.keyword.internal.WebUIKeywordMain.runKeyword(WebUIKeywordMain.groovy:35)
	... 20 more]]></system-out>
      <system-err><![CDATA[04-11-2024T15:29:38 - [TEST_SUITE][FAILED] - New Test Suite: Test Cases/Threads_Webshop/5 Shopping Cart/TC-309-Verify Promo code FAILED.
Reason:
com.kms.katalon.core.exception.StepFailedException: Unable to click on object 'Object Repository/Shopping cart_An/PROMO CODE/Page_CONVERSE  CHUCK TAYLOR ALL STAR LO  Threads/a_View cart (1)'
	at com.kms.katalon.core.webui.keyword.internal.WebUIKeywordMain.stepFailed(WebUIKeywordMain.groovy:117)
	at com.kms.katalon.core.webui.keyword.internal.WebUIKeywordMain.runKeyword(WebUIKeywordMain.groovy:43)
	at com.kms.katalon.core.webui.keyword.builtin.ClickKeyword.click(ClickKeyword.groovy:74)
	at com.kms.katalon.core.webui.keyword.builtin.ClickKeyword.execute(ClickKeyword.groovy:40)
	at com.kms.katalon.core.keyword.internal.KeywordExecutor.executeKeywordForPlatform(KeywordExecutor.groovy:74)
	at com.kms.katalon.core.webui.keyword.WebUiBuiltInKeywords.click(WebUiBuiltInKeywords.groovy:659)
	at TC-309-Verify Promo code.run(TC-309-Verify Promo code:58)
	at com.kms.katalon.core.main.ScriptEngine.run(ScriptEngine.java:194)
	at com.kms.katalon.core.main.ScriptEngine.runScriptAsRawText(ScriptEngine.java:119)
	at com.kms.katalon.core.main.TestCaseExecutor.runScript(TestCaseExecutor.java:448)
	at com.kms.katalon.core.main.TestCaseExecutor.doExecute(TestCaseExecutor.java:439)
	at com.kms.katalon.core.main.TestCaseExecutor.processExecutionPhase(TestCaseExecutor.java:418)
	at com.kms.katalon.core.main.TestCaseExecutor.accessMainPhase(TestCaseExecutor.java:410)
	at com.kms.katalon.core.main.TestCaseExecutor.execute(TestCaseExecutor.java:285)
	at com.kms.katalon.core.common.CommonExecutor.accessTestCaseMainPhase(CommonExecutor.java:65)
	at com.kms.katalon.core.main.TestSuiteExecutor.accessTestSuiteMainPhase(TestSuiteExecutor.java:150)
	at com.kms.katalon.core.main.TestSuiteExecutor.execute(TestSuiteExecutor.java:106)
	at com.kms.katalon.core.main.TestCaseMain.startTestSuite(TestCaseMain.java:180)
	at TempTestSuite1730714374878.run(TempTestSuite1730714374878.groovy:35)
	at java.base/jdk.internal.reflect.NativeMethodAccessorImpl.invoke0(Native Method)
	at java.base/jdk.internal.reflect.NativeMethodAccessorImpl.invoke(NativeMethodAccessorImpl.java:77)
	at java.base/jdk.internal.reflect.DelegatingMethodAccessorImpl.invoke(DelegatingMethodAccessorImpl.java:43)
Caused by: org.openqa.selenium.ElementNotInteractableException: element not interactable
  (Session info: chrome=130.0.6723.70)
Build info: version: '3.141.59', revision: 'unknown', time: 'unknown'
System info: host: 'PSDLAP361', ip: '192.168.1.200', os.name: 'Windows 11', os.arch: 'amd64', os.version: '10.0', java.version: '17.0.7'
Driver info: com.kms.katalon.selenium.driver.CChromeDriver
Capabilities {acceptInsecureCerts: false, browserName: chrome, browserVersion: 130.0.6723.70, chrome: {chromedriverVersion: 130.0.6723.69 (3ec172b971b9..., userDataDir: C:\Users\ANUSMI~1\AppData\L...}, fedcm:accounts: true, goog:chromeOptions: {debuggerAddress: localhost:58990}, javascriptEnabled: true, networkConnectionEnabled: false, pageLoadStrategy: normal, platform: WINDOWS, platformName: WINDOWS, proxy: Proxy(), setWindowRect: true, strictFileInteractability: false, timeouts: {implicit: 0, pageLoad: 300000, script: 30000}, unhandledPromptBehavior: dismiss and notify, webauthn:extension:credBlob: true, webauthn:extension:largeBlob: true, webauthn:extension:minPinLength: true, webauthn:extension:prf: true, webauthn:virtualAuthenticators: true}
Session ID: f0ee223d2cf881d49dd2d3ab7fe5711c
	at java.base/jdk.internal.reflect.NativeConstructorAccessorImpl.newInstance0(Native Method)
	at java.base/jdk.internal.reflect.NativeConstructorAccessorImpl.newInstance(NativeConstructorAccessorImpl.java:77)
	at java.base/jdk.internal.reflect.DelegatingConstructorAccessorImpl.newInstance(DelegatingConstructorAccessorImpl.java:45)
	at org.openqa.selenium.remote.http.W3CHttpResponseCodec.createException(W3CHttpResponseCodec.java:187)
	at org.openqa.selenium.remote.http.W3CHttpResponseCodec.decode(W3CHttpResponseCodec.java:122)
	at org.openqa.selenium.remote.http.W3CHttpResponseCodec.decode(W3CHttpResponseCodec.java:49)
	at org.openqa.selenium.remote.HttpCommandExecutor.execute(HttpCommandExecutor.java:158)
	at org.openqa.selenium.remote.service.DriverCommandExecutor.execute(DriverCommandExecutor.java:83)
	at org.openqa.selenium.remote.RemoteWebDriver.execute(RemoteWebDriver.java:552)
	at com.kms.katalon.selenium.driver.CChromeDriver.execute(CChromeDriver.java:19)
	at org.openqa.selenium.remote.RemoteWebElement.execute(RemoteWebElement.java:285)
	at org.openqa.selenium.remote.RemoteWebElement.click(RemoteWebElement.java:84)
	at jdk.internal.reflect.GeneratedMethodAccessor12.invoke(Unknown Source)
	at java.base/jdk.internal.reflect.DelegatingMethodAccessorImpl.invoke(DelegatingMethodAccessorImpl.java:43)
	at org.openqa.selenium.support.events.EventFiringWebDriver$EventFiringWebElement.lambda$new$0(EventFiringWebDriver.java:404)
	at jdk.proxy2/jdk.proxy2.$Proxy21.click(Unknown Source)
	at org.openqa.selenium.support.events.EventFiringWebDriver$EventFiringWebElement.click(EventFiringWebDriver.java:417)
	at org.openqa.selenium.WebElement$click.call(Unknown Source)
	at com.kms.katalon.core.webui.keyword.builtin.ClickKeyword.clickUntilSuccessWithTimeout(ClickKeyword.groovy:81)
	at com.kms.katalon.core.webui.keyword.builtin.ClickKeyword.clickUntilSuccessWithTimeout(ClickKeyword.groovy)
	at jdk.internal.reflect.GeneratedMethodAccessor16.invoke(Unknown Source)
	at java.base/jdk.internal.reflect.DelegatingMethodAccessorImpl.invoke(DelegatingMethodAccessorImpl.java:43)
	at com.kms.katalon.core.webui.keyword.builtin.ClickKeyword$_click_closure1.doCall(ClickKeyword.groovy:67)
	at com.kms.katalon.core.webui.keyword.builtin.ClickKeyword$_click_closure1.call(ClickKeyword.groovy)
	at com.kms.katalon.core.webui.keyword.internal.WebUIKeywordMain.runKeyword(WebUIKeywordMain.groovy:35)
	... 20 more]]></system-err>
   </testsuite>
</testsuites>
